starting sampling in reciprocal space....
finished sampling in reciprocal space....t= 0.05279994010925293  s
919 numer of sampling lattice points
taking 0 umklapps
hbvf is .. 2.3382685902179845
q is... 0.07676251561000431
hvkd is... 0.17949137915699082
kappa is.. 0.3
alpha is.. 0.5849863123964439
the twist angle is .. 0.01832595714594046
phonon params 262026856138636.84
phonon params upsilon 3.2753357017329604e+16
area ratio 0.0003358313063384534 0.0003358313063384533
correct factor by which the interaction is reduced 77.17104983428196
c tilde 1643.2385314028643
starting sampling in reciprocal space....
finished sampling in reciprocal space....t= 0.5625782012939453  s
starting sampling in reciprocal space....
finished sampling in reciprocal space....t= 0.5664327144622803  s
starting dispersion ..........
time to diag over MBZ 2835.6031272411346
saving  ..........
number of bands in density of states calculation, 2
sum of the hist, normed? 7.9999999999998765
CHEMICAL POTENTIAL AND FILLING 0.0 0.0
starting sampling in reciprocal space....
finished sampling in reciprocal space....t= 0.053611040115356445  s
starting sampling in reciprocal space....
finished sampling in reciprocal space....t= 0.053498268127441406  s
starting dispersion ..........
time to diag over MBZ 258.6491777896881
starting sampling in reciprocal space....
finished sampling in reciprocal space....t= 0.05300092697143555  s
(6433, 564, 2) (919, 564, 2) (6433,)
starting sampling in reciprocal space....
finished sampling in reciprocal space....t= 0.052771568298339844  s
(6433, 564, 2) (919, 564, 2) (6433,)
calculating tensor that stores the overlaps........
finsihed the overlaps.......... 15.26562786102295
calculating tensor that stores the overlaps........
finsihed the overlaps.......... 2.701056957244873
calculating tensor that stores the overlaps........
finsihed the overlaps.......... 15.06532073020935
calculating tensor that stores the overlaps........
finsihed the overlaps.......... 2.32989764213562
testing symmetry of the form factors...
plus valley form factor passed the C3 symmetry test with average difference...  1.8869728715882604e-15
minus valley form factor passed the C3 symmetry test with average difference...  1.6861187817511889e-15
finished testing symmetry of the form factors...
starting bubble....... 919
time for bubble... 29.51532292366028
effective speed of sound down renormalization...$-\Delta c$ 27113.65169915667
residual of the fit... 0.05966425873784549
starting bubble....... 919
time for bubble... 29.820640802383423
effective speed of sound down renormalization...$-\Delta c$ 28217.83585831679
residual of the fit... 0.02601121261630106
starting bubble....... 919
time for bubble... 29.926470279693604
effective speed of sound down renormalization...$-\Delta c$ 31193.89708870692
residual of the fit... 0.020866110196096254
starting bubble....... 919
time for bubble... 30.22853684425354
effective speed of sound down renormalization...$-\Delta c$ 30858.3141522968
residual of the fit... 0.008383503985505705
starting bubble....... 919
time for bubble... 30.173495531082153
effective speed of sound down renormalization...$-\Delta c$ 29840.91110173244
residual of the fit... 0.040204918094842966
starting bubble....... 919
time for bubble... 30.13514232635498
effective speed of sound down renormalization...$-\Delta c$ 24357.95185632795
residual of the fit... 0.06575558263720992
starting bubble....... 919
time for bubble... 30.036854028701782
effective speed of sound down renormalization...$-\Delta c$ 21396.456663691984
residual of the fit... 0.004953847566715339
starting bubble....... 919
time for bubble... 30.03950047492981
effective speed of sound down renormalization...$-\Delta c$ 19288.367877100707
residual of the fit... 0.005864387832363624
starting bubble....... 919
time for bubble... 29.97108745574951
effective speed of sound down renormalization...$-\Delta c$ 16578.34418403755
residual of the fit... 0.03808635555035039
starting bubble....... 919
time for bubble... 30.027401447296143
effective speed of sound down renormalization...$-\Delta c$ 15651.842551580483
residual of the fit... 0.004655617797144011
starting bubble....... 919
time for bubble... 29.87917184829712
effective speed of sound down renormalization...$-\Delta c$ 13744.348445169078
residual of the fit... 0.056513608558304416
starting bubble....... 919
time for bubble... 29.895129442214966
effective speed of sound down renormalization...$-\Delta c$ 13344.849294815314
residual of the fit... 0.01820369703738946
starting bubble....... 919
time for bubble... 29.98452854156494
effective speed of sound down renormalization...$-\Delta c$ 11311.074799992213
residual of the fit... 0.0501772716440038
starting bubble....... 919
time for bubble... 29.95954465866089
effective speed of sound down renormalization...$-\Delta c$ 10186.212650838768
residual of the fit... 0.050364577710168314
starting bubble....... 919
time for bubble... 30.065388679504395
effective speed of sound down renormalization...$-\Delta c$ 8273.481709835625
residual of the fit... 0.012231749055201873
starting bubble....... 919
time for bubble... 30.02661371231079
effective speed of sound down renormalization...$-\Delta c$ 6990.608192035474
residual of the fit... 0.018700860376368544
starting bubble....... 919
time for bubble... 29.895103693008423
effective speed of sound down renormalization...$-\Delta c$ 6080.6912703831795
residual of the fit... 0.16644061855888487
starting bubble....... 919
time for bubble... 30.01921510696411
effective speed of sound down renormalization...$-\Delta c$ 5226.259736812823
residual of the fit... 0.19312932325197596
starting bubble....... 919
time for bubble... 29.825586557388306
effective speed of sound down renormalization...$-\Delta c$ 3144.9533703238144
residual of the fit... 0.22769896319669905
starting bubble....... 919
time for bubble... 29.85926651954651
effective speed of sound down renormalization...$-\Delta c$ 1594.3213945902687
residual of the fit... 0.10307503015587369
time for sweep delta 599.3221671581268
