starting sampling in reciprocal space....
finished sampling in reciprocal space....t= 0.00703740119934082  s
91 numer of sampling lattice points
taking 0 umklapps
hbvf is .. 2.3382685902179845
q is... 0.0709140884439267
hvkd is... 0.16581618561237396
kappa is.. 0.75
alpha is.. 0.6332313073794674
the twist angle is .. 0.016929693744344998
starting sampling in reciprocal space....
finished sampling in reciprocal space....t= 0.004284858703613281  s
starting sampling in reciprocal space....
finished sampling in reciprocal space....t= 0.004167795181274414  s
starting dispersion ..........
time to diag over MBZ 8.907140254974365
number of bands in density of states calculation, 2
sum of the hist, normed? 8.000000000000004
CHEMICAL POTENTIAL AND FILLING 0.0 0.0
starting sampling in reciprocal space....
finished sampling in reciprocal space....t= 0.0040264129638671875  s
(240,)
the bandwidth is ... 0.020865579684169744
157.08user 4.13system 0:21.29elapsed 757%CPU (0avgtext+0avgdata 1374244maxresident)k
0inputs+224outputs (0major+2448130minor)pagefaults 0swaps
