starting sampling in reciprocal space....
finished sampling in reciprocal space....t= 0.008049726486206055  s
91 numer of sampling lattice points
taking 0 umklapps
hbvf is .. 2.3382685902179845
q is... 0.06945197614064469
hvkd is... 0.16239737433823836
kappa is.. 0.3
alpha is.. 0.6465621776698671
the twist angle is .. 0.01658062789394613
starting sampling in reciprocal space....
finished sampling in reciprocal space....t= 0.0041866302490234375  s
starting sampling in reciprocal space....
finished sampling in reciprocal space....t= 0.004189252853393555  s
starting dispersion ..........
time to diag over MBZ 8.938716888427734
number of bands in density of states calculation, 2
sum of the hist, normed? 7.999999999999997
CHEMICAL POTENTIAL AND FILLING 0.0 0.0
starting sampling in reciprocal space....
finished sampling in reciprocal space....t= 0.004058122634887695  s
(1680,)
the bandwidth is ... 0.02469324462263112
159.19user 4.03system 0:21.53elapsed 757%CPU (0avgtext+0avgdata 1374456maxresident)k
0inputs+224outputs (0major+2446954minor)pagefaults 0swaps
