starting sampling in reciprocal space....
finished sampling in reciprocal space....t= 0.007373332977294922  s
91 numer of sampling lattice points
taking 0 umklapps
hbvf is .. 2.3382685902179845
q is... 0.07749356643361043
hvkd is... 0.18120077233568196
kappa is.. 0.75
alpha is.. 0.5794677287880602
the twist angle is .. 0.018500490071139894
starting sampling in reciprocal space....
finished sampling in reciprocal space....t= 0.0042226314544677734  s
starting sampling in reciprocal space....
finished sampling in reciprocal space....t= 0.0041713714599609375  s
starting dispersion ..........
time to diag over MBZ 8.94641375541687
number of bands in density of states calculation, 2
sum of the hist, normed? 7.999999999999995
CHEMICAL POTENTIAL AND FILLING 0.0 0.0
starting sampling in reciprocal space....
finished sampling in reciprocal space....t= 0.004275321960449219  s
(1680,)
the bandwidth is ... 0.0009890785268491294
159.84user 4.09system 0:21.77elapsed 752%CPU (0avgtext+0avgdata 1374040maxresident)k
0inputs+216outputs (0major+2447800minor)pagefaults 0swaps
