starting sampling in reciprocal space....
finished sampling in reciprocal space....t= 0.05119514465332031  s
919 numer of sampling lattice points
taking 0 umklapps
hbvf is .. 2.3382685902179845
q is... 0.08334195130950957
hvkd is... 0.19487586699450285
kappa is.. 0.75
alpha is.. 0.5388045303883723
the twist angle is .. 0.019896753472735354
phonon params 364085739893901.7
phonon params upsilon 4.551071748673771e+16
area ratio 0.0003958677387932462 0.0003958677387932451
correct factor by which the interaction is reduced 71.07877634811959
c tilde 1784.0830851593255
starting sampling in reciprocal space....
finished sampling in reciprocal space....t= 0.5671195983886719  s
starting sampling in reciprocal space....
finished sampling in reciprocal space....t= 0.5628275871276855  s
starting dispersion ..........
time to diag over MBZ 2883.9553685188293
saving  ..........
number of bands in density of states calculation, 2
sum of the hist, normed? 7.99999999999991
CHEMICAL POTENTIAL AND FILLING 0.0 0.0
starting sampling in reciprocal space....
finished sampling in reciprocal space....t= 0.05307149887084961  s
starting sampling in reciprocal space....
finished sampling in reciprocal space....t= 0.05267190933227539  s
starting dispersion ..........
time to diag over MBZ 275.08089876174927
starting sampling in reciprocal space....
finished sampling in reciprocal space....t= 0.05218815803527832  s
(6433, 564, 2) (919, 564, 2) (6433,)
starting sampling in reciprocal space....
finished sampling in reciprocal space....t= 0.052350521087646484  s
(6433, 564, 2) (919, 564, 2) (6433,)
calculating tensor that stores the overlaps........
finsihed the overlaps.......... 15.305370330810547
calculating tensor that stores the overlaps........
finsihed the overlaps.......... 2.646512269973755
calculating tensor that stores the overlaps........
finsihed the overlaps.......... 15.606663465499878
calculating tensor that stores the overlaps........
finsihed the overlaps.......... 1.9521472454071045
testing symmetry of the form factors...
plus valley form factor passed the C3 symmetry test with average difference...  2.2807013223380535e-15
minus valley form factor passed the C3 symmetry test with average difference...  2.2848906480160123e-15
finished testing symmetry of the form factors...
starting bubble....... 919
time for bubble... 29.63521456718445
effective speed of sound down renormalization...$-\Delta c$ 2560.2035245657607
residual of the fit... 0.0557780498652781
starting bubble....... 919
time for bubble... 30.134410619735718
effective speed of sound down renormalization...$-\Delta c$ 2582.5281585662124
residual of the fit... 0.006538598022366748
starting bubble....... 919
time for bubble... 30.219045400619507
effective speed of sound down renormalization...$-\Delta c$ 2648.925036317805
residual of the fit... 0.027493243834422625
starting bubble....... 919
time for bubble... 29.679388761520386
effective speed of sound down renormalization...$-\Delta c$ 2735.0667941327097
residual of the fit... 0.016831742124451328
starting bubble....... 919
time for bubble... 29.724811553955078
effective speed of sound down renormalization...$-\Delta c$ 2924.8256587272863
residual of the fit... 0.024454038679003347
starting bubble....... 919
time for bubble... 29.631540775299072
effective speed of sound down renormalization...$-\Delta c$ 3162.3333072795353
residual of the fit... 0.002752004295033094
starting bubble....... 919
time for bubble... 29.684061765670776
effective speed of sound down renormalization...$-\Delta c$ 3454.3070847275358
residual of the fit... 0.003608136236947608
starting bubble....... 919
time for bubble... 29.789851188659668
effective speed of sound down renormalization...$-\Delta c$ 3201.6530020865225
residual of the fit... 0.02102849626488703
starting bubble....... 919
time for bubble... 29.652150869369507
effective speed of sound down renormalization...$-\Delta c$ 2770.0341962225707
residual of the fit... 0.05122831943465286
starting bubble....... 919
time for bubble... 29.98888325691223
effective speed of sound down renormalization...$-\Delta c$ 2606.9711153253734
residual of the fit... 0.007001056621597718
starting bubble....... 919
time for bubble... 29.654616355895996
effective speed of sound down renormalization...$-\Delta c$ 2285.0308538758163
residual of the fit... 0.02645317490111236
starting bubble....... 919
time for bubble... 29.657435417175293
effective speed of sound down renormalization...$-\Delta c$ 2123.3500681588994
residual of the fit... 0.022143120052256764
starting bubble....... 919
time for bubble... 29.71319842338562
effective speed of sound down renormalization...$-\Delta c$ 1921.0325222926372
residual of the fit... 0.011115862367752066
starting bubble....... 919
time for bubble... 29.67458701133728
effective speed of sound down renormalization...$-\Delta c$ 1654.3730636632536
residual of the fit... 0.05247283036540661
starting bubble....... 919
time for bubble... 29.737821340560913
effective speed of sound down renormalization...$-\Delta c$ 1516.5591702598408
residual of the fit... 0.06275436943697915
starting bubble....... 919
time for bubble... 29.649564027786255
effective speed of sound down renormalization...$-\Delta c$ 1172.1216241632771
residual of the fit... 0.06856926524846517
starting bubble....... 919
time for bubble... 29.640098571777344
effective speed of sound down renormalization...$-\Delta c$ 1043.0419910549706
residual of the fit... 0.05190795104802916
starting bubble....... 919
time for bubble... 29.885863780975342
effective speed of sound down renormalization...$-\Delta c$ 754.0218880926344
residual of the fit... 0.05902557348086347
starting bubble....... 919
time for bubble... 29.66962242126465
effective speed of sound down renormalization...$-\Delta c$ 642.953231635711
residual of the fit... 0.20719745998475336
starting bubble....... 919
time for bubble... 29.754847288131714
effective speed of sound down renormalization...$-\Delta c$ 247.8682361006639
residual of the fit... 0.27109647230947476
time for sweep delta 595.2124807834625
