starting sampling in reciprocal space....
finished sampling in reciprocal space....t= 0.0078122615814208984  s
91 numer of sampling lattice points
taking 0 umklapps
hbvf is .. 2.3382685902179845
q is... 0.0709140884439267
hvkd is... 0.16581618561237396
kappa is.. 0.75
alpha is.. 0.6332313073794674
the twist angle is .. 0.016929693744344998
starting sampling in reciprocal space....
finished sampling in reciprocal space....t= 0.004091024398803711  s
starting sampling in reciprocal space....
finished sampling in reciprocal space....t= 0.004108428955078125  s
starting dispersion ..........
time to diag over MBZ 9.08384656906128
number of bands in density of states calculation, 2
sum of the hist, normed? 8.000000000000004
CHEMICAL POTENTIAL AND FILLING 0.0 0.0
starting sampling in reciprocal space....
finished sampling in reciprocal space....t= 0.0040247440338134766  s
(1680,)
the bandwidth is ... 0.020865579684169744
167.15user 4.30system 0:22.65elapsed 756%CPU (0avgtext+0avgdata 1374560maxresident)k
0inputs+248outputs (0major+2448400minor)pagefaults 0swaps
