starting sampling in reciprocal space....
finished sampling in reciprocal space....t= 0.006725788116455078  s
91 numer of sampling lattice points
taking 0 umklapps
hbvf is .. 2.3382685902179845
q is... 0.07895566630481395
hvkd is... 0.18461955454027892
kappa is.. 0.3
alpha is.. 0.5687371538809117
the twist angle is .. 0.01884955592153876
starting sampling in reciprocal space....
finished sampling in reciprocal space....t= 0.00421905517578125  s
starting sampling in reciprocal space....
finished sampling in reciprocal space....t= 0.0041980743408203125  s
starting dispersion ..........
time to diag over MBZ 8.778093814849854
number of bands in density of states calculation, 2
sum of the hist, normed? 8.000000000000002
CHEMICAL POTENTIAL AND FILLING 0.0 0.0
starting sampling in reciprocal space....
finished sampling in reciprocal space....t= 0.004101991653442383  s
(1680,)
the bandwidth is ... 0.007529307029984963
156.82user 3.73system 0:21.18elapsed 757%CPU (0avgtext+0avgdata 1372976maxresident)k
0inputs+176outputs (0major+2446773minor)pagefaults 0swaps
