starting sampling in reciprocal space....
finished sampling in reciprocal space....t= 0.05140256881713867  s
919 numer of sampling lattice points
taking 0 umklapps
hbvf is .. 2.7
q is... 0.06601600397918202
hvkd is... 0.17824321074379146
kappa is.. 0.3
alpha is.. 0.5890827457710467
the twist angle is .. 0.015760323145508796
phonon params 286665835177893.8 114.6558619796735 14331.982747459188
starting sampling in reciprocal space....
finished sampling in reciprocal space....t= 0.36165499687194824  s
starting sampling in reciprocal space....
finished sampling in reciprocal space....t= 0.3672788143157959  s
starting dispersion ..........
time to diag over MBZ 1845.7924628257751
saving  ..........
number of bands in density of states calculation, 2
sum of the hist, normed? 7.999999999999934
CHEMICAL POTENTIAL AND FILLING 0.0 0.0
starting sampling in reciprocal space....
finished sampling in reciprocal space....t= 0.05299544334411621  s
starting sampling in reciprocal space....
finished sampling in reciprocal space....t= 0.052640676498413086  s
starting dispersion ..........
time to diag over MBZ 249.92693614959717
starting sampling in reciprocal space....
finished sampling in reciprocal space....t= 0.052901506423950195  s
(6433, 564, 2) (919, 564, 2) (6433,)
starting sampling in reciprocal space....
finished sampling in reciprocal space....t= 0.05309414863586426  s
(6433, 564, 2) (919, 564, 2) (6433,)
calculating tensor that stores the overlaps........
finsihed the overlaps.......... 14.9121835231781
calculating tensor that stores the overlaps........
finsihed the overlaps.......... 14.904513359069824
calculating tensor that stores the overlaps........
finsihed the overlaps.......... 14.887365341186523
calculating tensor that stores the overlaps........
finsihed the overlaps.......... 2.5383784770965576
calculating tensor that stores the overlaps........
finsihed the overlaps.......... 15.066181182861328
calculating tensor that stores the overlaps........
finsihed the overlaps.......... 2.8033242225646973
testing symmetry of the form factors...
plus valley form factor passed the C3 symmetry test with average difference...  2.8219716819723933e-15
minus valley form factor passed the C3 symmetry test with average difference...  2.7529473609913698e-15
finished testing symmetry of the form factors...
starting bubble....... 919
time for bubble... 29.452635049819946
effective speed of sound down renormalization...$-\Delta c$ 7838.055507186014
residual of the fit... 0.08691944211437175
starting bubble....... 919
time for bubble... 29.563095808029175
effective speed of sound down renormalization...$-\Delta c$ 8035.08634415491
residual of the fit... 0.011497254476990244
starting bubble....... 919
time for bubble... 29.570451736450195
effective speed of sound down renormalization...$-\Delta c$ 8997.402343448439
residual of the fit... 0.05339158407740128
starting bubble....... 919
time for bubble... 29.562493085861206
effective speed of sound down renormalization...$-\Delta c$ 7258.981098290823
residual of the fit... 0.026280998624323003
starting bubble....... 919
time for bubble... 29.514873504638672
effective speed of sound down renormalization...$-\Delta c$ 4834.87509407193
residual of the fit... 0.0034836591799941507
starting bubble....... 919
time for bubble... 29.482139348983765
effective speed of sound down renormalization...$-\Delta c$ 2763.7181572849204
residual of the fit... 0.0024046323582034633
starting bubble....... 919
time for bubble... 29.514962673187256
effective speed of sound down renormalization...$-\Delta c$ 540.1142611572334
residual of the fit... 0.07909233606755547
time for sweep delta 206.67887926101685
