starting sampling in reciprocal space....
finished sampling in reciprocal space....t= 0.007919549942016602  s
91 numer of sampling lattice points
taking 0 umklapps
hbvf is .. 2.3382685902179845
q is... 0.06579668622399441
hvkd is... 0.1538503247379945
kappa is.. 0.3
alpha is.. 0.6824814973826925
the twist angle is .. 0.015707963267948967
starting sampling in reciprocal space....
finished sampling in reciprocal space....t= 0.004055500030517578  s
starting sampling in reciprocal space....
finished sampling in reciprocal space....t= 0.004075288772583008  s
starting dispersion ..........
time to diag over MBZ 8.726205825805664
number of bands in density of states calculation, 2
sum of the hist, normed? 8.0
CHEMICAL POTENTIAL AND FILLING 0.0 0.0
starting sampling in reciprocal space....
finished sampling in reciprocal space....t= 0.004019975662231445  s
(1680,)
the bandwidth is ... 0.0357938772215257
153.72user 4.38system 0:20.91elapsed 756%CPU (0avgtext+0avgdata 1372820maxresident)k
0inputs+232outputs (0major+2446562minor)pagefaults 0swaps
