starting sampling in reciprocal space....
finished sampling in reciprocal space....t= 0.05151486396789551  s
919 numer of sampling lattice points
taking 0 umklapps
hbvf is .. 2.7
q is... 0.08136812581299324
hvkd is... 0.21969393969508177
kappa is.. 0.75
alpha is.. 0.47793762607075957
the twist angle is .. 0.019425514574696892
phonon params 330800580170960.8
phonon params upsilon 4.1350072521370104e+16
area ratio 0.0003773387505170358 0.00037733875051703617
correct factor by which the interaction is reduced 72.80300312138363
c tilde 1741.829830633127
starting sampling in reciprocal space....
finished sampling in reciprocal space....t= 0.3605654239654541  s
starting sampling in reciprocal space....
finished sampling in reciprocal space....t= 0.36652636528015137  s
starting dispersion ..........
time to diag over MBZ 2060.1159858703613
saving  ..........
number of bands in density of states calculation, 2
sum of the hist, normed? 8.00000000000007
CHEMICAL POTENTIAL AND FILLING 0.0 0.0
starting sampling in reciprocal space....
finished sampling in reciprocal space....t= 0.05238533020019531  s
starting sampling in reciprocal space....
finished sampling in reciprocal space....t= 0.05231595039367676  s
starting dispersion ..........
time to diag over MBZ 342.75528264045715
starting sampling in reciprocal space....
finished sampling in reciprocal space....t= 0.05160713195800781  s
(6433, 564, 2) (919, 564, 2) (6433,)
starting sampling in reciprocal space....
finished sampling in reciprocal space....t= 0.051529884338378906  s
(6433, 564, 2) (919, 564, 2) (6433,)
calculating tensor that stores the overlaps........
finsihed the overlaps.......... 15.309675931930542
calculating tensor that stores the overlaps........
finsihed the overlaps.......... 15.197503328323364
calculating tensor that stores the overlaps........
finsihed the overlaps.......... 15.128829002380371
calculating tensor that stores the overlaps........
finsihed the overlaps.......... 3.0937917232513428
calculating tensor that stores the overlaps........
finsihed the overlaps.......... 15.249809741973877
calculating tensor that stores the overlaps........
finsihed the overlaps.......... 2.741044044494629
testing symmetry of the form factors...
plus valley form factor passed the C3 symmetry test with average difference...  8.109839646884072e-15
minus valley form factor passed the C3 symmetry test with average difference...  7.731918920203367e-15
finished testing symmetry of the form factors...
starting bubble....... 919
time for bubble... 29.380206823349
effective speed of sound down renormalization...$-\Delta c$ 1338.394386738104
residual of the fit... 0.07492061703756474
starting bubble....... 919
time for bubble... 29.4081871509552
effective speed of sound down renormalization...$-\Delta c$ 1422.151541704998
residual of the fit... 0.004336143765065434
starting bubble....... 919
time for bubble... 29.36390447616577
effective speed of sound down renormalization...$-\Delta c$ 1723.3391650546075
residual of the fit... 0.00268503571142929
starting bubble....... 919
time for bubble... 29.359456539154053
effective speed of sound down renormalization...$-\Delta c$ 1398.8930387098542
residual of the fit... 0.03222209635464617
starting bubble....... 919
time for bubble... 29.381614208221436
effective speed of sound down renormalization...$-\Delta c$ 973.1177092529327
residual of the fit... 0.05299040971305973
starting bubble....... 919
time for bubble... 29.386268377304077
effective speed of sound down renormalization...$-\Delta c$ 552.0070908852193
residual of the fit... 0.007742918808895291
starting bubble....... 919
time for bubble... 29.36348605155945
effective speed of sound down renormalization...$-\Delta c$ 167.31006023052907
residual of the fit... 0.031507891455340824
time for sweep delta 205.66374039649963
