starting sampling in reciprocal space....
finished sampling in reciprocal space....t= 0.0074024200439453125  s
91 numer of sampling lattice points
taking 0 umklapps
hbvf is .. 2.3382685902179845
q is... 0.08553508531876375
hvkd is... 0.20000400336248073
kappa is.. 0.3
alpha is.. 0.5249894913838371
the twist angle is .. 0.020420352248333655
starting sampling in reciprocal space....
finished sampling in reciprocal space....t= 0.004072427749633789  s
starting sampling in reciprocal space....
finished sampling in reciprocal space....t= 0.004065513610839844  s
starting dispersion ..........
time to diag over MBZ 8.9124915599823
number of bands in density of states calculation, 2
sum of the hist, normed? 8.000000000000004
CHEMICAL POTENTIAL AND FILLING 0.0 0.0
starting sampling in reciprocal space....
finished sampling in reciprocal space....t= 0.0039975643157958984  s
(4200,)
the bandwidth is ... 0.03190800283898172
281.49user 6.73system 0:37.10elapsed 776%CPU (0avgtext+0avgdata 3162612maxresident)k
0inputs+176outputs (0major+4597484minor)pagefaults 0swaps
