starting sampling in reciprocal space....
finished sampling in reciprocal space....t= 0.006928682327270508  s
91 numer of sampling lattice points
taking 0 umklapps
hbvf is .. 2.7
q is... 0.061410321849931414
hvkd is... 0.16580786899481484
kappa is.. 1
alpha is.. 0.6332630690964587
the twist angle is .. 0.014660765716752368
starting sampling in reciprocal space....
finished sampling in reciprocal space....t= 0.00555419921875  s
starting sampling in reciprocal space....
finished sampling in reciprocal space....t= 0.004118680953979492  s
starting dispersion ..........
time to diag over MBZ 197.6303141117096
number of bands in density of states calculation, 2
sum of the hist, normed? 8.000000000000023
CHEMICAL POTENTIAL AND FILLING 0.0 0.0
starting sampling in reciprocal space....
finished sampling in reciprocal space....t= 0.005129814147949219  s
(1680,)
the bandwidth is ... 0.02109473167217924
437.80user 30.66system 9:12.99elapsed 84%CPU (0avgtext+0avgdata 1373028maxresident)k
137568inputs+192outputs (468major+2446300minor)pagefaults 0swaps
