starting sampling in reciprocal space....
finished sampling in reciprocal space....t= 0.05159187316894531  s
919 numer of sampling lattice points
taking 0 umklapps
hbvf is .. 2.3382685902179845
q is... 0.08553508531876375
hvkd is... 0.20000400336248073
kappa is.. 0.75
alpha is.. 0.5249894913838371
the twist angle is .. 0.020420352248333655
phonon params 403948670356629.3
phonon params upsilon 5.0493583794578664e+16
area ratio 0.0004169762960378008 0.00041697629603780164
correct factor by which the interaction is reduced 69.25630453828481
c tilde 1831.0310294769179
starting sampling in reciprocal space....
finished sampling in reciprocal space....t= 0.5696055889129639  s
starting sampling in reciprocal space....
finished sampling in reciprocal space....t= 0.5693256855010986  s
starting dispersion ..........
time to diag over MBZ 2931.8691573143005
saving  ..........
number of bands in density of states calculation, 2
sum of the hist, normed? 8.000000000000108
CHEMICAL POTENTIAL AND FILLING 0.0 0.0
starting sampling in reciprocal space....
finished sampling in reciprocal space....t= 0.051673173904418945  s
starting sampling in reciprocal space....
finished sampling in reciprocal space....t= 0.05173301696777344  s
starting dispersion ..........
time to diag over MBZ 263.59928345680237
starting sampling in reciprocal space....
finished sampling in reciprocal space....t= 0.05206775665283203  s
(6433, 564, 2) (919, 564, 2) (6433,)
starting sampling in reciprocal space....
finished sampling in reciprocal space....t= 0.05159568786621094  s
(6433, 564, 2) (919, 564, 2) (6433,)
calculating tensor that stores the overlaps........
finsihed the overlaps.......... 14.941884517669678
calculating tensor that stores the overlaps........
finsihed the overlaps.......... 2.867723226547241
calculating tensor that stores the overlaps........
finsihed the overlaps.......... 15.008365869522095
calculating tensor that stores the overlaps........
finsihed the overlaps.......... 2.838188409805298
testing symmetry of the form factors...
plus valley form factor passed the C3 symmetry test with average difference...  1.4169754948037797e-15
minus valley form factor passed the C3 symmetry test with average difference...  1.34879344696626e-15
finished testing symmetry of the form factors...
starting bubble....... 919
time for bubble... 29.29699182510376
effective speed of sound down renormalization...$-\Delta c$ 2201.0918970297457
residual of the fit... 0.05686993514248679
starting bubble....... 919
time for bubble... 29.54826855659485
effective speed of sound down renormalization...$-\Delta c$ 2223.3384800934823
residual of the fit... 0.0011551058903330339
starting bubble....... 919
time for bubble... 29.587607622146606
effective speed of sound down renormalization...$-\Delta c$ 2254.966809955827
residual of the fit... 0.012340364054579708
starting bubble....... 919
time for bubble... 29.442206859588623
effective speed of sound down renormalization...$-\Delta c$ 2308.9610243582356
residual of the fit... 0.01792557993660752
starting bubble....... 919
time for bubble... 29.457313537597656
effective speed of sound down renormalization...$-\Delta c$ 2460.0686956568184
residual of the fit... 0.006452897772704415
starting bubble....... 919
time for bubble... 29.44724130630493
effective speed of sound down renormalization...$-\Delta c$ 2642.9723297430746
residual of the fit... 0.001102875466384373
starting bubble....... 919
time for bubble... 29.55338764190674
effective speed of sound down renormalization...$-\Delta c$ 2864.8976847509343
residual of the fit... 0.02086334735695921
starting bubble....... 919
time for bubble... 29.47956109046936
effective speed of sound down renormalization...$-\Delta c$ 2726.35223920443
residual of the fit... 0.04848794606902977
starting bubble....... 919
time for bubble... 29.50977611541748
effective speed of sound down renormalization...$-\Delta c$ 2406.6053515138124
residual of the fit... 0.05557246263826063
starting bubble....... 919
time for bubble... 29.55078935623169
effective speed of sound down renormalization...$-\Delta c$ 2162.798609810884
residual of the fit... 0.02528491915334513
starting bubble....... 919
time for bubble... 29.467352390289307
effective speed of sound down renormalization...$-\Delta c$ 2022.1282443472453
residual of the fit... 0.010157305166723286
starting bubble....... 919
time for bubble... 29.457000017166138
effective speed of sound down renormalization...$-\Delta c$ 1771.837601671934
residual of the fit... 0.02801678833557642
starting bubble....... 919
time for bubble... 29.492066144943237
effective speed of sound down renormalization...$-\Delta c$ 1699.8420774191914
residual of the fit... 0.02965275833281129
starting bubble....... 919
time for bubble... 29.457065105438232
effective speed of sound down renormalization...$-\Delta c$ 1398.1848092184036
residual of the fit... 0.037748628056267795
starting bubble....... 919
time for bubble... 29.428514003753662
effective speed of sound down renormalization...$-\Delta c$ 1198.732300217599
residual of the fit... 0.0688833012345091
starting bubble....... 919
time for bubble... 29.475383043289185
effective speed of sound down renormalization...$-\Delta c$ 1049.363250610206
residual of the fit... 0.015682163417039315
starting bubble....... 919
time for bubble... 29.415433645248413
effective speed of sound down renormalization...$-\Delta c$ 811.8258556728682
residual of the fit... 0.09399829588242144
starting bubble....... 919
time for bubble... 29.431047916412354
effective speed of sound down renormalization...$-\Delta c$ 657.4094328883461
residual of the fit... 0.036775908693188426
starting bubble....... 919
time for bubble... 29.76145076751709
effective speed of sound down renormalization...$-\Delta c$ 523.0157604812182
residual of the fit... 0.1494643586241964
starting bubble....... 919
time for bubble... 29.42032241821289
effective speed of sound down renormalization...$-\Delta c$ 214.83526478765833
residual of the fit... 0.27894578061980935
time for sweep delta 589.7182157039642
