starting sampling in reciprocal space....
finished sampling in reciprocal space....t= 0.05043745040893555  s
919 numer of sampling lattice points
taking 0 umklapps
hbvf is .. 2.3382685902179845
q is... 0.07164514378828872
hvkd is... 0.16752558936180664
kappa is.. 0.75
alpha is.. 0.6267699185539379
the twist angle is .. 0.017104226669544427
phonon params 198836470635881.38
phonon params upsilon 2.4854558829485172e+16
area ratio 0.00029254743768467365 0.000292547437684674
correct factor by which the interaction is reduced 82.68311855231156
c tilde 1533.692062138087
starting sampling in reciprocal space....
finished sampling in reciprocal space....t= 0.5543158054351807  s
starting sampling in reciprocal space....
finished sampling in reciprocal space....t= 0.5477778911590576  s
starting dispersion with 9919 points..........
time to diag over MBZ 3495.464984178543
saving  ..........
number of bands in density of states calculation, 2
sum of the hist, normed? 8.000000000000151
CHEMICAL POTENTIALS AND FILLINGS [0.         0.00049034 0.00065815 0.00070044 0.00073183 0.00077378
 0.0008453  0.00092937 0.00102898 0.00114453 0.00126915 0.00143204
 0.00160191 0.0017968  0.00203249 0.00233567 0.00268651 0.00320017
 0.00399001 0.00600873] [0.         0.20526316 0.41052632 0.61578947 0.82105263 1.02631579
 1.23157895 1.43684211 1.64210526 1.84736842 2.05263158 2.25789474
 2.46315789 2.66842105 2.87368421 3.07894737 3.28421053 3.48947368
 3.69473684 3.9       ]
CHEMICAL POTENTIAL AND FILLING 0.0 0.0
starting sampling in reciprocal space....
finished sampling in reciprocal space....t= 0.0508112907409668  s
starting sampling in reciprocal space....
finished sampling in reciprocal space....t= 0.05184197425842285  s
starting dispersion with 919 points..........
time to diag over MBZ 247.8883571624756
starting sampling in reciprocal space....
finished sampling in reciprocal space....t= 0.05103421211242676  s
(6433, 564, 2) (919, 564, 2) (6433,)
starting sampling in reciprocal space....
finished sampling in reciprocal space....t= 0.05128598213195801  s
(6433, 564, 2) (919, 564, 2) (6433,)
calculating tensor that stores the overlaps........
finsihed the overlaps.......... 17.693928241729736
calculating tensor that stores the overlaps........
finsihed the overlaps.......... 16.00600242614746
calculating tensor that stores the overlaps........
finsihed the overlaps.......... 15.944756031036377
calculating tensor that stores the overlaps........
finsihed the overlaps.......... 2.480241298675537
calculating tensor that stores the overlaps........
finsihed the overlaps.......... 16.246421575546265
calculating tensor that stores the overlaps........
finsihed the overlaps.......... 2.6023900508880615
testing symmetry of the form factors...
failed C3 symmetry test, plus valley... 0.00015208881172425082
failed C3 symmetry test, minus valley... 0.00015208881172425082
finished testing symmetry of the form factors...
starting bubble....... 919
time for bubble... 28.94792366027832
effective speed of sound down renormalization...$-\Delta c$ 2785.207486406544
residual of the fit... 0.06896226137813444
starting bubble....... 919
time for bubble... 29.031955242156982
effective speed of sound down renormalization...$-\Delta c$ 0.0
residual of the fit... nan
starting bubble....... 919
time for bubble... 29.12630319595337
effective speed of sound down renormalization...$-\Delta c$ 0.0
residual of the fit... nan
starting bubble....... 919
time for bubble... 29.230448246002197
effective speed of sound down renormalization...$-\Delta c$ 0.0
residual of the fit... nan
starting bubble....... 919
time for bubble... 29.255517959594727
effective speed of sound down renormalization...$-\Delta c$ 0.0
residual of the fit... nan
starting bubble....... 919
time for bubble... 29.218834161758423
effective speed of sound down renormalization...$-\Delta c$ 0.0
residual of the fit... nan
starting bubble....... 919
time for bubble... 29.220316886901855
effective speed of sound down renormalization...$-\Delta c$ 0.0
residual of the fit... nan
starting bubble....... 919
time for bubble... 29.246570348739624
effective speed of sound down renormalization...$-\Delta c$ 0.0
residual of the fit... nan
starting bubble....... 919
time for bubble... 29.185030937194824
effective speed of sound down renormalization...$-\Delta c$ 0.0
residual of the fit... nan
starting bubble....... 919
time for bubble... 29.07314920425415
effective speed of sound down renormalization...$-\Delta c$ 0.0
residual of the fit... nan
starting bubble....... 919
time for bubble... 29.04651641845703
effective speed of sound down renormalization...$-\Delta c$ 0.0
residual of the fit... nan
starting bubble....... 919
time for bubble... 28.986320734024048
effective speed of sound down renormalization...$-\Delta c$ 0.0
residual of the fit... nan
starting bubble....... 919
time for bubble... 29.08346438407898
effective speed of sound down renormalization...$-\Delta c$ 0.0
residual of the fit... nan
starting bubble....... 919
time for bubble... 29.155075788497925
effective speed of sound down renormalization...$-\Delta c$ 0.0
residual of the fit... nan
starting bubble....... 919
time for bubble... 29.358300924301147
effective speed of sound down renormalization...$-\Delta c$ 0.0
residual of the fit... nan
starting bubble....... 919
time for bubble... 29.415443420410156
effective speed of sound down renormalization...$-\Delta c$ 0.0
residual of the fit... nan
starting bubble....... 919
time for bubble... 29.13734531402588
effective speed of sound down renormalization...$-\Delta c$ 0.0
residual of the fit... nan
starting bubble....... 919
time for bubble... 29.143369436264038
effective speed of sound down renormalization...$-\Delta c$ 0.0
residual of the fit... nan
starting bubble....... 919
time for bubble... 29.129384756088257
effective speed of sound down renormalization...$-\Delta c$ 0.0
residual of the fit... nan
starting bubble....... 919
time for bubble... 29.08719491958618
effective speed of sound down renormalization...$-\Delta c$ 0.0
residual of the fit... nan
time for sweep delta 583.1663310527802
