starting sampling in reciprocal space....
finished sampling in reciprocal space....t= 0.0583796501159668  s
919 numer of sampling lattice points
taking 0 umklapps
hbvf is .. 2.7
q is... 0.08443851903755235
hvkd is... 0.22798400140139136
kappa is.. 0.3
alpha is.. 0.4605586328627321
the twist angle is .. 0.02015855286053451
phonon params 383629010679872.06
phonon params upsilon 4.795362633498401e+16
area ratio 0.00040635349242197795 0.00040635349242197763
correct factor by which the interaction is reduced 70.15570601031008
c tilde 1807.5570728041234
starting sampling in reciprocal space....
finished sampling in reciprocal space....t= 0.5638988018035889  s
starting sampling in reciprocal space....
finished sampling in reciprocal space....t= 0.5667641162872314  s
starting dispersion ..........
time to diag over MBZ 7288.317855119705
saving  ..........
number of bands in density of states calculation, 2
sum of the hist, normed? 8.000000000000021
CHEMICAL POTENTIAL AND FILLING 0.0 0.0
starting sampling in reciprocal space....
finished sampling in reciprocal space....t= 0.05249834060668945  s
starting sampling in reciprocal space....
finished sampling in reciprocal space....t= 0.053833961486816406  s
starting dispersion ..........
time to diag over MBZ 553.0765173435211
starting sampling in reciprocal space....
finished sampling in reciprocal space....t= 0.05220389366149902  s
(6433, 564, 2) (919, 564, 2) (6433,)
starting sampling in reciprocal space....
finished sampling in reciprocal space....t= 0.05176067352294922  s
(6433, 564, 2) (919, 564, 2) (6433,)
calculating tensor that stores the overlaps........
finsihed the overlaps.......... 18.855488777160645
calculating tensor that stores the overlaps........
finsihed the overlaps.......... 17.395341396331787
calculating tensor that stores the overlaps........
finsihed the overlaps.......... 17.422743558883667
calculating tensor that stores the overlaps........
finsihed the overlaps.......... 3.2904608249664307
calculating tensor that stores the overlaps........
finsihed the overlaps.......... 17.409132957458496
calculating tensor that stores the overlaps........
finsihed the overlaps.......... 3.0718114376068115
testing symmetry of the form factors...
plus valley form factor passed the C3 symmetry test with average difference...  1.029747374173723e-15
minus valley form factor passed the C3 symmetry test with average difference...  8.188986028109366e-16
finished testing symmetry of the form factors...
starting bubble....... 919
time for bubble... 29.476105451583862
effective speed of sound down renormalization...$-\Delta c$ 1112.7567059659264
residual of the fit... 0.09000677363403255
starting bubble....... 919
time for bubble... 29.654839277267456
effective speed of sound down renormalization...$-\Delta c$ 1117.5246558770398
residual of the fit... 0.04435907671089105
starting bubble....... 919
time for bubble... 29.57698917388916
effective speed of sound down renormalization...$-\Delta c$ 1104.5798309592333
residual of the fit... 0.0648454866253037
starting bubble....... 919
time for bubble... 29.758750915527344
effective speed of sound down renormalization...$-\Delta c$ 1096.5789478027423
residual of the fit... 0.07563431360140396
starting bubble....... 919
time for bubble... 29.842779636383057
effective speed of sound down renormalization...$-\Delta c$ 1177.653282959516
residual of the fit... 0.015731022915733004
starting bubble....... 919
time for bubble... 29.986573696136475
effective speed of sound down renormalization...$-\Delta c$ 1169.4482680643812
residual of the fit... 0.044072571679358546
starting bubble....... 919
time for bubble... 29.895800828933716
effective speed of sound down renormalization...$-\Delta c$ 1267.5034907354407
residual of the fit... 0.03088388775683549
starting bubble....... 919
time for bubble... 29.756964445114136
effective speed of sound down renormalization...$-\Delta c$ 1387.5393289817498
residual of the fit... 0.009193979691616788
starting bubble....... 919
time for bubble... 29.739928007125854
effective speed of sound down renormalization...$-\Delta c$ 1421.9177427701923
residual of the fit... 0.020471951789377323
starting bubble....... 919
time for bubble... 29.630289793014526
effective speed of sound down renormalization...$-\Delta c$ 1258.0154635089057
residual of the fit... 0.0828915703910835
starting bubble....... 919
time for bubble... 29.648117780685425
effective speed of sound down renormalization...$-\Delta c$ 1063.2700230002986
residual of the fit... 0.01219927030093964
starting bubble....... 919
time for bubble... 29.76201295852661
effective speed of sound down renormalization...$-\Delta c$ 922.8732264675169
residual of the fit... 0.01022355478535041
starting bubble....... 919
time for bubble... 29.59710454940796
effective speed of sound down renormalization...$-\Delta c$ 812.8550952280775
residual of the fit... 0.01376377340663051
starting bubble....... 919
time for bubble... 29.621317863464355
effective speed of sound down renormalization...$-\Delta c$ 706.4756521086198
residual of the fit... 0.023886466677993972
starting bubble....... 919
time for bubble... 29.544636726379395
effective speed of sound down renormalization...$-\Delta c$ 593.7674810804377
residual of the fit... 0.018410921009619916
starting bubble....... 919
time for bubble... 29.487574815750122
effective speed of sound down renormalization...$-\Delta c$ 492.7617382702576
residual of the fit... 0.00657758095013547
starting bubble....... 919
time for bubble... 29.84801197052002
effective speed of sound down renormalization...$-\Delta c$ 391.76593142759907
residual of the fit... 0.013561629911211999
starting bubble....... 919
time for bubble... 29.559165716171265
effective speed of sound down renormalization...$-\Delta c$ 307.09279929542646
residual of the fit... 0.006124338758119102
starting bubble....... 919
time for bubble... 29.742825508117676
effective speed of sound down renormalization...$-\Delta c$ 197.6668991276577
residual of the fit... 0.005384274058855364
starting bubble....... 919
time for bubble... 29.5800142288208
effective speed of sound down renormalization...$-\Delta c$ 83.21154743814783
residual of the fit... 0.08548907123099146
time for sweep delta 593.7528433799744
