starting sampling in reciprocal space....
finished sampling in reciprocal space....t= 0.005022764205932617  s
91 numer of sampling lattice points
taking 0 umklapps
hbvf is .. 2.7
q is... 0.08750890091895454
hvkd is... 0.23627403248117726
kappa is.. 0.75
alpha is.. 0.4443992380261458
the twist angle is .. 0.020891591146372124
starting sampling in reciprocal space....
finished sampling in reciprocal space....t= 0.008949041366577148  s
starting sampling in reciprocal space....
finished sampling in reciprocal space....t= 0.007867574691772461  s
starting dispersion ..........
time to diag over MBZ 56.5770263671875
number of bands in density of states calculation, 2
sum of the hist, normed? 7.999999999999994
CHEMICAL POTENTIAL AND FILLING 0.0 0.0
starting sampling in reciprocal space....
finished sampling in reciprocal space....t= 0.009182929992675781  s
(1680,)
the bandwidth is ... 0.08673354543896622
376.61user 21.88system 2:07.90elapsed 311%CPU (0avgtext+0avgdata 1373032maxresident)k
0inputs+200outputs (0major+2446884minor)pagefaults 0swaps
