starting sampling in reciprocal space....
finished sampling in reciprocal space....t= 0.008311033248901367  s
91 numer of sampling lattice points
taking 0 umklapps
hbvf is .. 2.3382685902179845
q is... 0.07018303255952259
hvkd is... 0.16410678060017778
kappa is.. 0.3
alpha is.. 0.6398273100964498
the twist angle is .. 0.016755160819145562
starting sampling in reciprocal space....
finished sampling in reciprocal space....t= 0.00487208366394043  s
starting sampling in reciprocal space....
finished sampling in reciprocal space....t= 0.0048656463623046875  s
starting dispersion ..........
time to diag over MBZ 8.647751331329346
number of bands in density of states calculation, 2
sum of the hist, normed? 7.999999999999994
CHEMICAL POTENTIAL AND FILLING 0.0 0.0
starting sampling in reciprocal space....
finished sampling in reciprocal space....t= 0.004048347473144531  s
(1680,)
the bandwidth is ... 0.02237415064418439
157.14user 3.94system 0:21.28elapsed 756%CPU (0avgtext+0avgdata 1373112maxresident)k
0inputs+216outputs (0major+2447915minor)pagefaults 0swaps
