starting sampling in reciprocal space....
finished sampling in reciprocal space....t= 0.00796198844909668  s
91 numer of sampling lattice points
taking 0 umklapps
hbvf is .. 2.3382685902179845
q is... 0.08041776377089012
hvkd is... 0.18803833112104215
kappa is.. 0.75
alpha is.. 0.5583967873678396
the twist angle is .. 0.019198621771937627
starting sampling in reciprocal space....
finished sampling in reciprocal space....t= 0.004225254058837891  s
starting sampling in reciprocal space....
finished sampling in reciprocal space....t= 0.0042209625244140625  s
starting dispersion ..........
time to diag over MBZ 8.603067874908447
number of bands in density of states calculation, 2
sum of the hist, normed? 7.999999999999995
CHEMICAL POTENTIAL AND FILLING 0.0 0.0
starting sampling in reciprocal space....
finished sampling in reciprocal space....t= 0.004076719284057617  s
(1680,)
the bandwidth is ... 0.008729927181679087
152.22user 3.95system 0:20.60elapsed 757%CPU (0avgtext+0avgdata 1372804maxresident)k
0inputs+160outputs (0major+2447842minor)pagefaults 0swaps
