starting sampling in reciprocal space....
finished sampling in reciprocal space....t= 0.040677547454833984  s
1261 numer of sampling lattice points
taking $0 umklapps
hbvf is .. 2.1354
q is... 0.07522730698426787
hvkd is... 0.16064039133420563
kappa is.. 0.8174358974358973
alpha is.. 0.6069457325782737
the twist angle is .. 0.01795943800302165
phonon params... 179140474395.6161
starting sampling in reciprocal space....
finished sampling in reciprocal space....t= 0.07218146324157715  s
starting dispersion ..........
time to diag over MBZ 108.6308650970459
starting sampling in reciprocal space....
finished sampling in reciprocal space....t= 0.03705859184265137  s
(8827, 564, 2) (1261, 564, 2) (8827,)
starting sampling in reciprocal space....
finished sampling in reciprocal space....t= 0.03905463218688965  s
(8827, 564, 2) (1261, 564, 2) (8827,)
calculating tensor that stores the overlaps........
finsihed the overlaps.......... 7.203496694564819
calculating tensor that stores the overlaps........
finsihed the overlaps.......... 7.21933388710022
calculating tensor that stores the overlaps........
finsihed the overlaps.......... 7.245839834213257
calculating tensor that stores the overlaps........
finsihed the overlaps.......... 3.228628158569336
calculating tensor that stores the overlaps........
finsihed the overlaps.......... 7.4205992221832275
calculating tensor that stores the overlaps........
finsihed the overlaps.......... 3.381065845489502
testing symmetry of the form factors...
finished testing symmetry of the form factors...
starting bubble....... 1261
time for bubble... 63.40465450286865
the filling is ..  0.0
8.598039242378955e-11
[ 3.26210252e+17  3.95667636e+15 -5.51860976e+14  3.30650761e+19
  3.22880723e+17  3.28021018e+19] 0.09561311074366478 30874.443710983545 2.867202954553365e-06
parameters of the fit... 30874.443710983545
residual of the fit... 0.09561311074366478
saving data from the run ...
starting bubble....... 1261
time for bubble... 62.68621850013733
the filling is ..  6.25e-05
8.598039242378955e-11
[ 3.25951725e+17 -1.76595062e+03  2.89436898e+04  3.29510613e+19
  1.98559448e+07  3.29510613e+19] 0.09585794250625347 30806.697941335435 2.87087155993171e-06
parameters of the fit... 30806.697941335435
residual of the fit... 0.09585794250625347
saving data from the run ...
starting bubble....... 1261
time for bubble... 61.6918740272522
the filling is ..  0.0001
8.598039242378955e-11
[3.32154452e+17 6.16164459e+04 1.54106582e+04 3.44170598e+19
 2.12495378e+07 3.44170598e+19] 0.08755975648110083 31482.649675727786 2.7437970447495748e-06
parameters of the fit... 31482.649675727786
residual of the fit... 0.08755975648110083
saving data from the run ...
starting bubble....... 1261
time for bubble... 62.10369610786438
the filling is ..  0.0001266
8.598039242378955e-11
[3.32154452e+17 6.17652831e+04 1.51129838e+04 3.44170598e+19
 2.12495378e+07 3.44170598e+19] 0.08755975648110084 31482.649675727793 2.7437970447495748e-06
parameters of the fit... 31482.649675727793
residual of the fit... 0.08755975648110084
saving data from the run ...
starting bubble....... 1261
time for bubble... 62.10042667388916
the filling is ..  0.0001429
8.598039242378955e-11
[ 3.70425660e+17 -4.10522136e+04  2.29107629e+04  3.31321994e+19
 -8.30919263e+07  3.31321994e+19] 0.09433063229211723 30901.15518407007 2.847908843706279e-06
parameters of the fit... 30901.15518407007
residual of the fit... 0.09433063229211723
saving data from the run ...
starting bubble....... 1261
time for bubble... 60.34032225608826
the filling is ..  0.00015079999999999998
8.598039242378955e-11
[ 3.51154274e+17 -5.26425728e+04 -3.23512438e+03  3.38935948e+19
  1.71417606e+07  3.38935948e+19] 0.08878808254498344 31247.830712861858 2.762975602457158e-06
parameters of the fit... 31247.830712861858
residual of the fit... 0.08878808254498344
saving data from the run ...
starting bubble....... 1261
time for bubble... 59.44337606430054
the filling is ..  0.0001587
8.598039242378955e-11
[ 3.31889055e+17 -4.48431034e+04 -1.45170966e+04  3.49623744e+19
  1.92469647e+05  3.49623744e+19] 0.08669155087518535 31729.831625353538 2.73015998873241e-06
parameters of the fit... 31729.831625353538
residual of the fit... 0.08669155087518535
saving data from the run ...
starting bubble....... 1261
time for bubble... 62.13656497001648
the filling is ..  0.0001666
8.598039242378955e-11
[ 3.31889055e+17 -4.46198476e+04 -1.44178718e+04  3.49623744e+19
  1.92469647e+05  3.49623744e+19] 0.08669155087518535 31729.831625353538 2.73015998873241e-06
parameters of the fit... 31729.831625353538
residual of the fit... 0.08669155087518535
saving data from the run ...
starting bubble....... 1261
time for bubble... 58.32582998275757
the filling is ..  0.00017460000000000002
8.598039242378955e-11
[ 3.31889055e+17 -4.48182972e+04 -1.44178718e+04  3.49623744e+19
  1.92469647e+05  3.49623744e+19] 0.08669155087518535 31729.831625353538 2.73015998873241e-06
parameters of the fit... 31729.831625353538
residual of the fit... 0.08669155087518535
saving data from the run ...
starting bubble....... 1261
time for bubble... 59.203186988830566
the filling is ..  0.00018429999999999998
8.598039242378955e-11
[ 3.31889055e+17 -4.46446538e+04 -1.43186470e+04  3.49623744e+19
  1.92469647e+05  3.49623744e+19] 0.08669155087518535 31729.831625353538 2.7301599887324097e-06
parameters of the fit... 31729.831625353538
residual of the fit... 0.08669155087518535
saving data from the run ...
starting bubble....... 1261
time for bubble... 58.45838165283203
the filling is ..  0.0001945
8.598039242378955e-11
[ 3.64405037e+17 -1.39636056e+05  4.22625075e+05  3.70326468e+19
  3.61006991e+07  3.70326468e+19] 0.09201221544728268 32658.573888236257 2.8126937963346874e-06
parameters of the fit... 32658.573888236257
residual of the fit... 0.09201221544728268
saving data from the run ...
starting bubble....... 1261
time for bubble... 59.57151460647583
the filling is ..  0.0002075
8.598039242378955e-11
[ 5.31567394e+17 -5.57707801e+05  1.13432135e+05  4.94819750e+19
  3.93758114e+07  4.94819750e+19] 0.09236776530448997 37759.465982087364 2.8181229050892266e-06
parameters of the fit... 37759.465982087364
residual of the fit... 0.09236776530448997
saving data from the run ...
starting bubble....... 1261
time for bubble... 55.85495376586914
the filling is ..  0.0002222
8.598039242378955e-11
[ 6.11707151e+17 -1.90353350e+05  9.42307699e+03  4.85062212e+19
  6.80172525e+07  4.85062212e+19] 0.09471662405726551 37402.6796801271 2.853729578201171e-06
parameters of the fit... 37402.6796801271
residual of the fit... 0.09471662405726551
saving data from the run ...
starting bubble....... 1261
time for bubble... 57.18372941017151
the filling is ..  0.0002524
8.598039242378955e-11
[ 5.67663040e+17 -2.08210828e+04  1.28988052e+04  4.87759612e+19
  1.08728001e+08  4.87759612e+19] 0.10584427367497709 37497.467612741915 3.0167088335445147e-06
parameters of the fit... 37497.467612741915
residual of the fit... 0.10584427367497709
saving data from the run ...
starting bubble....... 1261
time for bubble... 57.69633364677429
the filling is ..  0.000289
8.598039242378955e-11
[ 4.04598006e+17  2.65476752e+04 -1.80943996e+04  4.55657562e+19
  4.27458136e+07  4.55657562e+19] 0.1201217970808526 36217.653829585295 3.213739138707827e-06
parameters of the fit... 36217.653829585295
residual of the fit... 0.1201217970808526
saving data from the run ...
starting bubble....... 1261
time for bubble... 56.33222198486328
the filling is ..  0.0003171
8.598039242378955e-11
[3.38037202e+17 9.45896071e+04 1.54476051e+05 3.97069903e+19
 5.54608015e+07 3.97069903e+19] 0.10404383249124909 33806.08865732669 2.990941247646403e-06
parameters of the fit... 33806.08865732669
residual of the fit... 0.10404383249124909
saving data from the run ...
starting bubble....... 1261
time for bubble... 55.68364596366882
the filling is ..  0.00034920000000000003
8.598039242378955e-11
[2.94297810e+17 1.41541502e+04 3.94832515e+04 3.19115922e+19
 1.22396900e+07 3.19115922e+19] 0.08897229649080421 30311.841134290902 2.765840372676106e-06
parameters of the fit... 30311.841134290902
residual of the fit... 0.08897229649080421
saving data from the run ...
starting bubble....... 1261
time for bubble... 57.10746932029724
the filling is ..  0.00040889999999999996
8.598039242378955e-11
[ 2.75829601e+17  2.93236482e+04  6.88153948e+04  2.76797546e+19
 -1.36118532e+07  2.76797546e+19] 0.09096126060936875 28235.758221819586 2.7965845030243796e-06
parameters of the fit... 28235.758221819586
residual of the fit... 0.09096126060936875
saving data from the run ...
starting bubble....... 1261
time for bubble... 55.96327877044678
the filling is ..  0.000483
8.598039242378955e-11
[2.16719543e+17 5.48952246e+03 1.06938368e+04 2.10896040e+19
 4.01531569e+06 2.10896040e+19] 0.10136607999621426 24648.253758555238 2.9522017777475416e-06
parameters of the fit... 24648.253758555238
residual of the fit... 0.10136607999621426
saving data from the run ...
starting bubble....... 1261
time for bubble... 56.4462103843689
the filling is ..  0.0005454
8.598039242378955e-11
[ 1.82724790e+17  3.00440721e+03  5.13280366e+04  1.93193566e+19
 -4.40532211e+06  1.93193566e+19] 0.08453352176261499 23586.304221791506 2.6959646463028015e-06
parameters of the fit... 23586.304221791506
residual of the fit... 0.08453352176261499
saving data from the run ...
starting bubble....... 1261
time for bubble... 60.666287660598755
the filling is ..  0.000619
8.598039242378955e-11
[ 1.67270492e+17  5.27763963e+03  1.87919358e+04  1.68542907e+19
 -6.04333444e+06  1.68542907e+19] 0.08809351602490469 22032.774996970882 2.7521473575760248e-06
parameters of the fit... 22032.774996970882
residual of the fit... 0.08809351602490469
saving data from the run ...
starting bubble....... 1261
time for bubble... 56.00398302078247
the filling is ..  0.0006860000000000001
8.598039242378955e-11
[ 1.31243391e+17  4.88783049e+02  2.06433583e+04  1.40861165e+19
 -2.50501789e+06  1.40861165e+19] 0.07433726640412272 20139.28170776533 2.5281509719829346e-06
parameters of the fit... 20139.28170776533
residual of the fit... 0.07433726640412272
saving data from the run ...
starting bubble....... 1261
time for bubble... 59.53408622741699
the filling is ..  0.0007619
8.598039242378955e-11
[ 1.33320473e+17  3.69304874e+02 -5.42057288e+03  1.08404056e+19
  2.50756927e+06  1.08404056e+19] 0.09462588031483704 17680.439266386464 2.8523622355718132e-06
parameters of the fit... 17680.439266386464
residual of the fit... 0.09462588031483704
saving data from the run ...
starting bubble....... 1261
time for bubble... 59.49893355369568
the filling is ..  0.0008663999999999999
8.598039242378955e-11
[ 9.37748246e+16 -1.64723473e+04  1.58406165e+04  9.34745415e+18
  1.51020304e+06  9.34745415e+18] 0.07839326051823477 16408.6275505856 2.5962055586448066e-06
parameters of the fit... 16408.6275505856
residual of the fit... 0.07839326051823477
saving data from the run ...
starting bubble....... 1261
time for bubble... 59.79473280906677
the filling is ..  0.001
8.598039242378955e-11
[ 7.50756059e+16 -1.55435052e+03 -1.06324772e+03  6.86761794e+18
  5.56214869e+05  6.86761794e+18] 0.09343152857670976 14067.788268949585 2.8343040577503347e-06
parameters of the fit... 14067.788268949585
residual of the fit... 0.09343152857670976
saving data from the run ...
starting bubble....... 1261
time for bubble... 61.44358777999878
the filling is ..  0.0011642
8.598039242378955e-11
[ 6.35295699e+16  2.73938925e+01  1.80860678e+03  5.15887184e+18
 -1.18087913e+06  5.15887184e+18] 0.10119860760617706 12196.898151285093 2.9497620234046332e-06
parameters of the fit... 12196.898151285093
residual of the fit... 0.10119860760617706
saving data from the run ...
starting bubble....... 1261
time for bubble... 61.24951958656311
the filling is ..  0.0014127
8.598039242378955e-11
[3.28710208e+16 4.78687133e+01 1.12437572e+03 2.75259288e+18
 3.85439897e+05 2.75259288e+18] 0.12271048670067813 8908.463160973357 3.2481834617272643e-06
parameters of the fit... 8908.463160973357
residual of the fit... 0.12271048670067813
saving data from the run ...
time for sweep ieps 2096.3461294174194
starting bubble....... 1261
time for bubble... 60.45347046852112
the filling is ..  0.0
8.598039242378955e-11
[ 3.37491491e+17  3.95572881e+15 -5.48239053e+14  3.31873669e+19
  3.22926936e+17  3.29243879e+19] 0.09608302264844881 30933.775054102116 2.87424007218908e-06
parameters of the fit... 30933.775054102116
residual of the fit... 0.09608302264844881
saving data from the run ...
starting bubble....... 1261
time for bubble... 61.0805606842041
the filling is ..  6.25e-05
8.598039242378955e-11
[3.49665344e+17 2.86480678e+04 1.52351853e+05 3.28236610e+19
 1.83937064e+07 3.28236610e+19] 0.09581140125297262 30752.90465737037 2.8701745379686837e-06
parameters of the fit... 30752.90465737037
residual of the fit... 0.09581140125297262
saving data from the run ...
starting bubble....... 1261
time for bubble... 61.52816557884216
the filling is ..  0.0001
8.598039242378955e-11
[ 3.48874240e+17 -2.08273934e+05 -2.52080709e+05  3.44305423e+19
  1.73471262e+07  3.44305423e+19] 0.08701592637309816 31492.590180380736 2.7352629666411523e-06
parameters of the fit... 31492.590180380736
residual of the fit... 0.08701592637309816
saving data from the run ...
starting bubble....... 1261
time for bubble... 61.91072750091553
the filling is ..  0.0001266
8.598039242378955e-11
[ 3.48225456e+17 -5.72671049e+05 -1.98551432e+05  3.50295905e+19
  1.72590728e+07  3.50295905e+19] 0.08677790925237913 31763.859021704866 2.7315194839567877e-06
parameters of the fit... 31763.859021704866
residual of the fit... 0.08677790925237913
saving data from the run ...
starting bubble....... 1261
time for bubble... 66.11094784736633
the filling is ..  0.0001429
8.598039242378955e-11
[ 3.68359283e+17 -1.26164274e+05 -1.60137144e+05  3.56257406e+19
  1.08528536e+07  3.56257406e+19] 0.08457263630413085 32036.18266506858 2.6965882996378223e-06
parameters of the fit... 32036.18266506858
residual of the fit... 0.08457263630413085
saving data from the run ...
starting bubble....... 1261
time for bubble... 60.529372215270996
the filling is ..  0.00015079999999999998
8.598039242378955e-11
[ 3.68671325e+17  4.59099549e+05 -3.08079273e+04  3.61469487e+19
  5.68812319e+05  3.61469487e+19] 0.08400864851630824 32268.550684015398 2.6875819180862912e-06
parameters of the fit... 32268.550684015398
residual of the fit... 0.08400864851630824
saving data from the run ...
starting bubble....... 1261
time for bubble... 60.18151569366455
the filling is ..  0.0001587
8.598039242378955e-11
[ 3.57688527e+17  5.04804496e+05 -1.25244058e+04  3.71765063e+19
 -4.34581720e+06  3.71765063e+19] 0.08007162789577944 32720.165541361628 2.6238502221908116e-06
parameters of the fit... 32720.165541361628
residual of the fit... 0.08007162789577944
saving data from the run ...
starting bubble....... 1261
time for bubble... 59.598602294921875
the filling is ..  0.0001666
8.598039242378955e-11
[ 3.65189368e+17  3.24475518e+05 -1.22071909e+05  3.75611079e+19
 -2.92282856e+06  3.75611079e+19] 0.08219632308160306 32889.80774087874 2.658434147077716e-06
parameters of the fit... 32889.80774087874
residual of the fit... 0.08219632308160306
saving data from the run ...
starting bubble....... 1261
time for bubble... 57.5225932598114
the filling is ..  0.00017460000000000002
8.598039242378955e-11
[ 3.83997991e+17  1.51891146e+05 -3.21032003e+05  3.81118954e+19
 -5.31638326e+05  3.81118954e+19] 0.08522959948548076 33132.983914698205 2.707041634309315e-06
parameters of the fit... 33132.983914698205
residual of the fit... 0.08522959948548076
saving data from the run ...
starting bubble....... 1261
time for bubble... 58.05671572685242
the filling is ..  0.00018429999999999998
8.598039242378955e-11
[ 4.27022163e+17 -4.35801815e+04 -6.37124372e+05  3.92036954e+19
 -5.13349871e+06  3.92036954e+19] 0.0907027038543 33611.04423826004 2.792607038466294e-06
parameters of the fit... 33611.04423826004
residual of the fit... 0.0907027038543
saving data from the run ...
starting bubble....... 1261
time for bubble... 58.912636518478394
the filling is ..  0.0001945
8.598039242378955e-11
[ 4.93342876e+17 -3.34324329e+05 -4.40098025e+05  4.07852448e+19
 -3.10174580e+07  4.07852448e+19] 0.09624626201706549 34292.56606881128 2.8766806179258348e-06
parameters of the fit... 34292.56606881128
residual of the fit... 0.09624626201706549
saving data from the run ...
starting bubble....... 1261
starting bubble....... 1261
time for bubble... 58.565587520599365
the filling is ..  0.0002075
8.598039242378955e-11
[ 5.20176700e+17 -7.48891334e+05  5.57723377e+05  4.56722668e+19
  2.80700071e+07  4.56722668e+19] 0.09006247167466366 36282.60334956426 2.782733666243324e-06
parameters of the fit... 36282.60334956426
residual of the fit... 0.09006247167466366
saving data from the run ...
time for bubble... 59.51130390167236
the filling is ..  0.0002222
8.598039242378955e-11
[ 5.43675573e+17 -1.29263449e+06  1.73149830e+06  4.96793844e+19
  8.71477524e+07  4.96793844e+19] 0.08599614163119776 37836.60347572833 2.7191877471741757e-06
parameters of the fit... 37836.60347572833
residual of the fit... 0.08599614163119776
saving data from the run ...
starting bubble....... 1261
time for bubble... 58.87601828575134
the filling is ..  0.0002524
8.598039242378955e-11
[ 5.05365774e+17  8.54583741e+05 -3.57361763e+05  5.28091529e+19
  3.14927829e+07  5.28091529e+19] 0.08538813429241247 38996.91210778664 2.709558136448979e-06
parameters of the fit... 38996.91210778664
residual of the fit... 0.08538813429241247
saving data from the run ...
starting bubble....... 1261
time for bubble... 56.42340159416199
the filling is ..  0.000289
8.598039242378955e-11
[ 4.44678748e+17  6.01340362e+05  4.01086221e+05  4.61009928e+19
 -1.22670264e+06  4.61009928e+19] 0.10635992703335462 36436.69523471649 3.0240483237695547e-06
parameters of the fit... 36436.69523471649
residual of the fit... 0.10635992703335462
saving data from the run ...
starting bubble....... 1261
time for bubble... 58.19414663314819
the filling is ..  0.0003171
8.598039242378955e-11
[ 3.75971162e+17 -2.81395954e+04  1.47493129e+05  4.07600633e+19
  2.86771854e+07  4.07600633e+19] 0.09616216389505458 34257.501896164125 2.875423549325831e-06
parameters of the fit... 34257.501896164125
residual of the fit... 0.09616216389505458
saving data from the run ...
starting bubble....... 1261
time for bubble... 57.30490040779114
the filling is ..  0.00034920000000000003
8.598039242378955e-11
[ 3.21097431e+17 -1.29003432e+05  1.04741223e+05  3.35362474e+19
 -1.58254140e+06  3.35362474e+19] 0.08268350357668187 31076.59221017411 2.666300824081355e-06
parameters of the fit... 31076.59221017411
residual of the fit... 0.08268350357668187
saving data from the run ...
starting bubble....... 1261
time for bubble... 58.42248296737671
the filling is ..  0.00040889999999999996
8.598039242378955e-11
[ 2.85113467e+17 -8.09163056e+04 -1.62414556e+05  2.78488624e+19
 -1.08000531e+07  2.78488624e+19] 0.09105025907103635 28323.801522126978 2.7979522878732956e-06
parameters of the fit... 28323.801522126978
residual of the fit... 0.09105025907103635
saving data from the run ...
starting bubble....... 1261
time for bubble... 59.89053201675415
the filling is ..  0.000483
8.598039242378955e-11
[ 2.16615321e+17 -7.30919828e+04  2.40662543e+03  2.22405156e+19
 -5.31517697e+06  2.22405156e+19] 0.08110770655422919 25308.50052869926 2.6407711824628413e-06
parameters of the fit... 25308.50052869926
residual of the fit... 0.08110770655422919
saving data from the run ...
starting bubble....... 1261
time for bubble... 59.56389498710632
the filling is ..  0.0005454
8.598039242378955e-11
[ 2.02172225e+17  2.32374684e+03  4.82993806e+04  1.87319627e+19
 -6.73307836e+06  1.87319627e+19] 0.09032424967843648 23232.68477585517 2.7867749160519432e-06
parameters of the fit... 23232.68477585517
residual of the fit... 0.09032424967843648
saving data from the run ...
starting bubble....... 1261
time for bubble... 58.715364933013916
the filling is ..  0.000619
8.598039242378955e-11
[ 1.67159224e+17 -4.07691408e+04  3.68064994e+04  1.70723949e+19
 -4.17774907e+06  1.70723949e+19] 0.07766652795209224 22174.139759282934 2.5841436785740285e-06
parameters of the fit... 22174.139759282934
residual of the fit... 0.07766652795209224
saving data from the run ...
starting bubble....... 1261
time for bubble... 61.10642075538635
the filling is ..  0.0006860000000000001
8.598039242378955e-11
[ 1.37992420e+17 -2.78765161e+03  1.07375950e+04  1.40089277e+19
 -1.68226855e+06  1.40089277e+19] 0.08004468866677787 20086.690658147352 2.623408802114078e-06
parameters of the fit... 20086.690658147352
residual of the fit... 0.08004468866677787
saving data from the run ...
starting bubble....... 1261
time for bubble... 61.5785026550293
the filling is ..  0.0007619
8.598039242378955e-11
[ 1.26477337e+17  5.32724442e+03 -6.78148456e+04  1.15377910e+19
  3.10660091e+06  1.15377910e+19] 0.09285822250537284 18234.22684508794 2.8255948773289356e-06
parameters of the fit... 18234.22684508794
residual of the fit... 0.09285822250537284
saving data from the run ...
starting bubble....... 1261
time for bubble... 61.72983002662659
the filling is ..  0.0008663999999999999
8.598039242378955e-11
[ 9.43587206e+16  3.67756875e+04 -4.46518521e+04  9.35673192e+18
  1.46374385e+06  9.35673192e+18] 0.07943852161009468 16416.98289269403 2.613456573505982e-06
parameters of the fit... 16416.98289269403
residual of the fit... 0.07943852161009468
saving data from the run ...
starting bubble....... 1261
time for bubble... 61.70135831832886
the filling is ..  0.001
8.598039242378955e-11
[ 7.30766075e+16 -7.55693627e+03  1.68247520e+04  7.07327124e+18
 -2.30086647e+06  7.07327124e+18] 0.09150895734392706 14274.735428877782 2.804991276764095e-06
parameters of the fit... 14274.735428877782
residual of the fit... 0.09150895734392706
saving data from the run ...
starting bubble....... 1261
time for bubble... 61.982951402664185
the filling is ..  0.0011642
8.598039242378955e-11
[ 6.12574721e+16 -1.68860375e+04  4.03579072e+04  5.41732402e+18
 -3.80445712e+06  5.41732402e+18] 0.09764338700875887 12495.5607554332 2.8974845526078377e-06
parameters of the fit... 12495.5607554332
residual of the fit... 0.09764338700875887
saving data from the run ...
starting bubble....... 1261
time for bubble... 60.47018885612488
the filling is ..  0.0014127
8.598039242378955e-11
[ 3.36876727e+16 -5.16226500e+03 -3.57687895e+02  2.76062475e+18
  2.63488040e+05  2.76062475e+18] 0.12068470141318074 8922.029650633962 3.2212603103526344e-06
parameters of the fit... 8922.029650633962
residual of the fit... 0.12068470141318074
saving data from the run ...
time for sweep delta 2126.797946691513
9058.86user 5145.89system 1:13:40elapsed 321%CPU (0avgtext+0avgdata 101003696maxresident)k
0inputs+6864outputs (169major+2614142490minor)pagefaults 0swaps
starting sampling in reciprocal space....
finished sampling in reciprocal space....t= 0.04839158058166504  s
1261 numer of sampling lattice points
taking $0 umklapps
hbvf is .. 2.1354
q is... 0.07522730698426787
hvkd is... 0.16064039133420563
kappa is.. 0.8174358974358973
alpha is.. 0.6069457325782737
the twist angle is .. 0.01795943800302165
phonon params... 179140474395.6161
starting sampling in reciprocal space....
finished sampling in reciprocal space....t= 0.1354353427886963  s
starting dispersion ..........
time to diag over MBZ 105.67178630828857
starting sampling in reciprocal space....
finished sampling in reciprocal space....t= 0.0370025634765625  s
(8827, 564, 2) (1261, 564, 2) (8827,)
starting sampling in reciprocal space....
finished sampling in reciprocal space....t= 0.06255173683166504  s
(8827, 564, 2) (1261, 564, 2) (8827,)
calculating tensor that stores the overlaps........
finsihed the overlaps.......... 7.258577585220337
calculating tensor that stores the overlaps........
finsihed the overlaps.......... 3.2706940174102783
calculating tensor that stores the overlaps........
finsihed the overlaps.......... 7.380902528762817
calculating tensor that stores the overlaps........
finsihed the overlaps.......... 3.2521543502807617
testing symmetry of the form factors...
finished testing symmetry of the form factors...
starting bubble....... 1261
starting bubble....... 1261
time for bubble... 63.14331340789795
the filling is ..  0.0
8.598039242378955e-11
[ 3.81364880e+17 -2.33648086e+15  1.55392634e+15  2.79011320e+19
  1.11623740e+17  2.78125787e+19] 0.13023924891459313 28380.17730967791 3.3463445325692818e-06
parameters of the fit... 28380.17730967791
residual of the fit... 0.13023924891459313
saving data from the run ...
starting bubble....... 1261
time for bubble... 63.10256242752075
the filling is ..  6.25e-05
8.598039242378955e-11
[ 3.81635307e+17 -1.07296957e+04  2.98246363e+04  2.78406570e+19
 -4.60157946e+05  2.78406570e+19] 0.13043300367503888 28344.059857930046 3.348832757990973e-06
parameters of the fit... 28344.059857930046
residual of the fit... 0.13043300367503888
saving data from the run ...
starting bubble....... 1261
time for bubble... 57.33964991569519
the filling is ..  0.0001
8.598039242378955e-11
[ 3.85529975e+17  5.35489060e+04  4.67587163e+04  2.98251009e+19
 -3.08629844e+06  2.98251009e+19] 0.12406297382079022 29331.143236852004 3.2660347785003567e-06
parameters of the fit... 29331.143236852004
residual of the fit... 0.12406297382079022
saving data from the run ...
starting bubble....... 1261
time for bubble... 57.42973017692566
the filling is ..  0.0001266
8.598039242378955e-11
[ 3.85529975e+17  5.34992936e+04  4.67587163e+04  2.98251009e+19
 -3.09118861e+06  2.98251009e+19] 0.12406297382079022 29331.143236851993 3.2660347785003567e-06
parameters of the fit... 29331.143236851993
residual of the fit... 0.12406297382079022
saving data from the run ...
starting bubble....... 1261
time for bubble... 58.006970167160034
the filling is ..  0.0001429
8.598039242378955e-11
[ 3.84287139e+17  3.13799059e+04  3.89266598e+04  3.02970305e+19
 -7.38078480e+07  3.02970305e+19] 0.12482759079458597 29560.509394005127 3.2760838270463595e-06
parameters of the fit... 29560.509394005127
residual of the fit... 0.12482759079458597
saving data from the run ...
starting bubble....... 1261
time for bubble... 56.2353298664093
the filling is ..  0.00015079999999999998
8.598039242378955e-11
[3.79428816e+17 1.27761637e+03 1.70011800e+04 3.28565237e+19
 1.44423444e+07 3.28565237e+19] 0.09631894977994168 30775.144314975852 2.8777666861520694e-06
parameters of the fit... 30775.144314975852
residual of the fit... 0.09631894977994168
saving data from the run ...
starting bubble....... 1261
time for bubble... 55.63024687767029
the filling is ..  0.0001587
8.598039242378955e-11
[ 3.55311876e+17  1.38499237e+04 -1.75913421e+04  3.30404639e+19
 -1.06428228e+06  3.30404639e+19] 0.10458128635635887 30855.07511671193 2.9986563726283217e-06
parameters of the fit... 30855.07511671193
residual of the fit... 0.10458128635635887
saving data from the run ...
starting bubble....... 1261
time for bubble... 57.42479348182678
the filling is ..  0.0001666
8.598039242378955e-11
[ 3.55311876e+17  1.39491485e+04 -1.77897917e+04  3.30404639e+19
 -1.06428228e+06  3.30404639e+19] 0.10458128635635884 30855.07511671193 2.9986563726283213e-06
parameters of the fit... 30855.07511671193
residual of the fit... 0.10458128635635884
saving data from the run ...
starting bubble....... 1261
time for bubble... 56.85200238227844
the filling is ..  0.00017460000000000002
8.598039242378955e-11
[ 3.55311876e+17  1.37506989e+04 -1.74921173e+04  3.30404639e+19
 -1.05939212e+06  3.30404639e+19] 0.10458128635635884 30855.07511671193 2.9986563726283213e-06
parameters of the fit... 30855.07511671193
residual of the fit... 0.10458128635635884
saving data from the run ...
time for bubble... 55.2705352306366
the filling is ..  0.00018429999999999998
8.598039242378955e-11
[ 3.55311876e+17  1.38499237e+04 -1.75913421e+04  3.30404639e+19
 -1.05939212e+06  3.30404639e+19] 0.10458128635635887 30855.07511671193 2.9986563726283217e-06
parameters of the fit... 30855.07511671193
residual of the fit... 0.10458128635635887
saving data from the run ...
starting bubble....... 1261
starting bubble....... 1261
time for bubble... 55.55845904350281
the filling is ..  0.0001945
8.598039242378955e-11
[ 4.07077844e+17 -2.81029397e+04  1.08072413e+05  3.18055501e+19
  9.21001864e+05  3.18055501e+19] 0.11922783213372731 30288.358815947802 3.201758234891507e-06
parameters of the fit... 30288.358815947802
residual of the fit... 0.11922783213372731
saving data from the run ...
starting bubble....... 1261
time for bubble... 57.48130989074707
the filling is ..  0.0002075
8.598039242378955e-11
[ 6.52692679e+17 -3.89354152e+05 -2.40052541e+05  3.63871586e+19
 -2.99077332e+07  3.63871586e+19] 0.14857546665946997 32437.846000299 3.574154015697825e-06
parameters of the fit... 32437.846000299
residual of the fit... 0.14857546665946997
saving data from the run ...
starting bubble....... 1261
time for bubble... 55.38008189201355
the filling is ..  0.0002222
8.598039242378955e-11
[ 7.71736593e+17 -2.22779951e+05  1.38217125e+04  4.22471740e+19
  3.91895030e+07  4.22471740e+19] 0.17068906212402263 34955.236635977984 3.830915366315478e-06
parameters of the fit... 34955.236635977984
residual of the fit... 0.17068906212402263
saving data from the run ...
starting bubble....... 1261
time for bubble... 56.08427882194519
the filling is ..  0.0002524
8.598039242378955e-11
[5.20581099e+17 1.80475220e+04 3.86218356e+04 5.08149532e+19
 2.34778606e+07 5.08149532e+19] 0.09323367278663322 38259.942074534876 2.8313014274898236e-06
parameters of the fit... 38259.942074534876
residual of the fit... 0.09323367278663322
saving data from the run ...
starting bubble....... 1261
time for bubble... 56.772597312927246
the filling is ..  0.000289
8.598039242378955e-11
[3.86666529e+17 4.19887696e+04 6.62376643e+04 5.02628776e+19
 4.16600052e+07 5.02628776e+19] 0.08667791714928577 38027.37963820068 2.7299452981648386e-06
parameters of the fit... 38027.37963820068
residual of the fit... 0.08667791714928577
saving data from the run ...
starting bubble....... 1261
time for bubble... 56.42448878288269
the filling is ..  0.0003171
8.598039242378955e-11
[2.87064713e+17 3.26797939e+05 4.64817113e+05 4.44051067e+19
 2.98020481e+07 4.44051067e+19] 0.07202017893703766 35731.91603857581 2.48843791311699e-06
parameters of the fit... 35731.91603857581
residual of the fit... 0.07202017893703766
saving data from the run ...
time for bubble... 57.42716360092163
the filling is ..  0.00034920000000000003
8.598039242378955e-11
[ 2.59162899e+17  1.71007169e+04  3.84757723e+04  3.66676103e+19
 -2.96413382e+03  3.66676103e+19] 0.06253837837993063 32474.79526586599 2.318851938924491e-06
parameters of the fit... 32474.79526586599
residual of the fit... 0.06253837837993063
saving data from the run ...
starting bubble....... 1261
starting bubble....... 1261
time for bubble... 59.97000217437744
the filling is ..  0.00040889999999999996
8.598039242378955e-11
[ 2.49588522e+17  1.13665357e+04  7.56706625e+04  2.95895957e+19
 -2.30336154e+06  2.95895957e+19] 0.08373842300161387 29182.499964585306 2.683255945791986e-06
parameters of the fit... 29182.499964585306
residual of the fit... 0.08373842300161387
saving data from the run ...
starting bubble....... 1261
time for bubble... 56.20844793319702
the filling is ..  0.000483
8.598039242378955e-11
[ 2.05732403e+17 -6.41303401e+03  9.06696063e+03  2.28269149e+19
 -4.01438613e+06  2.28269149e+19] 0.0745453962388671 25635.337460859977 2.531687662806113e-06
parameters of the fit... 25635.337460859977
residual of the fit... 0.0745453962388671
saving data from the run ...
starting bubble....... 1261
time for bubble... 58.95019841194153
the filling is ..  0.0005454
8.598039242378955e-11
[ 1.77724409e+17 -2.52477648e+04 -6.02510840e+03  2.09077447e+19
 -1.55839969e+05  2.09077447e+19] 0.07074549950375776 24530.909085507818 2.4663182701245397e-06
parameters of the fit... 24530.909085507818
residual of the fit... 0.07074549950375776
saving data from the run ...
time for bubble... 59.42221283912659
the filling is ..  0.000619
8.598039242378955e-11
[ 1.57172855e+17  1.41411984e+03  1.63394506e+04  1.70788384e+19
 -2.22409298e+06  1.70788384e+19] 0.08121282736142538 22175.077015083676 2.642481933028271e-06
parameters of the fit... 22175.077015083676
residual of the fit... 0.08121282736142538
saving data from the run ...
starting bubble....... 1261
starting bubble....... 1261
time for bubble... 60.30481934547424
the filling is ..  0.0006860000000000001
8.598039242378955e-11
[1.30770536e+17 3.41343175e+02 1.09864103e+04 1.39850035e+19
 3.75684231e+06 1.39850035e+19] 0.07976973537436423 20067.037153584733 2.6188992250618737e-06
parameters of the fit... 20067.037153584733
residual of the fit... 0.07976973537436423
saving data from the run ...
starting bubble....... 1261
time for bubble... 60.96831440925598
the filling is ..  0.0007619
8.598039242378955e-11
[ 1.27543676e+17  9.15489710e+03 -1.01832012e+04  1.16075914e+19
  2.00141647e+06  1.16075914e+19] 0.0840864737760838 18289.417600941597 2.688826512216877e-06
parameters of the fit... 18289.417600941597
residual of the fit... 0.0840864737760838
saving data from the run ...
starting bubble....... 1261
time for bubble... 59.58024573326111
the filling is ..  0.0008663999999999999
8.598039242378955e-11
[ 9.00408390e+16 -2.70756476e+03  2.25012011e+03  9.25681239e+18
  1.63614338e+06  9.25681239e+18] 0.07829761027560642 16327.637460802833 2.5946212165442525e-06
parameters of the fit... 16327.637460802833
residual of the fit... 0.07829761027560642
saving data from the run ...
starting bubble....... 1261
time for bubble... 59.97466444969177
the filling is ..  0.001
8.598039242378955e-11
[ 7.04365181e+16 -2.11143260e+03  8.16685263e+01  7.20826259e+18
  4.32125275e+05  7.20826259e+18] 0.07866343481915425 14408.299992124454 2.600675488244174e-06
parameters of the fit... 14408.299992124454
residual of the fit... 0.07866343481915425
saving data from the run ...
starting bubble....... 1261
time for bubble... 59.7824022769928
the filling is ..  0.0011642
8.598039242378955e-11
[ 5.53837322e+16  2.65911913e+02  2.09780051e+03  5.38518484e+18
 -4.20441474e+05  5.38518484e+18] 0.08729264448603953 12455.270147824413 2.739608699909538e-06
parameters of the fit... 12455.270147824413
residual of the fit... 0.08729264448603953
saving data from the run ...
time for bubble... 60.98791193962097
the filling is ..  0.0014127
8.598039242378955e-11
[3.10752193e+16 1.31586476e+01 1.17849735e+03 3.07521658e+18
 1.88905348e+05 3.07521658e+18] 0.08466161156112985 9411.770255432171 2.698006409417217e-06
parameters of the fit... 9411.770255432171
residual of the fit... 0.08466161156112985
saving data from the run ...
time for sweep ieps 1452.0238244533539
starting bubble....... 1261
starting bubble....... 1261
time for bubble... 62.114039182662964
the filling is ..  0.0
8.598039242378955e-11
[ 3.92924014e+17 -2.33181049e+15  1.55043943e+15  2.79992344e+19
  1.12074202e+17  2.79102973e+19] 0.13004235239056317 28432.599369864794 3.343814063349418e-06
parameters of the fit... 28432.599369864794
residual of the fit... 0.13004235239056317
saving data from the run ...
starting bubble....... 1261
time for bubble... 61.64390730857849
the filling is ..  6.25e-05
8.598039242378955e-11
[4.04774720e+17 4.94491456e+04 1.39242704e+05 2.77440199e+19
 1.25865467e+06 2.77440199e+19] 0.12982172723048124 28301.019214027314 3.340976362144896e-06
parameters of the fit... 28301.019214027314
residual of the fit... 0.12982172723048124
saving data from the run ...
starting bubble....... 1261
time for bubble... 60.61359405517578
the filling is ..  0.0001
8.598039242378955e-11
[ 3.97143703e+17 -2.57097427e+05 -1.71602929e+05  3.01434816e+19
  1.22431965e+06  3.01434816e+19] 0.1216851117649045 29489.103440986073 3.234584001332966e-06
parameters of the fit... 29489.103440986073
residual of the fit... 0.1216851117649045
saving data from the run ...
starting bubble....... 1261
time for bubble... 60.0427041053772
the filling is ..  0.0001266
8.598039242378955e-11
[ 3.93469763e+17 -8.56826236e+05 -4.88532370e+04  3.11275795e+19
  1.56624834e+07  3.11275795e+19] 0.11514643264927799 29962.62585259462 3.1464798530078617e-06
parameters of the fit... 29962.62585259462
residual of the fit... 0.11514643264927799
saving data from the run ...
starting bubble....... 1261
time for bubble... 57.40862274169922
the filling is ..  0.0001429
8.598039242378955e-11
[4.09599206e+17 9.57057985e+04 9.66562444e+04 3.20445351e+19
 2.47116097e+06 3.20445351e+19] 0.10978910026336733 30401.81163575909 3.0724110930178435e-06
parameters of the fit... 30401.81163575909
residual of the fit... 0.10978910026336733
saving data from the run ...
starting bubble....... 1261
time for bubble... 59.22456383705139
the filling is ..  0.00015079999999999998
8.598039242378955e-11
[ 4.07551993e+17  9.60470811e+05  1.10430784e+05  3.28461369e+19
 -1.68499071e+07  3.28461369e+19] 0.10867743019023063 30776.855353585484 3.056816660410798e-06
parameters of the fit... 30776.855353585484
residual of the fit... 0.10867743019023063
saving data from the run ...
starting bubble....... 1261
time for bubble... 57.046326875686646
the filling is ..  0.0001587
8.598039242378955e-11
[ 4.01890633e+17  6.86470091e+05 -9.48189832e+04  3.36904708e+19
 -1.63951477e+07  3.36904708e+19] 0.10820013423280728 31166.20637034626 3.050096720047329e-06
parameters of the fit... 31166.20637034626
residual of the fit... 0.10820013423280728
saving data from the run ...
time for bubble... 58.73247671127319
the filling is ..  0.0001666
8.598039242378955e-11
[ 4.13974214e+17  3.00101055e+05 -2.53922628e+05  3.36817145e+19
 -3.67587911e+06  3.36817145e+19] 0.11185593769233952 31164.958243201534 3.1011961269352677e-06
parameters of the fit... 31164.958243201534
residual of the fit... 0.11185593769233952
saving data from the run ...
starting bubble....... 1261
starting bubble....... 1261
time for bubble... 58.559738636016846
the filling is ..  0.00017460000000000002
8.598039242378955e-11
[ 4.36587523e+17  5.88003426e+04 -4.02123000e+05  3.38760569e+19
  1.03734639e+07  3.38760569e+19] 0.1150171709312909 31259.375392312162 3.144713260719723e-06
parameters of the fit... 31259.375392312162
residual of the fit... 0.1150171709312909
saving data from the run ...
starting bubble....... 1261
time for bubble... 58.28191256523132
the filling is ..  0.00018429999999999998
8.598039242378955e-11
[ 4.83566526e+17 -2.15206108e+05 -5.91087501e+05  3.44685600e+19
  1.82160828e+05  3.44685600e+19] 0.11880111527884006 31540.497437781807 3.1960235468560814e-06
parameters of the fit... 31540.497437781807
residual of the fit... 0.11880111527884006
saving data from the run ...
starting bubble....... 1261
time for bubble... 58.71125602722168
the filling is ..  0.0001945
8.598039242378955e-11
[ 5.48614765e+17 -4.21338785e+05 -2.98367723e+05  3.51175933e+19
 -1.01620290e+06  3.51175933e+19] 0.12431310290530437 31848.649935076937 3.269325522369561e-06
parameters of the fit... 31848.649935076937
residual of the fit... 0.12431310290530437
saving data from the run ...
starting bubble....... 1261
time for bubble... 58.197099924087524
the filling is ..  0.0002075
8.598039242378955e-11
[ 5.77834410e+17 -5.12780995e+05  5.80687008e+05  4.02919168e+19
  1.54881782e+08  4.02919168e+19] 0.12164788149949189 34103.548382509754 3.2340891436150863e-06
parameters of the fit... 34103.548382509754
residual of the fit... 0.12164788149949189
saving data from the run ...
starting bubble....... 1261
time for bubble... 57.226975202560425
the filling is ..  0.0002222
8.598039242378955e-11
[ 6.02760289e+17 -7.19234697e+05  1.82782226e+06  4.35881446e+19
  1.44587718e+08  4.35881446e+19] 0.11569446207944527 35466.59724633573 3.1539586634656363e-06
parameters of the fit... 35466.59724633573
residual of the fit... 0.11569446207944527
saving data from the run ...
starting bubble....... 1261
time for bubble... 56.69041728973389
the filling is ..  0.0002524
8.598039242378955e-11
[ 5.11245092e+17  7.32816417e+05 -8.02191762e+05  5.05758179e+19
 -8.10346422e+07  5.05758179e+19] 0.09136125781692574 38168.51756055759 2.8027266722658282e-06
parameters of the fit... 38168.51756055759
residual of the fit... 0.09136125781692574
saving data from the run ...
starting bubble....... 1261
time for bubble... 57.75377297401428
the filling is ..  0.000289
8.598039242378955e-11
[ 4.02461338e+17  5.37321811e+05  2.40640053e+05  5.01147648e+19
 -7.48579433e+07  5.01147648e+19] 0.08000763771686764 37974.50476155086 2.6228015723261766e-06
parameters of the fit... 37974.50476155086
residual of the fit... 0.08000763771686764
saving data from the run ...
starting bubble....... 1261
time for bubble... 56.982906341552734
the filling is ..  0.0003171
8.598039242378955e-11
[3.36164196e+17 2.73713009e+05 1.76906557e+05 4.44348812e+19
 9.93313694e+06 4.44348812e+19] 0.06914792970049895 35753.6957855203 2.4383121479707046e-06
parameters of the fit... 35753.6957855203
residual of the fit... 0.06914792970049895
saving data from the run ...
starting bubble....... 1261
time for bubble... 57.88029909133911
the filling is ..  0.00034920000000000003
8.598039242378955e-11
[ 2.83781576e+17 -3.42558397e+04  2.78823559e+05  3.78532324e+19
 -8.41908890e+06  3.78532324e+19] 0.06113938745068893 32999.169691250514 2.292768746638079e-06
parameters of the fit... 32999.169691250514
residual of the fit... 0.06113938745068893
saving data from the run ...
starting bubble....... 1261
time for bubble... 58.22728753089905
the filling is ..  0.00040889999999999996
8.598039242378955e-11
[ 2.54443143e+17  4.24000157e+02  9.94623578e+04  3.02240491e+19
 -2.01978477e+06  3.02240491e+19] 0.0727156817166016 29493.58212896042 2.500424533825563e-06
parameters of the fit... 29493.58212896042
residual of the fit... 0.0727156817166016
saving data from the run ...
starting bubble....... 1261
time for bubble... 60.148356914520264
the filling is ..  0.000483
8.598039242378955e-11
[ 2.15141205e+17  6.34645721e+04 -3.47197542e+04  2.30191903e+19
 -1.63792067e+07  2.30191903e+19] 0.07321469133377684 25745.213008746647 2.508989416491181e-06
parameters of the fit... 25745.213008746647
residual of the fit... 0.07321469133377684
saving data from the run ...
starting bubble....... 1261
time for bubble... 59.72373676300049
the filling is ..  0.0005454
8.598039242378955e-11
[ 1.85770274e+17 -7.16864827e+04  1.34236841e+04  2.05121971e+19
 -2.93345993e+06  2.05121971e+19] 0.07272480639400943 24301.11831959534 2.5005814109324756e-06
parameters of the fit... 24301.11831959534
residual of the fit... 0.07272480639400943
saving data from the run ...
starting bubble....... 1261
time for bubble... 60.35329246520996
the filling is ..  0.000619
8.598039242378955e-11
[1.59044921e+17 5.03577702e+04 5.25244116e+04 1.72462312e+19
 7.04519373e+06 1.72462312e+19] 0.07420015513670311 22283.589618805454 2.5258183736285942e-06
parameters of the fit... 22283.589618805454
residual of the fit... 0.07420015513670311
saving data from the run ...
starting bubble....... 1261
time for bubble... 58.238898277282715
the filling is ..  0.0006860000000000001
8.598039242378955e-11
[1.37025918e+17 1.30691486e+03 1.99118614e+04 1.38489650e+19
 3.60400930e+06 1.38489650e+19] 0.07851853140853682 19971.89872568605 2.5982790733571404e-06
parameters of the fit... 19971.89872568605
residual of the fit... 0.07851853140853682
saving data from the run ...
starting bubble....... 1261
time for bubble... 60.82508087158203
the filling is ..  0.0007619
8.598039242378955e-11
[ 1.26118713e+17 -1.77394336e+04  7.94633733e+04  1.20507988e+19
  4.19585770e+06  1.20507988e+19] 0.08228789139952135 18632.894575638697 2.659914508824865e-06
parameters of the fit... 18632.894575638697
residual of the fit... 0.08228789139952135
saving data from the run ...
starting bubble....... 1261
time for bubble... 61.12449026107788
the filling is ..  0.0008663999999999999
8.598039242378955e-11
[ 9.12631397e+16  6.17106797e+04 -5.28619806e+04  9.51281015e+18
  4.75115827e+06  9.51281015e+18] 0.07549241586235868 16551.31988407267 2.5477181046704353e-06
parameters of the fit... 16551.31988407267
residual of the fit... 0.07549241586235868
saving data from the run ...
starting bubble....... 1261
time for bubble... 62.152122259140015
the filling is ..  0.001
8.598039242378955e-11
[ 6.93218450e+16  1.74113732e+04 -5.32147475e+04  7.40648113e+18
 -2.34427122e+06  7.40648113e+18] 0.07762837894562458 14603.564789629676 2.5835089481105816e-06
parameters of the fit... 14603.564789629676
residual of the fit... 0.07762837894562458
saving data from the run ...
starting bubble....... 1261
time for bubble... 61.88621282577515
the filling is ..  0.0011642
8.598039242378955e-11
[ 5.34207374e+16  1.35283244e+04  3.57526957e+04  5.59895196e+18
 -1.32512607e+06  5.59895196e+18] 0.08316435319461964 12697.724924563987 2.6740425806901493e-06
parameters of the fit... 12697.724924563987
residual of the fit... 0.08316435319461964
saving data from the run ...
time for bubble... 61.670318603515625
the filling is ..  0.0014127
8.598039242378955e-11
[ 3.20900303e+16 -1.16720383e+04 -5.45651762e+02  3.07256512e+18
  4.57555072e+05  3.07256512e+18] 0.08575631358022762 9408.505213512783 2.715393432717536e-06
parameters of the fit... 9408.505213512783
residual of the fit... 0.08575631358022762
saving data from the run ...
time for sweep delta 1454.5043568611145
8125.21user 3525.42system 51:16.61elapsed 378%CPU (0avgtext+0avgdata 71786092maxresident)k
8inputs+6704outputs (167major+1803895793minor)pagefaults 0swaps
