starting sampling in reciprocal space....
finished sampling in reciprocal space....t= 0.0629432201385498  s
919 numer of sampling lattice points
taking 0 umklapps
hbvf is .. 2.7
q is... 0.08597371142192678
hvkd is... 0.2321290208392023
kappa is.. 0.3
alpha is.. 0.45233465260138395
the twist angle is .. 0.02052507200345332
phonon params 824596919822312.0 67.60259669152454 8450.324586440567
starting sampling in reciprocal space....
finished sampling in reciprocal space....t= 0.42158055305480957  s
starting sampling in reciprocal space....
finished sampling in reciprocal space....t= 0.39646482467651367  s
starting dispersion ..........
time to diag over MBZ 2685.8406476974487
saving  ..........
number of bands in density of states calculation, 2
sum of the hist, normed? 8.000000000000048
CHEMICAL POTENTIAL AND FILLING 0.0 0.0
starting sampling in reciprocal space....
finished sampling in reciprocal space....t= 0.056159257888793945  s
starting sampling in reciprocal space....
finished sampling in reciprocal space....t= 0.055590152740478516  s
starting dispersion ..........
time to diag over MBZ 353.63468861579895
starting sampling in reciprocal space....
finished sampling in reciprocal space....t= 0.056787729263305664  s
(6433, 564, 2) (919, 564, 2) (6433,)
starting sampling in reciprocal space....
finished sampling in reciprocal space....t= 0.062142133712768555  s
(6433, 564, 2) (919, 564, 2) (6433,)
calculating tensor that stores the overlaps........
finsihed the overlaps.......... 18.405604600906372
calculating tensor that stores the overlaps........
finsihed the overlaps.......... 18.483635663986206
calculating tensor that stores the overlaps........
finsihed the overlaps.......... 18.57908582687378
calculating tensor that stores the overlaps........
finsihed the overlaps.......... 3.375103712081909
calculating tensor that stores the overlaps........
finsihed the overlaps.......... 18.60459589958191
calculating tensor that stores the overlaps........
finsihed the overlaps.......... 3.424954652786255
testing symmetry of the form factors...
plus valley form factor passed the C3 symmetry test with average difference...  2.7206074499711824e-15
minus valley form factor passed the C3 symmetry test with average difference...  2.6219366840555946e-15
finished testing symmetry of the form factors...
starting bubble....... 919
time for bubble... 32.328166246414185
effective speed of sound down renormalization...$-\Delta c$ 1532.9260162777543
residual of the fit... 0.09078628938276899
starting bubble....... 919
time for bubble... 32.631287574768066
effective speed of sound down renormalization...$-\Delta c$ 1610.8718693646722
residual of the fit... 0.010071227603898003
starting bubble....... 919
time for bubble... 32.5030255317688
effective speed of sound down renormalization...$-\Delta c$ 1724.0810018526204
residual of the fit... 0.06793286951414355
starting bubble....... 919
time for bubble... 32.129326820373535
effective speed of sound down renormalization...$-\Delta c$ 1568.4038788425974
residual of the fit... 0.058626187449843895
starting bubble....... 919
time for bubble... 30.56184482574463
effective speed of sound down renormalization...$-\Delta c$ 1019.1388124833749
residual of the fit... 0.0049969251067282314
starting bubble....... 919
time for bubble... 31.423132181167603
effective speed of sound down renormalization...$-\Delta c$ 606.5116064391386
residual of the fit... 0.01942583536808755
starting bubble....... 919
time for bubble... 29.52341651916504
effective speed of sound down renormalization...$-\Delta c$ 138.601058195236
residual of the fit... 0.005039184241034138
time for sweep delta 221.123517036438
