starting sampling in reciprocal space....
finished sampling in reciprocal space....t= 0.007926225662231445  s
91 numer of sampling lattice points
taking 0 umklapps
hbvf is .. 2.3382685902179845
q is... 0.08041776377089012
hvkd is... 0.18803833112104215
kappa is.. 0.75
alpha is.. 0.5583967873678396
the twist angle is .. 0.019198621771937627
starting sampling in reciprocal space....
finished sampling in reciprocal space....t= 0.004185914993286133  s
starting sampling in reciprocal space....
finished sampling in reciprocal space....t= 0.004137516021728516  s
starting dispersion ..........
time to diag over MBZ 8.678533792495728
number of bands in density of states calculation, 2
sum of the hist, normed? 7.999999999999995
CHEMICAL POTENTIAL AND FILLING 0.0 0.0
starting sampling in reciprocal space....
finished sampling in reciprocal space....t= 0.004061222076416016  s
(4200,)
the bandwidth is ... 0.008729927181679087
277.75user 7.54system 0:36.76elapsed 776%CPU (0avgtext+0avgdata 3162720maxresident)k
0inputs+168outputs (0major+4599384minor)pagefaults 0swaps
