starting sampling in reciprocal space....
finished sampling in reciprocal space....t= 0.007946252822875977  s
91 numer of sampling lattice points
taking 0 umklapps
hbvf is .. 2.3382685902179845
q is... 0.07895566630481395
hvkd is... 0.18461955454027892
kappa is.. 0.3
alpha is.. 0.5687371538809117
the twist angle is .. 0.01884955592153876
starting sampling in reciprocal space....
finished sampling in reciprocal space....t= 0.004892826080322266  s
starting sampling in reciprocal space....
finished sampling in reciprocal space....t= 0.004837512969970703  s
starting dispersion ..........
time to diag over MBZ 8.686009645462036
number of bands in density of states calculation, 2
sum of the hist, normed? 8.000000000000002
CHEMICAL POTENTIAL AND FILLING 0.0 0.0
starting sampling in reciprocal space....
finished sampling in reciprocal space....t= 0.004088401794433594  s
(1680,)
the bandwidth is ... 0.007529307029984963
156.66user 3.58system 0:21.19elapsed 756%CPU (0avgtext+0avgdata 1373388maxresident)k
0inputs+216outputs (0major+2446623minor)pagefaults 0swaps
