starting sampling in reciprocal space....
finished sampling in reciprocal space....t= 0.03658437728881836  s
919 numer of sampling lattice points
taking 0 umklapps
hbvf is .. 2.1354
q is... 0.07983292507592547
hvkd is... 0.17047522820713126
kappa is.. 0.8174358974358973
alpha is.. 0.5719306026183189
the twist angle is .. 0.01905899543177808
phonon params 613065921046756.4 78.40263238071779 9800.329047589723
starting sampling in reciprocal space....
finished sampling in reciprocal space....t= 0.4244349002838135  s
starting sampling in reciprocal space....
finished sampling in reciprocal space....t= 0.3576843738555908  s
starting dispersion ..........
time to diag over MBZ 695.1765177249908
saving  ..........
number of bands in density of states calculation, 2
sum of the hist, normed? 7.99999999999997
CHEMICAL POTENTIAL AND FILLING 0.0 0.0
starting sampling in reciprocal space....
finished sampling in reciprocal space....t= 0.027692079544067383  s
starting sampling in reciprocal space....
finished sampling in reciprocal space....t= 0.027683258056640625  s
starting dispersion ..........
time to diag over MBZ 59.54771542549133
starting sampling in reciprocal space....
finished sampling in reciprocal space....t= 0.02760910987854004  s
(6433, 564, 2) (919, 564, 2) (6433,)
starting sampling in reciprocal space....
finished sampling in reciprocal space....t= 0.041225433349609375  s
(6433, 564, 2) (919, 564, 2) (6433,)
calculating tensor that stores the overlaps........
finsihed the overlaps.......... 4.999391794204712
calculating tensor that stores the overlaps........
finsihed the overlaps.......... 4.222033262252808
calculating tensor that stores the overlaps........
finsihed the overlaps.......... 4.297322750091553
calculating tensor that stores the overlaps........
finsihed the overlaps.......... 1.542067289352417
calculating tensor that stores the overlaps........
finsihed the overlaps.......... 4.18261981010437
calculating tensor that stores the overlaps........
finsihed the overlaps.......... 0.9210836887359619
testing symmetry of the form factors...
plus valley form factor passed the C3 symmetry test with average difference...  2.6047398365524414e-15
minus valley form factor passed the C3 symmetry test with average difference...  5.859498974810718e-15
finished testing symmetry of the form factors...
starting bubble....... 919
time for bubble... 23.267923593521118
effective speed of sound down renormalization...$-\Delta c$ 8660.082506622848
residual of the fit... 0.06493613156039565
starting bubble....... 919
time for bubble... 23.144351720809937
effective speed of sound down renormalization...$-\Delta c$ 12250.908632719233
residual of the fit... 0.05461971846401971
starting bubble....... 919
time for bubble... 23.18715214729309
effective speed of sound down renormalization...$-\Delta c$ 10972.367944958529
residual of the fit... 0.07969221581232235
starting bubble....... 919
time for bubble... 23.23025369644165
effective speed of sound down renormalization...$-\Delta c$ 8044.253196503967
residual of the fit... 0.00516978196375673
starting bubble....... 919
time for bubble... 23.42155694961548
effective speed of sound down renormalization...$-\Delta c$ 6328.883938180967
residual of the fit... 0.03348644599636109
starting bubble....... 919
time for bubble... 23.383625745773315
effective speed of sound down renormalization...$-\Delta c$ 5024.51354266968
residual of the fit... 0.00669937861826938
starting bubble....... 919
time for bubble... 23.441488027572632
effective speed of sound down renormalization...$-\Delta c$ 2966.2409439201647
residual of the fit... 0.056110863182539855
time for sweep delta 163.08881306648254
24454.07user 758.33system 16:15.62elapsed 2584%CPU (0avgtext+0avgdata 99131384maxresident)k
0inputs+1824outputs (131major+141369656minor)pagefaults 0swaps
starting sampling in reciprocal space....
finished sampling in reciprocal space....t= 0.036334991455078125  s
919 numer of sampling lattice points
taking 0 umklapps
hbvf is .. 2.1354
q is... 0.07983292507592547
hvkd is... 0.17047522820713126
kappa is.. 0.8174358974358973
alpha is.. 0.5719306026183189
the twist angle is .. 0.01905899543177808
phonon params 613065921046756.4 78.40263238071779 9800.329047589723
starting sampling in reciprocal space....
finished sampling in reciprocal space....t= 0.35218238830566406  s
starting sampling in reciprocal space....
finished sampling in reciprocal space....t= 0.3504519462585449  s
starting dispersion ..........
time to diag over MBZ 721.1748657226562
saving  ..........
number of bands in density of states calculation, 2
sum of the hist, normed? 7.99999999999997
CHEMICAL POTENTIAL AND FILLING 0.0 0.0
starting sampling in reciprocal space....
finished sampling in reciprocal space....t= 0.027670621871948242  s
starting sampling in reciprocal space....
finished sampling in reciprocal space....t= 0.0269625186920166  s
starting dispersion ..........
time to diag over MBZ 61.84348654747009
starting sampling in reciprocal space....
finished sampling in reciprocal space....t= 0.02703714370727539  s
(6433, 564, 2) (919, 564, 2) (6433,)
starting sampling in reciprocal space....
finished sampling in reciprocal space....t= 0.028551101684570312  s
(6433, 564, 2) (919, 564, 2) (6433,)
calculating tensor that stores the overlaps........
finsihed the overlaps.......... 4.562577247619629
calculating tensor that stores the overlaps........
finsihed the overlaps.......... 1.7723088264465332
calculating tensor that stores the overlaps........
finsihed the overlaps.......... 4.1522417068481445
calculating tensor that stores the overlaps........
finsihed the overlaps.......... 0.9542162418365479
testing symmetry of the form factors...
plus valley form factor passed the C3 symmetry test with average difference...  1.9682693373224306e-15
minus valley form factor passed the C3 symmetry test with average difference...  4.353289890197142e-15
finished testing symmetry of the form factors...
starting bubble....... 919
time for bubble... 23.178969860076904
effective speed of sound down renormalization...$-\Delta c$ 8856.37258579652
residual of the fit... 0.05236489906780586
starting bubble....... 919
time for bubble... 23.120635986328125
effective speed of sound down renormalization...$-\Delta c$ 12244.819272915323
residual of the fit... 0.006694569164422806
starting bubble....... 919
time for bubble... 23.181310653686523
effective speed of sound down renormalization...$-\Delta c$ 10783.10030704412
residual of the fit... 0.03888634105331681
starting bubble....... 919
time for bubble... 23.10607409477234
effective speed of sound down renormalization...$-\Delta c$ 7905.816230097153
residual of the fit... 0.018305035977827868
starting bubble....... 919
time for bubble... 23.323416471481323
effective speed of sound down renormalization...$-\Delta c$ 6339.845912886332
residual of the fit... 0.009151599149473095
starting bubble....... 919
time for bubble... 23.234193325042725
effective speed of sound down renormalization...$-\Delta c$ 4942.232832667419
residual of the fit... 0.0036685044058125172
starting bubble....... 919
time for bubble... 23.22300672531128
effective speed of sound down renormalization...$-\Delta c$ 2844.2236370154
residual of the fit... 0.06900535734715467
time for sweep delta 162.37903714179993
25075.60user 759.11system 16:29.09elapsed 2611%CPU (0avgtext+0avgdata 99132660maxresident)k
0inputs+1736outputs (140major+138311087minor)pagefaults 0swaps
