starting sampling in reciprocal space....
finished sampling in reciprocal space....t= 0.007902383804321289  s
91 numer of sampling lattice points
taking 0 umklapps
hbvf is .. 2.3382685902179845
q is... 0.07310725283461868
hvkd is... 0.17094439302031356
kappa is.. 0.3
alpha is.. 0.6142348289102568
the twist angle is .. 0.017453292519943295
starting sampling in reciprocal space....
finished sampling in reciprocal space....t= 0.0041103363037109375  s
starting sampling in reciprocal space....
finished sampling in reciprocal space....t= 0.0040361881256103516  s
starting dispersion ..........
time to diag over MBZ 8.373338460922241
number of bands in density of states calculation, 2
sum of the hist, normed? 8.000000000000002
CHEMICAL POTENTIAL AND FILLING 0.0 0.0
starting sampling in reciprocal space....
finished sampling in reciprocal space....t= 0.004003286361694336  s
(1680,)
the bandwidth is ... 0.01280627399355594
151.87user 3.55system 0:20.47elapsed 758%CPU (0avgtext+0avgdata 1372596maxresident)k
0inputs+168outputs (0major+2447131minor)pagefaults 0swaps
