starting sampling in reciprocal space....
finished sampling in reciprocal space....t= 0.033011674880981445  s
919 numer of sampling lattice points
taking 0 umklapps
hbvf is .. 2.1354
q is... 0.07714631736564007
hvkd is... 0.1647382461025878
kappa is.. 0.8174358974358973
alpha is.. 0.5918479910201522
the twist angle is .. 0.01841758693167016
phonon params 534613356942625.5 83.9584340134906 10494.804251686324
starting sampling in reciprocal space....
finished sampling in reciprocal space....t= 0.42841506004333496  s
starting sampling in reciprocal space....
finished sampling in reciprocal space....t= 0.35663866996765137  s
starting dispersion ..........
time to diag over MBZ 713.28453540802
saving  ..........
number of bands in density of states calculation, 2
sum of the hist, normed? 7.999999999999949
CHEMICAL POTENTIAL AND FILLING 0.0 0.0
starting sampling in reciprocal space....
finished sampling in reciprocal space....t= 0.027456283569335938  s
starting sampling in reciprocal space....
finished sampling in reciprocal space....t= 0.027095556259155273  s
starting dispersion ..........
time to diag over MBZ 56.53802680969238
starting sampling in reciprocal space....
finished sampling in reciprocal space....t= 0.027487993240356445  s
(6433, 564, 2) (919, 564, 2) (6433,)
starting sampling in reciprocal space....
finished sampling in reciprocal space....t= 0.028799057006835938  s
(6433, 564, 2) (919, 564, 2) (6433,)
calculating tensor that stores the overlaps........
finsihed the overlaps.......... 4.5785136222839355
calculating tensor that stores the overlaps........
finsihed the overlaps.......... 4.226816654205322
calculating tensor that stores the overlaps........
finsihed the overlaps.......... 4.209707975387573
calculating tensor that stores the overlaps........
finsihed the overlaps.......... 1.4954965114593506
calculating tensor that stores the overlaps........
finsihed the overlaps.......... 4.33476185798645
calculating tensor that stores the overlaps........
finsihed the overlaps.......... 0.9594080448150635
testing symmetry of the form factors...
plus valley form factor passed the C3 symmetry test with average difference...  6.76062983944397e-15
minus valley form factor passed the C3 symmetry test with average difference...  7.938839094426989e-15
finished testing symmetry of the form factors...
starting bubble....... 919
time for bubble... 23.17187476158142
effective speed of sound down renormalization...$-\Delta c$ 10318.294596064452
residual of the fit... 0.07214310810260355
starting bubble....... 919
time for bubble... 23.0859956741333
effective speed of sound down renormalization...$-\Delta c$ 11752.081266040155
residual of the fit... 0.03719540159016466
starting bubble....... 919
time for bubble... 23.127607822418213
effective speed of sound down renormalization...$-\Delta c$ 10962.041748224981
residual of the fit... 0.05678255647109811
starting bubble....... 919
time for bubble... 23.250588178634644
effective speed of sound down renormalization...$-\Delta c$ 8052.152088899765
residual of the fit... 0.0034801469819136766
starting bubble....... 919
time for bubble... 23.271427154541016
effective speed of sound down renormalization...$-\Delta c$ 5541.52372822335
residual of the fit... 0.006904275722230575
starting bubble....... 919
time for bubble... 23.22147035598755
effective speed of sound down renormalization...$-\Delta c$ 3231.3875868342084
residual of the fit... 0.09532636862865554
starting bubble....... 919
time for bubble... 23.202636003494263
effective speed of sound down renormalization...$-\Delta c$ 725.1369794289216
residual of the fit... 0.08229821980107768
time for sweep delta 162.34431219100952
25003.15user 677.95system 16:29.26elapsed 2595%CPU (0avgtext+0avgdata 99130904maxresident)k
193024inputs+1768outputs (1530major+141550299minor)pagefaults 0swaps
starting sampling in reciprocal space....
finished sampling in reciprocal space....t= 0.03612971305847168  s
919 numer of sampling lattice points
taking 0 umklapps
hbvf is .. 2.1354
q is... 0.07714631736564007
hvkd is... 0.1647382461025878
kappa is.. 0.8174358974358973
alpha is.. 0.5918479910201522
the twist angle is .. 0.01841758693167016
phonon params 534613356942625.5 83.9584340134906 10494.804251686324
starting sampling in reciprocal space....
finished sampling in reciprocal space....t= 0.3554215431213379  s
starting sampling in reciprocal space....
finished sampling in reciprocal space....t= 0.3560066223144531  s
starting dispersion ..........
time to diag over MBZ 723.5479271411896
saving  ..........
number of bands in density of states calculation, 2
sum of the hist, normed? 7.999999999999949
CHEMICAL POTENTIAL AND FILLING 0.0 0.0
starting sampling in reciprocal space....
finished sampling in reciprocal space....t= 0.027292251586914062  s
starting sampling in reciprocal space....
finished sampling in reciprocal space....t= 0.028005361557006836  s
starting dispersion ..........
time to diag over MBZ 57.901636362075806
starting sampling in reciprocal space....
finished sampling in reciprocal space....t= 0.027274608612060547  s
(6433, 564, 2) (919, 564, 2) (6433,)
starting sampling in reciprocal space....
finished sampling in reciprocal space....t= 0.028784751892089844  s
(6433, 564, 2) (919, 564, 2) (6433,)
calculating tensor that stores the overlaps........
finsihed the overlaps.......... 4.918304920196533
calculating tensor that stores the overlaps........
finsihed the overlaps.......... 1.5351505279541016
calculating tensor that stores the overlaps........
finsihed the overlaps.......... 4.472733497619629
calculating tensor that stores the overlaps........
finsihed the overlaps.......... 1.3195924758911133
testing symmetry of the form factors...
plus valley form factor passed the C3 symmetry test with average difference...  5.753681479005451e-15
minus valley form factor passed the C3 symmetry test with average difference...  7.557036524113408e-15
finished testing symmetry of the form factors...
starting bubble....... 919
time for bubble... 23.731406927108765
effective speed of sound down renormalization...$-\Delta c$ 10548.671579889333
residual of the fit... 0.06040638743466501
starting bubble....... 919
time for bubble... 23.593117237091064
effective speed of sound down renormalization...$-\Delta c$ 11880.244232635941
residual of the fit... 0.027910376903288625
starting bubble....... 919
time for bubble... 23.535799980163574
effective speed of sound down renormalization...$-\Delta c$ 10782.454551956394
residual of the fit... 0.0403613920385572
starting bubble....... 919
time for bubble... 23.78604817390442
effective speed of sound down renormalization...$-\Delta c$ 7925.086110390514
residual of the fit... 0.019771634788137447
starting bubble....... 919
time for bubble... 23.81768012046814
effective speed of sound down renormalization...$-\Delta c$ 5457.7807465808455
residual of the fit... 0.025877971624057007
starting bubble....... 919
time for bubble... 23.759552478790283
effective speed of sound down renormalization...$-\Delta c$ 3048.667785132329
residual of the fit... 0.04341078946266783
starting bubble....... 919
time for bubble... 23.798450231552124
effective speed of sound down renormalization...$-\Delta c$ 704.7823751770082
residual of the fit... 0.07258412997184197
time for sweep delta 166.0332314968109
25117.55user 683.34system 16:33.79elapsed 2596%CPU (0avgtext+0avgdata 99131824maxresident)k
0inputs+1656outputs (533major+139691701minor)pagefaults 0swaps
