starting sampling in reciprocal space....
finished sampling in reciprocal space....t= 0.006666421890258789  s
91 numer of sampling lattice points
taking 0 umklapps
hbvf is .. 2.3382685902179845
q is... 0.07018303255952259
hvkd is... 0.16410678060017778
kappa is.. 0.75
alpha is.. 0.6398273100964498
the twist angle is .. 0.016755160819145562
starting sampling in reciprocal space....
finished sampling in reciprocal space....t= 0.004542827606201172  s
starting sampling in reciprocal space....
finished sampling in reciprocal space....t= 0.004578351974487305  s
starting dispersion ..........
time to diag over MBZ 9.232583045959473
number of bands in density of states calculation, 2
sum of the hist, normed? 8.000000000000012
CHEMICAL POTENTIAL AND FILLING 0.0 0.0
starting sampling in reciprocal space....
finished sampling in reciprocal space....t= 0.0041353702545166016  s
(1680,)
the bandwidth is ... 0.022869334550215812
162.35user 4.34system 0:22.08elapsed 754%CPU (0avgtext+0avgdata 1374260maxresident)k
0inputs+240outputs (0major+2447356minor)pagefaults 0swaps
