starting sampling in reciprocal space....
finished sampling in reciprocal space....t= 0.007843017578125  s
91 numer of sampling lattice points
taking 0 umklapps
hbvf is .. 2.3382685902179845
q is... 0.06579668622399441
hvkd is... 0.1538503247379945
kappa is.. 0.75
alpha is.. 0.6824814973826925
the twist angle is .. 0.015707963267948967
starting sampling in reciprocal space....
finished sampling in reciprocal space....t= 0.004153013229370117  s
starting sampling in reciprocal space....
finished sampling in reciprocal space....t= 0.004106760025024414  s
starting dispersion ..........
time to diag over MBZ 8.82041883468628
number of bands in density of states calculation, 2
sum of the hist, normed? 8.000000000000009
CHEMICAL POTENTIAL AND FILLING 0.0 0.0
starting sampling in reciprocal space....
finished sampling in reciprocal space....t= 0.0039348602294921875  s
(240,)
the bandwidth is ... 0.02494695974009223
158.20user 3.75system 0:21.38elapsed 757%CPU (0avgtext+0avgdata 1373712maxresident)k
0inputs+232outputs (0major+2447385minor)pagefaults 0swaps
