starting sampling in reciprocal space....
finished sampling in reciprocal space....t= 0.008246660232543945  s
91 numer of sampling lattice points
taking 0 umklapps
hbvf is .. 2.3382685902179845
q is... 0.06945197614064469
hvkd is... 0.16239737433823836
kappa is.. 0.3
alpha is.. 0.6465621776698671
the twist angle is .. 0.01658062789394613
starting sampling in reciprocal space....
finished sampling in reciprocal space....t= 0.0041980743408203125  s
starting sampling in reciprocal space....
finished sampling in reciprocal space....t= 0.004139900207519531  s
starting dispersion ..........
time to diag over MBZ 8.623954772949219
number of bands in density of states calculation, 2
sum of the hist, normed? 7.999999999999997
CHEMICAL POTENTIAL AND FILLING 0.0 0.0
starting sampling in reciprocal space....
finished sampling in reciprocal space....t= 0.004142284393310547  s
(4200,)
the bandwidth is ... 0.02469324462263112
273.81user 7.13system 0:36.18elapsed 776%CPU (0avgtext+0avgdata 3162940maxresident)k
0inputs+176outputs (0major+4597484minor)pagefaults 0swaps
