starting sampling in reciprocal space....
finished sampling in reciprocal space....t= 0.007821083068847656  s
91 numer of sampling lattice points
taking 0 umklapps
hbvf is .. 2.3382685902179845
q is... 0.07237619858704214
hvkd is... 0.1692349918354599
kappa is.. 0.75
alpha is.. 0.6204390644110238
the twist angle is .. 0.017278759594743863
starting sampling in reciprocal space....
finished sampling in reciprocal space....t= 0.00414586067199707  s
starting sampling in reciprocal space....
finished sampling in reciprocal space....t= 0.004159212112426758  s
starting dispersion ..........
time to diag over MBZ 8.590240001678467
number of bands in density of states calculation, 2
sum of the hist, normed? 7.999999999999983
CHEMICAL POTENTIAL AND FILLING 0.0 0.0
starting sampling in reciprocal space....
finished sampling in reciprocal space....t= 0.0040798187255859375  s
(4200,)
the bandwidth is ... 0.016723621569897547
275.80user 6.74system 0:36.38elapsed 776%CPU (0avgtext+0avgdata 3162864maxresident)k
0inputs+184outputs (0major+4597702minor)pagefaults 0swaps
