starting sampling in reciprocal space....
finished sampling in reciprocal space....t= 0.008123159408569336  s
91 numer of sampling lattice points
taking 0 umklapps
hbvf is .. 2.3382685902179845
q is... 0.07968671534127658
hvkd is... 0.18632894354014862
kappa is.. 0.3
alpha is.. 0.5635195370351868
the twist angle is .. 0.01902408884673819
starting sampling in reciprocal space....
finished sampling in reciprocal space....t= 0.0044019222259521484  s
starting sampling in reciprocal space....
finished sampling in reciprocal space....t= 0.004199028015136719  s
starting dispersion ..........
time to diag over MBZ 8.8225576877594
number of bands in density of states calculation, 2
sum of the hist, normed? 8.000000000000007
CHEMICAL POTENTIAL AND FILLING 0.0 0.0
starting sampling in reciprocal space....
finished sampling in reciprocal space....t= 0.004089832305908203  s
(1680,)
the bandwidth is ... 0.010167570036903297
156.94user 4.05system 0:21.24elapsed 757%CPU (0avgtext+0avgdata 1374424maxresident)k
0inputs+216outputs (0major+2447322minor)pagefaults 0swaps
