starting sampling in reciprocal space....
finished sampling in reciprocal space....t= 0.007874488830566406  s
91 numer of sampling lattice points
taking 0 umklapps
hbvf is .. 2.3382685902179845
q is... 0.07603146420181812
hvkd is... 0.1777819846113944
kappa is.. 0.75
alpha is.. 0.590611024112003
the twist angle is .. 0.01815142422074103
starting sampling in reciprocal space....
finished sampling in reciprocal space....t= 0.004171848297119141  s
starting sampling in reciprocal space....
finished sampling in reciprocal space....t= 0.004121065139770508  s
starting dispersion ..........
time to diag over MBZ 8.609292984008789
number of bands in density of states calculation, 2
sum of the hist, normed? 8.00000000000002
CHEMICAL POTENTIAL AND FILLING 0.0 0.0
starting sampling in reciprocal space....
finished sampling in reciprocal space....t= 0.004068613052368164  s
(1680,)
the bandwidth is ... 0.0056633365500721716
156.07user 3.94system 0:21.07elapsed 759%CPU (0avgtext+0avgdata 1373352maxresident)k
0inputs+160outputs (0major+2447791minor)pagefaults 0swaps
