starting sampling in reciprocal space....
finished sampling in reciprocal space....t= 0.05018019676208496  s
919 numer of sampling lattice points
taking 0 umklapps
hbvf is .. 2.3382685902179845
q is... 0.0826109053629646
hvkd is... 0.19316648521969057
kappa is.. 0.75
alpha is.. 0.5435725554595158
the twist angle is .. 0.01972222054753592
phonon params 351478317180695.94
phonon params upsilon 4.393478964758699e+16
area ratio 0.00038895337561110053 0.00038895337561109945
correct factor by which the interaction is reduced 71.70777140762617
c tilde 1768.4337430547523
starting sampling in reciprocal space....
finished sampling in reciprocal space....t= 0.5532510280609131  s
starting sampling in reciprocal space....
finished sampling in reciprocal space....t= 0.5523722171783447  s
starting dispersion with 9919 points..........
time to diag over MBZ 14882.693494081497
saving  ..........
number of bands in density of states calculation, 2
sum of the hist, normed? 8.000000000000078
CHEMICAL POTENTIALS AND FILLINGS [0.         0.00080078 0.00110032 0.00130229 0.00143902 0.0015308
 0.00159237 0.00167608 0.00178163 0.00191943 0.00207019 0.00224802
 0.00244089 0.00265607 0.00292243 0.00324032 0.00362106 0.00412972
 0.004927   0.00653599] [0.         0.20526316 0.41052632 0.61578947 0.82105263 1.02631579
 1.23157895 1.43684211 1.64210526 1.84736842 2.05263158 2.25789474
 2.46315789 2.66842105 2.87368421 3.07894737 3.28421053 3.48947368
 3.69473684 3.9       ]
CHEMICAL POTENTIAL AND FILLING 0.0 0.0
starting sampling in reciprocal space....
finished sampling in reciprocal space....t= 0.05186057090759277  s
starting sampling in reciprocal space....
finished sampling in reciprocal space....t= 0.05196881294250488  s
starting dispersion with 919 points..........
time to diag over MBZ 900.1684911251068
starting sampling in reciprocal space....
finished sampling in reciprocal space....t= 0.05044817924499512  s
(6433, 564, 2) (919, 564, 2) (6433,)
starting sampling in reciprocal space....
finished sampling in reciprocal space....t= 0.05071735382080078  s
(6433, 564, 2) (919, 564, 2) (6433,)
calculating tensor that stores the overlaps........
finsihed the overlaps.......... 18.546259880065918
calculating tensor that stores the overlaps........
finsihed the overlaps.......... 3.111494779586792
calculating tensor that stores the overlaps........
finsihed the overlaps.......... 21.5693359375
calculating tensor that stores the overlaps........
finsihed the overlaps.......... 2.7160985469818115
testing symmetry of the form factors...
failed C3 symmetry test, plus valley... 5.258881433722249e-05
failed C3 symmetry test, minus valley... 5.258881433722249e-05
finished testing symmetry of the form factors...
starting bubble....... 919
time for bubble... 28.966970920562744
effective speed of sound down renormalization...$-\Delta c$ 2721.4996233671836
residual of the fit... 0.05908327249493928
starting bubble....... 919
time for bubble... 28.843134880065918
effective speed of sound down renormalization...$-\Delta c$ 0.0
residual of the fit... nan
starting bubble....... 919
time for bubble... 28.870776414871216
effective speed of sound down renormalization...$-\Delta c$ 0.0
residual of the fit... nan
starting bubble....... 919
time for bubble... 29.169034719467163
effective speed of sound down renormalization...$-\Delta c$ 0.0
residual of the fit... nan
starting bubble....... 919
time for bubble... 29.028350353240967
effective speed of sound down renormalization...$-\Delta c$ 0.0
residual of the fit... nan
starting bubble....... 919
time for bubble... 28.847164154052734
effective speed of sound down renormalization...$-\Delta c$ 0.0
residual of the fit... nan
starting bubble....... 919
time for bubble... 28.892580032348633
effective speed of sound down renormalization...$-\Delta c$ 0.0
residual of the fit... nan
starting bubble....... 919
time for bubble... 28.954620599746704
effective speed of sound down renormalization...$-\Delta c$ 0.0
residual of the fit... nan
starting bubble....... 919
time for bubble... 28.81448245048523
effective speed of sound down renormalization...$-\Delta c$ 0.0
residual of the fit... nan
starting bubble....... 919
time for bubble... 28.835607290267944
effective speed of sound down renormalization...$-\Delta c$ 0.0
residual of the fit... nan
starting bubble....... 919
time for bubble... 29.009084939956665
effective speed of sound down renormalization...$-\Delta c$ 0.0
residual of the fit... nan
starting bubble....... 919
time for bubble... 28.75943112373352
effective speed of sound down renormalization...$-\Delta c$ 0.0
residual of the fit... nan
starting bubble....... 919
time for bubble... 28.759621381759644
effective speed of sound down renormalization...$-\Delta c$ 0.0
residual of the fit... nan
starting bubble....... 919
time for bubble... 28.722747325897217
effective speed of sound down renormalization...$-\Delta c$ 0.0
residual of the fit... nan
starting bubble....... 919
time for bubble... 28.879600524902344
effective speed of sound down renormalization...$-\Delta c$ 0.0
residual of the fit... nan
starting bubble....... 919
time for bubble... 29.066139459609985
effective speed of sound down renormalization...$-\Delta c$ 0.0
residual of the fit... nan
starting bubble....... 919
time for bubble... 28.705731630325317
effective speed of sound down renormalization...$-\Delta c$ 0.0
residual of the fit... nan
starting bubble....... 919
time for bubble... 28.819942712783813
effective speed of sound down renormalization...$-\Delta c$ 0.0
residual of the fit... nan
starting bubble....... 919
time for bubble... 28.69504714012146
effective speed of sound down renormalization...$-\Delta c$ 0.0
residual of the fit... nan
starting bubble....... 919
time for bubble... 28.872127771377563
effective speed of sound down renormalization...$-\Delta c$ 0.0
residual of the fit... nan
time for sweep delta 577.5964674949646
