starting sampling in reciprocal space....
finished sampling in reciprocal space....t= 0.007928848266601562  s
91 numer of sampling lattice points
taking 0 umklapps
hbvf is .. 2.3382685902179845
q is... 0.08114881158808747
hvkd is... 0.18974771726994213
kappa is.. 0.3
alpha is.. 0.5533663409010771
the twist angle is .. 0.01937315469713706
starting sampling in reciprocal space....
finished sampling in reciprocal space....t= 0.0041768550872802734  s
starting sampling in reciprocal space....
finished sampling in reciprocal space....t= 0.004149675369262695  s
starting dispersion ..........
time to diag over MBZ 9.032029867172241
number of bands in density of states calculation, 2
sum of the hist, normed? 8.0
CHEMICAL POTENTIAL AND FILLING 0.0 0.0
starting sampling in reciprocal space....
finished sampling in reciprocal space....t= 0.0041446685791015625  s
(4200,)
the bandwidth is ... 0.015500518712672166
282.29user 6.95system 0:37.28elapsed 775%CPU (0avgtext+0avgdata 3162924maxresident)k
0inputs+176outputs (0major+4609384minor)pagefaults 0swaps
