starting sampling in reciprocal space....
finished sampling in reciprocal space....t= 0.05138444900512695  s
919 numer of sampling lattice points
taking 0 umklapps
hbvf is .. 2.3382685902179845
q is... 0.07968671534127658
hvkd is... 0.18632894354014862
kappa is.. 0.75
alpha is.. 0.5635195370351868
the twist angle is .. 0.01902408884673819
phonon params 304293527101770.4
phonon params upsilon 3.80366908877213e+16
area ratio 0.0003619050413169733 0.0003619050413169735
correct factor by which the interaction is reduced 74.33916547035814
c tilde 1705.836241154292
starting sampling in reciprocal space....
finished sampling in reciprocal space....t= 0.5621087551116943  s
starting sampling in reciprocal space....
finished sampling in reciprocal space....t= 0.5641405582427979  s
starting dispersion with 9919 points..........
time to diag over MBZ 5620.911541938782
saving  ..........
number of bands in density of states calculation, 2
sum of the hist, normed? 7.999999999999971
CHEMICAL POTENTIALS AND FILLINGS [0.         0.00034552 0.00047126 0.00054795 0.00059496 0.00062289
 0.00065042 0.00069318 0.00074139 0.0008016  0.00086231 0.00093762
 0.00101703 0.00110299 0.00119855 0.00130527 0.0014319  0.00160073
 0.00184688 0.00243574] [0.         0.20526316 0.41052632 0.61578947 0.82105263 1.02631579
 1.23157895 1.43684211 1.64210526 1.84736842 2.05263158 2.25789474
 2.46315789 2.66842105 2.87368421 3.07894737 3.28421053 3.48947368
 3.69473684 3.9       ]
CHEMICAL POTENTIAL AND FILLING 0.0 0.0
starting sampling in reciprocal space....
finished sampling in reciprocal space....t= 0.052535295486450195  s
starting sampling in reciprocal space....
finished sampling in reciprocal space....t= 0.05255913734436035  s
starting dispersion with 919 points..........
time to diag over MBZ 584.230131149292
starting sampling in reciprocal space....
finished sampling in reciprocal space....t= 0.05185341835021973  s
(6433, 564, 2) (919, 564, 2) (6433,)
starting sampling in reciprocal space....
finished sampling in reciprocal space....t= 0.05217099189758301  s
(6433, 564, 2) (919, 564, 2) (6433,)
calculating tensor that stores the overlaps........
finsihed the overlaps.......... 16.436240196228027
calculating tensor that stores the overlaps........
finsihed the overlaps.......... 3.2904789447784424
calculating tensor that stores the overlaps........
finsihed the overlaps.......... 18.696785926818848
calculating tensor that stores the overlaps........
finsihed the overlaps.......... 3.812805414199829
testing symmetry of the form factors...
failed C3 symmetry test, plus valley... 5.7975949592582084e-05
failed C3 symmetry test, minus valley... 5.7975949592582084e-05
finished testing symmetry of the form factors...
starting bubble....... 919
time for bubble... 29.055418014526367
effective speed of sound down renormalization...$-\Delta c$ 4014.7428932857833
residual of the fit... 0.05819567240003211
starting bubble....... 919
time for bubble... 29.082315921783447
effective speed of sound down renormalization...$-\Delta c$ 0.0
residual of the fit... nan
starting bubble....... 919
time for bubble... 29.331238508224487
effective speed of sound down renormalization...$-\Delta c$ 0.0
residual of the fit... nan
starting bubble....... 919
time for bubble... 29.082441806793213
effective speed of sound down renormalization...$-\Delta c$ 0.0
residual of the fit... nan
starting bubble....... 919
time for bubble... 29.191965341567993
effective speed of sound down renormalization...$-\Delta c$ 0.0
residual of the fit... nan
starting bubble....... 919
time for bubble... 29.141055822372437
effective speed of sound down renormalization...$-\Delta c$ 0.0
residual of the fit... nan
starting bubble....... 919
time for bubble... 29.23576831817627
effective speed of sound down renormalization...$-\Delta c$ 0.0
residual of the fit... nan
starting bubble....... 919
time for bubble... 29.529885292053223
effective speed of sound down renormalization...$-\Delta c$ 0.0
residual of the fit... nan
starting bubble....... 919
time for bubble... 29.222365140914917
effective speed of sound down renormalization...$-\Delta c$ 0.0
residual of the fit... nan
starting bubble....... 919
time for bubble... 29.229553937911987
effective speed of sound down renormalization...$-\Delta c$ 0.0
residual of the fit... nan
starting bubble....... 919
time for bubble... 29.208418369293213
effective speed of sound down renormalization...$-\Delta c$ 0.0
residual of the fit... nan
starting bubble....... 919
time for bubble... 29.304312229156494
effective speed of sound down renormalization...$-\Delta c$ 0.0
residual of the fit... nan
starting bubble....... 919
time for bubble... 29.49055290222168
effective speed of sound down renormalization...$-\Delta c$ 0.0
residual of the fit... nan
starting bubble....... 919
time for bubble... 29.466089010238647
effective speed of sound down renormalization...$-\Delta c$ 0.0
residual of the fit... nan
starting bubble....... 919
time for bubble... 29.411840677261353
effective speed of sound down renormalization...$-\Delta c$ 0.0
residual of the fit... nan
starting bubble....... 919
time for bubble... 29.22788429260254
effective speed of sound down renormalization...$-\Delta c$ 0.0
residual of the fit... nan
starting bubble....... 919
time for bubble... 29.23801040649414
effective speed of sound down renormalization...$-\Delta c$ 0.0
residual of the fit... nan
starting bubble....... 919
time for bubble... 29.31300926208496
effective speed of sound down renormalization...$-\Delta c$ 0.0
residual of the fit... nan
starting bubble....... 919
time for bubble... 29.379964351654053
effective speed of sound down renormalization...$-\Delta c$ 0.0
residual of the fit... nan
starting bubble....... 919
time for bubble... 29.39376950263977
effective speed of sound down renormalization...$-\Delta c$ 0.0
residual of the fit... nan
time for sweep delta 585.6036429405212
