starting sampling in reciprocal space....
finished sampling in reciprocal space....t= 0.05151939392089844  s
919 numer of sampling lattice points
taking 0 umklapps
hbvf is .. 2.3382685902179845
q is... 0.07456935965397508
hvkd is... 0.17436319147155818
kappa is.. 0.75
alpha is.. 0.6021913175243033
the twist angle is .. 0.01780235837034216
phonon params 233340791204211.22
phonon params upsilon 2.91675989005264e+16
area ratio 0.00031691559356795897 0.0003169155935679577
correct factor by which the interaction is reduced 79.44072397876262
c tilde 1596.2901172754164
starting sampling in reciprocal space....
finished sampling in reciprocal space....t= 0.5635058879852295  s
starting sampling in reciprocal space....
finished sampling in reciprocal space....t= 0.5639209747314453  s
starting dispersion ..........
time to diag over MBZ 2726.843710422516
saving  ..........
number of bands in density of states calculation, 2
sum of the hist, normed? 8.00000000000011
CHEMICAL POTENTIAL AND FILLING 0.0 0.0
starting sampling in reciprocal space....
finished sampling in reciprocal space....t= 0.0521092414855957  s
starting sampling in reciprocal space....
finished sampling in reciprocal space....t= 0.053345680236816406  s
starting dispersion ..........
time to diag over MBZ 251.09290075302124
starting sampling in reciprocal space....
finished sampling in reciprocal space....t= 0.05205225944519043  s
(6433, 564, 2) (919, 564, 2) (6433,)
starting sampling in reciprocal space....
finished sampling in reciprocal space....t= 0.05179882049560547  s
(6433, 564, 2) (919, 564, 2) (6433,)
calculating tensor that stores the overlaps........
finsihed the overlaps.......... 14.991829872131348
calculating tensor that stores the overlaps........
finsihed the overlaps.......... 2.841459274291992
calculating tensor that stores the overlaps........
finsihed the overlaps.......... 15.241716146469116
calculating tensor that stores the overlaps........
finsihed the overlaps.......... 2.843341112136841
testing symmetry of the form factors...
plus valley form factor passed the C3 symmetry test with average difference...  7.372740394769128e-15
minus valley form factor passed the C3 symmetry test with average difference...  6.4200478671969794e-15
finished testing symmetry of the form factors...
starting bubble....... 919
time for bubble... 29.24552607536316
effective speed of sound down renormalization...$-\Delta c$ 4101.040335381822
residual of the fit... 0.055733941429409885
starting bubble....... 919
time for bubble... 29.41529369354248
effective speed of sound down renormalization...$-\Delta c$ 4192.914857213553
residual of the fit... 0.00528982457031676
starting bubble....... 919
time for bubble... 29.354105710983276
effective speed of sound down renormalization...$-\Delta c$ 4372.500862455388
residual of the fit... 0.02865029045214296
starting bubble....... 919
time for bubble... 29.516870498657227
effective speed of sound down renormalization...$-\Delta c$ 4754.98272796546
residual of the fit... 0.008995008092873145
starting bubble....... 919
time for bubble... 29.421890020370483
effective speed of sound down renormalization...$-\Delta c$ 5063.710674362179
residual of the fit... 0.032613972790342505
starting bubble....... 919
time for bubble... 29.415982484817505
effective speed of sound down renormalization...$-\Delta c$ 5208.301556260369
residual of the fit... 0.0072244300567502915
starting bubble....... 919
time for bubble... 29.409369707107544
effective speed of sound down renormalization...$-\Delta c$ 4836.423443092439
residual of the fit... 0.04381618945534915
starting bubble....... 919
time for bubble... 29.457688331604004
effective speed of sound down renormalization...$-\Delta c$ 4414.535187291444
residual of the fit... 0.025727802451351846
starting bubble....... 919
time for bubble... 29.493170261383057
effective speed of sound down renormalization...$-\Delta c$ 3936.905314347254
residual of the fit... 0.010738720356303414
starting bubble....... 919
time for bubble... 29.43717312812805
effective speed of sound down renormalization...$-\Delta c$ 3632.202294458006
residual of the fit... 0.027169227135673185
starting bubble....... 919
time for bubble... 29.540597677230835
effective speed of sound down renormalization...$-\Delta c$ 3307.8830480254346
residual of the fit... 0.00289455458994609
starting bubble....... 919
time for bubble... 29.594106912612915
effective speed of sound down renormalization...$-\Delta c$ 3056.530691002402
residual of the fit... 0.009138968001816086
starting bubble....... 919
time for bubble... 29.58807635307312
effective speed of sound down renormalization...$-\Delta c$ 2720.21135325349
residual of the fit... 0.013671566171194357
starting bubble....... 919
time for bubble... 29.565643548965454
effective speed of sound down renormalization...$-\Delta c$ 2428.030462810344
residual of the fit... 0.0075451284106089036
starting bubble....... 919
time for bubble... 29.56238055229187
effective speed of sound down renormalization...$-\Delta c$ 2081.550722590973
residual of the fit... 0.028142982787010926
starting bubble....... 919
time for bubble... 29.55596685409546
effective speed of sound down renormalization...$-\Delta c$ 1842.300754593919
residual of the fit... 0.05368469069772164
starting bubble....... 919
time for bubble... 29.71928858757019
effective speed of sound down renormalization...$-\Delta c$ 1419.5770252369389
residual of the fit... 0.01221826786065776
starting bubble....... 919
time for bubble... 29.9273624420166
effective speed of sound down renormalization...$-\Delta c$ 1043.2029846533128
residual of the fit... 0.07637989365851293
starting bubble....... 919
time for bubble... 30.123326539993286
effective speed of sound down renormalization...$-\Delta c$ 751.3120806814105
residual of the fit... 0.03045830149783461
starting bubble....... 919
time for bubble... 29.473538160324097
effective speed of sound down renormalization...$-\Delta c$ 309.2073883316429
residual of the fit... 0.17443872582393832
time for sweep delta 590.8573350906372
