starting sampling in reciprocal space....
finished sampling in reciprocal space....t= 0.006743431091308594  s
91 numer of sampling lattice points
taking 0 umklapps
hbvf is .. 2.3382685902179845
q is... 0.08334195130950957
hvkd is... 0.19487586699450285
kappa is.. 0.75
alpha is.. 0.5388045303883723
the twist angle is .. 0.019896753472735354
starting sampling in reciprocal space....
finished sampling in reciprocal space....t= 0.004111051559448242  s
starting sampling in reciprocal space....
finished sampling in reciprocal space....t= 0.0040781497955322266  s
starting dispersion ..........
time to diag over MBZ 8.795460224151611
number of bands in density of states calculation, 2
sum of the hist, normed? 7.99999999999999
CHEMICAL POTENTIAL AND FILLING 0.0 0.0
starting sampling in reciprocal space....
finished sampling in reciprocal space....t= 0.004196643829345703  s
(4200,)
the bandwidth is ... 0.01888302474808859
276.86user 6.95system 0:36.59elapsed 775%CPU (0avgtext+0avgdata 3163264maxresident)k
0inputs+168outputs (0major+4599322minor)pagefaults 0swaps
