starting sampling in reciprocal space....
finished sampling in reciprocal space....t= 0.050950050354003906  s
919 numer of sampling lattice points
taking 0 umklapps
hbvf is .. 2.7
q is... 0.08443851903755235
hvkd is... 0.22798400140139136
kappa is.. 0.5
alpha is.. 0.4605586328627321
the twist angle is .. 0.02015855286053451
phonon params 767258021359744.0 70.0831338140005 8760.391726750064
starting sampling in reciprocal space....
finished sampling in reciprocal space....t= 0.3624427318572998  s
starting sampling in reciprocal space....
finished sampling in reciprocal space....t= 0.36502766609191895  s
starting dispersion ..........
time to diag over MBZ 6298.97819185257
saving  ..........
number of bands in density of states calculation, 2
sum of the hist, normed? 8.000000000000108
CHEMICAL POTENTIAL AND FILLING 0.0 0.0
starting sampling in reciprocal space....
finished sampling in reciprocal space....t= 0.05165719985961914  s
starting sampling in reciprocal space....
finished sampling in reciprocal space....t= 0.05192399024963379  s
starting dispersion ..........
time to diag over MBZ 1022.2528417110443
starting sampling in reciprocal space....
finished sampling in reciprocal space....t= 0.0519256591796875  s
(6433, 564, 2) (919, 564, 2) (6433,)
starting sampling in reciprocal space....
finished sampling in reciprocal space....t= 0.05127215385437012  s
(6433, 564, 2) (919, 564, 2) (6433,)
calculating tensor that stores the overlaps........
finsihed the overlaps.......... 17.429999351501465
calculating tensor that stores the overlaps........
finsihed the overlaps.......... 17.119815587997437
calculating tensor that stores the overlaps........
finsihed the overlaps.......... 15.873074769973755
calculating tensor that stores the overlaps........
finsihed the overlaps.......... 3.1815695762634277
calculating tensor that stores the overlaps........
finsihed the overlaps.......... 16.490591049194336
calculating tensor that stores the overlaps........
finsihed the overlaps.......... 3.4623749256134033
testing symmetry of the form factors...
plus valley form factor passed the C3 symmetry test with average difference...  8.663090560278219e-16
minus valley form factor passed the C3 symmetry test with average difference...  1.061559346727651e-15
finished testing symmetry of the form factors...
starting bubble....... 919
time for bubble... 29.361360549926758
effective speed of sound down renormalization...$-\Delta c$ 1620.06816942494
residual of the fit... 0.08504839451713407
starting bubble....... 919
time for bubble... 29.50986886024475
effective speed of sound down renormalization...$-\Delta c$ 1676.705292853302
residual of the fit... 0.007925771013753654
starting bubble....... 919
time for bubble... 29.528199434280396
effective speed of sound down renormalization...$-\Delta c$ 2004.9605816093845
residual of the fit... 0.04043607308999037
starting bubble....... 919
time for bubble... 29.50362467765808
effective speed of sound down renormalization...$-\Delta c$ 1729.8985230198264
residual of the fit... 0.04802062944654474
starting bubble....... 919
time for bubble... 29.437103986740112
effective speed of sound down renormalization...$-\Delta c$ 1109.6047125959326
residual of the fit... 0.010266130241194313
starting bubble....... 919
time for bubble... 29.423710584640503
effective speed of sound down renormalization...$-\Delta c$ 625.0163950940921
residual of the fit... 0.004534816611661158
starting bubble....... 919
time for bubble... 29.415538549423218
effective speed of sound down renormalization...$-\Delta c$ 163.9538751633874
residual of the fit... 0.017227311260341372
time for sweep delta 206.20190811157227
