starting sampling in reciprocal space....
finished sampling in reciprocal space....t= 0.051351070404052734  s
919 numer of sampling lattice points
taking 0 umklapps
hbvf is .. 2.7
q is... 0.06448077875110592
hvkd is... 0.17409810262798597
kappa is.. 0.75
alpha is.. 0.6031082384876113
the twist angle is .. 0.015393804002589986
phonon params 260915633949810.6 120.18054822711242 15022.568528389053
starting sampling in reciprocal space....
finished sampling in reciprocal space....t= 0.35976529121398926  s
starting sampling in reciprocal space....
finished sampling in reciprocal space....t= 0.36371612548828125  s
starting dispersion ..........
time to diag over MBZ 2080.1369354724884
saving  ..........
number of bands in density of states calculation, 2
sum of the hist, normed? 7.999999999999938
CHEMICAL POTENTIAL AND FILLING 0.0 0.0
starting sampling in reciprocal space....
finished sampling in reciprocal space....t= 0.05255389213562012  s
starting sampling in reciprocal space....
finished sampling in reciprocal space....t= 0.05211305618286133  s
starting dispersion ..........
time to diag over MBZ 414.58801794052124
starting sampling in reciprocal space....
finished sampling in reciprocal space....t= 0.0517420768737793  s
(6433, 564, 2) (919, 564, 2) (6433,)
starting sampling in reciprocal space....
finished sampling in reciprocal space....t= 0.05171990394592285  s
(6433, 564, 2) (919, 564, 2) (6433,)
calculating tensor that stores the overlaps........
finsihed the overlaps.......... 15.633901596069336
calculating tensor that stores the overlaps........
finsihed the overlaps.......... 15.19362473487854
calculating tensor that stores the overlaps........
finsihed the overlaps.......... 15.13643217086792
calculating tensor that stores the overlaps........
finsihed the overlaps.......... 2.3896143436431885
calculating tensor that stores the overlaps........
finsihed the overlaps.......... 15.149586915969849
calculating tensor that stores the overlaps........
finsihed the overlaps.......... 3.1728127002716064
testing symmetry of the form factors...
plus valley form factor passed the C3 symmetry test with average difference...  6.133128050020985e-15
minus valley form factor passed the C3 symmetry test with average difference...  6.146667871551175e-15
finished testing symmetry of the form factors...
starting bubble....... 919
time for bubble... 29.41521167755127
effective speed of sound down renormalization...$-\Delta c$ 4804.974528861251
residual of the fit... 0.07152502255506887
starting bubble....... 919
time for bubble... 29.63779902458191
effective speed of sound down renormalization...$-\Delta c$ 5834.908850727984
residual of the fit... 0.06326325439898901
starting bubble....... 919
time for bubble... 29.422964334487915
effective speed of sound down renormalization...$-\Delta c$ 5664.16832851324
residual of the fit... 0.059314199110906664
starting bubble....... 919
time for bubble... 29.79305648803711
effective speed of sound down renormalization...$-\Delta c$ 4175.312612177445
residual of the fit... 0.03675901697674098
starting bubble....... 919
time for bubble... 29.640015602111816
effective speed of sound down renormalization...$-\Delta c$ 2950.974609089321
residual of the fit... 0.07346511484390456
starting bubble....... 919
time for bubble... 29.588002920150757
effective speed of sound down renormalization...$-\Delta c$ 1769.5404332427079
residual of the fit... 0.02188469078485845
starting bubble....... 919
time for bubble... 29.554567337036133
effective speed of sound down renormalization...$-\Delta c$ 396.5093076352607
residual of the fit... 0.02192796410486598
time for sweep delta 207.07138109207153
