starting sampling in reciprocal space....
finished sampling in reciprocal space....t= 0.05160975456237793  s
919 numer of sampling lattice points
taking 0 umklapps
hbvf is .. 2.7
q is... 0.0706216661546583
hvkd is... 0.19067849861757744
kappa is.. 0.75
alpha is.. 0.5506651287966493
the twist angle is .. 0.016859880574265226
phonon params 187715808960861.78
phonon params upsilon 2.3464476120107724e+16
area ratio 0.0002842488396063886 0.0002842488396063887
correct factor by which the interaction is reduced 83.88139561266557
c tilde 1511.782698300207
starting sampling in reciprocal space....
finished sampling in reciprocal space....t= 0.36600756645202637  s
starting sampling in reciprocal space....
finished sampling in reciprocal space....t= 0.3651130199432373  s
starting dispersion ..........
time to diag over MBZ 9229.753492116928
saving  ..........
number of bands in density of states calculation, 2
sum of the hist, normed? 8.000000000000007
CHEMICAL POTENTIAL AND FILLING 0.0 0.0
starting sampling in reciprocal space....
finished sampling in reciprocal space....t= 0.052530527114868164  s
starting sampling in reciprocal space....
finished sampling in reciprocal space....t= 0.052227020263671875  s
starting dispersion ..........
time to diag over MBZ 1829.8248491287231
starting sampling in reciprocal space....
finished sampling in reciprocal space....t= 0.0521085262298584  s
(6433, 564, 2) (919, 564, 2) (6433,)
starting sampling in reciprocal space....
finished sampling in reciprocal space....t= 0.051883697509765625  s
(6433, 564, 2) (919, 564, 2) (6433,)
calculating tensor that stores the overlaps........
finsihed the overlaps.......... 15.498360633850098
calculating tensor that stores the overlaps........
finsihed the overlaps.......... 15.715286254882812
calculating tensor that stores the overlaps........
finsihed the overlaps.......... 16.217738151550293
calculating tensor that stores the overlaps........
finsihed the overlaps.......... 3.2263293266296387
calculating tensor that stores the overlaps........
finsihed the overlaps.......... 17.85386347770691
calculating tensor that stores the overlaps........
finsihed the overlaps.......... 3.099954843521118
testing symmetry of the form factors...
plus valley form factor passed the C3 symmetry test with average difference...  5.148260118644176e-15
minus valley form factor passed the C3 symmetry test with average difference...  8.690716670601203e-15
finished testing symmetry of the form factors...
starting bubble....... 919
time for bubble... 29.355161428451538
effective speed of sound down renormalization...$-\Delta c$ 2575.529441845484
residual of the fit... 0.07120980863620825
starting bubble....... 919
time for bubble... 29.53592610359192
effective speed of sound down renormalization...$-\Delta c$ 2912.3907433056297
residual of the fit... 0.014815969898548463
starting bubble....... 919
time for bubble... 29.53166913986206
effective speed of sound down renormalization...$-\Delta c$ 3601.8578609676915
residual of the fit... 0.038100781968178656
starting bubble....... 919
time for bubble... 29.596466541290283
effective speed of sound down renormalization...$-\Delta c$ 2539.1522857966975
residual of the fit... 0.020363013716492493
starting bubble....... 919
time for bubble... 29.625950813293457
effective speed of sound down renormalization...$-\Delta c$ 1882.2993400705197
residual of the fit... 0.029612231969519676
starting bubble....... 919
time for bubble... 29.64345407485962
effective speed of sound down renormalization...$-\Delta c$ 1095.4667521935717
residual of the fit... 0.04050089940113435
starting bubble....... 919
time for bubble... 29.653852462768555
effective speed of sound down renormalization...$-\Delta c$ 297.2209215833725
residual of the fit... 0.023942459424153614
time for sweep delta 206.96325874328613
