starting sampling in reciprocal space....
finished sampling in reciprocal space....t= 0.05110740661621094  s
919 numer of sampling lattice points
taking 0 umklapps
hbvf is .. 2.3382685902179845
q is... 0.07383830652545242
hvkd is... 0.17265379290335303
kappa is.. 0.3
alpha is.. 0.6081534511018601
the twist angle is .. 0.017627825445142728
phonon params 224324093692885.3
phonon params upsilon 2.8040511711610664e+16
area ratio 0.00031073218338356076 0.0003107321833835602
correct factor by which the interaction is reduced 80.22724512922734
c tilde 1580.640621427806
starting sampling in reciprocal space....
finished sampling in reciprocal space....t= 0.5639524459838867  s
starting sampling in reciprocal space....
finished sampling in reciprocal space....t= 0.5669107437133789  s
starting dispersion ..........
time to diag over MBZ 2833.707656621933
saving  ..........
number of bands in density of states calculation, 2
sum of the hist, normed? 8.000000000000107
CHEMICAL POTENTIAL AND FILLING 0.0 0.0
starting sampling in reciprocal space....
finished sampling in reciprocal space....t= 0.05251336097717285  s
starting sampling in reciprocal space....
finished sampling in reciprocal space....t= 0.0529022216796875  s
starting dispersion ..........
time to diag over MBZ 283.8157489299774
starting sampling in reciprocal space....
finished sampling in reciprocal space....t= 0.05177450180053711  s
(6433, 564, 2) (919, 564, 2) (6433,)
starting sampling in reciprocal space....
finished sampling in reciprocal space....t= 0.052091360092163086  s
(6433, 564, 2) (919, 564, 2) (6433,)
calculating tensor that stores the overlaps........
finsihed the overlaps.......... 15.6041738986969
calculating tensor that stores the overlaps........
finsihed the overlaps.......... 15.452406644821167
calculating tensor that stores the overlaps........
finsihed the overlaps.......... 15.60706615447998
calculating tensor that stores the overlaps........
finsihed the overlaps.......... 2.5725302696228027
calculating tensor that stores the overlaps........
finsihed the overlaps.......... 15.384608745574951
calculating tensor that stores the overlaps........
finsihed the overlaps.......... 2.389693021774292
testing symmetry of the form factors...
plus valley form factor passed the C3 symmetry test with average difference...  5.064939823711462e-15
minus valley form factor passed the C3 symmetry test with average difference...  5.193327015375623e-15
finished testing symmetry of the form factors...
starting bubble....... 919
time for bubble... 29.23249387741089
effective speed of sound down renormalization...$-\Delta c$ 2748.5738497122293
residual of the fit... 0.08755766872160106
starting bubble....... 919
time for bubble... 29.47937846183777
effective speed of sound down renormalization...$-\Delta c$ 2762.989470216439
residual of the fit... 0.04043512436814752
starting bubble....... 919
time for bubble... 29.69330096244812
effective speed of sound down renormalization...$-\Delta c$ 2795.8611838706656
residual of the fit... 0.01737028590252005
starting bubble....... 919
time for bubble... 29.82237672805786
effective speed of sound down renormalization...$-\Delta c$ 2728.5093060304575
residual of the fit... 0.0653635700385357
starting bubble....... 919
time for bubble... 29.74107837677002
effective speed of sound down renormalization...$-\Delta c$ 2956.847793757908
residual of the fit... 0.03322009377656779
starting bubble....... 919
time for bubble... 29.685624361038208
effective speed of sound down renormalization...$-\Delta c$ 2858.465919366476
residual of the fit... 0.05751708652410961
starting bubble....... 919
time for bubble... 29.802019357681274
effective speed of sound down renormalization...$-\Delta c$ 3079.178508344898
residual of the fit... 0.02392810859480879
starting bubble....... 919
time for bubble... 29.6568124294281
effective speed of sound down renormalization...$-\Delta c$ 3351.9322731973984
residual of the fit... 0.038505936102976486
starting bubble....... 919
time for bubble... 29.657782793045044
effective speed of sound down renormalization...$-\Delta c$ 3436.4236978675253
residual of the fit... 0.04135252184987194
starting bubble....... 919
time for bubble... 29.654375076293945
effective speed of sound down renormalization...$-\Delta c$ 2912.1142714089415
residual of the fit... 0.0628298794802409
starting bubble....... 919
time for bubble... 29.522854328155518
effective speed of sound down renormalization...$-\Delta c$ 2500.7275833890853
residual of the fit... 0.04764564605107409
starting bubble....... 919
time for bubble... 29.648853302001953
effective speed of sound down renormalization...$-\Delta c$ 2186.2047365725125
residual of the fit... 0.022359994343062878
starting bubble....... 919
time for bubble... 29.61967134475708
effective speed of sound down renormalization...$-\Delta c$ 1961.036149362995
residual of the fit... 0.016615538733798042
starting bubble....... 919
time for bubble... 29.530031204223633
effective speed of sound down renormalization...$-\Delta c$ 1651.8688470971144
residual of the fit... 0.012861238252346325
starting bubble....... 919
time for bubble... 29.63142728805542
effective speed of sound down renormalization...$-\Delta c$ 1431.8345848627173
residual of the fit... 0.0126450814500573
starting bubble....... 919
time for bubble... 29.86176037788391
effective speed of sound down renormalization...$-\Delta c$ 1143.919898593934
residual of the fit... 0.0081227947696549
starting bubble....... 919
time for bubble... 29.91898798942566
effective speed of sound down renormalization...$-\Delta c$ 889.2446129926816
residual of the fit... 0.009709427623491024
starting bubble....... 919
time for bubble... 30.008636951446533
effective speed of sound down renormalization...$-\Delta c$ 662.2541921297501
residual of the fit... 0.009761463297650172
starting bubble....... 919
time for bubble... 29.762439727783203
effective speed of sound down renormalization...$-\Delta c$ 454.58190042687977
residual of the fit... 0.0032994360424875146
starting bubble....... 919
time for bubble... 29.89900255203247
effective speed of sound down renormalization...$-\Delta c$ 191.1993554965566
residual of the fit... 0.09698734563658239
time for sweep delta 593.8671338558197
