starting sampling in reciprocal space....
finished sampling in reciprocal space....t= 0.00843048095703125  s
91 numer of sampling lattice points
taking 0 umklapps
hbvf is .. 2.3382685902179845
q is... 0.07310725283461868
hvkd is... 0.17094439302031356
kappa is.. 0.75
alpha is.. 0.6142348289102568
the twist angle is .. 0.017453292519943295
starting sampling in reciprocal space....
finished sampling in reciprocal space....t= 0.004184722900390625  s
starting sampling in reciprocal space....
finished sampling in reciprocal space....t= 0.004116058349609375  s
starting dispersion ..........
time to diag over MBZ 9.024687051773071
number of bands in density of states calculation, 2
sum of the hist, normed? 8.000000000000014
CHEMICAL POTENTIAL AND FILLING 0.0 0.0
starting sampling in reciprocal space....
finished sampling in reciprocal space....t= 0.004134416580200195  s
(1680,)
the bandwidth is ... 0.014588936437283295
161.70user 4.32system 0:21.95elapsed 756%CPU (0avgtext+0avgdata 1374176maxresident)k
0inputs+240outputs (0major+2447326minor)pagefaults 0swaps
