starting sampling in reciprocal space....
finished sampling in reciprocal space....t= 0.009967327117919922  s
91 numer of sampling lattice points
taking 0 umklapps
hbvf is .. 2.3382685902179845
q is... 0.08772821346553646
hvkd is... 0.20513212602240233
kappa is.. 0.75
alpha is.. 0.511865216024393
the twist angle is .. 0.020943951023931952
starting sampling in reciprocal space....
finished sampling in reciprocal space....t= 0.004255533218383789  s
starting sampling in reciprocal space....
finished sampling in reciprocal space....t= 0.0042302608489990234  s
starting dispersion ..........
time to diag over MBZ 8.83739686012268
number of bands in density of states calculation, 2
sum of the hist, normed? 8.000000000000002
CHEMICAL POTENTIAL AND FILLING 0.0 0.0
starting sampling in reciprocal space....
finished sampling in reciprocal space....t= 0.004119157791137695  s
(4200,)
the bandwidth is ... 0.034794776570457375
278.11user 7.14system 0:36.76elapsed 775%CPU (0avgtext+0avgdata 3162852maxresident)k
0inputs+176outputs (0major+4600072minor)pagefaults 0swaps
