starting sampling in reciprocal space....
finished sampling in reciprocal space....t= 0.004801273345947266  s
91 numer of sampling lattice points
taking 0 umklapps
hbvf is .. 2.7
q is... 0.06601600397918202
hvkd is... 0.17824321074379146
kappa is.. 1
alpha is.. 0.5890827457710467
the twist angle is .. 0.015760323145508796
starting sampling in reciprocal space....
finished sampling in reciprocal space....t= 0.005116701126098633  s
starting sampling in reciprocal space....
finished sampling in reciprocal space....t= 0.004862546920776367  s
starting dispersion ..........
time to diag over MBZ 252.63765740394592
number of bands in density of states calculation, 2
sum of the hist, normed? 7.999999999999993
CHEMICAL POTENTIAL AND FILLING 0.0 0.0
starting sampling in reciprocal space....
finished sampling in reciprocal space....t= 0.040781259536743164  s
(1680,)
the bandwidth is ... 0.0061644489069675075
457.32user 31.54system 9:49.36elapsed 82%CPU (0avgtext+0avgdata 1373600maxresident)k
0inputs+184outputs (0major+2447594minor)pagefaults 0swaps
