starting sampling in reciprocal space....
finished sampling in reciprocal space....t= 0.005647897720336914  s
91 numer of sampling lattice points
taking 0 umklapps
hbvf is .. 2.3382685902179845
q is... 0.06725880373283684
hvkd is... 0.15726914818412852
kappa is.. 0.75
alpha is.. 0.6676452515471596
the twist angle is .. 0.016057029118347832
starting sampling in reciprocal space....
finished sampling in reciprocal space....t= 0.0042192935943603516  s
starting sampling in reciprocal space....
finished sampling in reciprocal space....t= 0.004168272018432617  s
starting dispersion ..........
time to diag over MBZ 8.825669050216675
number of bands in density of states calculation, 2
sum of the hist, normed? 8.0
CHEMICAL POTENTIAL AND FILLING 0.0 0.0
starting sampling in reciprocal space....
finished sampling in reciprocal space....t= 0.004044055938720703  s
(240,)
the bandwidth is ... 0.029928191820134963
157.59user 3.72system 0:21.29elapsed 757%CPU (0avgtext+0avgdata 1373988maxresident)k
0inputs+224outputs (0major+2447001minor)pagefaults 0swaps
