starting sampling in reciprocal space....
finished sampling in reciprocal space....t= 0.00503993034362793  s
91 numer of sampling lattice points
taking 0 umklapps
hbvf is .. 2.7
q is... 0.0629455513575022
hvkd is... 0.16995298866525593
kappa is.. 0.75
alpha is.. 0.6178179084971014
the twist angle is .. 0.015027284859671178
starting sampling in reciprocal space....
finished sampling in reciprocal space....t= 0.031159639358520508  s
starting sampling in reciprocal space....
finished sampling in reciprocal space....t= 0.004950284957885742  s
starting dispersion ..........
time to diag over MBZ 74.32298040390015
number of bands in density of states calculation, 2
sum of the hist, normed? 7.999999999999998
CHEMICAL POTENTIAL AND FILLING 0.0 0.0
starting sampling in reciprocal space....
finished sampling in reciprocal space....t= 0.004915952682495117  s
(1680,)
the bandwidth is ... 0.015831999716930355
380.37user 22.86system 2:55.32elapsed 229%CPU (0avgtext+0avgdata 1374068maxresident)k
0inputs+192outputs (0major+2447464minor)pagefaults 0swaps
