starting sampling in reciprocal space....
finished sampling in reciprocal space....t= 0.051465511322021484  s
919 numer of sampling lattice points
taking 0 umklapps
hbvf is .. 2.3382685902179845
q is... 0.08041776377089012
hvkd is... 0.18803833112104215
kappa is.. 0.3
alpha is.. 0.5583967873678396
the twist angle is .. 0.019198621771937627
phonon params 315614523823549.94
phonon params upsilon 3.945181547794374e+16
area ratio 0.00036857575671151094 0.0003685757567115115
correct factor by which the interaction is reduced 73.6633753510168
c tilde 1721.4856364133773
starting sampling in reciprocal space....
finished sampling in reciprocal space....t= 0.5720908641815186  s
starting sampling in reciprocal space....
finished sampling in reciprocal space....t= 0.558826208114624  s
starting dispersion ..........
time to diag over MBZ 2870.209832429886
saving  ..........
number of bands in density of states calculation, 2
sum of the hist, normed? 7.999999999999982
CHEMICAL POTENTIAL AND FILLING 0.0 0.0
starting sampling in reciprocal space....
finished sampling in reciprocal space....t= 0.051682472229003906  s
starting sampling in reciprocal space....
finished sampling in reciprocal space....t= 0.052350759506225586  s
starting dispersion ..........
time to diag over MBZ 257.54207015037537
starting sampling in reciprocal space....
finished sampling in reciprocal space....t= 0.05199313163757324  s
(6433, 564, 2) (919, 564, 2) (6433,)
starting sampling in reciprocal space....
finished sampling in reciprocal space....t= 0.05129742622375488  s
(6433, 564, 2) (919, 564, 2) (6433,)
calculating tensor that stores the overlaps........
finsihed the overlaps.......... 15.181027889251709
calculating tensor that stores the overlaps........
finsihed the overlaps.......... 3.1079165935516357
calculating tensor that stores the overlaps........
finsihed the overlaps.......... 15.105542182922363
calculating tensor that stores the overlaps........
finsihed the overlaps.......... 2.593690872192383
testing symmetry of the form factors...
plus valley form factor passed the C3 symmetry test with average difference...  3.9747039783253695e-15
minus valley form factor passed the C3 symmetry test with average difference...  3.8099436764505344e-15
finished testing symmetry of the form factors...
starting bubble....... 919
time for bubble... 29.37696146965027
effective speed of sound down renormalization...$-\Delta c$ 2714.1724375233184
residual of the fit... 0.06939178973812443
starting bubble....... 919
time for bubble... 29.633853435516357
effective speed of sound down renormalization...$-\Delta c$ 2733.8848692034076
residual of the fit... 0.0008831492954644873
starting bubble....... 919
time for bubble... 29.62084460258484
effective speed of sound down renormalization...$-\Delta c$ 2699.270636794004
residual of the fit... 0.024824573265238962
starting bubble....... 919
time for bubble... 29.551668167114258
effective speed of sound down renormalization...$-\Delta c$ 2780.333370086245
residual of the fit... 0.028752418477234084
starting bubble....... 919
time for bubble... 29.5829074382782
effective speed of sound down renormalization...$-\Delta c$ 2790.505086210388
residual of the fit... 0.000443309913064098
starting bubble....... 919
time for bubble... 29.527448415756226
effective speed of sound down renormalization...$-\Delta c$ 2857.5707070774765
residual of the fit... 0.008131463528715854
starting bubble....... 919
time for bubble... 29.691721439361572
effective speed of sound down renormalization...$-\Delta c$ 3007.53222417965
residual of the fit... 0.024204418845162973
starting bubble....... 919
time for bubble... 29.732799768447876
effective speed of sound down renormalization...$-\Delta c$ 3258.28396436314
residual of the fit... 0.05250510906585794
starting bubble....... 919
time for bubble... 29.61900806427002
effective speed of sound down renormalization...$-\Delta c$ 3348.6852312076494
residual of the fit... 0.02220501561193376
starting bubble....... 919
time for bubble... 29.796644926071167
effective speed of sound down renormalization...$-\Delta c$ 2876.89449067157
residual of the fit... 0.06054115491401591
starting bubble....... 919
time for bubble... 29.668493509292603
effective speed of sound down renormalization...$-\Delta c$ 2349.6455783724714
residual of the fit... 0.04557389458978412
starting bubble....... 919
time for bubble... 29.78797221183777
effective speed of sound down renormalization...$-\Delta c$ 2120.8694306382245
residual of the fit... 0.04555047158526885
starting bubble....... 919
time for bubble... 29.72248077392578
effective speed of sound down renormalization...$-\Delta c$ 1948.2051601026349
residual of the fit... 0.05299475436491637
starting bubble....... 919
time for bubble... 29.68466544151306
effective speed of sound down renormalization...$-\Delta c$ 1671.6597022310232
residual of the fit... 0.03159384979455026
starting bubble....... 919
time for bubble... 29.667325019836426
effective speed of sound down renormalization...$-\Delta c$ 1354.0097794358035
residual of the fit... 0.04863428567908861
starting bubble....... 919
time for bubble... 29.68445110321045
effective speed of sound down renormalization...$-\Delta c$ 1068.7451592019745
residual of the fit... 0.07735071506648977
starting bubble....... 919
time for bubble... 29.70467448234558
effective speed of sound down renormalization...$-\Delta c$ 862.231477976172
residual of the fit... 0.018233093629024397
starting bubble....... 919
time for bubble... 29.656129598617554
effective speed of sound down renormalization...$-\Delta c$ 671.7268015877703
residual of the fit... 0.06698003842853749
starting bubble....... 919
time for bubble... 29.710663557052612
effective speed of sound down renormalization...$-\Delta c$ 400.99589603364166
residual of the fit... 0.3043405674927998
starting bubble....... 919
time for bubble... 29.781195163726807
effective speed of sound down renormalization...$-\Delta c$ 192.34068186476588
residual of the fit... 0.08944964693471778
time for sweep delta 593.2416772842407
