starting sampling in reciprocal space....
finished sampling in reciprocal space....t= 0.00815272331237793  s
91 numer of sampling lattice points
taking 0 umklapps
hbvf is .. 2.3382685902179845
q is... 0.0826109053629646
hvkd is... 0.19316648521969057
kappa is.. 0.75
alpha is.. 0.5435725554595158
the twist angle is .. 0.01972222054753592
starting sampling in reciprocal space....
finished sampling in reciprocal space....t= 0.00434422492980957  s
starting sampling in reciprocal space....
finished sampling in reciprocal space....t= 0.004178285598754883  s
starting dispersion ..........
time to diag over MBZ 8.977274417877197
number of bands in density of states calculation, 2
sum of the hist, normed? 7.999999999999996
CHEMICAL POTENTIAL AND FILLING 0.0 0.0
starting sampling in reciprocal space....
finished sampling in reciprocal space....t= 0.0040018558502197266  s
(240,)
the bandwidth is ... 0.01630760576116779
160.19user 4.35system 0:21.72elapsed 757%CPU (0avgtext+0avgdata 1374392maxresident)k
0inputs+232outputs (0major+2448358minor)pagefaults 0swaps
