starting sampling in reciprocal space....
finished sampling in reciprocal space....t= 0.007934331893920898  s
91 numer of sampling lattice points
taking 0 umklapps
hbvf is .. 2.3382685902179845
q is... 0.06579668622399441
hvkd is... 0.1538503247379945
kappa is.. 0.75
alpha is.. 0.6824814973826925
the twist angle is .. 0.015707963267948967
starting sampling in reciprocal space....
finished sampling in reciprocal space....t= 0.004139423370361328  s
starting sampling in reciprocal space....
finished sampling in reciprocal space....t= 0.003997802734375  s
starting dispersion ..........
time to diag over MBZ 8.688463687896729
number of bands in density of states calculation, 2
sum of the hist, normed? 8.000000000000009
CHEMICAL POTENTIAL AND FILLING 0.0 0.0
starting sampling in reciprocal space....
finished sampling in reciprocal space....t= 0.003986835479736328  s
(1680,)
the bandwidth is ... 0.02494695974009223
156.46user 4.15system 0:21.13elapsed 759%CPU (0avgtext+0avgdata 1373040maxresident)k
0inputs+208outputs (0major+2447009minor)pagefaults 0swaps
