starting sampling in reciprocal space....
starting sampling in reciprocal space....
finished sampling in reciprocal space....t= 0.03825998306274414  s
919 numer of sampling lattice points
taking 0 umklapps
hbvf is .. 2.1354
q is... 0.07522730698426787
hvkd is... 0.16064039133420563
kappa is.. 0.8174358974358973
alpha is.. 0.6069457325782737
the twist angle is .. 0.01795943800302165
phonon params 483371529755562.3 88.29654262807894 11037.067828509867
finished sampling in reciprocal space....t= 0.04011201858520508  s
919 numer of sampling lattice points
taking 0 umklapps
hbvf is .. 2.1354
q is... 0.07522730698426787
hvkd is... 0.16064039133420563
kappa is.. 0.8174358974358973
alpha is.. 0.6069457325782737
the twist angle is .. 0.01795943800302165
phonon params 483371529755562.3 88.29654262807894 11037.067828509867
starting sampling in reciprocal space....
starting sampling in reciprocal space....
finished sampling in reciprocal space....t= 0.09318137168884277  s
starting sampling in reciprocal space....
finished sampling in reciprocal space....t= 0.09274888038635254  s
starting sampling in reciprocal space....
finished sampling in reciprocal space....t= 0.09292125701904297  s
starting dispersion ..........
finished sampling in reciprocal space....t= 0.09261965751647949  s
starting dispersion ..........
time to diag over MBZ 133.07957577705383
saving  ..........
number of bands in density of states calculation, 2
sum of the hist, normed? 8.00000000000001
CHEMICAL POTENTIAL AND FILLING 0.0 0.0
starting sampling in reciprocal space....
finished sampling in reciprocal space....t= 0.028173446655273438  s
starting sampling in reciprocal space....
finished sampling in reciprocal space....t= 0.028608322143554688  s
starting dispersion ..........
time to diag over MBZ 140.63299202919006
saving  ..........
number of bands in density of states calculation, 2
sum of the hist, normed? 8.00000000000001
CHEMICAL POTENTIAL AND FILLING 0.0 0.0
starting sampling in reciprocal space....
finished sampling in reciprocal space....t= 0.02747321128845215  s
starting sampling in reciprocal space....
finished sampling in reciprocal space....t= 0.027275800704956055  s
starting dispersion ..........
time to diag over MBZ 59.98329186439514
starting sampling in reciprocal space....
finished sampling in reciprocal space....t= 0.028325557708740234  s
(6433, 564, 2) (919, 564, 2) (6433,)
starting sampling in reciprocal space....
finished sampling in reciprocal space....t= 0.04645824432373047  s
(6433, 564, 2) (919, 564, 2) (6433,)
calculating tensor that stores the overlaps........
time to diag over MBZ 60.67710304260254
starting sampling in reciprocal space....
finished sampling in reciprocal space....t= 0.027425289154052734  s
finsihed the overlaps.......... 4.1806840896606445
(6433, 564, 2) (919, 564, 2) (6433,)
starting sampling in reciprocal space....
finished sampling in reciprocal space....t= 0.04646110534667969  s
calculating tensor that stores the overlaps........
(6433, 564, 2) (919, 564, 2) (6433,)
calculating tensor that stores the overlaps........
finsihed the overlaps.......... 3.8768069744110107
calculating tensor that stores the overlaps........
finsihed the overlaps.......... 4.360346555709839
calculating tensor that stores the overlaps........
finsihed the overlaps.......... 3.876322031021118
calculating tensor that stores the overlaps........
finsihed the overlaps.......... 1.7218124866485596
finsihed the overlaps.......... 1.701411247253418
calculating tensor that stores the overlaps........
calculating tensor that stores the overlaps........
finsihed the overlaps.......... 4.07234001159668
calculating tensor that stores the overlaps........
finsihed the overlaps.......... 3.9330198764801025
calculating tensor that stores the overlaps........
finsihed the overlaps.......... 1.7264330387115479
finsihed the overlaps.......... 1.704862356185913
testing symmetry of the form factors...
plus valley form factor passed the C3 symmetry test with average difference...  5.742436736762773e-15
minus valley form factor passed the C3 symmetry test with average difference...  2.7757175525904552e-14
finished testing symmetry of the form factors...
starting bubble....... 919
testing symmetry of the form factors...
plus valley form factor passed the C3 symmetry test with average difference...  6.8241099566983406e-15
minus valley form factor passed the C3 symmetry test with average difference...  3.741348149262557e-14
finished testing symmetry of the form factors...
starting bubble....... 919
time for bubble... 23.170872688293457
effective speed of sound down renormalization...$-\Delta c$ 6472.481802890875
residual of the fit... 0.05656785049902582
starting bubble....... 919
time for bubble... 23.44890308380127
effective speed of sound down renormalization...$-\Delta c$ 6320.761277549539
residual of the fit... 0.06989454074634499
starting bubble....... 919
time for bubble... 23.045506477355957
effective speed of sound down renormalization...$-\Delta c$ 7102.873094184166
residual of the fit... 0.03987888510272158
starting bubble....... 919
time for bubble... 23.258382558822632
effective speed of sound down renormalization...$-\Delta c$ 6930.244294198881
residual of the fit... 0.052112569151099054
starting bubble....... 919
time for bubble... 23.091955184936523
effective speed of sound down renormalization...$-\Delta c$ 7439.422875706781
residual of the fit... 0.03625688091447958
starting bubble....... 919
time for bubble... 23.285237789154053
effective speed of sound down renormalization...$-\Delta c$ 7598.451402601721
residual of the fit... 0.043938703450801926
starting bubble....... 919
time for bubble... 23.170381784439087
effective speed of sound down renormalization...$-\Delta c$ 5383.825767931087
residual of the fit... 0.01132545854574897
starting bubble....... 919
time for bubble... 23.37762475013733
effective speed of sound down renormalization...$-\Delta c$ 5333.63312354038
residual of the fit... 0.04083702603417639
starting bubble....... 919
time for bubble... 23.208290338516235
effective speed of sound down renormalization...$-\Delta c$ 3963.4803221528755
residual of the fit... 0.021621396995959764
starting bubble....... 919
time for bubble... 23.482041597366333
effective speed of sound down renormalization...$-\Delta c$ 4005.3973382764507
residual of the fit... 0.018484849404698574
starting bubble....... 919
time for bubble... 23.1504909992218
effective speed of sound down renormalization...$-\Delta c$ 2601.393416379207
residual of the fit... 0.013066612236805154
starting bubble....... 919
time for bubble... 23.46711492538452
effective speed of sound down renormalization...$-\Delta c$ 2573.085904727033
residual of the fit... 0.029549458631012087
starting bubble....... 919
time for bubble... 23.165108680725098
effective speed of sound down renormalization...$-\Delta c$ 517.6072410859643
residual of the fit... 0.14106239543791987
time for sweep delta 162.01375079154968
6996.86user 176.55system 6:37.70elapsed 1803%CPU (0avgtext+0avgdata 19739736maxresident)k
0inputs+1136outputs (85major+26655297minor)pagefaults 0swaps
time for bubble... 25.050233364105225
effective speed of sound down renormalization...$-\Delta c$ 589.479566296138
residual of the fit... 0.11904678883907771
time for sweep delta 165.38128447532654
6990.21user 178.53system 6:43.90elapsed 1774%CPU (0avgtext+0avgdata 24912896maxresident)k
0inputs+1224outputs (55major+26733643minor)pagefaults 0swaps
