starting sampling in reciprocal space....
finished sampling in reciprocal space....t= 0.008013010025024414  s
91 numer of sampling lattice points
taking 0 umklapps
hbvf is .. 2.3382685902179845
q is... 0.0826109053629646
hvkd is... 0.19316648521969057
kappa is.. 0.3
alpha is.. 0.5435725554595158
the twist angle is .. 0.01972222054753592
starting sampling in reciprocal space....
finished sampling in reciprocal space....t= 0.004217624664306641  s
starting sampling in reciprocal space....
finished sampling in reciprocal space....t= 0.004152774810791016  s
starting dispersion ..........
time to diag over MBZ 9.06496548652649
number of bands in density of states calculation, 2
sum of the hist, normed? 8.000000000000005
CHEMICAL POTENTIAL AND FILLING 0.0 0.0
starting sampling in reciprocal space....
finished sampling in reciprocal space....t= 0.003943920135498047  s
(4200,)
the bandwidth is ... 0.02090458068435653
284.02user 7.32system 0:37.51elapsed 776%CPU (0avgtext+0avgdata 3163016maxresident)k
0inputs+168outputs (0major+4598168minor)pagefaults 0swaps
