starting sampling in reciprocal space....
finished sampling in reciprocal space....t= 0.05184149742126465  s
919 numer of sampling lattice points
taking 0 umklapps
hbvf is .. 2.3382685902179845
q is... 0.08114881158808747
hvkd is... 0.18974771726994213
kappa is.. 0.3
alpha is.. 0.5533663409010771
the twist angle is .. 0.01937315469713706
phonon params 327248502150003.9
phonon params upsilon 4.090606276875048e+16
area ratio 0.0003753073843623919 0.0003753073843623924
correct factor by which the interaction is reduced 72.99976181553953
c tilde 1737.1350185625997
starting sampling in reciprocal space....
finished sampling in reciprocal space....t= 0.5643901824951172  s
starting sampling in reciprocal space....
finished sampling in reciprocal space....t= 0.5631437301635742  s
starting dispersion ..........
time to diag over MBZ 2906.8912012577057
saving  ..........
number of bands in density of states calculation, 2
sum of the hist, normed? 7.9999999999999165
CHEMICAL POTENTIAL AND FILLING 0.0 0.0
starting sampling in reciprocal space....
finished sampling in reciprocal space....t= 0.05164384841918945  s
starting sampling in reciprocal space....
finished sampling in reciprocal space....t= 0.052732229232788086  s
starting dispersion ..........
time to diag over MBZ 250.65195608139038
starting sampling in reciprocal space....
finished sampling in reciprocal space....t= 0.05193066596984863  s
(6433, 564, 2) (919, 564, 2) (6433,)
starting sampling in reciprocal space....
finished sampling in reciprocal space....t= 0.051856040954589844  s
(6433, 564, 2) (919, 564, 2) (6433,)
calculating tensor that stores the overlaps........
finsihed the overlaps.......... 15.08125352859497
calculating tensor that stores the overlaps........
finsihed the overlaps.......... 14.771270036697388
calculating tensor that stores the overlaps........
finsihed the overlaps.......... 14.99790358543396
calculating tensor that stores the overlaps........
finsihed the overlaps.......... 2.554718255996704
calculating tensor that stores the overlaps........
finsihed the overlaps.......... 14.970959663391113
calculating tensor that stores the overlaps........
finsihed the overlaps.......... 2.145963668823242
testing symmetry of the form factors...
plus valley form factor passed the C3 symmetry test with average difference...  4.288187256907525e-15
minus valley form factor passed the C3 symmetry test with average difference...  4.535026269779413e-15
finished testing symmetry of the form factors...
starting bubble....... 919
time for bubble... 29.379263877868652
effective speed of sound down renormalization...$-\Delta c$ 2430.769852389856
residual of the fit... 0.08830651435303337
starting bubble....... 919
time for bubble... 29.591580867767334
effective speed of sound down renormalization...$-\Delta c$ 2443.3587404338177
residual of the fit... 0.04141845991749721
starting bubble....... 919
time for bubble... 29.724494695663452
effective speed of sound down renormalization...$-\Delta c$ 2478.154410545531
residual of the fit... 0.01495347972365924
starting bubble....... 919
time for bubble... 29.708247184753418
effective speed of sound down renormalization...$-\Delta c$ 2427.71831721954
residual of the fit... 0.05890653259770497
starting bubble....... 919
time for bubble... 29.600964784622192
effective speed of sound down renormalization...$-\Delta c$ 2582.921807562191
residual of the fit... 0.013033081683057756
starting bubble....... 919
time for bubble... 29.54801106452942
effective speed of sound down renormalization...$-\Delta c$ 2506.3304783321614
residual of the fit... 0.07322472100086207
starting bubble....... 919
time for bubble... 29.459420442581177
effective speed of sound down renormalization...$-\Delta c$ 2806.640853212679
residual of the fit... 0.021744891866681812
starting bubble....... 919
time for bubble... 29.545156478881836
effective speed of sound down renormalization...$-\Delta c$ 2929.05985269571
residual of the fit... 0.05728465757126638
starting bubble....... 919
time for bubble... 29.465415954589844
effective speed of sound down renormalization...$-\Delta c$ 3107.2528279163657
residual of the fit... 0.025577850218493434
starting bubble....... 919
time for bubble... 29.4288547039032
effective speed of sound down renormalization...$-\Delta c$ 2679.9611487678435
residual of the fit... 0.06448058189744109
starting bubble....... 919
time for bubble... 29.532758951187134
effective speed of sound down renormalization...$-\Delta c$ 2219.185540659741
residual of the fit... 0.04863988607559041
starting bubble....... 919
time for bubble... 29.50553584098816
effective speed of sound down renormalization...$-\Delta c$ 1974.5620305386303
residual of the fit... 0.010815298576498378
starting bubble....... 919
time for bubble... 29.46182370185852
effective speed of sound down renormalization...$-\Delta c$ 1766.2154713866478
residual of the fit... 0.023860757201999854
starting bubble....... 919
time for bubble... 29.42309880256653
effective speed of sound down renormalization...$-\Delta c$ 1516.421390114756
residual of the fit... 0.00385443805482375
starting bubble....... 919
time for bubble... 29.474123239517212
effective speed of sound down renormalization...$-\Delta c$ 1288.9425869506208
residual of the fit... 0.01583504330482559
starting bubble....... 919
time for bubble... 29.423160314559937
effective speed of sound down renormalization...$-\Delta c$ 1041.4530457644394
residual of the fit... 0.01395168600384598
starting bubble....... 919
time for bubble... 29.541472673416138
effective speed of sound down renormalization...$-\Delta c$ 799.8193655951447
residual of the fit... 0.008101871637418625
starting bubble....... 919
time for bubble... 29.513447523117065
effective speed of sound down renormalization...$-\Delta c$ 595.8453818265496
residual of the fit... 0.009195392339884399
starting bubble....... 919
time for bubble... 29.475499868392944
effective speed of sound down renormalization...$-\Delta c$ 408.33388965839134
residual of the fit... 0.004228330849389916
starting bubble....... 919
time for bubble... 29.377830743789673
effective speed of sound down renormalization...$-\Delta c$ 172.27667642199233
residual of the fit... 0.08587523775157285
time for sweep delta 590.2159993648529
