starting sampling in reciprocal space....
finished sampling in reciprocal space....t= 0.052461862564086914  s
919 numer of sampling lattice points
taking 0 umklapps
hbvf is .. 2.7
q is... 0.06755122699017235
hvkd is... 0.18238831287346535
kappa is.. 0.75
alpha is.. 0.5756947818956214
the twist angle is .. 0.016126842288427607
phonon params 157138274099976.62
phonon params upsilon 1.9642284262497076e+16
area ratio 0.0002600694056590502 0.00026006940565905017
correct factor by which the interaction is reduced 87.69409796814375
c tilde 1446.0544727031522
starting sampling in reciprocal space....
finished sampling in reciprocal space....t= 0.3679845333099365  s
starting sampling in reciprocal space....
finished sampling in reciprocal space....t= 0.37082433700561523  s
starting dispersion ..........
time to diag over MBZ 1962.6583173274994
saving  ..........
number of bands in density of states calculation, 2
sum of the hist, normed? 8.000000000000002
CHEMICAL POTENTIAL AND FILLING 0.0 0.0
starting sampling in reciprocal space....
finished sampling in reciprocal space....t= 0.05232548713684082  s
starting sampling in reciprocal space....
finished sampling in reciprocal space....t= 0.05214571952819824  s
starting dispersion ..........
time to diag over MBZ 639.0620081424713
starting sampling in reciprocal space....
finished sampling in reciprocal space....t= 0.052025556564331055  s
(6433, 564, 2) (919, 564, 2) (6433,)
starting sampling in reciprocal space....
finished sampling in reciprocal space....t= 0.05152153968811035  s
(6433, 564, 2) (919, 564, 2) (6433,)
calculating tensor that stores the overlaps........
finsihed the overlaps.......... 14.800797939300537
calculating tensor that stores the overlaps........
finsihed the overlaps.......... 15.604200601577759
calculating tensor that stores the overlaps........
finsihed the overlaps.......... 17.31941533088684
calculating tensor that stores the overlaps........
finsihed the overlaps.......... 3.467782735824585
calculating tensor that stores the overlaps........
finsihed the overlaps.......... 15.33320665359497
calculating tensor that stores the overlaps........
finsihed the overlaps.......... 2.9708011150360107
testing symmetry of the form factors...
plus valley form factor passed the C3 symmetry test with average difference...  2.5629143908631843e-15
minus valley form factor passed the C3 symmetry test with average difference...  2.304107615377017e-15
finished testing symmetry of the form factors...
starting bubble....... 919
time for bubble... 29.370455265045166
effective speed of sound down renormalization...$-\Delta c$ 6126.309588865794
residual of the fit... 0.06505239476490553
starting bubble....... 919
time for bubble... 29.36627769470215
effective speed of sound down renormalization...$-\Delta c$ 8758.355550394977
residual of the fit... 0.0682326278052253
starting bubble....... 919
time for bubble... 29.516178131103516
effective speed of sound down renormalization...$-\Delta c$ 8019.281394456177
residual of the fit... 0.06398152987894508
starting bubble....... 919
time for bubble... 29.63318634033203
effective speed of sound down renormalization...$-\Delta c$ 6205.784767589806
residual of the fit... 0.047754966163204154
starting bubble....... 919
time for bubble... 29.598633289337158
effective speed of sound down renormalization...$-\Delta c$ 4969.134184045769
residual of the fit... 0.022870614619311332
starting bubble....... 919
time for bubble... 29.43334698677063
effective speed of sound down renormalization...$-\Delta c$ 3682.1714836838064
residual of the fit... 0.040812709876342335
starting bubble....... 919
time for bubble... 29.382855653762817
effective speed of sound down renormalization...$-\Delta c$ 2607.660205091151
residual of the fit... 0.03093316291550792
time for sweep delta 206.32277607917786
