starting sampling in reciprocal space....
finished sampling in reciprocal space....t= 0.00951075553894043  s
91 numer of sampling lattice points
taking 0 umklapps
hbvf is .. 2.3382685902179845
q is... 0.06652774523173477
hvkd is... 0.1555597370533897
kappa is.. 0.75
alpha is.. 0.6749818557739199
the twist angle is .. 0.0158824961931484
starting sampling in reciprocal space....
finished sampling in reciprocal space....t= 0.004149675369262695  s
starting sampling in reciprocal space....
finished sampling in reciprocal space....t= 0.004214286804199219  s
starting dispersion ..........
time to diag over MBZ 8.826003074645996
number of bands in density of states calculation, 2
sum of the hist, normed? 7.999999999999994
CHEMICAL POTENTIAL AND FILLING 0.0 0.0
starting sampling in reciprocal space....
finished sampling in reciprocal space....t= 0.004026889801025391  s
(240,)
the bandwidth is ... 0.02742032974804828
156.30user 3.83system 0:21.14elapsed 757%CPU (0avgtext+0avgdata 1373696maxresident)k
0inputs+224outputs (0major+2446786minor)pagefaults 0swaps
