starting sampling in reciprocal space....
finished sampling in reciprocal space....t= 0.0067882537841796875  s
91 numer of sampling lattice points
taking 0 umklapps
hbvf is .. 2.3382685902179845
q is... 0.06725880373283684
hvkd is... 0.15726914818412852
kappa is.. 0.3
alpha is.. 0.6676452515471596
the twist angle is .. 0.016057029118347832
starting sampling in reciprocal space....
finished sampling in reciprocal space....t= 0.004211902618408203  s
starting sampling in reciprocal space....
finished sampling in reciprocal space....t= 0.004230499267578125  s
starting dispersion ..........
time to diag over MBZ 8.543192148208618
number of bands in density of states calculation, 2
sum of the hist, normed? 8.0
CHEMICAL POTENTIAL AND FILLING 0.0 0.0
starting sampling in reciprocal space....
finished sampling in reciprocal space....t= 0.00403594970703125  s
(4200,)
the bandwidth is ... 0.03145758337276082
273.57user 6.81system 0:36.14elapsed 775%CPU (0avgtext+0avgdata 3162480maxresident)k
0inputs+176outputs (0major+4597537minor)pagefaults 0swaps
