starting sampling in reciprocal space....
finished sampling in reciprocal space....t= 0.008104085922241211  s
91 numer of sampling lattice points
taking 0 umklapps
hbvf is .. 2.3382685902179845
q is... 0.07895566630481395
hvkd is... 0.18461955454027892
kappa is.. 0.75
alpha is.. 0.5687371538809117
the twist angle is .. 0.01884955592153876
starting sampling in reciprocal space....
finished sampling in reciprocal space....t= 0.004190206527709961  s
starting sampling in reciprocal space....
finished sampling in reciprocal space....t= 0.004236698150634766  s
starting dispersion ..........
time to diag over MBZ 8.469641208648682
number of bands in density of states calculation, 2
sum of the hist, normed? 7.999999999999997
CHEMICAL POTENTIAL AND FILLING 0.0 0.0
starting sampling in reciprocal space....
finished sampling in reciprocal space....t= 0.0040130615234375  s
(1680,)
the bandwidth is ... 0.0038118716050895836
153.31user 3.89system 0:20.73elapsed 758%CPU (0avgtext+0avgdata 1373212maxresident)k
0inputs+160outputs (0major+2447329minor)pagefaults 0swaps
