starting sampling in reciprocal space....
starting sampling in reciprocal space....
finished sampling in reciprocal space....t= 0.03675389289855957  s
919 numer of sampling lattice points
taking 0 umklapps
hbvf is .. 2.1354
q is... 0.07369209583209221
hvkd is... 0.15736210143984972
kappa is.. 0.8174358974358973
alpha is.. 0.6195900989366777
the twist angle is .. 0.017592918860102842
phonon params 445105171047426.8 92.01378847279634 11501.723559099542
finished sampling in reciprocal space....t= 0.03978776931762695  s
919 numer of sampling lattice points
taking 0 umklapps
hbvf is .. 2.1354
q is... 0.07369209583209221
hvkd is... 0.15736210143984972
kappa is.. 0.8174358974358973
alpha is.. 0.6195900989366777
the twist angle is .. 0.017592918860102842
phonon params 445105171047426.8 92.01378847279634 11501.723559099542
starting sampling in reciprocal space....
finished sampling in reciprocal space....t= 0.09291696548461914  s
starting sampling in reciprocal space....
finished sampling in reciprocal space....t= 0.09261608123779297  s
starting dispersion ..........
starting sampling in reciprocal space....
finished sampling in reciprocal space....t= 0.09357857704162598  s
starting sampling in reciprocal space....
finished sampling in reciprocal space....t= 0.0940706729888916  s
starting dispersion ..........
time to diag over MBZ 133.47908329963684
time to diag over MBZ 134.96333074569702
saving  ..........
number of bands in density of states calculation, 2
sum of the hist, normed? 8.000000000000005
CHEMICAL POTENTIAL AND FILLING 0.0 0.0
starting sampling in reciprocal space....
finished sampling in reciprocal space....t= 0.0284268856048584  s
starting sampling in reciprocal space....
finished sampling in reciprocal space....t= 0.028094768524169922  s
starting dispersion ..........
saving  ..........
number of bands in density of states calculation, 2
sum of the hist, normed? 8.000000000000005
CHEMICAL POTENTIAL AND FILLING 0.0 0.0
starting sampling in reciprocal space....
finished sampling in reciprocal space....t= 0.027902841567993164  s
starting sampling in reciprocal space....
finished sampling in reciprocal space....t= 0.02796196937561035  s
starting dispersion ..........
time to diag over MBZ 58.55491542816162
starting sampling in reciprocal space....
finished sampling in reciprocal space....t= 0.0280759334564209  s
time to diag over MBZ 59.95690846443176
starting sampling in reciprocal space....
finished sampling in reciprocal space....t= 0.027987241744995117  s
(6433, 564, 2) (919, 564, 2) (6433,)
starting sampling in reciprocal space....
finished sampling in reciprocal space....t= 0.0463566780090332  s
(6433, 564, 2) (919, 564, 2) (6433,)
starting sampling in reciprocal space....
finished sampling in reciprocal space....t= 0.04602217674255371  s
(6433, 564, 2) (919, 564, 2) (6433,)
calculating tensor that stores the overlaps........
(6433, 564, 2) (919, 564, 2) (6433,)
calculating tensor that stores the overlaps........
finsihed the overlaps.......... 4.210789680480957
calculating tensor that stores the overlaps........
finsihed the overlaps.......... 1.6613750457763672
finsihed the overlaps.......... 4.283915281295776
calculating tensor that stores the overlaps........
calculating tensor that stores the overlaps........
finsihed the overlaps.......... 4.003972291946411
finsihed the overlaps.......... 4.045233488082886
calculating tensor that stores the overlaps........
calculating tensor that stores the overlaps........
finsihed the overlaps.......... 1.6782822608947754
finsihed the overlaps.......... 3.999798536300659
calculating tensor that stores the overlaps........
finsihed the overlaps.......... 1.727586269378662
testing symmetry of the form factors...
plus valley form factor passed the C3 symmetry test with average difference...  1.1295127879963985e-14
minus valley form factor passed the C3 symmetry test with average difference...  1.3325668797991231e-14
finished testing symmetry of the form factors...
starting bubble....... 919
calculating tensor that stores the overlaps........
finsihed the overlaps.......... 4.0965752601623535
calculating tensor that stores the overlaps........
finsihed the overlaps.......... 1.712712049484253
testing symmetry of the form factors...
plus valley form factor passed the C3 symmetry test with average difference...  1.6300364256818282e-14
minus valley form factor passed the C3 symmetry test with average difference...  1.928479129811186e-14
finished testing symmetry of the form factors...
starting bubble....... 919
time for bubble... 23.417608499526978
effective speed of sound down renormalization...$-\Delta c$ 5442.054519969101
residual of the fit... 0.05667440119135903
starting bubble....... 919
time for bubble... 23.215492963790894
effective speed of sound down renormalization...$-\Delta c$ 5309.823167446718
residual of the fit... 0.07003891657347942
starting bubble....... 919
time for bubble... 23.328604221343994
effective speed of sound down renormalization...$-\Delta c$ 6288.0771237576255
residual of the fit... 0.03644846855967332
starting bubble....... 919
time for bubble... 23.08158850669861
effective speed of sound down renormalization...$-\Delta c$ 6262.681029243461
residual of the fit... 0.027686158632170443
starting bubble....... 919
time for bubble... 23.41349983215332
effective speed of sound down renormalization...$-\Delta c$ 5848.669074333398
residual of the fit... 0.02266798235007777
starting bubble....... 919
time for bubble... 23.09451651573181
effective speed of sound down renormalization...$-\Delta c$ 5941.269806257836
residual of the fit... 0.048695828547789956
starting bubble....... 919
time for bubble... 23.40909194946289
effective speed of sound down renormalization...$-\Delta c$ 4423.196995621356
residual of the fit... 0.01479016734795807
starting bubble....... 919
time for bubble... 23.104588508605957
effective speed of sound down renormalization...$-\Delta c$ 4476.238104975008
residual of the fit... 0.01841643459494578
starting bubble....... 919
time for bubble... 23.600735187530518
effective speed of sound down renormalization...$-\Delta c$ 3366.927810708261
residual of the fit... 0.013007586214277668
starting bubble....... 919
time for bubble... 23.299312114715576
effective speed of sound down renormalization...$-\Delta c$ 3374.2385361453817
residual of the fit... 0.021455111928294964
starting bubble....... 919
time for bubble... 23.541099548339844
effective speed of sound down renormalization...$-\Delta c$ 2112.2572822358143
residual of the fit... 0.020899763541122565
starting bubble....... 919
time for bubble... 23.252520322799683
effective speed of sound down renormalization...$-\Delta c$ 2147.9019763397237
residual of the fit... 0.03854769933443873
starting bubble....... 919
time for bubble... 23.518580675125122
effective speed of sound down renormalization...$-\Delta c$ 676.8372344886559
residual of the fit... 0.4467752876406847
time for sweep delta 164.24107885360718
6694.99user 177.21system 6:30.16elapsed 1761%CPU (0avgtext+0avgdata 19741004maxresident)k
0inputs+1224outputs (90major+27657566minor)pagefaults 0swaps
time for bubble... 31.65938901901245
effective speed of sound down renormalization...$-\Delta c$ 405.77348884664417
residual of the fit... 0.008796555186398573
time for sweep delta 170.71880912780762
7057.64user 187.41system 6:53.37elapsed 1752%CPU (0avgtext+0avgdata 24915076maxresident)k
0inputs+1248outputs (107major+28249786minor)pagefaults 0swaps
