starting sampling in reciprocal space....
finished sampling in reciprocal space....t= 0.009398221969604492  s
91 numer of sampling lattice points
taking 0 umklapps
hbvf is .. 2.3382685902179845
q is... 0.0709140884439267
hvkd is... 0.16581618561237396
kappa is.. 0.75
alpha is.. 0.6332313073794674
the twist angle is .. 0.016929693744344998
starting sampling in reciprocal space....
finished sampling in reciprocal space....t= 0.00414276123046875  s
starting sampling in reciprocal space....
finished sampling in reciprocal space....t= 0.004185199737548828  s
starting dispersion ..........
time to diag over MBZ 8.753288745880127
number of bands in density of states calculation, 2
sum of the hist, normed? 8.000000000000004
CHEMICAL POTENTIAL AND FILLING 0.0 0.0
starting sampling in reciprocal space....
finished sampling in reciprocal space....t= 0.004057884216308594  s
(4200,)
the bandwidth is ... 0.020865579684169744
273.84user 7.21system 0:36.20elapsed 776%CPU (0avgtext+0avgdata 3162480maxresident)k
0inputs+192outputs (0major+4598134minor)pagefaults 0swaps
