starting sampling in reciprocal space....
finished sampling in reciprocal space....t= 0.006211519241333008  s
91 numer of sampling lattice points
taking 0 umklapps
hbvf is .. 2.3382685902179845
q is... 0.06945197614064469
hvkd is... 0.16239737433823836
kappa is.. 0.75
alpha is.. 0.6465621776698671
the twist angle is .. 0.01658062789394613
starting sampling in reciprocal space....
finished sampling in reciprocal space....t= 0.004186153411865234  s
starting sampling in reciprocal space....
finished sampling in reciprocal space....t= 0.004249095916748047  s
starting dispersion ..........
time to diag over MBZ 9.124778747558594
number of bands in density of states calculation, 2
sum of the hist, normed? 8.00000000000001
CHEMICAL POTENTIAL AND FILLING 0.0 0.0
starting sampling in reciprocal space....
finished sampling in reciprocal space....t= 0.004127979278564453  s
(1680,)
the bandwidth is ... 0.024825809831399082
165.70user 4.46system 0:22.52elapsed 755%CPU (0avgtext+0avgdata 1373684maxresident)k
0inputs+248outputs (0major+2448071minor)pagefaults 0swaps
