starting sampling in reciprocal space....
starting sampling in reciprocal space....
finished sampling in reciprocal space....t= 0.03464198112487793  s
919 numer of sampling lattice points
taking 0 umklapps
hbvf is .. 2.1354
q is... 0.07676251561000431
hvkd is... 0.16391867583360323
kappa is.. 0.8174358974358973
alpha is.. 0.5948071475331707
the twist angle is .. 0.01832595714594046
phonon params 524053712277273.6 84.80009352223715 10600.011690279644
finished sampling in reciprocal space....t= 0.03711104393005371  s
919 numer of sampling lattice points
taking 0 umklapps
hbvf is .. 2.1354
q is... 0.07676251561000431
hvkd is... 0.16391867583360323
kappa is.. 0.8174358974358973
alpha is.. 0.5948071475331707
the twist angle is .. 0.01832595714594046
phonon params 524053712277273.6 84.80009352223715 10600.011690279644
starting sampling in reciprocal space....
starting sampling in reciprocal space....
finished sampling in reciprocal space....t= 0.09306693077087402  s
starting sampling in reciprocal space....
finished sampling in reciprocal space....t= 0.09237051010131836  s
starting sampling in reciprocal space....
finished sampling in reciprocal space....t= 0.09330940246582031  s
starting dispersion ..........
finished sampling in reciprocal space....t= 0.08952569961547852  s
starting dispersion ..........
time to diag over MBZ 130.74372100830078
saving  ..........
number of bands in density of states calculation, 2
sum of the hist, normed? 8.000000000000009
CHEMICAL POTENTIAL AND FILLING 0.0 0.0
starting sampling in reciprocal space....
finished sampling in reciprocal space....t= 0.0277557373046875  s
starting sampling in reciprocal space....
finished sampling in reciprocal space....t= 0.028017044067382812  s
starting dispersion ..........
time to diag over MBZ 133.9124631881714
saving  ..........
number of bands in density of states calculation, 2
sum of the hist, normed? 8.000000000000009
CHEMICAL POTENTIAL AND FILLING 0.0 0.0
starting sampling in reciprocal space....
finished sampling in reciprocal space....t= 0.027086257934570312  s
starting sampling in reciprocal space....
finished sampling in reciprocal space....t= 0.0271608829498291  s
starting dispersion ..........
time to diag over MBZ 59.633037090301514
starting sampling in reciprocal space....
finished sampling in reciprocal space....t= 0.03835654258728027  s
time to diag over MBZ 59.79383945465088
starting sampling in reciprocal space....
finished sampling in reciprocal space....t= 0.027040481567382812  s
(6433, 564, 2) (919, 564, 2) (6433,)
starting sampling in reciprocal space....
finished sampling in reciprocal space....t= 0.04655885696411133  s
(6433, 564, 2) (919, 564, 2) (6433,)
starting sampling in reciprocal space....
finished sampling in reciprocal space....t= 0.04604744911193848  s
(6433, 564, 2) (919, 564, 2) (6433,)
calculating tensor that stores the overlaps........
(6433, 564, 2) (919, 564, 2) (6433,)
calculating tensor that stores the overlaps........
finsihed the overlaps.......... 4.27758526802063
calculating tensor that stores the overlaps........
finsihed the overlaps.......... 1.689760684967041
finsihed the overlaps.......... 4.316756963729858
calculating tensor that stores the overlaps........
calculating tensor that stores the overlaps........
finsihed the overlaps.......... 3.9750523567199707
finsihed the overlaps.......... 3.962785482406616
calculating tensor that stores the overlaps........
calculating tensor that stores the overlaps........
finsihed the overlaps.......... 1.6813921928405762
finsihed the overlaps.......... 3.9643924236297607
calculating tensor that stores the overlaps........
finsihed the overlaps.......... 1.689448595046997
testing symmetry of the form factors...
plus valley form factor passed the C3 symmetry test with average difference...  2.947177786628432e-15
minus valley form factor passed the C3 symmetry test with average difference...  1.1364902753179145e-14
finished testing symmetry of the form factors...
starting bubble....... 919
calculating tensor that stores the overlaps........
finsihed the overlaps.......... 3.9897525310516357
calculating tensor that stores the overlaps........
finsihed the overlaps.......... 1.6700305938720703
testing symmetry of the form factors...
plus valley form factor passed the C3 symmetry test with average difference...  3.1905102874504877e-15
minus valley form factor passed the C3 symmetry test with average difference...  1.5480679424542698e-14
finished testing symmetry of the form factors...
starting bubble....... 919
time for bubble... 23.393205642700195
effective speed of sound down renormalization...$-\Delta c$ 9056.195551409819
residual of the fit... 0.058251305958282346
starting bubble....... 919
time for bubble... 23.188931941986084
effective speed of sound down renormalization...$-\Delta c$ 8854.656045043786
residual of the fit... 0.06854522656049018
starting bubble....... 919
time for bubble... 23.27938222885132
effective speed of sound down renormalization...$-\Delta c$ 9861.059303028944
residual of the fit... 0.02927497655345701
starting bubble....... 919
time for bubble... 23.080564975738525
effective speed of sound down renormalization...$-\Delta c$ 9727.4898972615
residual of the fit... 0.04273392893060786
starting bubble....... 919
time for bubble... 23.305251836776733
effective speed of sound down renormalization...$-\Delta c$ 10184.07634538085
residual of the fit... 0.03191763593135389
starting bubble....... 919
time for bubble... 23.096222639083862
effective speed of sound down renormalization...$-\Delta c$ 10306.024291638676
residual of the fit... 0.0531016131513777
starting bubble....... 919
time for bubble... 23.422526359558105
effective speed of sound down renormalization...$-\Delta c$ 7394.918128787004
residual of the fit... 0.005465090758856823
starting bubble....... 919
time for bubble... 23.275049924850464
effective speed of sound down renormalization...$-\Delta c$ 7443.821351394647
residual of the fit... 0.007490144564228082
starting bubble....... 919
time for bubble... 23.430203914642334
effective speed of sound down renormalization...$-\Delta c$ 5332.947216647726
residual of the fit... 0.02901996733144452
starting bubble....... 919
time for bubble... 23.292384147644043
effective speed of sound down renormalization...$-\Delta c$ 5144.995013500063
residual of the fit... 0.011798195920698338
starting bubble....... 919
time for bubble... 23.431262969970703
effective speed of sound down renormalization...$-\Delta c$ 3046.9574271681763
residual of the fit... 0.0349180542181975
starting bubble....... 919
time for bubble... 23.2754008769989
effective speed of sound down renormalization...$-\Delta c$ 3019.202421484078
residual of the fit... 0.0415100924695835
starting bubble....... 919
time for bubble... 23.409643173217773
effective speed of sound down renormalization...$-\Delta c$ 620.1650387772507
residual of the fit... 0.20494410163429141
time for sweep delta 163.68282771110535
6657.48user 173.28system 6:27.56elapsed 1762%CPU (0avgtext+0avgdata 19742012maxresident)k
0inputs+1232outputs (39major+26796195minor)pagefaults 0swaps
time for bubble... 31.302354335784912
effective speed of sound down renormalization...$-\Delta c$ 721.2886268873656
residual of the fit... 0.07767536682194144
time for sweep delta 170.52287244796753
7026.09user 181.37system 6:50.23elapsed 1756%CPU (0avgtext+0avgdata 24910656maxresident)k
0inputs+1256outputs (81major+25897868minor)pagefaults 0swaps
