starting sampling in reciprocal space....
finished sampling in reciprocal space....t= 0.05158400535583496  s
919 numer of sampling lattice points
taking 0 umklapps
hbvf is .. 2.3382685902179845
q is... 0.07383830652545242
hvkd is... 0.17265379290335303
kappa is.. 0.75
alpha is.. 0.6081534511018601
the twist angle is .. 0.017627825445142728
phonon params 224324093692885.3
phonon params upsilon 2.8040511711610664e+16
area ratio 0.00031073218338356076 0.0003107321833835602
correct factor by which the interaction is reduced 80.22724512922734
c tilde 1580.640621427806
starting sampling in reciprocal space....
finished sampling in reciprocal space....t= 0.5830025672912598  s
starting sampling in reciprocal space....
finished sampling in reciprocal space....t= 0.5698451995849609  s
starting dispersion with 9919 points..........
time to diag over MBZ 4637.532966136932
saving  ..........
number of bands in density of states calculation, 2
sum of the hist, normed? 7.999999999999967
CHEMICAL POTENTIALS AND FILLINGS [0.         0.00032567 0.00044116 0.00049128 0.00051468 0.00054075
 0.00058377 0.00063679 0.00070125 0.00077658 0.00086587 0.00096307
 0.00108502 0.00122056 0.00139239 0.00160234 0.0018702  0.00224543
 0.00286138 0.00420081] [0.         0.20526316 0.41052632 0.61578947 0.82105263 1.02631579
 1.23157895 1.43684211 1.64210526 1.84736842 2.05263158 2.25789474
 2.46315789 2.66842105 2.87368421 3.07894737 3.28421053 3.48947368
 3.69473684 3.9       ]
CHEMICAL POTENTIAL AND FILLING 0.0 0.0
starting sampling in reciprocal space....
finished sampling in reciprocal space....t= 0.052971839904785156  s
starting sampling in reciprocal space....
finished sampling in reciprocal space....t= 0.052878379821777344  s
starting dispersion with 919 points..........
time to diag over MBZ 670.3963968753815
starting sampling in reciprocal space....
finished sampling in reciprocal space....t= 0.05260658264160156  s
(6433, 564, 2) (919, 564, 2) (6433,)
starting sampling in reciprocal space....
finished sampling in reciprocal space....t= 0.051820993423461914  s
(6433, 564, 2) (919, 564, 2) (6433,)
calculating tensor that stores the overlaps........
finsihed the overlaps.......... 16.146329879760742
calculating tensor that stores the overlaps........
finsihed the overlaps.......... 2.759521961212158
calculating tensor that stores the overlaps........
finsihed the overlaps.......... 27.911092042922974
calculating tensor that stores the overlaps........
finsihed the overlaps.......... 2.9503438472747803
testing symmetry of the form factors...
failed C3 symmetry test, plus valley... 8.179049441345328e-05
failed C3 symmetry test, minus valley... 8.179049441345328e-05
finished testing symmetry of the form factors...
starting bubble....... 919
time for bubble... 29.64864706993103
effective speed of sound down renormalization...$-\Delta c$ 3614.104917470899
residual of the fit... 0.058246100009589845
starting bubble....... 919
time for bubble... 29.99887442588806
effective speed of sound down renormalization...$-\Delta c$ 0.0
residual of the fit... nan
starting bubble....... 919
time for bubble... 29.94142436981201
effective speed of sound down renormalization...$-\Delta c$ 0.0
residual of the fit... nan
starting bubble....... 919
time for bubble... 29.958652019500732
effective speed of sound down renormalization...$-\Delta c$ 0.0
residual of the fit... nan
starting bubble....... 919
time for bubble... 29.844802141189575
effective speed of sound down renormalization...$-\Delta c$ 0.0
residual of the fit... nan
starting bubble....... 919
time for bubble... 29.988588333129883
effective speed of sound down renormalization...$-\Delta c$ 0.0
residual of the fit... nan
starting bubble....... 919
time for bubble... 29.96788763999939
effective speed of sound down renormalization...$-\Delta c$ 0.0
residual of the fit... nan
starting bubble....... 919
time for bubble... 29.93061065673828
effective speed of sound down renormalization...$-\Delta c$ 0.0
residual of the fit... nan
starting bubble....... 919
time for bubble... 29.81734037399292
effective speed of sound down renormalization...$-\Delta c$ 0.0
residual of the fit... nan
starting bubble....... 919
time for bubble... 29.680413961410522
effective speed of sound down renormalization...$-\Delta c$ 0.0
residual of the fit... nan
starting bubble....... 919
time for bubble... 29.92872405052185
effective speed of sound down renormalization...$-\Delta c$ 0.0
residual of the fit... nan
starting bubble....... 919
time for bubble... 29.431718349456787
effective speed of sound down renormalization...$-\Delta c$ 0.0
residual of the fit... nan
starting bubble....... 919
time for bubble... 29.326061487197876
effective speed of sound down renormalization...$-\Delta c$ 0.0
residual of the fit... nan
starting bubble....... 919
time for bubble... 29.407103776931763
effective speed of sound down renormalization...$-\Delta c$ 0.0
residual of the fit... nan
starting bubble....... 919
time for bubble... 29.72262406349182
effective speed of sound down renormalization...$-\Delta c$ 0.0
residual of the fit... nan
starting bubble....... 919
time for bubble... 29.912484645843506
effective speed of sound down renormalization...$-\Delta c$ 0.0
residual of the fit... nan
starting bubble....... 919
time for bubble... 29.632888793945312
effective speed of sound down renormalization...$-\Delta c$ 0.0
residual of the fit... nan
starting bubble....... 919
time for bubble... 29.617661952972412
effective speed of sound down renormalization...$-\Delta c$ 0.0
residual of the fit... nan
starting bubble....... 919
time for bubble... 29.60766315460205
effective speed of sound down renormalization...$-\Delta c$ 0.0
residual of the fit... nan
starting bubble....... 919
time for bubble... 29.817586660385132
effective speed of sound down renormalization...$-\Delta c$ 0.0
residual of the fit... nan
time for sweep delta 595.272435426712
