starting sampling in reciprocal space....
finished sampling in reciprocal space....t= 0.06146502494812012  s
919 numer of sampling lattice points
taking 0 umklapps
hbvf is .. 2.7
q is... 0.08136812581299324
hvkd is... 0.21969393969508177
kappa is.. 0.5
alpha is.. 0.47793762607075957
the twist angle is .. 0.019425514574696892
phonon params 661601160341921.4 75.47204241858059 9434.005302322574
starting sampling in reciprocal space....
finished sampling in reciprocal space....t= 0.4385976791381836  s
starting sampling in reciprocal space....
finished sampling in reciprocal space....t= 0.4346139430999756  s
starting dispersion ..........
time to diag over MBZ 3634.0349423885345
saving  ..........
number of bands in density of states calculation, 2
sum of the hist, normed? 8.000000000000059
CHEMICAL POTENTIAL AND FILLING 0.0 0.0
starting sampling in reciprocal space....
finished sampling in reciprocal space....t= 0.06094789505004883  s
starting sampling in reciprocal space....
finished sampling in reciprocal space....t= 0.06223487854003906  s
starting dispersion ..........
time to diag over MBZ 444.93241357803345
starting sampling in reciprocal space....
finished sampling in reciprocal space....t= 0.06276535987854004  s
(6433, 564, 2) (919, 564, 2) (6433,)
starting sampling in reciprocal space....
finished sampling in reciprocal space....t= 0.06322288513183594  s
(6433, 564, 2) (919, 564, 2) (6433,)
calculating tensor that stores the overlaps........
finsihed the overlaps.......... 18.69378638267517
calculating tensor that stores the overlaps........
finsihed the overlaps.......... 18.979047775268555
calculating tensor that stores the overlaps........
finsihed the overlaps.......... 18.724727153778076
calculating tensor that stores the overlaps........
finsihed the overlaps.......... 3.7348365783691406
calculating tensor that stores the overlaps........
finsihed the overlaps.......... 18.803807020187378
calculating tensor that stores the overlaps........
finsihed the overlaps.......... 3.427584409713745
testing symmetry of the form factors...
plus valley form factor passed the C3 symmetry test with average difference...  6.399189511938264e-15
minus valley form factor passed the C3 symmetry test with average difference...  5.769620136289898e-15
finished testing symmetry of the form factors...
starting bubble....... 919
time for bubble... 30.20763874053955
effective speed of sound down renormalization...$-\Delta c$ 1736.482007688706
residual of the fit... 0.08405031429470446
starting bubble....... 919
time for bubble... 29.9325909614563
effective speed of sound down renormalization...$-\Delta c$ 1797.0536257523372
residual of the fit... 0.007621291161200839
starting bubble....... 919
time for bubble... 29.53954005241394
effective speed of sound down renormalization...$-\Delta c$ 2148.32099387996
residual of the fit... 0.05136220247482343
starting bubble....... 919
time for bubble... 29.608017921447754
effective speed of sound down renormalization...$-\Delta c$ 1837.5075146376364
residual of the fit... 0.023784764316993966
starting bubble....... 919
time for bubble... 29.703141927719116
effective speed of sound down renormalization...$-\Delta c$ 1166.3611621235602
residual of the fit... 0.007385256120693061
starting bubble....... 919
time for bubble... 29.72668719291687
effective speed of sound down renormalization...$-\Delta c$ 664.4864407860783
residual of the fit... 0.007310178430464752
starting bubble....... 919
time for bubble... 29.92445659637451
effective speed of sound down renormalization...$-\Delta c$ 172.96238037615507
residual of the fit... 0.013013790726204257
time for sweep delta 208.66361165046692
