starting sampling in reciprocal space....
finished sampling in reciprocal space....t= 0.03698253631591797  s
919 numer of sampling lattice points
taking 0 umklapps
hbvf is .. 2.1354
q is... 0.07868152276082352
hvkd is... 0.16801652370346257
kappa is.. 0.8174358974358973
alpha is.. 0.5803000672248206
the twist angle is .. 0.01878410607458897
phonon params 578455603835646.2 80.71406417147567 10089.258021434458
starting sampling in reciprocal space....
finished sampling in reciprocal space....t= 0.43082690238952637  s
starting sampling in reciprocal space....
finished sampling in reciprocal space....t= 0.35601258277893066  s
starting dispersion ..........
time to diag over MBZ 705.983246088028
saving  ..........
number of bands in density of states calculation, 2
sum of the hist, normed? 8.000000000000012
CHEMICAL POTENTIAL AND FILLING 0.0 0.0
starting sampling in reciprocal space....
finished sampling in reciprocal space....t= 0.027666568756103516  s
starting sampling in reciprocal space....
finished sampling in reciprocal space....t= 0.027629613876342773  s
starting dispersion ..........
time to diag over MBZ 58.55418872833252
starting sampling in reciprocal space....
finished sampling in reciprocal space....t= 0.0275728702545166  s
(6433, 564, 2) (919, 564, 2) (6433,)
starting sampling in reciprocal space....
finished sampling in reciprocal space....t= 0.02923107147216797  s
(6433, 564, 2) (919, 564, 2) (6433,)
calculating tensor that stores the overlaps........
finsihed the overlaps.......... 6.116021156311035
calculating tensor that stores the overlaps........
finsihed the overlaps.......... 4.799176216125488
calculating tensor that stores the overlaps........
finsihed the overlaps.......... 4.188297271728516
calculating tensor that stores the overlaps........
finsihed the overlaps.......... 1.6715195178985596
calculating tensor that stores the overlaps........
finsihed the overlaps.......... 4.09862494468689
calculating tensor that stores the overlaps........
finsihed the overlaps.......... 1.2380056381225586
testing symmetry of the form factors...
plus valley form factor passed the C3 symmetry test with average difference...  5.740954882839811e-15
minus valley form factor passed the C3 symmetry test with average difference...  6.398651919758635e-15
finished testing symmetry of the form factors...
starting bubble....... 919
time for bubble... 23.270690441131592
effective speed of sound down renormalization...$-\Delta c$ 16246.243690503743
residual of the fit... 0.04890512258077721
starting bubble....... 919
time for bubble... 23.111910820007324
effective speed of sound down renormalization...$-\Delta c$ 16959.829600834386
residual of the fit... 0.023125247266880346
starting bubble....... 919
time for bubble... 23.095243453979492
effective speed of sound down renormalization...$-\Delta c$ 16760.420718794554
residual of the fit... 0.03848334575370234
starting bubble....... 919
time for bubble... 23.229121685028076
effective speed of sound down renormalization...$-\Delta c$ 14053.012958821986
residual of the fit... 0.022519856947820265
starting bubble....... 919
time for bubble... 23.304837226867676
effective speed of sound down renormalization...$-\Delta c$ 11162.632130132164
residual of the fit... 0.009181945096410652
starting bubble....... 919
time for bubble... 23.302326202392578
effective speed of sound down renormalization...$-\Delta c$ 8039.925335268175
residual of the fit... 0.012180535079494008
starting bubble....... 919
time for bubble... 23.289986848831177
effective speed of sound down renormalization...$-\Delta c$ 1285.4195794299674
residual of the fit... 0.04020836757080754
time for sweep delta 162.61712336540222
24828.57user 724.16system 16:28.41elapsed 2585%CPU (0avgtext+0avgdata 99131552maxresident)k
0inputs+1792outputs (84major+142364880minor)pagefaults 0swaps
starting sampling in reciprocal space....
finished sampling in reciprocal space....t= 0.03704524040222168  s
919 numer of sampling lattice points
taking 0 umklapps
hbvf is .. 2.1354
q is... 0.07868152276082352
hvkd is... 0.16801652370346257
kappa is.. 0.8174358974358973
alpha is.. 0.5803000672248206
the twist angle is .. 0.01878410607458897
phonon params 578455603835646.2 80.71406417147567 10089.258021434458
starting sampling in reciprocal space....
finished sampling in reciprocal space....t= 0.42763304710388184  s
starting sampling in reciprocal space....
finished sampling in reciprocal space....t= 0.3128030300140381  s
starting dispersion ..........
time to diag over MBZ 720.3385462760925
saving  ..........
number of bands in density of states calculation, 2
sum of the hist, normed? 8.000000000000012
CHEMICAL POTENTIAL AND FILLING 0.0 0.0
starting sampling in reciprocal space....
finished sampling in reciprocal space....t= 0.02764606475830078  s
starting sampling in reciprocal space....
finished sampling in reciprocal space....t= 0.027614593505859375  s
starting dispersion ..........
time to diag over MBZ 60.17678427696228
starting sampling in reciprocal space....
finished sampling in reciprocal space....t= 0.02759695053100586  s
(6433, 564, 2) (919, 564, 2) (6433,)
starting sampling in reciprocal space....
finished sampling in reciprocal space....t= 0.046265602111816406  s
(6433, 564, 2) (919, 564, 2) (6433,)
calculating tensor that stores the overlaps........
finsihed the overlaps.......... 5.4320807456970215
calculating tensor that stores the overlaps........
finsihed the overlaps.......... 1.5998008251190186
calculating tensor that stores the overlaps........
finsihed the overlaps.......... 4.5168821811676025
calculating tensor that stores the overlaps........
finsihed the overlaps.......... 1.0269885063171387
testing symmetry of the form factors...
plus valley form factor passed the C3 symmetry test with average difference...  5.49536083959948e-15
minus valley form factor passed the C3 symmetry test with average difference...  6.176828750023538e-15
finished testing symmetry of the form factors...
starting bubble....... 919
time for bubble... 23.26532530784607
effective speed of sound down renormalization...$-\Delta c$ 16598.40345141882
residual of the fit... 0.05533813979609704
starting bubble....... 919
time for bubble... 23.262758493423462
effective speed of sound down renormalization...$-\Delta c$ 17322.00315563533
residual of the fit... 0.04112990863144364
starting bubble....... 919
time for bubble... 23.15122675895691
effective speed of sound down renormalization...$-\Delta c$ 16622.90102007369
residual of the fit... 0.022563955900640302
starting bubble....... 919
time for bubble... 23.317222356796265
effective speed of sound down renormalization...$-\Delta c$ 13834.33431963716
residual of the fit... 0.03281518648482622
starting bubble....... 919
time for bubble... 23.264092445373535
effective speed of sound down renormalization...$-\Delta c$ 11522.955143596244
residual of the fit... 0.009753685226104576
starting bubble....... 919
time for bubble... 23.254026174545288
effective speed of sound down renormalization...$-\Delta c$ 7988.056531940634
residual of the fit... 0.009569766288893389
starting bubble....... 919
time for bubble... 23.271982192993164
effective speed of sound down renormalization...$-\Delta c$ 1171.0441456942606
residual of the fit... 0.12945093563247037
time for sweep delta 162.7993197441101
24995.66user 778.95system 16:29.48elapsed 2604%CPU (0avgtext+0avgdata 99131348maxresident)k
0inputs+1744outputs (148major+141550919minor)pagefaults 0swaps
