starting sampling in reciprocal space....
finished sampling in reciprocal space....t= 0.051846981048583984  s
919 numer of sampling lattice points
taking 0 umklapps
hbvf is .. 2.7
q is... 0.06908644773251756
hvkd is... 0.1865334088777974
kappa is.. 0.75
alpha is.. 0.5629018449386086
the twist angle is .. 0.016493361431346415
phonon params 171917648648672.25
phonon params upsilon 2.148970608108403e+16
area ratio 0.00027202480462349825 0.0002720248046234976
correct factor by which the interaction is reduced 85.74538295093544
c tilde 1478.918610335735
starting sampling in reciprocal space....
finished sampling in reciprocal space....t= 0.36362338066101074  s
starting sampling in reciprocal space....
finished sampling in reciprocal space....t= 0.36317992210388184  s
starting dispersion ..........
time to diag over MBZ 4370.816944122314
saving  ..........
number of bands in density of states calculation, 2
sum of the hist, normed? 7.999999999999923
CHEMICAL POTENTIAL AND FILLING 0.0 0.0
starting sampling in reciprocal space....
finished sampling in reciprocal space....t= 0.052300453186035156  s
starting sampling in reciprocal space....
finished sampling in reciprocal space....t= 0.05254030227661133  s
starting dispersion ..........
time to diag over MBZ 539.5834503173828
starting sampling in reciprocal space....
finished sampling in reciprocal space....t= 0.06114840507507324  s
(6433, 564, 2) (919, 564, 2) (6433,)
starting sampling in reciprocal space....
finished sampling in reciprocal space....t= 0.06287622451782227  s
(6433, 564, 2) (919, 564, 2) (6433,)
calculating tensor that stores the overlaps........
finsihed the overlaps.......... 20.59800958633423
calculating tensor that stores the overlaps........
finsihed the overlaps.......... 20.649722576141357
calculating tensor that stores the overlaps........
finsihed the overlaps.......... 20.334473848342896
calculating tensor that stores the overlaps........
finsihed the overlaps.......... 3.6220431327819824
calculating tensor that stores the overlaps........
finsihed the overlaps.......... 20.759929895401
calculating tensor that stores the overlaps........
finsihed the overlaps.......... 4.222973823547363
testing symmetry of the form factors...
plus valley form factor passed the C3 symmetry test with average difference...  9.661089115558e-15
minus valley form factor passed the C3 symmetry test with average difference...  8.245452684383097e-15
finished testing symmetry of the form factors...
starting bubble....... 919
time for bubble... 29.350073099136353
effective speed of sound down renormalization...$-\Delta c$ 3347.3078079951038
residual of the fit... 0.07086450978378957
starting bubble....... 919
time for bubble... 29.566344738006592
effective speed of sound down renormalization...$-\Delta c$ 3768.8239096071256
residual of the fit... 0.036559672624883036
starting bubble....... 919
time for bubble... 29.60173535346985
effective speed of sound down renormalization...$-\Delta c$ 4493.968363131177
residual of the fit... 0.04413460556903988
starting bubble....... 919
time for bubble... 29.50416898727417
effective speed of sound down renormalization...$-\Delta c$ 3309.717967363091
residual of the fit... 0.007756646249828612
starting bubble....... 919
time for bubble... 29.498249053955078
effective speed of sound down renormalization...$-\Delta c$ 2423.013392122183
residual of the fit... 0.04694277976800976
starting bubble....... 919
time for bubble... 29.421982526779175
effective speed of sound down renormalization...$-\Delta c$ 1515.7137494247518
residual of the fit... 0.00761835379135482
starting bubble....... 919
time for bubble... 29.490878105163574
effective speed of sound down renormalization...$-\Delta c$ 403.0213243146697
residual of the fit... 0.016737711053069565
time for sweep delta 206.45536494255066
