starting sampling in reciprocal space....
finished sampling in reciprocal space....t= 0.007944822311401367  s
91 numer of sampling lattice points
taking 0 umklapps
hbvf is .. 2.7
q is... 0.0706216661546583
hvkd is... 0.19067849861757744
kappa is.. 0.75
alpha is.. 0.5506651287966493
the twist angle is .. 0.016859880574265226
starting sampling in reciprocal space....
finished sampling in reciprocal space....t= 0.004215240478515625  s
starting sampling in reciprocal space....
finished sampling in reciprocal space....t= 0.004033327102661133  s
starting dispersion ..........
time to diag over MBZ 59.95851755142212
number of bands in density of states calculation, 2
sum of the hist, normed? 7.999999999999998
CHEMICAL POTENTIAL AND FILLING 0.0 0.0
starting sampling in reciprocal space....
finished sampling in reciprocal space....t= 0.012018442153930664  s
(1680,)
the bandwidth is ... 0.012602490007639786
362.64user 21.57system 2:41.29elapsed 238%CPU (0avgtext+0avgdata 1373376maxresident)k
0inputs+176outputs (0major+2446951minor)pagefaults 0swaps
