starting sampling in reciprocal space....
finished sampling in reciprocal space....t= 0.051073551177978516  s
919 numer of sampling lattice points
taking 0 umklapps
hbvf is .. 2.7
q is... 0.08136812581299324
hvkd is... 0.21969393969508177
kappa is.. 0.75
alpha is.. 0.47793762607075957
the twist angle is .. 0.019425514574696892
phonon params 661601160341921.4 75.47204241858059 9434.005302322574
starting sampling in reciprocal space....
finished sampling in reciprocal space....t= 0.36236047744750977  s
starting sampling in reciprocal space....
finished sampling in reciprocal space....t= 0.3667309284210205  s
starting dispersion ..........
time to diag over MBZ 1895.9176115989685
saving  ..........
number of bands in density of states calculation, 2
sum of the hist, normed? 7.999999999999972
CHEMICAL POTENTIAL AND FILLING 0.0 0.0
starting sampling in reciprocal space....
finished sampling in reciprocal space....t= 0.05214118957519531  s
starting sampling in reciprocal space....
finished sampling in reciprocal space....t= 0.05126380920410156  s
starting dispersion ..........
time to diag over MBZ 251.76141142845154
starting sampling in reciprocal space....
finished sampling in reciprocal space....t= 0.05203437805175781  s
(6433, 564, 2) (919, 564, 2) (6433,)
starting sampling in reciprocal space....
finished sampling in reciprocal space....t= 0.0570836067199707  s
(6433, 564, 2) (919, 564, 2) (6433,)
calculating tensor that stores the overlaps........
finsihed the overlaps.......... 15.25629997253418
calculating tensor that stores the overlaps........
finsihed the overlaps.......... 15.896695852279663
calculating tensor that stores the overlaps........
finsihed the overlaps.......... 15.749396085739136
calculating tensor that stores the overlaps........
finsihed the overlaps.......... 2.6930272579193115
calculating tensor that stores the overlaps........
finsihed the overlaps.......... 15.906393766403198
calculating tensor that stores the overlaps........
finsihed the overlaps.......... 2.5550034046173096
testing symmetry of the form factors...
plus valley form factor passed the C3 symmetry test with average difference...  8.001321806356199e-15
minus valley form factor passed the C3 symmetry test with average difference...  7.567242630421726e-15
finished testing symmetry of the form factors...
starting bubble....... 919
time for bubble... 29.38728952407837
effective speed of sound down renormalization...$-\Delta c$ 1892.5100087563849
residual of the fit... 0.07484776239052972
starting bubble....... 919
time for bubble... 29.56089472770691
effective speed of sound down renormalization...$-\Delta c$ 2010.3275376520783
residual of the fit... 0.0051585444708549
starting bubble....... 919
time for bubble... 29.45046615600586
effective speed of sound down renormalization...$-\Delta c$ 2397.646596907647
residual of the fit... 0.010521271885442055
starting bubble....... 919
time for bubble... 29.508949279785156
effective speed of sound down renormalization...$-\Delta c$ 1967.3864845007204
residual of the fit... 0.023468795200426926
starting bubble....... 919
time for bubble... 29.545632362365723
effective speed of sound down renormalization...$-\Delta c$ 1362.6544267732786
residual of the fit... 0.052981794097780754
starting bubble....... 919
time for bubble... 29.455439805984497
effective speed of sound down renormalization...$-\Delta c$ 785.4543071175041
residual of the fit... 0.012691302798508093
starting bubble....... 919
time for bubble... 29.426897048950195
effective speed of sound down renormalization...$-\Delta c$ 231.70438834260423
residual of the fit... 0.030811369248749824
time for sweep delta 206.35952162742615
