starting sampling in reciprocal space....
finished sampling in reciprocal space....t= 0.051384687423706055  s
919 numer of sampling lattice points
taking 0 umklapps
hbvf is .. 2.7
q is... 0.06755122699017235
hvkd is... 0.18238831287346535
kappa is.. 0.85
alpha is.. 0.5756947818956214
the twist angle is .. 0.016126842288427607
phonon params 314276548199953.2 109.50356160897735 13687.94520112217
starting sampling in reciprocal space....
finished sampling in reciprocal space....t= 0.3660731315612793  s
starting sampling in reciprocal space....
finished sampling in reciprocal space....t= 0.36388325691223145  s
starting dispersion ..........
time to diag over MBZ 1893.7071459293365
saving  ..........
number of bands in density of states calculation, 2
sum of the hist, normed? 8.000000000000023
CHEMICAL POTENTIAL AND FILLING 0.0 0.0
starting sampling in reciprocal space....
finished sampling in reciprocal space....t= 0.052633047103881836  s
starting sampling in reciprocal space....
finished sampling in reciprocal space....t= 0.052089691162109375  s
starting dispersion ..........
time to diag over MBZ 260.470486164093
starting sampling in reciprocal space....
finished sampling in reciprocal space....t= 0.0522000789642334  s
(6433, 564, 2) (919, 564, 2) (6433,)
starting sampling in reciprocal space....
finished sampling in reciprocal space....t= 0.051696062088012695  s
(6433, 564, 2) (919, 564, 2) (6433,)
calculating tensor that stores the overlaps........
finsihed the overlaps.......... 15.036148071289062
calculating tensor that stores the overlaps........
finsihed the overlaps.......... 15.02146053314209
calculating tensor that stores the overlaps........
finsihed the overlaps.......... 15.352117776870728
calculating tensor that stores the overlaps........
finsihed the overlaps.......... 3.15598726272583
calculating tensor that stores the overlaps........
finsihed the overlaps.......... 15.111472606658936
calculating tensor that stores the overlaps........
finsihed the overlaps.......... 2.9375147819519043
testing symmetry of the form factors...
plus valley form factor passed the C3 symmetry test with average difference...  8.30000178736416e-15
minus valley form factor passed the C3 symmetry test with average difference...  2.9381131578782353e-15
finished testing symmetry of the form factors...
starting bubble....... 919
time for bubble... 29.347879648208618
effective speed of sound down renormalization...$-\Delta c$ 10991.171290564662
residual of the fit... 0.036976219085085436
starting bubble....... 919
time for bubble... 29.509021282196045
effective speed of sound down renormalization...$-\Delta c$ 10314.371621859626
residual of the fit... 0.0339138246616252
starting bubble....... 919
time for bubble... 29.45723843574524
effective speed of sound down renormalization...$-\Delta c$ 10520.29650777215
residual of the fit... 0.039600049048492174
starting bubble....... 919
time for bubble... 29.533450603485107
effective speed of sound down renormalization...$-\Delta c$ 8854.276110052962
residual of the fit... 0.0333528582430611
starting bubble....... 919
time for bubble... 29.569186449050903
effective speed of sound down renormalization...$-\Delta c$ 6656.05250706884
residual of the fit... 0.04068649326712904
starting bubble....... 919
time for bubble... 29.52285099029541
effective speed of sound down renormalization...$-\Delta c$ 4797.8422051397665
residual of the fit... 0.02637080266218821
starting bubble....... 919
time for bubble... 29.5291690826416
effective speed of sound down renormalization...$-\Delta c$ 3220.0767068352075
residual of the fit... 0.01232423187044329
time for sweep delta 206.4881284236908
