starting sampling in reciprocal space....
finished sampling in reciprocal space....t= 0.05152082443237305  s
919 numer of sampling lattice points
taking 0 umklapps
hbvf is .. 2.7
q is... 0.07983292507592547
hvkd is... 0.2155488977049988
kappa is.. 0.3
alpha is.. 0.48712844796684357
the twist angle is .. 0.01905899543177808
phonon params 613065921046756.4 78.40263238071779 9800.329047589723
starting sampling in reciprocal space....
finished sampling in reciprocal space....t= 0.36441540718078613  s
starting sampling in reciprocal space....
finished sampling in reciprocal space....t= 0.36396098136901855  s
starting dispersion ..........
time to diag over MBZ 1790.1989562511444
saving  ..........
number of bands in density of states calculation, 2
sum of the hist, normed? 7.999999999999934
CHEMICAL POTENTIAL AND FILLING 0.0 0.0
starting sampling in reciprocal space....
finished sampling in reciprocal space....t= 0.05237102508544922  s
starting sampling in reciprocal space....
finished sampling in reciprocal space....t= 0.05186915397644043  s
starting dispersion ..........
time to diag over MBZ 258.84654784202576
starting sampling in reciprocal space....
finished sampling in reciprocal space....t= 0.05166029930114746  s
(6433, 564, 2) (919, 564, 2) (6433,)
starting sampling in reciprocal space....
finished sampling in reciprocal space....t= 0.051450252532958984  s
(6433, 564, 2) (919, 564, 2) (6433,)
calculating tensor that stores the overlaps........
finsihed the overlaps.......... 14.87218952178955
calculating tensor that stores the overlaps........
finsihed the overlaps.......... 14.836893558502197
calculating tensor that stores the overlaps........
finsihed the overlaps.......... 14.967215538024902
calculating tensor that stores the overlaps........
finsihed the overlaps.......... 2.813878059387207
calculating tensor that stores the overlaps........
finsihed the overlaps.......... 14.952430486679077
calculating tensor that stores the overlaps........
finsihed the overlaps.......... 2.557006597518921
testing symmetry of the form factors...
plus valley form factor passed the C3 symmetry test with average difference...  9.230823421785579e-16
minus valley form factor passed the C3 symmetry test with average difference...  1.4916511799762216e-15
finished testing symmetry of the form factors...
starting bubble....... 919
time for bubble... 29.294920682907104
effective speed of sound down renormalization...$-\Delta c$ 1744.572273882081
residual of the fit... 0.08836038277108656
starting bubble....... 919
time for bubble... 29.555784225463867
effective speed of sound down renormalization...$-\Delta c$ 1829.5780489326385
residual of the fit... 0.008300858807754658
starting bubble....... 919
time for bubble... 29.380593061447144
effective speed of sound down renormalization...$-\Delta c$ 1996.2542804905415
residual of the fit... 0.04267112367474827
starting bubble....... 919
time for bubble... 29.385238647460938
effective speed of sound down renormalization...$-\Delta c$ 1823.213388039665
residual of the fit... 0.06167315886130176
starting bubble....... 919
time for bubble... 29.412257194519043
effective speed of sound down renormalization...$-\Delta c$ 1136.094875022174
residual of the fit... 0.011893382949925696
starting bubble....... 919
time for bubble... 29.38962149620056
effective speed of sound down renormalization...$-\Delta c$ 649.7230498097792
residual of the fit... 0.00848068214549181
starting bubble....... 919
time for bubble... 29.313056230545044
effective speed of sound down renormalization...$-\Delta c$ 154.33363519115036
residual of the fit... 0.01718247196902729
time for sweep delta 205.75164532661438
