starting sampling in reciprocal space....
finished sampling in reciprocal space....t= 0.05117392539978027  s
919 numer of sampling lattice points
taking 0 umklapps
hbvf is .. 2.3382685902179845
q is... 0.08553508531876375
hvkd is... 0.20000400336248073
kappa is.. 0.75
alpha is.. 0.5249894913838371
the twist angle is .. 0.020420352248333655
phonon params 403948670356629.3
phonon params upsilon 5.0493583794578664e+16
area ratio 0.0004169762960378008 0.00041697629603780164
correct factor by which the interaction is reduced 69.25630453828481
c tilde 1831.0310294769179
starting sampling in reciprocal space....
finished sampling in reciprocal space....t= 0.5666854381561279  s
starting sampling in reciprocal space....
finished sampling in reciprocal space....t= 0.5666286945343018  s
starting dispersion ..........
time to diag over MBZ 2879.9607439041138
saving  ..........
number of bands in density of states calculation, 2
sum of the hist, normed? 8.000000000000108
CHEMICAL POTENTIAL AND FILLING 0.0 0.0
starting sampling in reciprocal space....
finished sampling in reciprocal space....t= 0.0521700382232666  s
starting sampling in reciprocal space....
finished sampling in reciprocal space....t= 0.05223655700683594  s
starting dispersion ..........
time to diag over MBZ 284.919634103775
starting sampling in reciprocal space....
finished sampling in reciprocal space....t= 0.05185532569885254  s
(6433, 564, 2) (919, 564, 2) (6433,)
starting sampling in reciprocal space....
finished sampling in reciprocal space....t= 0.05135846138000488  s
(6433, 564, 2) (919, 564, 2) (6433,)
calculating tensor that stores the overlaps........
finsihed the overlaps.......... 14.829233646392822
calculating tensor that stores the overlaps........
finsihed the overlaps.......... 14.827000856399536
calculating tensor that stores the overlaps........
finsihed the overlaps.......... 14.840004205703735
calculating tensor that stores the overlaps........
finsihed the overlaps.......... 2.5882468223571777
calculating tensor that stores the overlaps........
finsihed the overlaps.......... 14.845859289169312
calculating tensor that stores the overlaps........
finsihed the overlaps.......... 2.554384469985962
testing symmetry of the form factors...
plus valley form factor passed the C3 symmetry test with average difference...  1.842054448619521e-15
minus valley form factor passed the C3 symmetry test with average difference...  1.9150921101279415e-15
finished testing symmetry of the form factors...
starting bubble....... 919
time for bubble... 29.224175214767456
effective speed of sound down renormalization...$-\Delta c$ 2156.5042253104634
residual of the fit... 0.07129541866687299
starting bubble....... 919
time for bubble... 29.504937410354614
effective speed of sound down renormalization...$-\Delta c$ 2221.737587038612
residual of the fit... 0.00891305943962795
starting bubble....... 919
time for bubble... 29.575514554977417
effective speed of sound down renormalization...$-\Delta c$ 2259.6706562810064
residual of the fit... 0.006339844753047088
starting bubble....... 919
time for bubble... 29.596562385559082
effective speed of sound down renormalization...$-\Delta c$ 2286.0905539145356
residual of the fit... 0.03501856592824898
starting bubble....... 919
time for bubble... 29.594469785690308
effective speed of sound down renormalization...$-\Delta c$ 2475.940697905431
residual of the fit... 0.04159904513233986
starting bubble....... 919
time for bubble... 29.586580753326416
effective speed of sound down renormalization...$-\Delta c$ 2593.3357622563108
residual of the fit... 0.027517277255331537
starting bubble....... 919
time for bubble... 29.87354826927185
effective speed of sound down renormalization...$-\Delta c$ 2899.3812512032346
residual of the fit... 0.022714338461002483
starting bubble....... 919
time for bubble... 29.445927143096924
effective speed of sound down renormalization...$-\Delta c$ 2738.9775335023064
residual of the fit... 0.03992708583614938
starting bubble....... 919
time for bubble... 29.410071849822998
effective speed of sound down renormalization...$-\Delta c$ 2487.0099839741483
residual of the fit... 0.024272020340829495
starting bubble....... 919
time for bubble... 29.42021131515503
effective speed of sound down renormalization...$-\Delta c$ 2205.7595578801092
residual of the fit... 0.017739799099310064
starting bubble....... 919
time for bubble... 29.477050065994263
effective speed of sound down renormalization...$-\Delta c$ 2013.8197922038364
residual of the fit... 0.037613414539951255
starting bubble....... 919
time for bubble... 29.469547748565674
effective speed of sound down renormalization...$-\Delta c$ 1789.9689382726156
residual of the fit... 0.007537185142350586
starting bubble....... 919
time for bubble... 29.50097942352295
effective speed of sound down renormalization...$-\Delta c$ 1693.9253697702977
residual of the fit... 0.00678668406921276
starting bubble....... 919
time for bubble... 29.553454637527466
effective speed of sound down renormalization...$-\Delta c$ 1448.2718890682381
residual of the fit... 0.007712181820631818
starting bubble....... 919
time for bubble... 29.661978244781494
effective speed of sound down renormalization...$-\Delta c$ 1250.1741774178713
residual of the fit... 0.03827303887489135
starting bubble....... 919
time for bubble... 29.395097494125366
effective speed of sound down renormalization...$-\Delta c$ 1041.1884228164618
residual of the fit... 0.008249691844885797
starting bubble....... 919
time for bubble... 29.460175037384033
effective speed of sound down renormalization...$-\Delta c$ 866.3022322645191
residual of the fit... 0.041198153267733725
starting bubble....... 919
time for bubble... 29.84944176673889
effective speed of sound down renormalization...$-\Delta c$ 670.5492907526179
residual of the fit... 0.007097467095953592
starting bubble....... 919
time for bubble... 29.441739797592163
effective speed of sound down renormalization...$-\Delta c$ 467.1525095560252
residual of the fit... 0.029478387955794164
starting bubble....... 919
time for bubble... 29.57032823562622
effective speed of sound down renormalization...$-\Delta c$ 252.1960759522555
residual of the fit... 0.031007076467602618
time for sweep delta 590.6526517868042
