starting sampling in reciprocal space....
finished sampling in reciprocal space....t= 0.05187058448791504  s
919 numer of sampling lattice points
taking 0 umklapps
hbvf is .. 2.7
q is... 0.07829772165774311
hvkd is... 0.2114038484759064
kappa is.. 0.75
alpha is.. 0.4966796998114573
the twist angle is .. 0.01869247628885927
phonon params 283625654493299.25
phonon params upsilon 3.5453206811662404e+16
area ratio 0.000349398496059849 0.00034939849605984837
correct factor by which the interaction is reduced 75.65793476646677
c tilde 1676.1023544711923
starting sampling in reciprocal space....
finished sampling in reciprocal space....t= 0.5656397342681885  s
starting sampling in reciprocal space....
finished sampling in reciprocal space....t= 0.5794253349304199  s
starting dispersion ..........
time to diag over MBZ 2822.2388141155243
saving  ..........
number of bands in density of states calculation, 2
sum of the hist, normed? 7.999999999999929
CHEMICAL POTENTIAL AND FILLING 0.0 0.0
starting sampling in reciprocal space....
finished sampling in reciprocal space....t= 0.05153846740722656  s
starting sampling in reciprocal space....
finished sampling in reciprocal space....t= 0.05137324333190918  s
starting dispersion ..........
time to diag over MBZ 273.4968979358673
starting sampling in reciprocal space....
finished sampling in reciprocal space....t= 0.05166745185852051  s
(6433, 564, 2) (919, 564, 2) (6433,)
starting sampling in reciprocal space....
finished sampling in reciprocal space....t= 0.05136275291442871  s
(6433, 564, 2) (919, 564, 2) (6433,)
calculating tensor that stores the overlaps........
finsihed the overlaps.......... 14.869776725769043
calculating tensor that stores the overlaps........
finsihed the overlaps.......... 14.994777202606201
calculating tensor that stores the overlaps........
finsihed the overlaps.......... 14.976999998092651
calculating tensor that stores the overlaps........
finsihed the overlaps.......... 3.12408185005188
calculating tensor that stores the overlaps........
finsihed the overlaps.......... 15.51656460762024
calculating tensor that stores the overlaps........
finsihed the overlaps.......... 2.8327367305755615
testing symmetry of the form factors...
plus valley form factor passed the C3 symmetry test with average difference...  9.69819996927934e-15
minus valley form factor passed the C3 symmetry test with average difference...  8.130980535887742e-15
finished testing symmetry of the form factors...
starting bubble....... 919
time for bubble... 29.262001991271973
effective speed of sound down renormalization...$-\Delta c$ 1492.125706252441
residual of the fit... 0.07405374061668532
starting bubble....... 919
time for bubble... 29.69223427772522
effective speed of sound down renormalization...$-\Delta c$ 1526.5138708502352
residual of the fit... 0.00986850709797108
starting bubble....... 919
time for bubble... 29.685896396636963
effective speed of sound down renormalization...$-\Delta c$ 1561.6429783019705
residual of the fit... 0.002726346660959552
starting bubble....... 919
time for bubble... 29.5007004737854
effective speed of sound down renormalization...$-\Delta c$ 1572.3669517325984
residual of the fit... 0.02153823320064867
starting bubble....... 919
time for bubble... 29.61716914176941
effective speed of sound down renormalization...$-\Delta c$ 1672.3406836082313
residual of the fit... 0.012974320223910193
starting bubble....... 919
time for bubble... 29.640968799591064
effective speed of sound down renormalization...$-\Delta c$ 1782.6941523144512
residual of the fit... 0.014469146911914194
starting bubble....... 919
time for bubble... 29.705294609069824
effective speed of sound down renormalization...$-\Delta c$ 1843.0250950889863
residual of the fit... 0.02776793704464166
starting bubble....... 919
time for bubble... 29.6662278175354
effective speed of sound down renormalization...$-\Delta c$ 1954.8675336598833
residual of the fit... 0.04398973570050838
starting bubble....... 919
time for bubble... 29.65143322944641
effective speed of sound down renormalization...$-\Delta c$ 1751.7668162691
residual of the fit... 0.04075716607435804
starting bubble....... 919
time for bubble... 29.70508050918579
effective speed of sound down renormalization...$-\Delta c$ 1533.4460591681307
residual of the fit... 0.0349644650276617
starting bubble....... 919
time for bubble... 29.62700343132019
effective speed of sound down renormalization...$-\Delta c$ 1405.1401917088378
residual of the fit... 0.028096546683134133
starting bubble....... 919
time for bubble... 29.620382070541382
effective speed of sound down renormalization...$-\Delta c$ 1295.7838170495627
residual of the fit... 0.02448584563147046
starting bubble....... 919
time for bubble... 29.618179082870483
effective speed of sound down renormalization...$-\Delta c$ 1107.435576098865
residual of the fit... 0.01674025566464177
starting bubble....... 919
time for bubble... 29.604077577590942
effective speed of sound down renormalization...$-\Delta c$ 1007.8761971506643
residual of the fit... 0.027297747199403175
starting bubble....... 919
time for bubble... 29.60105609893799
effective speed of sound down renormalization...$-\Delta c$ 868.9604640637868
residual of the fit... 0.02970734477410795
starting bubble....... 919
time for bubble... 29.729615926742554
effective speed of sound down renormalization...$-\Delta c$ 726.0333428176021
residual of the fit... 0.014571587984381908
starting bubble....... 919
time for bubble... 30.236709594726562
effective speed of sound down renormalization...$-\Delta c$ 609.5212119557498
residual of the fit... 0.008873450626211098
starting bubble....... 919
time for bubble... 30.336377143859863
effective speed of sound down renormalization...$-\Delta c$ 469.7321432978651
residual of the fit... 0.03360033989243327
starting bubble....... 919
time for bubble... 29.54072594642639
effective speed of sound down renormalization...$-\Delta c$ 334.8146471602259
residual of the fit... 0.04875586533929239
starting bubble....... 919
time for bubble... 29.70806097984314
effective speed of sound down renormalization...$-\Delta c$ 180.929806557682
residual of the fit... 0.03376535901869484
time for sweep delta 593.7904496192932
