starting sampling in reciprocal space....
finished sampling in reciprocal space....t= 0.00794839859008789  s
91 numer of sampling lattice points
taking 0 umklapps
hbvf is .. 2.3382685902179845
q is... 0.0826109053629646
hvkd is... 0.19316648521969057
kappa is.. 0.3
alpha is.. 0.5435725554595158
the twist angle is .. 0.01972222054753592
starting sampling in reciprocal space....
finished sampling in reciprocal space....t= 0.0042040348052978516  s
starting sampling in reciprocal space....
finished sampling in reciprocal space....t= 0.004196882247924805  s
starting dispersion ..........
time to diag over MBZ 8.382903575897217
number of bands in density of states calculation, 2
sum of the hist, normed? 8.000000000000005
CHEMICAL POTENTIAL AND FILLING 0.0 0.0
starting sampling in reciprocal space....
finished sampling in reciprocal space....t= 0.00402069091796875  s
(1680,)
the bandwidth is ... 0.02090458068435653
152.55user 3.68system 0:20.59elapsed 758%CPU (0avgtext+0avgdata 1372076maxresident)k
0inputs+168outputs (0major+2447014minor)pagefaults 0swaps
