starting sampling in reciprocal space....
finished sampling in reciprocal space....t= 0.008199453353881836  s
91 numer of sampling lattice points
taking 0 umklapps
hbvf is .. 2.3382685902179845
q is... 0.08699717141061096
hvkd is... 0.20342275334724164
kappa is.. 0.75
alpha is.. 0.5161664478150363
the twist angle is .. 0.02076941809873252
starting sampling in reciprocal space....
finished sampling in reciprocal space....t= 0.004257917404174805  s
starting sampling in reciprocal space....
finished sampling in reciprocal space....t= 0.004129171371459961  s
starting dispersion ..........
time to diag over MBZ 8.796099662780762
number of bands in density of states calculation, 2
sum of the hist, normed? 7.9999999999999964
CHEMICAL POTENTIAL AND FILLING 0.0 0.0
starting sampling in reciprocal space....
finished sampling in reciprocal space....t= 0.004050493240356445  s
(4200,)
the bandwidth is ... 0.03209207181609805
278.75user 6.93system 0:36.81elapsed 775%CPU (0avgtext+0avgdata 3161976maxresident)k
0inputs+176outputs (0major+4598942minor)pagefaults 0swaps
