starting sampling in reciprocal space....
finished sampling in reciprocal space....t= 0.009333610534667969  s
91 numer of sampling lattice points
taking 0 umklapps
hbvf is .. 2.3382685902179845
q is... 0.08114881158808747
hvkd is... 0.18974771726994213
kappa is.. 0.3
alpha is.. 0.5533663409010771
the twist angle is .. 0.01937315469713706
starting sampling in reciprocal space....
finished sampling in reciprocal space....t= 0.004164457321166992  s
starting sampling in reciprocal space....
finished sampling in reciprocal space....t= 0.004155158996582031  s
starting dispersion ..........
time to diag over MBZ 8.613962650299072
number of bands in density of states calculation, 2
sum of the hist, normed? 8.0
CHEMICAL POTENTIAL AND FILLING 0.0 0.0
starting sampling in reciprocal space....
finished sampling in reciprocal space....t= 0.0039823055267333984  s
(1680,)
the bandwidth is ... 0.015500518712672166
153.83user 4.00system 0:20.84elapsed 757%CPU (0avgtext+0avgdata 1373580maxresident)k
0inputs+216outputs (0major+2448492minor)pagefaults 0swaps
