starting sampling in reciprocal space....
finished sampling in reciprocal space....t= 0.05097365379333496  s
919 numer of sampling lattice points
taking 0 umklapps
hbvf is .. 2.7
q is... 0.0721568822050364
hvkd is... 0.19482358195359828
kappa is.. 0.3
alpha is.. 0.5389491300134712
the twist angle is .. 0.01722639971718403
phonon params 409157056634924.7 95.97082081461686 11996.352601827108
starting sampling in reciprocal space....
finished sampling in reciprocal space....t= 0.39209723472595215  s
starting sampling in reciprocal space....
finished sampling in reciprocal space....t= 0.36433863639831543  s
starting dispersion ..........
time to diag over MBZ 1879.6855220794678
saving  ..........
number of bands in density of states calculation, 2
sum of the hist, normed? 7.9999999999999885
CHEMICAL POTENTIAL AND FILLING 0.0 0.0
starting sampling in reciprocal space....
finished sampling in reciprocal space....t= 0.05138278007507324  s
starting sampling in reciprocal space....
finished sampling in reciprocal space....t= 0.05155134201049805  s
starting dispersion ..........
time to diag over MBZ 253.70202612876892
starting sampling in reciprocal space....
finished sampling in reciprocal space....t= 0.0519106388092041  s
(6433, 564, 2) (919, 564, 2) (6433,)
starting sampling in reciprocal space....
finished sampling in reciprocal space....t= 0.05188632011413574  s
(6433, 564, 2) (919, 564, 2) (6433,)
calculating tensor that stores the overlaps........
finsihed the overlaps.......... 15.42819333076477
calculating tensor that stores the overlaps........
finsihed the overlaps.......... 15.519506931304932
calculating tensor that stores the overlaps........
finsihed the overlaps.......... 15.09755563735962
calculating tensor that stores the overlaps........
finsihed the overlaps.......... 2.6968603134155273
calculating tensor that stores the overlaps........
finsihed the overlaps.......... 14.785443782806396
calculating tensor that stores the overlaps........
finsihed the overlaps.......... 2.5276553630828857
testing symmetry of the form factors...
plus valley form factor passed the C3 symmetry test with average difference...  1.7019019772181954e-15
minus valley form factor passed the C3 symmetry test with average difference...  1.640704186882617e-15
finished testing symmetry of the form factors...
starting bubble....... 919
time for bubble... 29.388861656188965
effective speed of sound down renormalization...$-\Delta c$ 2476.201916005893
residual of the fit... 0.08898166088290653
starting bubble....... 919
time for bubble... 29.457184553146362
effective speed of sound down renormalization...$-\Delta c$ 2578.0684612111945
residual of the fit... 0.002302653458164019
starting bubble....... 919
time for bubble... 29.46932554244995
effective speed of sound down renormalization...$-\Delta c$ 2851.5443964119468
residual of the fit... 0.041289352325032114
starting bubble....... 919
time for bubble... 29.514891147613525
effective speed of sound down renormalization...$-\Delta c$ 2549.5949595479815
residual of the fit... 0.0242857341299425
starting bubble....... 919
time for bubble... 29.47182059288025
effective speed of sound down renormalization...$-\Delta c$ 1597.550988912768
residual of the fit... 0.016711485981310063
starting bubble....... 919
time for bubble... 29.48436713218689
effective speed of sound down renormalization...$-\Delta c$ 905.9002436870126
residual of the fit... 0.003429096515000834
starting bubble....... 919
time for bubble... 29.372278928756714
effective speed of sound down renormalization...$-\Delta c$ 176.99143314436895
residual of the fit... 0.07471748166388889
time for sweep delta 206.17872214317322
