starting sampling in reciprocal space....
finished sampling in reciprocal space....t= 0.0074160099029541016  s
91 numer of sampling lattice points
taking 0 umklapps
hbvf is .. 2.3382685902179845
q is... 0.07164514378828872
hvkd is... 0.16752558936180664
kappa is.. 0.3
alpha is.. 0.6267699185539379
the twist angle is .. 0.017104226669544427
starting sampling in reciprocal space....
finished sampling in reciprocal space....t= 0.004222393035888672  s
starting sampling in reciprocal space....
finished sampling in reciprocal space....t= 0.004180431365966797  s
starting dispersion ..........
time to diag over MBZ 8.649649143218994
number of bands in density of states calculation, 2
sum of the hist, normed? 7.999999999999995
CHEMICAL POTENTIAL AND FILLING 0.0 0.0
starting sampling in reciprocal space....
finished sampling in reciprocal space....t= 0.0040547847747802734  s
(1680,)
the bandwidth is ... 0.017646393643587048
155.94user 4.04system 0:21.15elapsed 756%CPU (0avgtext+0avgdata 1373812maxresident)k
0inputs+224outputs (0major+2446242minor)pagefaults 0swaps
