starting sampling in reciprocal space....
finished sampling in reciprocal space....t= 0.009232282638549805  s
91 numer of sampling lattice points
taking 0 umklapps
hbvf is .. 2.3382685902179845
q is... 0.08772821346553646
hvkd is... 0.20513212602240233
kappa is.. 0.75
alpha is.. 0.511865216024393
the twist angle is .. 0.020943951023931952
starting sampling in reciprocal space....
finished sampling in reciprocal space....t= 0.004160642623901367  s
starting sampling in reciprocal space....
finished sampling in reciprocal space....t= 0.004124164581298828  s
starting dispersion ..........
time to diag over MBZ 8.779359579086304
number of bands in density of states calculation, 2
sum of the hist, normed? 8.000000000000002
CHEMICAL POTENTIAL AND FILLING 0.0 0.0
starting sampling in reciprocal space....
finished sampling in reciprocal space....t= 0.003987550735473633  s
(1680,)
the bandwidth is ... 0.034794776570457375
154.64user 3.93system 0:20.89elapsed 758%CPU (0avgtext+0avgdata 1371268maxresident)k
0inputs+176outputs (0major+2447174minor)pagefaults 0swaps
