starting sampling in reciprocal space....
finished sampling in reciprocal space....t= 0.05111408233642578  s
919 numer of sampling lattice points
taking 0 umklapps
hbvf is .. 2.3382685902179845
q is... 0.07456935965397508
hvkd is... 0.17436319147155818
kappa is.. 0.75
alpha is.. 0.6021913175243033
the twist angle is .. 0.01780235837034216
phonon params 233340791204211.22
phonon params upsilon 2.91675989005264e+16
area ratio 0.00031691559356795897 0.0003169155935679577
correct factor by which the interaction is reduced 79.44072397876262
c tilde 1596.2901172754164
starting sampling in reciprocal space....
finished sampling in reciprocal space....t= 0.5665075778961182  s
starting sampling in reciprocal space....
finished sampling in reciprocal space....t= 0.5652730464935303  s
starting dispersion ..........
time to diag over MBZ 2919.381106376648
saving  ..........
number of bands in density of states calculation, 2
sum of the hist, normed? 8.00000000000011
CHEMICAL POTENTIAL AND FILLING 0.0 0.0
starting sampling in reciprocal space....
finished sampling in reciprocal space....t= 0.052664756774902344  s
starting sampling in reciprocal space....
finished sampling in reciprocal space....t= 0.0525660514831543  s
starting dispersion ..........
time to diag over MBZ 320.66784858703613
starting sampling in reciprocal space....
finished sampling in reciprocal space....t= 0.051751136779785156  s
(6433, 564, 2) (919, 564, 2) (6433,)
starting sampling in reciprocal space....
finished sampling in reciprocal space....t= 0.05217409133911133  s
(6433, 564, 2) (919, 564, 2) (6433,)
calculating tensor that stores the overlaps........
finsihed the overlaps.......... 15.757420539855957
calculating tensor that stores the overlaps........
finsihed the overlaps.......... 15.476415634155273
calculating tensor that stores the overlaps........
finsihed the overlaps.......... 15.143462181091309
calculating tensor that stores the overlaps........
finsihed the overlaps.......... 2.6935582160949707
calculating tensor that stores the overlaps........
finsihed the overlaps.......... 15.242934703826904
calculating tensor that stores the overlaps........
finsihed the overlaps.......... 2.5511536598205566
testing symmetry of the form factors...
plus valley form factor passed the C3 symmetry test with average difference...  1.0872537518164175e-14
minus valley form factor passed the C3 symmetry test with average difference...  9.973699775675932e-15
finished testing symmetry of the form factors...
starting bubble....... 919
time for bubble... 29.222609043121338
effective speed of sound down renormalization...$-\Delta c$ 4013.3317009612415
residual of the fit... 0.0700772904961075
starting bubble....... 919
time for bubble... 29.372161865234375
effective speed of sound down renormalization...$-\Delta c$ 4182.776178691274
residual of the fit... 0.014118116917734862
starting bubble....... 919
time for bubble... 29.455529928207397
effective speed of sound down renormalization...$-\Delta c$ 4317.744906452512
residual of the fit... 0.011759172425982766
starting bubble....... 919
time for bubble... 29.79485058784485
effective speed of sound down renormalization...$-\Delta c$ 4733.336156890578
residual of the fit... 0.03326784418703143
starting bubble....... 919
time for bubble... 29.8606173992157
effective speed of sound down renormalization...$-\Delta c$ 5029.161353840676
residual of the fit... 0.05319526407284949
starting bubble....... 919
time for bubble... 29.89964532852173
effective speed of sound down renormalization...$-\Delta c$ 5264.197802623376
residual of the fit... 0.009431510190213361
starting bubble....... 919
time for bubble... 29.843200206756592
effective speed of sound down renormalization...$-\Delta c$ 4861.242842192297
residual of the fit... 0.07334835643849193
starting bubble....... 919
time for bubble... 29.671239137649536
effective speed of sound down renormalization...$-\Delta c$ 4466.513574521447
residual of the fit... 0.04873349505223672
starting bubble....... 919
time for bubble... 29.640798568725586
effective speed of sound down renormalization...$-\Delta c$ 3960.3489159870246
residual of the fit... 0.005945024870764812
starting bubble....... 919
time for bubble... 29.517313480377197
effective speed of sound down renormalization...$-\Delta c$ 3665.3079066488053
residual of the fit... 0.022265737904537303
starting bubble....... 919
time for bubble... 29.67956519126892
effective speed of sound down renormalization...$-\Delta c$ 3274.8657325318027
residual of the fit... 0.005072449402341002
starting bubble....... 919
time for bubble... 29.5343074798584
effective speed of sound down renormalization...$-\Delta c$ 3083.075824580558
residual of the fit... 0.03144152745224019
starting bubble....... 919
time for bubble... 29.506978034973145
effective speed of sound down renormalization...$-\Delta c$ 2675.096509697441
residual of the fit... 0.0028475517990667735
starting bubble....... 919
time for bubble... 29.613645792007446
effective speed of sound down renormalization...$-\Delta c$ 2420.164201859681
residual of the fit... 0.0684720694898007
starting bubble....... 919
time for bubble... 29.650829076766968
effective speed of sound down renormalization...$-\Delta c$ 2107.100324893655
residual of the fit... 0.047060532812175426
starting bubble....... 919
time for bubble... 29.552910804748535
effective speed of sound down renormalization...$-\Delta c$ 1807.1854235264123
residual of the fit... 0.05873267507262388
starting bubble....... 919
time for bubble... 29.73652410507202
effective speed of sound down renormalization...$-\Delta c$ 1477.4654684146271
residual of the fit... 0.0011943797863372468
starting bubble....... 919
time for bubble... 29.86700940132141
effective speed of sound down renormalization...$-\Delta c$ 1085.8524475896927
residual of the fit... 0.07282580070425455
starting bubble....... 919
time for bubble... 30.170355558395386
effective speed of sound down renormalization...$-\Delta c$ 751.3046999860157
residual of the fit... 0.02433808550280587
starting bubble....... 919
time for bubble... 29.64982533454895
effective speed of sound down renormalization...$-\Delta c$ 349.46992865940166
residual of the fit... 0.021844393307874622
time for sweep delta 593.2768657207489
