starting sampling in reciprocal space....
finished sampling in reciprocal space....t= 0.008041620254516602  s
91 numer of sampling lattice points
taking 0 umklapps
hbvf is .. 2.3382685902179845
q is... 0.07456935965397508
hvkd is... 0.17436319147155818
kappa is.. 0.3
alpha is.. 0.6021913175243033
the twist angle is .. 0.01780235837034216
starting sampling in reciprocal space....
finished sampling in reciprocal space....t= 0.004235744476318359  s
starting sampling in reciprocal space....
finished sampling in reciprocal space....t= 0.0041506290435791016  s
starting dispersion ..........
time to diag over MBZ 8.63776969909668
number of bands in density of states calculation, 2
sum of the hist, normed? 7.999999999999996
CHEMICAL POTENTIAL AND FILLING 0.0 0.0
starting sampling in reciprocal space....
finished sampling in reciprocal space....t= 0.004067659378051758  s
(4200,)
the bandwidth is ... 0.007861675584589542
276.78user 6.86system 0:36.55elapsed 775%CPU (0avgtext+0avgdata 3163380maxresident)k
0inputs+176outputs (0major+4601392minor)pagefaults 0swaps
