starting sampling in reciprocal space....
finished sampling in reciprocal space....t= 0.051450252532958984  s
919 numer of sampling lattice points
taking 0 umklapps
hbvf is .. 2.7
q is... 0.06601600397918202
hvkd is... 0.17824321074379146
kappa is.. 0.75
alpha is.. 0.5890827457710467
the twist angle is .. 0.015760323145508796
phonon params 143332917588946.97
phonon params upsilon 1.791661469861837e+16
area ratio 0.00024838264431908995 0.00024838264431909017
correct factor by which the interaction is reduced 89.73345189770272
c tilde 1413.1902865061759
starting sampling in reciprocal space....
finished sampling in reciprocal space....t= 0.37363672256469727  s
starting sampling in reciprocal space....
finished sampling in reciprocal space....t= 0.36922502517700195  s
starting dispersion ..........
time to diag over MBZ 9673.299067497253
saving  ..........
number of bands in density of states calculation, 2
sum of the hist, normed? 8.000000000000055
CHEMICAL POTENTIAL AND FILLING 0.0 0.0
starting sampling in reciprocal space....
finished sampling in reciprocal space....t= 0.05250859260559082  s
starting sampling in reciprocal space....
finished sampling in reciprocal space....t= 0.05238151550292969  s
starting dispersion ..........
time to diag over MBZ 1653.4368031024933
starting sampling in reciprocal space....
finished sampling in reciprocal space....t= 0.05266261100769043  s
(6433, 564, 2) (919, 564, 2) (6433,)
starting sampling in reciprocal space....
finished sampling in reciprocal space....t= 0.0523676872253418  s
(6433, 564, 2) (919, 564, 2) (6433,)
calculating tensor that stores the overlaps........
finsihed the overlaps.......... 27.134029388427734
calculating tensor that stores the overlaps........
finsihed the overlaps.......... 25.66010856628418
calculating tensor that stores the overlaps........
finsihed the overlaps.......... 29.635152101516724
calculating tensor that stores the overlaps........
finsihed the overlaps.......... 4.369905471801758
calculating tensor that stores the overlaps........
finsihed the overlaps.......... 27.4246244430542
calculating tensor that stores the overlaps........
finsihed the overlaps.......... 4.560129165649414
testing symmetry of the form factors...
plus valley form factor passed the C3 symmetry test with average difference...  3.339829764825769e-15
minus valley form factor passed the C3 symmetry test with average difference...  2.928392431337779e-15
finished testing symmetry of the form factors...
starting bubble....... 919
time for bubble... 29.48784351348877
effective speed of sound down renormalization...$-\Delta c$ 5917.836964714
residual of the fit... 0.06799774942700948
starting bubble....... 919
time for bubble... 29.559260368347168
effective speed of sound down renormalization...$-\Delta c$ 6775.966944098995
residual of the fit... 0.020043620376003803
starting bubble....... 919
time for bubble... 29.51540994644165
effective speed of sound down renormalization...$-\Delta c$ 6619.195306073608
residual of the fit... 0.06118828333423362
starting bubble....... 919
time for bubble... 29.47065544128418
effective speed of sound down renormalization...$-\Delta c$ 4586.055874895797
residual of the fit... 0.018007658387928834
starting bubble....... 919
time for bubble... 29.464224815368652
effective speed of sound down renormalization...$-\Delta c$ 3163.6547988035277
residual of the fit... 0.016884753691337417
starting bubble....... 919
time for bubble... 29.347445011138916
effective speed of sound down renormalization...$-\Delta c$ 1880.9269282663718
residual of the fit... 0.01627241898382024
starting bubble....... 919
time for bubble... 29.412845134735107
effective speed of sound down renormalization...$-\Delta c$ 431.9517529029204
residual of the fit... 0.0036392558854787056
time for sweep delta 206.2780637741089
