starting sampling in reciprocal space....
finished sampling in reciprocal space....t= 0.05130958557128906  s
919 numer of sampling lattice points
taking 0 umklapps
hbvf is .. 2.7
q is... 0.08750890091895454
hvkd is... 0.23627403248117726
kappa is.. 0.75
alpha is.. 0.4443992380261458
the twist angle is .. 0.020891591146372124
phonon params 442545499426903.2
phonon params upsilon 5.53181874283629e+16
area ratio 0.00043644270618374293 0.00043644270618374337
correct factor by which the interaction is reduced 67.69418716652365
c tilde 1873.2840721546231
starting sampling in reciprocal space....
finished sampling in reciprocal space....t= 0.3646202087402344  s
starting sampling in reciprocal space....
finished sampling in reciprocal space....t= 0.362393856048584  s
starting dispersion ..........
time to diag over MBZ 1989.7654495239258
saving  ..........
number of bands in density of states calculation, 2
sum of the hist, normed? 7.999999999999997
CHEMICAL POTENTIAL AND FILLING 0.0 0.0
starting sampling in reciprocal space....
finished sampling in reciprocal space....t= 0.05203890800476074  s
starting sampling in reciprocal space....
finished sampling in reciprocal space....t= 0.052036285400390625  s
starting dispersion ..........
time to diag over MBZ 284.40345883369446
starting sampling in reciprocal space....
finished sampling in reciprocal space....t= 0.05278372764587402  s
(6433, 564, 2) (919, 564, 2) (6433,)
starting sampling in reciprocal space....
finished sampling in reciprocal space....t= 0.0529332160949707  s
(6433, 564, 2) (919, 564, 2) (6433,)
calculating tensor that stores the overlaps........
finsihed the overlaps.......... 14.925428867340088
calculating tensor that stores the overlaps........
finsihed the overlaps.......... 15.039096117019653
calculating tensor that stores the overlaps........
finsihed the overlaps.......... 15.799374341964722
calculating tensor that stores the overlaps........
finsihed the overlaps.......... 3.025254487991333
calculating tensor that stores the overlaps........
finsihed the overlaps.......... 14.983670234680176
calculating tensor that stores the overlaps........
finsihed the overlaps.......... 3.1749799251556396
testing symmetry of the form factors...
plus valley form factor passed the C3 symmetry test with average difference...  3.859498278559671e-15
minus valley form factor passed the C3 symmetry test with average difference...  3.4777299139987973e-15
finished testing symmetry of the form factors...
starting bubble....... 919
time for bubble... 29.462783098220825
effective speed of sound down renormalization...$-\Delta c$ 1159.5628780491352
residual of the fit... 0.07680306810948113
starting bubble....... 919
time for bubble... 29.511931657791138
effective speed of sound down renormalization...$-\Delta c$ 1213.7802432866436
residual of the fit... 0.01268954045559977
starting bubble....... 919
time for bubble... 29.4795024394989
effective speed of sound down renormalization...$-\Delta c$ 1444.1051755433357
residual of the fit... 0.0316968594642532
starting bubble....... 919
time for bubble... 29.35743284225464
effective speed of sound down renormalization...$-\Delta c$ 1154.423665264531
residual of the fit... 0.02633822402101767
starting bubble....... 919
time for bubble... 29.43592381477356
effective speed of sound down renormalization...$-\Delta c$ 818.9916689279673
residual of the fit... 0.03448940340723269
starting bubble....... 919
time for bubble... 29.412380695343018
effective speed of sound down renormalization...$-\Delta c$ 490.2671725835126
residual of the fit... 0.020873788476900985
starting bubble....... 919
time for bubble... 29.45786166191101
effective speed of sound down renormalization...$-\Delta c$ 152.89900662824692
residual of the fit... 0.02663881195113931
time for sweep delta 206.13638377189636
