starting sampling in reciprocal space....
finished sampling in reciprocal space....t= 0.007725238800048828  s
91 numer of sampling lattice points
taking 0 umklapps
hbvf is .. 2.3382685902179845
q is... 0.08626612869316475
hvkd is... 0.20171337912292955
kappa is.. 0.75
alpha is.. 0.5205405831608729
the twist angle is .. 0.020594885173533087
starting sampling in reciprocal space....
finished sampling in reciprocal space....t= 0.00428318977355957  s
starting sampling in reciprocal space....
finished sampling in reciprocal space....t= 0.004070758819580078  s
starting dispersion ..........
time to diag over MBZ 9.055982112884521
number of bands in density of states calculation, 2
sum of the hist, normed? 7.999999999999987
CHEMICAL POTENTIAL AND FILLING 0.0 0.0
starting sampling in reciprocal space....
finished sampling in reciprocal space....t= 0.00401616096496582  s
(240,)
the bandwidth is ... 0.02940867603829984
159.37user 4.17system 0:21.62elapsed 756%CPU (0avgtext+0avgdata 1373204maxresident)k
0inputs+232outputs (0major+2447683minor)pagefaults 0swaps
