starting sampling in reciprocal space....
finished sampling in reciprocal space....t= 0.007870197296142578  s
91 numer of sampling lattice points
taking 0 umklapps
hbvf is .. 2.3382685902179845
q is... 0.08407299662136936
hvkd is... 0.1965852472852507
kappa is.. 0.75
alpha is.. 0.5341194288483003
the twist angle is .. 0.020071286397934786
starting sampling in reciprocal space....
finished sampling in reciprocal space....t= 0.00420832633972168  s
starting sampling in reciprocal space....
finished sampling in reciprocal space....t= 0.00408625602722168  s
starting dispersion ..........
time to diag over MBZ 8.859224796295166
number of bands in density of states calculation, 2
sum of the hist, normed? 8.000000000000016
CHEMICAL POTENTIAL AND FILLING 0.0 0.0
starting sampling in reciprocal space....
finished sampling in reciprocal space....t= 0.004083871841430664  s
(4200,)
the bandwidth is ... 0.021481679419788277
275.27user 7.05system 0:36.39elapsed 775%CPU (0avgtext+0avgdata 3162168maxresident)k
0inputs+176outputs (0major+4599523minor)pagefaults 0swaps
