starting sampling in reciprocal space....
finished sampling in reciprocal space....t= 0.05236053466796875  s
919 numer of sampling lattice points
taking 0 umklapps
hbvf is .. 2.3382685902179845
q is... 0.07456935965397508
hvkd is... 0.17436319147155818
kappa is.. 0.3
alpha is.. 0.6021913175243033
the twist angle is .. 0.01780235837034216
phonon params 233340791204211.22
phonon params upsilon 2.91675989005264e+16
area ratio 0.00031691559356795897 0.0003169155935679577
correct factor by which the interaction is reduced 79.44072397876262
c tilde 1596.2901172754164
starting sampling in reciprocal space....
finished sampling in reciprocal space....t= 0.5717732906341553  s
starting sampling in reciprocal space....
finished sampling in reciprocal space....t= 0.5671641826629639  s
starting dispersion ..........
time to diag over MBZ 2870.9322848320007
saving  ..........
number of bands in density of states calculation, 2
sum of the hist, normed? 8.000000000000021
CHEMICAL POTENTIAL AND FILLING 0.0 0.0
starting sampling in reciprocal space....
finished sampling in reciprocal space....t= 0.05399823188781738  s
starting sampling in reciprocal space....
finished sampling in reciprocal space....t= 0.0526883602142334  s
starting dispersion ..........
time to diag over MBZ 284.86904859542847
starting sampling in reciprocal space....
finished sampling in reciprocal space....t= 0.0519709587097168  s
(6433, 564, 2) (919, 564, 2) (6433,)
starting sampling in reciprocal space....
finished sampling in reciprocal space....t= 0.05251359939575195  s
(6433, 564, 2) (919, 564, 2) (6433,)
calculating tensor that stores the overlaps........
finsihed the overlaps.......... 16.106316566467285
calculating tensor that stores the overlaps........
finsihed the overlaps.......... 16.553237676620483
calculating tensor that stores the overlaps........
finsihed the overlaps.......... 15.260347127914429
calculating tensor that stores the overlaps........
finsihed the overlaps.......... 2.8944389820098877
calculating tensor that stores the overlaps........
finsihed the overlaps.......... 15.255481481552124
calculating tensor that stores the overlaps........
finsihed the overlaps.......... 2.5735206604003906
testing symmetry of the form factors...
plus valley form factor passed the C3 symmetry test with average difference...  7.809833694192818e-15
minus valley form factor passed the C3 symmetry test with average difference...  7.941269051828137e-15
finished testing symmetry of the form factors...
starting bubble....... 919
time for bubble... 29.50923180580139
effective speed of sound down renormalization...$-\Delta c$ 3190.074085761353
residual of the fit... 0.08680442371423287
starting bubble....... 919
time for bubble... 29.874739170074463
effective speed of sound down renormalization...$-\Delta c$ 3206.4768640464786
residual of the fit... 0.04036910262663303
starting bubble....... 919
time for bubble... 30.11234140396118
effective speed of sound down renormalization...$-\Delta c$ 3246.739228379312
residual of the fit... 0.01625259087583988
starting bubble....... 919
time for bubble... 29.99923872947693
effective speed of sound down renormalization...$-\Delta c$ 3157.354647370511
residual of the fit... 0.06855312760556181
starting bubble....... 919
time for bubble... 30.0092670917511
effective speed of sound down renormalization...$-\Delta c$ 3426.124106034526
residual of the fit... 0.030031614599333744
starting bubble....... 919
time for bubble... 29.791908979415894
effective speed of sound down renormalization...$-\Delta c$ 3313.927763763343
residual of the fit... 0.05882528368913789
starting bubble....... 919
time for bubble... 29.868566751480103
effective speed of sound down renormalization...$-\Delta c$ 3619.1471865694302
residual of the fit... 0.015049667397596911
starting bubble....... 919
time for bubble... 29.760355472564697
effective speed of sound down renormalization...$-\Delta c$ 3884.904880618082
residual of the fit... 0.05013860775742807
starting bubble....... 919
time for bubble... 29.9238178730011
effective speed of sound down renormalization...$-\Delta c$ 3932.8781528736513
residual of the fit... 0.02601308207881466
starting bubble....... 919
time for bubble... 29.844165802001953
effective speed of sound down renormalization...$-\Delta c$ 3409.5638744311104
residual of the fit... 0.06104302259460273
starting bubble....... 919
time for bubble... 29.99508810043335
effective speed of sound down renormalization...$-\Delta c$ 2927.462561439408
residual of the fit... 0.015389095313282091
starting bubble....... 919
time for bubble... 29.876165866851807
effective speed of sound down renormalization...$-\Delta c$ 2525.7281928812126
residual of the fit... 0.02199360660794648
starting bubble....... 919
time for bubble... 29.96965479850769
effective speed of sound down renormalization...$-\Delta c$ 2271.263743317071
residual of the fit... 0.011896381934601427
starting bubble....... 919
time for bubble... 29.890300273895264
effective speed of sound down renormalization...$-\Delta c$ 1951.6927191096459
residual of the fit... 0.01774023066238602
starting bubble....... 919
time for bubble... 29.98659372329712
effective speed of sound down renormalization...$-\Delta c$ 1660.7758429184983
residual of the fit... 0.002486643301188897
starting bubble....... 919
time for bubble... 29.810011625289917
effective speed of sound down renormalization...$-\Delta c$ 1323.567308932194
residual of the fit... 0.00798097262760374
starting bubble....... 919
time for bubble... 30.01888394355774
effective speed of sound down renormalization...$-\Delta c$ 1031.201345643877
residual of the fit... 0.012632714210945367
starting bubble....... 919
time for bubble... 30.204569339752197
effective speed of sound down renormalization...$-\Delta c$ 784.7872947651981
residual of the fit... 0.006043307201357921
starting bubble....... 919
time for bubble... 30.32786512374878
effective speed of sound down renormalization...$-\Delta c$ 526.7745692618931
residual of the fit... 0.0037149967026320636
starting bubble....... 919
time for bubble... 30.14265751838684
effective speed of sound down renormalization...$-\Delta c$ 222.34442726089046
residual of the fit... 0.08675823474502221
time for sweep delta 598.9540011882782
