starting sampling in reciprocal space....
finished sampling in reciprocal space....t= 0.006806612014770508  s
91 numer of sampling lattice points
taking 0 umklapps
hbvf is .. 2.3382685902179845
q is... 0.0687209191928595
hvkd is... 0.16068796683957162
kappa is.. 0.75
alpha is.. 0.6534403419568459
the twist angle is .. 0.016406094968746697
starting sampling in reciprocal space....
finished sampling in reciprocal space....t= 0.004297018051147461  s
starting sampling in reciprocal space....
finished sampling in reciprocal space....t= 0.004063844680786133  s
starting dispersion ..........
time to diag over MBZ 8.644474744796753
number of bands in density of states calculation, 2
sum of the hist, normed? 8.0
CHEMICAL POTENTIAL AND FILLING 0.0 0.0
starting sampling in reciprocal space....
finished sampling in reciprocal space....t= 0.004038572311401367  s
(1680,)
the bandwidth is ... 0.026733068266046173
153.70user 4.05system 0:20.78elapsed 759%CPU (0avgtext+0avgdata 1373692maxresident)k
0inputs+192outputs (0major+2446585minor)pagefaults 0swaps
