starting sampling in reciprocal space....
finished sampling in reciprocal space....t= 0.05180168151855469  s
919 numer of sampling lattice points
taking 0 umklapps
hbvf is .. 2.3382685902179845
q is... 0.07018303255952259
hvkd is... 0.16410678060017778
kappa is.. 0.75
alpha is.. 0.6398273100964498
the twist angle is .. 0.016755160819145562
phonon params 183095440990717.34
phonon params upsilon 2.2886930123839668e+16
area ratio 0.0002807288464391627 0.0002807288464391634
correct factor by which the interaction is reduced 84.40564195513255
c tilde 1502.3929640143142
starting sampling in reciprocal space....
finished sampling in reciprocal space....t= 0.5639796257019043  s
starting sampling in reciprocal space....
finished sampling in reciprocal space....t= 0.5732884407043457  s
starting dispersion ..........
time to diag over MBZ 3003.116717338562
saving  ..........
number of bands in density of states calculation, 2
sum of the hist, normed? 8.000000000000046
CHEMICAL POTENTIAL AND FILLING 0.0 0.0
starting sampling in reciprocal space....
finished sampling in reciprocal space....t= 0.05263829231262207  s
starting sampling in reciprocal space....
finished sampling in reciprocal space....t= 0.052416324615478516  s
starting dispersion ..........
time to diag over MBZ 266.99661326408386
starting sampling in reciprocal space....
finished sampling in reciprocal space....t= 0.052500247955322266  s
(6433, 564, 2) (919, 564, 2) (6433,)
starting sampling in reciprocal space....
finished sampling in reciprocal space....t= 0.05170893669128418  s
(6433, 564, 2) (919, 564, 2) (6433,)
calculating tensor that stores the overlaps........
finsihed the overlaps.......... 15.122257471084595
calculating tensor that stores the overlaps........
finsihed the overlaps.......... 2.2473397254943848
calculating tensor that stores the overlaps........
finsihed the overlaps.......... 14.68082046508789
calculating tensor that stores the overlaps........
finsihed the overlaps.......... 2.5160000324249268
testing symmetry of the form factors...
plus valley form factor passed the C3 symmetry test with average difference...  9.131499841204715e-15
minus valley form factor passed the C3 symmetry test with average difference...  1.8261463180180167e-14
finished testing symmetry of the form factors...
starting bubble....... 919
time for bubble... 29.413717031478882
effective speed of sound down renormalization...$-\Delta c$ 2587.3616355065274
residual of the fit... 0.05290084809725136
starting bubble....... 919
time for bubble... 29.534904956817627
effective speed of sound down renormalization...$-\Delta c$ 2685.8386947467334
residual of the fit... 0.025281158413399632
starting bubble....... 919
time for bubble... 29.666478872299194
effective speed of sound down renormalization...$-\Delta c$ 2912.7886791560595
residual of the fit... 0.038396133326241644
starting bubble....... 919
time for bubble... 29.535775899887085
effective speed of sound down renormalization...$-\Delta c$ 3228.385501438292
residual of the fit... 0.05481425868746825
starting bubble....... 919
time for bubble... 29.766491889953613
effective speed of sound down renormalization...$-\Delta c$ 3350.9971263749917
residual of the fit... 0.011402548907101158
starting bubble....... 919
time for bubble... 29.693922996520996
effective speed of sound down renormalization...$-\Delta c$ 3243.668849267386
residual of the fit... 0.05051747186026943
starting bubble....... 919
time for bubble... 29.55462145805359
effective speed of sound down renormalization...$-\Delta c$ 3005.7025533827255
residual of the fit... 0.05008702651206157
starting bubble....... 919
time for bubble... 29.52410101890564
effective speed of sound down renormalization...$-\Delta c$ 2702.042769369965
residual of the fit... 0.03785271674706269
starting bubble....... 919
time for bubble... 29.49925398826599
effective speed of sound down renormalization...$-\Delta c$ 2461.9408154516323
residual of the fit... 0.006044751551339475
starting bubble....... 919
time for bubble... 29.62057852745056
effective speed of sound down renormalization...$-\Delta c$ 2303.187722817917
residual of the fit... 0.011697541948458673
starting bubble....... 919
time for bubble... 29.613412380218506
effective speed of sound down renormalization...$-\Delta c$ 2074.2671963760845
residual of the fit... 0.02282698138593717
starting bubble....... 919
time for bubble... 29.526466846466064
effective speed of sound down renormalization...$-\Delta c$ 1934.468007412309
residual of the fit... 0.03141780521693441
starting bubble....... 919
time for bubble... 29.48582696914673
effective speed of sound down renormalization...$-\Delta c$ 1754.0860460887004
residual of the fit... 0.0055526214341593706
starting bubble....... 919
time for bubble... 29.54770255088806
effective speed of sound down renormalization...$-\Delta c$ 1587.596265588026
residual of the fit... 0.011444406057050823
starting bubble....... 919
time for bubble... 29.66522455215454
effective speed of sound down renormalization...$-\Delta c$ 1379.5092774311572
residual of the fit... 0.01382673872340548
starting bubble....... 919
time for bubble... 29.616121768951416
effective speed of sound down renormalization...$-\Delta c$ 1180.3298845466136
residual of the fit... 0.025517947779182936
starting bubble....... 919
time for bubble... 29.593056678771973
effective speed of sound down renormalization...$-\Delta c$ 976.0886691704058
residual of the fit... 0.009643928600041216
starting bubble....... 919
time for bubble... 29.6009783744812
effective speed of sound down renormalization...$-\Delta c$ 738.033254076033
residual of the fit... 0.02966072341792733
starting bubble....... 919
time for bubble... 29.54681968688965
effective speed of sound down renormalization...$-\Delta c$ 519.3709358363782
residual of the fit... 0.11136738680573877
starting bubble....... 919
time for bubble... 29.540112495422363
effective speed of sound down renormalization...$-\Delta c$ 222.88853622868766
residual of the fit... 0.16278301481076862
time for sweep delta 591.5822076797485
