starting sampling in reciprocal space....
finished sampling in reciprocal space....t= 0.051065921783447266  s
919 numer of sampling lattice points
taking 0 umklapps
hbvf is .. 2.7
q is... 0.0736920958320925
hvkd is... 0.1989686587466498
kappa is.. 0.3
alpha is.. 0.5277213037541671
the twist angle is .. 0.017592918860102842
phonon params 445105171047432.1 92.01378847279597 11501.723559099495
starting sampling in reciprocal space....
finished sampling in reciprocal space....t= 0.36739492416381836  s
starting sampling in reciprocal space....
finished sampling in reciprocal space....t= 0.355379581451416  s
starting dispersion ..........
time to diag over MBZ 4629.92728304863
saving  ..........
number of bands in density of states calculation, 2
sum of the hist, normed? 8.000000000000044
CHEMICAL POTENTIAL AND FILLING 0.0 0.0
starting sampling in reciprocal space....
finished sampling in reciprocal space....t= 0.05190873146057129  s
starting sampling in reciprocal space....
finished sampling in reciprocal space....t= 0.05271744728088379  s
starting dispersion ..........
time to diag over MBZ 690.6275429725647
starting sampling in reciprocal space....
finished sampling in reciprocal space....t= 0.05321335792541504  s
(6433, 564, 2) (919, 564, 2) (6433,)
starting sampling in reciprocal space....
finished sampling in reciprocal space....t= 0.05272817611694336  s
(6433, 564, 2) (919, 564, 2) (6433,)
calculating tensor that stores the overlaps........
finsihed the overlaps.......... 17.164815425872803
calculating tensor that stores the overlaps........
finsihed the overlaps.......... 16.761366844177246
calculating tensor that stores the overlaps........
finsihed the overlaps.......... 16.96727991104126
calculating tensor that stores the overlaps........
finsihed the overlaps.......... 3.1264469623565674
calculating tensor that stores the overlaps........
finsihed the overlaps.......... 16.10294270515442
calculating tensor that stores the overlaps........
finsihed the overlaps.......... 3.2450737953186035
testing symmetry of the form factors...
plus valley form factor passed the C3 symmetry test with average difference...  1.3802428898137732e-15
minus valley form factor passed the C3 symmetry test with average difference...  1.2256290364250979e-15
finished testing symmetry of the form factors...
starting bubble....... 919
time for bubble... 29.443569898605347
effective speed of sound down renormalization...$-\Delta c$ 2231.053235885437
residual of the fit... 0.08915501359974294
starting bubble....... 919
time for bubble... 29.522690296173096
effective speed of sound down renormalization...$-\Delta c$ 2326.3687422843464
residual of the fit... 0.0013836267892536312
starting bubble....... 919
time for bubble... 29.90247678756714
effective speed of sound down renormalization...$-\Delta c$ 2560.8907606895727
residual of the fit... 0.04428407002567962
starting bubble....... 919
time for bubble... 30.000956058502197
effective speed of sound down renormalization...$-\Delta c$ 2269.979101995815
residual of the fit... 0.038364102639657095
starting bubble....... 919
time for bubble... 30.027618169784546
effective speed of sound down renormalization...$-\Delta c$ 1440.822730631275
residual of the fit... 0.015196852748428514
starting bubble....... 919
time for bubble... 30.093371868133545
effective speed of sound down renormalization...$-\Delta c$ 818.3736351393661
residual of the fit... 0.005171189797761822
starting bubble....... 919
time for bubble... 29.849307537078857
effective speed of sound down renormalization...$-\Delta c$ 160.6511824767322
residual of the fit... 0.06835792213997158
time for sweep delta 208.86512064933777
