starting sampling in reciprocal space....
finished sampling in reciprocal space....t= 0.006760835647583008  s
91 numer of sampling lattice points
taking 0 umklapps
hbvf is .. 2.3382685902179845
q is... 0.07822461666706933
hvkd is... 0.18291016413445044
kappa is.. 0.3
alpha is.. 0.5740522977324454
the twist angle is .. 0.018675022996339326
starting sampling in reciprocal space....
finished sampling in reciprocal space....t= 0.004234790802001953  s
starting sampling in reciprocal space....
finished sampling in reciprocal space....t= 0.0042378902435302734  s
starting dispersion ..........
time to diag over MBZ 8.686504364013672
number of bands in density of states calculation, 2
sum of the hist, normed? 7.999999999999997
CHEMICAL POTENTIAL AND FILLING 0.0 0.0
starting sampling in reciprocal space....
finished sampling in reciprocal space....t= 0.004049777984619141  s
(1680,)
the bandwidth is ... 0.004910727143794225
158.31user 4.16system 0:21.42elapsed 758%CPU (0avgtext+0avgdata 1373468maxresident)k
0inputs+208outputs (0major+2446742minor)pagefaults 0swaps
