starting sampling in reciprocal space....
finished sampling in reciprocal space....t= 0.051407814025878906  s
919 numer of sampling lattice points
taking 0 umklapps
hbvf is .. 2.3382685902179845
q is... 0.0826109053629646
hvkd is... 0.19316648521969057
kappa is.. 0.75
alpha is.. 0.5435725554595158
the twist angle is .. 0.01972222054753592
phonon params 351478317180695.94
phonon params upsilon 4.393478964758699e+16
area ratio 0.00038895337561110053 0.00038895337561109945
correct factor by which the interaction is reduced 71.70777140762617
c tilde 1768.4337430547523
starting sampling in reciprocal space....
finished sampling in reciprocal space....t= 0.5767011642456055  s
starting sampling in reciprocal space....
finished sampling in reciprocal space....t= 0.5768353939056396  s
starting dispersion ..........
time to diag over MBZ 3119.938131093979
saving  ..........
number of bands in density of states calculation, 2
sum of the hist, normed? 8.000000000000078
CHEMICAL POTENTIAL AND FILLING 0.0 0.0
starting sampling in reciprocal space....
finished sampling in reciprocal space....t= 0.052355051040649414  s
starting sampling in reciprocal space....
finished sampling in reciprocal space....t= 0.05340743064880371  s
starting dispersion ..........
time to diag over MBZ 302.58088660240173
starting sampling in reciprocal space....
finished sampling in reciprocal space....t= 0.05193305015563965  s
(6433, 564, 2) (919, 564, 2) (6433,)
starting sampling in reciprocal space....
finished sampling in reciprocal space....t= 0.052220821380615234  s
(6433, 564, 2) (919, 564, 2) (6433,)
calculating tensor that stores the overlaps........
finsihed the overlaps.......... 15.723698854446411
calculating tensor that stores the overlaps........
finsihed the overlaps.......... 15.101404905319214
calculating tensor that stores the overlaps........
finsihed the overlaps.......... 14.904705286026001
calculating tensor that stores the overlaps........
finsihed the overlaps.......... 2.5191826820373535
calculating tensor that stores the overlaps........
finsihed the overlaps.......... 14.930548667907715
calculating tensor that stores the overlaps........
finsihed the overlaps.......... 2.545894145965576
testing symmetry of the form factors...
plus valley form factor passed the C3 symmetry test with average difference...  8.349686677044933e-15
minus valley form factor passed the C3 symmetry test with average difference...  8.240170206134453e-15
finished testing symmetry of the form factors...
starting bubble....... 919
time for bubble... 29.92983341217041
effective speed of sound down renormalization...$-\Delta c$ 2669.964091649667
residual of the fit... 0.07133969029893544
starting bubble....... 919
time for bubble... 29.862672090530396
effective speed of sound down renormalization...$-\Delta c$ 2693.4534468214792
residual of the fit... 0.03440524666672271
starting bubble....... 919
time for bubble... 30.008132934570312
effective speed of sound down renormalization...$-\Delta c$ 2807.2668204756933
residual of the fit... 0.01147672672449105
starting bubble....... 919
time for bubble... 29.94900894165039
effective speed of sound down renormalization...$-\Delta c$ 2954.230738404483
residual of the fit... 0.041832844618265363
starting bubble....... 919
time for bubble... 30.289632320404053
effective speed of sound down renormalization...$-\Delta c$ 3144.602851939265
residual of the fit... 0.0250041561176211
starting bubble....... 919
time for bubble... 30.306926012039185
effective speed of sound down renormalization...$-\Delta c$ 3357.4326572518
residual of the fit... 0.010509868621526443
starting bubble....... 919
time for bubble... 30.328768968582153
effective speed of sound down renormalization...$-\Delta c$ 3609.3572535163808
residual of the fit... 0.01597825268719496
starting bubble....... 919
time for bubble... 30.325509071350098
effective speed of sound down renormalization...$-\Delta c$ 3433.807687034613
residual of the fit... 0.035896160773928966
starting bubble....... 919
time for bubble... 29.87802815437317
effective speed of sound down renormalization...$-\Delta c$ 3032.6304040902387
residual of the fit... 0.011288714438878135
starting bubble....... 919
time for bubble... 29.807499408721924
effective speed of sound down renormalization...$-\Delta c$ 2770.7023254290348
residual of the fit... 0.02291869257225827
starting bubble....... 919
time for bubble... 29.904662132263184
effective speed of sound down renormalization...$-\Delta c$ 2439.212562160238
residual of the fit... 0.005181643319069753
starting bubble....... 919
time for bubble... 29.764264583587646
effective speed of sound down renormalization...$-\Delta c$ 2318.338147670149
residual of the fit... 0.016096100629645595
starting bubble....... 919
time for bubble... 29.930046558380127
effective speed of sound down renormalization...$-\Delta c$ 2047.179004758441
residual of the fit... 0.03982237293034841
starting bubble....... 919
time for bubble... 30.154122352600098
effective speed of sound down renormalization...$-\Delta c$ 1818.8472387498377
residual of the fit... 0.0734196744162167
starting bubble....... 919
time for bubble... 30.33241081237793
effective speed of sound down renormalization...$-\Delta c$ 1490.5614619178366
residual of the fit... 0.042967660003058496
starting bubble....... 919
time for bubble... 30.386518955230713
effective speed of sound down renormalization...$-\Delta c$ 1357.9389211722512
residual of the fit... 0.01689908718931505
starting bubble....... 919
time for bubble... 29.963422536849976
effective speed of sound down renormalization...$-\Delta c$ 1077.0517159532606
residual of the fit... 0.04661259723700851
starting bubble....... 919
time for bubble... 29.82395029067993
effective speed of sound down renormalization...$-\Delta c$ 853.6924559214641
residual of the fit... 0.025161175893180364
starting bubble....... 919
time for bubble... 29.92785620689392
effective speed of sound down renormalization...$-\Delta c$ 616.516525076172
residual of the fit... 0.04564669153575672
starting bubble....... 919
time for bubble... 29.817012310028076
effective speed of sound down renormalization...$-\Delta c$ 308.50420558221305
residual of the fit... 0.026361915399506226
time for sweep delta 600.7295496463776
