starting sampling in reciprocal space....
finished sampling in reciprocal space....t= 0.05102968215942383  s
919 numer of sampling lattice points
taking 0 umklapps
hbvf is .. 2.3382685902179845
q is... 0.06798986172173412
hvkd is... 0.15897855811719494
kappa is.. 0.3
alpha is.. 0.6604664254320175
the twist angle is .. 0.016231562043547268
phonon params 161259624021125.78
phonon params upsilon 2.0157453002640724e+16
area ratio 0.00026345782200166566 0.00026345782200166664
correct factor by which the interaction is reduced 87.12834189587429
c tilde 1455.4442313162765
starting sampling in reciprocal space....
finished sampling in reciprocal space....t= 0.5664801597595215  s
starting sampling in reciprocal space....
finished sampling in reciprocal space....t= 0.5626845359802246  s
starting dispersion ..........
time to diag over MBZ 2837.6967327594757
saving  ..........
number of bands in density of states calculation, 2
sum of the hist, normed? 8.000000000000009
CHEMICAL POTENTIAL AND FILLING 0.0 0.0
starting sampling in reciprocal space....
finished sampling in reciprocal space....t= 0.05256938934326172  s
starting sampling in reciprocal space....
finished sampling in reciprocal space....t= 0.052188873291015625  s
starting dispersion ..........
time to diag over MBZ 243.25202703475952
starting sampling in reciprocal space....
finished sampling in reciprocal space....t= 0.052065372467041016  s
(6433, 564, 2) (919, 564, 2) (6433,)
starting sampling in reciprocal space....
finished sampling in reciprocal space....t= 0.05262947082519531  s
(6433, 564, 2) (919, 564, 2) (6433,)
calculating tensor that stores the overlaps........
finsihed the overlaps.......... 16.481987953186035
calculating tensor that stores the overlaps........
finsihed the overlaps.......... 15.575312376022339
calculating tensor that stores the overlaps........
finsihed the overlaps.......... 15.23302435874939
calculating tensor that stores the overlaps........
finsihed the overlaps.......... 2.5890960693359375
calculating tensor that stores the overlaps........
finsihed the overlaps.......... 15.152658939361572
calculating tensor that stores the overlaps........
finsihed the overlaps.......... 2.5814876556396484
testing symmetry of the form factors...
plus valley form factor passed the C3 symmetry test with average difference...  1.7687689140386158e-15
minus valley form factor passed the C3 symmetry test with average difference...  2.6124243268301427e-15
finished testing symmetry of the form factors...
starting bubble....... 919
time for bubble... 29.556287050247192
effective speed of sound down renormalization...$-\Delta c$ 1503.9164531477513
residual of the fit... 0.08659399088589748
starting bubble....... 919
time for bubble... 29.83667278289795
effective speed of sound down renormalization...$-\Delta c$ 1512.8899104228271
residual of the fit... 0.03912943112370808
starting bubble....... 919
time for bubble... 29.86646342277527
effective speed of sound down renormalization...$-\Delta c$ 1531.0867027014015
residual of the fit... 0.016468156475084268
starting bubble....... 919
time for bubble... 29.728155851364136
effective speed of sound down renormalization...$-\Delta c$ 1536.5698220234983
residual of the fit... 0.0343184691494797
starting bubble....... 919
time for bubble... 29.690657138824463
effective speed of sound down renormalization...$-\Delta c$ 1592.921347318197
residual of the fit... 0.017332214678369557
starting bubble....... 919
time for bubble... 29.483808994293213
effective speed of sound down renormalization...$-\Delta c$ 1551.2415663202305
residual of the fit... 0.0713307629911601
starting bubble....... 919
time for bubble... 29.40667486190796
effective speed of sound down renormalization...$-\Delta c$ 1739.9157815894494
residual of the fit... 0.002844113493434775
starting bubble....... 919
time for bubble... 29.49354362487793
effective speed of sound down renormalization...$-\Delta c$ 1797.4609640092062
residual of the fit... 0.04664969574234257
starting bubble....... 919
time for bubble... 29.519999504089355
effective speed of sound down renormalization...$-\Delta c$ 1877.7391785117118
residual of the fit... 0.019325442509870377
starting bubble....... 919
time for bubble... 29.348255395889282
effective speed of sound down renormalization...$-\Delta c$ 1608.547212069271
residual of the fit... 0.04357253267767642
starting bubble....... 919
time for bubble... 29.364205598831177
effective speed of sound down renormalization...$-\Delta c$ 1383.1830907560475
residual of the fit... 0.053672415193471816
starting bubble....... 919
time for bubble... 29.449793815612793
effective speed of sound down renormalization...$-\Delta c$ 1207.288244700126
residual of the fit... 0.017092406449388243
starting bubble....... 919
time for bubble... 29.484169483184814
effective speed of sound down renormalization...$-\Delta c$ 1045.1010080341948
residual of the fit... 0.021105251184985855
starting bubble....... 919
time for bubble... 29.51690101623535
effective speed of sound down renormalization...$-\Delta c$ 938.4563923777907
residual of the fit... 0.0026960146571030396
starting bubble....... 919
time for bubble... 29.41490626335144
effective speed of sound down renormalization...$-\Delta c$ 795.5037879616611
residual of the fit... 0.021345493957728712
starting bubble....... 919
time for bubble... 29.480721712112427
effective speed of sound down renormalization...$-\Delta c$ 641.5473640376963
residual of the fit... 0.013299503039019885
starting bubble....... 919
time for bubble... 29.512707471847534
effective speed of sound down renormalization...$-\Delta c$ 492.4666243487877
residual of the fit... 0.00232622334809111
starting bubble....... 919
time for bubble... 29.452574491500854
effective speed of sound down renormalization...$-\Delta c$ 366.2120904466965
residual of the fit... 0.0030881960690441034
starting bubble....... 919
time for bubble... 29.502370834350586
effective speed of sound down renormalization...$-\Delta c$ 252.86199258160386
residual of the fit... 0.0028846968890342524
starting bubble....... 919
time for bubble... 29.55511975288391
effective speed of sound down renormalization...$-\Delta c$ 105.72493631604885
residual of the fit... 0.10848432696150248
time for sweep delta 590.7006192207336
