starting sampling in reciprocal space....
finished sampling in reciprocal space....t= 0.007963180541992188  s
91 numer of sampling lattice points
taking 0 umklapps
hbvf is .. 2.3382685902179845
q is... 0.07456935965397508
hvkd is... 0.17436319147155818
kappa is.. 0.75
alpha is.. 0.6021913175243033
the twist angle is .. 0.01780235837034216
starting sampling in reciprocal space....
finished sampling in reciprocal space....t= 0.004168987274169922  s
starting sampling in reciprocal space....
finished sampling in reciprocal space....t= 0.004163980484008789  s
starting dispersion ..........
time to diag over MBZ 8.349346160888672
number of bands in density of states calculation, 2
sum of the hist, normed? 8.000000000000021
CHEMICAL POTENTIAL AND FILLING 0.0 0.0
starting sampling in reciprocal space....
finished sampling in reciprocal space....t= 0.0041103363037109375  s
(4200,)
the bandwidth is ... 0.01020043078261224
265.77user 7.10system 0:35.20elapsed 775%CPU (0avgtext+0avgdata 3161348maxresident)k
0inputs+176outputs (0major+4598289minor)pagefaults 0swaps
