starting sampling in reciprocal space....
finished sampling in reciprocal space....t= 0.0068912506103515625  s
91 numer of sampling lattice points
taking 0 umklapps
hbvf is .. 2.3382685902179845
q is... 0.07237619858704214
hvkd is... 0.1692349918354599
kappa is.. 0.3
alpha is.. 0.6204390644110238
the twist angle is .. 0.017278759594743863
starting sampling in reciprocal space....
finished sampling in reciprocal space....t= 0.004144191741943359  s
starting sampling in reciprocal space....
finished sampling in reciprocal space....t= 0.004064798355102539  s
starting dispersion ..........
time to diag over MBZ 8.57778549194336
number of bands in density of states calculation, 2
sum of the hist, normed? 8.000000000000002
CHEMICAL POTENTIAL AND FILLING 0.0 0.0
starting sampling in reciprocal space....
finished sampling in reciprocal space....t= 0.003954172134399414  s
(1680,)
the bandwidth is ... 0.015239871051386557
155.22user 3.86system 0:20.96elapsed 758%CPU (0avgtext+0avgdata 1372488maxresident)k
0inputs+168outputs (0major+2450190minor)pagefaults 0swaps
