starting sampling in reciprocal space....
finished sampling in reciprocal space....t= 0.0515446662902832  s
919 numer of sampling lattice points
taking 0 umklapps
hbvf is .. 2.7
q is... 0.08443851903755235
hvkd is... 0.22798400140139136
kappa is.. 0.75
alpha is.. 0.4605586328627321
the twist angle is .. 0.02015855286053451
phonon params 767258021359744.0 70.0831338140005 8760.391726750064
starting sampling in reciprocal space....
finished sampling in reciprocal space....t= 0.3640878200531006  s
starting sampling in reciprocal space....
finished sampling in reciprocal space....t= 0.36487245559692383  s
starting dispersion ..........
time to diag over MBZ 1867.3487617969513
saving  ..........
number of bands in density of states calculation, 2
sum of the hist, normed? 7.999999999999955
CHEMICAL POTENTIAL AND FILLING 0.0 0.0
starting sampling in reciprocal space....
finished sampling in reciprocal space....t= 0.0523991584777832  s
starting sampling in reciprocal space....
finished sampling in reciprocal space....t= 0.05184221267700195  s
starting dispersion ..........
time to diag over MBZ 292.11266589164734
starting sampling in reciprocal space....
finished sampling in reciprocal space....t= 0.05147051811218262  s
(6433, 564, 2) (919, 564, 2) (6433,)
starting sampling in reciprocal space....
finished sampling in reciprocal space....t= 0.051682233810424805  s
(6433, 564, 2) (919, 564, 2) (6433,)
calculating tensor that stores the overlaps........
finsihed the overlaps.......... 15.03141713142395
calculating tensor that stores the overlaps........
finsihed the overlaps.......... 15.268694162368774
calculating tensor that stores the overlaps........
finsihed the overlaps.......... 14.844260215759277
calculating tensor that stores the overlaps........
finsihed the overlaps.......... 2.674405097961426
calculating tensor that stores the overlaps........
finsihed the overlaps.......... 15.112896919250488
calculating tensor that stores the overlaps........
finsihed the overlaps.......... 2.9865310192108154
testing symmetry of the form factors...
plus valley form factor passed the C3 symmetry test with average difference...  1.4895211330040957e-15
minus valley form factor passed the C3 symmetry test with average difference...  2.291139670254469e-15
finished testing symmetry of the form factors...
starting bubble....... 919
time for bubble... 29.37504005432129
effective speed of sound down renormalization...$-\Delta c$ 1741.3344871973745
residual of the fit... 0.07670367017515838
starting bubble....... 919
time for bubble... 29.52549457550049
effective speed of sound down renormalization...$-\Delta c$ 1830.4821410015413
residual of the fit... 0.0132383828132967
starting bubble....... 919
time for bubble... 29.499919176101685
effective speed of sound down renormalization...$-\Delta c$ 2240.324527559388
residual of the fit... 0.031015908631118368
starting bubble....... 919
time for bubble... 29.468621253967285
effective speed of sound down renormalization...$-\Delta c$ 1733.8898076707706
residual of the fit... 0.025422531361230682
starting bubble....... 919
time for bubble... 29.53157377243042
effective speed of sound down renormalization...$-\Delta c$ 1248.426238056918
residual of the fit... 0.079180319219633
starting bubble....... 919
time for bubble... 29.499170780181885
effective speed of sound down renormalization...$-\Delta c$ 717.1663264712765
residual of the fit... 0.009957874483949254
starting bubble....... 919
time for bubble... 29.49916410446167
effective speed of sound down renormalization...$-\Delta c$ 219.41942710428694
residual of the fit... 0.028060972749100823
time for sweep delta 206.41897463798523
