starting sampling in reciprocal space....
finished sampling in reciprocal space....t= 0.008047342300415039  s
91 numer of sampling lattice points
taking 0 umklapps
hbvf is .. 2.3382685902179845
q is... 0.06725880373283684
hvkd is... 0.15726914818412852
kappa is.. 0.75
alpha is.. 0.6676452515471596
the twist angle is .. 0.016057029118347832
starting sampling in reciprocal space....
finished sampling in reciprocal space....t= 0.004167079925537109  s
starting sampling in reciprocal space....
finished sampling in reciprocal space....t= 0.00412750244140625  s
starting dispersion ..........
time to diag over MBZ 8.430593729019165
number of bands in density of states calculation, 2
sum of the hist, normed? 8.0
CHEMICAL POTENTIAL AND FILLING 0.0 0.0
starting sampling in reciprocal space....
finished sampling in reciprocal space....t= 0.003997087478637695  s
(1680,)
the bandwidth is ... 0.029928191820134963
150.64user 3.84system 0:20.37elapsed 758%CPU (0avgtext+0avgdata 1373764maxresident)k
0inputs+200outputs (0major+2447374minor)pagefaults 0swaps
