starting sampling in reciprocal space....
finished sampling in reciprocal space....t= 0.00669407844543457  s
91 numer of sampling lattice points
taking 0 umklapps
hbvf is .. 2.3382685902179845
q is... 0.08041776377089012
hvkd is... 0.18803833112104215
kappa is.. 0.75
alpha is.. 0.5583967873678396
the twist angle is .. 0.019198621771937627
starting sampling in reciprocal space....
finished sampling in reciprocal space....t= 0.004599571228027344  s
starting sampling in reciprocal space....
finished sampling in reciprocal space....t= 0.004225015640258789  s
starting dispersion ..........
time to diag over MBZ 8.923246145248413
number of bands in density of states calculation, 2
sum of the hist, normed? 7.999999999999995
CHEMICAL POTENTIAL AND FILLING 0.0 0.0
starting sampling in reciprocal space....
finished sampling in reciprocal space....t= 0.004037618637084961  s
(1680,)
the bandwidth is ... 0.008729927181679087
161.53user 4.28system 0:21.94elapsed 755%CPU (0avgtext+0avgdata 1374092maxresident)k
0inputs+224outputs (0major+2449127minor)pagefaults 0swaps
