starting sampling in reciprocal space....
finished sampling in reciprocal space....t= 0.05066108703613281  s
919 numer of sampling lattice points
taking 0 umklapps
hbvf is .. 2.3382685902179845
q is... 0.08114881158808747
hvkd is... 0.18974771726994213
kappa is.. 0.75
alpha is.. 0.5533663409010771
the twist angle is .. 0.01937315469713706
phonon params 327248502150003.9
phonon params upsilon 4.090606276875048e+16
area ratio 0.0003753073843623919 0.0003753073843623924
correct factor by which the interaction is reduced 72.99976181553953
c tilde 1737.1350185625997
starting sampling in reciprocal space....
finished sampling in reciprocal space....t= 0.5562465190887451  s
starting sampling in reciprocal space....
finished sampling in reciprocal space....t= 0.5573461055755615  s
starting dispersion with 9919 points..........
time to diag over MBZ 3422.823094367981
saving  ..........
number of bands in density of states calculation, 2
sum of the hist, normed? 7.999999999999911
CHEMICAL POTENTIALS AND FILLINGS [0.         0.00056667 0.00077366 0.00090819 0.00099967 0.00105231
 0.00109545 0.00115897 0.00124157 0.00133022 0.00144586 0.00156663
 0.00169884 0.0018465  0.0020239  0.00222972 0.00248327 0.00282023
 0.00333951 0.00443487] [0.         0.20526316 0.41052632 0.61578947 0.82105263 1.02631579
 1.23157895 1.43684211 1.64210526 1.84736842 2.05263158 2.25789474
 2.46315789 2.66842105 2.87368421 3.07894737 3.28421053 3.48947368
 3.69473684 3.9       ]
CHEMICAL POTENTIAL AND FILLING 0.0 0.0
starting sampling in reciprocal space....
finished sampling in reciprocal space....t= 0.0514829158782959  s
starting sampling in reciprocal space....
finished sampling in reciprocal space....t= 0.051139116287231445  s
starting dispersion with 919 points..........
time to diag over MBZ 375.14597725868225
starting sampling in reciprocal space....
finished sampling in reciprocal space....t= 0.051438331604003906  s
(6433, 564, 2) (919, 564, 2) (6433,)
starting sampling in reciprocal space....
finished sampling in reciprocal space....t= 0.05128335952758789  s
(6433, 564, 2) (919, 564, 2) (6433,)
calculating tensor that stores the overlaps........
finsihed the overlaps.......... 15.298379898071289
calculating tensor that stores the overlaps........
finsihed the overlaps.......... 15.349542617797852
calculating tensor that stores the overlaps........
finsihed the overlaps.......... 15.365287780761719
calculating tensor that stores the overlaps........
finsihed the overlaps.......... 2.9388253688812256
calculating tensor that stores the overlaps........
finsihed the overlaps.......... 15.594047546386719
calculating tensor that stores the overlaps........
finsihed the overlaps.......... 2.972205877304077
testing symmetry of the form factors...
failed C3 symmetry test, plus valley... 9.870978970345995e-05
failed C3 symmetry test, minus valley... 9.870978970345995e-05
finished testing symmetry of the form factors...
starting bubble....... 919
time for bubble... 28.895199298858643
effective speed of sound down renormalization...$-\Delta c$ 3113.8660855967564
residual of the fit... 0.0712573201292195
starting bubble....... 919
time for bubble... 29.08594822883606
effective speed of sound down renormalization...$-\Delta c$ 0.0
residual of the fit... nan
starting bubble....... 919
time for bubble... 29.22533082962036
effective speed of sound down renormalization...$-\Delta c$ 0.0
residual of the fit... nan
starting bubble....... 919
time for bubble... 29.04867196083069
effective speed of sound down renormalization...$-\Delta c$ 0.0
residual of the fit... nan
starting bubble....... 919
time for bubble... 28.893712520599365
effective speed of sound down renormalization...$-\Delta c$ 0.0
residual of the fit... nan
starting bubble....... 919
time for bubble... 28.887523412704468
effective speed of sound down renormalization...$-\Delta c$ 0.0
residual of the fit... nan
starting bubble....... 919
time for bubble... 29.416123867034912
effective speed of sound down renormalization...$-\Delta c$ 0.0
residual of the fit... nan
starting bubble....... 919
time for bubble... 29.15130043029785
effective speed of sound down renormalization...$-\Delta c$ 0.0
residual of the fit... nan
starting bubble....... 919
time for bubble... 29.005823373794556
effective speed of sound down renormalization...$-\Delta c$ 0.0
residual of the fit... nan
starting bubble....... 919
time for bubble... 29.04355502128601
effective speed of sound down renormalization...$-\Delta c$ 0.0
residual of the fit... nan
starting bubble....... 919
time for bubble... 28.878888845443726
effective speed of sound down renormalization...$-\Delta c$ 0.0
residual of the fit... nan
starting bubble....... 919
time for bubble... 29.082080841064453
effective speed of sound down renormalization...$-\Delta c$ 0.0
residual of the fit... nan
starting bubble....... 919
time for bubble... 29.094658136367798
effective speed of sound down renormalization...$-\Delta c$ 0.0
residual of the fit... nan
starting bubble....... 919
time for bubble... 29.048211097717285
effective speed of sound down renormalization...$-\Delta c$ 0.0
residual of the fit... nan
starting bubble....... 919
time for bubble... 29.07690668106079
effective speed of sound down renormalization...$-\Delta c$ 0.0
residual of the fit... nan
starting bubble....... 919
time for bubble... 28.991710424423218
effective speed of sound down renormalization...$-\Delta c$ 0.0
residual of the fit... nan
starting bubble....... 919
time for bubble... 29.02223825454712
effective speed of sound down renormalization...$-\Delta c$ 0.0
residual of the fit... nan
starting bubble....... 919
time for bubble... 29.154596090316772
effective speed of sound down renormalization...$-\Delta c$ 0.0
residual of the fit... nan
starting bubble....... 919
time for bubble... 29.238861799240112
effective speed of sound down renormalization...$-\Delta c$ 0.0
residual of the fit... nan
starting bubble....... 919
time for bubble... 29.065804719924927
effective speed of sound down renormalization...$-\Delta c$ 0.0
residual of the fit... nan
time for sweep delta 581.3506438732147
