starting sampling in reciprocal space....
finished sampling in reciprocal space....t= 0.05163121223449707  s
919 numer of sampling lattice points
taking 0 umklapps
hbvf is .. 2.3382685902179845
q is... 0.06798986172173412
hvkd is... 0.15897855811719494
kappa is.. 0.75
alpha is.. 0.6604664254320175
the twist angle is .. 0.016231562043547268
phonon params 161259624021125.78
phonon params upsilon 2.0157453002640724e+16
area ratio 0.00026345782200166566 0.00026345782200166664
correct factor by which the interaction is reduced 87.12834189587429
c tilde 1455.4442313162765
starting sampling in reciprocal space....
finished sampling in reciprocal space....t= 0.567385196685791  s
starting sampling in reciprocal space....
finished sampling in reciprocal space....t= 0.5659315586090088  s
starting dispersion ..........
time to diag over MBZ 3083.304659843445
saving  ..........
number of bands in density of states calculation, 2
sum of the hist, normed? 8.000000000000126
CHEMICAL POTENTIAL AND FILLING 0.0 0.0
starting sampling in reciprocal space....
finished sampling in reciprocal space....t= 0.05194807052612305  s
starting sampling in reciprocal space....
finished sampling in reciprocal space....t= 0.05222749710083008  s
starting dispersion ..........
time to diag over MBZ 248.71150064468384
starting sampling in reciprocal space....
finished sampling in reciprocal space....t= 0.05232882499694824  s
(6433, 564, 2) (919, 564, 2) (6433,)
starting sampling in reciprocal space....
finished sampling in reciprocal space....t= 0.05257296562194824  s
(6433, 564, 2) (919, 564, 2) (6433,)
calculating tensor that stores the overlaps........
finsihed the overlaps.......... 14.668177127838135
calculating tensor that stores the overlaps........
finsihed the overlaps.......... 14.646650791168213
calculating tensor that stores the overlaps........
finsihed the overlaps.......... 14.649195909500122
calculating tensor that stores the overlaps........
finsihed the overlaps.......... 2.610360622406006
calculating tensor that stores the overlaps........
finsihed the overlaps.......... 14.855797529220581
calculating tensor that stores the overlaps........
finsihed the overlaps.......... 2.215305805206299
testing symmetry of the form factors...
plus valley form factor passed the C3 symmetry test with average difference...  3.3354168841766195e-14
minus valley form factor passed the C3 symmetry test with average difference...  2.6322541502186816e-14
finished testing symmetry of the form factors...
starting bubble....... 919
time for bubble... 29.428802013397217
effective speed of sound down renormalization...$-\Delta c$ 2274.4058320170016
residual of the fit... 0.06792427778190219
starting bubble....... 919
time for bubble... 30.045806169509888
effective speed of sound down renormalization...$-\Delta c$ 2431.228796463979
residual of the fit... 0.031122123000226203
starting bubble....... 919
time for bubble... 30.282187700271606
effective speed of sound down renormalization...$-\Delta c$ 2697.045097038283
residual of the fit... 0.053861148899710554
starting bubble....... 919
time for bubble... 30.03425931930542
effective speed of sound down renormalization...$-\Delta c$ 2885.633764236018
residual of the fit... 0.06538877807248894
starting bubble....... 919
time for bubble... 29.974956274032593
effective speed of sound down renormalization...$-\Delta c$ 2925.846474884877
residual of the fit... 0.009877973787450532
starting bubble....... 919
time for bubble... 30.005480766296387
effective speed of sound down renormalization...$-\Delta c$ 2877.6515922531653
residual of the fit... 0.039565383736326606
starting bubble....... 919
time for bubble... 29.95519471168518
effective speed of sound down renormalization...$-\Delta c$ 2611.07540473428
residual of the fit... 0.07431108002728488
starting bubble....... 919
time for bubble... 29.944996118545532
effective speed of sound down renormalization...$-\Delta c$ 2405.3110887508683
residual of the fit... 0.02185524443649725
starting bubble....... 919
time for bubble... 29.95749044418335
effective speed of sound down renormalization...$-\Delta c$ 2130.186115934265
residual of the fit... 0.036570055339238176
starting bubble....... 919
time for bubble... 30.097782373428345
effective speed of sound down renormalization...$-\Delta c$ 2044.3848756414677
residual of the fit... 0.03375992282250172
starting bubble....... 919
time for bubble... 30.07032608985901
effective speed of sound down renormalization...$-\Delta c$ 1835.3889279264345
residual of the fit... 0.00037534731416199085
starting bubble....... 919
time for bubble... 30.076271533966064
effective speed of sound down renormalization...$-\Delta c$ 1696.5316647459588
residual of the fit... 0.012578721032130986
starting bubble....... 919
time for bubble... 29.941904306411743
effective speed of sound down renormalization...$-\Delta c$ 1546.5583966682675
residual of the fit... 0.01649737925687673
starting bubble....... 919
time for bubble... 30.053133964538574
effective speed of sound down renormalization...$-\Delta c$ 1375.0584417426207
residual of the fit... 0.017545148968786086
starting bubble....... 919
time for bubble... 30.03740954399109
effective speed of sound down renormalization...$-\Delta c$ 1287.1858939759672
residual of the fit... 0.01032300032812745
starting bubble....... 919
time for bubble... 29.973317861557007
effective speed of sound down renormalization...$-\Delta c$ 1101.9136937682335
residual of the fit... 0.05639581493314762
starting bubble....... 919
time for bubble... 30.020463943481445
effective speed of sound down renormalization...$-\Delta c$ 916.5848416879654
residual of the fit... 0.01214476386393969
starting bubble....... 919
time for bubble... 29.98599362373352
effective speed of sound down renormalization...$-\Delta c$ 673.5773644078679
residual of the fit... 0.048885085175211236
starting bubble....... 919
time for bubble... 30.063338041305542
effective speed of sound down renormalization...$-\Delta c$ 487.2070668394421
residual of the fit... 0.06360306843718205
starting bubble....... 919
time for bubble... 30.06682062149048
effective speed of sound down renormalization...$-\Delta c$ 189.66468961857885
residual of the fit... 0.029600979137534907
time for sweep delta 600.057820558548
