starting sampling in reciprocal space....
finished sampling in reciprocal space....t= 0.0066585540771484375  s
91 numer of sampling lattice points
taking 0 umklapps
hbvf is .. 2.3382685902179845
q is... 0.07822461666706933
hvkd is... 0.18291016413445044
kappa is.. 0.3
alpha is.. 0.5740522977324454
the twist angle is .. 0.018675022996339326
starting sampling in reciprocal space....
finished sampling in reciprocal space....t= 0.004158735275268555  s
starting sampling in reciprocal space....
finished sampling in reciprocal space....t= 0.0041294097900390625  s
starting dispersion ..........
time to diag over MBZ 8.594486951828003
number of bands in density of states calculation, 2
sum of the hist, normed? 7.999999999999997
CHEMICAL POTENTIAL AND FILLING 0.0 0.0
starting sampling in reciprocal space....
finished sampling in reciprocal space....t= 0.003957509994506836  s
(1680,)
the bandwidth is ... 0.004910727143794225
153.87user 3.78system 0:20.82elapsed 757%CPU (0avgtext+0avgdata 1371820maxresident)k
0inputs+152outputs (0major+2447041minor)pagefaults 0swaps
