starting sampling in reciprocal space....
finished sampling in reciprocal space....t= 0.05159616470336914  s
919 numer of sampling lattice points
taking 0 umklapps
hbvf is .. 2.3382685902179845
q is... 0.08114881158808747
hvkd is... 0.18974771726994213
kappa is.. 0.3
alpha is.. 0.5533663409010771
the twist angle is .. 0.01937315469713706
phonon params 327248502150003.9
phonon params upsilon 4.090606276875048e+16
area ratio 0.0003753073843623919 0.0003753073843623924
correct factor by which the interaction is reduced 72.99976181553953
c tilde 1737.1350185625997
starting sampling in reciprocal space....
finished sampling in reciprocal space....t= 0.5687086582183838  s
starting sampling in reciprocal space....
finished sampling in reciprocal space....t= 0.5683603286743164  s
starting dispersion ..........
time to diag over MBZ 2879.585868358612
saving  ..........
number of bands in density of states calculation, 2
sum of the hist, normed? 7.9999999999999165
CHEMICAL POTENTIAL AND FILLING 0.0 0.0
starting sampling in reciprocal space....
finished sampling in reciprocal space....t= 0.052393436431884766  s
starting sampling in reciprocal space....
finished sampling in reciprocal space....t= 0.05379676818847656  s
starting dispersion ..........
time to diag over MBZ 292.86249113082886
starting sampling in reciprocal space....
finished sampling in reciprocal space....t= 0.053034305572509766  s
(6433, 564, 2) (919, 564, 2) (6433,)
starting sampling in reciprocal space....
finished sampling in reciprocal space....t= 0.05182313919067383  s
(6433, 564, 2) (919, 564, 2) (6433,)
calculating tensor that stores the overlaps........
finsihed the overlaps.......... 14.894052982330322
calculating tensor that stores the overlaps........
finsihed the overlaps.......... 2.5468528270721436
calculating tensor that stores the overlaps........
finsihed the overlaps.......... 14.85807752609253
calculating tensor that stores the overlaps........
finsihed the overlaps.......... 2.5434842109680176
testing symmetry of the form factors...
plus valley form factor passed the C3 symmetry test with average difference...  3.9433047720499836e-15
minus valley form factor passed the C3 symmetry test with average difference...  3.712338261187979e-15
finished testing symmetry of the form factors...
starting bubble....... 919
time for bubble... 29.43428134918213
effective speed of sound down renormalization...$-\Delta c$ 2492.188666573842
residual of the fit... 0.06929081724353464
starting bubble....... 919
time for bubble... 29.613359689712524
effective speed of sound down renormalization...$-\Delta c$ 2510.147500361615
residual of the fit... 0.0006403418601609638
starting bubble....... 919
time for bubble... 29.658846378326416
effective speed of sound down renormalization...$-\Delta c$ 2478.566481470343
residual of the fit... 0.024760714167882943
starting bubble....... 919
time for bubble... 29.584203243255615
effective speed of sound down renormalization...$-\Delta c$ 2551.9476746863197
residual of the fit... 0.028250864922871502
starting bubble....... 919
time for bubble... 29.515000104904175
effective speed of sound down renormalization...$-\Delta c$ 2560.062922263882
residual of the fit... 0.0017073835620230618
starting bubble....... 919
time for bubble... 29.56774663925171
effective speed of sound down renormalization...$-\Delta c$ 2621.736483168864
residual of the fit... 0.008365702521549221
starting bubble....... 919
time for bubble... 29.610227823257446
effective speed of sound down renormalization...$-\Delta c$ 2768.1558219282238
residual of the fit... 0.03222485951751447
starting bubble....... 919
time for bubble... 29.622453689575195
effective speed of sound down renormalization...$-\Delta c$ 2982.826079707477
residual of the fit... 0.05124065928284795
starting bubble....... 919
time for bubble... 29.716206312179565
effective speed of sound down renormalization...$-\Delta c$ 3096.0223851025257
residual of the fit... 0.0397144930981618
starting bubble....... 919
time for bubble... 29.66271734237671
effective speed of sound down renormalization...$-\Delta c$ 2614.2959764640955
residual of the fit... 0.04646525578685915
starting bubble....... 919
time for bubble... 29.684524059295654
effective speed of sound down renormalization...$-\Delta c$ 2163.3089966084744
residual of the fit... 0.04299866212559767
starting bubble....... 919
time for bubble... 29.668884754180908
effective speed of sound down renormalization...$-\Delta c$ 1964.50172572614
residual of the fit... 0.03965098455286967
starting bubble....... 919
time for bubble... 29.633447647094727
effective speed of sound down renormalization...$-\Delta c$ 1844.5712388512827
residual of the fit... 0.08613861558131744
starting bubble....... 919
time for bubble... 29.69578790664673
effective speed of sound down renormalization...$-\Delta c$ 1540.6035974019126
residual of the fit... 0.031384123274396235
starting bubble....... 919
time for bubble... 29.59358787536621
effective speed of sound down renormalization...$-\Delta c$ 1245.221873693263
residual of the fit... 0.050641534009447854
starting bubble....... 919
time for bubble... 29.587706804275513
effective speed of sound down renormalization...$-\Delta c$ 985.9998696239181
residual of the fit... 0.06949855668785732
starting bubble....... 919
time for bubble... 29.676663160324097
effective speed of sound down renormalization...$-\Delta c$ 818.7578438520001
residual of the fit... 0.03436065426479495
starting bubble....... 919
time for bubble... 29.678141355514526
effective speed of sound down renormalization...$-\Delta c$ 644.6560266343035
residual of the fit... 0.1198965371991709
starting bubble....... 919
time for bubble... 29.736825466156006
effective speed of sound down renormalization...$-\Delta c$ 368.0716167685811
residual of the fit... 0.3079370498254592
starting bubble....... 919
time for bubble... 29.726420402526855
effective speed of sound down renormalization...$-\Delta c$ 180.4509350116157
residual of the fit... 0.10266213617922708
time for sweep delta 592.722815990448
