starting sampling in reciprocal space....
finished sampling in reciprocal space....t= 0.008141517639160156  s
91 numer of sampling lattice points
taking 0 umklapps
hbvf is .. 2.3382685902179845
q is... 0.07530041221461896
hvkd is... 0.17607258871191017
kappa is.. 0.75
alpha is.. 0.5963449550446545
the twist angle is .. 0.017976891295541593
starting sampling in reciprocal space....
finished sampling in reciprocal space....t= 0.0044078826904296875  s
starting sampling in reciprocal space....
finished sampling in reciprocal space....t= 0.004367828369140625  s
starting dispersion ..........
time to diag over MBZ 8.719584941864014
number of bands in density of states calculation, 2
sum of the hist, normed? 7.999999999999992
CHEMICAL POTENTIAL AND FILLING 0.0 0.0
starting sampling in reciprocal space....
finished sampling in reciprocal space....t= 0.0041656494140625  s
(4200,)
the bandwidth is ... 0.007949720065848253
272.77user 6.92system 0:36.07elapsed 775%CPU (0avgtext+0avgdata 3163760maxresident)k
0inputs+176outputs (0major+4598380minor)pagefaults 0swaps
