starting sampling in reciprocal space....
finished sampling in reciprocal space....t= 0.004726886749267578  s
91 numer of sampling lattice points
taking 0 umklapps
hbvf is .. 2.7
q is... 0.07829772165774311
hvkd is... 0.2114038484759064
kappa is.. 1
alpha is.. 0.4966796998114573
the twist angle is .. 0.01869247628885927
starting sampling in reciprocal space....
finished sampling in reciprocal space....t= 0.046532392501831055  s
starting sampling in reciprocal space....
finished sampling in reciprocal space....t= 0.04424881935119629  s
starting dispersion ..........
time to diag over MBZ 258.37065052986145
number of bands in density of states calculation, 2
sum of the hist, normed? 7.9999999999999885
CHEMICAL POTENTIAL AND FILLING 0.0 0.0
starting sampling in reciprocal space....
finished sampling in reciprocal space....t= 0.004942655563354492  s
(1680,)
the bandwidth is ... 0.03896525526753651
444.96user 31.00system 9:37.44elapsed 82%CPU (0avgtext+0avgdata 1373528maxresident)k
0inputs+192outputs (0major+2449911minor)pagefaults 0swaps
