starting sampling in reciprocal space....
finished sampling in reciprocal space....t= 0.05130481719970703  s
919 numer of sampling lattice points
taking 0 umklapps
hbvf is .. 2.3382685902179845
q is... 0.07164514378828872
hvkd is... 0.16752558936180664
kappa is.. 0.3
alpha is.. 0.6267699185539379
the twist angle is .. 0.017104226669544427
phonon params 198836470635881.38
phonon params upsilon 2.4854558829485172e+16
area ratio 0.00029254743768467365 0.000292547437684674
correct factor by which the interaction is reduced 82.68311855231156
c tilde 1533.692062138087
starting sampling in reciprocal space....
finished sampling in reciprocal space....t= 0.5652096271514893  s
starting sampling in reciprocal space....
finished sampling in reciprocal space....t= 0.5712101459503174  s
starting dispersion ..........
time to diag over MBZ 2975.3247907161713
saving  ..........
number of bands in density of states calculation, 2
sum of the hist, normed? 7.999999999999815
CHEMICAL POTENTIAL AND FILLING 0.0 0.0
starting sampling in reciprocal space....
finished sampling in reciprocal space....t= 0.05182075500488281  s
starting sampling in reciprocal space....
finished sampling in reciprocal space....t= 0.05221819877624512  s
starting dispersion ..........
time to diag over MBZ 259.224641084671
starting sampling in reciprocal space....
finished sampling in reciprocal space....t= 0.05256295204162598  s
(6433, 564, 2) (919, 564, 2) (6433,)
starting sampling in reciprocal space....
finished sampling in reciprocal space....t= 0.05240297317504883  s
(6433, 564, 2) (919, 564, 2) (6433,)
calculating tensor that stores the overlaps........
finsihed the overlaps.......... 15.03233003616333
calculating tensor that stores the overlaps........
finsihed the overlaps.......... 2.6447973251342773
calculating tensor that stores the overlaps........
finsihed the overlaps.......... 15.282288074493408
calculating tensor that stores the overlaps........
finsihed the overlaps.......... 1.9007744789123535
testing symmetry of the form factors...
plus valley form factor passed the C3 symmetry test with average difference...  6.536174477101832e-15
minus valley form factor passed the C3 symmetry test with average difference...  6.605469368886425e-15
finished testing symmetry of the form factors...
starting bubble....... 919
time for bubble... 29.664217233657837
effective speed of sound down renormalization...$-\Delta c$ 2091.1806614778784
residual of the fit... 0.06724439522409197
starting bubble....... 919
time for bubble... 29.666241884231567
effective speed of sound down renormalization...$-\Delta c$ 2106.457178552132
residual of the fit... 0.0014161884941221638
starting bubble....... 919
time for bubble... 29.810879707336426
effective speed of sound down renormalization...$-\Delta c$ 2079.3504435515433
residual of the fit... 0.024078766991853632
starting bubble....... 919
time for bubble... 29.659743547439575
effective speed of sound down renormalization...$-\Delta c$ 2138.0877193119595
residual of the fit... 0.026339410378996588
starting bubble....... 919
time for bubble... 29.81531071662903
effective speed of sound down renormalization...$-\Delta c$ 2141.98740551393
residual of the fit... 0.003312753744167292
starting bubble....... 919
time for bubble... 29.853999614715576
effective speed of sound down renormalization...$-\Delta c$ 2196.336393437378
residual of the fit... 0.008579881039028741
starting bubble....... 919
time for bubble... 29.82321524620056
effective speed of sound down renormalization...$-\Delta c$ 2300.038617920833
residual of the fit... 0.03957971568484626
starting bubble....... 919
time for bubble... 29.89561104774475
effective speed of sound down renormalization...$-\Delta c$ 2502.127958560934
residual of the fit... 0.06239126382075747
starting bubble....... 919
time for bubble... 29.896615743637085
effective speed of sound down renormalization...$-\Delta c$ 2511.4426491808367
residual of the fit... 0.03185225134095446
starting bubble....... 919
time for bubble... 29.907782793045044
effective speed of sound down renormalization...$-\Delta c$ 2184.6593005303394
residual of the fit... 0.06356324642942476
starting bubble....... 919
time for bubble... 29.828112363815308
effective speed of sound down renormalization...$-\Delta c$ 1794.7126900476892
residual of the fit... 0.057365798149722494
starting bubble....... 919
time for bubble... 29.79858946800232
effective speed of sound down renormalization...$-\Delta c$ 1634.942917107821
residual of the fit... 0.017454274688934054
starting bubble....... 919
time for bubble... 29.953084468841553
effective speed of sound down renormalization...$-\Delta c$ 1462.6560110741111
residual of the fit... 0.030249448997672075
starting bubble....... 919
time for bubble... 29.773486614227295
effective speed of sound down renormalization...$-\Delta c$ 1279.2390020188889
residual of the fit... 0.038901313933627814
starting bubble....... 919
time for bubble... 29.83439302444458
effective speed of sound down renormalization...$-\Delta c$ 1028.7919965034234
residual of the fit... 0.046901198855605127
starting bubble....... 919
time for bubble... 30.154324531555176
effective speed of sound down renormalization...$-\Delta c$ 806.3515663218093
residual of the fit... 0.08483659288130889
starting bubble....... 919
time for bubble... 30.163467168807983
effective speed of sound down renormalization...$-\Delta c$ 651.7254352606144
residual of the fit... 0.034707046848044674
starting bubble....... 919
time for bubble... 30.440582275390625
effective speed of sound down renormalization...$-\Delta c$ 508.65340058899835
residual of the fit... 0.06485376384187169
starting bubble....... 919
time for bubble... 29.986018180847168
effective speed of sound down renormalization...$-\Delta c$ 303.7248659142933
residual of the fit... 0.3096335825220151
starting bubble....... 919
time for bubble... 30.17310905456543
effective speed of sound down renormalization...$-\Delta c$ 138.91378535019484
residual of the fit... 0.08086435717701487
time for sweep delta 598.1413822174072
