starting sampling in reciprocal space....
finished sampling in reciprocal space....t= 0.05145692825317383  s
919 numer of sampling lattice points
taking 0 umklapps
hbvf is .. 2.3382685902179845
q is... 0.0709140884439267
hvkd is... 0.16581618561237396
kappa is.. 0.3
alpha is.. 0.6332313073794674
the twist angle is .. 0.016929693744344998
phonon params 190844263412158.22
phonon params upsilon 2.3855532926519776e+16
area ratio 0.0002866076846853024 0.00028660768468530214
correct factor by which the interaction is reduced 83.53550116107895
c tilde 1518.0425188564805
starting sampling in reciprocal space....
finished sampling in reciprocal space....t= 0.565579891204834  s
starting sampling in reciprocal space....
finished sampling in reciprocal space....t= 0.5701072216033936  s
starting dispersion ..........
time to diag over MBZ 3004.1773738861084
saving  ..........
number of bands in density of states calculation, 2
sum of the hist, normed? 7.999999999999888
CHEMICAL POTENTIAL AND FILLING 0.0 0.0
starting sampling in reciprocal space....
finished sampling in reciprocal space....t= 0.054075002670288086  s
starting sampling in reciprocal space....
finished sampling in reciprocal space....t= 0.05307936668395996  s
starting dispersion ..........
time to diag over MBZ 279.1448974609375
starting sampling in reciprocal space....
finished sampling in reciprocal space....t= 0.052393198013305664  s
(6433, 564, 2) (919, 564, 2) (6433,)
starting sampling in reciprocal space....
finished sampling in reciprocal space....t= 0.05193066596984863  s
(6433, 564, 2) (919, 564, 2) (6433,)
calculating tensor that stores the overlaps........
finsihed the overlaps.......... 15.058531045913696
calculating tensor that stores the overlaps........
finsihed the overlaps.......... 3.077008008956909
calculating tensor that stores the overlaps........
finsihed the overlaps.......... 15.021761894226074
calculating tensor that stores the overlaps........
finsihed the overlaps.......... 2.8097050189971924
testing symmetry of the form factors...
plus valley form factor passed the C3 symmetry test with average difference...  3.624701811449224e-15
minus valley form factor passed the C3 symmetry test with average difference...  3.597896360182552e-15
finished testing symmetry of the form factors...
starting bubble....... 919
time for bubble... 29.5411479473114
effective speed of sound down renormalization...$-\Delta c$ 1942.8136267928212
residual of the fit... 0.06681724608936904
starting bubble....... 919
time for bubble... 29.731972455978394
effective speed of sound down renormalization...$-\Delta c$ 1957.267117710097
residual of the fit... 0.0015347736449300444
starting bubble....... 919
time for bubble... 29.5211820602417
effective speed of sound down renormalization...$-\Delta c$ 1932.8153846662904
residual of the fit... 0.0229121030075642
starting bubble....... 919
time for bubble... 29.61493730545044
effective speed of sound down renormalization...$-\Delta c$ 1986.9509687737072
residual of the fit... 0.025050713049244056
starting bubble....... 919
time for bubble... 29.65517497062683
effective speed of sound down renormalization...$-\Delta c$ 2000.4308063035642
residual of the fit... 0.006036842365086633
starting bubble....... 919
time for bubble... 29.76281499862671
effective speed of sound down renormalization...$-\Delta c$ 2040.0970397655728
residual of the fit... 0.010441212622843494
starting bubble....... 919
time for bubble... 29.74986457824707
effective speed of sound down renormalization...$-\Delta c$ 2151.0887954165246
residual of the fit... 0.023879078395986818
starting bubble....... 919
time for bubble... 29.68277907371521
effective speed of sound down renormalization...$-\Delta c$ 2314.1403016522395
residual of the fit... 0.06590117867928783
starting bubble....... 919
time for bubble... 29.732206344604492
effective speed of sound down renormalization...$-\Delta c$ 2307.53765926079
residual of the fit... 0.06568850493568248
starting bubble....... 919
time for bubble... 29.671869039535522
effective speed of sound down renormalization...$-\Delta c$ 2025.809695193705
residual of the fit... 0.05238646525498606
starting bubble....... 919
time for bubble... 29.705858945846558
effective speed of sound down renormalization...$-\Delta c$ 1667.4811417761177
residual of the fit... 0.055281970460833274
starting bubble....... 919
time for bubble... 29.641754150390625
effective speed of sound down renormalization...$-\Delta c$ 1498.2038482734404
residual of the fit... 0.026168438303990425
starting bubble....... 919
time for bubble... 29.652335166931152
effective speed of sound down renormalization...$-\Delta c$ 1362.2147349725105
residual of the fit... 0.046009514533519695
starting bubble....... 919
time for bubble... 29.69829535484314
effective speed of sound down renormalization...$-\Delta c$ 1194.6438444065059
residual of the fit... 0.0510011133434928
starting bubble....... 919
time for bubble... 29.683794736862183
effective speed of sound down renormalization...$-\Delta c$ 955.6826683495422
residual of the fit... 0.04307783134182525
starting bubble....... 919
time for bubble... 29.718034505844116
effective speed of sound down renormalization...$-\Delta c$ 754.8187145229731
residual of the fit... 0.08242311084204682
starting bubble....... 919
time for bubble... 29.589833736419678
effective speed of sound down renormalization...$-\Delta c$ 594.417478973145
residual of the fit... 0.06438094955122965
starting bubble....... 919
time for bubble... 29.627094268798828
effective speed of sound down renormalization...$-\Delta c$ 447.01600967036836
residual of the fit... 0.02293839950382825
starting bubble....... 919
time for bubble... 29.6124210357666
effective speed of sound down renormalization...$-\Delta c$ 282.246389143448
residual of the fit... 0.31073963860141235
starting bubble....... 919
time for bubble... 29.741955041885376
effective speed of sound down renormalization...$-\Delta c$ 123.05977616941706
residual of the fit... 0.11838950668993303
time for sweep delta 593.3769223690033
