starting sampling in reciprocal space....
finished sampling in reciprocal space....t= 0.009453535079956055  s
91 numer of sampling lattice points
taking 0 umklapps
hbvf is .. 2.3382685902179845
q is... 0.08553508531876375
hvkd is... 0.20000400336248073
kappa is.. 0.3
alpha is.. 0.5249894913838371
the twist angle is .. 0.020420352248333655
starting sampling in reciprocal space....
finished sampling in reciprocal space....t= 0.0042896270751953125  s
starting sampling in reciprocal space....
finished sampling in reciprocal space....t= 0.0042645931243896484  s
starting dispersion ..........
time to diag over MBZ 8.441981554031372
number of bands in density of states calculation, 2
sum of the hist, normed? 8.000000000000004
CHEMICAL POTENTIAL AND FILLING 0.0 0.0
starting sampling in reciprocal space....
finished sampling in reciprocal space....t= 0.0042765140533447266  s
(1680,)
the bandwidth is ... 0.03190800283898172
153.47user 3.91system 0:20.76elapsed 757%CPU (0avgtext+0avgdata 1373572maxresident)k
0inputs+168outputs (0major+2448058minor)pagefaults 0swaps
