starting sampling in reciprocal space....
finished sampling in reciprocal space....t= 0.051221370697021484  s
919 numer of sampling lattice points
taking 0 umklapps
hbvf is .. 2.3382685902179845
q is... 0.07237619858704214
hvkd is... 0.1692349918354599
kappa is.. 0.75
alpha is.. 0.6204390644110238
the twist angle is .. 0.017278759594743863
phonon params 207077106068237.16
phonon params upsilon 2.5884638258529644e+16
area ratio 0.00029854810525634486 0.00029854810525634426
correct factor by which the interaction is reduced 81.8479560020036
c tilde 1549.3415937399657
starting sampling in reciprocal space....
finished sampling in reciprocal space....t= 0.564892053604126  s
starting sampling in reciprocal space....
finished sampling in reciprocal space....t= 0.5606837272644043  s
starting dispersion ..........
time to diag over MBZ 2901.8624980449677
saving  ..........
number of bands in density of states calculation, 2
sum of the hist, normed? 7.999999999999931
CHEMICAL POTENTIAL AND FILLING 0.0 0.0
starting sampling in reciprocal space....
finished sampling in reciprocal space....t= 0.052239179611206055  s
starting sampling in reciprocal space....
finished sampling in reciprocal space....t= 0.051505088806152344  s
starting dispersion ..........
time to diag over MBZ 276.1357333660126
starting sampling in reciprocal space....
finished sampling in reciprocal space....t= 0.05159783363342285  s
(6433, 564, 2) (919, 564, 2) (6433,)
starting sampling in reciprocal space....
finished sampling in reciprocal space....t= 0.051522254943847656  s
(6433, 564, 2) (919, 564, 2) (6433,)
calculating tensor that stores the overlaps........
finsihed the overlaps.......... 15.377617120742798
calculating tensor that stores the overlaps........
finsihed the overlaps.......... 15.112733125686646
calculating tensor that stores the overlaps........
finsihed the overlaps.......... 15.117597103118896
calculating tensor that stores the overlaps........
finsihed the overlaps.......... 2.66587495803833
calculating tensor that stores the overlaps........
finsihed the overlaps.......... 15.213898181915283
calculating tensor that stores the overlaps........
finsihed the overlaps.......... 2.3746726512908936
testing symmetry of the form factors...
plus valley form factor passed the C3 symmetry test with average difference...  9.178350529413241e-15
minus valley form factor passed the C3 symmetry test with average difference...  9.04651370041315e-15
finished testing symmetry of the form factors...
starting bubble....... 919
time for bubble... 29.41687297821045
effective speed of sound down renormalization...$-\Delta c$ 2989.1365355699663
residual of the fit... 0.0693207246488353
starting bubble....... 919
time for bubble... 29.55355167388916
effective speed of sound down renormalization...$-\Delta c$ 3092.963844578428
residual of the fit... 0.020733453731958115
starting bubble....... 919
time for bubble... 29.797757148742676
effective speed of sound down renormalization...$-\Delta c$ 3329.9876499532884
residual of the fit... 0.03732614013259541
starting bubble....... 919
time for bubble... 30.07134222984314
effective speed of sound down renormalization...$-\Delta c$ 3513.8962531842913
residual of the fit... 0.07619856746504494
starting bubble....... 919
time for bubble... 29.838801860809326
effective speed of sound down renormalization...$-\Delta c$ 3967.5096840746774
residual of the fit... 0.04023603964607246
starting bubble....... 919
time for bubble... 29.674555778503418
effective speed of sound down renormalization...$-\Delta c$ 3920.683161075755
residual of the fit... 0.03726955016042948
starting bubble....... 919
time for bubble... 29.781685829162598
effective speed of sound down renormalization...$-\Delta c$ 3732.659387882133
residual of the fit... 0.07490484464699705
starting bubble....... 919
time for bubble... 29.805636405944824
effective speed of sound down renormalization...$-\Delta c$ 3292.1986865762588
residual of the fit... 0.028943114861447353
starting bubble....... 919
time for bubble... 29.718345880508423
effective speed of sound down renormalization...$-\Delta c$ 2974.259871022605
residual of the fit... 0.02727933777720434
starting bubble....... 919
time for bubble... 29.398785829544067
effective speed of sound down renormalization...$-\Delta c$ 2712.8507846600555
residual of the fit... 0.0028602483478189626
starting bubble....... 919
time for bubble... 29.36573624610901
effective speed of sound down renormalization...$-\Delta c$ 2513.7746947879555
residual of the fit... 0.006751977785920133
starting bubble....... 919
time for bubble... 29.745869636535645
effective speed of sound down renormalization...$-\Delta c$ 2294.187299370984
residual of the fit... 0.025002562445767144
starting bubble....... 919
time for bubble... 29.508620023727417
effective speed of sound down renormalization...$-\Delta c$ 2029.6533499726825
residual of the fit... 0.008907588623137515
starting bubble....... 919
time for bubble... 29.68706440925598
effective speed of sound down renormalization...$-\Delta c$ 1871.0307481166062
residual of the fit... 0.011885609477608552
starting bubble....... 919
time for bubble... 29.404459238052368
effective speed of sound down renormalization...$-\Delta c$ 1670.8492857515832
residual of the fit... 0.06453423667339744
starting bubble....... 919
time for bubble... 29.386566638946533
effective speed of sound down renormalization...$-\Delta c$ 1361.4390379237645
residual of the fit... 0.05007172355978706
starting bubble....... 919
time for bubble... 29.53485417366028
effective speed of sound down renormalization...$-\Delta c$ 1122.324354193301
residual of the fit... 0.017732522100467434
starting bubble....... 919
time for bubble... 29.51066565513611
effective speed of sound down renormalization...$-\Delta c$ 873.9512409268075
residual of the fit... 0.015776893377121987
starting bubble....... 919
time for bubble... 29.62105703353882
effective speed of sound down renormalization...$-\Delta c$ 577.9765165343453
residual of the fit... 0.033297949052597184
starting bubble....... 919
time for bubble... 29.493709564208984
effective speed of sound down renormalization...$-\Delta c$ 273.0271681201558
residual of the fit... 0.06340857881007123
time for sweep delta 592.3552877902985
