starting sampling in reciprocal space....
finished sampling in reciprocal space....t= 0.004785776138305664  s
91 numer of sampling lattice points
taking 0 umklapps
hbvf is .. 2.7
q is... 0.07522730698426787
hvkd is... 0.20311372885752327
kappa is.. 0.75
alpha is.. 0.5169517619050438
the twist angle is .. 0.01795943800302165
starting sampling in reciprocal space....
finished sampling in reciprocal space....t= 0.0053217411041259766  s
starting sampling in reciprocal space....
finished sampling in reciprocal space....t= 0.005133628845214844  s
starting dispersion ..........
time to diag over MBZ 72.04504013061523
number of bands in density of states calculation, 2
sum of the hist, normed? 8.0
CHEMICAL POTENTIAL AND FILLING 0.0 0.0
starting sampling in reciprocal space....
finished sampling in reciprocal space....t= 0.017339229583740234  s
(1680,)
the bandwidth is ... 0.03160551103571027
393.06user 24.64system 2:56.08elapsed 237%CPU (0avgtext+0avgdata 1372916maxresident)k
0inputs+184outputs (0major+2447054minor)pagefaults 0swaps
