starting sampling in reciprocal space....
finished sampling in reciprocal space....t= 0.03571891784667969  s
91 numer of sampling lattice points
taking 0 umklapps
hbvf is .. 2.7
q is... 0.08904408747707689
hvkd is... 0.24041903618810762
kappa is.. 1
alpha is.. 0.4367374633256842
the twist angle is .. 0.021258110289290935
starting sampling in reciprocal space....
finished sampling in reciprocal space....t= 0.005072593688964844  s
starting sampling in reciprocal space....
finished sampling in reciprocal space....t= 0.041742563247680664  s
starting dispersion ..........
time to diag over MBZ 252.4096221923828
number of bands in density of states calculation, 2
sum of the hist, normed? 8.0
CHEMICAL POTENTIAL AND FILLING 0.0 0.0
starting sampling in reciprocal space....
finished sampling in reciprocal space....t= 0.0051920413970947266  s
(1680,)
the bandwidth is ... 0.08697948236367506
446.80user 29.95system 9:37.40elapsed 82%CPU (0avgtext+0avgdata 1373140maxresident)k
0inputs+192outputs (0major+2447802minor)pagefaults 0swaps
