starting sampling in reciprocal space....
finished sampling in reciprocal space....t= 0.05234026908874512  s
919 numer of sampling lattice points
taking 0 umklapps
hbvf is .. 2.3382685902179845
q is... 0.07895566630481395
hvkd is... 0.18461955454027892
kappa is.. 0.3
alpha is.. 0.5687371538809117
the twist angle is .. 0.01884955592153876
phonon params 293279848208579.25
phonon params upsilon 3.665998102607241e+16
area ratio 0.00035529523838198043 0.0003552952383819804
correct factor by which the interaction is reduced 75.02747041200399
c tilde 1690.1868329045212
starting sampling in reciprocal space....
finished sampling in reciprocal space....t= 0.5736219882965088  s
starting sampling in reciprocal space....
finished sampling in reciprocal space....t= 0.5667169094085693  s
starting dispersion ..........
time to diag over MBZ 2842.119197845459
saving  ..........
number of bands in density of states calculation, 2
sum of the hist, normed? 7.999999999999974
CHEMICAL POTENTIAL AND FILLING 0.0 0.0
starting sampling in reciprocal space....
finished sampling in reciprocal space....t= 0.05257678031921387  s
starting sampling in reciprocal space....
finished sampling in reciprocal space....t= 0.05252718925476074  s
starting dispersion ..........
time to diag over MBZ 263.7915630340576
starting sampling in reciprocal space....
finished sampling in reciprocal space....t= 0.05162692070007324  s
(6433, 564, 2) (919, 564, 2) (6433,)
starting sampling in reciprocal space....
finished sampling in reciprocal space....t= 0.052393198013305664  s
(6433, 564, 2) (919, 564, 2) (6433,)
calculating tensor that stores the overlaps........
finsihed the overlaps.......... 15.044036149978638
calculating tensor that stores the overlaps........
finsihed the overlaps.......... 14.936188697814941
calculating tensor that stores the overlaps........
finsihed the overlaps.......... 15.033340215682983
calculating tensor that stores the overlaps........
finsihed the overlaps.......... 2.8622982501983643
calculating tensor that stores the overlaps........
finsihed the overlaps.......... 14.959976196289062
calculating tensor that stores the overlaps........
finsihed the overlaps.......... 2.7735958099365234
testing symmetry of the form factors...
plus valley form factor passed the C3 symmetry test with average difference...  4.9675675271107055e-15
minus valley form factor passed the C3 symmetry test with average difference...  5.174770587559805e-15
finished testing symmetry of the form factors...
starting bubble....... 919
time for bubble... 29.490838289260864
effective speed of sound down renormalization...$-\Delta c$ 3383.0163527220557
residual of the fit... 0.08769033676219858
starting bubble....... 919
time for bubble... 29.6140193939209
effective speed of sound down renormalization...$-\Delta c$ 3400.414347218254
residual of the fit... 0.041346836571168805
starting bubble....... 919
time for bubble... 29.66820764541626
effective speed of sound down renormalization...$-\Delta c$ 3448.679556341614
residual of the fit... 0.015084419540992464
starting bubble....... 919
time for bubble... 29.583354473114014
effective speed of sound down renormalization...$-\Delta c$ 3518.4666212053085
residual of the fit... 0.011577651960319499
starting bubble....... 919
time for bubble... 29.673303842544556
effective speed of sound down renormalization...$-\Delta c$ 3634.519187829543
residual of the fit... 0.027882697938215597
starting bubble....... 919
time for bubble... 29.644580841064453
effective speed of sound down renormalization...$-\Delta c$ 3493.968085389611
residual of the fit... 0.07334430497336059
starting bubble....... 919
time for bubble... 29.731404066085815
effective speed of sound down renormalization...$-\Delta c$ 3905.4918611511084
residual of the fit... 0.008201234535133136
starting bubble....... 919
time for bubble... 29.635588884353638
effective speed of sound down renormalization...$-\Delta c$ 4053.548415373748
residual of the fit... 0.03974089166107763
starting bubble....... 919
time for bubble... 29.690033435821533
effective speed of sound down renormalization...$-\Delta c$ 4293.252803271093
residual of the fit... 0.0239896193663847
starting bubble....... 919
time for bubble... 29.53674554824829
effective speed of sound down renormalization...$-\Delta c$ 3768.756325447035
residual of the fit... 0.03584304235954259
starting bubble....... 919
time for bubble... 29.566760540008545
effective speed of sound down renormalization...$-\Delta c$ 3121.116219156485
residual of the fit... 0.04819803556521737
starting bubble....... 919
time for bubble... 29.60046410560608
effective speed of sound down renormalization...$-\Delta c$ 2761.310100849992
residual of the fit... 0.018957937327040247
starting bubble....... 919
time for bubble... 29.68046259880066
effective speed of sound down renormalization...$-\Delta c$ 2424.4470474418918
residual of the fit... 0.021488551930202215
starting bubble....... 919
time for bubble... 29.58719229698181
effective speed of sound down renormalization...$-\Delta c$ 2124.6732546165304
residual of the fit... 0.0021331884014292824
starting bubble....... 919
time for bubble... 29.679142475128174
effective speed of sound down renormalization...$-\Delta c$ 1804.4151423344995
residual of the fit... 0.019634397047557497
starting bubble....... 919
time for bubble... 29.56898260116577
effective speed of sound down renormalization...$-\Delta c$ 1455.4091654513284
residual of the fit... 0.015122694725603814
starting bubble....... 919
time for bubble... 29.636029720306396
effective speed of sound down renormalization...$-\Delta c$ 1114.8571101949358
residual of the fit... 0.0040116047787948726
starting bubble....... 919
time for bubble... 29.591744661331177
effective speed of sound down renormalization...$-\Delta c$ 827.5867531967803
residual of the fit... 0.006581884954859113
starting bubble....... 919
time for bubble... 29.541168928146362
effective speed of sound down renormalization...$-\Delta c$ 567.6734956228695
residual of the fit... 0.0033976815262536926
starting bubble....... 919
time for bubble... 29.411073446273804
effective speed of sound down renormalization...$-\Delta c$ 238.79377774313775
residual of the fit... 0.09973215204949654
time for sweep delta 592.171772480011
