starting sampling in reciprocal space....
finished sampling in reciprocal space....t= 0.05160999298095703  s
919 numer of sampling lattice points
taking 0 umklapps
hbvf is .. 2.3382685902179845
q is... 0.07237619858704214
hvkd is... 0.1692349918354599
kappa is.. 0.3
alpha is.. 0.6204390644110238
the twist angle is .. 0.017278759594743863
phonon params 207077106068237.16
phonon params upsilon 2.5884638258529644e+16
area ratio 0.00029854810525634486 0.00029854810525634426
correct factor by which the interaction is reduced 81.8479560020036
c tilde 1549.3415937399657
starting sampling in reciprocal space....
finished sampling in reciprocal space....t= 0.5637943744659424  s
starting sampling in reciprocal space....
finished sampling in reciprocal space....t= 0.573091983795166  s
starting dispersion ..........
time to diag over MBZ 2903.2570502758026
saving  ..........
number of bands in density of states calculation, 2
sum of the hist, normed? 8.000000000000032
CHEMICAL POTENTIAL AND FILLING 0.0 0.0
starting sampling in reciprocal space....
finished sampling in reciprocal space....t= 0.052773237228393555  s
starting sampling in reciprocal space....
finished sampling in reciprocal space....t= 0.05209660530090332  s
starting dispersion ..........
time to diag over MBZ 326.1883602142334
starting sampling in reciprocal space....
finished sampling in reciprocal space....t= 0.051337242126464844  s
(6433, 564, 2) (919, 564, 2) (6433,)
starting sampling in reciprocal space....
finished sampling in reciprocal space....t= 0.05192732810974121  s
(6433, 564, 2) (919, 564, 2) (6433,)
calculating tensor that stores the overlaps........
finsihed the overlaps.......... 14.909035682678223
calculating tensor that stores the overlaps........
finsihed the overlaps.......... 2.715571165084839
calculating tensor that stores the overlaps........
finsihed the overlaps.......... 14.949168920516968
calculating tensor that stores the overlaps........
finsihed the overlaps.......... 3.1631290912628174
testing symmetry of the form factors...
plus valley form factor passed the C3 symmetry test with average difference...  6.122811817315887e-15
minus valley form factor passed the C3 symmetry test with average difference...  6.026236376210076e-15
finished testing symmetry of the form factors...
starting bubble....... 919
time for bubble... 29.372767210006714
effective speed of sound down renormalization...$-\Delta c$ 2273.589667997121
residual of the fit... 0.06751213103978498
starting bubble....... 919
time for bubble... 29.571274518966675
effective speed of sound down renormalization...$-\Delta c$ 2289.791429365258
residual of the fit... 0.0009785925017456855
starting bubble....... 919
time for bubble... 29.47112202644348
effective speed of sound down renormalization...$-\Delta c$ 2260.6463179163725
residual of the fit... 0.02407499445435684
starting bubble....... 919
time for bubble... 29.40181279182434
effective speed of sound down renormalization...$-\Delta c$ 2321.9222247667813
residual of the fit... 0.024173244931248502
starting bubble....... 919
time for bubble... 29.53030514717102
effective speed of sound down renormalization...$-\Delta c$ 2327.9347974427337
residual of the fit... 0.0030418643059429394
starting bubble....... 919
time for bubble... 29.51116132736206
effective speed of sound down renormalization...$-\Delta c$ 2387.2874168276085
residual of the fit... 0.008722169914448049
starting bubble....... 919
time for bubble... 29.501173973083496
effective speed of sound down renormalization...$-\Delta c$ 2496.4139976228585
residual of the fit... 0.04130884075512503
starting bubble....... 919
time for bubble... 29.551777839660645
effective speed of sound down renormalization...$-\Delta c$ 2727.329138121675
residual of the fit... 0.060733078013325344
starting bubble....... 919
time for bubble... 29.51157784461975
effective speed of sound down renormalization...$-\Delta c$ 2748.9915878517354
residual of the fit... 0.048986796494110064
starting bubble....... 919
time for bubble... 29.76397204399109
effective speed of sound down renormalization...$-\Delta c$ 2359.226550940843
residual of the fit... 0.05867810585154891
starting bubble....... 919
time for bubble... 29.512279272079468
effective speed of sound down renormalization...$-\Delta c$ 1943.653423359606
residual of the fit... 0.06495765990584504
starting bubble....... 919
time for bubble... 29.523297786712646
effective speed of sound down renormalization...$-\Delta c$ 1764.2179302772
residual of the fit... 0.03738213291230209
starting bubble....... 919
time for bubble... 29.728304862976074
effective speed of sound down renormalization...$-\Delta c$ 1584.41410898377
residual of the fit... 0.026407036360058977
starting bubble....... 919
time for bubble... 29.472426414489746
effective speed of sound down renormalization...$-\Delta c$ 1391.0906640224807
residual of the fit... 0.03484440038692424
starting bubble....... 919
time for bubble... 29.585118293762207
effective speed of sound down renormalization...$-\Delta c$ 1119.4225589435916
residual of the fit... 0.05194364417230184
starting bubble....... 919
time for bubble... 29.573217391967773
effective speed of sound down renormalization...$-\Delta c$ 875.9234823051551
residual of the fit... 0.08311147355646767
starting bubble....... 919
time for bubble... 29.622111558914185
effective speed of sound down renormalization...$-\Delta c$ 742.6839018014946
residual of the fit... 0.034154920996498084
starting bubble....... 919
time for bubble... 29.640153884887695
effective speed of sound down renormalization...$-\Delta c$ 540.6871107149585
residual of the fit... 0.03372323414648238
starting bubble....... 919
time for bubble... 29.64259910583496
effective speed of sound down renormalization...$-\Delta c$ 329.7995091633991
residual of the fit... 0.3104234452055584
starting bubble....... 919
time for bubble... 29.514254808425903
effective speed of sound down renormalization...$-\Delta c$ 155.76498411623996
residual of the fit... 0.082142570236383
time for sweep delta 591.0441429615021
