starting sampling in reciprocal space....
finished sampling in reciprocal space....t= 0.051492929458618164  s
919 numer of sampling lattice points
taking 0 umklapps
hbvf is .. 2.7
q is... 0.08136812581299324
hvkd is... 0.21969393969508177
kappa is.. 0.3
alpha is.. 0.47793762607075957
the twist angle is .. 0.019425514574696892
phonon params 330800580170960.8
phonon params upsilon 4.1350072521370104e+16
area ratio 0.0003773387505170358 0.00037733875051703617
correct factor by which the interaction is reduced 72.80300312138363
c tilde 1741.829830633127
starting sampling in reciprocal space....
finished sampling in reciprocal space....t= 0.5601797103881836  s
starting sampling in reciprocal space....
finished sampling in reciprocal space....t= 0.5715627670288086  s
starting dispersion ..........
time to diag over MBZ 3143.866164445877
saving  ..........
number of bands in density of states calculation, 2
sum of the hist, normed? 8.000000000000215
CHEMICAL POTENTIAL AND FILLING 0.0 0.0
starting sampling in reciprocal space....
finished sampling in reciprocal space....t= 0.05226302146911621  s
starting sampling in reciprocal space....
finished sampling in reciprocal space....t= 0.05230307579040527  s
starting dispersion ..........
time to diag over MBZ 281.6863327026367
starting sampling in reciprocal space....
finished sampling in reciprocal space....t= 0.05191636085510254  s
(6433, 564, 2) (919, 564, 2) (6433,)
starting sampling in reciprocal space....
finished sampling in reciprocal space....t= 0.051816463470458984  s
(6433, 564, 2) (919, 564, 2) (6433,)
calculating tensor that stores the overlaps........
finsihed the overlaps.......... 14.687923908233643
calculating tensor that stores the overlaps........
finsihed the overlaps.......... 14.357669830322266
calculating tensor that stores the overlaps........
finsihed the overlaps.......... 14.432484149932861
calculating tensor that stores the overlaps........
finsihed the overlaps.......... 2.574329376220703
calculating tensor that stores the overlaps........
finsihed the overlaps.......... 14.794304609298706
calculating tensor that stores the overlaps........
finsihed the overlaps.......... 1.8840429782867432
testing symmetry of the form factors...
plus valley form factor passed the C3 symmetry test with average difference...  5.8453125266432184e-15
minus valley form factor passed the C3 symmetry test with average difference...  5.989356770778544e-15
finished testing symmetry of the form factors...
starting bubble....... 919
time for bubble... 29.49224042892456
effective speed of sound down renormalization...$-\Delta c$ 1185.838541837688
residual of the fit... 0.09006222857112223
starting bubble....... 919
time for bubble... 29.502763986587524
effective speed of sound down renormalization...$-\Delta c$ 1190.8455674909844
residual of the fit... 0.04431803234291325
starting bubble....... 919
time for bubble... 29.726427793502808
effective speed of sound down renormalization...$-\Delta c$ 1208.4254269796913
residual of the fit... 0.018073722403047904
starting bubble....... 919
time for bubble... 29.916534900665283
effective speed of sound down renormalization...$-\Delta c$ 1174.0843671805926
residual of the fit... 0.07021197550441156
starting bubble....... 919
time for bubble... 30.078945875167847
effective speed of sound down renormalization...$-\Delta c$ 1258.1485125905995
residual of the fit... 0.016737114464347856
starting bubble....... 919
time for bubble... 29.989931344985962
effective speed of sound down renormalization...$-\Delta c$ 1244.1061062348645
residual of the fit... 0.04734152653862503
starting bubble....... 919
time for bubble... 30.274807691574097
effective speed of sound down renormalization...$-\Delta c$ 1354.6454228789084
residual of the fit... 0.02968318628363016
starting bubble....... 919
time for bubble... 29.74569582939148
effective speed of sound down renormalization...$-\Delta c$ 1468.0759788947175
residual of the fit... 0.01819703254148102
starting bubble....... 919
time for bubble... 29.603774070739746
effective speed of sound down renormalization...$-\Delta c$ 1515.7413301936822
residual of the fit... 0.025423158269440686
starting bubble....... 919
time for bubble... 29.599781274795532
effective speed of sound down renormalization...$-\Delta c$ 1331.2891111132851
residual of the fit... 0.08045149538783025
starting bubble....... 919
time for bubble... 29.640358924865723
effective speed of sound down renormalization...$-\Delta c$ 1129.8054088038277
residual of the fit... 0.009586504565039173
starting bubble....... 919
time for bubble... 29.640345335006714
effective speed of sound down renormalization...$-\Delta c$ 979.8207348049091
residual of the fit... 0.01324950186547334
starting bubble....... 919
time for bubble... 29.522475481033325
effective speed of sound down renormalization...$-\Delta c$ 872.8030118449338
residual of the fit... 0.007685678397045626
starting bubble....... 919
time for bubble... 29.43286919593811
effective speed of sound down renormalization...$-\Delta c$ 749.1893696748641
residual of the fit... 0.024040774209538623
starting bubble....... 919
time for bubble... 29.574875831604004
effective speed of sound down renormalization...$-\Delta c$ 629.1603214690278
residual of the fit... 0.016650384287743066
starting bubble....... 919
time for bubble... 29.52991795539856
effective speed of sound down renormalization...$-\Delta c$ 520.9036560768119
residual of the fit... 0.005958155482732614
starting bubble....... 919
time for bubble... 29.594305515289307
effective speed of sound down renormalization...$-\Delta c$ 413.7613135983908
residual of the fit... 0.011192112651028457
starting bubble....... 919
time for bubble... 30.021087408065796
effective speed of sound down renormalization...$-\Delta c$ 307.2593961097729
residual of the fit... 0.009492119852076446
starting bubble....... 919
time for bubble... 29.55139994621277
effective speed of sound down renormalization...$-\Delta c$ 207.63791320371865
residual of the fit... 0.004948631301746566
starting bubble....... 919
time for bubble... 29.521180391311646
effective speed of sound down renormalization...$-\Delta c$ 87.43825169389544
residual of the fit... 0.08616934361429365
time for sweep delta 594.0021252632141
