starting sampling in reciprocal space....
finished sampling in reciprocal space....t= 0.005221128463745117  s
91 numer of sampling lattice points
taking 0 umklapps
hbvf is .. 2.7
q is... 0.07829772165774311
hvkd is... 0.2114038484759064
kappa is.. 0.75
alpha is.. 0.4966796998114573
the twist angle is .. 0.01869247628885927
starting sampling in reciprocal space....
finished sampling in reciprocal space....t= 0.009998798370361328  s
starting sampling in reciprocal space....
finished sampling in reciprocal space....t= 0.019765377044677734  s
starting dispersion ..........
time to diag over MBZ 76.06725716590881
number of bands in density of states calculation, 2
sum of the hist, normed? 8.000000000000002
CHEMICAL POTENTIAL AND FILLING 0.0 0.0
starting sampling in reciprocal space....
finished sampling in reciprocal space....t= 0.0179135799407959  s
(1680,)
the bandwidth is ... 0.04486566667476481
392.40user 24.81system 2:58.58elapsed 233%CPU (0avgtext+0avgdata 1373520maxresident)k
0inputs+176outputs (0major+2448284minor)pagefaults 0swaps
