starting sampling in reciprocal space....
finished sampling in reciprocal space....t= 0.008154630661010742  s
91 numer of sampling lattice points
taking 0 umklapps
hbvf is .. 2.3382685902179845
q is... 0.08187985878730153
hvkd is... 0.1914571019738312
kappa is.. 0.75
alpha is.. 0.5484257252277412
the twist angle is .. 0.019547687622336492
starting sampling in reciprocal space....
finished sampling in reciprocal space....t= 0.00417327880859375  s
starting sampling in reciprocal space....
finished sampling in reciprocal space....t= 0.004173994064331055  s
starting dispersion ..........
time to diag over MBZ 8.614939451217651
number of bands in density of states calculation, 2
sum of the hist, normed? 8.000000000000007
CHEMICAL POTENTIAL AND FILLING 0.0 0.0
starting sampling in reciprocal space....
finished sampling in reciprocal space....t= 0.004017829895019531  s
(1680,)
the bandwidth is ... 0.013756318216675827
153.77user 3.81system 0:20.77elapsed 758%CPU (0avgtext+0avgdata 1372140maxresident)k
0inputs+160outputs (0major+2447638minor)pagefaults 0swaps
