starting sampling in reciprocal space....
finished sampling in reciprocal space....t= 0.006461381912231445  s
91 numer of sampling lattice points
taking 0 umklapps
hbvf is .. 2.3382685902179845
q is... 0.08114881158808747
hvkd is... 0.18974771726994213
kappa is.. 0.75
alpha is.. 0.5533663409010771
the twist angle is .. 0.01937315469713706
starting sampling in reciprocal space....
finished sampling in reciprocal space....t= 0.004209041595458984  s
starting sampling in reciprocal space....
finished sampling in reciprocal space....t= 0.00432133674621582  s
starting dispersion ..........
time to diag over MBZ 8.737542390823364
number of bands in density of states calculation, 2
sum of the hist, normed? 7.999999999999984
CHEMICAL POTENTIAL AND FILLING 0.0 0.0
starting sampling in reciprocal space....
finished sampling in reciprocal space....t= 0.004090785980224609  s
(4200,)
the bandwidth is ... 0.011230098829931829
274.14user 7.46system 0:36.29elapsed 775%CPU (0avgtext+0avgdata 3162980maxresident)k
0inputs+160outputs (0major+4599032minor)pagefaults 0swaps
