starting sampling in reciprocal space....
finished sampling in reciprocal space....t= 0.008056879043579102  s
91 numer of sampling lattice points
taking 0 umklapps
hbvf is .. 2.3382685902179845
q is... 0.08480404129297625
hvkd is... 0.19829462607891532
kappa is.. 0.75
alpha is.. 0.5295151062652255
the twist angle is .. 0.020245819323134222
starting sampling in reciprocal space....
finished sampling in reciprocal space....t= 0.004264116287231445  s
starting sampling in reciprocal space....
finished sampling in reciprocal space....t= 0.004181861877441406  s
starting dispersion ..........
time to diag over MBZ 8.68886661529541
number of bands in density of states calculation, 2
sum of the hist, normed? 8.000000000000004
CHEMICAL POTENTIAL AND FILLING 0.0 0.0
starting sampling in reciprocal space....
finished sampling in reciprocal space....t= 0.004097938537597656  s
(4200,)
the bandwidth is ... 0.02410271313105219
277.36user 6.98system 0:36.62elapsed 776%CPU (0avgtext+0avgdata 3162284maxresident)k
0inputs+176outputs (0major+4598385minor)pagefaults 0swaps
