starting sampling in reciprocal space....
finished sampling in reciprocal space....t= 0.007893562316894531  s
91 numer of sampling lattice points
taking 0 umklapps
hbvf is .. 2.3382685902179845
q is... 0.08480404129297625
hvkd is... 0.19829462607891532
kappa is.. 0.75
alpha is.. 0.5295151062652255
the twist angle is .. 0.020245819323134222
starting sampling in reciprocal space....
finished sampling in reciprocal space....t= 0.004179239273071289  s
starting sampling in reciprocal space....
finished sampling in reciprocal space....t= 0.004173755645751953  s
starting dispersion ..........
time to diag over MBZ 8.480125665664673
number of bands in density of states calculation, 2
sum of the hist, normed? 8.000000000000004
CHEMICAL POTENTIAL AND FILLING 0.0 0.0
starting sampling in reciprocal space....
finished sampling in reciprocal space....t= 0.004059553146362305  s
(1680,)
the bandwidth is ... 0.02410271313105219
152.84user 4.22system 0:20.69elapsed 758%CPU (0avgtext+0avgdata 1372764maxresident)k
0inputs+176outputs (0major+2447279minor)pagefaults 0swaps
