starting sampling in reciprocal space....
finished sampling in reciprocal space....t= 0.05087089538574219  s
919 numer of sampling lattice points
taking 0 umklapps
hbvf is .. 2.3382685902179845
q is... 0.08187985878730153
hvkd is... 0.1914571019738312
kappa is.. 0.75
alpha is.. 0.5484257252277412
the twist angle is .. 0.019547687622336492
phonon params 339201177549277.3
phonon params upsilon 4.240014719365966e+16
area ratio 0.0003820999240645599 0.00038209992406455925
correct factor by which the interaction is reduced 72.34799870543021
c tilde 1752.7843874827852
starting sampling in reciprocal space....
finished sampling in reciprocal space....t= 0.5499751567840576  s
starting sampling in reciprocal space....
finished sampling in reciprocal space....t= 0.554997444152832  s
starting dispersion ..........
time to diag over MBZ 2859.974659204483
saving  ..........
number of bands in density of states calculation, 2
sum of the hist, normed? 7.9999999999999964
CHEMICAL POTENTIAL AND FILLING 0.0 0.0
starting sampling in reciprocal space....
finished sampling in reciprocal space....t= 0.05050206184387207  s
starting sampling in reciprocal space....
finished sampling in reciprocal space....t= 0.05124235153198242  s
starting dispersion ..........
time to diag over MBZ 273.93759298324585
starting sampling in reciprocal space....
finished sampling in reciprocal space....t= 0.05206131935119629  s
(6433, 564, 2) (919, 564, 2) (6433,)
starting sampling in reciprocal space....
finished sampling in reciprocal space....t= 0.050286054611206055  s
(6433, 564, 2) (919, 564, 2) (6433,)
calculating tensor that stores the overlaps........
finsihed the overlaps.......... 15.495750904083252
calculating tensor that stores the overlaps........
finsihed the overlaps.......... 15.521387338638306
calculating tensor that stores the overlaps........
finsihed the overlaps.......... 15.00302505493164
calculating tensor that stores the overlaps........
finsihed the overlaps.......... 2.4594600200653076
calculating tensor that stores the overlaps........
finsihed the overlaps.......... 14.280728101730347
calculating tensor that stores the overlaps........
finsihed the overlaps.......... 2.390925168991089
testing symmetry of the form factors...
plus valley form factor passed the C3 symmetry test with average difference...  5.154941536652674e-15
minus valley form factor passed the C3 symmetry test with average difference...  4.898468648335682e-15
finished testing symmetry of the form factors...
starting bubble....... 919
time for bubble... 29.24300980567932
effective speed of sound down renormalization...$-\Delta c$ 2871.0401507203237
residual of the fit... 0.07006793025613624
starting bubble....... 919
time for bubble... 29.36897325515747
effective speed of sound down renormalization...$-\Delta c$ 2896.8584664550276
residual of the fit... 0.036465239934187946
starting bubble....... 919
time for bubble... 29.632855653762817
effective speed of sound down renormalization...$-\Delta c$ 3075.7117083655803
residual of the fit... 0.008835328682769228
starting bubble....... 919
time for bubble... 29.90114665031433
effective speed of sound down renormalization...$-\Delta c$ 3270.372811657137
residual of the fit... 0.007657207474702695
starting bubble....... 919
time for bubble... 30.169719219207764
effective speed of sound down renormalization...$-\Delta c$ 3388.1366442915
residual of the fit... 0.03557216022189315
starting bubble....... 919
time for bubble... 29.830009698867798
effective speed of sound down renormalization...$-\Delta c$ 3640.854862435185
residual of the fit... 0.02996069612189533
starting bubble....... 919
time for bubble... 30.074804544448853
effective speed of sound down renormalization...$-\Delta c$ 3923.322024511844
residual of the fit... 0.057673747649063654
starting bubble....... 919
time for bubble... 29.620213270187378
effective speed of sound down renormalization...$-\Delta c$ 3705.491840691949
residual of the fit... 0.048371494418940224
starting bubble....... 919
time for bubble... 29.572153091430664
effective speed of sound down renormalization...$-\Delta c$ 3160.952305876705
residual of the fit... 0.03865461455806954
starting bubble....... 919
time for bubble... 29.672592401504517
effective speed of sound down renormalization...$-\Delta c$ 2909.212120507471
residual of the fit... 0.007751306667117675
starting bubble....... 919
time for bubble... 29.393906354904175
effective speed of sound down renormalization...$-\Delta c$ 2633.5358445838906
residual of the fit... 0.010267750609466783
starting bubble....... 919
time for bubble... 29.341707944869995
effective speed of sound down renormalization...$-\Delta c$ 2411.671335377106
residual of the fit... 0.0511492337609766
starting bubble....... 919
time for bubble... 29.277170181274414
effective speed of sound down renormalization...$-\Delta c$ 2188.7163203614236
residual of the fit... 0.030502644294187434
starting bubble....... 919
time for bubble... 29.526007175445557
effective speed of sound down renormalization...$-\Delta c$ 1892.4980417590016
residual of the fit... 0.012775010519075305
starting bubble....... 919
time for bubble... 29.526159286499023
effective speed of sound down renormalization...$-\Delta c$ 1700.8935804231749
residual of the fit... 0.06501356923801635
starting bubble....... 919
time for bubble... 29.668225288391113
effective speed of sound down renormalization...$-\Delta c$ 1501.9183922253142
residual of the fit... 0.04788342423870087
starting bubble....... 919
time for bubble... 29.62607169151306
effective speed of sound down renormalization...$-\Delta c$ 1190.056295105189
residual of the fit... 0.03504764449655942
starting bubble....... 919
time for bubble... 29.579116344451904
effective speed of sound down renormalization...$-\Delta c$ 926.1910262531242
residual of the fit... 0.03458355712759322
starting bubble....... 919
time for bubble... 29.535667181015015
effective speed of sound down renormalization...$-\Delta c$ 664.1039832946166
residual of the fit... 0.038775645140809015
starting bubble....... 919
time for bubble... 29.400654792785645
effective speed of sound down renormalization...$-\Delta c$ 332.24593023466565
residual of the fit... 0.0241304406875883
time for sweep delta 591.9977788925171
