starting sampling in reciprocal space....
finished sampling in reciprocal space....t= 0.007792234420776367  s
91 numer of sampling lattice points
taking 0 umklapps
hbvf is .. 2.3382685902179845
q is... 0.08699717141061096
hvkd is... 0.20342275334724164
kappa is.. 0.75
alpha is.. 0.5161664478150363
the twist angle is .. 0.02076941809873252
starting sampling in reciprocal space....
finished sampling in reciprocal space....t= 0.004240751266479492  s
starting sampling in reciprocal space....
finished sampling in reciprocal space....t= 0.004131317138671875  s
starting dispersion ..........
time to diag over MBZ 8.548851013183594
number of bands in density of states calculation, 2
sum of the hist, normed? 7.9999999999999964
CHEMICAL POTENTIAL AND FILLING 0.0 0.0
starting sampling in reciprocal space....
finished sampling in reciprocal space....t= 0.0041429996490478516  s
(1680,)
the bandwidth is ... 0.03209207181609805
153.35user 3.86system 0:20.74elapsed 757%CPU (0avgtext+0avgdata 1372544maxresident)k
0inputs+168outputs (0major+2447641minor)pagefaults 0swaps
