starting sampling in reciprocal space....
finished sampling in reciprocal space....t= 0.009551286697387695  s
91 numer of sampling lattice points
taking 0 umklapps
hbvf is .. 2.3382685902179845
q is... 0.08334195130950957
hvkd is... 0.19487586699450285
kappa is.. 0.3
alpha is.. 0.5388045303883723
the twist angle is .. 0.019896753472735354
starting sampling in reciprocal space....
finished sampling in reciprocal space....t= 0.004131317138671875  s
starting sampling in reciprocal space....
finished sampling in reciprocal space....t= 0.004077434539794922  s
starting dispersion ..........
time to diag over MBZ 8.7901771068573
number of bands in density of states calculation, 2
sum of the hist, normed? 8.0
CHEMICAL POTENTIAL AND FILLING 0.0 0.0
starting sampling in reciprocal space....
finished sampling in reciprocal space....t= 0.004028797149658203  s
(4200,)
the bandwidth is ... 0.02363182723598342
273.73user 7.11system 0:36.16elapsed 776%CPU (0avgtext+0avgdata 3162368maxresident)k
0inputs+160outputs (0major+4598096minor)pagefaults 0swaps
