starting sampling in reciprocal space....
finished sampling in reciprocal space....t= 0.008070230484008789  s
91 numer of sampling lattice points
taking 0 umklapps
hbvf is .. 2.3382685902179845
q is... 0.06798986172173412
hvkd is... 0.15897855811719494
kappa is.. 0.75
alpha is.. 0.6604664254320175
the twist angle is .. 0.016231562043547268
starting sampling in reciprocal space....
finished sampling in reciprocal space....t= 0.0041582584381103516  s
starting sampling in reciprocal space....
finished sampling in reciprocal space....t= 0.004150867462158203  s
starting dispersion ..........
time to diag over MBZ 8.7538583278656
number of bands in density of states calculation, 2
sum of the hist, normed? 7.999999999999983
CHEMICAL POTENTIAL AND FILLING 0.0 0.0
starting sampling in reciprocal space....
finished sampling in reciprocal space....t= 0.003996372222900391  s
(240,)
the bandwidth is ... 0.028589100562741047
157.20user 3.67system 0:21.22elapsed 758%CPU (0avgtext+0avgdata 1373880maxresident)k
0inputs+224outputs (0major+2447161minor)pagefaults 0swaps
