starting sampling in reciprocal space....
finished sampling in reciprocal space....t= 0.009402275085449219  s
91 numer of sampling lattice points
taking 0 umklapps
hbvf is .. 2.3382685902179845
q is... 0.06798986172173412
hvkd is... 0.15897855811719494
kappa is.. 0.3
alpha is.. 0.6604664254320175
the twist angle is .. 0.016231562043547268
starting sampling in reciprocal space....
finished sampling in reciprocal space....t= 0.004139900207519531  s
starting sampling in reciprocal space....
finished sampling in reciprocal space....t= 0.004131793975830078  s
starting dispersion ..........
time to diag over MBZ 8.239976167678833
number of bands in density of states calculation, 2
sum of the hist, normed? 7.999999999999993
CHEMICAL POTENTIAL AND FILLING 0.0 0.0
starting sampling in reciprocal space....
finished sampling in reciprocal space....t= 0.00404047966003418  s
(1680,)
the bandwidth is ... 0.029236171154953108
150.66user 3.70system 0:20.36elapsed 757%CPU (0avgtext+0avgdata 1372936maxresident)k
0inputs+168outputs (0major+2447218minor)pagefaults 0swaps
