starting sampling in reciprocal space....
finished sampling in reciprocal space....t= 0.008803367614746094  s
91 numer of sampling lattice points
taking 0 umklapps
hbvf is .. 2.3382685902179845
q is... 0.07383830652545242
hvkd is... 0.17265379290335303
kappa is.. 0.3
alpha is.. 0.6081534511018601
the twist angle is .. 0.017627825445142728
starting sampling in reciprocal space....
finished sampling in reciprocal space....t= 0.004199504852294922  s
starting sampling in reciprocal space....
finished sampling in reciprocal space....t= 0.0041828155517578125  s
starting dispersion ..........
time to diag over MBZ 8.485480308532715
number of bands in density of states calculation, 2
sum of the hist, normed? 7.999999999999985
CHEMICAL POTENTIAL AND FILLING 0.0 0.0
starting sampling in reciprocal space....
finished sampling in reciprocal space....t= 0.003983974456787109  s
(1680,)
the bandwidth is ... 0.010346567083396738
153.97user 3.82system 0:20.76elapsed 759%CPU (0avgtext+0avgdata 1372712maxresident)k
0inputs+160outputs (0major+2446017minor)pagefaults 0swaps
