starting sampling in reciprocal space....
finished sampling in reciprocal space....t= 0.05042600631713867  s
919 numer of sampling lattice points
taking 0 umklapps
hbvf is .. 2.3382685902179845
q is... 0.07968671534127658
hvkd is... 0.18632894354014862
kappa is.. 0.75
alpha is.. 0.5635195370351868
the twist angle is .. 0.01902408884673819
phonon params 304293527101770.4
phonon params upsilon 3.80366908877213e+16
area ratio 0.0003619050413169733 0.0003619050413169735
correct factor by which the interaction is reduced 74.33916547035814
c tilde 1705.836241154292
starting sampling in reciprocal space....
finished sampling in reciprocal space....t= 0.5579679012298584  s
starting sampling in reciprocal space....
finished sampling in reciprocal space....t= 0.5531432628631592  s
starting dispersion ..........
time to diag over MBZ 2904.129044532776
saving  ..........
number of bands in density of states calculation, 2
sum of the hist, normed? 7.999999999999971
CHEMICAL POTENTIAL AND FILLING 0.0 0.0
starting sampling in reciprocal space....
finished sampling in reciprocal space....t= 0.05176186561584473  s
starting sampling in reciprocal space....
finished sampling in reciprocal space....t= 0.05069756507873535  s
starting dispersion ..........
time to diag over MBZ 257.5821475982666
starting sampling in reciprocal space....
finished sampling in reciprocal space....t= 0.05172538757324219  s
(6433, 564, 2) (919, 564, 2) (6433,)
starting sampling in reciprocal space....
finished sampling in reciprocal space....t= 0.050394296646118164  s
(6433, 564, 2) (919, 564, 2) (6433,)
calculating tensor that stores the overlaps........
finsihed the overlaps.......... 14.970404148101807
calculating tensor that stores the overlaps........
finsihed the overlaps.......... 14.839879512786865
calculating tensor that stores the overlaps........
finsihed the overlaps.......... 14.822203636169434
calculating tensor that stores the overlaps........
finsihed the overlaps.......... 2.6246869564056396
calculating tensor that stores the overlaps........
finsihed the overlaps.......... 15.189396381378174
calculating tensor that stores the overlaps........
finsihed the overlaps.......... 2.099513530731201
testing symmetry of the form factors...
plus valley form factor passed the C3 symmetry test with average difference...  4.889121711786207e-15
minus valley form factor passed the C3 symmetry test with average difference...  4.883965779970208e-15
finished testing symmetry of the form factors...
starting bubble....... 919
time for bubble... 29.359959840774536
effective speed of sound down renormalization...$-\Delta c$ 3937.5038644045458
residual of the fit... 0.07013935122263955
starting bubble....... 919
time for bubble... 29.496582984924316
effective speed of sound down renormalization...$-\Delta c$ 3987.346283603101
residual of the fit... 0.03571273879879629
starting bubble....... 919
time for bubble... 29.5150465965271
effective speed of sound down renormalization...$-\Delta c$ 4186.635260380974
residual of the fit... 0.017925118006910587
starting bubble....... 919
time for bubble... 29.717869520187378
effective speed of sound down renormalization...$-\Delta c$ 4404.997784579702
residual of the fit... 0.03150078199856682
starting bubble....... 919
time for bubble... 29.838257551193237
effective speed of sound down renormalization...$-\Delta c$ 4923.522213209701
residual of the fit... 0.017045872523639094
starting bubble....... 919
time for bubble... 30.00496482849121
effective speed of sound down renormalization...$-\Delta c$ 5380.861526985999
residual of the fit... 0.020591526594033578
starting bubble....... 919
time for bubble... 30.066998958587646
effective speed of sound down renormalization...$-\Delta c$ 5547.254712821051
residual of the fit... 0.05064909569202307
starting bubble....... 919
time for bubble... 29.63784170150757
effective speed of sound down renormalization...$-\Delta c$ 4904.680767267341
residual of the fit... 0.06295454885432902
starting bubble....... 919
time for bubble... 29.78173542022705
effective speed of sound down renormalization...$-\Delta c$ 4454.2636492822385
residual of the fit... 0.02452643080561647
starting bubble....... 919
time for bubble... 29.695280075073242
effective speed of sound down renormalization...$-\Delta c$ 3915.2324215133644
residual of the fit... 0.02676294863025426
starting bubble....... 919
time for bubble... 29.92528009414673
effective speed of sound down renormalization...$-\Delta c$ 3700.1711162814563
residual of the fit... 0.012187539716901459
starting bubble....... 919
time for bubble... 29.896650314331055
effective speed of sound down renormalization...$-\Delta c$ 3320.746812602463
residual of the fit... 0.011786685843100542
starting bubble....... 919
time for bubble... 29.92587637901306
effective speed of sound down renormalization...$-\Delta c$ 3102.543078121079
residual of the fit... 0.023198024954982455
starting bubble....... 919
time for bubble... 29.79355001449585
effective speed of sound down renormalization...$-\Delta c$ 2882.1194053201352
residual of the fit... 0.007938431136778999
starting bubble....... 919
time for bubble... 30.18717885017395
effective speed of sound down renormalization...$-\Delta c$ 2429.0526684429656
residual of the fit... 0.026700295806209886
starting bubble....... 919
time for bubble... 29.867212295532227
effective speed of sound down renormalization...$-\Delta c$ 2112.311132628025
residual of the fit... 0.0444894574158143
starting bubble....... 919
time for bubble... 29.85252618789673
effective speed of sound down renormalization...$-\Delta c$ 1738.1576789924231
residual of the fit... 0.04618423791540149
starting bubble....... 919
time for bubble... 29.764623403549194
effective speed of sound down renormalization...$-\Delta c$ 1433.9420337939973
residual of the fit... 0.0059772018345004155
starting bubble....... 919
time for bubble... 29.70114541053772
effective speed of sound down renormalization...$-\Delta c$ 915.8151401094142
residual of the fit... 0.020442762255171013
starting bubble....... 919
time for bubble... 29.95331335067749
effective speed of sound down renormalization...$-\Delta c$ 479.0008446447301
residual of the fit... 0.014821184276491161
time for sweep delta 596.01815366745
