starting sampling in reciprocal space....
finished sampling in reciprocal space....t= 0.0087738037109375  s
91 numer of sampling lattice points
taking 0 umklapps
hbvf is .. 2.3382685902179845
q is... 0.07018303255952259
hvkd is... 0.16410678060017778
kappa is.. 0.3
alpha is.. 0.6398273100964498
the twist angle is .. 0.016755160819145562
starting sampling in reciprocal space....
finished sampling in reciprocal space....t= 0.004209995269775391  s
starting sampling in reciprocal space....
finished sampling in reciprocal space....t= 0.004049777984619141  s
starting dispersion ..........
time to diag over MBZ 8.69620966911316
number of bands in density of states calculation, 2
sum of the hist, normed? 7.999999999999994
CHEMICAL POTENTIAL AND FILLING 0.0 0.0
starting sampling in reciprocal space....
finished sampling in reciprocal space....t= 0.00400543212890625  s
(4200,)
the bandwidth is ... 0.02237415064418439
274.66user 6.76system 0:36.25elapsed 776%CPU (0avgtext+0avgdata 3162664maxresident)k
0inputs+168outputs (0major+4597428minor)pagefaults 0swaps
