starting sampling in reciprocal space....
finished sampling in reciprocal space....t= 0.008091211318969727  s
91 numer of sampling lattice points
taking 0 umklapps
hbvf is .. 2.3382685902179845
q is... 0.07822461666706933
hvkd is... 0.18291016413445044
kappa is.. 0.75
alpha is.. 0.5740522977324454
the twist angle is .. 0.018675022996339326
starting sampling in reciprocal space....
finished sampling in reciprocal space....t= 0.00416111946105957  s
starting sampling in reciprocal space....
finished sampling in reciprocal space....t= 0.0042459964752197266  s
starting dispersion ..........
time to diag over MBZ 8.990906238555908
number of bands in density of states calculation, 2
sum of the hist, normed? 8.000000000000009
CHEMICAL POTENTIAL AND FILLING 0.0 0.0
starting sampling in reciprocal space....
finished sampling in reciprocal space....t= 0.003937959671020508  s
(4200,)
the bandwidth is ... 0.0013961791294456523
276.67user 7.12system 0:36.59elapsed 775%CPU (0avgtext+0avgdata 3162440maxresident)k
0inputs+168outputs (0major+4598440minor)pagefaults 0swaps
