starting sampling in reciprocal space....
finished sampling in reciprocal space....t= 0.05083942413330078  s
919 numer of sampling lattice points
taking 0 umklapps
hbvf is .. 2.7
q is... 0.0721568822050364
hvkd is... 0.19482358195359828
kappa is.. 0.85
alpha is.. 0.5389491300134712
the twist angle is .. 0.01722639971718403
phonon params 409157056634924.7 95.97082081461686 11996.352601827108
starting sampling in reciprocal space....
finished sampling in reciprocal space....t= 0.36035752296447754  s
starting sampling in reciprocal space....
finished sampling in reciprocal space....t= 0.36338090896606445  s
starting dispersion ..........
time to diag over MBZ 1962.1885497570038
saving  ..........
number of bands in density of states calculation, 2
sum of the hist, normed? 8.000000000000101
CHEMICAL POTENTIAL AND FILLING 0.0 0.0
starting sampling in reciprocal space....
finished sampling in reciprocal space....t= 0.05193185806274414  s
starting sampling in reciprocal space....
finished sampling in reciprocal space....t= 0.05220317840576172  s
starting dispersion ..........
time to diag over MBZ 251.81646966934204
starting sampling in reciprocal space....
finished sampling in reciprocal space....t= 0.05257272720336914  s
(6433, 564, 2) (919, 564, 2) (6433,)
starting sampling in reciprocal space....
finished sampling in reciprocal space....t= 0.052165985107421875  s
(6433, 564, 2) (919, 564, 2) (6433,)
calculating tensor that stores the overlaps........
finsihed the overlaps.......... 14.920237064361572
calculating tensor that stores the overlaps........
finsihed the overlaps.......... 15.111677169799805
calculating tensor that stores the overlaps........
finsihed the overlaps.......... 15.307329177856445
calculating tensor that stores the overlaps........
finsihed the overlaps.......... 3.064650535583496
calculating tensor that stores the overlaps........
finsihed the overlaps.......... 15.31918215751648
calculating tensor that stores the overlaps........
finsihed the overlaps.......... 2.9461874961853027
testing symmetry of the form factors...
plus valley form factor passed the C3 symmetry test with average difference...  2.3275161836731434e-15
minus valley form factor passed the C3 symmetry test with average difference...  2.084575048150292e-15
finished testing symmetry of the form factors...
starting bubble....... 919
time for bubble... 29.370340585708618
effective speed of sound down renormalization...$-\Delta c$ 3377.7723310412016
residual of the fit... 0.06733817941852452
starting bubble....... 919
time for bubble... 29.491087913513184
effective speed of sound down renormalization...$-\Delta c$ 4159.579390912246
residual of the fit... 0.07062967742436974
starting bubble....... 919
time for bubble... 29.59243392944336
effective speed of sound down renormalization...$-\Delta c$ 4279.340657513693
residual of the fit... 0.06867489953692782
starting bubble....... 919
time for bubble... 29.534385204315186
effective speed of sound down renormalization...$-\Delta c$ 3145.8027263455565
residual of the fit... 0.004781425494537514
starting bubble....... 919
time for bubble... 29.505439043045044
effective speed of sound down renormalization...$-\Delta c$ 2314.063491257163
residual of the fit... 0.006911935513094682
starting bubble....... 919
time for bubble... 29.480494022369385
effective speed of sound down renormalization...$-\Delta c$ 1580.2890843825292
residual of the fit... 0.04804394508373588
starting bubble....... 919
time for bubble... 29.4627423286438
effective speed of sound down renormalization...$-\Delta c$ 418.2355379105867
residual of the fit... 0.03145648240900619
time for sweep delta 206.45704555511475
