starting sampling in reciprocal space....
finished sampling in reciprocal space....t= 0.05113053321838379  s
919 numer of sampling lattice points
taking 0 umklapps
hbvf is .. 2.7
q is... 0.07983292507592547
hvkd is... 0.2155488977049988
kappa is.. 0.5
alpha is.. 0.48712844796684357
the twist angle is .. 0.01905899543177808
phonon params 613065921046756.4 78.40263238071779 9800.329047589723
starting sampling in reciprocal space....
finished sampling in reciprocal space....t= 0.3639061450958252  s
starting sampling in reciprocal space....
finished sampling in reciprocal space....t= 0.3622596263885498  s
starting dispersion ..........
time to diag over MBZ 5808.205371618271
saving  ..........
number of bands in density of states calculation, 2
sum of the hist, normed? 8.000000000000066
CHEMICAL POTENTIAL AND FILLING 0.0 0.0
starting sampling in reciprocal space....
finished sampling in reciprocal space....t= 0.051766157150268555  s
starting sampling in reciprocal space....
finished sampling in reciprocal space....t= 0.051605939865112305  s
starting dispersion ..........
time to diag over MBZ 356.2674162387848
starting sampling in reciprocal space....
finished sampling in reciprocal space....t= 0.051773786544799805  s
(6433, 564, 2) (919, 564, 2) (6433,)
starting sampling in reciprocal space....
finished sampling in reciprocal space....t= 0.05177927017211914  s
(6433, 564, 2) (919, 564, 2) (6433,)
calculating tensor that stores the overlaps........
finsihed the overlaps.......... 18.38561463356018
calculating tensor that stores the overlaps........
finsihed the overlaps.......... 17.74557614326477
calculating tensor that stores the overlaps........
finsihed the overlaps.......... 18.556944847106934
calculating tensor that stores the overlaps........
finsihed the overlaps.......... 3.2167911529541016
calculating tensor that stores the overlaps........
finsihed the overlaps.......... 17.70629048347473
calculating tensor that stores the overlaps........
finsihed the overlaps.......... 3.591535806655884
testing symmetry of the form factors...
plus valley form factor passed the C3 symmetry test with average difference...  1.4108137276241583e-15
minus valley form factor passed the C3 symmetry test with average difference...  1.0229649300070761e-15
finished testing symmetry of the form factors...
starting bubble....... 919
time for bubble... 29.391085863113403
effective speed of sound down renormalization...$-\Delta c$ 1811.3716010692576
residual of the fit... 0.08526815631193163
starting bubble....... 919
time for bubble... 29.450685024261475
effective speed of sound down renormalization...$-\Delta c$ 1874.843295299417
residual of the fit... 0.007460903505663662
starting bubble....... 919
time for bubble... 29.422494173049927
effective speed of sound down renormalization...$-\Delta c$ 2230.867652362555
residual of the fit... 0.04791470440128029
starting bubble....... 919
time for bubble... 29.579533100128174
effective speed of sound down renormalization...$-\Delta c$ 1973.9531046579664
residual of the fit... 0.013470535056080623
starting bubble....... 919
time for bubble... 29.55463695526123
effective speed of sound down renormalization...$-\Delta c$ 1188.2510031023637
residual of the fit... 0.006732138288527214
starting bubble....... 919
time for bubble... 29.49234414100647
effective speed of sound down renormalization...$-\Delta c$ 701.1504523241623
residual of the fit... 0.0034790751367786243
starting bubble....... 919
time for bubble... 29.63143014907837
effective speed of sound down renormalization...$-\Delta c$ 179.06677297307493
residual of the fit... 0.011286115744504542
time for sweep delta 206.54552268981934
