starting sampling in reciprocal space....
finished sampling in reciprocal space....t= 0.007918596267700195  s
91 numer of sampling lattice points
taking 0 umklapps
hbvf is .. 2.3382685902179845
q is... 0.06798986172173412
hvkd is... 0.15897855811719494
kappa is.. 0.75
alpha is.. 0.6604664254320175
the twist angle is .. 0.016231562043547268
starting sampling in reciprocal space....
finished sampling in reciprocal space....t= 0.004220247268676758  s
starting sampling in reciprocal space....
finished sampling in reciprocal space....t= 0.004254579544067383  s
starting dispersion ..........
time to diag over MBZ 8.51516056060791
number of bands in density of states calculation, 2
sum of the hist, normed? 7.999999999999983
CHEMICAL POTENTIAL AND FILLING 0.0 0.0
starting sampling in reciprocal space....
finished sampling in reciprocal space....t= 0.004035234451293945  s
(1680,)
the bandwidth is ... 0.028589100562741047
152.62user 3.75system 0:20.58elapsed 759%CPU (0avgtext+0avgdata 1372564maxresident)k
0inputs+200outputs (0major+2446229minor)pagefaults 0swaps
