starting sampling in reciprocal space....
finished sampling in reciprocal space....t= 0.008223295211791992  s
91 numer of sampling lattice points
taking 0 umklapps
hbvf is .. 2.3382685902179845
q is... 0.07164514378828872
hvkd is... 0.16752558936180664
kappa is.. 0.3
alpha is.. 0.6267699185539379
the twist angle is .. 0.017104226669544427
starting sampling in reciprocal space....
finished sampling in reciprocal space....t= 0.004168510437011719  s
starting sampling in reciprocal space....
finished sampling in reciprocal space....t= 0.004134416580200195  s
starting dispersion ..........
time to diag over MBZ 8.35747241973877
number of bands in density of states calculation, 2
sum of the hist, normed? 7.999999999999995
CHEMICAL POTENTIAL AND FILLING 0.0 0.0
starting sampling in reciprocal space....
finished sampling in reciprocal space....t= 0.004029035568237305  s
(1680,)
the bandwidth is ... 0.017646393643587048
151.80user 3.73system 0:20.51elapsed 758%CPU (0avgtext+0avgdata 1373232maxresident)k
0inputs+176outputs (0major+2446686minor)pagefaults 0swaps
