starting sampling in reciprocal space....
finished sampling in reciprocal space....t= 0.007960319519042969  s
91 numer of sampling lattice points
taking 0 umklapps
hbvf is .. 2.3382685902179845
q is... 0.06945197614064469
hvkd is... 0.16239737433823836
kappa is.. 0.75
alpha is.. 0.6465621776698671
the twist angle is .. 0.01658062789394613
starting sampling in reciprocal space....
finished sampling in reciprocal space....t= 0.004179954528808594  s
starting sampling in reciprocal space....
finished sampling in reciprocal space....t= 0.004148244857788086  s
starting dispersion ..........
time to diag over MBZ 8.394766330718994
number of bands in density of states calculation, 2
sum of the hist, normed? 8.00000000000001
CHEMICAL POTENTIAL AND FILLING 0.0 0.0
starting sampling in reciprocal space....
finished sampling in reciprocal space....t= 0.0040853023529052734  s
(1680,)
the bandwidth is ... 0.024825809831399082
152.05user 3.49system 0:20.51elapsed 758%CPU (0avgtext+0avgdata 1372752maxresident)k
0inputs+192outputs (0major+2446156minor)pagefaults 0swaps
