starting sampling in reciprocal space....
starting sampling in reciprocal space....
finished sampling in reciprocal space....t= 0.03601431846618652  s
919 numer of sampling lattice points
taking 0 umklapps
hbvf is .. 2.1354
q is... 0.07369209583209221
hvkd is... 0.15736210143984972
kappa is.. 0.8174358974358973
alpha is.. 0.6195900989366777
the twist angle is .. 0.017592918860102842
phonon params 445105171047426.8 92.01378847279634 11501.723559099542
finished sampling in reciprocal space....t= 0.038521528244018555  s
919 numer of sampling lattice points
taking 0 umklapps
hbvf is .. 2.1354
q is... 0.07369209583209221
hvkd is... 0.15736210143984972
kappa is.. 0.8174358974358973
alpha is.. 0.6195900989366777
the twist angle is .. 0.017592918860102842
phonon params 445105171047426.8 92.01378847279634 11501.723559099542
starting sampling in reciprocal space....
starting sampling in reciprocal space....
finished sampling in reciprocal space....t= 0.4257025718688965  s
starting sampling in reciprocal space....
finished sampling in reciprocal space....t= 0.430330753326416  s
starting sampling in reciprocal space....
finished sampling in reciprocal space....t= 0.3573734760284424  s
starting dispersion ..........
finished sampling in reciprocal space....t= 0.3032071590423584  s
starting dispersion ..........
time to diag over MBZ 782.9886803627014
saving  ..........
number of bands in density of states calculation, 2
sum of the hist, normed? 7.999999999999964
CHEMICAL POTENTIAL AND FILLING 0.0 0.0
starting sampling in reciprocal space....
finished sampling in reciprocal space....t= 0.0277407169342041  s
starting sampling in reciprocal space....
finished sampling in reciprocal space....t= 0.027819395065307617  s
starting dispersion ..........
time to diag over MBZ 800.433030128479
saving  ..........
number of bands in density of states calculation, 2
sum of the hist, normed? 7.999999999999964
CHEMICAL POTENTIAL AND FILLING 0.0 0.0
starting sampling in reciprocal space....
finished sampling in reciprocal space....t= 0.028200149536132812  s
starting sampling in reciprocal space....
finished sampling in reciprocal space....t= 0.02811598777770996  s
starting dispersion ..........
time to diag over MBZ 59.87655234336853
starting sampling in reciprocal space....
finished sampling in reciprocal space....t= 0.02778339385986328  s
(6433, 564, 2) (919, 564, 2) (6433,)
starting sampling in reciprocal space....
finished sampling in reciprocal space....t= 0.04662489891052246  s
(6433, 564, 2) (919, 564, 2) (6433,)
calculating tensor that stores the overlaps........
finsihed the overlaps.......... 4.647974729537964
calculating tensor that stores the overlaps........
finsihed the overlaps.......... 2.0434529781341553
calculating tensor that stores the overlaps........
time to diag over MBZ 61.587143421173096
starting sampling in reciprocal space....
finished sampling in reciprocal space....t= 0.02741074562072754  s
finsihed the overlaps.......... 3.97520112991333
calculating tensor that stores the overlaps........
(6433, 564, 2) (919, 564, 2) (6433,)
starting sampling in reciprocal space....
finished sampling in reciprocal space....t= 0.04704570770263672  s
finsihed the overlaps.......... 1.5065863132476807
(6433, 564, 2) (919, 564, 2) (6433,)
calculating tensor that stores the overlaps........
testing symmetry of the form factors...
plus valley form factor passed the C3 symmetry test with average difference...  1.1295127879963985e-14
minus valley form factor passed the C3 symmetry test with average difference...  1.3325668797991231e-14
finished testing symmetry of the form factors...
starting bubble....... 919
finsihed the overlaps.......... 5.602447509765625
calculating tensor that stores the overlaps........
finsihed the overlaps.......... 5.452248811721802
calculating tensor that stores the overlaps........
finsihed the overlaps.......... 5.182156562805176
calculating tensor that stores the overlaps........
finsihed the overlaps.......... 2.5973997116088867
time for bubble... 23.436640977859497
effective speed of sound down renormalization...$-\Delta c$ 5442.054519969101
residual of the fit... 0.05667440119135903
starting bubble....... 919
calculating tensor that stores the overlaps........
finsihed the overlaps.......... 5.107185363769531
calculating tensor that stores the overlaps........
finsihed the overlaps.......... 1.3587570190429688
testing symmetry of the form factors...
plus valley form factor passed the C3 symmetry test with average difference...  1.6300364256818282e-14
minus valley form factor passed the C3 symmetry test with average difference...  1.928479129811186e-14
finished testing symmetry of the form factors...
starting bubble....... 919
time for bubble... 23.381340503692627
effective speed of sound down renormalization...$-\Delta c$ 6354.365552927726
residual of the fit... 0.011393419964769056
starting bubble....... 919
time for bubble... 23.499091863632202
effective speed of sound down renormalization...$-\Delta c$ 5309.823167446718
residual of the fit... 0.07003891657347942
starting bubble....... 919
time for bubble... 23.154569149017334
effective speed of sound down renormalization...$-\Delta c$ 5641.215565172385
residual of the fit... 0.03044937361863484
starting bubble....... 919
time for bubble... 23.382004737854004
effective speed of sound down renormalization...$-\Delta c$ 6382.301346540008
residual of the fit... 0.021765067230855514
starting bubble....... 919
time for bubble... 23.173529386520386
effective speed of sound down renormalization...$-\Delta c$ 4317.214963848775
residual of the fit... 0.024210976777753884
starting bubble....... 919
time for bubble... 23.5737464427948
effective speed of sound down renormalization...$-\Delta c$ 5748.338901945296
residual of the fit... 0.05167964392781463
starting bubble....... 919
time for bubble... 23.265655755996704
effective speed of sound down renormalization...$-\Delta c$ 3220.319168433476
residual of the fit... 0.013859803109118185
starting bubble....... 919
time for bubble... 23.257753372192383
effective speed of sound down renormalization...$-\Delta c$ 2007.3406990550013
residual of the fit... 0.025650579813457454
starting bubble....... 919
time for bubble... 23.65467405319214
effective speed of sound down renormalization...$-\Delta c$ 4353.553404623997
residual of the fit... 0.013544694813301145
starting bubble....... 919
time for bubble... 23.30477261543274
effective speed of sound down renormalization...$-\Delta c$ 562.080564447384
residual of the fit... 0.345916458727146
time for sweep delta 162.98595809936523
time for bubble... 23.560714721679688
effective speed of sound down renormalization...$-\Delta c$ 3230.5356185558066
residual of the fit... 0.01553999632408691
starting bubble....... 919
26948.27user 749.69system 17:29.56elapsed 2638%CPU (0avgtext+0avgdata 99131984maxresident)k
0inputs+1752outputs (128major+139516557minor)pagefaults 0swaps
time for bubble... 23.555533409118652
effective speed of sound down renormalization...$-\Delta c$ 2047.2990402072949
residual of the fit... 0.015721844821133125
starting bubble....... 919
time for bubble... 23.54191827774048
effective speed of sound down renormalization...$-\Delta c$ 405.67677936615183
residual of the fit... 0.00886091157587237
time for sweep delta 164.7812557220459
27912.84user 799.18system 18:16.59elapsed 2618%CPU (0avgtext+0avgdata 99132932maxresident)k
0inputs+1760outputs (164major+141929188minor)pagefaults 0swaps
