starting sampling in reciprocal space....
finished sampling in reciprocal space....t= 0.009315967559814453  s
91 numer of sampling lattice points
taking 0 umklapps
hbvf is .. 2.3382685902179845
q is... 0.07310725283461868
hvkd is... 0.17094439302031356
kappa is.. 0.3
alpha is.. 0.6142348289102568
the twist angle is .. 0.017453292519943295
starting sampling in reciprocal space....
finished sampling in reciprocal space....t= 0.004137754440307617  s
starting sampling in reciprocal space....
finished sampling in reciprocal space....t= 0.004103183746337891  s
starting dispersion ..........
time to diag over MBZ 8.585444211959839
number of bands in density of states calculation, 2
sum of the hist, normed? 8.000000000000002
CHEMICAL POTENTIAL AND FILLING 0.0 0.0
starting sampling in reciprocal space....
finished sampling in reciprocal space....t= 0.0040438175201416016  s
(1680,)
the bandwidth is ... 0.01280627399355594
154.87user 4.00system 0:20.97elapsed 757%CPU (0avgtext+0avgdata 1372100maxresident)k
0inputs+216outputs (0major+2447123minor)pagefaults 0swaps
