starting sampling in reciprocal space....
finished sampling in reciprocal space....t= 0.005428791046142578  s
91 numer of sampling lattice points
taking 0 umklapps
hbvf is .. 2.7
q is... 0.07983292507592547
hvkd is... 0.2155488977049988
kappa is.. 0.75
alpha is.. 0.48712844796684357
the twist angle is .. 0.01905899543177808
starting sampling in reciprocal space....
finished sampling in reciprocal space....t= 0.00499415397644043  s
starting sampling in reciprocal space....
finished sampling in reciprocal space....t= 0.022564411163330078  s
starting dispersion ..........
time to diag over MBZ 74.79206085205078
number of bands in density of states calculation, 2
sum of the hist, normed? 7.999999999999988
CHEMICAL POTENTIAL AND FILLING 0.0 0.0
starting sampling in reciprocal space....
finished sampling in reciprocal space....t= 0.0188596248626709  s
(1680,)
the bandwidth is ... 0.05164431866554578
385.95user 24.24system 2:54.38elapsed 235%CPU (0avgtext+0avgdata 1373640maxresident)k
0inputs+184outputs (0major+2446418minor)pagefaults 0swaps
