starting sampling in reciprocal space....
finished sampling in reciprocal space....t= 0.051610708236694336  s
919 numer of sampling lattice points
taking 0 umklapps
hbvf is .. 2.7
q is... 0.08597371142192678
hvkd is... 0.2321290208392023
kappa is.. 0.75
alpha is.. 0.45233465260138395
the twist angle is .. 0.02052507200345332
phonon params 412298459911156.06
phonon params upsilon 5.1537307488894504e+16
area ratio 0.0004212637913177426 0.0004212637913177439
correct factor by which the interaction is reduced 68.90296835590199
c tilde 1840.4206033837784
starting sampling in reciprocal space....
finished sampling in reciprocal space....t= 0.5661313533782959  s
starting sampling in reciprocal space....
finished sampling in reciprocal space....t= 0.5705623626708984  s
starting dispersion ..........
time to diag over MBZ 2807.8403539657593
saving  ..........
number of bands in density of states calculation, 2
sum of the hist, normed? 8.000000000000025
CHEMICAL POTENTIAL AND FILLING 0.0 0.0
starting sampling in reciprocal space....
finished sampling in reciprocal space....t= 0.0519564151763916  s
starting sampling in reciprocal space....
finished sampling in reciprocal space....t= 0.0522310733795166  s
starting dispersion ..........
time to diag over MBZ 247.91624450683594
starting sampling in reciprocal space....
finished sampling in reciprocal space....t= 0.0512082576751709  s
(6433, 564, 2) (919, 564, 2) (6433,)
starting sampling in reciprocal space....
finished sampling in reciprocal space....t= 0.0521547794342041  s
(6433, 564, 2) (919, 564, 2) (6433,)
calculating tensor that stores the overlaps........
finsihed the overlaps.......... 14.888468742370605
calculating tensor that stores the overlaps........
finsihed the overlaps.......... 14.812471866607666
calculating tensor that stores the overlaps........
finsihed the overlaps.......... 14.843422651290894
calculating tensor that stores the overlaps........
finsihed the overlaps.......... 2.6390318870544434
calculating tensor that stores the overlaps........
finsihed the overlaps.......... 14.838638067245483
calculating tensor that stores the overlaps........
finsihed the overlaps.......... 2.435342311859131
testing symmetry of the form factors...
plus valley form factor passed the C3 symmetry test with average difference...  3.781008095983837e-15
minus valley form factor passed the C3 symmetry test with average difference...  3.4323637794743943e-15
finished testing symmetry of the form factors...
starting bubble....... 919
time for bubble... 29.644861459732056
effective speed of sound down renormalization...$-\Delta c$ 1189.622347441216
residual of the fit... 0.07691204422237398
starting bubble....... 919
time for bubble... 29.996788263320923
effective speed of sound down renormalization...$-\Delta c$ 1203.079938702937
residual of the fit... 0.02500832975034182
starting bubble....... 919
time for bubble... 29.99915623664856
effective speed of sound down renormalization...$-\Delta c$ 1232.9557414109006
residual of the fit... 0.0029311965017408876
starting bubble....... 919
time for bubble... 29.899301767349243
effective speed of sound down renormalization...$-\Delta c$ 1265.3855560248649
residual of the fit... 0.006577095579408831
starting bubble....... 919
time for bubble... 30.12335205078125
effective speed of sound down renormalization...$-\Delta c$ 1313.5552817762596
residual of the fit... 0.016954655544232287
starting bubble....... 919
time for bubble... 30.387258768081665
effective speed of sound down renormalization...$-\Delta c$ 1343.6910006654043
residual of the fit... 0.03199109793037676
starting bubble....... 919
time for bubble... 30.39098286628723
effective speed of sound down renormalization...$-\Delta c$ 1448.1458493017342
residual of the fit... 0.03464061218034977
starting bubble....... 919
time for bubble... 30.46848726272583
effective speed of sound down renormalization...$-\Delta c$ 1551.2207249073329
residual of the fit... 0.00432328785026064
starting bubble....... 919
time for bubble... 30.59489369392395
effective speed of sound down renormalization...$-\Delta c$ 1457.3230804734856
residual of the fit... 0.026947955143706775
starting bubble....... 919
time for bubble... 30.479599714279175
effective speed of sound down renormalization...$-\Delta c$ 1286.191271372161
residual of the fit... 0.04191543613121806
starting bubble....... 919
time for bubble... 30.595351934432983
effective speed of sound down renormalization...$-\Delta c$ 1163.210322281158
residual of the fit... 0.01692725628602325
starting bubble....... 919
time for bubble... 30.56498908996582
effective speed of sound down renormalization...$-\Delta c$ 1049.7738860910292
residual of the fit... 0.03484776819900473
starting bubble....... 919
time for bubble... 30.51672053337097
effective speed of sound down renormalization...$-\Delta c$ 930.3848438332778
residual of the fit... 0.016759709857557443
starting bubble....... 919
time for bubble... 30.828314781188965
effective speed of sound down renormalization...$-\Delta c$ 768.2028224378122
residual of the fit... 0.014074904920987298
starting bubble....... 919
time for bubble... 30.6010684967041
effective speed of sound down renormalization...$-\Delta c$ 705.4058280819029
residual of the fit... 0.05747444768292906
starting bubble....... 919
time for bubble... 30.524537086486816
effective speed of sound down renormalization...$-\Delta c$ 611.1365469028495
residual of the fit... 0.049083970212247245
starting bubble....... 919
time for bubble... 30.9794180393219
effective speed of sound down renormalization...$-\Delta c$ 493.6079208918899
residual of the fit... 0.043979494848185106
starting bubble....... 919
time for bubble... 30.52201557159424
effective speed of sound down renormalization...$-\Delta c$ 400.3904427766634
residual of the fit... 0.012874911777775616
starting bubble....... 919
time for bubble... 30.69785237312317
effective speed of sound down renormalization...$-\Delta c$ 295.1245498198154
residual of the fit... 0.0026661667117295735
starting bubble....... 919
time for bubble... 30.551124095916748
effective speed of sound down renormalization...$-\Delta c$ 155.0631316019404
residual of the fit... 0.027450934012904583
time for sweep delta 608.4069337844849
