starting sampling in reciprocal space....
finished sampling in reciprocal space....t= 0.004893779754638672  s
91 numer of sampling lattice points
taking 0 umklapps
hbvf is .. 2.7
q is... 0.07522730698426787
hvkd is... 0.20311372885752327
kappa is.. 1
alpha is.. 0.5169517619050438
the twist angle is .. 0.01795943800302165
starting sampling in reciprocal space....
finished sampling in reciprocal space....t= 0.02567744255065918  s
starting sampling in reciprocal space....
finished sampling in reciprocal space....t= 0.05510282516479492  s
starting dispersion ..........
time to diag over MBZ 252.21253085136414
number of bands in density of states calculation, 2
sum of the hist, normed? 8.000000000000002
CHEMICAL POTENTIAL AND FILLING 0.0 0.0
starting sampling in reciprocal space....
finished sampling in reciprocal space....t= 0.024068832397460938  s
(1680,)
the bandwidth is ... 0.02624542733852818
428.40user 28.77system 9:21.13elapsed 81%CPU (0avgtext+0avgdata 1373644maxresident)k
0inputs+184outputs (0major+2447300minor)pagefaults 0swaps
