starting sampling in reciprocal space....
finished sampling in reciprocal space....t= 0.007943391799926758  s
91 numer of sampling lattice points
taking 0 umklapps
hbvf is .. 2.3382685902179845
q is... 0.07603146420181812
hvkd is... 0.1777819846113944
kappa is.. 0.75
alpha is.. 0.590611024112003
the twist angle is .. 0.01815142422074103
starting sampling in reciprocal space....
finished sampling in reciprocal space....t= 0.004134654998779297  s
starting sampling in reciprocal space....
finished sampling in reciprocal space....t= 0.004117250442504883  s
starting dispersion ..........
time to diag over MBZ 8.699210166931152
number of bands in density of states calculation, 2
sum of the hist, normed? 8.00000000000002
CHEMICAL POTENTIAL AND FILLING 0.0 0.0
starting sampling in reciprocal space....
finished sampling in reciprocal space....t= 0.004069805145263672  s
(4200,)
the bandwidth is ... 0.0056633365500721716
282.78user 6.86system 0:37.28elapsed 776%CPU (0avgtext+0avgdata 3162684maxresident)k
0inputs+168outputs (0major+4598570minor)pagefaults 0swaps
