starting sampling in reciprocal space....
finished sampling in reciprocal space....t= 0.05123758316040039  s
919 numer of sampling lattice points
taking 0 umklapps
hbvf is .. 2.7
q is... 0.06755122699017235
hvkd is... 0.18238831287346535
kappa is.. 0.3
alpha is.. 0.5756947818956214
the twist angle is .. 0.016126842288427607
phonon params 314276548199953.2 109.50356160897735 13687.94520112217
starting sampling in reciprocal space....
finished sampling in reciprocal space....t= 0.36347174644470215  s
starting sampling in reciprocal space....
finished sampling in reciprocal space....t= 0.3628983497619629  s
starting dispersion ..........
time to diag over MBZ 3137.0135266780853
saving  ..........
number of bands in density of states calculation, 2
sum of the hist, normed? 7.999999999999872
CHEMICAL POTENTIAL AND FILLING 0.0 0.0
starting sampling in reciprocal space....
finished sampling in reciprocal space....t= 0.05248594284057617  s
starting sampling in reciprocal space....
finished sampling in reciprocal space....t= 0.05257534980773926  s
starting dispersion ..........
time to diag over MBZ 459.39823150634766
starting sampling in reciprocal space....
finished sampling in reciprocal space....t= 0.05153679847717285  s
(6433, 564, 2) (919, 564, 2) (6433,)
starting sampling in reciprocal space....
finished sampling in reciprocal space....t= 0.05112147331237793  s
(6433, 564, 2) (919, 564, 2) (6433,)
calculating tensor that stores the overlaps........
finsihed the overlaps.......... 16.637428760528564
calculating tensor that stores the overlaps........
finsihed the overlaps.......... 17.270145654678345
calculating tensor that stores the overlaps........
finsihed the overlaps.......... 17.564220428466797
calculating tensor that stores the overlaps........
finsihed the overlaps.......... 3.5093789100646973
calculating tensor that stores the overlaps........
finsihed the overlaps.......... 16.935611724853516
calculating tensor that stores the overlaps........
finsihed the overlaps.......... 3.541825532913208
testing symmetry of the form factors...
plus valley form factor passed the C3 symmetry test with average difference...  1.567362143366999e-15
minus valley form factor passed the C3 symmetry test with average difference...  1.3552889186614346e-15
finished testing symmetry of the form factors...
starting bubble....... 919
time for bubble... 29.576325178146362
effective speed of sound down renormalization...$-\Delta c$ 5492.922039886793
residual of the fit... 0.08813141181537046
starting bubble....... 919
time for bubble... 29.540091276168823
effective speed of sound down renormalization...$-\Delta c$ 5685.447758819452
residual of the fit... 0.016912123327776366
starting bubble....... 919
time for bubble... 29.690710067749023
effective speed of sound down renormalization...$-\Delta c$ 6283.417011729176
residual of the fit... 0.04915328736482179
starting bubble....... 919
time for bubble... 29.69684076309204
effective speed of sound down renormalization...$-\Delta c$ 5699.897712126399
residual of the fit... 0.02418852130258184
starting bubble....... 919
time for bubble... 29.55876612663269
effective speed of sound down renormalization...$-\Delta c$ 3659.195133986095
residual of the fit... 0.00727563039676939
starting bubble....... 919
time for bubble... 29.632031202316284
effective speed of sound down renormalization...$-\Delta c$ 1999.187173358379
residual of the fit... 0.010246044117018882
starting bubble....... 919
time for bubble... 29.579777479171753
effective speed of sound down renormalization...$-\Delta c$ 387.1473417721817
residual of the fit... 0.1076130304450539
time for sweep delta 207.29589772224426
