starting sampling in reciprocal space....
finished sampling in reciprocal space....t= 0.0048868656158447266  s
91 numer of sampling lattice points
taking 0 umklapps
hbvf is .. 2.7
q is... 0.06755122699017235
hvkd is... 0.18238831287346535
kappa is.. 0.75
alpha is.. 0.5756947818956214
the twist angle is .. 0.016126842288427607
starting sampling in reciprocal space....
finished sampling in reciprocal space....t= 0.0048253536224365234  s
starting sampling in reciprocal space....
finished sampling in reciprocal space....t= 0.00845646858215332  s
starting dispersion ..........
time to diag over MBZ 76.65641355514526
number of bands in density of states calculation, 2
sum of the hist, normed? 7.9999999999999964
CHEMICAL POTENTIAL AND FILLING 0.0 0.0
starting sampling in reciprocal space....
finished sampling in reciprocal space....t= 0.02106022834777832  s
(1680,)
the bandwidth is ... 0.0008893511241425409
391.23user 24.12system 2:54.55elapsed 237%CPU (0avgtext+0avgdata 1373836maxresident)k
0inputs+176outputs (0major+2448081minor)pagefaults 0swaps
