starting sampling in reciprocal space....
finished sampling in reciprocal space....t= 0.008471012115478516  s
91 numer of sampling lattice points
taking 0 umklapps
hbvf is .. 2.3382685902179845
q is... 0.07676251561000431
hvkd is... 0.17949137915699082
kappa is.. 0.75
alpha is.. 0.5849863123964439
the twist angle is .. 0.01832595714594046
starting sampling in reciprocal space....
finished sampling in reciprocal space....t= 0.0047228336334228516  s
starting sampling in reciprocal space....
finished sampling in reciprocal space....t= 0.00422358512878418  s
starting dispersion ..........
time to diag over MBZ 9.07819390296936
number of bands in density of states calculation, 2
sum of the hist, normed? 8.000000000000005
CHEMICAL POTENTIAL AND FILLING 0.0 0.0
starting sampling in reciprocal space....
finished sampling in reciprocal space....t= 0.004124641418457031  s
(1680,)
the bandwidth is ... 0.0033426769845892714
166.20user 4.40system 0:22.60elapsed 754%CPU (0avgtext+0avgdata 1374428maxresident)k
0inputs+200outputs (0major+2447450minor)pagefaults 0swaps
