starting sampling in reciprocal space....
finished sampling in reciprocal space....t= 0.008911609649658203  s
91 numer of sampling lattice points
taking 0 umklapps
hbvf is .. 2.3382685902179845
q is... 0.08114881158808747
hvkd is... 0.18974771726994213
kappa is.. 0.3
alpha is.. 0.5533663409010771
the twist angle is .. 0.01937315469713706
starting sampling in reciprocal space....
finished sampling in reciprocal space....t= 0.004240512847900391  s
starting sampling in reciprocal space....
finished sampling in reciprocal space....t= 0.0040967464447021484  s
starting dispersion ..........
time to diag over MBZ 8.384966373443604
number of bands in density of states calculation, 2
sum of the hist, normed? 8.0
CHEMICAL POTENTIAL AND FILLING 0.0 0.0
starting sampling in reciprocal space....
finished sampling in reciprocal space....t= 0.004148721694946289  s
(1680,)
the bandwidth is ... 0.015500518712672166
151.98user 3.68system 0:20.53elapsed 757%CPU (0avgtext+0avgdata 1371920maxresident)k
0inputs+176outputs (0major+2446946minor)pagefaults 0swaps
