starting sampling in reciprocal space....
finished sampling in reciprocal space....t= 0.0520634651184082  s
919 numer of sampling lattice points
taking 0 umklapps
hbvf is .. 2.3382685902179845
q is... 0.08334195130950957
hvkd is... 0.19487586699450285
kappa is.. 0.75
alpha is.. 0.5388045303883723
the twist angle is .. 0.019896753472735354
phonon params 364085739893901.7
phonon params upsilon 4.551071748673771e+16
area ratio 0.0003958677387932462 0.0003958677387932451
correct factor by which the interaction is reduced 71.07877634811959
c tilde 1784.0830851593255
starting sampling in reciprocal space....
finished sampling in reciprocal space....t= 0.5641624927520752  s
starting sampling in reciprocal space....
finished sampling in reciprocal space....t= 0.5618069171905518  s
starting dispersion ..........
time to diag over MBZ 2884.94203042984
saving  ..........
number of bands in density of states calculation, 2
sum of the hist, normed? 7.99999999999991
CHEMICAL POTENTIAL AND FILLING 0.0 0.0
starting sampling in reciprocal space....
finished sampling in reciprocal space....t= 0.05250096321105957  s
starting sampling in reciprocal space....
finished sampling in reciprocal space....t= 0.05290412902832031  s
starting dispersion ..........
time to diag over MBZ 282.17452001571655
starting sampling in reciprocal space....
finished sampling in reciprocal space....t= 0.05251502990722656  s
(6433, 564, 2) (919, 564, 2) (6433,)
starting sampling in reciprocal space....
finished sampling in reciprocal space....t= 0.05199623107910156  s
(6433, 564, 2) (919, 564, 2) (6433,)
calculating tensor that stores the overlaps........
finsihed the overlaps.......... 14.823055982589722
calculating tensor that stores the overlaps........
finsihed the overlaps.......... 14.795558452606201
calculating tensor that stores the overlaps........
finsihed the overlaps.......... 14.869238376617432
calculating tensor that stores the overlaps........
finsihed the overlaps.......... 2.6973190307617188
calculating tensor that stores the overlaps........
finsihed the overlaps.......... 15.010387897491455
calculating tensor that stores the overlaps........
finsihed the overlaps.......... 2.966273069381714
testing symmetry of the form factors...
plus valley form factor passed the C3 symmetry test with average difference...  3.458150965863502e-15
minus valley form factor passed the C3 symmetry test with average difference...  3.1619474748207583e-15
finished testing symmetry of the form factors...
starting bubble....... 919
time for bubble... 29.3011314868927
effective speed of sound down renormalization...$-\Delta c$ 2507.9081031015116
residual of the fit... 0.07041310781739432
starting bubble....... 919
time for bubble... 29.393516302108765
effective speed of sound down renormalization...$-\Delta c$ 2593.5690743539544
residual of the fit... 0.010257072512802874
starting bubble....... 919
time for bubble... 29.348689556121826
effective speed of sound down renormalization...$-\Delta c$ 2643.921009797208
residual of the fit... 0.009351490341821398
starting bubble....... 919
time for bubble... 29.287625789642334
effective speed of sound down renormalization...$-\Delta c$ 2750.787968217752
residual of the fit... 0.040698665861148876
starting bubble....... 919
time for bubble... 29.32080340385437
effective speed of sound down renormalization...$-\Delta c$ 2915.0294489254875
residual of the fit... 0.022234043077333357
starting bubble....... 919
time for bubble... 29.275378942489624
effective speed of sound down renormalization...$-\Delta c$ 3125.1206116326057
residual of the fit... 0.012981115974884699
starting bubble....... 919
time for bubble... 29.302505016326904
effective speed of sound down renormalization...$-\Delta c$ 3434.032802746334
residual of the fit... 0.001976890533904582
starting bubble....... 919
time for bubble... 29.3164119720459
effective speed of sound down renormalization...$-\Delta c$ 3183.515261298854
residual of the fit... 0.052032677525886716
starting bubble....... 919
time for bubble... 29.36969804763794
effective speed of sound down renormalization...$-\Delta c$ 2876.9564219976805
residual of the fit... 0.026975482815811413
starting bubble....... 919
time for bubble... 29.321510553359985
effective speed of sound down renormalization...$-\Delta c$ 2585.542742366182
residual of the fit... 0.05448222041923268
starting bubble....... 919
time for bubble... 29.390612840652466
effective speed of sound down renormalization...$-\Delta c$ 2309.787483909835
residual of the fit... 0.024463121043460653
starting bubble....... 919
time for bubble... 29.300952911376953
effective speed of sound down renormalization...$-\Delta c$ 2087.585831011145
residual of the fit... 0.013357672102733314
starting bubble....... 919
time for bubble... 29.375380754470825
effective speed of sound down renormalization...$-\Delta c$ 1927.7122065012124
residual of the fit... 0.01928903976530389
starting bubble....... 919
time for bubble... 29.32874321937561
effective speed of sound down renormalization...$-\Delta c$ 1679.203518956982
residual of the fit... 0.006660481154647745
starting bubble....... 919
time for bubble... 29.337218284606934
effective speed of sound down renormalization...$-\Delta c$ 1421.5424782809364
residual of the fit... 0.015896108326248756
starting bubble....... 919
time for bubble... 29.41702103614807
effective speed of sound down renormalization...$-\Delta c$ 1217.711537191682
residual of the fit... 0.01678554325797281
starting bubble....... 919
time for bubble... 29.419514656066895
effective speed of sound down renormalization...$-\Delta c$ 1000.0700069513179
residual of the fit... 0.03760380743305437
starting bubble....... 919
time for bubble... 29.30140733718872
effective speed of sound down renormalization...$-\Delta c$ 784.9023836440846
residual of the fit... 0.010837102381539664
starting bubble....... 919
time for bubble... 29.36020851135254
effective speed of sound down renormalization...$-\Delta c$ 551.9084204540983
residual of the fit... 0.0433259112113017
starting bubble....... 919
time for bubble... 29.352606058120728
effective speed of sound down renormalization...$-\Delta c$ 290.06935799214824
residual of the fit... 0.02815075074143627
time for sweep delta 586.8608045578003
