starting sampling in reciprocal space....
finished sampling in reciprocal space....t= 0.05169224739074707  s
919 numer of sampling lattice points
taking 0 umklapps
hbvf is .. 2.7
q is... 0.06448077875110592
hvkd is... 0.17409810262798597
kappa is.. 0.3
alpha is.. 0.6031082384876113
the twist angle is .. 0.015393804002589986
phonon params 260915633949810.6 120.18054822711242 15022.568528389053
starting sampling in reciprocal space....
finished sampling in reciprocal space....t= 0.3641543388366699  s
starting sampling in reciprocal space....
finished sampling in reciprocal space....t= 0.36317944526672363  s
starting dispersion ..........
time to diag over MBZ 1955.2525088787079
saving  ..........
number of bands in density of states calculation, 2
sum of the hist, normed? 8.000000000000174
CHEMICAL POTENTIAL AND FILLING 0.0 0.0
starting sampling in reciprocal space....
finished sampling in reciprocal space....t= 0.051479339599609375  s
starting sampling in reciprocal space....
finished sampling in reciprocal space....t= 0.05147075653076172  s
starting dispersion ..........
time to diag over MBZ 283.83146357536316
starting sampling in reciprocal space....
finished sampling in reciprocal space....t= 0.05164790153503418  s
(6433, 564, 2) (919, 564, 2) (6433,)
starting sampling in reciprocal space....
finished sampling in reciprocal space....t= 0.05159878730773926  s
(6433, 564, 2) (919, 564, 2) (6433,)
calculating tensor that stores the overlaps........
finsihed the overlaps.......... 15.13193416595459
calculating tensor that stores the overlaps........
finsihed the overlaps.......... 15.06754446029663
calculating tensor that stores the overlaps........
finsihed the overlaps.......... 15.08141827583313
calculating tensor that stores the overlaps........
finsihed the overlaps.......... 2.935952663421631
calculating tensor that stores the overlaps........
finsihed the overlaps.......... 15.077551126480103
calculating tensor that stores the overlaps........
finsihed the overlaps.......... 3.0476012229919434
testing symmetry of the form factors...
plus valley form factor passed the C3 symmetry test with average difference...  4.65740308925672e-15
minus valley form factor passed the C3 symmetry test with average difference...  4.615799836781441e-15
finished testing symmetry of the form factors...
starting bubble....... 919
time for bubble... 29.386734008789062
effective speed of sound down renormalization...$-\Delta c$ 3803.3299268419432
residual of the fit... 0.0870112846491136
starting bubble....... 919
time for bubble... 29.542449712753296
effective speed of sound down renormalization...$-\Delta c$ 3956.787552141356
residual of the fit... 0.003254311203248373
starting bubble....... 919
time for bubble... 29.491646766662598
effective speed of sound down renormalization...$-\Delta c$ 4366.835430914526
residual of the fit... 0.03251618645266332
starting bubble....... 919
time for bubble... 29.459532976150513
effective speed of sound down renormalization...$-\Delta c$ 3808.4524093118525
residual of the fit... 0.0523431417922041
starting bubble....... 919
time for bubble... 29.411113500595093
effective speed of sound down renormalization...$-\Delta c$ 2450.1255508313952
residual of the fit... 0.021022124880958858
starting bubble....... 919
time for bubble... 29.46173405647278
effective speed of sound down renormalization...$-\Delta c$ 1361.7702667446633
residual of the fit... 0.002564409491573687
starting bubble....... 919
time for bubble... 29.424370765686035
effective speed of sound down renormalization...$-\Delta c$ 266.0749083494693
residual of the fit... 0.07887553798423
time for sweep delta 206.1978359222412
