starting sampling in reciprocal space....
finished sampling in reciprocal space....t= 0.05189371109008789  s
919 numer of sampling lattice points
taking 0 umklapps
hbvf is .. 2.7
q is... 0.08443851903755235
hvkd is... 0.22798400140139136
kappa is.. 0.75
alpha is.. 0.4605586328627321
the twist angle is .. 0.02015855286053451
phonon params 383629010679872.06
phonon params upsilon 4.795362633498401e+16
area ratio 0.00040635349242197795 0.00040635349242197763
correct factor by which the interaction is reduced 70.15570601031008
c tilde 1807.5570728041234
starting sampling in reciprocal space....
finished sampling in reciprocal space....t= 0.3618464469909668  s
starting sampling in reciprocal space....
finished sampling in reciprocal space....t= 0.3657660484313965  s
starting dispersion ..........
time to diag over MBZ 4183.997819900513
saving  ..........
number of bands in density of states calculation, 2
sum of the hist, normed? 7.999999999999936
CHEMICAL POTENTIAL AND FILLING 0.0 0.0
starting sampling in reciprocal space....
finished sampling in reciprocal space....t= 0.052437782287597656  s
starting sampling in reciprocal space....
finished sampling in reciprocal space....t= 0.05249619483947754  s
starting dispersion ..........
time to diag over MBZ 703.1030061244965
starting sampling in reciprocal space....
finished sampling in reciprocal space....t= 0.0512082576751709  s
(6433, 564, 2) (919, 564, 2) (6433,)
starting sampling in reciprocal space....
finished sampling in reciprocal space....t= 0.05147886276245117  s
(6433, 564, 2) (919, 564, 2) (6433,)
calculating tensor that stores the overlaps........
finsihed the overlaps.......... 22.398019075393677
calculating tensor that stores the overlaps........
finsihed the overlaps.......... 23.178122758865356
calculating tensor that stores the overlaps........
finsihed the overlaps.......... 19.195664405822754
calculating tensor that stores the overlaps........
finsihed the overlaps.......... 3.4889750480651855
calculating tensor that stores the overlaps........
finsihed the overlaps.......... 19.995738744735718
calculating tensor that stores the overlaps........
finsihed the overlaps.......... 3.6750149726867676
testing symmetry of the form factors...
plus valley form factor passed the C3 symmetry test with average difference...  1.1200423451159895e-15
minus valley form factor passed the C3 symmetry test with average difference...  3.139606772140016e-15
finished testing symmetry of the form factors...
starting bubble....... 919
time for bubble... 29.347083806991577
effective speed of sound down renormalization...$-\Delta c$ 1237.5152973899428
residual of the fit... 0.07482995329269482
starting bubble....... 919
time for bubble... 29.630907773971558
effective speed of sound down renormalization...$-\Delta c$ 1298.5474323578387
residual of the fit... 0.01339524462795515
starting bubble....... 919
time for bubble... 29.59907054901123
effective speed of sound down renormalization...$-\Delta c$ 1576.9502115143898
residual of the fit... 0.025210323016144932
starting bubble....... 919
time for bubble... 29.343441009521484
effective speed of sound down renormalization...$-\Delta c$ 1251.9864753254824
residual of the fit... 0.03395590210812006
starting bubble....... 919
time for bubble... 29.618422746658325
effective speed of sound down renormalization...$-\Delta c$ 893.9189200243459
residual of the fit... 0.07850832964587914
starting bubble....... 919
time for bubble... 29.596522569656372
effective speed of sound down renormalization...$-\Delta c$ 526.1072329456669
residual of the fit... 0.0025195418323198013
starting bubble....... 919
time for bubble... 29.538946390151978
effective speed of sound down renormalization...$-\Delta c$ 159.12721944905508
residual of the fit... 0.028738900314896836
time for sweep delta 206.69759464263916
