starting sampling in reciprocal space....
finished sampling in reciprocal space....t= 0.007954835891723633  s
91 numer of sampling lattice points
taking 0 umklapps
hbvf is .. 2.3382685902179845
q is... 0.08553508531876375
hvkd is... 0.20000400336248073
kappa is.. 0.3
alpha is.. 0.5249894913838371
the twist angle is .. 0.020420352248333655
starting sampling in reciprocal space....
finished sampling in reciprocal space....t= 0.004152774810791016  s
starting sampling in reciprocal space....
finished sampling in reciprocal space....t= 0.004196882247924805  s
starting dispersion ..........
time to diag over MBZ 8.7542085647583
number of bands in density of states calculation, 2
sum of the hist, normed? 8.000000000000004
CHEMICAL POTENTIAL AND FILLING 0.0 0.0
starting sampling in reciprocal space....
finished sampling in reciprocal space....t= 0.004064798355102539  s
(1680,)
the bandwidth is ... 0.03190800283898172
157.56user 3.66system 0:21.27elapsed 757%CPU (0avgtext+0avgdata 1374012maxresident)k
0inputs+224outputs (0major+2447407minor)pagefaults 0swaps
