starting sampling in reciprocal space....
finished sampling in reciprocal space....t= 0.05153965950012207  s
919 numer of sampling lattice points
taking 0 umklapps
hbvf is .. 2.3382685902179845
q is... 0.07603146420181812
hvkd is... 0.1777819846113944
kappa is.. 0.75
alpha is.. 0.590611024112003
the twist angle is .. 0.01815142422074103
phonon params 252186844670159.72
phonon params upsilon 3.1523355583769964e+16
area ratio 0.00032946515523654533 0.0003294651552365451
correct factor by which the interaction is reduced 77.91305849141908
c tilde 1627.5890723821215
starting sampling in reciprocal space....
finished sampling in reciprocal space....t= 0.5632672309875488  s
starting sampling in reciprocal space....
finished sampling in reciprocal space....t= 0.5598955154418945  s
starting dispersion with 9919 points..........
time to diag over MBZ 5987.83062171936
saving  ..........
number of bands in density of states calculation, 2
sum of the hist, normed? 8.000000000000133
CHEMICAL POTENTIALS AND FILLINGS [0.         0.00010962 0.00015091 0.00016323 0.00017315 0.00018504
 0.00020204 0.00022445 0.00024999 0.00028362 0.00032091 0.00036597
 0.00042013 0.00049072 0.000575   0.00068821 0.00083604 0.00103366
 0.00136344 0.00203271] [0.         0.20526316 0.41052632 0.61578947 0.82105263 1.02631579
 1.23157895 1.43684211 1.64210526 1.84736842 2.05263158 2.25789474
 2.46315789 2.66842105 2.87368421 3.07894737 3.28421053 3.48947368
 3.69473684 3.9       ]
CHEMICAL POTENTIAL AND FILLING 0.0 0.0
starting sampling in reciprocal space....
finished sampling in reciprocal space....t= 0.05201458930969238  s
starting sampling in reciprocal space....
finished sampling in reciprocal space....t= 0.052509307861328125  s
starting dispersion with 919 points..........
time to diag over MBZ 634.0409615039825
starting sampling in reciprocal space....
finished sampling in reciprocal space....t= 0.05283236503601074  s
(6433, 564, 2) (919, 564, 2) (6433,)
starting sampling in reciprocal space....
finished sampling in reciprocal space....t= 0.05243802070617676  s
(6433, 564, 2) (919, 564, 2) (6433,)
calculating tensor that stores the overlaps........
finsihed the overlaps.......... 24.994951725006104
calculating tensor that stores the overlaps........
finsihed the overlaps.......... 3.609536647796631
calculating tensor that stores the overlaps........
finsihed the overlaps.......... 30.603318452835083
calculating tensor that stores the overlaps........
finsihed the overlaps.......... 3.025641679763794
testing symmetry of the form factors...
failed C3 symmetry test, plus valley... 6.578945260966836e-05
failed C3 symmetry test, minus valley... 6.578945260966836e-05
finished testing symmetry of the form factors...
starting bubble....... 919
time for bubble... 29.017899751663208
effective speed of sound down renormalization...$-\Delta c$ 6235.4271133379825
residual of the fit... 0.062047222483557436
starting bubble....... 919
time for bubble... 29.096279621124268
effective speed of sound down renormalization...$-\Delta c$ 0.0
residual of the fit... nan
starting bubble....... 919
time for bubble... 29.128538370132446
effective speed of sound down renormalization...$-\Delta c$ 0.0
residual of the fit... nan
starting bubble....... 919
time for bubble... 29.16806411743164
effective speed of sound down renormalization...$-\Delta c$ 0.0
residual of the fit... nan
starting bubble....... 919
time for bubble... 29.197197198867798
effective speed of sound down renormalization...$-\Delta c$ 0.0
residual of the fit... nan
starting bubble....... 919
time for bubble... 29.047444343566895
effective speed of sound down renormalization...$-\Delta c$ 0.0
residual of the fit... nan
starting bubble....... 919
time for bubble... 29.02260708808899
effective speed of sound down renormalization...$-\Delta c$ 0.0
residual of the fit... nan
starting bubble....... 919
time for bubble... 29.143587589263916
effective speed of sound down renormalization...$-\Delta c$ 0.0
residual of the fit... nan
starting bubble....... 919
time for bubble... 29.0116286277771
effective speed of sound down renormalization...$-\Delta c$ 0.0
residual of the fit... nan
starting bubble....... 919
time for bubble... 29.012766361236572
effective speed of sound down renormalization...$-\Delta c$ 0.0
residual of the fit... nan
starting bubble....... 919
time for bubble... 29.08773374557495
effective speed of sound down renormalization...$-\Delta c$ 0.0
residual of the fit... nan
starting bubble....... 919
time for bubble... 28.97541880607605
effective speed of sound down renormalization...$-\Delta c$ 0.0
residual of the fit... nan
starting bubble....... 919
time for bubble... 29.089275598526
effective speed of sound down renormalization...$-\Delta c$ 0.0
residual of the fit... nan
starting bubble....... 919
time for bubble... 28.960137128829956
effective speed of sound down renormalization...$-\Delta c$ 0.0
residual of the fit... nan
starting bubble....... 919
time for bubble... 29.08780837059021
effective speed of sound down renormalization...$-\Delta c$ 0.0
residual of the fit... nan
starting bubble....... 919
time for bubble... 29.01886749267578
effective speed of sound down renormalization...$-\Delta c$ 0.0
residual of the fit... nan
starting bubble....... 919
time for bubble... 29.010390281677246
effective speed of sound down renormalization...$-\Delta c$ 0.0
residual of the fit... nan
starting bubble....... 919
time for bubble... 29.058914184570312
effective speed of sound down renormalization...$-\Delta c$ 0.0
residual of the fit... nan
starting bubble....... 919
time for bubble... 29.10296058654785
effective speed of sound down renormalization...$-\Delta c$ 0.0
residual of the fit... nan
starting bubble....... 919
time for bubble... 28.98562979698181
effective speed of sound down renormalization...$-\Delta c$ 0.0
residual of the fit... nan
time for sweep delta 581.3297288417816
