starting sampling in reciprocal space....
finished sampling in reciprocal space....t= 0.007719755172729492  s
91 numer of sampling lattice points
taking 0 umklapps
hbvf is .. 2.3382685902179845
q is... 0.0687209191928595
hvkd is... 0.16068796683957162
kappa is.. 0.75
alpha is.. 0.6534403419568459
the twist angle is .. 0.016406094968746697
starting sampling in reciprocal space....
finished sampling in reciprocal space....t= 0.004192352294921875  s
starting sampling in reciprocal space....
finished sampling in reciprocal space....t= 0.004187822341918945  s
starting dispersion ..........
time to diag over MBZ 8.713165998458862
number of bands in density of states calculation, 2
sum of the hist, normed? 8.0
CHEMICAL POTENTIAL AND FILLING 0.0 0.0
starting sampling in reciprocal space....
finished sampling in reciprocal space....t= 0.004144191741943359  s
(240,)
the bandwidth is ... 0.026733068266046173
157.32user 4.02system 0:21.32elapsed 756%CPU (0avgtext+0avgdata 1374728maxresident)k
0inputs+216outputs (0major+2448069minor)pagefaults 0swaps
