starting sampling in reciprocal space....
finished sampling in reciprocal space....t= 0.009248971939086914  s
91 numer of sampling lattice points
taking 0 umklapps
hbvf is .. 2.3382685902179845
q is... 0.07603146420181812
hvkd is... 0.1777819846113944
kappa is.. 0.3
alpha is.. 0.590611024112003
the twist angle is .. 0.01815142422074103
starting sampling in reciprocal space....
finished sampling in reciprocal space....t= 0.004191398620605469  s
starting sampling in reciprocal space....
finished sampling in reciprocal space....t= 0.0041768550872802734  s
starting dispersion ..........
time to diag over MBZ 8.616833209991455
number of bands in density of states calculation, 2
sum of the hist, normed? 7.999999999999991
CHEMICAL POTENTIAL AND FILLING 0.0 0.0
starting sampling in reciprocal space....
finished sampling in reciprocal space....t= 0.0039882659912109375  s
(1680,)
the bandwidth is ... 0.00281985247086812
154.68user 4.62system 0:21.03elapsed 757%CPU (0avgtext+0avgdata 1371548maxresident)k
0inputs+208outputs (0major+2447285minor)pagefaults 0swaps
