starting sampling in reciprocal space....
finished sampling in reciprocal space....t= 0.009405374526977539  s
91 numer of sampling lattice points
taking 0 umklapps
hbvf is .. 2.3382685902179845
q is... 0.08334195130950957
hvkd is... 0.19487586699450285
kappa is.. 0.75
alpha is.. 0.5388045303883723
the twist angle is .. 0.019896753472735354
starting sampling in reciprocal space....
finished sampling in reciprocal space....t= 0.004220724105834961  s
starting sampling in reciprocal space....
finished sampling in reciprocal space....t= 0.004187822341918945  s
starting dispersion ..........
time to diag over MBZ 8.693567752838135
number of bands in density of states calculation, 2
sum of the hist, normed? 7.99999999999999
CHEMICAL POTENTIAL AND FILLING 0.0 0.0
starting sampling in reciprocal space....
finished sampling in reciprocal space....t= 0.00422358512878418  s
(1680,)
the bandwidth is ... 0.01888302474808859
155.96user 4.17system 0:21.11elapsed 758%CPU (0avgtext+0avgdata 1373820maxresident)k
0inputs+168outputs (0major+2448016minor)pagefaults 0swaps
