starting sampling in reciprocal space....
finished sampling in reciprocal space....t= 0.007960081100463867  s
91 numer of sampling lattice points
taking 0 umklapps
hbvf is .. 2.3382685902179845
q is... 0.06945197614064469
hvkd is... 0.16239737433823836
kappa is.. 0.75
alpha is.. 0.6465621776698671
the twist angle is .. 0.01658062789394613
starting sampling in reciprocal space....
finished sampling in reciprocal space....t= 0.005976200103759766  s
starting sampling in reciprocal space....
finished sampling in reciprocal space....t= 0.0056934356689453125  s
starting dispersion ..........
time to diag over MBZ 9.150176048278809
number of bands in density of states calculation, 2
sum of the hist, normed? 8.00000000000001
CHEMICAL POTENTIAL AND FILLING 0.0 0.0
starting sampling in reciprocal space....
finished sampling in reciprocal space....t= 0.0039501190185546875  s
(240,)
the bandwidth is ... 0.024825809831399082
160.95user 3.78system 0:21.75elapsed 757%CPU (0avgtext+0avgdata 1373264maxresident)k
0inputs+224outputs (0major+2446240minor)pagefaults 0swaps
