starting sampling in reciprocal space....
finished sampling in reciprocal space....t= 0.00880575180053711  s
91 numer of sampling lattice points
taking 0 umklapps
hbvf is .. 2.3382685902179845
q is... 0.0826109053629646
hvkd is... 0.19316648521969057
kappa is.. 0.75
alpha is.. 0.5435725554595158
the twist angle is .. 0.01972222054753592
starting sampling in reciprocal space....
finished sampling in reciprocal space....t= 0.004165172576904297  s
starting sampling in reciprocal space....
finished sampling in reciprocal space....t= 0.004151105880737305  s
starting dispersion ..........
time to diag over MBZ 8.85132122039795
number of bands in density of states calculation, 2
sum of the hist, normed? 7.999999999999996
CHEMICAL POTENTIAL AND FILLING 0.0 0.0
starting sampling in reciprocal space....
finished sampling in reciprocal space....t= 0.004078388214111328  s
(4200,)
the bandwidth is ... 0.01630760576116779
283.71user 6.97system 0:37.44elapsed 776%CPU (0avgtext+0avgdata 3163164maxresident)k
0inputs+168outputs (0major+4601345minor)pagefaults 0swaps
