starting sampling in reciprocal space....
finished sampling in reciprocal space....t= 0.008076190948486328  s
91 numer of sampling lattice points
taking 0 umklapps
hbvf is .. 2.3382685902179845
q is... 0.07749356643361043
hvkd is... 0.18120077233568196
kappa is.. 0.3
alpha is.. 0.5794677287880602
the twist angle is .. 0.018500490071139894
starting sampling in reciprocal space....
finished sampling in reciprocal space....t= 0.004201412200927734  s
starting sampling in reciprocal space....
finished sampling in reciprocal space....t= 0.004116058349609375  s
starting dispersion ..........
time to diag over MBZ 8.681585311889648
number of bands in density of states calculation, 2
sum of the hist, normed? 8.00000000000001
CHEMICAL POTENTIAL AND FILLING 0.0 0.0
starting sampling in reciprocal space....
finished sampling in reciprocal space....t= 0.004048347473144531  s
(4200,)
the bandwidth is ... 0.0023125217494067243
272.03user 6.78system 0:35.90elapsed 776%CPU (0avgtext+0avgdata 3161628maxresident)k
0inputs+160outputs (0major+4597305minor)pagefaults 0swaps
