starting sampling in reciprocal space....
starting sampling in reciprocal space....
finished sampling in reciprocal space....t= 0.038437843322753906  s
919 numer of sampling lattice points
taking 0 umklapps
hbvf is .. 2.1354
q is... 0.07983292507592547
hvkd is... 0.17047522820713126
kappa is.. 0.8174358974358973
alpha is.. 0.5719306026183189
the twist angle is .. 0.01905899543177808
phonon params 613065921046756.4 78.40263238071779 9800.329047589723
finished sampling in reciprocal space....t= 0.04060864448547363  s
919 numer of sampling lattice points
taking 0 umklapps
hbvf is .. 2.1354
q is... 0.07983292507592547
hvkd is... 0.17047522820713126
kappa is.. 0.8174358974358973
alpha is.. 0.5719306026183189
the twist angle is .. 0.01905899543177808
phonon params 613065921046756.4 78.40263238071779 9800.329047589723
starting sampling in reciprocal space....
starting sampling in reciprocal space....
finished sampling in reciprocal space....t= 0.06832194328308105  s
starting sampling in reciprocal space....
finished sampling in reciprocal space....t= 0.09338259696960449  s
starting sampling in reciprocal space....
finished sampling in reciprocal space....t= 0.09625792503356934  s
starting dispersion ..........
finished sampling in reciprocal space....t= 0.0910341739654541  s
starting dispersion ..........
time to diag over MBZ 132.80148434638977
time to diag over MBZ 133.7402093410492
saving  ..........
number of bands in density of states calculation, 2
sum of the hist, normed? 8.000000000000002
saving  ..........
number of bands in density of states calculation, 2
sum of the hist, normed? 8.000000000000002
CHEMICAL POTENTIAL AND FILLING 0.0 0.0
starting sampling in reciprocal space....
finished sampling in reciprocal space....t= 0.028438568115234375  s
starting sampling in reciprocal space....
finished sampling in reciprocal space....t= 0.028004169464111328  s
starting dispersion ..........
CHEMICAL POTENTIAL AND FILLING 0.0 0.0
starting sampling in reciprocal space....
finished sampling in reciprocal space....t= 0.028356552124023438  s
starting sampling in reciprocal space....
finished sampling in reciprocal space....t= 0.028168678283691406  s
starting dispersion ..........
time to diag over MBZ 60.222570180892944
starting sampling in reciprocal space....
finished sampling in reciprocal space....t= 0.028038501739501953  s
time to diag over MBZ 60.11671805381775
starting sampling in reciprocal space....
finished sampling in reciprocal space....t= 0.02809739112854004  s
(6433, 564, 2) (919, 564, 2) (6433,)
starting sampling in reciprocal space....
finished sampling in reciprocal space....t= 0.04638075828552246  s
(6433, 564, 2) (919, 564, 2) (6433,)
starting sampling in reciprocal space....
finished sampling in reciprocal space....t= 0.04680609703063965  s
(6433, 564, 2) (919, 564, 2) (6433,)
calculating tensor that stores the overlaps........
(6433, 564, 2) (919, 564, 2) (6433,)
calculating tensor that stores the overlaps........
finsihed the overlaps.......... 4.203253746032715
calculating tensor that stores the overlaps........
finsihed the overlaps.......... 4.26999306678772
finsihed the overlaps.......... 1.7606909275054932
calculating tensor that stores the overlaps........
calculating tensor that stores the overlaps........
finsihed the overlaps.......... 4.089597702026367
calculating tensor that stores the overlaps........
finsihed the overlaps.......... 4.068975925445557
calculating tensor that stores the overlaps........
finsihed the overlaps.......... 1.7373058795928955
finsihed the overlaps.......... 4.549070358276367
calculating tensor that stores the overlaps........
finsihed the overlaps.......... 1.7015893459320068
testing symmetry of the form factors...
plus valley form factor passed the C3 symmetry test with average difference...  1.9682693373224306e-15
minus valley form factor passed the C3 symmetry test with average difference...  4.353289890197142e-15
finished testing symmetry of the form factors...
starting bubble....... 919
calculating tensor that stores the overlaps........
finsihed the overlaps.......... 4.010002374649048
calculating tensor that stores the overlaps........
finsihed the overlaps.......... 1.7189390659332275
testing symmetry of the form factors...
plus valley form factor passed the C3 symmetry test with average difference...  2.6047398365524414e-15
minus valley form factor passed the C3 symmetry test with average difference...  5.859498974810718e-15
finished testing symmetry of the form factors...
starting bubble....... 919
time for bubble... 23.486640453338623
effective speed of sound down renormalization...$-\Delta c$ 8856.37258579652
residual of the fit... 0.05236489906780586
starting bubble....... 919
time for bubble... 23.30841374397278
effective speed of sound down renormalization...$-\Delta c$ 8660.082506622848
residual of the fit... 0.06493613156039565
starting bubble....... 919
time for bubble... 23.35871911048889
effective speed of sound down renormalization...$-\Delta c$ 12057.997337542613
residual of the fit... 0.03270029334580121
starting bubble....... 919
time for bubble... 23.221283674240112
effective speed of sound down renormalization...$-\Delta c$ 11736.376621189247
residual of the fit... 0.08496732259421373
starting bubble....... 919
time for bubble... 23.392842531204224
effective speed of sound down renormalization...$-\Delta c$ 10734.005334098321
residual of the fit... 0.05357465298614384
starting bubble....... 919
time for bubble... 23.202259302139282
effective speed of sound down renormalization...$-\Delta c$ 11063.947847581545
residual of the fit... 0.07348105402461777
starting bubble....... 919
time for bubble... 23.47321057319641
effective speed of sound down renormalization...$-\Delta c$ 8166.7419477830135
residual of the fit... 0.022213227262030743
starting bubble....... 919
time for bubble... 23.328693151474
effective speed of sound down renormalization...$-\Delta c$ 8370.760808677362
residual of the fit... 0.017846541144321312
starting bubble....... 919
time for bubble... 23.501044273376465
effective speed of sound down renormalization...$-\Delta c$ 6441.495005492676
residual of the fit... 0.008175791497141505
starting bubble....... 919
time for bubble... 23.37839436531067
effective speed of sound down renormalization...$-\Delta c$ 6504.0030123923425
residual of the fit... 0.008455464604454318
starting bubble....... 919
time for bubble... 23.521961450576782
effective speed of sound down renormalization...$-\Delta c$ 5056.737558762596
residual of the fit... 0.02887570265048273
starting bubble....... 919
time for bubble... 23.419927835464478
effective speed of sound down renormalization...$-\Delta c$ 5195.344984127976
residual of the fit... 0.040366480136040356
starting bubble....... 919
time for bubble... 23.489935159683228
effective speed of sound down renormalization...$-\Delta c$ 2828.8944400545147
residual of the fit... 0.04329879713706302
time for sweep delta 164.23628187179565
6735.08user 179.14system 6:31.63elapsed 1765%CPU (0avgtext+0avgdata 19740368maxresident)k
0inputs+1256outputs (98major+27627174minor)pagefaults 0swaps
time for bubble... 23.357932090759277
effective speed of sound down renormalization...$-\Delta c$ 2917.438405524376
residual of the fit... 0.026620227982331098
time for sweep delta 163.22901010513306
7037.09user 182.44system 6:44.31elapsed 1785%CPU (0avgtext+0avgdata 24912768maxresident)k
0inputs+1248outputs (115major+28358050minor)pagefaults 0swaps
