starting sampling in reciprocal space....
finished sampling in reciprocal space....t= 0.009335756301879883  s
91 numer of sampling lattice points
taking 0 umklapps
hbvf is .. 2.3382685902179845
q is... 0.07237619858704214
hvkd is... 0.1692349918354599
kappa is.. 0.75
alpha is.. 0.6204390644110238
the twist angle is .. 0.017278759594743863
starting sampling in reciprocal space....
finished sampling in reciprocal space....t= 0.004437446594238281  s
starting sampling in reciprocal space....
finished sampling in reciprocal space....t= 0.0041961669921875  s
starting dispersion ..........
time to diag over MBZ 9.510826826095581
number of bands in density of states calculation, 2
sum of the hist, normed? 7.999999999999983
CHEMICAL POTENTIAL AND FILLING 0.0 0.0
starting sampling in reciprocal space....
finished sampling in reciprocal space....t= 0.004037141799926758  s
(1680,)
the bandwidth is ... 0.016723621569897547
166.71user 4.19system 0:22.56elapsed 757%CPU (0avgtext+0avgdata 1374420maxresident)k
0inputs+232outputs (0major+2447325minor)pagefaults 0swaps
