starting sampling in reciprocal space....
finished sampling in reciprocal space....t= 0.007847070693969727  s
91 numer of sampling lattice points
taking 0 umklapps
hbvf is .. 2.3382685902179845
q is... 0.07968671534127658
hvkd is... 0.18632894354014862
kappa is.. 0.3
alpha is.. 0.5635195370351868
the twist angle is .. 0.01902408884673819
starting sampling in reciprocal space....
finished sampling in reciprocal space....t= 0.004245758056640625  s
starting sampling in reciprocal space....
finished sampling in reciprocal space....t= 0.0041332244873046875  s
starting dispersion ..........
time to diag over MBZ 8.342833757400513
number of bands in density of states calculation, 2
sum of the hist, normed? 8.000000000000007
CHEMICAL POTENTIAL AND FILLING 0.0 0.0
starting sampling in reciprocal space....
finished sampling in reciprocal space....t= 0.00395512580871582  s
(1680,)
the bandwidth is ... 0.010167570036903297
152.38user 3.96system 0:20.57elapsed 759%CPU (0avgtext+0avgdata 1373676maxresident)k
0inputs+168outputs (0major+2447266minor)pagefaults 0swaps
