starting sampling in reciprocal space....
finished sampling in reciprocal space....t= 0.004610300064086914  s
91 numer of sampling lattice points
taking 0 umklapps
hbvf is .. 2.3382685902179845
q is... 0.0709140884439267
hvkd is... 0.16581618561237396
kappa is.. 0.3
alpha is.. 0.6332313073794674
the twist angle is .. 0.016929693744344998
starting sampling in reciprocal space....
finished sampling in reciprocal space....t= 0.004202127456665039  s
starting sampling in reciprocal space....
finished sampling in reciprocal space....t= 0.004150390625  s
starting dispersion ..........
time to diag over MBZ 8.928401470184326
number of bands in density of states calculation, 2
sum of the hist, normed? 7.999999999999984
CHEMICAL POTENTIAL AND FILLING 0.0 0.0
starting sampling in reciprocal space....
finished sampling in reciprocal space....t= 0.00421452522277832  s
(4200,)
the bandwidth is ... 0.020024836213661294
283.00user 6.88system 0:37.36elapsed 775%CPU (0avgtext+0avgdata 3163012maxresident)k
0inputs+176outputs (0major+4598324minor)pagefaults 0swaps
