starting sampling in reciprocal space....
finished sampling in reciprocal space....t= 0.05224013328552246  s
919 numer of sampling lattice points
taking 0 umklapps
hbvf is .. 2.3382685902179845
q is... 0.06945197614064469
hvkd is... 0.16239737433823836
kappa is.. 0.75
alpha is.. 0.6465621776698671
the twist angle is .. 0.01658062789394613
phonon params 175585011667882.7
phonon params upsilon 2.1948126458485336e+16
area ratio 0.00027491092312533833 0.0002749109231253379
correct factor by which the interaction is reduced 85.29410171927053
c tilde 1486.7433977307774
starting sampling in reciprocal space....
finished sampling in reciprocal space....t= 0.5614092350006104  s
starting sampling in reciprocal space....
finished sampling in reciprocal space....t= 0.5644772052764893  s
starting dispersion ..........
time to diag over MBZ 2854.2842679023743
saving  ..........
number of bands in density of states calculation, 2
sum of the hist, normed? 7.999999999999809
CHEMICAL POTENTIAL AND FILLING 0.0 0.0
starting sampling in reciprocal space....
finished sampling in reciprocal space....t= 0.05312705039978027  s
starting sampling in reciprocal space....
finished sampling in reciprocal space....t= 0.052492618560791016  s
starting dispersion ..........
time to diag over MBZ 258.05443048477173
starting sampling in reciprocal space....
finished sampling in reciprocal space....t= 0.052702903747558594  s
(6433, 564, 2) (919, 564, 2) (6433,)
starting sampling in reciprocal space....
finished sampling in reciprocal space....t= 0.05161476135253906  s
(6433, 564, 2) (919, 564, 2) (6433,)
calculating tensor that stores the overlaps........
finsihed the overlaps.......... 15.127120733261108
calculating tensor that stores the overlaps........
finsihed the overlaps.......... 2.203077554702759
calculating tensor that stores the overlaps........
finsihed the overlaps.......... 14.507369041442871
calculating tensor that stores the overlaps........
finsihed the overlaps.......... 2.396836757659912
testing symmetry of the form factors...
plus valley form factor passed the C3 symmetry test with average difference...  6.1068718246345565e-15
minus valley form factor passed the C3 symmetry test with average difference...  1.845722897779143e-14
finished testing symmetry of the form factors...
starting bubble....... 919
time for bubble... 29.702313661575317
effective speed of sound down renormalization...$-\Delta c$ 2484.5807087939347
residual of the fit... 0.053748034328964654
starting bubble....... 919
time for bubble... 29.926483392715454
effective speed of sound down renormalization...$-\Delta c$ 2601.084754511235
residual of the fit... 0.030028353750612687
starting bubble....... 919
time for bubble... 29.891082763671875
effective speed of sound down renormalization...$-\Delta c$ 2847.3982898733634
residual of the fit... 0.06271246729349486
starting bubble....... 919
time for bubble... 29.54198956489563
effective speed of sound down renormalization...$-\Delta c$ 3094.912213938678
residual of the fit... 0.04772375961922821
starting bubble....... 919
time for bubble... 29.642863035202026
effective speed of sound down renormalization...$-\Delta c$ 3230.625221398039
residual of the fit... 0.00898753757360023
starting bubble....... 919
time for bubble... 29.464640855789185
effective speed of sound down renormalization...$-\Delta c$ 3099.546182944284
residual of the fit... 0.056084746803337894
starting bubble....... 919
time for bubble... 29.53325629234314
effective speed of sound down renormalization...$-\Delta c$ 2840.513658234732
residual of the fit... 0.05734529352439692
starting bubble....... 919
time for bubble... 29.648846864700317
effective speed of sound down renormalization...$-\Delta c$ 2581.875493171569
residual of the fit... 0.005589010654924935
starting bubble....... 919
time for bubble... 29.47529935836792
effective speed of sound down renormalization...$-\Delta c$ 2349.2386248747325
residual of the fit... 0.004766598034011592
starting bubble....... 919
time for bubble... 29.503011226654053
effective speed of sound down renormalization...$-\Delta c$ 2177.5146570242373
residual of the fit... 0.03164581859007393
starting bubble....... 919
time for bubble... 29.553643703460693
effective speed of sound down renormalization...$-\Delta c$ 2009.0740189820278
residual of the fit... 0.012399019454742845
starting bubble....... 919
time for bubble... 29.50442671775818
effective speed of sound down renormalization...$-\Delta c$ 1863.8369524398593
residual of the fit... 0.025047381359388915
starting bubble....... 919
time for bubble... 29.588183403015137
effective speed of sound down renormalization...$-\Delta c$ 1629.7818801438848
residual of the fit... 0.024356152653681188
starting bubble....... 919
time for bubble... 29.577775478363037
effective speed of sound down renormalization...$-\Delta c$ 1510.4667320635408
residual of the fit... 0.008197127936720667
starting bubble....... 919
time for bubble... 29.53991150856018
effective speed of sound down renormalization...$-\Delta c$ 1298.9808015694512
residual of the fit... 0.02541156636258274
starting bubble....... 919
time for bubble... 29.527137994766235
effective speed of sound down renormalization...$-\Delta c$ 1134.576018528505
residual of the fit... 0.009588424563130573
starting bubble....... 919
time for bubble... 29.502988576889038
effective speed of sound down renormalization...$-\Delta c$ 941.1910115786479
residual of the fit... 0.004306274732678219
starting bubble....... 919
time for bubble... 29.482973098754883
effective speed of sound down renormalization...$-\Delta c$ 713.8976731383694
residual of the fit... 0.03215007342429514
starting bubble....... 919
time for bubble... 29.49300456047058
effective speed of sound down renormalization...$-\Delta c$ 496.3733693098141
residual of the fit... 0.09136625700754707
starting bubble....... 919
time for bubble... 29.5294930934906
effective speed of sound down renormalization...$-\Delta c$ 221.67472897873898
residual of the fit... 0.11830747021070624
time for sweep delta 591.6655807495117
