starting sampling in reciprocal space....
finished sampling in reciprocal space....t= 0.007960796356201172  s
91 numer of sampling lattice points
taking 0 umklapps
hbvf is .. 2.3382685902179845
q is... 0.07310725283461868
hvkd is... 0.17094439302031356
kappa is.. 0.75
alpha is.. 0.6142348289102568
the twist angle is .. 0.017453292519943295
starting sampling in reciprocal space....
finished sampling in reciprocal space....t= 0.004202604293823242  s
starting sampling in reciprocal space....
finished sampling in reciprocal space....t= 0.004193782806396484  s
starting dispersion ..........
time to diag over MBZ 8.650197982788086
number of bands in density of states calculation, 2
sum of the hist, normed? 8.000000000000014
CHEMICAL POTENTIAL AND FILLING 0.0 0.0
starting sampling in reciprocal space....
finished sampling in reciprocal space....t= 0.004094362258911133  s
(4200,)
the bandwidth is ... 0.014588936437283295
277.26user 7.23system 0:36.67elapsed 775%CPU (0avgtext+0avgdata 3163068maxresident)k
0inputs+184outputs (0major+4597772minor)pagefaults 0swaps
