starting sampling in reciprocal space....
finished sampling in reciprocal space....t= 0.0051174163818359375  s
91 numer of sampling lattice points
taking 0 umklapps
hbvf is .. 2.7
q is... 0.06908644773251756
hvkd is... 0.1865334088777974
kappa is.. 0.75
alpha is.. 0.5629018449386086
the twist angle is .. 0.016493361431346415
starting sampling in reciprocal space....
finished sampling in reciprocal space....t= 0.005141019821166992  s
starting sampling in reciprocal space....
finished sampling in reciprocal space....t= 0.00511479377746582  s
starting dispersion ..........
time to diag over MBZ 70.5741355419159
number of bands in density of states calculation, 2
sum of the hist, normed? 8.000000000000007
CHEMICAL POTENTIAL AND FILLING 0.0 0.0
starting sampling in reciprocal space....
finished sampling in reciprocal space....t= 0.01296377182006836  s
(1680,)
the bandwidth is ... 0.006551182609742272
382.97user 23.68system 2:52.39elapsed 235%CPU (0avgtext+0avgdata 1373260maxresident)k
0inputs+176outputs (0major+2446500minor)pagefaults 0swaps
