starting sampling in reciprocal space....
finished sampling in reciprocal space....t= 0.007570028305053711  s
91 numer of sampling lattice points
taking 0 umklapps
hbvf is .. 2.3382685902179845
q is... 0.06725880373283684
hvkd is... 0.15726914818412852
kappa is.. 0.75
alpha is.. 0.6676452515471596
the twist angle is .. 0.016057029118347832
starting sampling in reciprocal space....
finished sampling in reciprocal space....t= 0.004162311553955078  s
starting sampling in reciprocal space....
finished sampling in reciprocal space....t= 0.004163980484008789  s
starting dispersion ..........
time to diag over MBZ 8.870931148529053
number of bands in density of states calculation, 2
sum of the hist, normed? 8.0
CHEMICAL POTENTIAL AND FILLING 0.0 0.0
starting sampling in reciprocal space....
finished sampling in reciprocal space....t= 0.00403141975402832  s
(4200,)
the bandwidth is ... 0.029928191820134963
268.22user 6.93system 0:35.46elapsed 775%CPU (0avgtext+0avgdata 3162464maxresident)k
0inputs+200outputs (0major+4597152minor)pagefaults 0swaps
