starting sampling in reciprocal space....
finished sampling in reciprocal space....t= 0.008363723754882812  s
91 numer of sampling lattice points
taking 0 umklapps
hbvf is .. 2.3382685902179845
q is... 0.08187985878730153
hvkd is... 0.1914571019738312
kappa is.. 0.3
alpha is.. 0.5484257252277412
the twist angle is .. 0.019547687622336492
starting sampling in reciprocal space....
finished sampling in reciprocal space....t= 0.004177570343017578  s
starting sampling in reciprocal space....
finished sampling in reciprocal space....t= 0.004206418991088867  s
starting dispersion ..........
time to diag over MBZ 8.867404699325562
number of bands in density of states calculation, 2
sum of the hist, normed? 8.000000000000005
CHEMICAL POTENTIAL AND FILLING 0.0 0.0
starting sampling in reciprocal space....
finished sampling in reciprocal space....t= 0.004083156585693359  s
(4200,)
the bandwidth is ... 0.01819395683114167
275.63user 7.14system 0:36.44elapsed 775%CPU (0avgtext+0avgdata 3162048maxresident)k
0inputs+176outputs (0major+4597365minor)pagefaults 0swaps
