starting sampling in reciprocal space....
finished sampling in reciprocal space....t= 0.05146455764770508  s
919 numer of sampling lattice points
taking 0 umklapps
hbvf is .. 2.3382685902179845
q is... 0.08187985878730153
hvkd is... 0.1914571019738312
kappa is.. 0.3
alpha is.. 0.5484257252277412
the twist angle is .. 0.019547687622336492
phonon params 339201177549277.3
phonon params upsilon 4.240014719365966e+16
area ratio 0.0003820999240645599 0.00038209992406455925
correct factor by which the interaction is reduced 72.34799870543021
c tilde 1752.7843874827852
starting sampling in reciprocal space....
finished sampling in reciprocal space....t= 0.5654911994934082  s
starting sampling in reciprocal space....
finished sampling in reciprocal space....t= 0.5577702522277832  s
starting dispersion ..........
time to diag over MBZ 2986.6881613731384
saving  ..........
number of bands in density of states calculation, 2
sum of the hist, normed? 8.000000000000064
CHEMICAL POTENTIAL AND FILLING 0.0 0.0
starting sampling in reciprocal space....
finished sampling in reciprocal space....t= 0.05178380012512207  s
starting sampling in reciprocal space....
finished sampling in reciprocal space....t= 0.05274510383605957  s
starting dispersion ..........
time to diag over MBZ 267.29472947120667
starting sampling in reciprocal space....
finished sampling in reciprocal space....t= 0.0528867244720459  s
(6433, 564, 2) (919, 564, 2) (6433,)
starting sampling in reciprocal space....
finished sampling in reciprocal space....t= 0.05286264419555664  s
(6433, 564, 2) (919, 564, 2) (6433,)
calculating tensor that stores the overlaps........
finsihed the overlaps.......... 15.159042596817017
calculating tensor that stores the overlaps........
finsihed the overlaps.......... 14.879016876220703
calculating tensor that stores the overlaps........
finsihed the overlaps.......... 14.896112442016602
calculating tensor that stores the overlaps........
finsihed the overlaps.......... 2.5576107501983643
calculating tensor that stores the overlaps........
finsihed the overlaps.......... 15.378766775131226
calculating tensor that stores the overlaps........
finsihed the overlaps.......... 1.9495437145233154
testing symmetry of the form factors...
plus valley form factor passed the C3 symmetry test with average difference...  2.9766032822352686e-15
minus valley form factor passed the C3 symmetry test with average difference...  3.228690178781658e-15
finished testing symmetry of the form factors...
starting bubble....... 919
time for bubble... 29.487191200256348
effective speed of sound down renormalization...$-\Delta c$ 2265.0657073754564
residual of the fit... 0.08666970825849474
starting bubble....... 919
time for bubble... 29.794055700302124
effective speed of sound down renormalization...$-\Delta c$ 2276.0570640101896
residual of the fit... 0.04153339088251494
starting bubble....... 919
time for bubble... 29.94073247909546
effective speed of sound down renormalization...$-\Delta c$ 2310.832713048909
residual of the fit... 0.013544339196967138
starting bubble....... 919
time for bubble... 29.695017099380493
effective speed of sound down renormalization...$-\Delta c$ 2257.6726144462345
residual of the fit... 0.06089238608365783
starting bubble....... 919
time for bubble... 29.508660793304443
effective speed of sound down renormalization...$-\Delta c$ 2403.3956323237358
residual of the fit... 0.011232803192729214
starting bubble....... 919
time for bubble... 29.59001135826111
effective speed of sound down renormalization...$-\Delta c$ 2335.2653734775085
residual of the fit... 0.0731596820329875
starting bubble....... 919
time for bubble... 29.417131185531616
effective speed of sound down renormalization...$-\Delta c$ 2609.387595150935
residual of the fit... 0.021919227507563567
starting bubble....... 919
time for bubble... 29.51638412475586
effective speed of sound down renormalization...$-\Delta c$ 2728.5358466292387
residual of the fit... 0.041707930709797295
starting bubble....... 919
time for bubble... 29.562453508377075
effective speed of sound down renormalization...$-\Delta c$ 2881.2954538545646
residual of the fit... 0.03359116512402139
starting bubble....... 919
time for bubble... 29.489359378814697
effective speed of sound down renormalization...$-\Delta c$ 2497.1558844915235
residual of the fit... 0.06210295781389559
starting bubble....... 919
time for bubble... 29.435184717178345
effective speed of sound down renormalization...$-\Delta c$ 2069.520541302582
residual of the fit... 0.04608902056809944
starting bubble....... 919
time for bubble... 29.431829690933228
effective speed of sound down renormalization...$-\Delta c$ 1866.0870681966444
residual of the fit... 0.013139330011241127
starting bubble....... 919
time for bubble... 29.484418153762817
effective speed of sound down renormalization...$-\Delta c$ 1607.6205400528402
residual of the fit... 0.021409973491178937
starting bubble....... 919
time for bubble... 29.4279363155365
effective speed of sound down renormalization...$-\Delta c$ 1412.381229119714
residual of the fit... 0.00568574974734651
starting bubble....... 919
time for bubble... 29.487513065338135
effective speed of sound down renormalization...$-\Delta c$ 1200.9139694363673
residual of the fit... 0.013665743837484026
starting bubble....... 919
time for bubble... 29.4558265209198
effective speed of sound down renormalization...$-\Delta c$ 960.7681426655028
residual of the fit... 0.009289693125914126
starting bubble....... 919
time for bubble... 29.486276388168335
effective speed of sound down renormalization...$-\Delta c$ 746.4987617535837
residual of the fit... 0.009531672309489992
starting bubble....... 919
time for bubble... 29.390806674957275
effective speed of sound down renormalization...$-\Delta c$ 555.8933366384484
residual of the fit... 0.009561057564325464
starting bubble....... 919
time for bubble... 29.447673320770264
effective speed of sound down renormalization...$-\Delta c$ 380.93727020990224
residual of the fit... 0.004523011775202515
starting bubble....... 919
time for bubble... 29.396859407424927
effective speed of sound down renormalization...$-\Delta c$ 161.04802326726409
residual of the fit... 0.08028304966769366
time for sweep delta 590.4836461544037
