starting sampling in reciprocal space....
finished sampling in reciprocal space....t= 0.05116558074951172  s
919 numer of sampling lattice points
taking 0 umklapps
hbvf is .. 2.3382685902179845
q is... 0.07822461666706933
hvkd is... 0.18291016413445044
kappa is.. 0.75
alpha is.. 0.5740522977324454
the twist angle is .. 0.018675022996339326
phonon params 282567875060811.94
phonon params upsilon 3.5320984382601492e+16
area ratio 0.00034874634810787747 0.00034874634810787823
correct factor by which the interaction is reduced 75.72864105882249
c tilde 1674.5374117832393
starting sampling in reciprocal space....
finished sampling in reciprocal space....t= 0.557854413986206  s
starting sampling in reciprocal space....
finished sampling in reciprocal space....t= 0.5586621761322021  s
starting dispersion with 9919 points..........
time to diag over MBZ 4494.432364463806
saving  ..........
number of bands in density of states calculation, 2
sum of the hist, normed? 8.0
CHEMICAL POTENTIALS AND FILLINGS [0.         0.00014707 0.00019386 0.00020619 0.00021398 0.00022661
 0.00024264 0.00026085 0.00028285 0.00030637 0.0003311  0.00035883
 0.00038629 0.00041597 0.00044392 0.00047134 0.00049908 0.00052285
 0.00054373 0.00056909] [0.         0.20526316 0.41052632 0.61578947 0.82105263 1.02631579
 1.23157895 1.43684211 1.64210526 1.84736842 2.05263158 2.25789474
 2.46315789 2.66842105 2.87368421 3.07894737 3.28421053 3.48947368
 3.69473684 3.9       ]
CHEMICAL POTENTIAL AND FILLING 0.0 0.0
starting sampling in reciprocal space....
finished sampling in reciprocal space....t= 0.052501678466796875  s
starting sampling in reciprocal space....
finished sampling in reciprocal space....t= 0.05294942855834961  s
starting dispersion with 919 points..........
time to diag over MBZ 243.65841341018677
starting sampling in reciprocal space....
finished sampling in reciprocal space....t= 0.052139997482299805  s
(6433, 564, 2) (919, 564, 2) (6433,)
starting sampling in reciprocal space....
finished sampling in reciprocal space....t= 0.05180239677429199  s
(6433, 564, 2) (919, 564, 2) (6433,)
calculating tensor that stores the overlaps........
finsihed the overlaps.......... 14.329535245895386
calculating tensor that stores the overlaps........
finsihed the overlaps.......... 2.3871679306030273
calculating tensor that stores the overlaps........
finsihed the overlaps.......... 14.33714485168457
calculating tensor that stores the overlaps........
finsihed the overlaps.......... 1.8787188529968262
testing symmetry of the form factors...
failed C3 symmetry test, plus valley... 7.2202547541407e-05
failed C3 symmetry test, minus valley... 7.2202547541407e-05
finished testing symmetry of the form factors...
starting bubble....... 919
time for bubble... 29.061610460281372
effective speed of sound down renormalization...$-\Delta c$ 6296.050278868255
residual of the fit... 0.05526747882761577
starting bubble....... 919
time for bubble... 29.159919500350952
effective speed of sound down renormalization...$-\Delta c$ 0.0
residual of the fit... nan
starting bubble....... 919
time for bubble... 29.21803069114685
effective speed of sound down renormalization...$-\Delta c$ 0.0
residual of the fit... nan
starting bubble....... 919
time for bubble... 29.173316478729248
effective speed of sound down renormalization...$-\Delta c$ 0.0
residual of the fit... nan
starting bubble....... 919
time for bubble... 29.2231228351593
effective speed of sound down renormalization...$-\Delta c$ 0.0
residual of the fit... nan
starting bubble....... 919
time for bubble... 29.17650532722473
effective speed of sound down renormalization...$-\Delta c$ 0.0
residual of the fit... nan
starting bubble....... 919
time for bubble... 29.16083288192749
effective speed of sound down renormalization...$-\Delta c$ 0.0
residual of the fit... nan
starting bubble....... 919
time for bubble... 29.180240631103516
effective speed of sound down renormalization...$-\Delta c$ 0.0
residual of the fit... nan
starting bubble....... 919
time for bubble... 29.334903717041016
effective speed of sound down renormalization...$-\Delta c$ 0.0
residual of the fit... nan
starting bubble....... 919
time for bubble... 29.471526384353638
effective speed of sound down renormalization...$-\Delta c$ 0.0
residual of the fit... nan
starting bubble....... 919
time for bubble... 29.369236946105957
effective speed of sound down renormalization...$-\Delta c$ 0.0
residual of the fit... nan
starting bubble....... 919
time for bubble... 29.390573263168335
effective speed of sound down renormalization...$-\Delta c$ 0.0
residual of the fit... nan
starting bubble....... 919
time for bubble... 29.217235803604126
effective speed of sound down renormalization...$-\Delta c$ 0.0
residual of the fit... nan
starting bubble....... 919
time for bubble... 29.289496898651123
effective speed of sound down renormalization...$-\Delta c$ 0.0
residual of the fit... nan
starting bubble....... 919
time for bubble... 29.496652841567993
effective speed of sound down renormalization...$-\Delta c$ 0.0
residual of the fit... nan
starting bubble....... 919
time for bubble... 29.681536436080933
effective speed of sound down renormalization...$-\Delta c$ 0.0
residual of the fit... nan
starting bubble....... 919
time for bubble... 29.066933631896973
effective speed of sound down renormalization...$-\Delta c$ 0.0
residual of the fit... nan
starting bubble....... 919
time for bubble... 29.185672521591187
effective speed of sound down renormalization...$-\Delta c$ 0.0
residual of the fit... nan
starting bubble....... 919
time for bubble... 29.015710830688477
effective speed of sound down renormalization...$-\Delta c$ 0.0
residual of the fit... nan
starting bubble....... 919
time for bubble... 29.314116954803467
effective speed of sound down renormalization...$-\Delta c$ 0.0
residual of the fit... nan
time for sweep delta 585.2624723911285
