starting sampling in reciprocal space....
finished sampling in reciprocal space....t= 0.00811624526977539  s
91 numer of sampling lattice points
taking 0 umklapps
hbvf is .. 2.3382685902179845
q is... 0.07603146420181812
hvkd is... 0.1777819846113944
kappa is.. 0.3
alpha is.. 0.590611024112003
the twist angle is .. 0.01815142422074103
starting sampling in reciprocal space....
finished sampling in reciprocal space....t= 0.0041539669036865234  s
starting sampling in reciprocal space....
finished sampling in reciprocal space....t= 0.004133939743041992  s
starting dispersion ..........
time to diag over MBZ 8.26395869255066
number of bands in density of states calculation, 2
sum of the hist, normed? 7.999999999999991
CHEMICAL POTENTIAL AND FILLING 0.0 0.0
starting sampling in reciprocal space....
finished sampling in reciprocal space....t= 0.004006624221801758  s
(1680,)
the bandwidth is ... 0.00281985247086812
149.25user 3.87system 0:20.19elapsed 758%CPU (0avgtext+0avgdata 1371352maxresident)k
0inputs+160outputs (0major+2446253minor)pagefaults 0swaps
