starting sampling in reciprocal space....
finished sampling in reciprocal space....t= 0.007926225662231445  s
91 numer of sampling lattice points
taking 0 umklapps
hbvf is .. 2.3382685902179845
q is... 0.08480404129297625
hvkd is... 0.19829462607891532
kappa is.. 0.3
alpha is.. 0.5295151062652255
the twist angle is .. 0.020245819323134222
starting sampling in reciprocal space....
finished sampling in reciprocal space....t= 0.004324436187744141  s
starting sampling in reciprocal space....
finished sampling in reciprocal space....t= 0.004164218902587891  s
starting dispersion ..........
time to diag over MBZ 8.610771656036377
number of bands in density of states calculation, 2
sum of the hist, normed? 8.000000000000002
CHEMICAL POTENTIAL AND FILLING 0.0 0.0
starting sampling in reciprocal space....
finished sampling in reciprocal space....t= 0.004082918167114258  s
(1680,)
the bandwidth is ... 0.02913404730000814
156.02user 3.79system 0:21.02elapsed 759%CPU (0avgtext+0avgdata 1373332maxresident)k
0inputs+168outputs (0major+2446670minor)pagefaults 0swaps
