starting sampling in reciprocal space....
finished sampling in reciprocal space....t= 0.005493879318237305  s
91 numer of sampling lattice points
taking 0 umklapps
hbvf is .. 2.3382685902179845
q is... 0.07749356643361043
hvkd is... 0.18120077233568196
kappa is.. 0.3
alpha is.. 0.5794677287880602
the twist angle is .. 0.018500490071139894
starting sampling in reciprocal space....
finished sampling in reciprocal space....t= 0.004167795181274414  s
starting sampling in reciprocal space....
finished sampling in reciprocal space....t= 0.00410008430480957  s
starting dispersion ..........
time to diag over MBZ 8.747245788574219
number of bands in density of states calculation, 2
sum of the hist, normed? 8.00000000000001
CHEMICAL POTENTIAL AND FILLING 0.0 0.0
starting sampling in reciprocal space....
finished sampling in reciprocal space....t= 0.004056453704833984  s
(1680,)
the bandwidth is ... 0.0023125217494067243
156.81user 3.94system 0:21.23elapsed 756%CPU (0avgtext+0avgdata 1373272maxresident)k
0inputs+208outputs (0major+2447516minor)pagefaults 0swaps
