starting sampling in reciprocal space....
finished sampling in reciprocal space....t= 0.054349660873413086  s
919 numer of sampling lattice points
taking 0 umklapps
hbvf is .. 2.3382685902179845
q is... 0.08187985878730153
hvkd is... 0.1914571019738312
kappa is.. 0.75
alpha is.. 0.5484257252277412
the twist angle is .. 0.019547687622336492
phonon params 339201177549277.3
phonon params upsilon 4.240014719365966e+16
area ratio 0.0003820999240645599 0.00038209992406455925
correct factor by which the interaction is reduced 72.34799870543021
c tilde 1752.7843874827852
starting sampling in reciprocal space....
finished sampling in reciprocal space....t= 0.5647327899932861  s
starting sampling in reciprocal space....
finished sampling in reciprocal space....t= 0.5659990310668945  s
starting dispersion with 9919 points..........
time to diag over MBZ 4443.725895643234
saving  ..........
number of bands in density of states calculation, 2
sum of the hist, normed? 7.9999999999999964
CHEMICAL POTENTIALS AND FILLINGS [0.         0.00067299 0.00093561 0.00109948 0.00121347 0.00128454
 0.00134003 0.00141051 0.0015031  0.00162399 0.00174389 0.00189754
 0.00206275 0.00224129 0.00246123 0.00272285 0.00303773 0.00346303
 0.00411541 0.00547268] [0.         0.20526316 0.41052632 0.61578947 0.82105263 1.02631579
 1.23157895 1.43684211 1.64210526 1.84736842 2.05263158 2.25789474
 2.46315789 2.66842105 2.87368421 3.07894737 3.28421053 3.48947368
 3.69473684 3.9       ]
CHEMICAL POTENTIAL AND FILLING 0.0 0.0
starting sampling in reciprocal space....
finished sampling in reciprocal space....t= 0.05150914192199707  s
starting sampling in reciprocal space....
finished sampling in reciprocal space....t= 0.05173945426940918  s
starting dispersion with 919 points..........
time to diag over MBZ 464.27164912223816
starting sampling in reciprocal space....
finished sampling in reciprocal space....t= 0.05168747901916504  s
(6433, 564, 2) (919, 564, 2) (6433,)
starting sampling in reciprocal space....
finished sampling in reciprocal space....t= 0.05143880844116211  s
(6433, 564, 2) (919, 564, 2) (6433,)
calculating tensor that stores the overlaps........
finsihed the overlaps.......... 17.52949070930481
calculating tensor that stores the overlaps........
finsihed the overlaps.......... 3.0142571926116943
calculating tensor that stores the overlaps........
finsihed the overlaps.......... 17.57246422767639
calculating tensor that stores the overlaps........
finsihed the overlaps.......... 3.0706143379211426
testing symmetry of the form factors...
failed C3 symmetry test, plus valley... 6.431944465884497e-05
failed C3 symmetry test, minus valley... 6.431944465884497e-05
finished testing symmetry of the form factors...
starting bubble....... 919
time for bubble... 28.85619282722473
effective speed of sound down renormalization...$-\Delta c$ 2925.5333330679314
residual of the fit... 0.05782467031351313
starting bubble....... 919
time for bubble... 29.044090509414673
effective speed of sound down renormalization...$-\Delta c$ 0.0
residual of the fit... nan
starting bubble....... 919
time for bubble... 29.12993812561035
effective speed of sound down renormalization...$-\Delta c$ 0.0
residual of the fit... nan
starting bubble....... 919
time for bubble... 29.20873212814331
effective speed of sound down renormalization...$-\Delta c$ 0.0
residual of the fit... nan
starting bubble....... 919
time for bubble... 29.281238794326782
effective speed of sound down renormalization...$-\Delta c$ 0.0
residual of the fit... nan
starting bubble....... 919
time for bubble... 29.236547231674194
effective speed of sound down renormalization...$-\Delta c$ 0.0
residual of the fit... nan
starting bubble....... 919
time for bubble... 29.35457682609558
effective speed of sound down renormalization...$-\Delta c$ 0.0
residual of the fit... nan
starting bubble....... 919
time for bubble... 29.310194969177246
effective speed of sound down renormalization...$-\Delta c$ 0.0
residual of the fit... nan
starting bubble....... 919
time for bubble... 29.20206904411316
effective speed of sound down renormalization...$-\Delta c$ 0.0
residual of the fit... nan
starting bubble....... 919
time for bubble... 29.22847557067871
effective speed of sound down renormalization...$-\Delta c$ 0.0
residual of the fit... nan
starting bubble....... 919
time for bubble... 29.12220859527588
effective speed of sound down renormalization...$-\Delta c$ 0.0
residual of the fit... nan
starting bubble....... 919
time for bubble... 29.104707717895508
effective speed of sound down renormalization...$-\Delta c$ 0.0
residual of the fit... nan
starting bubble....... 919
time for bubble... 29.235655784606934
effective speed of sound down renormalization...$-\Delta c$ 0.0
residual of the fit... nan
starting bubble....... 919
time for bubble... 29.281890153884888
effective speed of sound down renormalization...$-\Delta c$ 0.0
residual of the fit... nan
starting bubble....... 919
time for bubble... 29.369673490524292
effective speed of sound down renormalization...$-\Delta c$ 0.0
residual of the fit... nan
starting bubble....... 919
time for bubble... 29.45025324821472
effective speed of sound down renormalization...$-\Delta c$ 0.0
residual of the fit... nan
starting bubble....... 919
time for bubble... 29.27121138572693
effective speed of sound down renormalization...$-\Delta c$ 0.0
residual of the fit... nan
starting bubble....... 919
time for bubble... 29.197715044021606
effective speed of sound down renormalization...$-\Delta c$ 0.0
residual of the fit... nan
starting bubble....... 919
time for bubble... 29.234779834747314
effective speed of sound down renormalization...$-\Delta c$ 0.0
residual of the fit... nan
starting bubble....... 919
time for bubble... 29.272199153900146
effective speed of sound down renormalization...$-\Delta c$ 0.0
residual of the fit... nan
time for sweep delta 584.4392981529236
