starting sampling in reciprocal space....
finished sampling in reciprocal space....t= 0.051847219467163086  s
919 numer of sampling lattice points
taking 0 umklapps
hbvf is .. 2.7
q is... 0.07983292507592547
hvkd is... 0.2155488977049988
kappa is.. 0.3
alpha is.. 0.48712844796684357
the twist angle is .. 0.01905899543177808
phonon params 306532960523378.2
phonon params upsilon 3.831662006542227e+16
area ratio 0.0003632343114055934 0.0003632343114055933
correct factor by which the interaction is reduced 74.20301726274708
c tilde 1708.9661212491785
starting sampling in reciprocal space....
finished sampling in reciprocal space....t= 0.5708520412445068  s
starting sampling in reciprocal space....
finished sampling in reciprocal space....t= 0.5724618434906006  s
starting dispersion ..........
time to diag over MBZ 2733.872636795044
saving  ..........
number of bands in density of states calculation, 2
sum of the hist, normed? 7.99999999999995
CHEMICAL POTENTIAL AND FILLING 0.0 0.0
starting sampling in reciprocal space....
finished sampling in reciprocal space....t= 0.051439523696899414  s
starting sampling in reciprocal space....
finished sampling in reciprocal space....t= 0.05187368392944336  s
starting dispersion ..........
time to diag over MBZ 263.86697149276733
starting sampling in reciprocal space....
finished sampling in reciprocal space....t= 0.05202126502990723  s
(6433, 564, 2) (919, 564, 2) (6433,)
starting sampling in reciprocal space....
finished sampling in reciprocal space....t= 0.052153825759887695  s
(6433, 564, 2) (919, 564, 2) (6433,)
calculating tensor that stores the overlaps........
finsihed the overlaps.......... 14.978001356124878
calculating tensor that stores the overlaps........
finsihed the overlaps.......... 14.847298622131348
calculating tensor that stores the overlaps........
finsihed the overlaps.......... 14.951042890548706
calculating tensor that stores the overlaps........
finsihed the overlaps.......... 3.151942253112793
calculating tensor that stores the overlaps........
finsihed the overlaps.......... 15.474301099777222
calculating tensor that stores the overlaps........
finsihed the overlaps.......... 2.9004921913146973
testing symmetry of the form factors...
plus valley form factor passed the C3 symmetry test with average difference...  9.230823421785579e-16
minus valley form factor passed the C3 symmetry test with average difference...  1.4916511799762216e-15
finished testing symmetry of the form factors...
starting bubble....... 919
time for bubble... 29.257219314575195
effective speed of sound down renormalization...$-\Delta c$ 1233.5988851320542
residual of the fit... 0.08836038277108656
starting bubble....... 919
time for bubble... 29.464748859405518
effective speed of sound down renormalization...$-\Delta c$ 1238.4807709606437
residual of the fit... 0.044182386886606445
starting bubble....... 919
time for bubble... 29.59722590446472
effective speed of sound down renormalization...$-\Delta c$ 1224.0580040797138
residual of the fit... 0.06453788311312272
starting bubble....... 919
time for bubble... 29.378801584243774
effective speed of sound down renormalization...$-\Delta c$ 1220.2032487954339
residual of the fit... 0.07074810047201928
starting bubble....... 919
time for bubble... 29.457471132278442
effective speed of sound down renormalization...$-\Delta c$ 1311.35790879318
residual of the fit... 0.019522023735483635
starting bubble....... 919
time for bubble... 29.519733428955078
effective speed of sound down renormalization...$-\Delta c$ 1288.4608297853233
residual of the fit... 0.05333255374873446
starting bubble....... 919
time for bubble... 29.544684886932373
effective speed of sound down renormalization...$-\Delta c$ 1408.9561429287992
residual of the fit... 0.030185359216622094
starting bubble....... 919
time for bubble... 29.519555807113647
effective speed of sound down renormalization...$-\Delta c$ 1514.4574897337234
residual of the fit... 0.025246569488127528
starting bubble....... 919
time for bubble... 29.53875756263733
effective speed of sound down renormalization...$-\Delta c$ 1561.854119934453
residual of the fit... 0.021195673678696913
starting bubble....... 919
time for bubble... 29.53965163230896
effective speed of sound down renormalization...$-\Delta c$ 1384.3089410142634
residual of the fit... 0.07909673868353578
starting bubble....... 919
time for bubble... 29.577726125717163
effective speed of sound down renormalization...$-\Delta c$ 1172.3103840917981
residual of the fit... 0.00862767980379544
starting bubble....... 919
time for bubble... 29.56484866142273
effective speed of sound down renormalization...$-\Delta c$ 1017.0940456366441
residual of the fit... 0.014415782381390674
starting bubble....... 919
time for bubble... 29.512796878814697
effective speed of sound down renormalization...$-\Delta c$ 905.5986383640981
residual of the fit... 0.008498371619665006
starting bubble....... 919
time for bubble... 29.56558656692505
effective speed of sound down renormalization...$-\Delta c$ 777.1138428188432
residual of the fit... 0.021978965654508013
starting bubble....... 919
time for bubble... 29.582608699798584
effective speed of sound down renormalization...$-\Delta c$ 651.7760764416349
residual of the fit... 0.015689379452084658
starting bubble....... 919
time for bubble... 29.569268226623535
effective speed of sound down renormalization...$-\Delta c$ 533.1566973148232
residual of the fit... 0.011677240896779018
starting bubble....... 919
time for bubble... 29.547061681747437
effective speed of sound down renormalization...$-\Delta c$ 428.4664004600139
residual of the fit... 0.01041548027420739
starting bubble....... 919
time for bubble... 29.54865050315857
effective speed of sound down renormalization...$-\Delta c$ 317.6857778736732
residual of the fit... 0.009359572619617824
starting bubble....... 919
time for bubble... 29.587939262390137
effective speed of sound down renormalization...$-\Delta c$ 214.45105989034428
residual of the fit... 0.004784933164652033
starting bubble....... 919
time for bubble... 29.872660398483276
effective speed of sound down renormalization...$-\Delta c$ 90.29989725884236
residual of the fit... 0.08696220002253986
time for sweep delta 590.788899898529
