starting sampling in reciprocal space....
finished sampling in reciprocal space....t= 0.0517730712890625  s
919 numer of sampling lattice points
taking 0 umklapps
hbvf is .. 2.7
q is... 0.0736920958320925
hvkd is... 0.1989686587466498
kappa is.. 0.75
alpha is.. 0.5277213037541671
the twist angle is .. 0.017592918860102842
phonon params 222552585523716.12
phonon params upsilon 2.7819073190464516e+16
area ratio 0.00030950281102288965 0.00030950281102288895
correct factor by which the interaction is reduced 80.3864220532143
c tilde 1577.510720809999
starting sampling in reciprocal space....
finished sampling in reciprocal space....t= 0.36391162872314453  s
starting sampling in reciprocal space....
finished sampling in reciprocal space....t= 0.3662259578704834  s
starting dispersion ..........
time to diag over MBZ 1839.6626873016357
saving  ..........
number of bands in density of states calculation, 2
sum of the hist, normed? 7.999999999999935
CHEMICAL POTENTIAL AND FILLING 0.0 0.0
starting sampling in reciprocal space....
finished sampling in reciprocal space....t= 0.05211353302001953  s
starting sampling in reciprocal space....
finished sampling in reciprocal space....t= 0.05185508728027344  s
starting dispersion ..........
time to diag over MBZ 279.22363901138306
starting sampling in reciprocal space....
finished sampling in reciprocal space....t= 0.05248236656188965  s
(6433, 564, 2) (919, 564, 2) (6433,)
starting sampling in reciprocal space....
finished sampling in reciprocal space....t= 0.05255293846130371  s
(6433, 564, 2) (919, 564, 2) (6433,)
calculating tensor that stores the overlaps........
finsihed the overlaps.......... 14.953380346298218
calculating tensor that stores the overlaps........
finsihed the overlaps.......... 15.053889513015747
calculating tensor that stores the overlaps........
finsihed the overlaps.......... 15.100790977478027
calculating tensor that stores the overlaps........
finsihed the overlaps.......... 2.890012264251709
calculating tensor that stores the overlaps........
finsihed the overlaps.......... 15.074687480926514
calculating tensor that stores the overlaps........
finsihed the overlaps.......... 2.9594409465789795
testing symmetry of the form factors...
plus valley form factor passed the C3 symmetry test with average difference...  2.765282685606827e-15
minus valley form factor passed the C3 symmetry test with average difference...  2.3788572604301034e-15
finished testing symmetry of the form factors...
starting bubble....... 919
time for bubble... 29.343934059143066
effective speed of sound down renormalization...$-\Delta c$ 1917.6831650565432
residual of the fit... 0.07299480915670863
starting bubble....... 919
time for bubble... 29.48076629638672
effective speed of sound down renormalization...$-\Delta c$ 2070.6392318401745
residual of the fit... 0.023788761250439532
starting bubble....... 919
time for bubble... 29.45457363128662
effective speed of sound down renormalization...$-\Delta c$ 2662.610383873156
residual of the fit... 0.03313716604774604
starting bubble....... 919
time for bubble... 29.453140258789062
effective speed of sound down renormalization...$-\Delta c$ 1836.3887153850112
residual of the fit... 0.012514316754508512
starting bubble....... 919
time for bubble... 29.31606435775757
effective speed of sound down renormalization...$-\Delta c$ 1295.2514461523656
residual of the fit... 0.030187792783673072
starting bubble....... 919
time for bubble... 29.362900018692017
effective speed of sound down renormalization...$-\Delta c$ 803.0112210655382
residual of the fit... 0.0528712964310071
starting bubble....... 919
time for bubble... 29.3276584148407
effective speed of sound down renormalization...$-\Delta c$ 223.7212051712825
residual of the fit... 0.030896257750591016
time for sweep delta 205.75843787193298
