starting sampling in reciprocal space....
finished sampling in reciprocal space....t= 0.026720762252807617  s
91 numer of sampling lattice points
taking 0 umklapps
hbvf is .. 2.7
q is... 0.07983292507592547
hvkd is... 0.2155488977049988
kappa is.. 1
alpha is.. 0.48712844796684357
the twist angle is .. 0.01905899543177808
starting sampling in reciprocal space....
finished sampling in reciprocal space....t= 0.0483403205871582  s
starting sampling in reciprocal space....
finished sampling in reciprocal space....t= 0.03309226036071777  s
starting dispersion ..........
time to diag over MBZ 248.18908047676086
number of bands in density of states calculation, 2
sum of the hist, normed? 8.00000000000001
CHEMICAL POTENTIAL AND FILLING 0.0 0.0
starting sampling in reciprocal space....
finished sampling in reciprocal space....t= 0.005043983459472656  s
(1680,)
the bandwidth is ... 0.045522368681591804
440.32user 30.31system 9:35.91elapsed 81%CPU (0avgtext+0avgdata 1373488maxresident)k
0inputs+200outputs (0major+2447729minor)pagefaults 0swaps
