starting sampling in reciprocal space....
finished sampling in reciprocal space....t= 0.004935503005981445  s
91 numer of sampling lattice points
taking 0 umklapps
hbvf is .. 2.7
q is... 0.06755122699017235
hvkd is... 0.18238831287346535
kappa is.. 1
alpha is.. 0.5756947818956214
the twist angle is .. 0.016126842288427607
starting sampling in reciprocal space....
finished sampling in reciprocal space....t= 0.0050389766693115234  s
starting sampling in reciprocal space....
finished sampling in reciprocal space....t= 0.005076408386230469  s
starting dispersion ..........
time to diag over MBZ 243.85647416114807
number of bands in density of states calculation, 2
sum of the hist, normed? 8.000000000000004
CHEMICAL POTENTIAL AND FILLING 0.0 0.0
starting sampling in reciprocal space....
finished sampling in reciprocal space....t= 0.005036592483520508  s
(1680,)
the bandwidth is ... 0.0011751017579587396
437.20user 29.48system 9:39.13elapsed 80%CPU (0avgtext+0avgdata 1373132maxresident)k
0inputs+184outputs (0major+2447151minor)pagefaults 0swaps
