starting sampling in reciprocal space....
finished sampling in reciprocal space....t= 0.051167964935302734  s
919 numer of sampling lattice points
taking 0 umklapps
hbvf is .. 2.3382685902179845
q is... 0.06945197614064469
hvkd is... 0.16239737433823836
kappa is.. 0.75
alpha is.. 0.6465621776698671
the twist angle is .. 0.01658062789394613
phonon params 175585011667882.7
phonon params upsilon 2.1948126458485336e+16
area ratio 0.00027491092312533833 0.0002749109231253379
correct factor by which the interaction is reduced 85.29410171927053
c tilde 1486.7433977307774
starting sampling in reciprocal space....
finished sampling in reciprocal space....t= 0.568718433380127  s
starting sampling in reciprocal space....
finished sampling in reciprocal space....t= 0.5604362487792969  s
starting dispersion ..........
time to diag over MBZ 3043.914885044098
saving  ..........
number of bands in density of states calculation, 2
sum of the hist, normed? 7.999999999999809
CHEMICAL POTENTIAL AND FILLING 0.0 0.0
starting sampling in reciprocal space....
finished sampling in reciprocal space....t= 0.052609920501708984  s
starting sampling in reciprocal space....
finished sampling in reciprocal space....t= 0.051941871643066406  s
starting dispersion ..........
time to diag over MBZ 271.3826389312744
starting sampling in reciprocal space....
finished sampling in reciprocal space....t= 0.052655696868896484  s
(6433, 564, 2) (919, 564, 2) (6433,)
starting sampling in reciprocal space....
finished sampling in reciprocal space....t= 0.052510976791381836  s
(6433, 564, 2) (919, 564, 2) (6433,)
calculating tensor that stores the overlaps........
finsihed the overlaps.......... 15.076769828796387
calculating tensor that stores the overlaps........
finsihed the overlaps.......... 14.957056522369385
calculating tensor that stores the overlaps........
finsihed the overlaps.......... 15.441068887710571
calculating tensor that stores the overlaps........
finsihed the overlaps.......... 2.9304935932159424
calculating tensor that stores the overlaps........
finsihed the overlaps.......... 14.90481448173523
calculating tensor that stores the overlaps........
finsihed the overlaps.......... 2.994636058807373
testing symmetry of the form factors...
plus valley form factor passed the C3 symmetry test with average difference...  7.093907941257499e-15
minus valley form factor passed the C3 symmetry test with average difference...  2.1525134395409312e-14
finished testing symmetry of the form factors...
starting bubble....... 919
time for bubble... 29.28005623817444
effective speed of sound down renormalization...$-\Delta c$ 2427.0141340227556
residual of the fit... 0.06968020021709143
starting bubble....... 919
time for bubble... 29.645344734191895
effective speed of sound down renormalization...$-\Delta c$ 2590.1487527705276
residual of the fit... 0.026018631341861696
starting bubble....... 919
time for bubble... 29.5303795337677
effective speed of sound down renormalization...$-\Delta c$ 2776.5374804926564
residual of the fit... 0.09000925724423993
starting bubble....... 919
time for bubble... 29.655681610107422
effective speed of sound down renormalization...$-\Delta c$ 3024.3468345253405
residual of the fit... 0.08683147498147976
starting bubble....... 919
time for bubble... 29.755454301834106
effective speed of sound down renormalization...$-\Delta c$ 3204.9126373789536
residual of the fit... 0.005456027163321863
starting bubble....... 919
time for bubble... 29.746740579605103
effective speed of sound down renormalization...$-\Delta c$ 3185.0044396330454
residual of the fit... 0.057928663953482375
starting bubble....... 919
time for bubble... 29.834734201431274
effective speed of sound down renormalization...$-\Delta c$ 2917.457038962768
residual of the fit... 0.07498506633916514
starting bubble....... 919
time for bubble... 29.78419041633606
effective speed of sound down renormalization...$-\Delta c$ 2574.030257676554
residual of the fit... 0.012262652791936604
starting bubble....... 919
time for bubble... 29.700392484664917
effective speed of sound down renormalization...$-\Delta c$ 2343.132244005653
residual of the fit... 0.030098953134231485
starting bubble....... 919
time for bubble... 29.450071334838867
effective speed of sound down renormalization...$-\Delta c$ 2209.48284311406
residual of the fit... 0.00654189095278615
starting bubble....... 919
time for bubble... 29.522316217422485
effective speed of sound down renormalization...$-\Delta c$ 1980.4850901311331
residual of the fit... 0.022078183125838115
starting bubble....... 919
time for bubble... 29.386832237243652
effective speed of sound down renormalization...$-\Delta c$ 1845.8213636443304
residual of the fit... 0.014104340134495092
starting bubble....... 919
time for bubble... 29.655911445617676
effective speed of sound down renormalization...$-\Delta c$ 1653.8942643296155
residual of the fit... 0.019696566914583394
starting bubble....... 919
time for bubble... 29.365230083465576
effective speed of sound down renormalization...$-\Delta c$ 1494.2734826396427
residual of the fit... 0.017358008286065787
starting bubble....... 919
time for bubble... 29.412033319473267
effective speed of sound down renormalization...$-\Delta c$ 1337.5363747373874
residual of the fit... 0.07757085671122213
starting bubble....... 919
time for bubble... 29.813230514526367
effective speed of sound down renormalization...$-\Delta c$ 1133.283416767101
residual of the fit... 0.037575994128101246
starting bubble....... 919
time for bubble... 29.371703386306763
effective speed of sound down renormalization...$-\Delta c$ 917.0431264786868
residual of the fit... 0.02799182722308783
starting bubble....... 919
time for bubble... 29.532301664352417
effective speed of sound down renormalization...$-\Delta c$ 722.1148007904765
residual of the fit... 0.020887589633820477
starting bubble....... 919
time for bubble... 29.50739574432373
effective speed of sound down renormalization...$-\Delta c$ 466.84517835445234
residual of the fit... 0.05257246512253959
starting bubble....... 919
time for bubble... 29.329829931259155
effective speed of sound down renormalization...$-\Delta c$ 249.93414866839032
residual of the fit... 0.12974030245069637
time for sweep delta 591.3192613124847
