starting sampling in reciprocal space....
finished sampling in reciprocal space....t= 0.007738828659057617  s
91 numer of sampling lattice points
taking 0 umklapps
hbvf is .. 2.7
q is... 0.06448077875110592
hvkd is... 0.17409810262798597
kappa is.. 1
alpha is.. 0.6031082384876113
the twist angle is .. 0.015393804002589986
starting sampling in reciprocal space....
finished sampling in reciprocal space....t= 0.004939556121826172  s
starting sampling in reciprocal space....
finished sampling in reciprocal space....t= 0.005106687545776367  s
starting dispersion ..........
time to diag over MBZ 225.9273099899292
number of bands in density of states calculation, 2
sum of the hist, normed? 8.000000000000032
CHEMICAL POTENTIAL AND FILLING 0.0 0.0
starting sampling in reciprocal space....
finished sampling in reciprocal space....t= 0.03870892524719238  s
(1680,)
the bandwidth is ... 0.011861763046436716
437.74user 29.86system 9:35.98elapsed 81%CPU (0avgtext+0avgdata 1373680maxresident)k
0inputs+176outputs (0major+2447858minor)pagefaults 0swaps
