starting sampling in reciprocal space....
finished sampling in reciprocal space....t= 0.0062944889068603516  s
91 numer of sampling lattice points
taking 0 umklapps
hbvf is .. 2.3382685902179845
q is... 0.08407299662136936
hvkd is... 0.1965852472852507
kappa is.. 0.3
alpha is.. 0.5341194288483003
the twist angle is .. 0.020071286397934786
starting sampling in reciprocal space....
finished sampling in reciprocal space....t= 0.004101753234863281  s
starting sampling in reciprocal space....
finished sampling in reciprocal space....t= 0.0040531158447265625  s
starting dispersion ..........
time to diag over MBZ 8.88036584854126
number of bands in density of states calculation, 2
sum of the hist, normed? 8.000000000000014
CHEMICAL POTENTIAL AND FILLING 0.0 0.0
starting sampling in reciprocal space....
finished sampling in reciprocal space....t= 0.00407099723815918  s
(4200,)
the bandwidth is ... 0.02637515584880859
276.75user 6.95system 0:36.54elapsed 776%CPU (0avgtext+0avgdata 3161788maxresident)k
0inputs+168outputs (0major+4596681minor)pagefaults 0swaps
