starting sampling in reciprocal space....
finished sampling in reciprocal space....t= 0.007567405700683594  s
91 numer of sampling lattice points
taking 0 umklapps
hbvf is .. 2.3382685902179845
q is... 0.08187985878730153
hvkd is... 0.1914571019738312
kappa is.. 0.75
alpha is.. 0.5484257252277412
the twist angle is .. 0.019547687622336492
starting sampling in reciprocal space....
finished sampling in reciprocal space....t= 0.004141330718994141  s
starting sampling in reciprocal space....
finished sampling in reciprocal space....t= 0.0041577816009521484  s
starting dispersion ..........
time to diag over MBZ 9.018335819244385
number of bands in density of states calculation, 2
sum of the hist, normed? 8.000000000000007
CHEMICAL POTENTIAL AND FILLING 0.0 0.0
starting sampling in reciprocal space....
finished sampling in reciprocal space....t= 0.004216432571411133  s
(1680,)
the bandwidth is ... 0.013756318216675827
162.37user 4.31system 0:22.11elapsed 753%CPU (0avgtext+0avgdata 1373080maxresident)k
0inputs+216outputs (0major+2447564minor)pagefaults 0swaps
