starting sampling in reciprocal space....
finished sampling in reciprocal space....t= 0.006821870803833008  s
91 numer of sampling lattice points
taking 0 umklapps
hbvf is .. 2.3382685902179845
q is... 0.07895566630481395
hvkd is... 0.18461955454027892
kappa is.. 0.75
alpha is.. 0.5687371538809117
the twist angle is .. 0.01884955592153876
starting sampling in reciprocal space....
finished sampling in reciprocal space....t= 0.004179477691650391  s
starting sampling in reciprocal space....
finished sampling in reciprocal space....t= 0.004108428955078125  s
starting dispersion ..........
time to diag over MBZ 8.981150388717651
number of bands in density of states calculation, 2
sum of the hist, normed? 7.999999999999997
CHEMICAL POTENTIAL AND FILLING 0.0 0.0
starting sampling in reciprocal space....
finished sampling in reciprocal space....t= 0.00401759147644043  s
(240,)
the bandwidth is ... 0.0038118716050895836
158.11user 3.76system 0:21.40elapsed 756%CPU (0avgtext+0avgdata 1374736maxresident)k
0inputs+224outputs (0major+2448274minor)pagefaults 0swaps
