starting sampling in reciprocal space....
finished sampling in reciprocal space....t= 0.005570888519287109  s
91 numer of sampling lattice points
taking 0 umklapps
hbvf is .. 2.3382685902179845
q is... 0.08553508531876375
hvkd is... 0.20000400336248073
kappa is.. 0.75
alpha is.. 0.5249894913838371
the twist angle is .. 0.020420352248333655
starting sampling in reciprocal space....
finished sampling in reciprocal space....t= 0.004163503646850586  s
starting sampling in reciprocal space....
finished sampling in reciprocal space....t= 0.004204273223876953  s
starting dispersion ..........
time to diag over MBZ 9.073655128479004
number of bands in density of states calculation, 2
sum of the hist, normed? 7.999999999999999
CHEMICAL POTENTIAL AND FILLING 0.0 0.0
starting sampling in reciprocal space....
finished sampling in reciprocal space....t= 0.004060029983520508  s
(240,)
the bandwidth is ... 0.026745306568822742
158.81user 3.82system 0:21.49elapsed 756%CPU (0avgtext+0avgdata 1374196maxresident)k
0inputs+232outputs (0major+2448763minor)pagefaults 0swaps
