starting sampling in reciprocal space....
starting sampling in reciprocal space....
finished sampling in reciprocal space....t= 0.03628206253051758  s
919 numer of sampling lattice points
taking 0 umklapps
hbvf is .. 2.1354
q is... 0.07676251561000431
hvkd is... 0.16391867583360323
kappa is.. 0.0
alpha is.. 0.5948071475331707
the twist angle is .. 0.01832595714594046
phonon params 524053712277273.6 84.80009352223715 10600.011690279644
finished sampling in reciprocal space....t= 0.03721880912780762  s
919 numer of sampling lattice points
taking 0 umklapps
hbvf is .. 2.1354
q is... 0.07676251561000431
hvkd is... 0.16391867583360323
kappa is.. 0.0
alpha is.. 0.5948071475331707
the twist angle is .. 0.01832595714594046
phonon params 524053712277273.6 84.80009352223715 10600.011690279644
starting sampling in reciprocal space....
starting sampling in reciprocal space....
finished sampling in reciprocal space....t= 0.4273529052734375  s
starting sampling in reciprocal space....
finished sampling in reciprocal space....t= 0.4351620674133301  s
starting sampling in reciprocal space....
finished sampling in reciprocal space....t= 0.35269808769226074  s
Loading  ..........
number of bands in density of states calculation, 2
sum of the hist, normed? 7.99999999999991
finished sampling in reciprocal space....t= 0.3268458843231201  s
Loading  ..........
number of bands in density of states calculation, 2
sum of the hist, normed? 7.99999999999991
CHEMICAL POTENTIAL AND FILLING 0.0 0.0
starting sampling in reciprocal space....
finished sampling in reciprocal space....t= 0.035216331481933594  s
starting sampling in reciprocal space....
CHEMICAL POTENTIAL AND FILLING 0.0 0.0
starting sampling in reciprocal space....
finished sampling in reciprocal space....t= 0.02879643440246582  s
starting dispersion ..........
finished sampling in reciprocal space....t= 0.04735732078552246  s
starting sampling in reciprocal space....
finished sampling in reciprocal space....t= 0.028723478317260742  s
starting dispersion ..........
time to diag over MBZ 1442.4395987987518
starting sampling in reciprocal space....
finished sampling in reciprocal space....t= 0.26831603050231934  s
(6433, 564, 2) (919, 564, 2) (6433,)
starting sampling in reciprocal space....
finished sampling in reciprocal space....t= 0.18870854377746582  s
time to diag over MBZ 1487.760365486145
starting sampling in reciprocal space....
finished sampling in reciprocal space....t= 0.24341845512390137  s
(6433, 564, 2) (919, 564, 2) (6433,)
calculating tensor that stores the overlaps........
(6433, 564, 2) (919, 564, 2) (6433,)
starting sampling in reciprocal space....
finished sampling in reciprocal space....t= 0.11599516868591309  s
finsihed the overlaps.......... 27.55940842628479
calculating tensor that stores the overlaps........
finsihed the overlaps.......... 11.18178105354309
(6433, 564, 2) (919, 564, 2) (6433,)
calculating tensor that stores the overlaps........
calculating tensor that stores the overlaps........
finsihed the overlaps.......... 29.178792715072632
calculating tensor that stores the overlaps........
finsihed the overlaps.......... 30.103639364242554
calculating tensor that stores the overlaps........
finsihed the overlaps.......... 11.728690147399902
finsihed the overlaps.......... 33.42897605895996
calculating tensor that stores the overlaps........
testing symmetry of the form factors...
plus valley form factor passed the C3 symmetry test with average difference...  1.69124887474599e-15
minus valley form factor passed the C3 symmetry test with average difference...  1.7998743166602274e-15
finished testing symmetry of the form factors...
starting bubble....... 919
finsihed the overlaps.......... 24.029460668563843
calculating tensor that stores the overlaps........
finsihed the overlaps.......... 10.520961046218872
calculating tensor that stores the overlaps........
finsihed the overlaps.......... 16.648510456085205
calculating tensor that stores the overlaps........
finsihed the overlaps.......... 5.423745393753052
testing symmetry of the form factors...
plus valley form factor passed the C3 symmetry test with average difference...  1.6913029096718277e-15
minus valley form factor passed the C3 symmetry test with average difference...  1.8049052710847193e-15
finished testing symmetry of the form factors...
starting bubble....... 919
time for bubble... 77.5055820941925
effective speed of sound down renormalization...$-\Delta c$ 6560.534152833057
residual of the fit... 0.07168573424038062
starting bubble....... 919
time for bubble... 23.694172382354736
effective speed of sound down renormalization...$-\Delta c$ 6609.976187036211
residual of the fit... 0.050282227670030336
starting bubble....... 919
time for bubble... 25.276873350143433
effective speed of sound down renormalization...$-\Delta c$ 6383.154718543697
residual of the fit... 0.09220748897152692
starting bubble....... 919
time for bubble... 23.634984731674194
effective speed of sound down renormalization...$-\Delta c$ 6710.682442607894
residual of the fit... 0.005747359392726852
starting bubble....... 919
time for bubble... 23.462929725646973
effective speed of sound down renormalization...$-\Delta c$ 6434.252741594956
residual of the fit... 0.08138694153097507
starting bubble....... 919
time for bubble... 23.687970876693726
effective speed of sound down renormalization...$-\Delta c$ 6630.917572883529
residual of the fit... 0.023895277660103555
starting bubble....... 919
time for bubble... 23.418751001358032
effective speed of sound down renormalization...$-\Delta c$ 6750.00644161494
residual of the fit... 0.017741018377499643
starting bubble....... 919
time for bubble... 23.627171993255615
effective speed of sound down renormalization...$-\Delta c$ 6683.552128818204
residual of the fit... 0.034903429031769476
starting bubble....... 919
time for bubble... 23.25200128555298
effective speed of sound down renormalization...$-\Delta c$ 6865.498604255897
residual of the fit... 0.05594075771427019
starting bubble....... 919
time for bubble... 23.74163579940796
effective speed of sound down renormalization...$-\Delta c$ 7895.485925219828
residual of the fit... 0.03208308977266422
starting bubble....... 919
time for bubble... 23.663511514663696
effective speed of sound down renormalization...$-\Delta c$ 6278.4473458853745
residual of the fit... 0.07516984140137675
starting bubble....... 919
time for bubble... 23.85354518890381
effective speed of sound down renormalization...$-\Delta c$ 94.57099130423444
residual of the fit... 0.44942528984037017
time for sweep delta 219.76173162460327
time for bubble... 23.40331482887268
effective speed of sound down renormalization...$-\Delta c$ 8080.347363602703
residual of the fit... 0.07154428093522029
starting bubble....... 919
8260.28user 563.59system 31:03.46elapsed 473%CPU (0avgtext+0avgdata 17039152maxresident)k
0inputs+1152outputs (74major+13068525minor)pagefaults 0swaps
time for bubble... 23.162593603134155
effective speed of sound down renormalization...$-\Delta c$ 76.78639130655263
residual of the fit... 0.248247228565304
time for sweep delta 165.6560616493225
9031.37user 642.00system 31:27.04elapsed 512%CPU (0avgtext+0avgdata 22476420maxresident)k
0inputs+1144outputs (59major+20757905minor)pagefaults 0swaps
