starting sampling in reciprocal space....
finished sampling in reciprocal space....t= 0.007252693176269531  s
91 numer of sampling lattice points
taking 0 umklapps
hbvf is .. 2.3382685902179845
q is... 0.07237619858704214
hvkd is... 0.1692349918354599
kappa is.. 0.75
alpha is.. 0.6204390644110238
the twist angle is .. 0.017278759594743863
starting sampling in reciprocal space....
finished sampling in reciprocal space....t= 0.004064321517944336  s
starting sampling in reciprocal space....
finished sampling in reciprocal space....t= 0.004080057144165039  s
starting dispersion ..........
time to diag over MBZ 8.922107458114624
number of bands in density of states calculation, 2
sum of the hist, normed? 7.999999999999983
CHEMICAL POTENTIAL AND FILLING 0.0 0.0
starting sampling in reciprocal space....
finished sampling in reciprocal space....t= 0.003950595855712891  s
(240,)
the bandwidth is ... 0.016723621569897547
157.73user 4.02system 0:21.35elapsed 757%CPU (0avgtext+0avgdata 1374412maxresident)k
0inputs+216outputs (0major+2447800minor)pagefaults 0swaps
