parameters: L  30  nu  0  th  1.03  kap  0.7  HF  0  phLT  T

 

lattice sampling...
starting sampling in reciprocal space....
finished sampling in reciprocal space....t= 0.037438154220581055  s
919 1bz numer of sampling lattice points
919 X numer of sampling lattice points
6433 Q numer of sampling lattice points
starting sampling in reciprocal space....
finished sampling in reciprocal space....t= 0.03422284126281738  s
919 1bz numer of sampling lattice points
919 X numer of sampling lattice points
6433 Q numer of sampling lattice points
taking 0 umklapps

 

parameters of the hamiltonian...
hbvf is .. 2.3382685902179845
q is... 0.07530041221461925
hvkd is... 0.17607258871191087
kappa is.. 0.7
alpha is.. 0.596344955044652
the twist angle is .. 0.017976891295541593

 

0.11181246287739435 la energia de coulomb en ev

 

phonon params 242626607560648.06
phonon params upsilon 3.032832594508101e+16
area ratio 0.0003231599175823575 0.000323159917582357
correct factor by which the interaction is reduced 78.66947528335587
c tilde 1611.939600966579

 

starting sampling in reciprocal space....
finished sampling in reciprocal space....t= 0.05343937873840332  s
919 1bz numer of sampling lattice points
919 X numer of sampling lattice points
6433 Q numer of sampling lattice points
starting sampling in reciprocal space....
finished sampling in reciprocal space....t= 0.0536961555480957  s
starting dispersion with 919 points..........
time to diag over MBZ 50.17938303947449
saving  ..........
number of bands in density of states calculation, 2
sum of the hist, normed? 7.999999999999995
CHEMICAL POTENTIALS AND FILLINGS [0.         0.00016274 0.00027418 0.00033395 0.00036662 0.00039286
 0.00041826 0.00044662 0.00048304 0.00053203 0.00058832 0.00065089
 0.0007272  0.00082783 0.00095886 0.00109746 0.00131511 0.0015889
 0.00205782 0.00296906] [0.         0.20526316 0.41052632 0.61578947 0.82105263 1.02631579
 1.23157895 1.43684211 1.64210526 1.84736842 2.05263158 2.25789474
 2.46315789 2.66842105 2.87368421 3.07894737 3.28421053 3.48947368
 3.69473684 3.9       ]
CHEMICAL POTENTIAL AND FILLING 0.0 0.0
starting dispersion with 919 points..........
time to diag over MBZ 91.00395894050598
truncating wavefunction and calculating form factors with only 2 bands
shapes of the wavefunctions in the form factor umklapp class with no translation,  (6433, 168, 2) (6433, 168, 168) (6433,)
truncating wavefunction and calculating form factors with only 2 bands
shapes of the wavefunctions in the form factor umklapp class with no translation,  (6433, 168, 2) (6433, 168, 168) (6433,)
calculating tensor that stores the overlaps, layer 0, sublattice 0........
finsihed the overlaps.......... 2.1765520572662354
calculating tensor that stores the overlaps, layer 0, sublattice 0........
finsihed the overlaps.......... 2.211637258529663


calculating refernce states...
starting dispersion with 919 points..........
time to diag over MBZ 88.02510976791382
qq 0.07530041221461925
calculating tensor that stores the overlaps, layer 3, sublattice 1........
finsihed the overlaps.......... 1.7158775329589844
calculating tensor that stores the overlaps, layer 3, sublattice 2........
finsihed the overlaps.......... 1.5537753105163574
calculating tensor that stores the overlaps, layer 3, sublattice 1........
finsihed the overlaps.......... 1.654616355895996
calculating tensor that stores the overlaps, layer 3, sublattice 2........
finsihed the overlaps.......... 1.1190564632415771
starting bubble....... 919
time for bubble... 23.05225682258606
effective speed of sound down renormalization...$-\Delta c$ 4279.272453743511
residual of the fit... 0.020212056495355218
starting bubble....... 919
time for bubble... 23.107558488845825
Bubble_ep_HF.py:389: RuntimeWarning: invalid value encountered in double_scalars
  return popt, res/nn, effective_c_downrenorm ,np.sqrt(res*scaling_fac/nn)
effective speed of sound down renormalization...$-\Delta c$ 0.0
residual of the fit... nan
starting bubble....... 919
time for bubble... 23.09305167198181
effective speed of sound down renormalization...$-\Delta c$ 0.0
residual of the fit... nan
starting bubble....... 919
time for bubble... 23.23934507369995
effective speed of sound down renormalization...$-\Delta c$ 0.0
residual of the fit... nan
starting bubble....... 919
time for bubble... 23.127758502960205
effective speed of sound down renormalization...$-\Delta c$ 0.0
residual of the fit... nan
starting bubble....... 919
time for bubble... 22.997955799102783
effective speed of sound down renormalization...$-\Delta c$ 0.0
residual of the fit... nan
starting bubble....... 919
time for bubble... 23.100342750549316
effective speed of sound down renormalization...$-\Delta c$ 0.0
residual of the fit... nan
starting bubble....... 919
time for bubble... 23.000094890594482
effective speed of sound down renormalization...$-\Delta c$ 0.0
residual of the fit... nan
starting bubble....... 919
time for bubble... 22.987217903137207
effective speed of sound down renormalization...$-\Delta c$ 0.0
residual of the fit... nan
starting bubble....... 919
time for bubble... 22.9869282245636
effective speed of sound down renormalization...$-\Delta c$ 0.0
residual of the fit... nan
starting bubble....... 919
time for bubble... 22.999878644943237
effective speed of sound down renormalization...$-\Delta c$ 0.0
residual of the fit... nan
starting bubble....... 919
time for bubble... 23.033852338790894
effective speed of sound down renormalization...$-\Delta c$ 0.0
residual of the fit... nan
starting bubble....... 919
time for bubble... 23.050483465194702
effective speed of sound down renormalization...$-\Delta c$ 0.0
residual of the fit... nan
starting bubble....... 919
time for bubble... 23.043333053588867
effective speed of sound down renormalization...$-\Delta c$ 0.0
residual of the fit... nan
starting bubble....... 919
time for bubble... 23.105026960372925
effective speed of sound down renormalization...$-\Delta c$ 0.0
residual of the fit... nan
starting bubble....... 919
time for bubble... 23.1010582447052
effective speed of sound down renormalization...$-\Delta c$ 0.0
residual of the fit... nan
starting bubble....... 919
time for bubble... 23.147568941116333
effective speed of sound down renormalization...$-\Delta c$ 0.0
residual of the fit... nan
starting bubble....... 919
time for bubble... 23.039111614227295
effective speed of sound down renormalization...$-\Delta c$ 0.0
residual of the fit... nan
starting bubble....... 919
time for bubble... 23.138663053512573
effective speed of sound down renormalization...$-\Delta c$ 0.0
residual of the fit... nan
starting bubble....... 919
time for bubble... 23.005223512649536
effective speed of sound down renormalization...$-\Delta c$ 0.0
residual of the fit... nan
time for sweep delta 461.38921308517456
3663.91user 234.92system 12:27.99elapsed 521%CPU (0avgtext+0avgdata 46313248maxresident)k
66384inputs+4408outputs (536major+1277134minor)pagefaults 0swaps
