starting sampling in reciprocal space....
finished sampling in reciprocal space....t= 0.007886648178100586  s
91 numer of sampling lattice points
taking 0 umklapps
hbvf is .. 2.3382685902179845
q is... 0.08041776377089012
hvkd is... 0.18803833112104215
kappa is.. 0.3
alpha is.. 0.5583967873678396
the twist angle is .. 0.019198621771937627
starting sampling in reciprocal space....
finished sampling in reciprocal space....t= 0.004163980484008789  s
starting sampling in reciprocal space....
finished sampling in reciprocal space....t= 0.004136562347412109  s
starting dispersion ..........
time to diag over MBZ 8.67597484588623
number of bands in density of states calculation, 2
sum of the hist, normed? 7.999999999999993
CHEMICAL POTENTIAL AND FILLING 0.0 0.0
starting sampling in reciprocal space....
finished sampling in reciprocal space....t= 0.0041005611419677734  s
(4200,)
the bandwidth is ... 0.012824852792918218
269.87user 7.02system 0:35.67elapsed 776%CPU (0avgtext+0avgdata 3161436maxresident)k
0inputs+168outputs (0major+4597206minor)pagefaults 0swaps
