starting sampling in reciprocal space....
finished sampling in reciprocal space....t= 0.005041599273681641  s
91 numer of sampling lattice points
taking 0 umklapps
hbvf is .. 2.7
q is... 0.06448077875110592
hvkd is... 0.17409810262798597
kappa is.. 0.75
alpha is.. 0.6031082384876113
the twist angle is .. 0.015393804002589986
starting sampling in reciprocal space....
finished sampling in reciprocal space....t= 0.008388280868530273  s
starting sampling in reciprocal space....
finished sampling in reciprocal space....t= 0.0073125362396240234  s
starting dispersion ..........
time to diag over MBZ 75.19305539131165
number of bands in density of states calculation, 2
sum of the hist, normed? 8.000000000000012
CHEMICAL POTENTIAL AND FILLING 0.0 0.0
starting sampling in reciprocal space....
finished sampling in reciprocal space....t= 0.004944562911987305  s
(1680,)
the bandwidth is ... 0.010546176999183508
387.17user 24.02system 2:56.93elapsed 232%CPU (0avgtext+0avgdata 1373076maxresident)k
0inputs+192outputs (0major+2446662minor)pagefaults 0swaps
