starting sampling in reciprocal space....
finished sampling in reciprocal space....t= 0.05174875259399414  s
919 numer of sampling lattice points
taking 0 umklapps
hbvf is .. 2.3382685902179845
q is... 0.07018303255952259
hvkd is... 0.16410678060017778
kappa is.. 0.3
alpha is.. 0.6398273100964498
the twist angle is .. 0.016755160819145562
phonon params 183095440990717.34
phonon params upsilon 2.2886930123839668e+16
area ratio 0.0002807288464391627 0.0002807288464391634
correct factor by which the interaction is reduced 84.40564195513255
c tilde 1502.3929640143142
starting sampling in reciprocal space....
finished sampling in reciprocal space....t= 0.5712544918060303  s
starting sampling in reciprocal space....
finished sampling in reciprocal space....t= 0.5631189346313477  s
starting dispersion ..........
time to diag over MBZ 2811.2911500930786
saving  ..........
number of bands in density of states calculation, 2
sum of the hist, normed? 7.999999999999864
CHEMICAL POTENTIAL AND FILLING 0.0 0.0
starting sampling in reciprocal space....
finished sampling in reciprocal space....t= 0.05295753479003906  s
starting sampling in reciprocal space....
finished sampling in reciprocal space....t= 0.052594661712646484  s
starting dispersion ..........
time to diag over MBZ 260.8500735759735
starting sampling in reciprocal space....
finished sampling in reciprocal space....t= 0.05333662033081055  s
(6433, 564, 2) (919, 564, 2) (6433,)
starting sampling in reciprocal space....
finished sampling in reciprocal space....t= 0.05194211006164551  s
(6433, 564, 2) (919, 564, 2) (6433,)
calculating tensor that stores the overlaps........
finsihed the overlaps.......... 16.057747840881348
calculating tensor that stores the overlaps........
finsihed the overlaps.......... 17.06122136116028
calculating tensor that stores the overlaps........
finsihed the overlaps.......... 15.315576314926147
calculating tensor that stores the overlaps........
finsihed the overlaps.......... 2.7452728748321533
calculating tensor that stores the overlaps........
finsihed the overlaps.......... 16.810842037200928
calculating tensor that stores the overlaps........
finsihed the overlaps.......... 3.658442497253418
testing symmetry of the form factors...
plus valley form factor passed the C3 symmetry test with average difference...  1.6990121714497967e-15
minus valley form factor passed the C3 symmetry test with average difference...  1.605263798134509e-15
finished testing symmetry of the form factors...
starting bubble....... 919
time for bubble... 29.46629238128662
effective speed of sound down renormalization...$-\Delta c$ 1774.8731742674734
residual of the fit... 0.0844344693994443
starting bubble....... 919
time for bubble... 29.731608867645264
effective speed of sound down renormalization...$-\Delta c$ 1784.3560085956524
residual of the fit... 0.03942672199673169
starting bubble....... 919
time for bubble... 29.854633569717407
effective speed of sound down renormalization...$-\Delta c$ 1805.880456731447
residual of the fit... 0.016606897099282484
starting bubble....... 919
time for bubble... 29.659148693084717
effective speed of sound down renormalization...$-\Delta c$ 1823.070957734062
residual of the fit... 0.024493430668496997
starting bubble....... 919
time for bubble... 29.59600591659546
effective speed of sound down renormalization...$-\Delta c$ 1913.5637362236912
residual of the fit... 0.03499265751380001
starting bubble....... 919
time for bubble... 29.51323175430298
effective speed of sound down renormalization...$-\Delta c$ 1829.15039856401
residual of the fit... 0.07161372370540246
starting bubble....... 919
time for bubble... 29.441285371780396
effective speed of sound down renormalization...$-\Delta c$ 2016.6758393002626
residual of the fit... 0.029722595539482026
starting bubble....... 919
time for bubble... 29.54145073890686
effective speed of sound down renormalization...$-\Delta c$ 2128.075865267546
residual of the fit... 0.0440110950394728
starting bubble....... 919
time for bubble... 29.54169535636902
effective speed of sound down renormalization...$-\Delta c$ 2214.37192465043
residual of the fit... 0.03387578641819689
starting bubble....... 919
time for bubble... 29.484920978546143
effective speed of sound down renormalization...$-\Delta c$ 1923.4101136877414
residual of the fit... 0.057476415626283285
starting bubble....... 919
time for bubble... 29.620387077331543
effective speed of sound down renormalization...$-\Delta c$ 1621.3413945804018
residual of the fit... 0.05851371551516879
starting bubble....... 919
time for bubble... 29.60519313812256
effective speed of sound down renormalization...$-\Delta c$ 1418.9299540664558
residual of the fit... 0.015083042496351888
starting bubble....... 919
time for bubble... 29.64400553703308
effective speed of sound down renormalization...$-\Delta c$ 1246.7965889154066
residual of the fit... 0.01900831214242308
starting bubble....... 919
time for bubble... 29.611427545547485
effective speed of sound down renormalization...$-\Delta c$ 1097.5551270849655
residual of the fit... 0.0019410568582286574
starting bubble....... 919
time for bubble... 29.6677143573761
effective speed of sound down renormalization...$-\Delta c$ 932.0152301933751
residual of the fit... 0.01729761631446474
starting bubble....... 919
time for bubble... 29.66686511039734
effective speed of sound down renormalization...$-\Delta c$ 751.8143473515194
residual of the fit... 0.012900836598486193
starting bubble....... 919
time for bubble... 29.719918966293335
effective speed of sound down renormalization...$-\Delta c$ 576.834194848732
residual of the fit... 0.003223122030239737
starting bubble....... 919
time for bubble... 29.70420002937317
effective speed of sound down renormalization...$-\Delta c$ 428.9044843947029
residual of the fit... 0.003948162129791688
starting bubble....... 919
time for bubble... 29.702473640441895
effective speed of sound down renormalization...$-\Delta c$ 295.65026709247144
residual of the fit... 0.003132525218664365
starting bubble....... 919
time for bubble... 29.611470460891724
effective speed of sound down renormalization...$-\Delta c$ 123.62487686120967
residual of the fit... 0.11067106752297297
time for sweep delta 592.420116186142
