starting sampling in reciprocal space....
finished sampling in reciprocal space....t= 0.05134248733520508  s
919 numer of sampling lattice points
taking 0 umklapps
hbvf is .. 2.7
q is... 0.06448077875110592
hvkd is... 0.17409810262798597
kappa is.. 0.75
alpha is.. 0.6031082384876113
the twist angle is .. 0.015393804002589986
phonon params 130457816974905.31
phonon params upsilon 1.6307227121863164e+16
area ratio 0.00023696452217357444 0.00023696452217357382
correct factor by which the interaction is reduced 91.86991894763528
c tilde 1380.32605284852
starting sampling in reciprocal space....
finished sampling in reciprocal space....t= 0.3608546257019043  s
starting sampling in reciprocal space....
finished sampling in reciprocal space....t= 0.3635680675506592  s
starting dispersion ..........
time to diag over MBZ 1851.751540184021
saving  ..........
number of bands in density of states calculation, 2
sum of the hist, normed? 7.9999999999998455
CHEMICAL POTENTIAL AND FILLING 0.0 0.0
starting sampling in reciprocal space....
finished sampling in reciprocal space....t= 0.05324864387512207  s
starting sampling in reciprocal space....
finished sampling in reciprocal space....t= 0.05324745178222656  s
starting dispersion ..........
time to diag over MBZ 278.6556577682495
starting sampling in reciprocal space....
finished sampling in reciprocal space....t= 0.05359005928039551  s
(6433, 564, 2) (919, 564, 2) (6433,)
starting sampling in reciprocal space....
finished sampling in reciprocal space....t= 0.051873207092285156  s
(6433, 564, 2) (919, 564, 2) (6433,)
calculating tensor that stores the overlaps........
finsihed the overlaps.......... 15.48917031288147
calculating tensor that stores the overlaps........
finsihed the overlaps.......... 15.566290378570557
calculating tensor that stores the overlaps........
finsihed the overlaps.......... 15.085301399230957
calculating tensor that stores the overlaps........
finsihed the overlaps.......... 2.8522891998291016
calculating tensor that stores the overlaps........
finsihed the overlaps.......... 14.982132196426392
calculating tensor that stores the overlaps........
finsihed the overlaps.......... 2.719080686569214
testing symmetry of the form factors...
plus valley form factor passed the C3 symmetry test with average difference...  5.308112262825511e-15
minus valley form factor passed the C3 symmetry test with average difference...  5.5192103358800074e-15
finished testing symmetry of the form factors...
starting bubble....... 919
time for bubble... 29.30886673927307
effective speed of sound down renormalization...$-\Delta c$ 3402.012755424446
residual of the fit... 0.0691045085130967
starting bubble....... 919
time for bubble... 29.60956621170044
effective speed of sound down renormalization...$-\Delta c$ 4021.2721910593245
residual of the fit... 0.038243832000162535
starting bubble....... 919
time for bubble... 29.5139741897583
effective speed of sound down renormalization...$-\Delta c$ 4124.412225091905
residual of the fit... 0.07714071044235615
starting bubble....... 919
time for bubble... 29.581329584121704
effective speed of sound down renormalization...$-\Delta c$ 2990.7448929743955
residual of the fit... 0.01921123276018863
starting bubble....... 919
time for bubble... 29.44913387298584
effective speed of sound down renormalization...$-\Delta c$ 2158.6980408395243
residual of the fit... 0.059341180568305486
starting bubble....... 919
time for bubble... 29.477428197860718
effective speed of sound down renormalization...$-\Delta c$ 1283.3973740868682
residual of the fit... 0.041887805909061715
starting bubble....... 919
time for bubble... 29.42860460281372
effective speed of sound down renormalization...$-\Delta c$ 295.27446737841393
residual of the fit... 0.021459127820978974
time for sweep delta 206.38846945762634
