starting sampling in reciprocal space....
finished sampling in reciprocal space....t= 0.051648855209350586  s
919 numer of sampling lattice points
taking 0 umklapps
hbvf is .. 2.3382685902179845
q is... 0.0687209191928595
hvkd is... 0.16068796683957162
kappa is.. 0.75
alpha is.. 0.6534403419568459
the twist angle is .. 0.016406094968746697
phonon params 168308035443383.3
phonon params upsilon 2.103850443042291e+16
area ratio 0.00026915391492105006 0.00026915391492104946
correct factor by which the interaction is reduced 86.20146510147414
c tilde 1471.0938201250392
starting sampling in reciprocal space....
finished sampling in reciprocal space....t= 0.5689918994903564  s
starting sampling in reciprocal space....
finished sampling in reciprocal space....t= 0.5679922103881836  s
starting dispersion ..........
time to diag over MBZ 2879.250880718231
saving  ..........
number of bands in density of states calculation, 2
sum of the hist, normed? 8.000000000000039
CHEMICAL POTENTIAL AND FILLING 0.0 0.0
starting sampling in reciprocal space....
finished sampling in reciprocal space....t= 0.05185508728027344  s
starting sampling in reciprocal space....
finished sampling in reciprocal space....t= 0.05169987678527832  s
starting dispersion ..........
time to diag over MBZ 270.8247878551483
starting sampling in reciprocal space....
finished sampling in reciprocal space....t= 0.05099081993103027  s
(6433, 564, 2) (919, 564, 2) (6433,)
starting sampling in reciprocal space....
finished sampling in reciprocal space....t= 0.05084824562072754  s
(6433, 564, 2) (919, 564, 2) (6433,)
calculating tensor that stores the overlaps........
finsihed the overlaps.......... 14.81417179107666
calculating tensor that stores the overlaps........
finsihed the overlaps.......... 2.4776833057403564
calculating tensor that stores the overlaps........
finsihed the overlaps.......... 14.542192459106445
calculating tensor that stores the overlaps........
finsihed the overlaps.......... 1.8981363773345947
testing symmetry of the form factors...
plus valley form factor passed the C3 symmetry test with average difference...  3.2219505754689976e-14
minus valley form factor passed the C3 symmetry test with average difference...  2.9062053542313436e-14
finished testing symmetry of the form factors...
starting bubble....... 919
time for bubble... 29.380533933639526
effective speed of sound down renormalization...$-\Delta c$ 2400.2290225191723
residual of the fit... 0.054484911190202594
starting bubble....... 919
time for bubble... 29.714086771011353
effective speed of sound down renormalization...$-\Delta c$ 2543.8097487811156
residual of the fit... 0.04500901714779853
starting bubble....... 919
time for bubble... 29.703453540802002
effective speed of sound down renormalization...$-\Delta c$ 2732.010575932294
residual of the fit... 0.047607183702780664
starting bubble....... 919
time for bubble... 29.492558240890503
effective speed of sound down renormalization...$-\Delta c$ 3031.079693654386
residual of the fit... 0.05054956902048783
starting bubble....... 919
time for bubble... 29.650455474853516
effective speed of sound down renormalization...$-\Delta c$ 3050.378656033498
residual of the fit... 0.015665595046320556
starting bubble....... 919
time for bubble... 29.47821021080017
effective speed of sound down renormalization...$-\Delta c$ 2929.2356037953546
residual of the fit... 0.04644705479804067
starting bubble....... 919
time for bubble... 29.59948706626892
effective speed of sound down renormalization...$-\Delta c$ 2696.432165233096
residual of the fit... 0.0424987613984382
starting bubble....... 919
time for bubble... 29.590755701065063
effective speed of sound down renormalization...$-\Delta c$ 2494.157976264333
residual of the fit... 0.03665503579408196
starting bubble....... 919
time for bubble... 29.438265562057495
effective speed of sound down renormalization...$-\Delta c$ 2220.714694538069
residual of the fit... 0.016877979466005517
starting bubble....... 919
time for bubble... 29.375340938568115
effective speed of sound down renormalization...$-\Delta c$ 2105.121783323314
residual of the fit... 0.004576798435102618
starting bubble....... 919
time for bubble... 29.43438744544983
effective speed of sound down renormalization...$-\Delta c$ 1932.9977989502104
residual of the fit... 0.01599580223328375
starting bubble....... 919
time for bubble... 29.3851797580719
effective speed of sound down renormalization...$-\Delta c$ 1746.0922312970483
residual of the fit... 0.01889053622511051
starting bubble....... 919
time for bubble... 29.436235427856445
effective speed of sound down renormalization...$-\Delta c$ 1591.3752992036727
residual of the fit... 0.020231531071341725
starting bubble....... 919
time for bubble... 29.446426153182983
effective speed of sound down renormalization...$-\Delta c$ 1435.7508727618576
residual of the fit... 0.0033649017752240694
starting bubble....... 919
time for bubble... 29.39201307296753
effective speed of sound down renormalization...$-\Delta c$ 1304.0240692201337
residual of the fit... 0.022300363796244088
starting bubble....... 919
time for bubble... 29.609773874282837
effective speed of sound down renormalization...$-\Delta c$ 1091.873750002401
residual of the fit... 0.003536206452825268
starting bubble....... 919
time for bubble... 30.57921862602234
effective speed of sound down renormalization...$-\Delta c$ 916.3540820476575
residual of the fit... 0.021379360022297254
starting bubble....... 919
time for bubble... 30.409031629562378
effective speed of sound down renormalization...$-\Delta c$ 710.8363536907475
residual of the fit... 0.02434659295455521
starting bubble....... 919
time for bubble... 29.460859060287476
effective speed of sound down renormalization...$-\Delta c$ 481.29017395645985
residual of the fit... 0.07328408743149724
starting bubble....... 919
time for bubble... 29.687411785125732
effective speed of sound down renormalization...$-\Delta c$ 242.5945825093604
residual of the fit... 0.1791854746261924
time for sweep delta 592.3004896640778
