starting sampling in reciprocal space....
finished sampling in reciprocal space....t= 0.009350776672363281  s
91 numer of sampling lattice points
taking 0 umklapps
hbvf is .. 2.3382685902179845
q is... 0.08553508531876375
hvkd is... 0.20000400336248073
kappa is.. 0.75
alpha is.. 0.5249894913838371
the twist angle is .. 0.020420352248333655
starting sampling in reciprocal space....
finished sampling in reciprocal space....t= 0.004553318023681641  s
starting sampling in reciprocal space....
finished sampling in reciprocal space....t= 0.004237651824951172  s
starting dispersion ..........
time to diag over MBZ 8.707599639892578
number of bands in density of states calculation, 2
sum of the hist, normed? 7.999999999999999
CHEMICAL POTENTIAL AND FILLING 0.0 0.0
starting sampling in reciprocal space....
finished sampling in reciprocal space....t= 0.004094123840332031  s
(1680,)
the bandwidth is ... 0.026745306568822742
154.99user 4.10system 0:21.02elapsed 756%CPU (0avgtext+0avgdata 1373564maxresident)k
0inputs+224outputs (0major+2447863minor)pagefaults 0swaps
