starting sampling in reciprocal space....
finished sampling in reciprocal space....t= 0.006259918212890625  s
91 numer of sampling lattice points
taking 0 umklapps
hbvf is .. 2.3382685902179845
q is... 0.08480404129297625
hvkd is... 0.19829462607891532
kappa is.. 0.75
alpha is.. 0.5295151062652255
the twist angle is .. 0.020245819323134222
starting sampling in reciprocal space....
finished sampling in reciprocal space....t= 0.004056692123413086  s
starting sampling in reciprocal space....
finished sampling in reciprocal space....t= 0.0040585994720458984  s
starting dispersion ..........
time to diag over MBZ 9.227945327758789
number of bands in density of states calculation, 2
sum of the hist, normed? 8.000000000000004
CHEMICAL POTENTIAL AND FILLING 0.0 0.0
starting sampling in reciprocal space....
finished sampling in reciprocal space....t= 0.003985404968261719  s
(240,)
the bandwidth is ... 0.02410271313105219
160.84user 4.18system 0:21.75elapsed 758%CPU (0avgtext+0avgdata 1373804maxresident)k
8inputs+232outputs (0major+2446740minor)pagefaults 0swaps
