starting sampling in reciprocal space....
finished sampling in reciprocal space....t= 0.05126619338989258  s
919 numer of sampling lattice points
taking 0 umklapps
hbvf is .. 2.3382685902179845
q is... 0.07018303255952259
hvkd is... 0.16410678060017778
kappa is.. 0.3
alpha is.. 0.6398273100964498
the twist angle is .. 0.016755160819145562
phonon params 183095440990717.34
phonon params upsilon 2.2886930123839668e+16
area ratio 0.0002807288464391627 0.0002807288464391634
correct factor by which the interaction is reduced 84.40564195513255
c tilde 1502.3929640143142
starting sampling in reciprocal space....
finished sampling in reciprocal space....t= 0.5659708976745605  s
starting sampling in reciprocal space....
finished sampling in reciprocal space....t= 0.5681476593017578  s
starting dispersion ..........
time to diag over MBZ 2838.747213602066
saving  ..........
number of bands in density of states calculation, 2
sum of the hist, normed? 7.999999999999864
CHEMICAL POTENTIAL AND FILLING 0.0 0.0
starting sampling in reciprocal space....
finished sampling in reciprocal space....t= 0.052222251892089844  s
starting sampling in reciprocal space....
finished sampling in reciprocal space....t= 0.052663326263427734  s
starting dispersion ..........
time to diag over MBZ 245.4207181930542
starting sampling in reciprocal space....
finished sampling in reciprocal space....t= 0.052590131759643555  s
(6433, 564, 2) (919, 564, 2) (6433,)
starting sampling in reciprocal space....
finished sampling in reciprocal space....t= 0.052852630615234375  s
(6433, 564, 2) (919, 564, 2) (6433,)
calculating tensor that stores the overlaps........
finsihed the overlaps.......... 14.998896360397339
calculating tensor that stores the overlaps........
finsihed the overlaps.......... 2.659287452697754
calculating tensor that stores the overlaps........
finsihed the overlaps.......... 15.109932661056519
calculating tensor that stores the overlaps........
finsihed the overlaps.......... 2.350796699523926
testing symmetry of the form factors...
plus valley form factor passed the C3 symmetry test with average difference...  1.668505796954801e-15
minus valley form factor passed the C3 symmetry test with average difference...  1.5322122409669781e-15
finished testing symmetry of the form factors...
starting bubble....... 919
time for bubble... 29.7356219291687
effective speed of sound down renormalization...$-\Delta c$ 1818.81145326982
residual of the fit... 0.06566324925283222
starting bubble....... 919
time for bubble... 29.650054216384888
effective speed of sound down renormalization...$-\Delta c$ 1832.480246905802
residual of the fit... 0.001313686729370528
starting bubble....... 919
time for bubble... 29.976181745529175
effective speed of sound down renormalization...$-\Delta c$ 1810.3015306256555
residual of the fit... 0.022169414622389447
starting bubble....... 919
time for bubble... 30.025675058364868
effective speed of sound down renormalization...$-\Delta c$ 1861.056885425358
residual of the fit... 0.02559279651129467
starting bubble....... 919
time for bubble... 29.98449158668518
effective speed of sound down renormalization...$-\Delta c$ 1873.9066059745687
residual of the fit... 0.0066049643610077416
starting bubble....... 919
time for bubble... 30.00029683113098
effective speed of sound down renormalization...$-\Delta c$ 1911.1939917020275
residual of the fit... 0.010447096135069433
starting bubble....... 919
time for bubble... 29.9669086933136
effective speed of sound down renormalization...$-\Delta c$ 2013.7348948978292
residual of the fit... 0.022665827071761332
starting bubble....... 919
time for bubble... 29.996147871017456
effective speed of sound down renormalization...$-\Delta c$ 2171.600186685332
residual of the fit... 0.06410033930646311
starting bubble....... 919
time for bubble... 30.02553629875183
effective speed of sound down renormalization...$-\Delta c$ 2193.9543599068893
residual of the fit... 0.04574914717004844
starting bubble....... 919
time for bubble... 29.948006629943848
effective speed of sound down renormalization...$-\Delta c$ 1897.7769959372363
residual of the fit... 0.05222266641157687
starting bubble....... 919
time for bubble... 29.964704990386963
effective speed of sound down renormalization...$-\Delta c$ 1563.323636559089
residual of the fit... 0.05118463489715076
starting bubble....... 919
time for bubble... 30.15251851081848
effective speed of sound down renormalization...$-\Delta c$ 1388.8558817424152
residual of the fit... 0.038243135551499316
starting bubble....... 919
time for bubble... 29.954007387161255
effective speed of sound down renormalization...$-\Delta c$ 1285.0155623618525
residual of the fit... 0.056735016245738436
starting bubble....... 919
time for bubble... 30.044604539871216
effective speed of sound down renormalization...$-\Delta c$ 1120.8562154822914
residual of the fit... 0.056520572117600476
starting bubble....... 919
time for bubble... 29.94548511505127
effective speed of sound down renormalization...$-\Delta c$ 895.2893904090902
residual of the fit... 0.03905261118519097
starting bubble....... 919
time for bubble... 29.97828459739685
effective speed of sound down renormalization...$-\Delta c$ 699.6790706932022
residual of the fit... 0.08061990440168382
starting bubble....... 919
time for bubble... 30.014562129974365
effective speed of sound down renormalization...$-\Delta c$ 550.2379445232224
residual of the fit... 0.0833634418661904
starting bubble....... 919
time for bubble... 29.95402765274048
effective speed of sound down renormalization...$-\Delta c$ 405.00545049261177
residual of the fit... 0.07099280330262105
starting bubble....... 919
time for bubble... 30.001867532730103
effective speed of sound down renormalization...$-\Delta c$ 264.65046688274066
residual of the fit... 0.3101281971481836
starting bubble....... 919
time for bubble... 29.856128692626953
effective speed of sound down renormalization...$-\Delta c$ 115.52736686186446
residual of the fit... 0.11424745830713222
time for sweep delta 599.2139661312103
