starting sampling in reciprocal space....
finished sampling in reciprocal space....t= 0.05115866661071777  s
919 numer of sampling lattice points
taking 0 umklapps
hbvf is .. 2.7
q is... 0.06755122699017235
hvkd is... 0.18238831287346535
kappa is.. 0.3
alpha is.. 0.5756947818956214
the twist angle is .. 0.016126842288427607
phonon params 157138274099976.62
phonon params upsilon 1.9642284262497076e+16
area ratio 0.0002600694056590502 0.00026006940565905017
correct factor by which the interaction is reduced 87.69409796814375
c tilde 1446.0544727031522
starting sampling in reciprocal space....
finished sampling in reciprocal space....t= 0.5717079639434814  s
starting sampling in reciprocal space....
finished sampling in reciprocal space....t= 0.5704669952392578  s
starting dispersion ..........
time to diag over MBZ 2870.083947658539
saving  ..........
number of bands in density of states calculation, 2
sum of the hist, normed? 7.999999999999869
CHEMICAL POTENTIAL AND FILLING 0.0 0.0
starting sampling in reciprocal space....
finished sampling in reciprocal space....t= 0.052366018295288086  s
starting sampling in reciprocal space....
finished sampling in reciprocal space....t= 0.05199122428894043  s
starting dispersion ..........
time to diag over MBZ 252.62906432151794
starting sampling in reciprocal space....
finished sampling in reciprocal space....t= 0.05299186706542969  s
(6433, 564, 2) (919, 564, 2) (6433,)
starting sampling in reciprocal space....
finished sampling in reciprocal space....t= 0.05252337455749512  s
(6433, 564, 2) (919, 564, 2) (6433,)
calculating tensor that stores the overlaps........
finsihed the overlaps.......... 15.049314022064209
calculating tensor that stores the overlaps........
finsihed the overlaps.......... 15.013011932373047
calculating tensor that stores the overlaps........
finsihed the overlaps.......... 15.021475076675415
calculating tensor that stores the overlaps........
finsihed the overlaps.......... 2.5448715686798096
calculating tensor that stores the overlaps........
finsihed the overlaps.......... 15.917724847793579
calculating tensor that stores the overlaps........
finsihed the overlaps.......... 2.993661880493164
testing symmetry of the form factors...
plus valley form factor passed the C3 symmetry test with average difference...  1.567362143366999e-15
minus valley form factor passed the C3 symmetry test with average difference...  1.3552889186614346e-15
finished testing symmetry of the form factors...
starting bubble....... 919
time for bubble... 29.40914297103882
effective speed of sound down renormalization...$-\Delta c$ 3884.082422932995
residual of the fit... 0.08813141181537046
starting bubble....... 919
time for bubble... 29.617849111557007
effective speed of sound down renormalization...$-\Delta c$ 3907.3735337359353
residual of the fit... 0.04074531223171582
starting bubble....... 919
time for bubble... 29.622294425964355
effective speed of sound down renormalization...$-\Delta c$ 3964.794685480731
residual of the fit... 0.0141163435530724
starting bubble....... 919
time for bubble... 29.54280948638916
effective speed of sound down renormalization...$-\Delta c$ 4039.0136227366143
residual of the fit... 0.013859022854623565
starting bubble....... 919
time for bubble... 29.581358432769775
effective speed of sound down renormalization...$-\Delta c$ 4207.228482591565
residual of the fit... 0.036992841394126584
starting bubble....... 919
time for bubble... 29.567322731018066
effective speed of sound down renormalization...$-\Delta c$ 4014.1677230651717
residual of the fit... 0.07546823495448274
starting bubble....... 919
time for bubble... 29.536622285842896
effective speed of sound down renormalization...$-\Delta c$ 4588.436931445745
residual of the fit... 0.04176474069419373
starting bubble....... 919
time for bubble... 29.55698871612549
effective speed of sound down renormalization...$-\Delta c$ 4679.3254656184845
residual of the fit... 0.05498490977811295
starting bubble....... 919
time for bubble... 29.63919687271118
effective speed of sound down renormalization...$-\Delta c$ 5136.509412207421
residual of the fit... 0.04736519824906757
starting bubble....... 919
time for bubble... 29.575090885162354
effective speed of sound down renormalization...$-\Delta c$ 4231.58082057962
residual of the fit... 0.03729643448824426
starting bubble....... 919
time for bubble... 29.691977739334106
effective speed of sound down renormalization...$-\Delta c$ 3689.348155163241
residual of the fit... 0.012393966247570717
starting bubble....... 919
time for bubble... 30.063581466674805
effective speed of sound down renormalization...$-\Delta c$ 3154.1973803003007
residual of the fit... 0.015112808774875554
starting bubble....... 919
time for bubble... 29.6592698097229
effective speed of sound down renormalization...$-\Delta c$ 2780.9460977780614
residual of the fit... 0.01746387807342539
starting bubble....... 919
time for bubble... 29.799968004226685
effective speed of sound down renormalization...$-\Delta c$ 2412.078618529879
residual of the fit... 0.022954834327218784
starting bubble....... 919
time for bubble... 29.68760108947754
effective speed of sound down renormalization...$-\Delta c$ 2110.957152797799
residual of the fit... 0.018306365099525324
starting bubble....... 919
time for bubble... 29.603487968444824
effective speed of sound down renormalization...$-\Delta c$ 1732.2419528455232
residual of the fit... 0.00498320189825108
starting bubble....... 919
time for bubble... 29.8683819770813
effective speed of sound down renormalization...$-\Delta c$ 1291.2479908123892
residual of the fit... 0.003366408488378482
starting bubble....... 919
time for bubble... 29.58723258972168
effective speed of sound down renormalization...$-\Delta c$ 954.017859181978
residual of the fit... 0.005339150148933027
starting bubble....... 919
time for bubble... 29.704957962036133
effective speed of sound down renormalization...$-\Delta c$ 654.0806766465583
residual of the fit... 0.0033005030851903233
starting bubble....... 919
time for bubble... 29.634705781936646
effective speed of sound down renormalization...$-\Delta c$ 273.83277135026833
residual of the fit... 0.10695278479012041
time for sweep delta 592.9919891357422
