starting sampling in reciprocal space....
finished sampling in reciprocal space....t= 0.0041294097900390625  s
91 numer of sampling lattice points
taking 0 umklapps
hbvf is .. 2.3382685902179845
q is... 0.06798986172173412
hvkd is... 0.15897855811719494
kappa is.. 0.3
alpha is.. 0.6604664254320175
the twist angle is .. 0.016231562043547268
starting sampling in reciprocal space....
finished sampling in reciprocal space....t= 0.004159212112426758  s
starting sampling in reciprocal space....
finished sampling in reciprocal space....t= 0.004124879837036133  s
starting dispersion ..........
time to diag over MBZ 9.36096739768982
number of bands in density of states calculation, 2
sum of the hist, normed? 7.999999999999993
CHEMICAL POTENTIAL AND FILLING 0.0 0.0
starting sampling in reciprocal space....
finished sampling in reciprocal space....t= 0.003992557525634766  s
(4200,)
the bandwidth is ... 0.029236171154953108
281.01user 7.44system 0:37.13elapsed 776%CPU (0avgtext+0avgdata 3162924maxresident)k
0inputs+176outputs (0major+4597454minor)pagefaults 0swaps
