starting sampling in reciprocal space....
finished sampling in reciprocal space....t= 0.00966334342956543  s
91 numer of sampling lattice points
taking 0 umklapps
hbvf is .. 2.3382685902179845
q is... 0.07530041221461896
hvkd is... 0.17607258871191017
kappa is.. 0.75
alpha is.. 0.5963449550446545
the twist angle is .. 0.017976891295541593
starting sampling in reciprocal space....
finished sampling in reciprocal space....t= 0.004184722900390625  s
starting sampling in reciprocal space....
finished sampling in reciprocal space....t= 0.004174947738647461  s
starting dispersion ..........
time to diag over MBZ 8.818893909454346
number of bands in density of states calculation, 2
sum of the hist, normed? 7.999999999999992
CHEMICAL POTENTIAL AND FILLING 0.0 0.0
starting sampling in reciprocal space....
finished sampling in reciprocal space....t= 0.004071950912475586  s
(1680,)
the bandwidth is ... 0.007949720065848253
158.07user 4.63system 0:21.54elapsed 755%CPU (0avgtext+0avgdata 1373536maxresident)k
0inputs+232outputs (0major+2447464minor)pagefaults 0swaps
