starting sampling in reciprocal space....
finished sampling in reciprocal space....t= 0.05189704895019531  s
919 numer of sampling lattice points
taking 0 umklapps
hbvf is .. 2.7
q is... 0.08750890091895454
hvkd is... 0.23627403248117726
kappa is.. 0.75
alpha is.. 0.4443992380261458
the twist angle is .. 0.020891591146372124
phonon params 442545499426903.2
phonon params upsilon 5.53181874283629e+16
area ratio 0.00043644270618374293 0.00043644270618374337
correct factor by which the interaction is reduced 67.69418716652365
c tilde 1873.2840721546231
starting sampling in reciprocal space....
finished sampling in reciprocal space....t= 0.5651354789733887  s
starting sampling in reciprocal space....
finished sampling in reciprocal space....t= 0.5716323852539062  s
starting dispersion ..........
time to diag over MBZ 2738.197949409485
saving  ..........
number of bands in density of states calculation, 2
sum of the hist, normed? 7.999999999999937
CHEMICAL POTENTIAL AND FILLING 0.0 0.0
starting sampling in reciprocal space....
finished sampling in reciprocal space....t= 0.05256462097167969  s
starting sampling in reciprocal space....
finished sampling in reciprocal space....t= 0.05257558822631836  s
starting dispersion ..........
time to diag over MBZ 269.94014859199524
starting sampling in reciprocal space....
finished sampling in reciprocal space....t= 0.05250144004821777  s
(6433, 564, 2) (919, 564, 2) (6433,)
starting sampling in reciprocal space....
finished sampling in reciprocal space....t= 0.0518190860748291  s
(6433, 564, 2) (919, 564, 2) (6433,)
calculating tensor that stores the overlaps........
finsihed the overlaps.......... 14.949804067611694
calculating tensor that stores the overlaps........
finsihed the overlaps.......... 14.729475736618042
calculating tensor that stores the overlaps........
finsihed the overlaps.......... 14.746058225631714
calculating tensor that stores the overlaps........
finsihed the overlaps.......... 2.5901527404785156
calculating tensor that stores the overlaps........
finsihed the overlaps.......... 15.2250337600708
calculating tensor that stores the overlaps........
finsihed the overlaps.......... 1.888448715209961
testing symmetry of the form factors...
plus valley form factor passed the C3 symmetry test with average difference...  3.0894446662298128e-15
minus valley form factor passed the C3 symmetry test with average difference...  2.892478241747715e-15
finished testing symmetry of the form factors...
starting bubble....... 919
time for bubble... 29.59481191635132
effective speed of sound down renormalization...$-\Delta c$ 1153.2916048671207
residual of the fit... 0.07791077934728896
starting bubble....... 919
time for bubble... 29.978644847869873
effective speed of sound down renormalization...$-\Delta c$ 1168.5575389256253
residual of the fit... 0.027654559886365
starting bubble....... 919
time for bubble... 30.819150924682617
effective speed of sound down renormalization...$-\Delta c$ 1193.767765141504
residual of the fit... 0.004814613951014602
starting bubble....... 919
time for bubble... 30.094935655593872
effective speed of sound down renormalization...$-\Delta c$ 1211.0953043144148
residual of the fit... 0.011765163423408356
starting bubble....... 919
time for bubble... 30.02533483505249
effective speed of sound down renormalization...$-\Delta c$ 1271.351744516546
residual of the fit... 0.019699205175765268
starting bubble....... 919
time for bubble... 30.10927939414978
effective speed of sound down renormalization...$-\Delta c$ 1311.788499532773
residual of the fit... 0.006433231381321059
starting bubble....... 919
time for bubble... 29.996962547302246
effective speed of sound down renormalization...$-\Delta c$ 1393.110024561855
residual of the fit... 0.041279261232502855
starting bubble....... 919
time for bubble... 29.997697114944458
effective speed of sound down renormalization...$-\Delta c$ 1485.2474829303605
residual of the fit... 0.016040492127665423
starting bubble....... 919
time for bubble... 30.02687978744507
effective speed of sound down renormalization...$-\Delta c$ 1450.087862471226
residual of the fit... 0.03098951187114363
starting bubble....... 919
time for bubble... 30.007786750793457
effective speed of sound down renormalization...$-\Delta c$ 1232.7734605781616
residual of the fit... 0.04685417519022061
starting bubble....... 919
time for bubble... 30.41197681427002
effective speed of sound down renormalization...$-\Delta c$ 1125.2536827265715
residual of the fit... 0.011162954292400254
starting bubble....... 919
time for bubble... 30.038976669311523
effective speed of sound down renormalization...$-\Delta c$ 976.0530352613425
residual of the fit... 0.015145803797015165
starting bubble....... 919
time for bubble... 29.972473859786987
effective speed of sound down renormalization...$-\Delta c$ 899.5218236688146
residual of the fit... 0.030425963534585473
starting bubble....... 919
time for bubble... 29.987753868103027
effective speed of sound down renormalization...$-\Delta c$ 753.0337898067393
residual of the fit... 0.012577249871425354
starting bubble....... 919
time for bubble... 30.082624912261963
effective speed of sound down renormalization...$-\Delta c$ 700.7345031260743
residual of the fit... 0.04318123422450524
starting bubble....... 919
time for bubble... 30.037062168121338
effective speed of sound down renormalization...$-\Delta c$ 597.3700352557848
residual of the fit... 0.05871099901666086
starting bubble....... 919
time for bubble... 29.91609525680542
effective speed of sound down renormalization...$-\Delta c$ 482.920871200185
residual of the fit... 0.05151016377493718
starting bubble....... 919
time for bubble... 29.94746971130371
effective speed of sound down renormalization...$-\Delta c$ 406.83888288569426
residual of the fit... 0.03302882602777314
starting bubble....... 919
time for bubble... 29.929102420806885
effective speed of sound down renormalization...$-\Delta c$ 294.4144958132719
residual of the fit... 0.023032669604138658
starting bubble....... 919
time for bubble... 29.954440355300903
effective speed of sound down renormalization...$-\Delta c$ 152.2298518912252
residual of the fit... 0.02654922528994471
time for sweep delta 600.9708843231201
