starting sampling in reciprocal space....
finished sampling in reciprocal space....t= 0.007833719253540039  s
91 numer of sampling lattice points
taking 0 umklapps
hbvf is .. 2.3382685902179845
q is... 0.08699717141061096
hvkd is... 0.20342275334724164
kappa is.. 0.75
alpha is.. 0.5161664478150363
the twist angle is .. 0.02076941809873252
starting sampling in reciprocal space....
finished sampling in reciprocal space....t= 0.004129886627197266  s
starting sampling in reciprocal space....
finished sampling in reciprocal space....t= 0.004091024398803711  s
starting dispersion ..........
time to diag over MBZ 8.94741439819336
number of bands in density of states calculation, 2
sum of the hist, normed? 7.9999999999999964
CHEMICAL POTENTIAL AND FILLING 0.0 0.0
starting sampling in reciprocal space....
finished sampling in reciprocal space....t= 0.004053354263305664  s
(1680,)
the bandwidth is ... 0.03209207181609805
167.85user 4.21system 0:22.72elapsed 757%CPU (0avgtext+0avgdata 1374800maxresident)k
0inputs+232outputs (0major+2447657minor)pagefaults 0swaps
