starting sampling in reciprocal space....
finished sampling in reciprocal space....t= 0.008051156997680664  s
91 numer of sampling lattice points
taking 0 umklapps
hbvf is .. 2.3382685902179845
q is... 0.07822461666706933
hvkd is... 0.18291016413445044
kappa is.. 0.3
alpha is.. 0.5740522977324454
the twist angle is .. 0.018675022996339326
starting sampling in reciprocal space....
finished sampling in reciprocal space....t= 0.004332542419433594  s
starting sampling in reciprocal space....
finished sampling in reciprocal space....t= 0.004161834716796875  s
starting dispersion ..........
time to diag over MBZ 8.508647918701172
number of bands in density of states calculation, 2
sum of the hist, normed? 7.999999999999997
CHEMICAL POTENTIAL AND FILLING 0.0 0.0
starting sampling in reciprocal space....
finished sampling in reciprocal space....t= 0.004075288772583008  s
(4200,)
the bandwidth is ... 0.004910727143794225
274.79user 6.78system 0:36.26elapsed 776%CPU (0avgtext+0avgdata 3159812maxresident)k
0inputs+160outputs (0major+4596909minor)pagefaults 0swaps
