starting sampling in reciprocal space....
finished sampling in reciprocal space....t= 0.00533294677734375  s
91 numer of sampling lattice points
taking 0 umklapps
hbvf is .. 2.7
q is... 0.0736920958320925
hvkd is... 0.1989686587466498
kappa is.. 1
alpha is.. 0.5277213037541671
the twist angle is .. 0.017592918860102842
starting sampling in reciprocal space....
finished sampling in reciprocal space....t= 0.008695602416992188  s
starting sampling in reciprocal space....
finished sampling in reciprocal space....t= 0.018120288848876953  s
starting dispersion ..........
time to diag over MBZ 249.13914847373962
number of bands in density of states calculation, 2
sum of the hist, normed? 8.000000000000005
CHEMICAL POTENTIAL AND FILLING 0.0 0.0
starting sampling in reciprocal space....
finished sampling in reciprocal space....t= 0.042557477951049805  s
(1680,)
the bandwidth is ... 0.020109514671833452
455.75user 32.52system 9:48.77elapsed 82%CPU (0avgtext+0avgdata 1374016maxresident)k
0inputs+192outputs (0major+2449958minor)pagefaults 0swaps
