starting sampling in reciprocal space....
finished sampling in reciprocal space....t= 0.006804227828979492  s
91 numer of sampling lattice points
taking 0 umklapps
hbvf is .. 2.3382685902179845
q is... 0.07237619858704214
hvkd is... 0.1692349918354599
kappa is.. 0.3
alpha is.. 0.6204390644110238
the twist angle is .. 0.017278759594743863
starting sampling in reciprocal space....
finished sampling in reciprocal space....t= 0.004159688949584961  s
starting sampling in reciprocal space....
finished sampling in reciprocal space....t= 0.004189014434814453  s
starting dispersion ..........
time to diag over MBZ 8.607277154922485
number of bands in density of states calculation, 2
sum of the hist, normed? 8.000000000000002
CHEMICAL POTENTIAL AND FILLING 0.0 0.0
starting sampling in reciprocal space....
finished sampling in reciprocal space....t= 0.004059314727783203  s
(1680,)
the bandwidth is ... 0.015239871051386557
155.95user 3.93system 0:21.15elapsed 755%CPU (0avgtext+0avgdata 1372952maxresident)k
0inputs+224outputs (0major+2448049minor)pagefaults 0swaps
