starting sampling in reciprocal space....
finished sampling in reciprocal space....t= 0.05152249336242676  s
919 numer of sampling lattice points
taking 0 umklapps
hbvf is .. 2.3382685902179845
q is... 0.08480404129297625
hvkd is... 0.19829462607891532
kappa is.. 0.75
alpha is.. 0.5295151062652255
the twist angle is .. 0.020245819323134222
phonon params 390314968410460.0
phonon params upsilon 4.8789371051307496e+16
area ratio 0.0004098791992200025 0.00040987919922000305
correct factor by which the interaction is reduced 69.8533209883137
c tilde 1815.381728489583
starting sampling in reciprocal space....
finished sampling in reciprocal space....t= 0.5636188983917236  s
starting sampling in reciprocal space....
finished sampling in reciprocal space....t= 0.5585834980010986  s
starting dispersion ..........
time to diag over MBZ 2847.4107472896576
saving  ..........
number of bands in density of states calculation, 2
sum of the hist, normed? 7.999999999999918
CHEMICAL POTENTIAL AND FILLING 0.0 0.0
starting sampling in reciprocal space....
finished sampling in reciprocal space....t= 0.051297664642333984  s
starting sampling in reciprocal space....
finished sampling in reciprocal space....t= 0.05139565467834473  s
starting dispersion ..........
time to diag over MBZ 251.8936324119568
starting sampling in reciprocal space....
finished sampling in reciprocal space....t= 0.05218815803527832  s
(6433, 564, 2) (919, 564, 2) (6433,)
starting sampling in reciprocal space....
finished sampling in reciprocal space....t= 0.05167078971862793  s
(6433, 564, 2) (919, 564, 2) (6433,)
calculating tensor that stores the overlaps........
finsihed the overlaps.......... 15.336557865142822
calculating tensor that stores the overlaps........
finsihed the overlaps.......... 14.983816146850586
calculating tensor that stores the overlaps........
finsihed the overlaps.......... 14.877082109451294
calculating tensor that stores the overlaps........
finsihed the overlaps.......... 2.6419765949249268
calculating tensor that stores the overlaps........
finsihed the overlaps.......... 15.076415061950684
calculating tensor that stores the overlaps........
finsihed the overlaps.......... 2.4240634441375732
testing symmetry of the form factors...
plus valley form factor passed the C3 symmetry test with average difference...  6.3451635047992965e-15
minus valley form factor passed the C3 symmetry test with average difference...  5.649506870555565e-15
finished testing symmetry of the form factors...
starting bubble....... 919
time for bubble... 29.278141021728516
effective speed of sound down renormalization...$-\Delta c$ 2256.032291249979
residual of the fit... 0.07107928818386096
starting bubble....... 919
time for bubble... 29.483184337615967
effective speed of sound down renormalization...$-\Delta c$ 2322.5691031213537
residual of the fit... 0.007650641359010911
starting bubble....... 919
time for bubble... 29.761635780334473
effective speed of sound down renormalization...$-\Delta c$ 2367.494360855269
residual of the fit... 0.006602546082249278
starting bubble....... 919
time for bubble... 30.08449363708496
effective speed of sound down renormalization...$-\Delta c$ 2406.164033901076
residual of the fit... 0.033452059516432035
starting bubble....... 919
time for bubble... 30.0212299823761
effective speed of sound down renormalization...$-\Delta c$ 2598.1821195974862
residual of the fit... 0.04725146165468487
starting bubble....... 919
time for bubble... 29.932884216308594
effective speed of sound down renormalization...$-\Delta c$ 2719.587585297658
residual of the fit... 0.023881093953624522
starting bubble....... 919
time for bubble... 29.86172103881836
effective speed of sound down renormalization...$-\Delta c$ 3056.886795050001
residual of the fit... 0.013576376774385288
starting bubble....... 919
time for bubble... 29.821998834609985
effective speed of sound down renormalization...$-\Delta c$ 2800.0736350263724
residual of the fit... 0.051728012683998265
starting bubble....... 919
time for bubble... 29.917009115219116
effective speed of sound down renormalization...$-\Delta c$ 2576.187941528142
residual of the fit... 0.004776433001125841
starting bubble....... 919
time for bubble... 29.494115829467773
effective speed of sound down renormalization...$-\Delta c$ 2317.4264081679257
residual of the fit... 0.012807156013644893
starting bubble....... 919
time for bubble... 29.66446566581726
effective speed of sound down renormalization...$-\Delta c$ 2077.3199687722495
residual of the fit... 0.051957375800233685
starting bubble....... 919
time for bubble... 29.48675513267517
effective speed of sound down renormalization...$-\Delta c$ 1896.884895094858
residual of the fit... 0.019468887476386074
starting bubble....... 919
time for bubble... 29.770129442214966
effective speed of sound down renormalization...$-\Delta c$ 1727.0928165405232
residual of the fit... 0.029818686550718156
starting bubble....... 919
time for bubble... 29.45786142349243
effective speed of sound down renormalization...$-\Delta c$ 1509.713406224638
residual of the fit... 0.007094849412554263
starting bubble....... 919
time for bubble... 29.47572374343872
effective speed of sound down renormalization...$-\Delta c$ 1299.8220993090133
residual of the fit... 0.0375407321940012
starting bubble....... 919
time for bubble... 29.83379030227661
effective speed of sound down renormalization...$-\Delta c$ 1092.7629925516014
residual of the fit... 0.015163434910937494
starting bubble....... 919
time for bubble... 29.43561291694641
effective speed of sound down renormalization...$-\Delta c$ 910.0628329063699
residual of the fit... 0.04896826652941882
starting bubble....... 919
time for bubble... 29.641534566879272
effective speed of sound down renormalization...$-\Delta c$ 702.3378492272157
residual of the fit... 0.002950578564959045
starting bubble....... 919
time for bubble... 29.43887686729431
effective speed of sound down renormalization...$-\Delta c$ 494.29877806354085
residual of the fit... 0.046110791340451374
starting bubble....... 919
time for bubble... 29.48782968521118
effective speed of sound down renormalization...$-\Delta c$ 262.61177143203463
residual of the fit... 0.030886311568745044
time for sweep delta 593.386819601059
