starting sampling in reciprocal space....
finished sampling in reciprocal space....t= 0.05115866661071777  s
919 numer of sampling lattice points
taking 0 umklapps
hbvf is .. 2.7
q is... 0.07676251561000431
hvkd is... 0.20725879214701165
kappa is.. 0.75
alpha is.. 0.5066130074015002
the twist angle is .. 0.01832595714594046
phonon params 524053712277273.6 84.80009352223715 10600.011690279644
starting sampling in reciprocal space....
finished sampling in reciprocal space....t= 0.36216282844543457  s
starting sampling in reciprocal space....
finished sampling in reciprocal space....t= 0.3614363670349121  s
starting dispersion ..........
time to diag over MBZ 1896.1469841003418
saving  ..........
number of bands in density of states calculation, 2
sum of the hist, normed? 7.999999999999994
CHEMICAL POTENTIAL AND FILLING 0.0 0.0
starting sampling in reciprocal space....
finished sampling in reciprocal space....t= 0.052896738052368164  s
starting sampling in reciprocal space....
finished sampling in reciprocal space....t= 0.05203700065612793  s
starting dispersion ..........
time to diag over MBZ 271.6608798503876
starting sampling in reciprocal space....
finished sampling in reciprocal space....t= 0.05254673957824707  s
(6433, 564, 2) (919, 564, 2) (6433,)
starting sampling in reciprocal space....
finished sampling in reciprocal space....t= 0.052490949630737305  s
(6433, 564, 2) (919, 564, 2) (6433,)
calculating tensor that stores the overlaps........
finsihed the overlaps.......... 15.671773672103882
calculating tensor that stores the overlaps........
finsihed the overlaps.......... 14.852722406387329
calculating tensor that stores the overlaps........
finsihed the overlaps.......... 15.915743827819824
calculating tensor that stores the overlaps........
finsihed the overlaps.......... 2.8254144191741943
calculating tensor that stores the overlaps........
finsihed the overlaps.......... 15.293577671051025
calculating tensor that stores the overlaps........
finsihed the overlaps.......... 2.74863862991333
testing symmetry of the form factors...
plus valley form factor passed the C3 symmetry test with average difference...  2.378199266592208e-15
minus valley form factor passed the C3 symmetry test with average difference...  3.1684186106128587e-15
finished testing symmetry of the form factors...
starting bubble....... 919
time for bubble... 29.279024839401245
effective speed of sound down renormalization...$-\Delta c$ 2258.756965246643
residual of the fit... 0.07389316268364374
starting bubble....... 919
time for bubble... 29.42396855354309
effective speed of sound down renormalization...$-\Delta c$ 2421.5655447910917
residual of the fit... 0.004422287097466636
starting bubble....... 919
time for bubble... 29.39482355117798
effective speed of sound down renormalization...$-\Delta c$ 2868.5422468334623
residual of the fit... 0.012000680212003928
starting bubble....... 919
time for bubble... 29.428473472595215
effective speed of sound down renormalization...$-\Delta c$ 2240.4378233193015
residual of the fit... 0.031168140264425236
starting bubble....... 919
time for bubble... 29.539915084838867
effective speed of sound down renormalization...$-\Delta c$ 1571.2179354023012
residual of the fit... 0.01799385043284743
starting bubble....... 919
time for bubble... 29.50433373451233
effective speed of sound down renormalization...$-\Delta c$ 922.6424156232033
residual of the fit... 0.01999822462359713
starting bubble....... 919
time for bubble... 29.44660520553589
effective speed of sound down renormalization...$-\Delta c$ 269.64122765809094
residual of the fit... 0.03440610553211525
time for sweep delta 206.03572010993958
