starting sampling in reciprocal space....
finished sampling in reciprocal space....t= 0.038773298263549805  s
91 numer of sampling lattice points
taking 0 umklapps
hbvf is .. 2.7
q is... 0.08597371142192678
hvkd is... 0.2321290208392023
kappa is.. 1
alpha is.. 0.45233465260138395
the twist angle is .. 0.02052507200345332
starting sampling in reciprocal space....
finished sampling in reciprocal space....t= 0.08759641647338867  s
starting sampling in reciprocal space....
finished sampling in reciprocal space....t= 0.03973817825317383  s
starting dispersion ..........
time to diag over MBZ 257.6257164478302
number of bands in density of states calculation, 2
sum of the hist, normed? 7.999999999999994
CHEMICAL POTENTIAL AND FILLING 0.0 0.0
starting sampling in reciprocal space....
finished sampling in reciprocal space....t= 0.04364514350891113  s
(1680,)
the bandwidth is ... 0.07281398860030004
457.51user 31.38system 9:40.23elapsed 84%CPU (0avgtext+0avgdata 1373800maxresident)k
0inputs+200outputs (0major+2447623minor)pagefaults 0swaps
