starting sampling in reciprocal space....
finished sampling in reciprocal space....t= 0.1917862892150879  s
919 numer of sampling lattice points
taking 0 umklapps
hbvf is .. 2.1354
q is... 0.07676251561000431
hvkd is... 0.16391867583360323
kappa is.. 0.8174358974358973
alpha is.. 0.5948071475331707
the twist angle is .. 0.01832595714594046
phonon params 524053712277273.6 84.80009352223715 10600.011690279644
starting sampling in reciprocal space....
finished sampling in reciprocal space....t= 0.24055242538452148  s
919 numer of sampling lattice points
taking 0 umklapps
hbvf is .. 2.1354
q is... 0.07676251561000431
hvkd is... 0.16391867583360323
kappa is.. 0.8174358974358973
alpha is.. 0.5948071475331707
the twist angle is .. 0.01832595714594046
phonon params 524053712277273.6 84.80009352223715 10600.011690279644
starting sampling in reciprocal space....
starting sampling in reciprocal space....
finished sampling in reciprocal space....t= 1.490185022354126  s
starting sampling in reciprocal space....
finished sampling in reciprocal space....t= 1.120027780532837  s
starting sampling in reciprocal space....
finished sampling in reciprocal space....t= 0.6971814632415771  s
Loading  ..........
number of bands in density of states calculation, 2
sum of the hist, normed? 7.99999999999991
finished sampling in reciprocal space....t= 1.1206896305084229  s
Loading  ..........
number of bands in density of states calculation, 2
sum of the hist, normed? 7.99999999999991
CHEMICAL POTENTIAL AND FILLING 0.0 0.0
starting sampling in reciprocal space....
finished sampling in reciprocal space....t= 0.15896224975585938  s
starting sampling in reciprocal space....
finished sampling in reciprocal space....t= 0.19588518142700195  s
starting dispersion ..........
CHEMICAL POTENTIAL AND FILLING 0.0 0.0
starting sampling in reciprocal space....
finished sampling in reciprocal space....t= 0.13922595977783203  s
starting sampling in reciprocal space....
finished sampling in reciprocal space....t= 0.1823418140411377  s
starting dispersion ..........
time to diag over MBZ 1514.2316176891327
time to diag over MBZ 1517.2786509990692
starting sampling in reciprocal space....
finished sampling in reciprocal space....t= 0.04629826545715332  s
starting sampling in reciprocal space....
finished sampling in reciprocal space....t= 0.21368956565856934  s
(6433, 564, 2) (919, 564, 2) (6433,)
starting sampling in reciprocal space....
finished sampling in reciprocal space....t= 0.2385578155517578  s
(6433, 564, 2) (919, 564, 2) (6433,)
starting sampling in reciprocal space....
finished sampling in reciprocal space....t= 0.18819069862365723  s
(6433, 564, 2) (919, 564, 2) (6433,)
calculating tensor that stores the overlaps........
(6433, 564, 2) (919, 564, 2) (6433,)
calculating tensor that stores the overlaps........
finsihed the overlaps.......... 23.707566022872925
calculating tensor that stores the overlaps........
finsihed the overlaps.......... 27.305708169937134
calculating tensor that stores the overlaps........
finsihed the overlaps.......... 12.635367155075073
calculating tensor that stores the overlaps........
finsihed the overlaps.......... 19.232100009918213
calculating tensor that stores the overlaps........
finsihed the overlaps.......... 25.776132583618164
calculating tensor that stores the overlaps........
finsihed the overlaps.......... 24.01675271987915
calculating tensor that stores the overlaps........
finsihed the overlaps.......... 9.711262702941895
finsihed the overlaps.......... 11.526141881942749
testing symmetry of the form factors...
plus valley form factor passed the C3 symmetry test with average difference...  2.947177786628432e-15
minus valley form factor passed the C3 symmetry test with average difference...  1.1364902753179145e-14
finished testing symmetry of the form factors...
starting bubble....... 919
calculating tensor that stores the overlaps........
finsihed the overlaps.......... 17.198160886764526
calculating tensor that stores the overlaps........
finsihed the overlaps.......... 4.879703998565674
testing symmetry of the form factors...
plus valley form factor passed the C3 symmetry test with average difference...  3.1905102874504877e-15
minus valley form factor passed the C3 symmetry test with average difference...  1.5480679424542698e-14
finished testing symmetry of the form factors...
starting bubble....... 919
time for bubble... 38.64656043052673
effective speed of sound down renormalization...$-\Delta c$ 9056.195551409819
residual of the fit... 0.058251305958282346
starting bubble....... 919
time for bubble... 23.465527296066284
effective speed of sound down renormalization...$-\Delta c$ 8854.656045043786
residual of the fit... 0.06854522656049018
starting bubble....... 919
time for bubble... 23.38273000717163
effective speed of sound down renormalization...$-\Delta c$ 10645.128507949055
residual of the fit... 0.019639972987208477
starting bubble....... 919
time for bubble... 23.327486753463745
effective speed of sound down renormalization...$-\Delta c$ 10580.730210231724
residual of the fit... 0.025657628217174173
starting bubble....... 919
time for bubble... 23.347477197647095
effective speed of sound down renormalization...$-\Delta c$ 9531.134906271416
residual of the fit... 0.03423722407784365
starting bubble....... 919
time for bubble... 23.36300277709961
effective speed of sound down renormalization...$-\Delta c$ 9699.72417738907
residual of the fit... 0.05606965861494149
starting bubble....... 919
time for bubble... 23.426370859146118
effective speed of sound down renormalization...$-\Delta c$ 7045.74956551014
residual of the fit... 0.0023337144552677005
starting bubble....... 919
time for bubble... 23.230926752090454
effective speed of sound down renormalization...$-\Delta c$ 7027.909103829409
residual of the fit... 0.016456183093396987
starting bubble....... 919
time for bubble... 23.504600048065186
effective speed of sound down renormalization...$-\Delta c$ 5061.074963339899
residual of the fit... 0.020920713360878997
starting bubble....... 919
time for bubble... 23.47643256187439
effective speed of sound down renormalization...$-\Delta c$ 4925.086046009912
residual of the fit... 0.021762308055156922
starting bubble....... 919
time for bubble... 23.50138807296753
effective speed of sound down renormalization...$-\Delta c$ 3109.669887817644
residual of the fit... 0.07778304734028675
starting bubble....... 919
time for bubble... 23.206350326538086
effective speed of sound down renormalization...$-\Delta c$ 2943.597380658498
residual of the fit... 0.0493483588565898
starting bubble....... 919
time for bubble... 23.44302463531494
effective speed of sound down renormalization...$-\Delta c$ 620.6339173181476
residual of the fit... 0.2033363239975262
time for sweep delta 179.26613688468933
8464.63user 600.32system 31:05.65elapsed 485%CPU (0avgtext+0avgdata 17587832maxresident)k
0inputs+1024outputs (4major+19014183minor)pagefaults 0swaps
time for bubble... 23.19637179374695
effective speed of sound down renormalization...$-\Delta c$ 721.1945720183636
residual of the fit... 0.07782448801611397
time for sweep delta 163.277574300766
8957.89user 658.84system 31:25.59elapsed 510%CPU (0avgtext+0avgdata 23890156maxresident)k
0inputs+1152outputs (2major+18453803minor)pagefaults 0swaps
