starting sampling in reciprocal space....
finished sampling in reciprocal space....t= 0.007929801940917969  s
91 numer of sampling lattice points
taking 0 umklapps
hbvf is .. 2.3382685902179845
q is... 0.08626612869316475
hvkd is... 0.20171337912292955
kappa is.. 0.3
alpha is.. 0.5205405831608729
the twist angle is .. 0.020594885173533087
starting sampling in reciprocal space....
finished sampling in reciprocal space....t= 0.004236698150634766  s
starting sampling in reciprocal space....
finished sampling in reciprocal space....t= 0.0041615962982177734  s
starting dispersion ..........
time to diag over MBZ 8.92458438873291
number of bands in density of states calculation, 2
sum of the hist, normed? 8.0
CHEMICAL POTENTIAL AND FILLING 0.0 0.0
starting sampling in reciprocal space....
finished sampling in reciprocal space....t= 0.004117727279663086  s
(1680,)
the bandwidth is ... 0.03469654328645112
158.72user 4.16system 0:21.50elapsed 757%CPU (0avgtext+0avgdata 1372144maxresident)k
0inputs+216outputs (0major+2446289minor)pagefaults 0swaps
