starting sampling in reciprocal space....
finished sampling in reciprocal space....t= 0.05174970626831055  s
919 numer of sampling lattice points
taking 0 umklapps
hbvf is .. 2.7
q is... 0.06908644773251756
hvkd is... 0.1865334088777974
kappa is.. 0.75
alpha is.. 0.5629018449386086
the twist angle is .. 0.016493361431346415
phonon params 343835297297344.44 104.69091678831359 13086.364598539198
starting sampling in reciprocal space....
finished sampling in reciprocal space....t= 0.36350250244140625  s
starting sampling in reciprocal space....
finished sampling in reciprocal space....t= 0.36380648612976074  s
starting dispersion ..........
time to diag over MBZ 2027.8137452602386
saving  ..........
number of bands in density of states calculation, 2
sum of the hist, normed? 7.999999999999909
CHEMICAL POTENTIAL AND FILLING 0.0 0.0
starting sampling in reciprocal space....
finished sampling in reciprocal space....t= 0.05234813690185547  s
starting sampling in reciprocal space....
finished sampling in reciprocal space....t= 0.05211043357849121  s
starting dispersion ..........
time to diag over MBZ 261.3996353149414
starting sampling in reciprocal space....
finished sampling in reciprocal space....t= 0.05257058143615723  s
(6433, 564, 2) (919, 564, 2) (6433,)
starting sampling in reciprocal space....
finished sampling in reciprocal space....t= 0.05270743370056152  s
(6433, 564, 2) (919, 564, 2) (6433,)
calculating tensor that stores the overlaps........
finsihed the overlaps.......... 14.90479063987732
calculating tensor that stores the overlaps........
finsihed the overlaps.......... 14.903209209442139
calculating tensor that stores the overlaps........
finsihed the overlaps.......... 14.909826755523682
calculating tensor that stores the overlaps........
finsihed the overlaps.......... 2.5390753746032715
calculating tensor that stores the overlaps........
finsihed the overlaps.......... 14.920430183410645
calculating tensor that stores the overlaps........
finsihed the overlaps.......... 3.2457330226898193
testing symmetry of the form factors...
plus valley form factor passed the C3 symmetry test with average difference...  7.677082922041108e-15
minus valley form factor passed the C3 symmetry test with average difference...  8.869582549010911e-15
finished testing symmetry of the form factors...
starting bubble....... 919
time for bubble... 29.49339008331299
effective speed of sound down renormalization...$-\Delta c$ 4730.8624300875545
residual of the fit... 0.0716134344563969
starting bubble....... 919
time for bubble... 29.58551812171936
effective speed of sound down renormalization...$-\Delta c$ 5507.163110909217
residual of the fit... 0.03436700959746968
starting bubble....... 919
time for bubble... 29.645885705947876
effective speed of sound down renormalization...$-\Delta c$ 6245.176353707529
residual of the fit... 0.06756893112761383
starting bubble....... 919
time for bubble... 29.636019945144653
effective speed of sound down renormalization...$-\Delta c$ 4413.21135232392
residual of the fit... 0.06570727990491053
starting bubble....... 919
time for bubble... 29.585587739944458
effective speed of sound down renormalization...$-\Delta c$ 3301.6430008936863
residual of the fit... 0.055472771411261314
starting bubble....... 919
time for bubble... 29.523249626159668
effective speed of sound down renormalization...$-\Delta c$ 2069.995309969809
residual of the fit... 0.008507899900256397
starting bubble....... 919
time for bubble... 29.53447914123535
effective speed of sound down renormalization...$-\Delta c$ 526.978028625149
residual of the fit... 0.015087842582236083
time for sweep delta 207.02532386779785
