starting sampling in reciprocal space....
finished sampling in reciprocal space....t= 0.007232666015625  s
91 numer of sampling lattice points
taking 0 umklapps
hbvf is .. 2.3382685902179845
q is... 0.07456935965397508
hvkd is... 0.17436319147155818
kappa is.. 0.75
alpha is.. 0.6021913175243033
the twist angle is .. 0.01780235837034216
starting sampling in reciprocal space....
finished sampling in reciprocal space....t= 0.004160165786743164  s
starting sampling in reciprocal space....
finished sampling in reciprocal space....t= 0.004122018814086914  s
starting dispersion ..........
time to diag over MBZ 8.791261672973633
number of bands in density of states calculation, 2
sum of the hist, normed? 8.000000000000021
CHEMICAL POTENTIAL AND FILLING 0.0 0.0
starting sampling in reciprocal space....
finished sampling in reciprocal space....t= 0.00405430793762207  s
(240,)
the bandwidth is ... 0.01020043078261224
156.10user 3.91system 0:21.17elapsed 755%CPU (0avgtext+0avgdata 1373528maxresident)k
0inputs+216outputs (0major+2447459minor)pagefaults 0swaps
