starting sampling in reciprocal space....
finished sampling in reciprocal space....t= 0.051482439041137695  s
919 numer of sampling lattice points
taking 0 umklapps
hbvf is .. 2.3382685902179845
q is... 0.07456935965397508
hvkd is... 0.17436319147155818
kappa is.. 0.3
alpha is.. 0.6021913175243033
the twist angle is .. 0.01780235837034216
phonon params 233340791204211.22
phonon params upsilon 2.91675989005264e+16
area ratio 0.00031691559356795897 0.0003169155935679577
correct factor by which the interaction is reduced 79.44072397876262
c tilde 1596.2901172754164
starting sampling in reciprocal space....
finished sampling in reciprocal space....t= 0.5633571147918701  s
starting sampling in reciprocal space....
finished sampling in reciprocal space....t= 0.5696282386779785  s
starting dispersion ..........
time to diag over MBZ 3097.7325789928436
saving  ..........
number of bands in density of states calculation, 2
sum of the hist, normed? 8.000000000000021
CHEMICAL POTENTIAL AND FILLING 0.0 0.0
starting sampling in reciprocal space....
finished sampling in reciprocal space....t= 0.0534212589263916  s
starting sampling in reciprocal space....
finished sampling in reciprocal space....t= 0.0526273250579834  s
starting dispersion ..........
time to diag over MBZ 256.0225205421448
starting sampling in reciprocal space....
finished sampling in reciprocal space....t= 0.05266523361206055  s
(6433, 564, 2) (919, 564, 2) (6433,)
starting sampling in reciprocal space....
finished sampling in reciprocal space....t= 0.05250144004821777  s
(6433, 564, 2) (919, 564, 2) (6433,)
calculating tensor that stores the overlaps........
finsihed the overlaps.......... 14.964893341064453
calculating tensor that stores the overlaps........
finsihed the overlaps.......... 2.4946529865264893
calculating tensor that stores the overlaps........
finsihed the overlaps.......... 14.723624229431152
calculating tensor that stores the overlaps........
finsihed the overlaps.......... 2.3297762870788574
testing symmetry of the form factors...
plus valley form factor passed the C3 symmetry test with average difference...  6.41367998489232e-15
minus valley form factor passed the C3 symmetry test with average difference...  6.520840934466761e-15
finished testing symmetry of the form factors...
starting bubble....... 919
time for bubble... 29.76589322090149
effective speed of sound down renormalization...$-\Delta c$ 3270.519232255974
residual of the fit... 0.06778293618393479
starting bubble....... 919
time for bubble... 29.90185308456421
effective speed of sound down renormalization...$-\Delta c$ 3293.3385359369317
residual of the fit... 0.0005971049023799626
starting bubble....... 919
time for bubble... 29.990844249725342
effective speed of sound down renormalization...$-\Delta c$ 3252.27691155492
residual of the fit... 0.023507847128881685
starting bubble....... 919
time for bubble... 30.246898889541626
effective speed of sound down renormalization...$-\Delta c$ 3332.2736238011307
residual of the fit... 0.019981420788697475
starting bubble....... 919
time for bubble... 30.072345495224
effective speed of sound down renormalization...$-\Delta c$ 3350.7370322435704
residual of the fit... 0.00395819928947475
starting bubble....... 919
time for bubble... 29.88359808921814
effective speed of sound down renormalization...$-\Delta c$ 3437.688210664074
residual of the fit... 0.00683101563139038
starting bubble....... 919
time for bubble... 30.07495927810669
effective speed of sound down renormalization...$-\Delta c$ 3596.117032127457
residual of the fit... 0.04498992356592422
starting bubble....... 919
time for bubble... 29.83077836036682
effective speed of sound down renormalization...$-\Delta c$ 3980.2591297220856
residual of the fit... 0.025208205992083822
starting bubble....... 919
time for bubble... 29.96407389640808
effective speed of sound down renormalization...$-\Delta c$ 3899.296278206892
residual of the fit... 0.03932106794616172
starting bubble....... 919
time for bubble... 29.95642852783203
effective speed of sound down renormalization...$-\Delta c$ 3265.1277587785285
residual of the fit... 0.03621833763276043
starting bubble....... 919
time for bubble... 29.782363891601562
effective speed of sound down renormalization...$-\Delta c$ 2897.3299887597677
residual of the fit... 0.06930715538555074
starting bubble....... 919
time for bubble... 29.694799184799194
effective speed of sound down renormalization...$-\Delta c$ 2608.4775424776813
residual of the fit... 0.03136809146998484
starting bubble....... 919
time for bubble... 29.713637828826904
effective speed of sound down renormalization...$-\Delta c$ 2319.2239339276216
residual of the fit... 0.034026374669227415
starting bubble....... 919
time for bubble... 29.66375494003296
effective speed of sound down renormalization...$-\Delta c$ 1868.1542093270878
residual of the fit... 0.026278588320239327
starting bubble....... 919
time for bubble... 29.830317497253418
effective speed of sound down renormalization...$-\Delta c$ 1622.3631119742586
residual of the fit... 0.07224651246619947
starting bubble....... 919
time for bubble... 29.808042287826538
effective speed of sound down renormalization...$-\Delta c$ 1247.6397063157378
residual of the fit... 0.1178756792484326
starting bubble....... 919
time for bubble... 29.934510469436646
effective speed of sound down renormalization...$-\Delta c$ 1146.1265777860265
residual of the fit... 0.1395049681112269
starting bubble....... 919
time for bubble... 30.081185817718506
effective speed of sound down renormalization...$-\Delta c$ 879.8267037075162
residual of the fit... 0.17525961164628726
starting bubble....... 919
time for bubble... 30.57254910469055
effective speed of sound down renormalization...$-\Delta c$ 475.18103793356
residual of the fit... 0.30808320277265416
starting bubble....... 919
time for bubble... 29.76735830307007
effective speed of sound down renormalization...$-\Delta c$ 231.8378140600596
residual of the fit... 0.10118591623331988
time for sweep delta 598.5821244716644
