starting sampling in reciprocal space....
finished sampling in reciprocal space....t= 0.007912874221801758  s
91 numer of sampling lattice points
taking 0 umklapps
hbvf is .. 2.3382685902179845
q is... 0.08407299662136936
hvkd is... 0.1965852472852507
kappa is.. 0.3
alpha is.. 0.5341194288483003
the twist angle is .. 0.020071286397934786
starting sampling in reciprocal space....
finished sampling in reciprocal space....t= 0.004194498062133789  s
starting sampling in reciprocal space....
finished sampling in reciprocal space....t= 0.004113435745239258  s
starting dispersion ..........
time to diag over MBZ 8.26151156425476
number of bands in density of states calculation, 2
sum of the hist, normed? 8.000000000000014
CHEMICAL POTENTIAL AND FILLING 0.0 0.0
starting sampling in reciprocal space....
finished sampling in reciprocal space....t= 0.00411224365234375  s
(1680,)
the bandwidth is ... 0.02637515584880859
153.65user 3.78system 0:20.76elapsed 758%CPU (0avgtext+0avgdata 1373132maxresident)k
0inputs+160outputs (0major+2447502minor)pagefaults 0swaps
