starting sampling in reciprocal space....
finished sampling in reciprocal space....t= 0.006765604019165039  s
91 numer of sampling lattice points
taking 0 umklapps
hbvf is .. 2.3382685902179845
q is... 0.08699717141061096
hvkd is... 0.20342275334724164
kappa is.. 0.3
alpha is.. 0.5161664478150363
the twist angle is .. 0.02076941809873252
starting sampling in reciprocal space....
finished sampling in reciprocal space....t= 0.004194021224975586  s
starting sampling in reciprocal space....
finished sampling in reciprocal space....t= 0.004191875457763672  s
starting dispersion ..........
time to diag over MBZ 8.405953168869019
number of bands in density of states calculation, 2
sum of the hist, normed? 8.000000000000002
CHEMICAL POTENTIAL AND FILLING 0.0 0.0
starting sampling in reciprocal space....
finished sampling in reciprocal space....t= 0.004022121429443359  s
(1680,)
the bandwidth is ... 0.0374992081734728
152.49user 3.76system 0:20.60elapsed 758%CPU (0avgtext+0avgdata 1373064maxresident)k
0inputs+160outputs (0major+2446883minor)pagefaults 0swaps
