starting sampling in reciprocal space....
finished sampling in reciprocal space....t= 0.04074978828430176  s
919 numer of sampling lattice points
taking 0 umklapps
hbvf is .. 2.1354
q is... 0.0706216661546583
hvkd is... 0.15080550590665734
kappa is.. 0.8174358974358973
alpha is.. 0.6465281185446151
the twist angle is .. 0.016859880574265226
phonon params 375431617921723.5 100.18871572046288 12523.58946505786
starting sampling in reciprocal space....
finished sampling in reciprocal space....t= 0.42336392402648926  s
starting sampling in reciprocal space....
finished sampling in reciprocal space....t= 0.3500852584838867  s
starting dispersion ..........
time to diag over MBZ 718.5409729480743
saving  ..........
number of bands in density of states calculation, 2
sum of the hist, normed? 7.9999999999998845
CHEMICAL POTENTIAL AND FILLING 0.0 0.0
starting sampling in reciprocal space....
finished sampling in reciprocal space....t= 0.027686119079589844  s
starting sampling in reciprocal space....
finished sampling in reciprocal space....t= 0.027665138244628906  s
starting dispersion ..........
time to diag over MBZ 61.4433217048645
starting sampling in reciprocal space....
finished sampling in reciprocal space....t= 0.03268909454345703  s
(6433, 564, 2) (919, 564, 2) (6433,)
starting sampling in reciprocal space....
finished sampling in reciprocal space....t= 0.032711029052734375  s
(6433, 564, 2) (919, 564, 2) (6433,)
calculating tensor that stores the overlaps........
finsihed the overlaps.......... 5.8355934619903564
calculating tensor that stores the overlaps........
finsihed the overlaps.......... 4.454776763916016
calculating tensor that stores the overlaps........
finsihed the overlaps.......... 5.469729661941528
calculating tensor that stores the overlaps........
finsihed the overlaps.......... 1.5722846984863281
calculating tensor that stores the overlaps........
finsihed the overlaps.......... 4.341417074203491
calculating tensor that stores the overlaps........
finsihed the overlaps.......... 0.9583685398101807
testing symmetry of the form factors...
failed C3 symmetry test, plus valley... 0.10223612022794573
failed C3 symmetry test, minus valley... 0.10223612022794573
finished testing symmetry of the form factors...
starting bubble....... 919
time for bubble... 23.444589376449585
effective speed of sound down renormalization...$-\Delta c$ 4568.10363246325
residual of the fit... 0.09209359014364676
starting bubble....... 919
time for bubble... 23.172309637069702
effective speed of sound down renormalization...$-\Delta c$ 4947.972159632208
residual of the fit... 0.014765385957689038
starting bubble....... 919
time for bubble... 23.142568349838257
effective speed of sound down renormalization...$-\Delta c$ 4423.330724148516
residual of the fit... 0.05927012864586288
starting bubble....... 919
time for bubble... 23.15658712387085
effective speed of sound down renormalization...$-\Delta c$ 3345.8221081209267
residual of the fit... 0.011980964964627893
starting bubble....... 919
time for bubble... 23.282686710357666
effective speed of sound down renormalization...$-\Delta c$ 2569.943616230861
residual of the fit... 0.015379540499900151
starting bubble....... 919
time for bubble... 23.26160764694214
effective speed of sound down renormalization...$-\Delta c$ 1780.9280928135643
residual of the fit... 0.00021505707641190507
starting bubble....... 919
time for bubble... 23.25032615661621
effective speed of sound down renormalization...$-\Delta c$ 453.3010062149173
residual of the fit... 0.05030620307022259
time for sweep delta 162.72299146652222
25325.36user 733.65system 16:47.41elapsed 2586%CPU (0avgtext+0avgdata 99132144maxresident)k
0inputs+2608outputs (108major+142560299minor)pagefaults 0swaps
starting sampling in reciprocal space....
finished sampling in reciprocal space....t= 0.03589224815368652  s
919 numer of sampling lattice points
taking 0 umklapps
hbvf is .. 2.1354
q is... 0.0706216661546583
hvkd is... 0.15080550590665734
kappa is.. 0.8174358974358973
alpha is.. 0.6465281185446151
the twist angle is .. 0.016859880574265226
phonon params 375431617921723.5 100.18871572046288 12523.58946505786
starting sampling in reciprocal space....
finished sampling in reciprocal space....t= 0.4231452941894531  s
starting sampling in reciprocal space....
finished sampling in reciprocal space....t= 0.3173837661743164  s
starting dispersion ..........
time to diag over MBZ 703.4707655906677
saving  ..........
number of bands in density of states calculation, 2
sum of the hist, normed? 7.9999999999998845
CHEMICAL POTENTIAL AND FILLING 0.0 0.0
starting sampling in reciprocal space....
finished sampling in reciprocal space....t= 0.027228593826293945  s
starting sampling in reciprocal space....
finished sampling in reciprocal space....t= 0.028040170669555664  s
starting dispersion ..........
time to diag over MBZ 58.68172550201416
starting sampling in reciprocal space....
finished sampling in reciprocal space....t= 0.027058124542236328  s
(6433, 564, 2) (919, 564, 2) (6433,)
starting sampling in reciprocal space....
finished sampling in reciprocal space....t= 0.028712034225463867  s
(6433, 564, 2) (919, 564, 2) (6433,)
calculating tensor that stores the overlaps........
finsihed the overlaps.......... 5.211735486984253
calculating tensor that stores the overlaps........
finsihed the overlaps.......... 1.7778124809265137
calculating tensor that stores the overlaps........
finsihed the overlaps.......... 4.625208616256714
calculating tensor that stores the overlaps........
finsihed the overlaps.......... 1.203263282775879
testing symmetry of the form factors...
failed C3 symmetry test, plus valley... 0.07170290405973063
failed C3 symmetry test, minus valley... 0.07170290405973063
finished testing symmetry of the form factors...
starting bubble....... 919
time for bubble... 23.293736934661865
effective speed of sound down renormalization...$-\Delta c$ 4665.535940145905
residual of the fit... 0.05480387372255001
starting bubble....... 919
time for bubble... 23.14870834350586
effective speed of sound down renormalization...$-\Delta c$ 5038.413015763184
residual of the fit... 0.01250579979467875
starting bubble....... 919
time for bubble... 23.16083836555481
effective speed of sound down renormalization...$-\Delta c$ 4319.283585101697
residual of the fit... 0.027073000885044003
starting bubble....... 919
time for bubble... 23.216177225112915
effective speed of sound down renormalization...$-\Delta c$ 3338.0005763629006
residual of the fit... 0.0006444111375771612
starting bubble....... 919
time for bubble... 23.368157625198364
effective speed of sound down renormalization...$-\Delta c$ 2592.969213666689
residual of the fit... 0.005697449676275517
starting bubble....... 919
time for bubble... 23.336758613586426
effective speed of sound down renormalization...$-\Delta c$ 1761.7492923844068
residual of the fit... 0.019922212313795165
starting bubble....... 919
time for bubble... 23.334937572479248
effective speed of sound down renormalization...$-\Delta c$ 461.7383643590425
residual of the fit... 0.010736467617285535
time for sweep delta 162.8706033229828
24423.90user 774.40system 16:12.35elapsed 2591%CPU (0avgtext+0avgdata 99131432maxresident)k
0inputs+2488outputs (85major+141772218minor)pagefaults 0swaps
