starting sampling in reciprocal space....
finished sampling in reciprocal space....t= 0.051325321197509766  s
919 numer of sampling lattice points
taking 0 umklapps
hbvf is .. 2.7
q is... 0.0736920958320925
hvkd is... 0.1989686587466498
kappa is.. 0.85
alpha is.. 0.5277213037541671
the twist angle is .. 0.017592918860102842
phonon params 445105171047432.1 92.01378847279597 11501.723559099495
starting sampling in reciprocal space....
finished sampling in reciprocal space....t= 0.36423516273498535  s
starting sampling in reciprocal space....
finished sampling in reciprocal space....t= 0.3634788990020752  s
starting dispersion ..........
time to diag over MBZ 1892.3721244335175
saving  ..........
number of bands in density of states calculation, 2
sum of the hist, normed? 7.999999999999931
CHEMICAL POTENTIAL AND FILLING 0.0 0.0
starting sampling in reciprocal space....
finished sampling in reciprocal space....t= 0.05323338508605957  s
starting sampling in reciprocal space....
finished sampling in reciprocal space....t= 0.053423166275024414  s
starting dispersion ..........
time to diag over MBZ 255.61731338500977
starting sampling in reciprocal space....
finished sampling in reciprocal space....t= 0.05243635177612305  s
(6433, 564, 2) (919, 564, 2) (6433,)
starting sampling in reciprocal space....
finished sampling in reciprocal space....t= 0.05212759971618652  s
(6433, 564, 2) (919, 564, 2) (6433,)
calculating tensor that stores the overlaps........
finsihed the overlaps.......... 14.973138093948364
calculating tensor that stores the overlaps........
finsihed the overlaps.......... 15.063015460968018
calculating tensor that stores the overlaps........
finsihed the overlaps.......... 15.158822536468506
calculating tensor that stores the overlaps........
finsihed the overlaps.......... 3.0517125129699707
calculating tensor that stores the overlaps........
finsihed the overlaps.......... 15.62811541557312
calculating tensor that stores the overlaps........
finsihed the overlaps.......... 2.702024221420288
testing symmetry of the form factors...
plus valley form factor passed the C3 symmetry test with average difference...  5.002878721674647e-15
minus valley form factor passed the C3 symmetry test with average difference...  1.7408184222243072e-15
finished testing symmetry of the form factors...
starting bubble....... 919
time for bubble... 29.59365177154541
effective speed of sound down renormalization...$-\Delta c$ 2955.214473851708
residual of the fit... 0.06957891448024697
starting bubble....... 919
time for bubble... 29.87385630607605
effective speed of sound down renormalization...$-\Delta c$ 3487.655568974382
residual of the fit... 0.056316017822512957
starting bubble....... 919
time for bubble... 29.857889413833618
effective speed of sound down renormalization...$-\Delta c$ 3819.8890904798423
residual of the fit... 0.08682246217793814
starting bubble....... 919
time for bubble... 29.912801027297974
effective speed of sound down renormalization...$-\Delta c$ 2742.170041857849
residual of the fit... 0.01019116670721781
starting bubble....... 919
time for bubble... 29.94082498550415
effective speed of sound down renormalization...$-\Delta c$ 2069.345000065815
residual of the fit... 0.007129348340473921
starting bubble....... 919
time for bubble... 29.94098734855652
effective speed of sound down renormalization...$-\Delta c$ 1297.955214716424
residual of the fit... 0.00946132496861583
starting bubble....... 919
time for bubble... 29.84255623817444
effective speed of sound down renormalization...$-\Delta c$ 366.24473434930286
residual of the fit... 0.02196035643800859
time for sweep delta 208.98229026794434
