starting sampling in reciprocal space....
finished sampling in reciprocal space....t= 0.051383018493652344  s
919 numer of sampling lattice points
taking 0 umklapps
hbvf is .. 2.7
q is... 0.06448077875110592
hvkd is... 0.17409810262798597
kappa is.. 0.75
alpha is.. 0.6031082384876113
the twist angle is .. 0.015393804002589986
phonon params 130457816974905.31
phonon params upsilon 1.6307227121863164e+16
area ratio 0.00023696452217357444 0.00023696452217357382
correct factor by which the interaction is reduced 91.86991894763528
c tilde 1380.32605284852
starting sampling in reciprocal space....
finished sampling in reciprocal space....t= 0.564263105392456  s
starting sampling in reciprocal space....
finished sampling in reciprocal space....t= 0.5675978660583496  s
starting dispersion ..........
time to diag over MBZ 2998.5788609981537
saving  ..........
number of bands in density of states calculation, 2
sum of the hist, normed? 7.999999999999894
CHEMICAL POTENTIAL AND FILLING 0.0 0.0
starting sampling in reciprocal space....
finished sampling in reciprocal space....t= 0.053995370864868164  s
starting sampling in reciprocal space....
finished sampling in reciprocal space....t= 0.052934885025024414  s
starting dispersion ..........
time to diag over MBZ 261.3539981842041
starting sampling in reciprocal space....
finished sampling in reciprocal space....t= 0.05161881446838379  s
(6433, 564, 2) (919, 564, 2) (6433,)
starting sampling in reciprocal space....
finished sampling in reciprocal space....t= 0.052443504333496094  s
(6433, 564, 2) (919, 564, 2) (6433,)
calculating tensor that stores the overlaps........
finsihed the overlaps.......... 15.33678936958313
calculating tensor that stores the overlaps........
finsihed the overlaps.......... 15.16206407546997
calculating tensor that stores the overlaps........
finsihed the overlaps.......... 15.16980528831482
calculating tensor that stores the overlaps........
finsihed the overlaps.......... 2.7818775177001953
calculating tensor that stores the overlaps........
finsihed the overlaps.......... 15.248661756515503
calculating tensor that stores the overlaps........
finsihed the overlaps.......... 2.382072925567627
testing symmetry of the form factors...
plus valley form factor passed the C3 symmetry test with average difference...  5.308112262825511e-15
minus valley form factor passed the C3 symmetry test with average difference...  5.5192103358800074e-15
finished testing symmetry of the form factors...
starting bubble....... 919
time for bubble... 29.395994186401367
effective speed of sound down renormalization...$-\Delta c$ 3402.012755424446
residual of the fit... 0.0691045085130967
starting bubble....... 919
time for bubble... 29.74104905128479
effective speed of sound down renormalization...$-\Delta c$ 3544.4478618288217
residual of the fit... 0.013656572345748087
starting bubble....... 919
time for bubble... 29.830105304718018
effective speed of sound down renormalization...$-\Delta c$ 3680.307518390058
residual of the fit... 0.016997508910641373
starting bubble....... 919
time for bubble... 29.830103874206543
effective speed of sound down renormalization...$-\Delta c$ 3953.750450042325
residual of the fit... 0.0515322443536174
starting bubble....... 919
time for bubble... 30.050318002700806
effective speed of sound down renormalization...$-\Delta c$ 4240.3225209695665
residual of the fit... 0.05712530535914219
starting bubble....... 919
time for bubble... 30.089362859725952
effective speed of sound down renormalization...$-\Delta c$ 4504.169611793876
residual of the fit... 0.019654321275935985
starting bubble....... 919
time for bubble... 29.86557364463806
effective speed of sound down renormalization...$-\Delta c$ 4151.059899637327
residual of the fit... 0.0709109101658211
starting bubble....... 919
time for bubble... 29.989533185958862
effective speed of sound down renormalization...$-\Delta c$ 3787.696633170766
residual of the fit... 0.032576363291123546
starting bubble....... 919
time for bubble... 29.80045747756958
effective speed of sound down renormalization...$-\Delta c$ 3362.6539546490726
residual of the fit... 0.008178143125729273
starting bubble....... 919
time for bubble... 29.856334924697876
effective speed of sound down renormalization...$-\Delta c$ 3121.424510088282
residual of the fit... 0.01115054087691832
starting bubble....... 919
time for bubble... 29.686676740646362
effective speed of sound down renormalization...$-\Delta c$ 2780.3383415318167
residual of the fit... 0.015998131758789006
starting bubble....... 919
time for bubble... 29.575000047683716
effective speed of sound down renormalization...$-\Delta c$ 2689.98436218019
residual of the fit... 0.01253333710047448
starting bubble....... 919
time for bubble... 29.731859922409058
effective speed of sound down renormalization...$-\Delta c$ 2272.537156564057
residual of the fit... 0.000843792124802327
starting bubble....... 919
time for bubble... 29.5895357131958
effective speed of sound down renormalization...$-\Delta c$ 2053.8465563260916
residual of the fit... 0.05070789025985966
starting bubble....... 919
time for bubble... 29.835690021514893
effective speed of sound down renormalization...$-\Delta c$ 1785.852761958041
residual of the fit... 0.04388959489054485
starting bubble....... 919
time for bubble... 29.732019662857056
effective speed of sound down renormalization...$-\Delta c$ 1530.9003286272275
residual of the fit... 0.052446235186856524
starting bubble....... 919
time for bubble... 29.657806158065796
effective speed of sound down renormalization...$-\Delta c$ 1253.221219751329
residual of the fit... 0.003688925307887616
starting bubble....... 919
time for bubble... 29.561495304107666
effective speed of sound down renormalization...$-\Delta c$ 924.1356630557046
residual of the fit... 0.07045474684143019
starting bubble....... 919
time for bubble... 29.603607892990112
effective speed of sound down renormalization...$-\Delta c$ 637.8785130351873
residual of the fit... 0.021294200513291218
starting bubble....... 919
time for bubble... 29.609686374664307
effective speed of sound down renormalization...$-\Delta c$ 295.4920889278745
residual of the fit... 0.021871819652618467
time for sweep delta 595.0702736377716
