starting sampling in reciprocal space....
finished sampling in reciprocal space....t= 0.05186867713928223  s
919 numer of sampling lattice points
taking 0 umklapps
hbvf is .. 2.3382685902179845
q is... 0.07456935965397508
hvkd is... 0.17436319147155818
kappa is.. 0.75
alpha is.. 0.6021913175243033
the twist angle is .. 0.01780235837034216
phonon params 233340791204211.22
phonon params upsilon 2.91675989005264e+16
area ratio 0.00031691559356795897 0.0003169155935679577
correct factor by which the interaction is reduced 79.44072397876262
c tilde 1596.2901172754164
starting sampling in reciprocal space....
finished sampling in reciprocal space....t= 0.5639743804931641  s
starting sampling in reciprocal space....
finished sampling in reciprocal space....t= 0.5704047679901123  s
starting dispersion with 9919 points..........
time to diag over MBZ 7862.6481964588165
saving  ..........
number of bands in density of states calculation, 2
sum of the hist, normed? 8.00000000000011
CHEMICAL POTENTIALS AND FILLINGS [0.         0.0002571  0.00035154 0.00039759 0.00041697 0.00043697
 0.00046996 0.0005138  0.00056394 0.00062382 0.00069489 0.00077811
 0.00087526 0.00099087 0.00112975 0.00131547 0.00154896 0.00187866
 0.00240215 0.0035254 ] [0.         0.20526316 0.41052632 0.61578947 0.82105263 1.02631579
 1.23157895 1.43684211 1.64210526 1.84736842 2.05263158 2.25789474
 2.46315789 2.66842105 2.87368421 3.07894737 3.28421053 3.48947368
 3.69473684 3.9       ]
CHEMICAL POTENTIAL AND FILLING 0.0 0.0
starting sampling in reciprocal space....
finished sampling in reciprocal space....t= 0.05363941192626953  s
starting sampling in reciprocal space....
finished sampling in reciprocal space....t= 0.05321907997131348  s
starting dispersion with 919 points..........
time to diag over MBZ 936.5964555740356
starting sampling in reciprocal space....
finished sampling in reciprocal space....t= 0.051604509353637695  s
(6433, 564, 2) (919, 564, 2) (6433,)
starting sampling in reciprocal space....
finished sampling in reciprocal space....t= 0.051215410232543945  s
(6433, 564, 2) (919, 564, 2) (6433,)
calculating tensor that stores the overlaps........
finsihed the overlaps.......... 16.643200397491455
calculating tensor that stores the overlaps........
finsihed the overlaps.......... 2.8086445331573486
calculating tensor that stores the overlaps........
finsihed the overlaps.......... 16.76564860343933
calculating tensor that stores the overlaps........
finsihed the overlaps.......... 2.707552909851074
testing symmetry of the form factors...
failed C3 symmetry test, plus valley... 6.901190139608576e-05
failed C3 symmetry test, minus valley... 6.901190139608576e-05
finished testing symmetry of the form factors...
starting bubble....... 919
time for bubble... 29.120381116867065
effective speed of sound down renormalization...$-\Delta c$ 4081.6346072791102
residual of the fit... 0.059729341796924164
starting bubble....... 919
time for bubble... 29.069808959960938
effective speed of sound down renormalization...$-\Delta c$ 0.0
residual of the fit... nan
starting bubble....... 919
time for bubble... 29.412903547286987
effective speed of sound down renormalization...$-\Delta c$ 0.0
residual of the fit... nan
starting bubble....... 919
time for bubble... 29.145789623260498
effective speed of sound down renormalization...$-\Delta c$ 0.0
residual of the fit... nan
starting bubble....... 919
time for bubble... 29.066553354263306
effective speed of sound down renormalization...$-\Delta c$ 0.0
residual of the fit... nan
starting bubble....... 919
time for bubble... 29.212970495224
effective speed of sound down renormalization...$-\Delta c$ 0.0
residual of the fit... nan
starting bubble....... 919
time for bubble... 29.24905562400818
effective speed of sound down renormalization...$-\Delta c$ 0.0
residual of the fit... nan
starting bubble....... 919
time for bubble... 29.08370327949524
effective speed of sound down renormalization...$-\Delta c$ 0.0
residual of the fit... nan
starting bubble....... 919
time for bubble... 29.148186445236206
effective speed of sound down renormalization...$-\Delta c$ 0.0
residual of the fit... nan
starting bubble....... 919
time for bubble... 29.16296410560608
effective speed of sound down renormalization...$-\Delta c$ 0.0
residual of the fit... nan
starting bubble....... 919
time for bubble... 29.249042749404907
effective speed of sound down renormalization...$-\Delta c$ 0.0
residual of the fit... nan
starting bubble....... 919
time for bubble... 29.14474129676819
effective speed of sound down renormalization...$-\Delta c$ 0.0
residual of the fit... nan
starting bubble....... 919
time for bubble... 29.049043655395508
effective speed of sound down renormalization...$-\Delta c$ 0.0
residual of the fit... nan
starting bubble....... 919
time for bubble... 29.160330295562744
effective speed of sound down renormalization...$-\Delta c$ 0.0
residual of the fit... nan
starting bubble....... 919
time for bubble... 29.207439661026
effective speed of sound down renormalization...$-\Delta c$ 0.0
residual of the fit... nan
starting bubble....... 919
time for bubble... 29.06023383140564
effective speed of sound down renormalization...$-\Delta c$ 0.0
residual of the fit... nan
starting bubble....... 919
time for bubble... 29.112740516662598
effective speed of sound down renormalization...$-\Delta c$ 0.0
residual of the fit... nan
starting bubble....... 919
time for bubble... 29.119044065475464
effective speed of sound down renormalization...$-\Delta c$ 0.0
residual of the fit... nan
starting bubble....... 919
time for bubble... 29.144935131072998
effective speed of sound down renormalization...$-\Delta c$ 0.0
residual of the fit... nan
starting bubble....... 919
time for bubble... 29.134769916534424
effective speed of sound down renormalization...$-\Delta c$ 0.0
residual of the fit... nan
time for sweep delta 583.1129584312439
