starting sampling in reciprocal space....
finished sampling in reciprocal space....t= 0.026833057403564453  s
91 numer of sampling lattice points
taking 0 umklapps
hbvf is .. 2.7
q is... 0.0706216661546583
hvkd is... 0.19067849861757744
kappa is.. 1
alpha is.. 0.5506651287966493
the twist angle is .. 0.016859880574265226
starting sampling in reciprocal space....
finished sampling in reciprocal space....t= 0.03699827194213867  s
starting sampling in reciprocal space....
finished sampling in reciprocal space....t= 0.004959583282470703  s
starting dispersion ..........
time to diag over MBZ 254.15439081192017
number of bands in density of states calculation, 2
sum of the hist, normed? 8.000000000000007
CHEMICAL POTENTIAL AND FILLING 0.0 0.0
starting sampling in reciprocal space....
finished sampling in reciprocal space....t= 0.007201194763183594  s
(1680,)
the bandwidth is ... 0.008365018298451925
445.63user 29.76system 9:37.69elapsed 82%CPU (0avgtext+0avgdata 1373000maxresident)k
0inputs+192outputs (0major+2450543minor)pagefaults 0swaps
