starting sampling in reciprocal space....
finished sampling in reciprocal space....t= 0.05119180679321289  s
919 numer of sampling lattice points
taking 0 umklapps
hbvf is .. 2.7
q is... 0.08597371142192678
hvkd is... 0.2321290208392023
kappa is.. 0.75
alpha is.. 0.45233465260138395
the twist angle is .. 0.02052507200345332
phonon params 824596919822312.0 67.60259669152454 8450.324586440567
starting sampling in reciprocal space....
finished sampling in reciprocal space....t= 0.35992980003356934  s
starting sampling in reciprocal space....
finished sampling in reciprocal space....t= 0.365267276763916  s
starting dispersion ..........
time to diag over MBZ 1834.1458673477173
saving  ..........
number of bands in density of states calculation, 2
sum of the hist, normed? 8.000000000000092
CHEMICAL POTENTIAL AND FILLING 0.0 0.0
starting sampling in reciprocal space....
finished sampling in reciprocal space....t= 0.052150726318359375  s
starting sampling in reciprocal space....
finished sampling in reciprocal space....t= 0.05213642120361328  s
starting dispersion ..........
time to diag over MBZ 276.0521764755249
starting sampling in reciprocal space....
finished sampling in reciprocal space....t= 0.05219578742980957  s
(6433, 564, 2) (919, 564, 2) (6433,)
starting sampling in reciprocal space....
finished sampling in reciprocal space....t= 0.051722049713134766  s
(6433, 564, 2) (919, 564, 2) (6433,)
calculating tensor that stores the overlaps........
finsihed the overlaps.......... 15.028680086135864
calculating tensor that stores the overlaps........
finsihed the overlaps.......... 14.995918273925781
calculating tensor that stores the overlaps........
finsihed the overlaps.......... 15.025740385055542
calculating tensor that stores the overlaps........
finsihed the overlaps.......... 2.972639799118042
calculating tensor that stores the overlaps........
finsihed the overlaps.......... 15.707668781280518
calculating tensor that stores the overlaps........
finsihed the overlaps.......... 3.0011239051818848
testing symmetry of the form factors...
plus valley form factor passed the C3 symmetry test with average difference...  3.781008095983837e-15
minus valley form factor passed the C3 symmetry test with average difference...  3.4323637794743943e-15
finished testing symmetry of the form factors...
starting bubble....... 919
time for bubble... 29.36432409286499
effective speed of sound down renormalization...$-\Delta c$ 1682.380057853486
residual of the fit... 0.07691204422237398
starting bubble....... 919
time for bubble... 29.567046642303467
effective speed of sound down renormalization...$-\Delta c$ 1769.5932108754757
residual of the fit... 0.011025932984427668
starting bubble....... 919
time for bubble... 29.440595149993896
effective speed of sound down renormalization...$-\Delta c$ 2120.3844993355588
residual of the fit... 0.01139912504961997
starting bubble....... 919
time for bubble... 29.494377851486206
effective speed of sound down renormalization...$-\Delta c$ 1668.9372063620656
residual of the fit... 0.015529926928436064
starting bubble....... 919
time for bubble... 29.494829177856445
effective speed of sound down renormalization...$-\Delta c$ 1201.2818755628427
residual of the fit... 0.05928369581783353
starting bubble....... 919
time for bubble... 29.505836725234985
effective speed of sound down renormalization...$-\Delta c$ 707.552882093295
residual of the fit... 0.015097092261890292
starting bubble....... 919
time for bubble... 29.429749250411987
effective speed of sound down renormalization...$-\Delta c$ 219.3288506949336
residual of the fit... 0.027585683113748073
time for sweep delta 206.3170313835144
