starting sampling in reciprocal space....
finished sampling in reciprocal space....t= 0.007611751556396484  s
91 numer of sampling lattice points
taking 0 umklapps
hbvf is .. 2.3382685902179845
q is... 0.07895566630481395
hvkd is... 0.18461955454027892
kappa is.. 0.75
alpha is.. 0.5687371538809117
the twist angle is .. 0.01884955592153876
starting sampling in reciprocal space....
finished sampling in reciprocal space....t= 0.005029439926147461  s
starting sampling in reciprocal space....
finished sampling in reciprocal space....t= 0.004312753677368164  s
starting dispersion ..........
time to diag over MBZ 9.54033088684082
number of bands in density of states calculation, 2
sum of the hist, normed? 7.999999999999997
CHEMICAL POTENTIAL AND FILLING 0.0 0.0
starting sampling in reciprocal space....
finished sampling in reciprocal space....t= 0.004072427749633789  s
(1680,)
the bandwidth is ... 0.0038118716050895836
164.96user 4.67system 0:22.49elapsed 754%CPU (0avgtext+0avgdata 1374224maxresident)k
0inputs+216outputs (0major+2447114minor)pagefaults 0swaps
