starting sampling in reciprocal space....
finished sampling in reciprocal space....t= 0.00787043571472168  s
91 numer of sampling lattice points
taking 0 umklapps
hbvf is .. 2.3382685902179845
q is... 0.06945197614064469
hvkd is... 0.16239737433823836
kappa is.. 0.75
alpha is.. 0.6465621776698671
the twist angle is .. 0.01658062789394613
starting sampling in reciprocal space....
finished sampling in reciprocal space....t= 0.004244327545166016  s
starting sampling in reciprocal space....
finished sampling in reciprocal space....t= 0.00410771369934082  s
starting dispersion ..........
time to diag over MBZ 8.69160008430481
number of bands in density of states calculation, 2
sum of the hist, normed? 8.00000000000001
CHEMICAL POTENTIAL AND FILLING 0.0 0.0
starting sampling in reciprocal space....
finished sampling in reciprocal space....t= 0.00408482551574707  s
(4200,)
the bandwidth is ... 0.024825809831399082
276.34user 6.62system 0:36.46elapsed 775%CPU (0avgtext+0avgdata 3162720maxresident)k
0inputs+192outputs (0major+4598096minor)pagefaults 0swaps
