starting sampling in reciprocal space....
finished sampling in reciprocal space....t= 0.06493687629699707  s
1261 numer of sampling lattice points
taking $0 umklapps
hbvf is .. 2.1354
q is... 0.07369209583209221
hvkd is... 0.15736210143984972
kappa is.. 0.8174358974358973
alpha is.. 0.6195900989366777
the twist angle is .. 0.017592918860102842
phonon params... 168395274197.62216
starting sampling in reciprocal space....
finished sampling in reciprocal space....t= 0.0625615119934082  s
starting dispersion ..........
time to diag over MBZ 111.10567927360535
starting sampling in reciprocal space....
finished sampling in reciprocal space....t= 0.036805152893066406  s
(8827, 564, 2) (1261, 564, 2) (8827,)
starting sampling in reciprocal space....
finished sampling in reciprocal space....t= 0.041988372802734375  s
(8827, 564, 2) (1261, 564, 2) (8827,)
calculating tensor that stores the overlaps........
finsihed the overlaps.......... 7.789927005767822
calculating tensor that stores the overlaps........
finsihed the overlaps.......... 7.8807761669158936
calculating tensor that stores the overlaps........
finsihed the overlaps.......... 7.327398300170898
calculating tensor that stores the overlaps........
finsihed the overlaps.......... 3.8526010513305664
calculating tensor that stores the overlaps........
finsihed the overlaps.......... 7.808637619018555
calculating tensor that stores the overlaps........
finsihed the overlaps.......... 3.070075511932373
testing symmetry of the form factors...
finished testing symmetry of the form factors...
starting bubble....... 1261
time for bubble... 60.63873267173767
the filling is ..  0.0
8.960012935744012e-11
[2.26679411e+17 3.35748319e+15 3.31853452e+15 2.27204879e+19
 1.04523905e+17 2.26609722e+19] 0.09626355815013134 26129.35365136818 2.9368737226273837e-06
parameters of the fit... 26129.35365136818
residual of the fit... 0.09626355815013134
saving data from the run ...
starting bubble....... 1261
starting bubble....... 1261
time for bubble... 63.61403203010559
the filling is ..  6.25e-05
8.960012935744012e-11
[ 2.26257868e+17  3.49767442e+03 -8.58633164e+03  2.27191415e+19
  1.89459993e+06  2.27191415e+19] 0.0969002560927258 26113.689814572404 2.9465701214594076e-06
parameters of the fit... 26113.689814572404
residual of the fit... 0.0969002560927258
saving data from the run ...
time for bubble... 61.73175001144409
the filling is ..  0.0001
8.960012935744012e-11
[ 2.26257868e+17  3.74573643e+03 -8.63594404e+03  2.27191415e+19
  1.89459993e+06  2.27191415e+19] 0.0969002560927258 26113.689814572404 2.9465701214594076e-06
parameters of the fit... 26113.689814572404
residual of the fit... 0.0969002560927258
saving data from the run ...
starting bubble....... 1261
time for bubble... 62.50151300430298
the filling is ..  0.0001266
8.960012935744012e-11
[ 2.61201270e+17  5.37550388e+04 -7.84426862e+04  2.16424814e+19
 -2.01018839e+06  2.16424814e+19] 0.09275618689359441 25500.790613739475 2.8828746667812237e-06
parameters of the fit... 25500.790613739475
residual of the fit... 0.09275618689359441
saving data from the run ...
starting bubble....... 1261
time for bubble... 64.27773761749268
the filling is ..  0.0001429
8.960012935744012e-11
[ 2.30265224e+17 -7.19875969e+04  2.57474513e+04  2.37083704e+19
  1.87982433e+06  2.37083704e+19] 0.08819887785793544 26674.51312336389 2.811161835478718e-06
parameters of the fit... 26674.51312336389
residual of the fit... 0.08819887785793544
saving data from the run ...
starting bubble....... 1261
time for bubble... 64.27519130706787
the filling is ..  0.00015079999999999998
8.960012935744012e-11
[ 2.30265224e+17 -7.20372093e+04  2.57474513e+04  2.37083704e+19
  1.87737925e+06  2.37083704e+19] 0.08819887785793543 26674.51312336389 2.811161835478718e-06
parameters of the fit... 26674.51312336389
residual of the fit... 0.08819887785793543
saving data from the run ...
starting bubble....... 1261
time for bubble... 59.21992301940918
the filling is ..  0.0001587
8.960012935744012e-11
[ 2.30265224e+17 -7.19875969e+04  2.58466761e+04  2.37083704e+19
  1.87493417e+06  2.37083704e+19] 0.08819887785793541 26674.51312336389 2.8111618354787176e-06
parameters of the fit... 26674.51312336389
residual of the fit... 0.08819887785793541
saving data from the run ...
starting bubble....... 1261
time for bubble... 60.37622332572937
the filling is ..  0.0001666
8.960012935744012e-11
[ 2.30265224e+17 -7.20868217e+04  2.58466761e+04  2.37083704e+19
  1.87493417e+06  2.37083704e+19] 0.08819887785793543 26674.51312336389 2.811161835478718e-06
parameters of the fit... 26674.51312336389
residual of the fit... 0.08819887785793543
saving data from the run ...
starting bubble....... 1261
starting bubble....... 1261
time for bubble... 61.16457557678223
the filling is ..  0.00017460000000000002
8.960012935744012e-11
[ 2.30265224e+17 -7.20372093e+04  2.57474513e+04  2.37083704e+19
  1.87737925e+06  2.37083704e+19] 0.08819887785793543 26674.51312336389 2.811161835478718e-06
parameters of the fit... 26674.51312336389
residual of the fit... 0.08819887785793543
saving data from the run ...
time for bubble... 61.78660821914673
the filling is ..  0.00018429999999999998
8.960012935744012e-11
[ 2.30265224e+17 -7.20372093e+04  2.58962885e+04  2.37083704e+19
  1.87737925e+06  2.37083704e+19] 0.08819887785793543 26674.51312336389 2.811161835478718e-06
parameters of the fit... 26674.51312336389
residual of the fit... 0.08819887785793543
saving data from the run ...
starting bubble....... 1261
starting bubble....... 1261
time for bubble... 58.6705379486084
the filling is ..  0.0001945
8.960012935744012e-11
[ 2.30265224e+17 -7.19875969e+04  2.58466761e+04  2.37083704e+19
  1.87493417e+06  2.37083704e+19] 0.08819887785793541 26674.51312336389 2.8111618354787176e-06
parameters of the fit... 26674.51312336389
residual of the fit... 0.08819887785793541
saving data from the run ...
time for bubble... 59.90672302246094
the filling is ..  0.0002075
8.960012935744012e-11
[ 2.40913192e+17 -1.31720930e+04  2.43081222e+04  2.34139607e+19
 -1.04938420e+06  2.34139607e+19] 0.08983481475245032 26512.17854278292 2.837113149421647e-06
parameters of the fit... 26512.17854278292
residual of the fit... 0.08983481475245032
saving data from the run ...
starting bubble....... 1261
time for bubble... 58.461853981018066
the filling is ..  0.0002222
8.960012935744012e-11
[ 2.29127826e+17 -1.84806202e+04  2.45079817e+04  2.41271450e+19
 -5.53068152e+05  2.41271450e+19] 0.08807706431467952 26907.621304534394 2.8092198838857127e-06
parameters of the fit... 26907.621304534394
residual of the fit... 0.08807706431467952
saving data from the run ...
starting bubble....... 1261
time for bubble... 59.26054763793945
the filling is ..  0.0002524
8.960012935744012e-11
[ 3.84590251e+17 -1.91751938e+04  2.48683791e+04  3.04716605e+19
 -8.23057997e+05  3.04716605e+19] 0.10627689862665372 30262.70749420969 3.085842488633489e-06
parameters of the fit... 30262.70749420969
residual of the fit... 0.10627689862665372
saving data from the run ...
starting bubble....... 1261
starting bubble....... 1261
time for bubble... 61.00423574447632
the filling is ..  0.000289
8.960012935744012e-11
[ 3.15408311e+17 -3.79162791e+05 -2.42735447e+05  3.32670324e+19
  8.51952154e+06  3.32670324e+19] 0.07122805168529714 31595.67861775026 2.5262705011302837e-06
parameters of the fit... 31595.67861775026
residual of the fit... 0.07122805168529714
saving data from the run ...
time for bubble... 65.51739120483398
the filling is ..  0.0003171
8.960012935744012e-11
[ 3.57979366e+17 -3.22976744e+04 -4.22920372e+02  3.59780699e+19
  5.25251816e+06  3.59780699e+19] 0.10123432040176193 32861.716388632136 3.0117450428962956e-06
parameters of the fit... 32861.716388632136
residual of the fit... 0.10123432040176193
saving data from the run ...
starting bubble....... 1261
time for bubble... 58.32316851615906
the filling is ..  0.00034920000000000003
8.960012935744012e-11
[ 3.29812724e+17 -3.21736434e+04  4.14164472e+03  3.61198943e+19
  1.47981791e+07  3.61198943e+19] 0.09708900795372064 32919.71464685532 2.9494385350162666e-06
parameters of the fit... 32919.71464685532
residual of the fit... 0.09708900795372064
saving data from the run ...
starting bubble....... 1261
time for bubble... 59.43060255050659
the filling is ..  0.00040889999999999996
8.960012935744012e-11
[ 2.30262411e+17 -2.84031008e+04  6.00853632e+03  2.70971356e+19
  1.90395282e+06  2.70971356e+19] 0.10178795489845885 28508.610523556843 3.019969192877834e-06
parameters of the fit... 28508.610523556843
residual of the fit... 0.10178795489845885
saving data from the run ...
starting bubble....... 1261
time for bubble... 61.0435254573822
the filling is ..  0.000483
8.960012935744012e-11
[2.08318250e+17 7.19379845e+03 6.40890389e+02 2.23983238e+19
 5.00971320e+06 2.23983238e+19] 0.11026502971308211 25924.411775645924 3.143208699067584e-06
parameters of the fit... 25924.411775645924
residual of the fit... 0.11026502971308211
saving data from the run ...
starting bubble....... 1261
time for bubble... 61.65781021118164
the filling is ..  0.0005454
8.960012935744012e-11
[ 1.85851380e+17 -2.10852713e+03 -6.56830609e+02  1.85485241e+19
 -2.06836888e+06  1.85485241e+19] 0.0935530673445318 23595.73626598184 2.895231758573976e-06
parameters of the fit... 23595.73626598184
residual of the fit... 0.0935530673445318
saving data from the run ...
starting bubble....... 1261
time for bubble... 65.19243907928467
the filling is ..  0.000619
8.960012935744012e-11
[ 1.51797345e+17 -1.05488372e+04  4.63738364e+04  1.76459701e+19
 -1.53516170e+06  1.76459701e+19] 0.06918010921715623 23006.388519903947 2.4896880798242644e-06
parameters of the fit... 23006.388519903947
residual of the fit... 0.06918010921715623
saving data from the run ...
starting bubble....... 1261
time for bubble... 62.21357274055481
the filling is ..  0.0006860000000000001
8.960012935744012e-11
[ 1.38190171e+17 -3.96899225e+03  8.90971211e+03  1.43025078e+19
  4.43264412e+05  1.43025078e+19] 0.08652282259851417 20717.926813146933 2.7843232745494395e-06
parameters of the fit... 20717.926813146933
residual of the fit... 0.08652282259851417
saving data from the run ...
starting bubble....... 1261
time for bubble... 64.17368507385254
the filling is ..  0.0007619
8.960012935744012e-11
[ 1.38704253e+17  1.41147287e+04  2.20523269e+04  1.19809743e+19
 -1.09569479e+06  1.19809743e+19] 0.10180502544093976 18971.12552066948 3.0202224170987283e-06
parameters of the fit... 18971.12552066948
residual of the fit... 0.10180502544093976
saving data from the run ...
starting bubble....... 1261
time for bubble... 64.00731158256531
the filling is ..  0.0008663999999999999
8.960012935744012e-11
[ 1.05570040e+17 -8.78139535e+03  1.28690444e+03  1.07094882e+19
 -1.57794114e+05  1.07094882e+19] 0.08701489409198829 17928.571914332148 2.792229533305975e-06
parameters of the fit... 17928.571914332148
residual of the fit... 0.08701489409198829
saving data from the run ...
starting bubble....... 1261
time for bubble... 61.46060395240784
the filling is ..  0.001
8.960012935744012e-11
[ 8.82709635e+16 -6.08992248e+03  3.39175998e+03  8.90426747e+18
 -9.00879523e+05  8.90426747e+18] 0.08363429177812579 16348.06881237512 2.737451983512763e-06
parameters of the fit... 16348.06881237512
residual of the fit... 0.08363429177812579
saving data from the run ...
starting bubble....... 1261
time for bubble... 61.65016293525696
the filling is ..  0.0011642
8.960012935744012e-11
[ 8.46289799e+16  7.05736434e+03 -1.49551087e+04  7.57553270e+18
 -3.26146901e+06  7.57553270e+18] 0.16224591623978202 15083.767139773887 3.8127752468249245e-06
parameters of the fit... 15083.767139773887
residual of the fit... 0.16224591623978202
saving data from the run ...
starting bubble....... 1261
time for bubble... 61.00734066963196
the filling is ..  0.0014127
8.960012935744012e-11
[4.61821153e+16 7.13178295e+01 1.93236283e+03 4.85922272e+18
 8.14845403e+05 4.85922272e+18] 0.0773340807794751 12075.53927213422 2.6323266593604396e-06
parameters of the fit... 12075.53927213422
residual of the fit... 0.0773340807794751
saving data from the run ...
time for sweep ieps 2113.7049312591553
starting bubble....... 1261
time for bubble... 62.35542035102844
the filling is ..  0.0
8.960012935744012e-11
[2.34280734e+17 3.35479401e+15 3.31720772e+15 2.28187598e+19
 1.04533666e+17 2.27592436e+19] 0.09670686046329838 26187.626303750818 2.943628238630593e-06
parameters of the fit... 26187.626303750818
residual of the fit... 0.09670686046329838
saving data from the run ...
starting bubble....... 1261
time for bubble... 61.37425875663757
the filling is ..  6.25e-05
8.960012935744012e-11
[ 2.36760546e+17  4.88682171e+03 -9.13192149e+03  2.27805702e+19
  1.65250217e+06  2.27805702e+19] 0.09722751705837308 26151.79359243262 2.9515416489578705e-06
parameters of the fit... 26151.79359243262
residual of the fit... 0.09722751705837308
saving data from the run ...
starting bubble....... 1261
time for bubble... 58.12676215171814
the filling is ..  0.0001
8.960012935744012e-11
[ 2.47260839e+17 -2.80310078e+03 -1.17617891e+04  2.25653642e+19
  8.77403036e+05  2.25653642e+19] 0.0968803995628146 26031.627245695858 2.9462682045307203e-06
parameters of the fit... 26031.627245695858
residual of the fit... 0.0968803995628146
saving data from the run ...
starting bubble....... 1261
time for bubble... 57.95965623855591
the filling is ..  0.0001266
8.960012935744012e-11
[ 2.56144879e+17  1.11627907e+03  4.07286460e+04  2.28104156e+19
 -3.40295129e+05  2.28104156e+19] 0.09148005375834663 26174.360820434864 2.862974790383847e-06
parameters of the fit... 26174.360820434864
residual of the fit... 0.09148005375834663
saving data from the run ...
starting bubble....... 1261
time for bubble... 59.3641836643219
the filling is ..  0.0001429
8.960012935744012e-11
[2.45011968e+17 1.21798450e+04 3.82995363e+04 2.37653909e+19
 1.59614894e+06 2.37653909e+19] 0.08888912345633455 26710.53881693912 2.8221404926326823e-06
parameters of the fit... 26710.53881693912
residual of the fit... 0.08888912345633455
saving data from the run ...
starting bubble....... 1261
time for bubble... 58.265743017196655
the filling is ..  0.00015079999999999998
8.960012935744012e-11
[2.43099856e+17 2.06883721e+04 3.77540785e+04 2.39058762e+19
 1.57902527e+06 2.39058762e+19] 0.0891655628650398 26788.433403210212 2.826525423012594e-06
parameters of the fit... 26788.433403210212
residual of the fit... 0.0891655628650398
saving data from the run ...
starting bubble....... 1261
time for bubble... 58.620609760284424
the filling is ..  0.0001587
8.960012935744012e-11
[2.42583283e+17 2.60961240e+04 4.42039394e+04 2.40299249e+19
 1.00197573e+06 2.40299249e+19] 0.08953896891285892 26857.35233987231 2.8324376775357246e-06
parameters of the fit... 26857.35233987231
residual of the fit... 0.08953896891285892
saving data from the run ...
starting bubble....... 1261
time for bubble... 59.853771686553955
the filling is ..  0.0001666
8.960012935744012e-11
[2.44053719e+17 3.58201550e+04 5.58630599e+04 2.41305131e+19
 3.93136907e+05 2.41305131e+19] 0.08991513222905981 26913.631707175686 2.8383811370066372e-06
parameters of the fit... 26913.631707175686
residual of the fit... 0.08991513222905981
saving data from the run ...
starting bubble....... 1261
time for bubble... 60.92866659164429
the filling is ..  0.00017460000000000002
8.960012935744012e-11
[ 2.47786165e+17  4.84465116e+04  7.25330064e+04  2.42154186e+19
 -1.54579616e+05  2.42154186e+19] 0.09027035475896114 26961.73507626543 2.843982324759584e-06
parameters of the fit... 26961.73507626543
residual of the fit... 0.09027035475896114
saving data from the run ...
starting bubble....... 1261
time for bubble... 59.70214033126831
the filling is ..  0.00018429999999999998
8.960012935744012e-11
[ 2.55694671e+17  5.03813953e+04  9.00463966e+04  2.43121493e+19
 -9.22366053e+05  2.43121493e+19] 0.09072594789916696 27017.444122541223 2.851150060561831e-06
parameters of the fit... 27017.444122541223
residual of the fit... 0.09072594789916696
saving data from the run ...
starting bubble....... 1261
time for bubble... 62.68723392486572
the filling is ..  0.0001945
8.960012935744012e-11
[ 2.67882173e+17 -1.26759690e+04  7.09459257e+04  2.44500837e+19
 -2.29654831e+06  2.44500837e+19] 0.09154813463635764 27096.93587086869 2.8640399274189574e-06
parameters of the fit... 27096.93587086869
residual of the fit... 0.09154813463635764
saving data from the run ...
starting bubble....... 1261
time for bubble... 64.35528826713562
the filling is ..  0.0002075
8.960012935744012e-11
[ 2.83308068e+17 -2.23255814e+03  6.60025071e+03  2.52340873e+19
 -5.60975030e+06  2.52340873e+19] 0.09127997390030036 27529.80024752998 2.8598422105442586e-06
parameters of the fit... 27529.80024752998
residual of the fit... 0.09127997390030036
saving data from the run ...
starting bubble....... 1261
time for bubble... 62.570168018341064
the filling is ..  0.0002222
8.960012935744012e-11
[ 3.00187513e+17  3.48626357e+05  2.88175606e+03  2.64257339e+19
 -7.02561206e+06  2.64257339e+19] 0.09285325069953265 28173.259178427223 2.8843826504014587e-06
parameters of the fit... 28173.259178427223
residual of the fit... 0.09285325069953265
saving data from the run ...
starting bubble....... 1261
time for bubble... 61.77054500579834
the filling is ..  0.0002524
8.960012935744012e-11
[3.47319943e+17 6.38015504e+04 1.71225036e+05 3.05458432e+19
 1.40939654e+06 3.05458432e+19] 0.09271998812693218 30290.105422814682 2.882312080638291e-06
parameters of the fit... 30290.105422814682
residual of the fit... 0.09271998812693218
saving data from the run ...
starting bubble....... 1261
time for bubble... 62.13789439201355
the filling is ..  0.000289
8.960012935744012e-11
[ 3.55906779e+17  4.19720930e+04 -1.56111239e+05  3.36964168e+19
  1.18642404e+07  3.36964168e+19] 0.08259616421874169 31807.483123025846 2.7204093439090416e-06
parameters of the fit... 31807.483123025846
residual of the fit... 0.08259616421874169
saving data from the run ...
starting bubble....... 1261
time for bubble... 61.945913791656494
the filling is ..  0.0003171
8.960012935744012e-11
[ 3.43639254e+17 -6.53172093e+05  3.68590963e+05  3.44183651e+19
  5.76617299e+06  3.44183651e+19] 0.08367829423887271 32141.795349965185 2.7381720158187523e-06
parameters of the fit... 32141.795349965185
residual of the fit... 0.08367829423887271
saving data from the run ...
starting bubble....... 1261
time for bubble... 60.75305485725403
the filling is ..  0.00034920000000000003
8.960012935744012e-11
[ 3.33913649e+17 -3.70604651e+04  2.29903544e+04  3.41265781e+19
  1.89810905e+06  3.41265781e+19] 0.08833235272706068 32003.672503841124 2.8132881528189864e-06
parameters of the fit... 32003.672503841124
residual of the fit... 0.08833235272706068
saving data from the run ...
starting bubble....... 1261
time for bubble... 58.97027897834778
the filling is ..  0.00040889999999999996
8.960012935744012e-11
[ 2.54776579e+17 -2.75299225e+05 -3.39772115e+04  2.79891328e+19
 -1.56087946e+06  2.79891328e+19] 0.1045679978850013 28978.405352136884 3.0609322333473247e-06
parameters of the fit... 28978.405352136884
residual of the fit... 0.1045679978850013
saving data from the run ...
starting bubble....... 1261
time for bubble... 58.37303709983826
the filling is ..  0.000483
8.960012935744012e-11
[ 2.12123223e+17 -6.44093023e+04 -9.59044956e+04  2.25683112e+19
  1.07555094e+06  2.25683112e+19] 0.09353912572679954 26023.237914188703 2.8950160215624187e-06
parameters of the fit... 26023.237914188703
residual of the fit... 0.09353912572679954
saving data from the run ...
starting bubble....... 1261
time for bubble... 59.32452344894409
the filling is ..  0.0005454
8.960012935744012e-11
[ 1.89860304e+17  2.21767442e+04  2.32109311e+03  1.91301494e+19
 -2.11978193e+06  1.91301494e+19] 0.08984192191353735 23962.259292439267 2.837225374406126e-06
parameters of the fit... 23962.259292439267
residual of the fit... 0.08984192191353735
saving data from the run ...
starting bubble....... 1261
time for bubble... 56.38107228279114
the filling is ..  0.000619
8.960012935744012e-11
[ 1.62040741e+17 -6.01550388e+04 -2.65579932e+04  1.68414954e+19
 -1.21856419e+05  1.68414954e+19] 0.08085953641085104 22481.54502458821 2.6916583962670473e-06
parameters of the fit... 22481.54502458821
residual of the fit... 0.08085953641085104
saving data from the run ...
starting bubble....... 1261
time for bubble... 58.356754541397095
the filling is ..  0.0006860000000000001
8.960012935744012e-11
[ 1.40984535e+17 -2.50232558e+04 -1.95676125e+04  1.43962142e+19
 -1.00782748e+05  1.43962142e+19] 0.08775083892247594 20786.363862890114 2.8040125746290323e-06
parameters of the fit... 20786.363862890114
residual of the fit... 0.08775083892247594
saving data from the run ...
starting bubble....... 1261
time for bubble... 57.82543635368347
the filling is ..  0.0007619
8.960012935744012e-11
[ 1.34391280e+17 -1.51937984e+03  1.50084737e+04  1.25360878e+19
 -9.67368970e+05  1.25360878e+19] 0.09272413540640849 19401.51050649548 2.8823765414967895e-06
parameters of the fit... 19401.51050649548
residual of the fit... 0.09272413540640849
saving data from the run ...
starting bubble....... 1261
time for bubble... 55.924665689468384
the filling is ..  0.0008663999999999999
8.960012935744012e-11
[ 1.07790499e+17  1.12682171e+04 -1.12399454e+04  1.08471677e+19
  3.10419732e+05  1.08471677e+19] 0.08273909766567886 18043.8045378267 2.7227621735588104e-06
parameters of the fit... 18043.8045378267
residual of the fit... 0.08273909766567886
saving data from the run ...
starting bubble....... 1261
time for bubble... 58.86760973930359
the filling is ..  0.001
8.960012935744012e-11
[ 8.87095774e+16  3.96899225e+02  1.25452243e+04  8.89181906e+18
 -3.26285466e+05  8.89181906e+18] 0.08244912736986953 16336.894164079555 2.7179868428210553e-06
parameters of the fit... 16336.894164079555
residual of the fit... 0.08244912736986953
saving data from the run ...
starting bubble....... 1261
time for bubble... 55.91242814064026
the filling is ..  0.0011642
8.960012935744012e-11
[ 7.89401151e+16  1.07596899e+04 -1.91603540e+04  7.28656453e+18
 -5.68780226e+05  7.28656453e+18] 0.09498932581062502 14792.043430499349 2.9173713990865184e-06
parameters of the fit... 14792.043430499349
residual of the fit... 0.09498932581062502
saving data from the run ...
starting bubble....... 1261
time for bubble... 56.46287393569946
the filling is ..  0.0014127
8.960012935744012e-11
[4.57859477e+16 3.71782946e+03 1.46208068e+04 4.89537595e+18
 5.41605231e+05 4.89537595e+18] 0.07425323517929316 12119.922058824084 2.5793602845033283e-06
parameters of the fit... 12119.922058824084
residual of the fit... 0.07425323517929316
saving data from the run ...
time for sweep delta 2114.7840535640717
9177.81user 5172.37system 1:13:49elapsed 323%CPU (0avgtext+0avgdata 101003768maxresident)k
8inputs+6864outputs (166major+2584957853minor)pagefaults 0swaps
starting sampling in reciprocal space....
finished sampling in reciprocal space....t= 0.0479588508605957  s
1261 numer of sampling lattice points
taking $0 umklapps
hbvf is .. 2.1354
q is... 0.07369209583209221
hvkd is... 0.15736210143984972
kappa is.. 0.8174358974358973
alpha is.. 0.6195900989366777
the twist angle is .. 0.017592918860102842
phonon params... 168395274197.62216
starting sampling in reciprocal space....
finished sampling in reciprocal space....t= 0.07118535041809082  s
starting dispersion ..........
time to diag over MBZ 110.36987853050232
starting sampling in reciprocal space....
finished sampling in reciprocal space....t= 0.03644394874572754  s
(8827, 564, 2) (1261, 564, 2) (8827,)
starting sampling in reciprocal space....
finished sampling in reciprocal space....t= 0.06257867813110352  s
(8827, 564, 2) (1261, 564, 2) (8827,)
calculating tensor that stores the overlaps........
finsihed the overlaps.......... 7.750622987747192
calculating tensor that stores the overlaps........
finsihed the overlaps.......... 3.084667444229126
calculating tensor that stores the overlaps........
finsihed the overlaps.......... 7.295215845108032
calculating tensor that stores the overlaps........
finsihed the overlaps.......... 3.02553653717041
testing symmetry of the form factors...
finished testing symmetry of the form factors...
starting bubble....... 1261
starting bubble....... 1261
time for bubble... 60.891132831573486
the filling is ..  0.0
8.960012935744012e-11
[ 2.64339860e+17 -2.52013281e+15 -2.07660324e+15  1.92708075e+19
  3.69678034e+16  1.92497776e+19] 0.13119036828190914 24076.3879595568 3.428509000791637e-06
parameters of the fit... 24076.3879595568
residual of the fit... 0.13119036828190914
saving data from the run ...
starting bubble....... 1261
time for bubble... 61.64367604255676
the filling is ..  6.25e-05
8.960012935744012e-11
[ 2.64783231e+17 -1.42139535e+04 -6.31109272e+03  1.92338620e+19
 -1.05250897e+05  1.92338620e+19] 0.13170813020258865 24050.078529757815 3.4352678940045576e-06
parameters of the fit... 24050.078529757815
residual of the fit... 0.13170813020258865
saving data from the run ...
starting bubble....... 1261
time for bubble... 60.52825951576233
the filling is ..  0.0001
8.960012935744012e-11
[ 2.64783231e+17 -1.43689922e+04 -6.45992993e+03  1.92338620e+19
 -1.07695978e+05  1.92338620e+19] 0.13170813020258862 24050.078529757826 3.435267894004557e-06
parameters of the fit... 24050.078529757826
residual of the fit... 0.13170813020258862
saving data from the run ...
starting bubble....... 1261
time for bubble... 62.3970046043396
the filling is ..  0.0001266
8.960012935744012e-11
[ 2.64083123e+17 -1.48093023e+04 -8.29454787e+03  1.97517586e+19
 -5.67418576e+05  1.97517586e+19] 0.12819607120912987 24369.31862246979 3.3891569104208854e-06
parameters of the fit... 24369.31862246979
residual of the fit... 0.12819607120912987
saving data from the run ...
starting bubble....... 1261
time for bubble... 61.68928670883179
the filling is ..  0.0001429
8.960012935744012e-11
[ 2.67992721e+17 -4.78263566e+04  2.03333438e+04  2.05101154e+19
 -8.68246444e+05  2.05101154e+19] 0.1256671064640281 24830.8617590456 3.355560906190218e-06
parameters of the fit... 24830.8617590456
residual of the fit... 0.1256671064640281
saving data from the run ...
starting bubble....... 1261
time for bubble... 61.845773458480835
the filling is ..  0.00015079999999999998
8.960012935744012e-11
[ 2.67992721e+17 -4.79503876e+04  2.03829562e+04  2.05101154e+19
 -8.68246444e+05  2.05101154e+19] 0.12566710646402815 24830.8617590456 3.355560906190219e-06
parameters of the fit... 24830.8617590456
residual of the fit... 0.12566710646402815
saving data from the run ...
starting bubble....... 1261
time for bubble... 61.654380083084106
the filling is ..  0.0001587
8.960012935744012e-11
[ 2.67992721e+17 -4.77519380e+04  2.03829562e+04  2.05101154e+19
 -8.68246444e+05  2.05101154e+19] 0.12566710646402812 24830.8617590456 3.355560906190218e-06
parameters of the fit... 24830.8617590456
residual of the fit... 0.12566710646402812
saving data from the run ...
starting bubble....... 1261
time for bubble... 61.2044677734375
the filling is ..  0.0001666
8.960012935744012e-11
[ 2.67992721e+17 -4.78511628e+04  2.03333438e+04  2.05101154e+19
 -8.68246444e+05  2.05101154e+19] 0.12566710646402812 24830.861759045583 3.355560906190218e-06
parameters of the fit... 24830.861759045583
residual of the fit... 0.12566710646402812
saving data from the run ...
starting bubble....... 1261
time for bubble... 60.84192967414856
the filling is ..  0.00017460000000000002
8.960012935744012e-11
[ 2.67992721e+17 -4.79503876e+04  2.03829562e+04  2.05101154e+19
 -8.68246444e+05  2.05101154e+19] 0.12566710646402815 24830.8617590456 3.355560906190219e-06
parameters of the fit... 24830.8617590456
residual of the fit... 0.12566710646402815
saving data from the run ...
time for bubble... 59.30472207069397
the filling is ..  0.00018429999999999998
8.960012935744012e-11
[ 2.67992721e+17 -4.78015504e+04  2.04325686e+04  2.05101154e+19
 -8.68246444e+05  2.05101154e+19] 0.1256671064640281 24830.8617590456 3.355560906190218e-06
parameters of the fit... 24830.8617590456
residual of the fit... 0.1256671064640281
saving data from the run ...
starting bubble....... 1261
starting bubble....... 1261
time for bubble... 60.225465536117554
the filling is ..  0.0001945
8.960012935744012e-11
[ 2.67992721e+17 -4.78511628e+04  2.04821810e+04  2.05101154e+19
 -8.68246444e+05  2.05101154e+19] 0.1256671064640281 24830.8617590456 3.355560906190218e-06
parameters of the fit... 24830.8617590456
residual of the fit... 0.1256671064640281
saving data from the run ...
time for bubble... 59.22255849838257
the filling is ..  0.0002075
8.960012935744012e-11
[ 2.63488296e+17 -3.17519380e+04  9.86931595e+03  2.25961220e+19
  2.76006800e+06  2.25961220e+19] 0.09756578489626663 26053.91681520155 2.9566715995466365e-06
parameters of the fit... 26053.91681520155
residual of the fit... 0.09756578489626663
saving data from the run ...
starting bubble....... 1261
starting bubble....... 1261
time for bubble... 58.10728883743286
the filling is ..  0.0002222
8.960012935744012e-11
[ 2.47524899e+17 -3.83255814e+04  1.64680594e+04  2.27593876e+19
 -1.12269255e+06  2.27593876e+19] 0.10546080809178537 26142.769558049265 3.0739717056544514e-06
parameters of the fit... 26142.769558049265
residual of the fit... 0.10546080809178537
saving data from the run ...
starting bubble....... 1261
time for bubble... 58.064369440078735
the filling is ..  0.0002524
8.960012935744012e-11
[ 4.40291192e+17 -3.84558140e+04  1.63244430e+04  2.51439955e+19
  4.28018003e+06  2.51439955e+19] 0.15494216395711122 27523.507046858933 3.7259680532015918e-06
parameters of the fit... 27523.507046858933
residual of the fit... 0.15494216395711122
saving data from the run ...
time for bubble... 55.763627767562866
the filling is ..  0.000289
8.960012935744012e-11
[ 3.24863137e+17 -1.21786047e+05 -1.65240894e+05  3.32465688e+19
 -5.44680624e+06  3.32465688e+19] 0.07920387725281541 31588.240208826293 2.663959017602011e-06
parameters of the fit... 31588.240208826293
residual of the fit... 0.07920387725281541
saving data from the run ...
starting bubble....... 1261
starting bubble....... 1261
time for bubble... 59.07623481750488
the filling is ..  0.0003171
8.960012935744012e-11
[ 4.13171767e+17 -3.72837209e+04  3.03581573e+03  2.88976443e+19
 -3.39276719e+06  2.88976443e+19] 0.11358361337388308 29483.005204903442 3.1901577470691616e-06
parameters of the fit... 29483.005204903442
residual of the fit... 0.11358361337388308
saving data from the run ...
starting bubble....... 1261
time for bubble... 56.023468017578125
the filling is ..  0.00034920000000000003
8.960012935744012e-11
[ 3.03323918e+17 -3.42077519e+04  7.81525976e+03  3.72898302e+19
 -4.98745633e+06  3.72898302e+19] 0.0948875930982343 33440.30772341496 2.915808741330257e-06
parameters of the fit... 33440.30772341496
residual of the fit... 0.0948875930982343
saving data from the run ...
starting bubble....... 1261
time for bubble... 58.618698596954346
the filling is ..  0.00040889999999999996
8.960012935744012e-11
[ 2.03042285e+17 -1.85054264e+04  3.54826670e+04  2.92942295e+19
  2.87207083e+06  2.92942295e+19] 0.08810992036464334 29630.294513741515 2.8097438072439613e-06
parameters of the fit... 29630.294513741515
residual of the fit... 0.08810992036464334
saving data from the run ...
starting bubble....... 1261
time for bubble... 57.9931914806366
the filling is ..  0.000483
8.960012935744012e-11
[ 1.52737743e+17  1.93488372e+03 -5.74797720e+03  2.79889705e+19
 -9.88449891e+05  2.79889705e+19] 0.06510974228865675 28952.017976367795 2.4153346210190495e-06
parameters of the fit... 28952.017976367795
residual of the fit... 0.06510974228865675
saving data from the run ...
starting bubble....... 1261
time for bubble... 56.58470439910889
the filling is ..  0.0005454
8.960012935744012e-11
[ 1.59221034e+17 -1.22790698e+03 -1.04247071e+04  2.14422861e+19
 -5.46967883e+06  2.14422861e+19] 0.06731614436133118 25353.268822933944 2.4559184112301834e-06
parameters of the fit... 25353.268822933944
residual of the fit... 0.06731614436133118
saving data from the run ...
time for bubble... 57.21382546424866
the filling is ..  0.000619
8.960012935744012e-11
[ 1.45322796e+17 -4.96124031e+04  7.30850574e+02  1.78641380e+19
  2.39408082e+06  1.78641380e+19] 0.06877024265347052 23145.47866106949 2.4823018828687024e-06
parameters of the fit... 23145.47866106949
residual of the fit... 0.06877024265347052
saving data from the run ...
starting bubble....... 1261
starting bubble....... 1261
time for bubble... 56.40491461753845
the filling is ..  0.0006860000000000001
8.960012935744012e-11
[ 1.34450967e+17 -4.06821705e+03  4.94167837e+03  1.47827328e+19
  8.68673142e+05  1.47827328e+19] 0.0748053073372151 21059.90017175102 2.588931288010081e-06
parameters of the fit... 21059.90017175102
residual of the fit... 0.0748053073372151
saving data from the run ...
starting bubble....... 1261
time for bubble... 55.38800668716431
the filling is ..  0.0007619
8.960012935744012e-11
[ 1.29987735e+17  5.45116279e+03  1.20321624e+04  1.27559307e+19
 -5.63939378e+05  1.27559307e+19] 0.08096117245541493 19568.311974738546 2.693349499217507e-06
parameters of the fit... 19568.311974738546
residual of the fit... 0.08096117245541493
saving data from the run ...
starting bubble....... 1261
time for bubble... 57.660958766937256
the filling is ..  0.0008663999999999999
8.960012935744012e-11
[ 1.02384637e+17  3.49767442e+03 -1.75365781e+02  1.13566064e+19
  8.37301135e+05  1.13566064e+19] 0.07244537616031076 18458.4239567164 2.5477666838453346e-06
parameters of the fit... 18458.4239567164
residual of the fit... 0.07244537616031076
saving data from the run ...
time for bubble... 56.91400146484375
the filling is ..  0.001
8.960012935744012e-11
[ 8.27142256e+16  1.86046512e+03 -2.31306877e+03  9.20717035e+18
  7.10267151e+04  9.20717035e+18] 0.07766516818138187 16619.960464048472 2.637955480219323e-06
parameters of the fit... 16619.960464048472
residual of the fit... 0.07766516818138187
saving data from the run ...
starting bubble....... 1261
starting bubble....... 1261
time for bubble... 55.625659227371216
the filling is ..  0.0011642
8.960012935744012e-11
[ 7.13282704e+16  6.54263566e+03 -3.15963667e+03  7.65115240e+18
 -1.67763829e+06  7.65115240e+18] 0.11046041826034836 15151.89488321986 3.1459923339074036e-06
parameters of the fit... 15151.89488321986
residual of the fit... 0.11046041826034836
saving data from the run ...
time for bubble... 57.36210083961487
the filling is ..  0.0014127
8.960012935744012e-11
[4.58424947e+16 2.44961240e+02 1.34925815e+03 4.78063306e+18
 1.58349514e+05 4.78063306e+18] 0.07969356055831679 11977.744468596371 2.672181381377427e-06
parameters of the fit... 11977.744468596371
residual of the fit... 0.07969356055831679
saving data from the run ...
time for sweep ieps 1473.4117922782898
starting bubble....... 1261
starting bubble....... 1261
time for bubble... 57.08204174041748
the filling is ..  0.0
8.960012935744012e-11
[ 2.72567039e+17 -2.51482447e+15 -2.07300253e+15  1.93390081e+19
  3.71003915e+16  1.93178863e+19] 0.13154007922109526 24121.214413715064 3.433075605619261e-06
parameters of the fit... 24121.214413715064
residual of the fit... 0.13154007922109526
saving data from the run ...
time for bubble... 59.420933961868286
the filling is ..  6.25e-05
8.960012935744012e-11
[ 2.75857260e+17 -6.25116279e+03 -5.07068634e+03  1.92696958e+19
 -1.24845403e+05  1.92696958e+19] 0.1320397995695616 24075.753052784672 3.4395905456555704e-06
parameters of the fit... 24075.753052784672
residual of the fit... 0.1320397995695616
saving data from the run ...
starting bubble....... 1261
starting bubble....... 1261
time for bubble... 59.818325996398926
the filling is ..  0.0001
8.960012935744012e-11
[ 2.85902959e+17  6.47441860e+03 -8.39506000e+03  1.90885783e+19
 -5.89421221e+05  1.90885783e+19] 0.1320349454870371 23966.278809006726 3.439527321499435e-06
parameters of the fit... 23966.278809006726
residual of the fit... 0.1320349454870371
saving data from the run ...
time for bubble... 59.71090126037598
the filling is ..  0.0001266
8.960012935744012e-11
[ 2.90710671e+17 -3.43069767e+04  2.05793796e+04  1.94789092e+19
 -1.28876479e+06  1.94789092e+19] 0.13069249694577967 24209.754525366312 3.421997170131604e-06
parameters of the fit... 24209.754525366312
residual of the fit... 0.13069249694577967
saving data from the run ...
starting bubble....... 1261
starting bubble....... 1261
time for bubble... 58.73055291175842
the filling is ..  0.0001429
8.960012935744012e-11
[ 2.80361480e+17 -2.38139535e+03  4.18159620e+04  2.07191082e+19
  1.78194416e+05  2.07191082e+19] 0.12534167433280086 24959.934494529924 3.3512132480785356e-06
parameters of the fit... 24959.934494529924
residual of the fit... 0.12534167433280086
saving data from the run ...
starting bubble....... 1261
time for bubble... 59.32941293716431
the filling is ..  0.00015079999999999998
8.960012935744012e-11
[2.78843379e+17 1.22294574e+04 5.34255465e+04 2.08609019e+19
 3.49340786e+05 2.08609019e+19] 0.12473015545325573 25044.172388494884 3.343028277383446e-06
parameters of the fit... 25044.172388494884
residual of the fit... 0.12473015545325573
saving data from the run ...
time for bubble... 58.6484694480896
the filling is ..  0.0001587
8.960012935744012e-11
[2.78589673e+17 2.55751938e+04 7.22785294e+04 2.09951734e+19
 2.09959085e+05 2.09951734e+19] 0.12418758851751349 25124.032922832335 3.335749390430545e-06
parameters of the fit... 25124.032922832335
residual of the fit... 0.12418758851751349
saving data from the run ...
starting bubble....... 1261
starting bubble....... 1261
time for bubble... 60.6753830909729
the filling is ..  0.0001666
8.960012935744012e-11
[2.80104427e+17 4.54821705e+04 9.95656033e+04 2.11188259e+19
 1.51261210e+05 2.11188259e+19] 0.12365251292614374 25197.871778295397 3.328555415424988e-06
parameters of the fit... 25197.871778295397
residual of the fit... 0.12365251292614374
saving data from the run ...
starting bubble....... 1261
time for bubble... 60.731879234313965
the filling is ..  0.00017460000000000002
8.960012935744012e-11
[2.83623083e+17 7.09457364e+04 1.35088346e+05 2.12451533e+19
 2.56378011e+05 2.12451533e+19] 0.12300061093223377 25273.667570673428 3.3197696683011474e-06
parameters of the fit... 25273.667570673428
residual of the fit... 0.12300061093223377
saving data from the run ...
starting bubble....... 1261
time for bubble... 63.02598571777344
the filling is ..  0.00018429999999999998
8.960012935744012e-11
[2.90967820e+17 7.27689922e+04 1.75671651e+05 2.14155596e+19
 3.54144855e+05 2.14155596e+19] 0.12207826883605775 25376.31627881319 3.3072993029726122e-06
parameters of the fit... 25376.31627881319
residual of the fit... 0.12207826883605775
saving data from the run ...
starting bubble....... 1261
time for bubble... 61.76687264442444
the filling is ..  0.0001945
8.960012935744012e-11
[ 3.02879264e+17 -7.06480620e+04  1.44416230e+05  2.15978581e+19
 -5.38359868e+05  2.15978581e+19] 0.12192939151239754 25486.858631299667 3.305282023063203e-06
parameters of the fit... 25486.858631299667
residual of the fit... 0.12192939151239754
saving data from the run ...
starting bubble....... 1261
time for bubble... 61.782267332077026
the filling is ..  0.0002075
8.960012935744012e-11
[ 3.18960419e+17 -2.40099225e+05 -3.51183403e+02  2.23649228e+19
 -4.13274638e+06  2.23649228e+19] 0.12446988564352691 25937.035453584936 3.339538569138825e-06
parameters of the fit... 25937.035453584936
residual of the fit... 0.12446988564352691
saving data from the run ...
starting bubble....... 1261
time for bubble... 61.14977049827576
the filling is ..  0.0002222
8.960012935744012e-11
[ 3.46203716e+17  1.03206202e+05  1.31442488e+04  2.27619185e+19
 -5.87620194e+06  2.27619185e+19] 0.13425344368609488 26172.382328358286 3.468303031881139e-06
parameters of the fit... 26172.382328358286
residual of the fit... 0.13425344368609488
saving data from the run ...
starting bubble....... 1261
time for bubble... 61.86966872215271
the filling is ..  0.0002524
8.960012935744012e-11
[ 3.87952244e+17 -8.96124031e+04  1.64271177e+05  2.64665739e+19
  1.02315257e+07  2.64665739e+19] 0.12524462007396422 28218.13085793496 3.34991554519672e-06
parameters of the fit... 28218.13085793496
residual of the fit... 0.12524462007396422
saving data from the run ...
starting bubble....... 1261
time for bubble... 60.62274146080017
the filling is ..  0.000289
8.960012935744012e-11
[ 3.69921924e+17  1.38889922e+05 -1.38851464e+05  3.10278436e+19
  8.22861998e+06  3.10278436e+19] 0.09750571376950445 30532.339831274465 2.9557612499721843e-06
parameters of the fit... 30532.339831274465
residual of the fit... 0.09750571376950445
saving data from the run ...
starting bubble....... 1261
time for bubble... 60.04803490638733
the filling is ..  0.0003171
8.960012935744012e-11
[ 3.65531881e+17 -1.95051163e+05  2.26692980e+05  3.11604712e+19
  4.16585047e+05  3.11604712e+19] 0.09813948546754674 30596.067837564595 2.965351681161073e-06
parameters of the fit... 30596.067837564595
residual of the fit... 0.09813948546754674
saving data from the run ...
starting bubble....... 1261
time for bubble... 59.114574670791626
the filling is ..  0.00034920000000000003
8.960012935744012e-11
[ 3.44128098e+17 -2.22759690e+05  3.51322045e+05  3.25289944e+19
 -1.42930947e+07  3.25289944e+19] 0.08677091260621825 31251.76830829841 2.788312212428925e-06
parameters of the fit... 31251.76830829841
residual of the fit... 0.08677091260621825
saving data from the run ...
starting bubble....... 1261
time for bubble... 58.217543840408325
the filling is ..  0.00040889999999999996
8.960012935744012e-11
[ 2.31971870e+17 -1.50697674e+05 -3.43057885e+05  3.02978770e+19
 -4.38021496e+06  3.02978770e+19] 0.06905951782082363 30139.04471394976 2.487517181871964e-06
parameters of the fit... 30139.04471394976
residual of the fit... 0.06905951782082363
saving data from the run ...
starting bubble....... 1261
time for bubble... 58.29585242271423
the filling is ..  0.000483
8.960012935744012e-11
[ 1.84632807e+17 -7.01519380e+04  1.48442466e+05  2.55174656e+19
  2.21719893e+06  2.55174656e+19] 0.06990931289060175 27656.462636327506 2.50277515536008e-06
parameters of the fit... 27656.462636327506
residual of the fit... 0.06990931289060175
saving data from the run ...
starting bubble....... 1261
time for bubble... 56.99393081665039
the filling is ..  0.0005454
8.960012935744012e-11
[ 1.61452226e+17 -6.06263566e+04 -1.60650274e+05  2.18320460e+19
  1.34471922e+06  2.18320460e+19] 0.06581302847959852 25582.46284952606 2.4283442641390283e-06
parameters of the fit... 25582.46284952606
residual of the fit... 0.06581302847959852
saving data from the run ...
starting bubble....... 1261
time for bubble... 59.11198544502258
the filling is ..  0.000619
8.960012935744012e-11
[1.47179081e+17 1.71534884e+04 1.77265632e+03 1.78349417e+19
 4.89360246e+05 1.78349417e+19] 0.06815345241140647 23127.232987738804 2.4711451095025074e-06
parameters of the fit... 23127.232987738804
residual of the fit... 0.06815345241140647
saving data from the run ...
starting bubble....... 1261
time for bubble... 55.927220821380615
the filling is ..  0.0006860000000000001
8.960012935744012e-11
[ 1.39098634e+17 -4.51472868e+03 -2.49741883e+04  1.49825583e+19
 -1.87596227e+06  1.49825583e+19] 0.07511066526907151 21202.757592903246 2.5942099614780973e-06
parameters of the fit... 21202.757592903246
residual of the fit... 0.07511066526907151
saving data from the run ...
starting bubble....... 1261
time for bubble... 59.52387881278992
the filling is ..  0.0007619
8.960012935744012e-11
[ 1.28299268e+17  8.28713178e+04 -1.09371794e+04  1.33543311e+19
 -2.60074428e+06  1.33543311e+19] 0.07225641073629137 20019.137599618538 2.5444417361920536e-06
parameters of the fit... 20019.137599618538
residual of the fit... 0.07225641073629137
saving data from the run ...
starting bubble....... 1261
time for bubble... 56.27158570289612
the filling is ..  0.0008663999999999999
8.960012935744012e-11
[ 1.03635084e+17 -5.22294574e+04 -4.26685061e+04  1.12971081e+19
  2.29700682e+05  1.12971081e+19] 0.0741052614007513 18410.73244776602 2.5767888946466357e-06
parameters of the fit... 18410.73244776602
residual of the fit... 0.0741052614007513
saving data from the run ...
starting bubble....... 1261
time for bubble... 58.50051832199097
the filling is ..  0.001
8.960012935744012e-11
[8.73699864e+16 1.71472868e+04 7.01369991e+03 9.02173681e+18
 4.76915029e+05 9.02173681e+18] 0.07628696281772808 16454.61400223789 2.614444823811484e-06
parameters of the fit... 16454.61400223789
residual of the fit... 0.07628696281772808
saving data from the run ...
starting bubble....... 1261
time for bubble... 56.19554305076599
the filling is ..  0.0011642
8.960012935744012e-11
[ 7.27308865e+16  1.29612403e+04  2.66929410e+03  7.38802774e+18
 -1.03596109e+05  7.38802774e+18] 0.08048084382921415 14891.010596101283 2.685348025469608e-06
parameters of the fit... 14891.010596101283
residual of the fit... 0.08048084382921415
saving data from the run ...
time for bubble... 57.823269844055176
the filling is ..  0.0014127
8.960012935744012e-11
[ 4.69594565e+16 -8.81240310e+03  5.44221547e+03  4.74666450e+18
  9.90564554e+04  4.74666450e+18] 0.0802751842024725 11936.017475485372 2.6819147802892375e-06
parameters of the fit... 11936.017475485372
residual of the fit... 0.0802751842024725
saving data from the run ...
time for sweep delta 1474.8918764591217
8280.53user 3532.52system 52:04.11elapsed 378%CPU (0avgtext+0avgdata 71786752maxresident)k
0inputs+6752outputs (139major+1799615762minor)pagefaults 0swaps
