starting sampling in reciprocal space....
finished sampling in reciprocal space....t= 0.03226780891418457  s
397 numer of sampling lattice points
taking 0 umklapps
hbvf is .. 2.1354
q is... 0.07522730698426787
hvkd is... 0.16064039133420563
kappa is.. 0.8174358974358973
alpha is.. 0.6069457325782737
the twist angle is .. 0.01795943800302165
phonon params... 1.7957803198544953 0.00869987145480151 3.926205145458032 15.415086844221126 9.33114825966083 5717.414633037493 5717.414633037492
phonon params2 1.8733428568561353e+20 0.028478526185195915
starting sampling in reciprocal space....
finished sampling in reciprocal space....t= 0.770918607711792  s
starting sampling in reciprocal space....
finished sampling in reciprocal space....t= 0.6601738929748535  s
Loading  ..........
Traceback (most recent call last):
  File "Bubble_norm.py", line 1604, in <module>
    sys.exit(main())  # next section explains the use of sys.exit
  File "Bubble_norm.py", line 1570, in main
    [fillings,mu_values]=disp.mu_filling_array(Nfils, True, False, False)
  File "/home/jfm343/Documents/Moire_phonon/BM_bandstructure/temp/temp_theta_var_kappa_p_full_beta_1.0_2021-12-08-00-31-01/theta_var_kappa_p_full_beta_1.0_0.98/Hamiltonian.py", line 1399, in mu_filling_array
    with open('dispersions/Edisp_'+str(self.lq.Npoints)+'_theta_'+str(self.lq.theta)+'.npy', 'rb') as f:
FileNotFoundError: [Errno 2] No such file or directory: 'dispersions/Edisp_100_theta_0.01795943800302165.npy'
Command exited with non-zero status 1
90.33user 8.61system 0:11.30elapsed 875%CPU (0avgtext+0avgdata 155384maxresident)k
0inputs+160outputs (9major+67221minor)pagefaults 0swaps
starting sampling in reciprocal space....
finished sampling in reciprocal space....t= 0.030318498611450195  s
397 numer of sampling lattice points
taking 0 umklapps
hbvf is .. 2.1354
q is... 0.07522730698426787
hvkd is... 0.16064039133420563
kappa is.. 0.8174358974358973
alpha is.. 0.6069457325782737
the twist angle is .. 0.01795943800302165
phonon params... 1.7957803198544953 0.00869987145480151 3.926205145458032 15.415086844221126 9.33114825966083 5717.414633037493 5717.414633037492
phonon params2 1.8733428568561353e+20 0.028478526185195915
starting sampling in reciprocal space....
finished sampling in reciprocal space....t= 0.7507491111755371  s
starting sampling in reciprocal space....
finished sampling in reciprocal space....t= 0.577582836151123  s
Loading  ..........
Traceback (most recent call last):
  File "Bubble_norm.py", line 1604, in <module>
    sys.exit(main())  # next section explains the use of sys.exit
  File "Bubble_norm.py", line 1570, in main
    [fillings,mu_values]=disp.mu_filling_array(Nfils, True, False, False)
  File "/home/jfm343/Documents/Moire_phonon/BM_bandstructure/temp/temp_theta_var_kappa_p_full_beta_1.0_2021-12-08-00-31-01/theta_var_kappa_p_full_beta_1.0_0.98/Hamiltonian.py", line 1399, in mu_filling_array
    with open('dispersions/Edisp_'+str(self.lq.Npoints)+'_theta_'+str(self.lq.theta)+'.npy', 'rb') as f:
FileNotFoundError: [Errno 2] No such file or directory: 'dispersions/Edisp_100_theta_0.01795943800302165.npy'
Command exited with non-zero status 1
124.02user 9.87system 0:13.81elapsed 969%CPU (0avgtext+0avgdata 153756maxresident)k
0inputs+0outputs (19major+59379minor)pagefaults 0swaps
