starting sampling in reciprocal space....
finished sampling in reciprocal space....t= 0.0063517093658447266  s
91 numer of sampling lattice points
taking 0 umklapps
hbvf is .. 2.3382685902179845
q is... 0.07383830652545242
hvkd is... 0.17265379290335303
kappa is.. 0.3
alpha is.. 0.6081534511018601
the twist angle is .. 0.017627825445142728
starting sampling in reciprocal space....
finished sampling in reciprocal space....t= 0.004128694534301758  s
starting sampling in reciprocal space....
finished sampling in reciprocal space....t= 0.0041120052337646484  s
starting dispersion ..........
time to diag over MBZ 8.959648847579956
number of bands in density of states calculation, 2
sum of the hist, normed? 7.999999999999985
CHEMICAL POTENTIAL AND FILLING 0.0 0.0
starting sampling in reciprocal space....
finished sampling in reciprocal space....t= 0.0040285587310791016  s
(4200,)
the bandwidth is ... 0.010346567083396738
280.30user 6.58system 0:36.92elapsed 776%CPU (0avgtext+0avgdata 3162256maxresident)k
0inputs+168outputs (0major+4597485minor)pagefaults 0swaps
