starting sampling in reciprocal space....
finished sampling in reciprocal space....t= 0.008157014846801758  s
91 numer of sampling lattice points
taking 0 umklapps
hbvf is .. 2.3382685902179845
q is... 0.0709140884439267
hvkd is... 0.16581618561237396
kappa is.. 0.3
alpha is.. 0.6332313073794674
the twist angle is .. 0.016929693744344998
starting sampling in reciprocal space....
finished sampling in reciprocal space....t= 0.0042266845703125  s
starting sampling in reciprocal space....
finished sampling in reciprocal space....t= 0.004183769226074219  s
starting dispersion ..........
time to diag over MBZ 8.664339780807495
number of bands in density of states calculation, 2
sum of the hist, normed? 7.999999999999984
CHEMICAL POTENTIAL AND FILLING 0.0 0.0
starting sampling in reciprocal space....
finished sampling in reciprocal space....t= 0.00411677360534668  s
(1680,)
the bandwidth is ... 0.020024836213661294
154.77user 4.11system 0:20.97elapsed 757%CPU (0avgtext+0avgdata 1373608maxresident)k
0inputs+224outputs (0major+2446922minor)pagefaults 0swaps
