starting sampling in reciprocal space....
finished sampling in reciprocal space....t= 0.051535606384277344  s
919 numer of sampling lattice points
taking 0 umklapps
hbvf is .. 2.3382685902179845
q is... 0.0826109053629646
hvkd is... 0.19316648521969057
kappa is.. 0.75
alpha is.. 0.5435725554595158
the twist angle is .. 0.01972222054753592
phonon params 351478317180695.94
phonon params upsilon 4.393478964758699e+16
area ratio 0.00038895337561110053 0.00038895337561109945
correct factor by which the interaction is reduced 71.70777140762617
c tilde 1768.4337430547523
starting sampling in reciprocal space....
finished sampling in reciprocal space....t= 0.563807487487793  s
starting sampling in reciprocal space....
finished sampling in reciprocal space....t= 0.5635530948638916  s
starting dispersion ..........
time to diag over MBZ 2874.6819384098053
saving  ..........
number of bands in density of states calculation, 2
sum of the hist, normed? 8.000000000000078
CHEMICAL POTENTIAL AND FILLING 0.0 0.0
starting sampling in reciprocal space....
finished sampling in reciprocal space....t= 0.05146980285644531  s
starting sampling in reciprocal space....
finished sampling in reciprocal space....t= 0.05214738845825195  s
starting dispersion ..........
time to diag over MBZ 264.8216004371643
starting sampling in reciprocal space....
finished sampling in reciprocal space....t= 0.051534414291381836  s
(6433, 564, 2) (919, 564, 2) (6433,)
starting sampling in reciprocal space....
finished sampling in reciprocal space....t= 0.05201315879821777  s
(6433, 564, 2) (919, 564, 2) (6433,)
calculating tensor that stores the overlaps........
finsihed the overlaps.......... 14.832199573516846
calculating tensor that stores the overlaps........
finsihed the overlaps.......... 2.5080416202545166
calculating tensor that stores the overlaps........
finsihed the overlaps.......... 14.937472581863403
calculating tensor that stores the overlaps........
finsihed the overlaps.......... 2.4216198921203613
testing symmetry of the form factors...
plus valley form factor passed the C3 symmetry test with average difference...  5.4605561896984725e-15
minus valley form factor passed the C3 symmetry test with average difference...  5.502960469236835e-15
finished testing symmetry of the form factors...
starting bubble....... 919
time for bubble... 29.417922258377075
effective speed of sound down renormalization...$-\Delta c$ 2727.4414986535517
residual of the fit... 0.05618868392465263
starting bubble....... 919
time for bubble... 29.994720458984375
effective speed of sound down renormalization...$-\Delta c$ 2753.5426577756816
residual of the fit... 0.003679548622294549
starting bubble....... 919
time for bubble... 29.805333852767944
effective speed of sound down renormalization...$-\Delta c$ 2817.179340155494
residual of the fit... 0.019363932105077024
starting bubble....... 919
time for bubble... 29.763570308685303
effective speed of sound down renormalization...$-\Delta c$ 2973.6435961731986
residual of the fit... 0.017072004467984448
starting bubble....... 919
time for bubble... 29.823474884033203
effective speed of sound down renormalization...$-\Delta c$ 3132.04043980857
residual of the fit... 0.028927265036700307
starting bubble....... 919
time for bubble... 29.95884895324707
effective speed of sound down renormalization...$-\Delta c$ 3415.553456677641
residual of the fit... 0.0060601315864307476
starting bubble....... 919
time for bubble... 29.929932594299316
effective speed of sound down renormalization...$-\Delta c$ 3622.6320517036465
residual of the fit... 0.015262931244959749
starting bubble....... 919
time for bubble... 29.92550253868103
effective speed of sound down renormalization...$-\Delta c$ 3405.463714405923
residual of the fit... 0.04518983753901615
starting bubble....... 919
time for bubble... 29.876250982284546
effective speed of sound down renormalization...$-\Delta c$ 2954.894901701823
residual of the fit... 0.028242826846800656
starting bubble....... 919
time for bubble... 29.901169776916504
effective speed of sound down renormalization...$-\Delta c$ 2741.540107933534
residual of the fit... 0.014336901200045198
starting bubble....... 919
time for bubble... 29.806742906570435
effective speed of sound down renormalization...$-\Delta c$ 2389.2801737559353
residual of the fit... 0.04144480732074204
starting bubble....... 919
time for bubble... 29.775165557861328
effective speed of sound down renormalization...$-\Delta c$ 2290.729528460897
residual of the fit... 0.019916770216924017
starting bubble....... 919
time for bubble... 29.828073024749756
effective speed of sound down renormalization...$-\Delta c$ 2011.302312653635
residual of the fit... 0.025725383362288697
starting bubble....... 919
time for bubble... 29.760840892791748
effective speed of sound down renormalization...$-\Delta c$ 1734.9432896153285
residual of the fit... 0.0644233880365947
starting bubble....... 919
time for bubble... 29.746480226516724
effective speed of sound down renormalization...$-\Delta c$ 1530.6669189295028
residual of the fit... 0.005561326326139798
starting bubble....... 919
time for bubble... 29.83453893661499
effective speed of sound down renormalization...$-\Delta c$ 1294.6370191263525
residual of the fit... 0.0757266453060677
starting bubble....... 919
time for bubble... 29.733424186706543
effective speed of sound down renormalization...$-\Delta c$ 1170.000468958599
residual of the fit... 0.1124316977241442
starting bubble....... 919
time for bubble... 29.712618112564087
effective speed of sound down renormalization...$-\Delta c$ 823.5344498300499
residual of the fit... 0.07467147288805315
starting bubble....... 919
time for bubble... 29.72330403327942
effective speed of sound down renormalization...$-\Delta c$ 689.9305200786175
residual of the fit... 0.15147352481351659
starting bubble....... 919
time for bubble... 29.758792638778687
effective speed of sound down renormalization...$-\Delta c$ 264.2581296547588
residual of the fit... 0.2662056383197573
time for sweep delta 596.1183934211731
