starting sampling in reciprocal space....
finished sampling in reciprocal space....t= 0.007449626922607422  s
91 numer of sampling lattice points
taking 0 umklapps
hbvf is .. 2.3382685902179845
q is... 0.08114881158808747
hvkd is... 0.18974771726994213
kappa is.. 0.75
alpha is.. 0.5533663409010771
the twist angle is .. 0.01937315469713706
starting sampling in reciprocal space....
finished sampling in reciprocal space....t= 0.004178762435913086  s
starting sampling in reciprocal space....
finished sampling in reciprocal space....t= 0.00432586669921875  s
starting dispersion ..........
time to diag over MBZ 8.595983982086182
number of bands in density of states calculation, 2
sum of the hist, normed? 7.999999999999984
CHEMICAL POTENTIAL AND FILLING 0.0 0.0
starting sampling in reciprocal space....
finished sampling in reciprocal space....t= 0.004091024398803711  s
(1680,)
the bandwidth is ... 0.011230098829931829
155.20user 4.00system 0:20.98elapsed 758%CPU (0avgtext+0avgdata 1373928maxresident)k
0inputs+152outputs (0major+2447578minor)pagefaults 0swaps
