starting sampling in reciprocal space....
finished sampling in reciprocal space....t= 0.0049285888671875  s
91 numer of sampling lattice points
taking 0 umklapps
hbvf is .. 2.3382685902179845
q is... 0.06798986172173412
hvkd is... 0.15897855811719494
kappa is.. 0.3
alpha is.. 0.6604664254320175
the twist angle is .. 0.016231562043547268
starting sampling in reciprocal space....
finished sampling in reciprocal space....t= 0.004093647003173828  s
starting sampling in reciprocal space....
finished sampling in reciprocal space....t= 0.004072904586791992  s
starting dispersion ..........
time to diag over MBZ 8.828397035598755
number of bands in density of states calculation, 2
sum of the hist, normed? 7.999999999999993
CHEMICAL POTENTIAL AND FILLING 0.0 0.0
starting sampling in reciprocal space....
finished sampling in reciprocal space....t= 0.004038333892822266  s
(1680,)
the bandwidth is ... 0.029236171154953108
157.87user 3.96system 0:21.34elapsed 758%CPU (0avgtext+0avgdata 1373016maxresident)k
0inputs+224outputs (0major+2446061minor)pagefaults 0swaps
