starting sampling in reciprocal space....
finished sampling in reciprocal space....t= 0.051370859146118164  s
919 numer of sampling lattice points
taking 0 umklapps
hbvf is .. 2.3382685902179845
q is... 0.06945197614064469
hvkd is... 0.16239737433823836
kappa is.. 0.3
alpha is.. 0.6465621776698671
the twist angle is .. 0.01658062789394613
phonon params 175585011667882.7
phonon params upsilon 2.1948126458485336e+16
area ratio 0.00027491092312533833 0.0002749109231253379
correct factor by which the interaction is reduced 85.29410171927053
c tilde 1486.7433977307774
starting sampling in reciprocal space....
finished sampling in reciprocal space....t= 0.5764453411102295  s
starting sampling in reciprocal space....
finished sampling in reciprocal space....t= 0.5705249309539795  s
starting dispersion ..........
time to diag over MBZ 2983.4754848480225
saving  ..........
number of bands in density of states calculation, 2
sum of the hist, normed? 8.000000000000103
CHEMICAL POTENTIAL AND FILLING 0.0 0.0
starting sampling in reciprocal space....
finished sampling in reciprocal space....t= 0.052870988845825195  s
starting sampling in reciprocal space....
finished sampling in reciprocal space....t= 0.05259585380554199  s
starting dispersion ..........
time to diag over MBZ 271.5107569694519
starting sampling in reciprocal space....
finished sampling in reciprocal space....t= 0.051903486251831055  s
(6433, 564, 2) (919, 564, 2) (6433,)
starting sampling in reciprocal space....
finished sampling in reciprocal space....t= 0.05193305015563965  s
(6433, 564, 2) (919, 564, 2) (6433,)
calculating tensor that stores the overlaps........
finsihed the overlaps.......... 15.649834871292114
calculating tensor that stores the overlaps........
finsihed the overlaps.......... 2.9054179191589355
calculating tensor that stores the overlaps........
finsihed the overlaps.......... 15.496488809585571
calculating tensor that stores the overlaps........
finsihed the overlaps.......... 2.7112772464752197
testing symmetry of the form factors...
plus valley form factor passed the C3 symmetry test with average difference...  2.0243943962556446e-15
minus valley form factor passed the C3 symmetry test with average difference...  1.9692935417008838e-15
finished testing symmetry of the form factors...
starting bubble....... 919
time for bubble... 29.327224493026733
effective speed of sound down renormalization...$-\Delta c$ 1714.1362599580782
residual of the fit... 0.067893179483654
starting bubble....... 919
time for bubble... 29.431089162826538
effective speed of sound down renormalization...$-\Delta c$ 1726.2466861801013
residual of the fit... 0.0012708424278689856
starting bubble....... 919
time for bubble... 29.793445587158203
effective speed of sound down renormalization...$-\Delta c$ 1705.710514464762
residual of the fit... 0.021695452695536376
starting bubble....... 919
time for bubble... 29.84779119491577
effective speed of sound down renormalization...$-\Delta c$ 1754.1222256656408
residual of the fit... 0.02795810442049329
starting bubble....... 919
time for bubble... 29.96100401878357
effective speed of sound down renormalization...$-\Delta c$ 1762.8128707130206
residual of the fit... 0.009996250651392407
starting bubble....... 919
time for bubble... 30.088436603546143
effective speed of sound down renormalization...$-\Delta c$ 1800.1385050235756
residual of the fit... 0.011069853214824977
starting bubble....... 919
time for bubble... 30.008572816848755
effective speed of sound down renormalization...$-\Delta c$ 1900.0905579004398
residual of the fit... 0.021837982860208254
starting bubble....... 919
time for bubble... 29.862180471420288
effective speed of sound down renormalization...$-\Delta c$ 2045.965693548896
residual of the fit... 0.06598287676844602
starting bubble....... 919
time for bubble... 29.854320526123047
effective speed of sound down renormalization...$-\Delta c$ 2070.7363138799064
residual of the fit... 0.04450484254763207
starting bubble....... 919
time for bubble... 30.005104064941406
effective speed of sound down renormalization...$-\Delta c$ 1790.6727028503462
residual of the fit... 0.05190777456526076
starting bubble....... 919
time for bubble... 30.021127223968506
effective speed of sound down renormalization...$-\Delta c$ 1476.5871350440163
residual of the fit... 0.04675365015589667
starting bubble....... 919
time for bubble... 29.896065950393677
effective speed of sound down renormalization...$-\Delta c$ 1296.7731709454883
residual of the fit... 0.04995894999164022
starting bubble....... 919
time for bubble... 30.145329236984253
effective speed of sound down renormalization...$-\Delta c$ 1222.6135009172954
residual of the fit... 0.07005418186381386
starting bubble....... 919
time for bubble... 29.916266679763794
effective speed of sound down renormalization...$-\Delta c$ 1062.5089848741854
residual of the fit... 0.06662953663982803
starting bubble....... 919
time for bubble... 30.125328063964844
effective speed of sound down renormalization...$-\Delta c$ 844.1834600115834
residual of the fit... 0.03667693492471091
starting bubble....... 919
time for bubble... 29.83365273475647
effective speed of sound down renormalization...$-\Delta c$ 660.3856969519561
residual of the fit... 0.08298333899883462
starting bubble....... 919
time for bubble... 29.816771745681763
effective speed of sound down renormalization...$-\Delta c$ 520.1366871059599
residual of the fit... 0.09431340982154214
starting bubble....... 919
time for bubble... 29.76621174812317
effective speed of sound down renormalization...$-\Delta c$ 383.17941749366753
residual of the fit... 0.06289569421043999
starting bubble....... 919
time for bubble... 30.213085651397705
effective speed of sound down renormalization...$-\Delta c$ 250.15807416736527
residual of the fit... 0.30748556397148435
starting bubble....... 919
time for bubble... 30.000952005386353
effective speed of sound down renormalization...$-\Delta c$ 107.14182715867298
residual of the fit... 0.13586452288087988
time for sweep delta 597.9570212364197
