starting sampling in reciprocal space....
finished sampling in reciprocal space....t= 0.008239507675170898  s
91 numer of sampling lattice points
taking 0 umklapps
hbvf is .. 2.3382685902179845
q is... 0.08699717141061096
hvkd is... 0.20342275334724164
kappa is.. 0.75
alpha is.. 0.5161664478150363
the twist angle is .. 0.02076941809873252
starting sampling in reciprocal space....
finished sampling in reciprocal space....t= 0.004195451736450195  s
starting sampling in reciprocal space....
finished sampling in reciprocal space....t= 0.0042040348052978516  s
starting dispersion ..........
time to diag over MBZ 9.035758972167969
number of bands in density of states calculation, 2
sum of the hist, normed? 7.9999999999999964
CHEMICAL POTENTIAL AND FILLING 0.0 0.0
starting sampling in reciprocal space....
finished sampling in reciprocal space....t= 0.003993511199951172  s
(240,)
the bandwidth is ... 0.03209207181609805
160.88user 4.09system 0:21.75elapsed 758%CPU (0avgtext+0avgdata 1374544maxresident)k
8inputs+232outputs (0major+2446876minor)pagefaults 0swaps
