starting sampling in reciprocal space....
finished sampling in reciprocal space....t= 0.05165362358093262  s
919 numer of sampling lattice points
taking 0 umklapps
hbvf is .. 2.3382685902179845
q is... 0.07310725283461868
hvkd is... 0.17094439302031356
kappa is.. 0.75
alpha is.. 0.6142348289102568
the twist angle is .. 0.017453292519943295
phonon params 215571264817451.22
phonon params upsilon 2.69464081021814e+16
area ratio 0.0003046096872175207 0.00030460968721752167
correct factor by which the interaction is reduced 81.0294969084016
c tilde 1564.9911135429263
starting sampling in reciprocal space....
finished sampling in reciprocal space....t= 0.5734460353851318  s
starting sampling in reciprocal space....
finished sampling in reciprocal space....t= 0.5685317516326904  s
starting dispersion ..........
time to diag over MBZ 2806.3626098632812
saving  ..........
number of bands in density of states calculation, 2
sum of the hist, normed? 7.99999999999998
CHEMICAL POTENTIAL AND FILLING 0.0 0.0
starting sampling in reciprocal space....
finished sampling in reciprocal space....t= 0.05181121826171875  s
starting sampling in reciprocal space....
finished sampling in reciprocal space....t= 0.05166053771972656  s
starting dispersion ..........
time to diag over MBZ 277.9256010055542
starting sampling in reciprocal space....
finished sampling in reciprocal space....t= 0.05176663398742676  s
(6433, 564, 2) (919, 564, 2) (6433,)
starting sampling in reciprocal space....
finished sampling in reciprocal space....t= 0.05118250846862793  s
(6433, 564, 2) (919, 564, 2) (6433,)
calculating tensor that stores the overlaps........
finsihed the overlaps.......... 15.263948440551758
calculating tensor that stores the overlaps........
finsihed the overlaps.......... 2.4654879570007324
calculating tensor that stores the overlaps........
finsihed the overlaps.......... 15.252787351608276
calculating tensor that stores the overlaps........
finsihed the overlaps.......... 2.41852068901062
testing symmetry of the form factors...
plus valley form factor passed the C3 symmetry test with average difference...  3.558517590162799e-15
minus valley form factor passed the C3 symmetry test with average difference...  4.691633716200322e-15
finished testing symmetry of the form factors...
starting bubble....... 919
time for bubble... 29.60380721092224
effective speed of sound down renormalization...$-\Delta c$ 3302.274610845076
residual of the fit... 0.055082362203661465
starting bubble....... 919
time for bubble... 29.65177631378174
effective speed of sound down renormalization...$-\Delta c$ 3376.5918924726
residual of the fit... 0.007469898089317842
starting bubble....... 919
time for bubble... 29.623124837875366
effective speed of sound down renormalization...$-\Delta c$ 3570.309880733262
residual of the fit... 0.02122952049173582
starting bubble....... 919
time for bubble... 29.627955436706543
effective speed of sound down renormalization...$-\Delta c$ 3953.35882326559
residual of the fit... 0.025033809051902382
starting bubble....... 919
time for bubble... 29.584697723388672
effective speed of sound down renormalization...$-\Delta c$ 4294.540397391047
residual of the fit... 0.016490934344589522
starting bubble....... 919
time for bubble... 29.519704580307007
effective speed of sound down renormalization...$-\Delta c$ 4107.16739556047
residual of the fit... 0.011944823068904736
starting bubble....... 919
time for bubble... 29.587477207183838
effective speed of sound down renormalization...$-\Delta c$ 3932.914844477725
residual of the fit... 0.04865129780534386
starting bubble....... 919
time for bubble... 29.61971616744995
effective speed of sound down renormalization...$-\Delta c$ 3509.232878328933
residual of the fit... 0.033890830229187985
starting bubble....... 919
time for bubble... 29.50425386428833
effective speed of sound down renormalization...$-\Delta c$ 3227.9936457414665
residual of the fit... 0.004526376056154515
starting bubble....... 919
time for bubble... 29.454705476760864
effective speed of sound down renormalization...$-\Delta c$ 2913.117532439656
residual of the fit... 0.013880343851841094
starting bubble....... 919
time for bubble... 29.541398525238037
effective speed of sound down renormalization...$-\Delta c$ 2688.7706252606067
residual of the fit... 0.024494463845867728
starting bubble....... 919
time for bubble... 29.550817251205444
effective speed of sound down renormalization...$-\Delta c$ 2492.36101862625
residual of the fit... 0.002686301323750956
starting bubble....... 919
time for bubble... 29.60349154472351
effective speed of sound down renormalization...$-\Delta c$ 2197.451719672919
residual of the fit... 0.012049875371042166
starting bubble....... 919
time for bubble... 29.825642347335815
effective speed of sound down renormalization...$-\Delta c$ 1941.2799360910612
residual of the fit... 0.03406756008885172
starting bubble....... 919
time for bubble... 29.432705402374268
effective speed of sound down renormalization...$-\Delta c$ 1783.8403056161073
residual of the fit... 0.038447371117959234
starting bubble....... 919
time for bubble... 29.561779499053955
effective speed of sound down renormalization...$-\Delta c$ 1488.7689218050475
residual of the fit... 0.009218943024155126
starting bubble....... 919
time for bubble... 29.517452478408813
effective speed of sound down renormalization...$-\Delta c$ 1162.6758061316302
residual of the fit... 0.047952896472184973
starting bubble....... 919
time for bubble... 29.573097705841064
effective speed of sound down renormalization...$-\Delta c$ 912.1253169470606
residual of the fit... 0.044283512589690835
starting bubble....... 919
time for bubble... 29.78476095199585
effective speed of sound down renormalization...$-\Delta c$ 562.2178255006806
residual of the fit... 0.06034998217686432
starting bubble....... 919
time for bubble... 29.635786771774292
effective speed of sound down renormalization...$-\Delta c$ 262.8375074939636
residual of the fit... 0.26609347619890383
time for sweep delta 591.8390641212463
