starting sampling in reciprocal space....
finished sampling in reciprocal space....t= 0.007853269577026367  s
91 numer of sampling lattice points
taking 0 umklapps
hbvf is .. 2.3382685902179845
q is... 0.08772821346553646
hvkd is... 0.20513212602240233
kappa is.. 0.75
alpha is.. 0.511865216024393
the twist angle is .. 0.020943951023931952
starting sampling in reciprocal space....
finished sampling in reciprocal space....t= 0.004164218902587891  s
starting sampling in reciprocal space....
finished sampling in reciprocal space....t= 0.004174947738647461  s
starting dispersion ..........
time to diag over MBZ 9.062969207763672
number of bands in density of states calculation, 2
sum of the hist, normed? 8.000000000000002
CHEMICAL POTENTIAL AND FILLING 0.0 0.0
starting sampling in reciprocal space....
finished sampling in reciprocal space....t= 0.003980159759521484  s
(240,)
the bandwidth is ... 0.034794776570457375
158.40user 4.30system 0:21.48elapsed 757%CPU (0avgtext+0avgdata 1373604maxresident)k
0inputs+232outputs (0major+2446728minor)pagefaults 0swaps
