starting sampling in reciprocal space....
finished sampling in reciprocal space....t= 0.007971763610839844  s
91 numer of sampling lattice points
taking 0 umklapps
hbvf is .. 2.3382685902179845
q is... 0.08626612869316475
hvkd is... 0.20171337912292955
kappa is.. 0.3
alpha is.. 0.5205405831608729
the twist angle is .. 0.020594885173533087
starting sampling in reciprocal space....
finished sampling in reciprocal space....t= 0.0042726993560791016  s
starting sampling in reciprocal space....
finished sampling in reciprocal space....t= 0.0040972232818603516  s
starting dispersion ..........
time to diag over MBZ 8.792656183242798
number of bands in density of states calculation, 2
sum of the hist, normed? 8.0
CHEMICAL POTENTIAL AND FILLING 0.0 0.0
starting sampling in reciprocal space....
finished sampling in reciprocal space....t= 0.004078865051269531  s
(4200,)
the bandwidth is ... 0.03469654328645112
276.44user 7.23system 0:36.57elapsed 775%CPU (0avgtext+0avgdata 3162784maxresident)k
0inputs+176outputs (0major+4598135minor)pagefaults 0swaps
