starting sampling in reciprocal space....
finished sampling in reciprocal space....t= 0.0062313079833984375  s
91 numer of sampling lattice points
taking 0 umklapps
hbvf is .. 2.7
q is... 0.07522730698426787
hvkd is... 0.20311372885752327
kappa is.. 0.75
alpha is.. 0.5169517619050438
the twist angle is .. 0.01795943800302165
phonon params 483371529755562.3 88.29654262807894 11037.067828509867
starting sampling in reciprocal space....
finished sampling in reciprocal space....t= 0.10414290428161621  s
starting sampling in reciprocal space....
finished sampling in reciprocal space....t= 0.08640623092651367  s
starting dispersion ..........
time to diag over MBZ 527.8646094799042
saving  ..........
number of bands in density of states calculation, 2
sum of the hist, normed? 8.000000000000036
CHEMICAL POTENTIAL AND FILLING 0.0 0.0
starting sampling in reciprocal space....
finished sampling in reciprocal space....t= 0.006295442581176758  s
starting sampling in reciprocal space....
finished sampling in reciprocal space....t= 0.006234645843505859  s
starting dispersion ..........
time to diag over MBZ 37.818217039108276
starting sampling in reciprocal space....
finished sampling in reciprocal space....t= 0.006434202194213867  s
(637, 564, 2) (91, 564, 2) (637,)
starting sampling in reciprocal space....
finished sampling in reciprocal space....t= 0.006261587142944336  s
(637, 564, 2) (91, 564, 2) (637,)
calculating tensor that stores the overlaps........
finsihed the overlaps.......... 1.281778335571289
calculating tensor that stores the overlaps........
finsihed the overlaps.......... 1.2439866065979004
calculating tensor that stores the overlaps........
finsihed the overlaps.......... 1.2394261360168457
calculating tensor that stores the overlaps........
finsihed the overlaps.......... 0.33717989921569824
calculating tensor that stores the overlaps........
finsihed the overlaps.......... 1.8194942474365234
calculating tensor that stores the overlaps........
finsihed the overlaps.......... 0.24876809120178223
testing symmetry of the form factors...
plus valley form factor passed the C3 symmetry test with average difference...  4.910986586785665e-15
minus valley form factor passed the C3 symmetry test with average difference...  5.339646595515165e-15
finished testing symmetry of the form factors...
starting bubble....... 91
time for bubble... 0.1682264804840088
effective speed of sound down renormalization...$-\Delta c$ 0.0
residual of the fit... nan
starting bubble....... 91
time for bubble... 0.16926002502441406
effective speed of sound down renormalization...$-\Delta c$ 0.0
residual of the fit... nan
starting bubble....... 91
time for bubble... 0.16811251640319824
effective speed of sound down renormalization...$-\Delta c$ 0.0
residual of the fit... nan
starting bubble....... 91
time for bubble... 0.1669330596923828
effective speed of sound down renormalization...$-\Delta c$ 0.0
residual of the fit... nan
starting bubble....... 91
time for bubble... 0.16817069053649902
effective speed of sound down renormalization...$-\Delta c$ 0.0
residual of the fit... nan
starting bubble....... 91
time for bubble... 0.16640472412109375
effective speed of sound down renormalization...$-\Delta c$ 0.0
residual of the fit... nan
starting bubble....... 91
time for bubble... 0.16721868515014648
effective speed of sound down renormalization...$-\Delta c$ 0.0
residual of the fit... nan
time for sweep delta 1.1918818950653076
