starting sampling in reciprocal space....
finished sampling in reciprocal space....t= 0.009406805038452148  s
91 numer of sampling lattice points
taking 0 umklapps
hbvf is .. 2.3382685902179845
q is... 0.07530041221461896
hvkd is... 0.17607258871191017
kappa is.. 0.3
alpha is.. 0.5963449550446545
the twist angle is .. 0.017976891295541593
starting sampling in reciprocal space....
finished sampling in reciprocal space....t= 0.004160642623901367  s
starting sampling in reciprocal space....
finished sampling in reciprocal space....t= 0.004083871841430664  s
starting dispersion ..........
time to diag over MBZ 8.72226858139038
number of bands in density of states calculation, 2
sum of the hist, normed? 7.999999999999996
CHEMICAL POTENTIAL AND FILLING 0.0 0.0
starting sampling in reciprocal space....
finished sampling in reciprocal space....t= 0.004190921783447266  s
(4200,)
the bandwidth is ... 0.005352486974308776
273.26user 6.86system 0:36.10elapsed 775%CPU (0avgtext+0avgdata 3162040maxresident)k
0inputs+160outputs (0major+4596664minor)pagefaults 0swaps
