starting sampling in reciprocal space....
finished sampling in reciprocal space....t= 0.05199480056762695  s
919 numer of sampling lattice points
taking 0 umklapps
hbvf is .. 2.7
q is... 0.07829772165774311
hvkd is... 0.2114038484759064
kappa is.. 0.75
alpha is.. 0.4966796998114573
the twist angle is .. 0.01869247628885927
phonon params 567251308986598.4 81.50729469744994 10188.411837181242
starting sampling in reciprocal space....
finished sampling in reciprocal space....t= 0.36257171630859375  s
starting sampling in reciprocal space....
finished sampling in reciprocal space....t= 0.36272478103637695  s
starting dispersion ..........
time to diag over MBZ 1830.3046824932098
saving  ..........
number of bands in density of states calculation, 2
sum of the hist, normed? 8.000000000000068
CHEMICAL POTENTIAL AND FILLING 0.0 0.0
starting sampling in reciprocal space....
finished sampling in reciprocal space....t= 0.052054405212402344  s
starting sampling in reciprocal space....
finished sampling in reciprocal space....t= 0.052472829818725586  s
starting dispersion ..........
time to diag over MBZ 265.64091873168945
starting sampling in reciprocal space....
finished sampling in reciprocal space....t= 0.05165863037109375  s
(6433, 564, 2) (919, 564, 2) (6433,)
starting sampling in reciprocal space....
finished sampling in reciprocal space....t= 0.0523529052734375  s
(6433, 564, 2) (919, 564, 2) (6433,)
calculating tensor that stores the overlaps........
finsihed the overlaps.......... 15.199272155761719
calculating tensor that stores the overlaps........
finsihed the overlaps.......... 14.891798973083496
calculating tensor that stores the overlaps........
finsihed the overlaps.......... 15.178664445877075
calculating tensor that stores the overlaps........
finsihed the overlaps.......... 3.0092592239379883
calculating tensor that stores the overlaps........
finsihed the overlaps.......... 15.487698554992676
calculating tensor that stores the overlaps........
finsihed the overlaps.......... 3.2202935218811035
testing symmetry of the form factors...
plus valley form factor passed the C3 symmetry test with average difference...  9.69819996927934e-15
minus valley form factor passed the C3 symmetry test with average difference...  8.130980535887742e-15
finished testing symmetry of the form factors...
starting bubble....... 919
time for bubble... 29.43570351600647
effective speed of sound down renormalization...$-\Delta c$ 2110.1844105477344
residual of the fit... 0.07405374061668532
starting bubble....... 919
time for bubble... 29.645767211914062
effective speed of sound down renormalization...$-\Delta c$ 2236.2621404251695
residual of the fit... 0.01582868051696057
starting bubble....... 919
time for bubble... 29.680257081985474
effective speed of sound down renormalization...$-\Delta c$ 2630.027629204547
residual of the fit... 0.04064928623446691
starting bubble....... 919
time for bubble... 29.626764059066772
effective speed of sound down renormalization...$-\Delta c$ 2108.8699649635114
residual of the fit... 0.028268381123920897
starting bubble....... 919
time for bubble... 29.685660123825073
effective speed of sound down renormalization...$-\Delta c$ 1504.4836379747526
residual of the fit... 0.009911465906106986
starting bubble....... 919
time for bubble... 29.586555242538452
effective speed of sound down renormalization...$-\Delta c$ 864.119213835491
residual of the fit... 0.006855289056843271
starting bubble....... 919
time for bubble... 29.57943296432495
effective speed of sound down renormalization...$-\Delta c$ 255.94423760872147
residual of the fit... 0.03394704224971348
time for sweep delta 207.25875639915466
