starting sampling in reciprocal space....
finished sampling in reciprocal space....t= 0.006631612777709961  s
91 numer of sampling lattice points
taking 0 umklapps
hbvf is .. 2.7
q is... 0.06908644773251756
hvkd is... 0.1865334088777974
kappa is.. 1
alpha is.. 0.5629018449386086
the twist angle is .. 0.016493361431346415
starting sampling in reciprocal space....
finished sampling in reciprocal space....t= 0.01669168472290039  s
starting sampling in reciprocal space....
finished sampling in reciprocal space....t= 0.04587960243225098  s
starting dispersion ..........
time to diag over MBZ 257.75675988197327
number of bands in density of states calculation, 2
sum of the hist, normed? 8.000000000000007
CHEMICAL POTENTIAL AND FILLING 0.0 0.0
starting sampling in reciprocal space....
finished sampling in reciprocal space....t= 0.0371856689453125  s
(1680,)
the bandwidth is ... 0.0027938819053357883
452.73user 31.36system 9:51.33elapsed 81%CPU (0avgtext+0avgdata 1373324maxresident)k
0inputs+192outputs (0major+2447491minor)pagefaults 0swaps
