starting sampling in reciprocal space....
finished sampling in reciprocal space....t= 0.0061876773834228516  s
91 numer of sampling lattice points
taking 0 umklapps
hbvf is .. 2.3382685902179845
q is... 0.06652774523173477
hvkd is... 0.1555597370533897
kappa is.. 0.75
alpha is.. 0.6749818557739199
the twist angle is .. 0.0158824961931484
starting sampling in reciprocal space....
finished sampling in reciprocal space....t= 0.00408172607421875  s
starting sampling in reciprocal space....
finished sampling in reciprocal space....t= 0.00407099723815918  s
starting dispersion ..........
time to diag over MBZ 8.392381191253662
number of bands in density of states calculation, 2
sum of the hist, normed? 7.999999999999994
CHEMICAL POTENTIAL AND FILLING 0.0 0.0
starting sampling in reciprocal space....
finished sampling in reciprocal space....t= 0.004003763198852539  s
(1680,)
the bandwidth is ... 0.02742032974804828
153.87user 3.63system 0:20.76elapsed 758%CPU (0avgtext+0avgdata 1372388maxresident)k
0inputs+200outputs (0major+2447190minor)pagefaults 0swaps
