starting sampling in reciprocal space....
finished sampling in reciprocal space....t= 0.006595611572265625  s
91 numer of sampling lattice points
taking 0 umklapps
hbvf is .. 2.3382685902179845
q is... 0.07749356643361043
hvkd is... 0.18120077233568196
kappa is.. 0.75
alpha is.. 0.5794677287880602
the twist angle is .. 0.018500490071139894
starting sampling in reciprocal space....
finished sampling in reciprocal space....t= 0.004048824310302734  s
starting sampling in reciprocal space....
finished sampling in reciprocal space....t= 0.004105091094970703  s
starting dispersion ..........
time to diag over MBZ 9.289603233337402
number of bands in density of states calculation, 2
sum of the hist, normed? 7.999999999999995
CHEMICAL POTENTIAL AND FILLING 0.0 0.0
starting sampling in reciprocal space....
finished sampling in reciprocal space....t= 0.003968954086303711  s
(240,)
the bandwidth is ... 0.0009890785268491294
158.13user 4.02system 0:21.40elapsed 757%CPU (0avgtext+0avgdata 1374172maxresident)k
0inputs+200outputs (0major+2446531minor)pagefaults 0swaps
