starting sampling in reciprocal space....
finished sampling in reciprocal space....t= 0.0511479377746582  s
919 numer of sampling lattice points
taking 0 umklapps
hbvf is .. 2.7
q is... 0.06908644773251756
hvkd is... 0.1865334088777974
kappa is.. 0.75
alpha is.. 0.5629018449386086
the twist angle is .. 0.016493361431346415
phonon params 171917648648672.25
phonon params upsilon 2.148970608108403e+16
area ratio 0.00027202480462349825 0.0002720248046234976
correct factor by which the interaction is reduced 85.74538295093544
c tilde 1478.918610335735
starting sampling in reciprocal space....
finished sampling in reciprocal space....t= 0.5613434314727783  s
starting sampling in reciprocal space....
finished sampling in reciprocal space....t= 0.5618228912353516  s
starting dispersion ..........
time to diag over MBZ 2806.514840364456
saving  ..........
number of bands in density of states calculation, 2
sum of the hist, normed? 7.999999999999938
CHEMICAL POTENTIAL AND FILLING 0.0 0.0
starting sampling in reciprocal space....
finished sampling in reciprocal space....t= 0.0515749454498291  s
starting sampling in reciprocal space....
finished sampling in reciprocal space....t= 0.05221915245056152  s
starting dispersion ..........
time to diag over MBZ 249.60506415367126
starting sampling in reciprocal space....
finished sampling in reciprocal space....t= 0.0519869327545166  s
(6433, 564, 2) (919, 564, 2) (6433,)
starting sampling in reciprocal space....
finished sampling in reciprocal space....t= 0.05180025100708008  s
(6433, 564, 2) (919, 564, 2) (6433,)
calculating tensor that stores the overlaps........
finsihed the overlaps.......... 15.645773649215698
calculating tensor that stores the overlaps........
finsihed the overlaps.......... 15.542480230331421
calculating tensor that stores the overlaps........
finsihed the overlaps.......... 15.289846420288086
calculating tensor that stores the overlaps........
finsihed the overlaps.......... 2.705519676208496
calculating tensor that stores the overlaps........
finsihed the overlaps.......... 15.676050901412964
calculating tensor that stores the overlaps........
finsihed the overlaps.......... 2.474292039871216
testing symmetry of the form factors...
plus valley form factor passed the C3 symmetry test with average difference...  9.661089115558e-15
minus valley form factor passed the C3 symmetry test with average difference...  8.245452684383097e-15
finished testing symmetry of the form factors...
starting bubble....... 919
time for bubble... 29.355544090270996
effective speed of sound down renormalization...$-\Delta c$ 3347.3078079951038
residual of the fit... 0.07086450978378957
starting bubble....... 919
time for bubble... 29.549203395843506
effective speed of sound down renormalization...$-\Delta c$ 3532.143375629051
residual of the fit... 0.015211957817981157
starting bubble....... 919
time for bubble... 29.739789962768555
effective speed of sound down renormalization...$-\Delta c$ 3553.365108880544
residual of the fit... 0.016625581358069214
starting bubble....... 919
time for bubble... 29.648358821868896
effective speed of sound down renormalization...$-\Delta c$ 3743.6961093643486
residual of the fit... 0.028067632294475973
starting bubble....... 919
time for bubble... 29.60230827331543
effective speed of sound down renormalization...$-\Delta c$ 4175.3179322373435
residual of the fit... 0.012302937501782393
starting bubble....... 919
time for bubble... 29.591978311538696
effective speed of sound down renormalization...$-\Delta c$ 4611.578287038573
residual of the fit... 0.010443640725386607
starting bubble....... 919
time for bubble... 29.630541563034058
effective speed of sound down renormalization...$-\Delta c$ 4608.939863538494
residual of the fit... 0.04178168807153247
starting bubble....... 919
time for bubble... 29.714136838912964
effective speed of sound down renormalization...$-\Delta c$ 4227.91431578401
residual of the fit... 0.0692291273600983
starting bubble....... 919
time for bubble... 29.725265979766846
effective speed of sound down renormalization...$-\Delta c$ 3776.3256603445584
residual of the fit... 0.008384513499052632
starting bubble....... 919
time for bubble... 29.552104234695435
effective speed of sound down renormalization...$-\Delta c$ 3319.0164677141947
residual of the fit... 0.035511022050153725
starting bubble....... 919
time for bubble... 29.652151584625244
effective speed of sound down renormalization...$-\Delta c$ 3161.1596617972455
residual of the fit... 0.008689996035533115
starting bubble....... 919
time for bubble... 29.67142128944397
effective speed of sound down renormalization...$-\Delta c$ 2856.847473990665
residual of the fit... 0.008896090938354535
starting bubble....... 919
time for bubble... 29.5864315032959
effective speed of sound down renormalization...$-\Delta c$ 2567.2817974862505
residual of the fit... 0.019509229869814532
starting bubble....... 919
time for bubble... 29.65247416496277
effective speed of sound down renormalization...$-\Delta c$ 2430.62534300099
residual of the fit... 0.031601435621597895
starting bubble....... 919
time for bubble... 29.72721004486084
effective speed of sound down renormalization...$-\Delta c$ 2106.379190184361
residual of the fit... 0.0018925609902270758
starting bubble....... 919
time for bubble... 29.7244815826416
effective speed of sound down renormalization...$-\Delta c$ 1795.864878025815
residual of the fit... 0.04506447382603274
starting bubble....... 919
time for bubble... 29.920879125595093
effective speed of sound down renormalization...$-\Delta c$ 1469.0102417377504
residual of the fit... 0.05400336025349378
starting bubble....... 919
time for bubble... 30.18514323234558
effective speed of sound down renormalization...$-\Delta c$ 1233.002949031463
residual of the fit... 0.016076603303103693
starting bubble....... 919
time for bubble... 29.757147550582886
effective speed of sound down renormalization...$-\Delta c$ 772.1976618337352
residual of the fit... 0.01951100565029292
starting bubble....... 919
time for bubble... 29.889320373535156
effective speed of sound down renormalization...$-\Delta c$ 403.04916709508547
residual of the fit... 0.01668849481652732
time for sweep delta 593.9131853580475
