starting sampling in reciprocal space....
finished sampling in reciprocal space....t= 0.051416635513305664  s
919 numer of sampling lattice points
taking 0 umklapps
hbvf is .. 2.7
q is... 0.0706216661546583
hvkd is... 0.19067849861757744
kappa is.. 0.75
alpha is.. 0.5506651287966493
the twist angle is .. 0.016859880574265226
phonon params 187715808960861.78
phonon params upsilon 2.3464476120107724e+16
area ratio 0.0002842488396063886 0.0002842488396063887
correct factor by which the interaction is reduced 83.88139561266557
c tilde 1511.782698300207
starting sampling in reciprocal space....
finished sampling in reciprocal space....t= 0.5618410110473633  s
starting sampling in reciprocal space....
finished sampling in reciprocal space....t= 0.5663070678710938  s
starting dispersion ..........
time to diag over MBZ 3269.914315700531
saving  ..........
number of bands in density of states calculation, 2
sum of the hist, normed? 7.999999999999917
CHEMICAL POTENTIAL AND FILLING 0.0 0.0
starting sampling in reciprocal space....
finished sampling in reciprocal space....t= 0.05371427536010742  s
starting sampling in reciprocal space....
finished sampling in reciprocal space....t= 0.05269455909729004  s
starting dispersion ..........
time to diag over MBZ 281.33590507507324
starting sampling in reciprocal space....
finished sampling in reciprocal space....t= 0.05241513252258301  s
(6433, 564, 2) (919, 564, 2) (6433,)
starting sampling in reciprocal space....
finished sampling in reciprocal space....t= 0.052286386489868164  s
(6433, 564, 2) (919, 564, 2) (6433,)
calculating tensor that stores the overlaps........
finsihed the overlaps.......... 15.783898115158081
calculating tensor that stores the overlaps........
finsihed the overlaps.......... 15.66938853263855
calculating tensor that stores the overlaps........
finsihed the overlaps.......... 15.6542809009552
calculating tensor that stores the overlaps........
finsihed the overlaps.......... 2.792621374130249
calculating tensor that stores the overlaps........
finsihed the overlaps.......... 15.483210802078247
calculating tensor that stores the overlaps........
finsihed the overlaps.......... 2.3458445072174072
testing symmetry of the form factors...
plus valley form factor passed the C3 symmetry test with average difference...  5.148260118644176e-15
minus valley form factor passed the C3 symmetry test with average difference...  8.690716670601203e-15
finished testing symmetry of the form factors...
starting bubble....... 919
time for bubble... 29.567702054977417
effective speed of sound down renormalization...$-\Delta c$ 2575.529441845484
residual of the fit... 0.07120980863620825
starting bubble....... 919
time for bubble... 29.654785633087158
effective speed of sound down renormalization...$-\Delta c$ 2600.4005632438416
residual of the fit... 0.035358876639287995
starting bubble....... 919
time for bubble... 29.68281316757202
effective speed of sound down renormalization...$-\Delta c$ 2757.631217140141
residual of the fit... 0.006479710737082976
starting bubble....... 919
time for bubble... 29.825363874435425
effective speed of sound down renormalization...$-\Delta c$ 2924.4288173039367
residual of the fit... 0.011394423678771907
starting bubble....... 919
time for bubble... 29.801565885543823
effective speed of sound down renormalization...$-\Delta c$ 3071.8401473676154
residual of the fit... 0.021166200421713275
starting bubble....... 919
time for bubble... 29.840806245803833
effective speed of sound down renormalization...$-\Delta c$ 3334.607042327585
residual of the fit... 0.019112174642658613
starting bubble....... 919
time for bubble... 29.90766930580139
effective speed of sound down renormalization...$-\Delta c$ 3532.863538273829
residual of the fit... 0.04536403649954836
starting bubble....... 919
time for bubble... 29.729554414749146
effective speed of sound down renormalization...$-\Delta c$ 3332.2355735810106
residual of the fit... 0.05384688334317637
starting bubble....... 919
time for bubble... 29.739409923553467
effective speed of sound down renormalization...$-\Delta c$ 2844.865275508027
residual of the fit... 0.03942621695772695
starting bubble....... 919
time for bubble... 29.599148750305176
effective speed of sound down renormalization...$-\Delta c$ 2592.2815411245524
residual of the fit... 0.01743260805053771
starting bubble....... 919
time for bubble... 29.799319982528687
effective speed of sound down renormalization...$-\Delta c$ 2325.491145273392
residual of the fit... 0.028320072853184382
starting bubble....... 919
time for bubble... 29.782915592193604
effective speed of sound down renormalization...$-\Delta c$ 2162.7005981727957
residual of the fit... 0.04772014086494557
starting bubble....... 919
time for bubble... 29.585180044174194
effective speed of sound down renormalization...$-\Delta c$ 1983.8158994826304
residual of the fit... 0.01200688537123071
starting bubble....... 919
time for bubble... 29.63526463508606
effective speed of sound down renormalization...$-\Delta c$ 1712.5889239706103
residual of the fit... 0.014403131785497705
starting bubble....... 919
time for bubble... 29.69156527519226
effective speed of sound down renormalization...$-\Delta c$ 1558.5740748180588
residual of the fit... 0.02260649267038549
starting bubble....... 919
time for bubble... 29.724761486053467
effective speed of sound down renormalization...$-\Delta c$ 1357.4791327758512
residual of the fit... 0.03219299629564357
starting bubble....... 919
time for bubble... 29.730629205703735
effective speed of sound down renormalization...$-\Delta c$ 1098.0299177924346
residual of the fit... 0.03659223796205536
starting bubble....... 919
time for bubble... 29.750365018844604
effective speed of sound down renormalization...$-\Delta c$ 809.0202920754725
residual of the fit... 0.026257944980313377
starting bubble....... 919
time for bubble... 29.62817144393921
effective speed of sound down renormalization...$-\Delta c$ 598.0901287736425
residual of the fit... 0.03799042537806386
starting bubble....... 919
time for bubble... 29.569300889968872
effective speed of sound down renormalization...$-\Delta c$ 297.2250613692479
residual of the fit... 0.023933715828700713
time for sweep delta 594.2857744693756
