starting sampling in reciprocal space....
finished sampling in reciprocal space....t= 0.005070686340332031  s
91 numer of sampling lattice points
taking 0 umklapps
hbvf is .. 2.7
q is... 0.07676251561000431
hvkd is... 0.20725879214701165
kappa is.. 0.75
alpha is.. 0.5066130074015002
the twist angle is .. 0.01832595714594046
starting sampling in reciprocal space....
finished sampling in reciprocal space....t= 0.008863449096679688  s
starting sampling in reciprocal space....
finished sampling in reciprocal space....t= 0.018831968307495117  s
starting dispersion ..........
time to diag over MBZ 77.24582743644714
number of bands in density of states calculation, 2
sum of the hist, normed? 7.999999999999981
CHEMICAL POTENTIAL AND FILLING 0.0 0.0
starting sampling in reciprocal space....
finished sampling in reciprocal space....t= 0.018084287643432617  s
(1680,)
the bandwidth is ... 0.038183192700148194
398.66user 26.04system 3:00.59elapsed 235%CPU (0avgtext+0avgdata 1373524maxresident)k
0inputs+184outputs (0major+2448123minor)pagefaults 0swaps
