starting sampling in reciprocal space....
finished sampling in reciprocal space....t= 0.05114340782165527  s
919 numer of sampling lattice points
taking 0 umklapps
hbvf is .. 2.7
q is... 0.07522730698426787
hvkd is... 0.20311372885752327
kappa is.. 0.75
alpha is.. 0.5169517619050438
the twist angle is .. 0.01795943800302165
phonon params 483371529755562.3 88.29654262807894 11037.067828509867
starting sampling in reciprocal space....
finished sampling in reciprocal space....t= 0.36042261123657227  s
starting sampling in reciprocal space....
finished sampling in reciprocal space....t= 0.3624117374420166  s
starting dispersion ..........
time to diag over MBZ 1901.5434062480927
saving  ..........
number of bands in density of states calculation, 2
sum of the hist, normed? 7.999999999999945
CHEMICAL POTENTIAL AND FILLING 0.0 0.0
starting sampling in reciprocal space....
finished sampling in reciprocal space....t= 0.05253243446350098  s
starting sampling in reciprocal space....
finished sampling in reciprocal space....t= 0.05188465118408203  s
starting dispersion ..........
time to diag over MBZ 280.2301540374756
starting sampling in reciprocal space....
finished sampling in reciprocal space....t= 0.05192708969116211  s
(6433, 564, 2) (919, 564, 2) (6433,)
starting sampling in reciprocal space....
finished sampling in reciprocal space....t= 0.052361488342285156  s
(6433, 564, 2) (919, 564, 2) (6433,)
calculating tensor that stores the overlaps........
finsihed the overlaps.......... 15.079686641693115
calculating tensor that stores the overlaps........
finsihed the overlaps.......... 14.780611753463745
calculating tensor that stores the overlaps........
finsihed the overlaps.......... 15.298214197158813
calculating tensor that stores the overlaps........
finsihed the overlaps.......... 2.8323974609375
calculating tensor that stores the overlaps........
finsihed the overlaps.......... 15.248928546905518
calculating tensor that stores the overlaps........
finsihed the overlaps.......... 2.8852760791778564
testing symmetry of the form factors...
plus valley form factor passed the C3 symmetry test with average difference...  4.895315597222758e-15
minus valley form factor passed the C3 symmetry test with average difference...  4.455664662920191e-15
finished testing symmetry of the form factors...
starting bubble....... 919
time for bubble... 29.443858861923218
effective speed of sound down renormalization...$-\Delta c$ 2449.9624572487965
residual of the fit... 0.07251407089366156
starting bubble....... 919
time for bubble... 29.519622564315796
effective speed of sound down renormalization...$-\Delta c$ 2644.3837390792946
residual of the fit... 0.010074587678898647
starting bubble....... 919
time for bubble... 29.437137126922607
effective speed of sound down renormalization...$-\Delta c$ 3192.2647631518307
residual of the fit... 0.008659284316782435
starting bubble....... 919
time for bubble... 29.40342879295349
effective speed of sound down renormalization...$-\Delta c$ 2421.273349210119
residual of the fit... 0.013095554703614759
starting bubble....... 919
time for bubble... 29.408716440200806
effective speed of sound down renormalization...$-\Delta c$ 1682.294583518359
residual of the fit... 0.01691989269298726
starting bubble....... 919
time for bubble... 29.37541699409485
effective speed of sound down renormalization...$-\Delta c$ 982.6232790379391
residual of the fit... 0.03075537572104034
starting bubble....... 919
time for bubble... 29.49409246444702
effective speed of sound down renormalization...$-\Delta c$ 281.14454116835014
residual of the fit... 0.03296644540151608
time for sweep delta 206.11579275131226
