starting sampling in reciprocal space....
finished sampling in reciprocal space....t= 0.06993770599365234  s
91 numer of sampling lattice points
taking 0 umklapps
hbvf is .. 2.7
q is... 0.08750890091895454
hvkd is... 0.23627403248117726
kappa is.. 1
alpha is.. 0.4443992380261458
the twist angle is .. 0.020891591146372124
starting sampling in reciprocal space....
finished sampling in reciprocal space....t= 0.06706714630126953  s
starting sampling in reciprocal space....
finished sampling in reciprocal space....t= 0.019264936447143555  s
starting dispersion ..........
time to diag over MBZ 242.6244921684265
number of bands in density of states calculation, 2
sum of the hist, normed? 8.000000000000005
CHEMICAL POTENTIAL AND FILLING 0.0 0.0
starting sampling in reciprocal space....
finished sampling in reciprocal space....t= 0.02245926856994629  s
(1680,)
the bandwidth is ... 0.07985939938714706
420.51user 28.44system 9:30.58elapsed 78%CPU (0avgtext+0avgdata 1373364maxresident)k
0inputs+200outputs (0major+2446201minor)pagefaults 0swaps
