starting sampling in reciprocal space....
finished sampling in reciprocal space....t= 0.05267333984375  s
919 numer of sampling lattice points
taking 0 umklapps
hbvf is .. 2.7
q is... 0.06755122699017235
hvkd is... 0.18238831287346535
kappa is.. 0.75
alpha is.. 0.5756947818956214
the twist angle is .. 0.016126842288427607
phonon params 157138274099976.62
phonon params upsilon 1.9642284262497076e+16
area ratio 0.0002600694056590502 0.00026006940565905017
correct factor by which the interaction is reduced 87.69409796814375
c tilde 1446.0544727031522
starting sampling in reciprocal space....
finished sampling in reciprocal space....t= 0.5677008628845215  s
starting sampling in reciprocal space....
finished sampling in reciprocal space....t= 0.5777111053466797  s
starting dispersion ..........
time to diag over MBZ 2895.2273042201996
saving  ..........
number of bands in density of states calculation, 2
sum of the hist, normed? 7.9999999999999565
CHEMICAL POTENTIAL AND FILLING 0.0 0.0
starting sampling in reciprocal space....
finished sampling in reciprocal space....t= 0.05279898643493652  s
starting sampling in reciprocal space....
finished sampling in reciprocal space....t= 0.05408787727355957  s
starting dispersion ..........
time to diag over MBZ 262.57339429855347
starting sampling in reciprocal space....
finished sampling in reciprocal space....t= 0.05262255668640137  s
(6433, 564, 2) (919, 564, 2) (6433,)
starting sampling in reciprocal space....
finished sampling in reciprocal space....t= 0.05288338661193848  s
(6433, 564, 2) (919, 564, 2) (6433,)
calculating tensor that stores the overlaps........
finsihed the overlaps.......... 14.938501596450806
calculating tensor that stores the overlaps........
finsihed the overlaps.......... 14.779194355010986
calculating tensor that stores the overlaps........
finsihed the overlaps.......... 14.769635438919067
calculating tensor that stores the overlaps........
finsihed the overlaps.......... 2.650766611099243
calculating tensor that stores the overlaps........
finsihed the overlaps.......... 15.099263906478882
calculating tensor that stores the overlaps........
finsihed the overlaps.......... 2.143573045730591
testing symmetry of the form factors...
plus valley form factor passed the C3 symmetry test with average difference...  2.5629143908631843e-15
minus valley form factor passed the C3 symmetry test with average difference...  2.304107615377017e-15
finished testing symmetry of the form factors...
starting bubble....... 919
time for bubble... 29.81151294708252
effective speed of sound down renormalization...$-\Delta c$ 6126.309588865794
residual of the fit... 0.06505239476490553
starting bubble....... 919
time for bubble... 29.883230924606323
effective speed of sound down renormalization...$-\Delta c$ 6662.037174445741
residual of the fit... 0.027401276561691335
starting bubble....... 919
time for bubble... 29.873912811279297
effective speed of sound down renormalization...$-\Delta c$ 8030.690421593853
residual of the fit... 0.03193850708840054
starting bubble....... 919
time for bubble... 29.983295679092407
effective speed of sound down renormalization...$-\Delta c$ 8754.742473695344
residual of the fit... 0.06756714910814048
starting bubble....... 919
time for bubble... 29.784276247024536
effective speed of sound down renormalization...$-\Delta c$ 9023.753746349541
residual of the fit... 0.03797216046816092
starting bubble....... 919
time for bubble... 29.906336784362793
effective speed of sound down renormalization...$-\Delta c$ 9004.48565274507
residual of the fit... 0.054835564824974314
starting bubble....... 919
time for bubble... 30.049447059631348
effective speed of sound down renormalization...$-\Delta c$ 8183.31815162256
residual of the fit... 0.0489736376398632
starting bubble....... 919
time for bubble... 30.030632972717285
effective speed of sound down renormalization...$-\Delta c$ 7515.764150922485
residual of the fit... 0.0766670445415985
starting bubble....... 919
time for bubble... 29.949983835220337
effective speed of sound down renormalization...$-\Delta c$ 6656.726712543971
residual of the fit... 0.009597307678296479
starting bubble....... 919
time for bubble... 30.02201509475708
effective speed of sound down renormalization...$-\Delta c$ 6168.288013014068
residual of the fit... 0.05433873860171703
starting bubble....... 919
time for bubble... 30.44287419319153
effective speed of sound down renormalization...$-\Delta c$ 5840.500148911659
residual of the fit... 0.01570719913180119
starting bubble....... 919
time for bubble... 30.057543754577637
effective speed of sound down renormalization...$-\Delta c$ 5486.996273021491
residual of the fit... 0.008453802124861494
starting bubble....... 919
time for bubble... 30.135217905044556
effective speed of sound down renormalization...$-\Delta c$ 5165.419222350054
residual of the fit... 0.027919968615975312
starting bubble....... 919
time for bubble... 29.989185571670532
effective speed of sound down renormalization...$-\Delta c$ 4649.453015964094
residual of the fit... 0.019413752524669828
starting bubble....... 919
time for bubble... 30.02362036705017
effective speed of sound down renormalization...$-\Delta c$ 4432.55510222849
residual of the fit... 0.0227721466283293
starting bubble....... 919
time for bubble... 30.066869735717773
effective speed of sound down renormalization...$-\Delta c$ 4171.493782159074
residual of the fit... 0.03664691715946683
starting bubble....... 919
time for bubble... 30.0058171749115
effective speed of sound down renormalization...$-\Delta c$ 3620.364417428618
residual of the fit... 0.04148346098393926
starting bubble....... 919
time for bubble... 30.007004737854004
effective speed of sound down renormalization...$-\Delta c$ 3333.0606797266514
residual of the fit... 0.03312802126693504
starting bubble....... 919
time for bubble... 30.37906503677368
effective speed of sound down renormalization...$-\Delta c$ 3066.883517945612
residual of the fit... 0.04945664691807421
starting bubble....... 919
time for bubble... 30.018067359924316
effective speed of sound down renormalization...$-\Delta c$ 2576.635441565224
residual of the fit... 0.04481983844128631
time for sweep delta 600.4565057754517
