starting sampling in reciprocal space....
finished sampling in reciprocal space....t= 0.0072939395904541016  s
91 numer of sampling lattice points
taking 0 umklapps
hbvf is .. 2.3382685902179845
q is... 0.08407299662136936
hvkd is... 0.1965852472852507
kappa is.. 0.75
alpha is.. 0.5341194288483003
the twist angle is .. 0.020071286397934786
starting sampling in reciprocal space....
finished sampling in reciprocal space....t= 0.004153013229370117  s
starting sampling in reciprocal space....
finished sampling in reciprocal space....t= 0.004097700119018555  s
starting dispersion ..........
time to diag over MBZ 9.22717571258545
number of bands in density of states calculation, 2
sum of the hist, normed? 8.000000000000016
CHEMICAL POTENTIAL AND FILLING 0.0 0.0
starting sampling in reciprocal space....
finished sampling in reciprocal space....t= 0.004093647003173828  s
(1680,)
the bandwidth is ... 0.021481679419788277
166.64user 4.93system 0:22.71elapsed 755%CPU (0avgtext+0avgdata 1374324maxresident)k
0inputs+232outputs (0major+2448031minor)pagefaults 0swaps
