starting sampling in reciprocal space....
finished sampling in reciprocal space....t= 0.009469270706176758  s
91 numer of sampling lattice points
taking 0 umklapps
hbvf is .. 2.3382685902179845
q is... 0.07749356643361043
hvkd is... 0.18120077233568196
kappa is.. 0.75
alpha is.. 0.5794677287880602
the twist angle is .. 0.018500490071139894
starting sampling in reciprocal space....
finished sampling in reciprocal space....t= 0.0041773319244384766  s
starting sampling in reciprocal space....
finished sampling in reciprocal space....t= 0.004164457321166992  s
starting dispersion ..........
time to diag over MBZ 8.581526756286621
number of bands in density of states calculation, 2
sum of the hist, normed? 7.999999999999995
CHEMICAL POTENTIAL AND FILLING 0.0 0.0
starting sampling in reciprocal space....
finished sampling in reciprocal space....t= 0.0040798187255859375  s
(4200,)
the bandwidth is ... 0.0009890785268491294
277.14user 6.78system 0:36.58elapsed 776%CPU (0avgtext+0avgdata 3163772maxresident)k
0inputs+160outputs (0major+4598298minor)pagefaults 0swaps
