starting sampling in reciprocal space....
finished sampling in reciprocal space....t= 0.007843494415283203  s
91 numer of sampling lattice points
taking 0 umklapps
hbvf is .. 2.3382685902179845
q is... 0.0709140884439267
hvkd is... 0.16581618561237396
kappa is.. 0.75
alpha is.. 0.6332313073794674
the twist angle is .. 0.016929693744344998
starting sampling in reciprocal space....
finished sampling in reciprocal space....t= 0.004111289978027344  s
starting sampling in reciprocal space....
finished sampling in reciprocal space....t= 0.004059791564941406  s
starting dispersion ..........
time to diag over MBZ 8.541634321212769
number of bands in density of states calculation, 2
sum of the hist, normed? 8.000000000000004
CHEMICAL POTENTIAL AND FILLING 0.0 0.0
starting sampling in reciprocal space....
finished sampling in reciprocal space....t= 0.004040956497192383  s
(1680,)
the bandwidth is ... 0.020865579684169744
153.44user 3.69system 0:20.70elapsed 758%CPU (0avgtext+0avgdata 1371872maxresident)k
0inputs+192outputs (0major+2446527minor)pagefaults 0swaps
