starting sampling in reciprocal space....
finished sampling in reciprocal space....t= 0.007859230041503906  s
91 numer of sampling lattice points
taking 0 umklapps
hbvf is .. 2.3382685902179845
q is... 0.06579668622399441
hvkd is... 0.1538503247379945
kappa is.. 0.3
alpha is.. 0.6824814973826925
the twist angle is .. 0.015707963267948967
starting sampling in reciprocal space....
finished sampling in reciprocal space....t= 0.004202365875244141  s
starting sampling in reciprocal space....
finished sampling in reciprocal space....t= 0.004041194915771484  s
starting dispersion ..........
time to diag over MBZ 8.83673882484436
number of bands in density of states calculation, 2
sum of the hist, normed? 8.0
CHEMICAL POTENTIAL AND FILLING 0.0 0.0
starting sampling in reciprocal space....
finished sampling in reciprocal space....t= 0.0039708614349365234  s
(4200,)
the bandwidth is ... 0.0357938772215257
289.51user 7.69system 0:38.24elapsed 777%CPU (0avgtext+0avgdata 3162384maxresident)k
0inputs+184outputs (0major+4598470minor)pagefaults 0swaps
