starting sampling in reciprocal space....
finished sampling in reciprocal space....t= 0.018278121948242188  s
91 numer of sampling lattice points
taking 0 umklapps
hbvf is .. 2.7
q is... 0.08443851903755235
hvkd is... 0.22798400140139136
kappa is.. 1
alpha is.. 0.4605586328627321
the twist angle is .. 0.02015855286053451
starting sampling in reciprocal space....
finished sampling in reciprocal space....t= 0.03875589370727539  s
starting sampling in reciprocal space....
finished sampling in reciprocal space....t= 0.0462038516998291  s
starting dispersion ..........
time to diag over MBZ 254.66768097877502
number of bands in density of states calculation, 2
sum of the hist, normed? 7.999999999999997
CHEMICAL POTENTIAL AND FILLING 0.0 0.0
starting sampling in reciprocal space....
finished sampling in reciprocal space....t= 0.039707183837890625  s
(1680,)
the bandwidth is ... 0.06584983692470477
446.54user 30.64system 9:40.98elapsed 82%CPU (0avgtext+0avgdata 1373168maxresident)k
0inputs+192outputs (0major+2446381minor)pagefaults 0swaps
