starting sampling in reciprocal space....
finished sampling in reciprocal space....t= 0.051758527755737305  s
919 numer of sampling lattice points
taking 0 umklapps
hbvf is .. 2.7
q is... 0.0736920958320925
hvkd is... 0.1989686587466498
kappa is.. 0.75
alpha is.. 0.5277213037541671
the twist angle is .. 0.017592918860102842
phonon params 222552585523716.12
phonon params upsilon 2.7819073190464516e+16
area ratio 0.00030950281102288965 0.00030950281102288895
correct factor by which the interaction is reduced 80.3864220532143
c tilde 1577.510720809999
starting sampling in reciprocal space....
finished sampling in reciprocal space....t= 0.35959815979003906  s
starting sampling in reciprocal space....
finished sampling in reciprocal space....t= 0.361203670501709  s
starting dispersion ..........
time to diag over MBZ 1846.0231816768646
saving  ..........
number of bands in density of states calculation, 2
sum of the hist, normed? 7.999999999999935
CHEMICAL POTENTIAL AND FILLING 0.0 0.0
starting sampling in reciprocal space....
finished sampling in reciprocal space....t= 0.05246376991271973  s
starting sampling in reciprocal space....
finished sampling in reciprocal space....t= 0.05318284034729004  s
starting dispersion ..........
time to diag over MBZ 288.7635531425476
starting sampling in reciprocal space....
finished sampling in reciprocal space....t= 0.052391767501831055  s
(6433, 564, 2) (919, 564, 2) (6433,)
starting sampling in reciprocal space....
finished sampling in reciprocal space....t= 0.05200839042663574  s
(6433, 564, 2) (919, 564, 2) (6433,)
calculating tensor that stores the overlaps........
finsihed the overlaps.......... 15.125097036361694
calculating tensor that stores the overlaps........
finsihed the overlaps.......... 15.32750415802002
calculating tensor that stores the overlaps........
finsihed the overlaps.......... 14.8963942527771
calculating tensor that stores the overlaps........
finsihed the overlaps.......... 2.7411084175109863
calculating tensor that stores the overlaps........
finsihed the overlaps.......... 14.842768430709839
calculating tensor that stores the overlaps........
finsihed the overlaps.......... 2.673719882965088
testing symmetry of the form factors...
plus valley form factor passed the C3 symmetry test with average difference...  2.535132948944365e-15
minus valley form factor passed the C3 symmetry test with average difference...  2.427788818784419e-15
finished testing symmetry of the form factors...
starting bubble....... 919
time for bubble... 29.31172227859497
effective speed of sound down renormalization...$-\Delta c$ 1913.574359067104
residual of the fit... 0.07336123911531177
starting bubble....... 919
time for bubble... 29.475395679473877
effective speed of sound down renormalization...$-\Delta c$ 2065.655906981884
residual of the fit... 0.024213014702348407
starting bubble....... 919
time for bubble... 29.37117290496826
effective speed of sound down renormalization...$-\Delta c$ 2662.4105000263676
residual of the fit... 0.03304878137873622
starting bubble....... 919
time for bubble... 29.477295875549316
effective speed of sound down renormalization...$-\Delta c$ 1835.5009991463116
residual of the fit... 0.012933090885390701
starting bubble....... 919
time for bubble... 29.696601152420044
effective speed of sound down renormalization...$-\Delta c$ 1294.6820252896491
residual of the fit... 0.029522772760866137
starting bubble....... 919
time for bubble... 29.63778853416443
effective speed of sound down renormalization...$-\Delta c$ 801.2811961672024
residual of the fit... 0.050887576048074964
starting bubble....... 919
time for bubble... 29.744369506835938
effective speed of sound down renormalization...$-\Delta c$ 222.36167795712277
residual of the fit... 0.03119534996311529
time for sweep delta 206.7338330745697
