starting sampling in reciprocal space....
finished sampling in reciprocal space....t= 0.05168294906616211  s
919 numer of sampling lattice points
taking 0 umklapps
hbvf is .. 2.7
q is... 0.07676251561000431
hvkd is... 0.20725879214701165
kappa is.. 0.85
alpha is.. 0.5066130074015002
the twist angle is .. 0.01832595714594046
phonon params 524053712277273.6 84.80009352223715 10600.011690279644
starting sampling in reciprocal space....
finished sampling in reciprocal space....t= 0.3675355911254883  s
starting sampling in reciprocal space....
finished sampling in reciprocal space....t= 0.36644434928894043  s
starting dispersion ..........
time to diag over MBZ 1842.0067782402039
saving  ..........
number of bands in density of states calculation, 2
sum of the hist, normed? 7.999999999999951
CHEMICAL POTENTIAL AND FILLING 0.0 0.0
starting sampling in reciprocal space....
finished sampling in reciprocal space....t= 0.05205893516540527  s
starting sampling in reciprocal space....
finished sampling in reciprocal space....t= 0.051610469818115234  s
starting dispersion ..........
time to diag over MBZ 275.7626042366028
starting sampling in reciprocal space....
finished sampling in reciprocal space....t= 0.05201888084411621  s
(6433, 564, 2) (919, 564, 2) (6433,)
starting sampling in reciprocal space....
finished sampling in reciprocal space....t= 0.05136299133300781  s
(6433, 564, 2) (919, 564, 2) (6433,)
calculating tensor that stores the overlaps........
finsihed the overlaps.......... 15.009230613708496
calculating tensor that stores the overlaps........
finsihed the overlaps.......... 15.091114282608032
calculating tensor that stores the overlaps........
finsihed the overlaps.......... 15.107545375823975
calculating tensor that stores the overlaps........
finsihed the overlaps.......... 2.570507764816284
calculating tensor that stores the overlaps........
finsihed the overlaps.......... 15.274931192398071
calculating tensor that stores the overlaps........
finsihed the overlaps.......... 3.2768774032592773
testing symmetry of the form factors...
plus valley form factor passed the C3 symmetry test with average difference...  3.9770569471731135e-15
minus valley form factor passed the C3 symmetry test with average difference...  5.44802676036639e-15
finished testing symmetry of the form factors...
starting bubble....... 919
time for bubble... 29.354490041732788
effective speed of sound down renormalization...$-\Delta c$ 2433.1759645951097
residual of the fit... 0.07089075591771155
starting bubble....... 919
time for bubble... 29.30618643760681
effective speed of sound down renormalization...$-\Delta c$ 2794.6788490271224
residual of the fit... 0.003175386649781947
starting bubble....... 919
time for bubble... 29.279812812805176
effective speed of sound down renormalization...$-\Delta c$ 3202.719509270298
residual of the fit... 0.07154993487508983
starting bubble....... 919
time for bubble... 29.313868045806885
effective speed of sound down renormalization...$-\Delta c$ 2321.273471939583
residual of the fit... 0.0395802886928624
starting bubble....... 919
time for bubble... 29.39728569984436
effective speed of sound down renormalization...$-\Delta c$ 1714.0417007106075
residual of the fit... 0.025782040289908513
starting bubble....... 919
time for bubble... 29.39697813987732
effective speed of sound down renormalization...$-\Delta c$ 1091.2610727474166
residual of the fit... 0.006268020789734717
starting bubble....... 919
time for bubble... 29.310500383377075
effective speed of sound down renormalization...$-\Delta c$ 309.6245974898832
residual of the fit... 0.014067463882048681
time for sweep delta 205.3771457672119
