starting sampling in reciprocal space....
finished sampling in reciprocal space....t= 0.05120396614074707  s
919 numer of sampling lattice points
taking 0 umklapps
hbvf is .. 2.7
q is... 0.08443851903755235
hvkd is... 0.22798400140139136
kappa is.. 0.75
alpha is.. 0.4605586328627321
the twist angle is .. 0.02015855286053451
phonon params 383629010679872.06
phonon params upsilon 4.795362633498401e+16
area ratio 0.00040635349242197795 0.00040635349242197763
correct factor by which the interaction is reduced 70.15570601031008
c tilde 1807.5570728041234
starting sampling in reciprocal space....
finished sampling in reciprocal space....t= 0.5666570663452148  s
starting sampling in reciprocal space....
finished sampling in reciprocal space....t= 0.5692160129547119  s
starting dispersion ..........
time to diag over MBZ 2820.2272300720215
saving  ..........
number of bands in density of states calculation, 2
sum of the hist, normed? 7.999999999999783
CHEMICAL POTENTIAL AND FILLING 0.0 0.0
starting sampling in reciprocal space....
finished sampling in reciprocal space....t= 0.05308890342712402  s
starting sampling in reciprocal space....
finished sampling in reciprocal space....t= 0.05246257781982422  s
starting dispersion ..........
time to diag over MBZ 264.7560317516327
starting sampling in reciprocal space....
finished sampling in reciprocal space....t= 0.052228689193725586  s
(6433, 564, 2) (919, 564, 2) (6433,)
starting sampling in reciprocal space....
finished sampling in reciprocal space....t= 0.05178356170654297  s
(6433, 564, 2) (919, 564, 2) (6433,)
calculating tensor that stores the overlaps........
finsihed the overlaps.......... 15.107143640518188
calculating tensor that stores the overlaps........
finsihed the overlaps.......... 14.97541069984436
calculating tensor that stores the overlaps........
finsihed the overlaps.......... 15.00336241722107
calculating tensor that stores the overlaps........
finsihed the overlaps.......... 2.5237319469451904
calculating tensor that stores the overlaps........
finsihed the overlaps.......... 14.921494245529175
calculating tensor that stores the overlaps........
finsihed the overlaps.......... 2.416874885559082
testing symmetry of the form factors...
plus valley form factor passed the C3 symmetry test with average difference...  1.02543394006437e-15
minus valley form factor passed the C3 symmetry test with average difference...  2.6510771656501628e-15
finished testing symmetry of the form factors...
starting bubble....... 919
time for bubble... 29.37226438522339
effective speed of sound down renormalization...$-\Delta c$ 1231.682888729933
residual of the fit... 0.07574977436651985
starting bubble....... 919
time for bubble... 29.446655750274658
effective speed of sound down renormalization...$-\Delta c$ 1248.2864292511565
residual of the fit... 0.0218640229185057
starting bubble....... 919
time for bubble... 29.36553406715393
effective speed of sound down renormalization...$-\Delta c$ 1261.3486619100179
residual of the fit... 0.023908969843649326
starting bubble....... 919
time for bubble... 29.6068172454834
effective speed of sound down renormalization...$-\Delta c$ 1306.5566179160073
residual of the fit... 0.004787036855488945
starting bubble....... 919
time for bubble... 29.763872385025024
effective speed of sound down renormalization...$-\Delta c$ 1356.7367408732734
residual of the fit... 0.013764782789439056
starting bubble....... 919
time for bubble... 29.68868088722229
effective speed of sound down renormalization...$-\Delta c$ 1382.6227121529405
residual of the fit... 0.03011862483670102
starting bubble....... 919
time for bubble... 29.516419649124146
effective speed of sound down renormalization...$-\Delta c$ 1540.3141989536007
residual of the fit... 0.019594207598005
starting bubble....... 919
time for bubble... 29.497892141342163
effective speed of sound down renormalization...$-\Delta c$ 1621.3923736491317
residual of the fit... 0.016078099849776244
starting bubble....... 919
time for bubble... 29.41484832763672
effective speed of sound down renormalization...$-\Delta c$ 1498.753240019976
residual of the fit... 0.03423552341415343
starting bubble....... 919
time for bubble... 29.489386320114136
effective speed of sound down renormalization...$-\Delta c$ 1334.3376517199931
residual of the fit... 0.023833322672912115
starting bubble....... 919
time for bubble... 29.46304988861084
effective speed of sound down renormalization...$-\Delta c$ 1200.0859241368962
residual of the fit... 0.024809608522674005
starting bubble....... 919
time for bubble... 29.33337163925171
effective speed of sound down renormalization...$-\Delta c$ 1072.6163611154639
residual of the fit... 0.020416536951327408
starting bubble....... 919
time for bubble... 29.467012405395508
effective speed of sound down renormalization...$-\Delta c$ 925.514994515305
residual of the fit... 0.018716942848039396
starting bubble....... 919
time for bubble... 29.595872163772583
effective speed of sound down renormalization...$-\Delta c$ 794.8607273047134
residual of the fit... 0.02722117772147244
starting bubble....... 919
time for bubble... 29.50920343399048
effective speed of sound down renormalization...$-\Delta c$ 727.7603553398576
residual of the fit... 0.04403092741452508
starting bubble....... 919
time for bubble... 29.48826265335083
effective speed of sound down renormalization...$-\Delta c$ 638.8236273478018
residual of the fit... 0.026143662568557373
starting bubble....... 919
time for bubble... 29.601349115371704
effective speed of sound down renormalization...$-\Delta c$ 506.4734068339785
residual of the fit... 0.03602464165756934
starting bubble....... 919
time for bubble... 29.48679542541504
effective speed of sound down renormalization...$-\Delta c$ 402.93942464323703
residual of the fit... 0.03710857990727993
starting bubble....... 919
time for bubble... 29.582768201828003
effective speed of sound down renormalization...$-\Delta c$ 287.92967055740803
residual of the fit... 0.034166466482718504
starting bubble....... 919
time for bubble... 29.53731632232666
effective speed of sound down renormalization...$-\Delta c$ 158.36580154288228
residual of the fit... 0.02868521399316579
time for sweep delta 590.2649080753326
