starting sampling in reciprocal space....
finished sampling in reciprocal space....t= 0.00670623779296875  s
91 numer of sampling lattice points
taking 0 umklapps
hbvf is .. 2.3382685902179845
q is... 0.07164514378828872
hvkd is... 0.16752558936180664
kappa is.. 0.75
alpha is.. 0.6267699185539379
the twist angle is .. 0.017104226669544427
starting sampling in reciprocal space....
finished sampling in reciprocal space....t= 0.0041561126708984375  s
starting sampling in reciprocal space....
finished sampling in reciprocal space....t= 0.004121065139770508  s
starting dispersion ..........
time to diag over MBZ 8.680511236190796
number of bands in density of states calculation, 2
sum of the hist, normed? 8.000000000000007
CHEMICAL POTENTIAL AND FILLING 0.0 0.0
starting sampling in reciprocal space....
finished sampling in reciprocal space....t= 0.0040323734283447266  s
(1680,)
the bandwidth is ... 0.018816410634258318
154.61user 3.74system 0:20.85elapsed 759%CPU (0avgtext+0avgdata 1372496maxresident)k
0inputs+176outputs (0major+2447851minor)pagefaults 0swaps
