starting sampling in reciprocal space....
finished sampling in reciprocal space....t= 0.008004903793334961  s
91 numer of sampling lattice points
taking 0 umklapps
hbvf is .. 2.3382685902179845
q is... 0.07383830652545242
hvkd is... 0.17265379290335303
kappa is.. 0.75
alpha is.. 0.6081534511018601
the twist angle is .. 0.017627825445142728
starting sampling in reciprocal space....
finished sampling in reciprocal space....t= 0.004224061965942383  s
starting sampling in reciprocal space....
finished sampling in reciprocal space....t= 0.004161357879638672  s
starting dispersion ..........
time to diag over MBZ 8.528990030288696
number of bands in density of states calculation, 2
sum of the hist, normed? 8.000000000000005
CHEMICAL POTENTIAL AND FILLING 0.0 0.0
starting sampling in reciprocal space....
finished sampling in reciprocal space....t= 0.004029750823974609  s
(1680,)
the bandwidth is ... 0.01241401027608267
152.62user 4.24system 0:20.67elapsed 758%CPU (0avgtext+0avgdata 1371904maxresident)k
0inputs+168outputs (0major+2446724minor)pagefaults 0swaps
