starting sampling in reciprocal space....
finished sampling in reciprocal space....t= 0.05161094665527344  s
919 numer of sampling lattice points
taking 0 umklapps
hbvf is .. 2.7
q is... 0.0721568822050364
hvkd is... 0.19482358195359828
kappa is.. 0.5
alpha is.. 0.5389491300134712
the twist angle is .. 0.01722639971718403
phonon params 409157056634924.7 95.97082081461686 11996.352601827108
starting sampling in reciprocal space....
finished sampling in reciprocal space....t= 0.36607909202575684  s
starting sampling in reciprocal space....
finished sampling in reciprocal space....t= 0.3662264347076416  s
starting dispersion ..........
time to diag over MBZ 2487.167151927948
saving  ..........
number of bands in density of states calculation, 2
sum of the hist, normed? 8.000000000000016
CHEMICAL POTENTIAL AND FILLING 0.0 0.0
starting sampling in reciprocal space....
finished sampling in reciprocal space....t= 0.05255007743835449  s
starting sampling in reciprocal space....
finished sampling in reciprocal space....t= 0.052236318588256836  s
starting dispersion ..........
time to diag over MBZ 312.73074197769165
starting sampling in reciprocal space....
finished sampling in reciprocal space....t= 0.05180692672729492  s
(6433, 564, 2) (919, 564, 2) (6433,)
starting sampling in reciprocal space....
finished sampling in reciprocal space....t= 0.05152416229248047  s
(6433, 564, 2) (919, 564, 2) (6433,)
calculating tensor that stores the overlaps........
finsihed the overlaps.......... 15.952590942382812
calculating tensor that stores the overlaps........
finsihed the overlaps.......... 19.402639627456665
calculating tensor that stores the overlaps........
finsihed the overlaps.......... 19.309919834136963
calculating tensor that stores the overlaps........
finsihed the overlaps.......... 3.071044445037842
calculating tensor that stores the overlaps........
finsihed the overlaps.......... 26.74410915374756
calculating tensor that stores the overlaps........
finsihed the overlaps.......... 4.837304592132568
testing symmetry of the form factors...
plus valley form factor passed the C3 symmetry test with average difference...  1.6174200859502358e-15
minus valley form factor passed the C3 symmetry test with average difference...  1.3467086996663954e-15
finished testing symmetry of the form factors...
starting bubble....... 919
time for bubble... 29.45440173149109
effective speed of sound down renormalization...$-\Delta c$ 2640.004217944797
residual of the fit... 0.0817137488065979
starting bubble....... 919
time for bubble... 29.529426336288452
effective speed of sound down renormalization...$-\Delta c$ 2813.8400150672524
residual of the fit... 0.03513736041143269
starting bubble....... 919
time for bubble... 29.528072595596313
effective speed of sound down renormalization...$-\Delta c$ 3244.5737159576984
residual of the fit... 0.021526980089408426
starting bubble....... 919
time for bubble... 29.556121587753296
effective speed of sound down renormalization...$-\Delta c$ 2697.655451076185
residual of the fit... 0.010342725335897739
starting bubble....... 919
time for bubble... 29.690118074417114
effective speed of sound down renormalization...$-\Delta c$ 1667.4775943325972
residual of the fit... 0.02440450521473017
starting bubble....... 919
time for bubble... 29.67088294029236
effective speed of sound down renormalization...$-\Delta c$ 1007.8851845784417
residual of the fit... 0.010333174868993987
starting bubble....... 919
time for bubble... 29.556596755981445
effective speed of sound down renormalization...$-\Delta c$ 250.31369722519565
residual of the fit... 0.005862953593663944
time for sweep delta 207.00722289085388
