starting sampling in reciprocal space....
finished sampling in reciprocal space....t= 0.051630496978759766  s
919 numer of sampling lattice points
taking 0 umklapps
hbvf is .. 2.7
q is... 0.0721568822050364
hvkd is... 0.19482358195359828
kappa is.. 0.75
alpha is.. 0.5389491300134712
the twist angle is .. 0.01722639971718403
phonon params 204578528317462.38
phonon params upsilon 2.5572316039682796e+16
area ratio 0.00029674150896559265 0.0002967415089655919
correct factor by which the interaction is reduced 82.09672780361666
c tilde 1544.6467354928657
starting sampling in reciprocal space....
finished sampling in reciprocal space....t= 0.36226534843444824  s
starting sampling in reciprocal space....
finished sampling in reciprocal space....t= 0.3682217597961426  s
starting dispersion ..........
time to diag over MBZ 1833.8615026474
saving  ..........
number of bands in density of states calculation, 2
sum of the hist, normed? 8.000000000000101
CHEMICAL POTENTIAL AND FILLING 0.0 0.0
starting sampling in reciprocal space....
finished sampling in reciprocal space....t= 0.0534365177154541  s
starting sampling in reciprocal space....
finished sampling in reciprocal space....t= 0.052626848220825195  s
starting dispersion ..........
time to diag over MBZ 255.51239013671875
starting sampling in reciprocal space....
finished sampling in reciprocal space....t= 0.05389285087585449  s
(6433, 564, 2) (919, 564, 2) (6433,)
starting sampling in reciprocal space....
finished sampling in reciprocal space....t= 0.05208444595336914  s
(6433, 564, 2) (919, 564, 2) (6433,)
calculating tensor that stores the overlaps........
finsihed the overlaps.......... 15.033684492111206
calculating tensor that stores the overlaps........
finsihed the overlaps.......... 15.110776901245117
calculating tensor that stores the overlaps........
finsihed the overlaps.......... 15.075479507446289
calculating tensor that stores the overlaps........
finsihed the overlaps.......... 2.7298805713653564
calculating tensor that stores the overlaps........
finsihed the overlaps.......... 15.080665588378906
calculating tensor that stores the overlaps........
finsihed the overlaps.......... 2.8917107582092285
testing symmetry of the form factors...
plus valley form factor passed the C3 symmetry test with average difference...  2.2442628545095224e-15
minus valley form factor passed the C3 symmetry test with average difference...  1.965768635882266e-15
finished testing symmetry of the form factors...
starting bubble....... 919
time for bubble... 29.834182024002075
effective speed of sound down renormalization...$-\Delta c$ 2171.6356394054287
residual of the fit... 0.07149502913045198
starting bubble....... 919
time for bubble... 29.623610734939575
effective speed of sound down renormalization...$-\Delta c$ 2388.8382610116814
residual of the fit... 0.04463792277462086
starting bubble....... 919
time for bubble... 29.59617018699646
effective speed of sound down renormalization...$-\Delta c$ 2975.63011723691
residual of the fit... 0.016456777582167532
starting bubble....... 919
time for bubble... 29.56612730026245
effective speed of sound down renormalization...$-\Delta c$ 2105.3112205492225
residual of the fit... 0.01938382531617351
starting bubble....... 919
time for bubble... 29.65632152557373
effective speed of sound down renormalization...$-\Delta c$ 1523.7776391409022
residual of the fit... 0.040374777100070244
starting bubble....... 919
time for bubble... 29.819188833236694
effective speed of sound down renormalization...$-\Delta c$ 996.1972395166255
residual of the fit... 0.00727805543023392
starting bubble....... 919
time for bubble... 29.607005834579468
effective speed of sound down renormalization...$-\Delta c$ 250.12037400220288
residual of the fit... 0.028577963064468335
time for sweep delta 207.7222194671631
