starting sampling in reciprocal space....
finished sampling in reciprocal space....t= 0.05151987075805664  s
919 numer of sampling lattice points
taking 0 umklapps
hbvf is .. 2.7
q is... 0.06601600397918202
hvkd is... 0.17824321074379146
kappa is.. 0.5
alpha is.. 0.5890827457710467
the twist angle is .. 0.015760323145508796
phonon params 286665835177893.8 114.6558619796735 14331.982747459188
starting sampling in reciprocal space....
finished sampling in reciprocal space....t= 0.3626863956451416  s
starting sampling in reciprocal space....
finished sampling in reciprocal space....t= 0.35924792289733887  s
starting dispersion ..........
time to diag over MBZ 5019.451345443726
saving  ..........
number of bands in density of states calculation, 2
sum of the hist, normed? 7.9999999999998925
CHEMICAL POTENTIAL AND FILLING 0.0 0.0
starting sampling in reciprocal space....
finished sampling in reciprocal space....t= 0.0523684024810791  s
starting sampling in reciprocal space....
finished sampling in reciprocal space....t= 0.0523226261138916  s
starting dispersion ..........
time to diag over MBZ 1026.491266965866
starting sampling in reciprocal space....
finished sampling in reciprocal space....t= 0.051575660705566406  s
(6433, 564, 2) (919, 564, 2) (6433,)
starting sampling in reciprocal space....
finished sampling in reciprocal space....t= 0.05278611183166504  s
(6433, 564, 2) (919, 564, 2) (6433,)
calculating tensor that stores the overlaps........
finsihed the overlaps.......... 17.524998664855957
calculating tensor that stores the overlaps........
finsihed the overlaps.......... 18.335526943206787
calculating tensor that stores the overlaps........
finsihed the overlaps.......... 17.25680708885193
calculating tensor that stores the overlaps........
finsihed the overlaps.......... 3.27543044090271
calculating tensor that stores the overlaps........
finsihed the overlaps.......... 18.25434374809265
calculating tensor that stores the overlaps........
finsihed the overlaps.......... 3.8270986080169678
testing symmetry of the form factors...
plus valley form factor passed the C3 symmetry test with average difference...  2.806033842555994e-15
minus valley form factor passed the C3 symmetry test with average difference...  2.5771844419594305e-15
finished testing symmetry of the form factors...
starting bubble....... 919
time for bubble... 29.46645998954773
effective speed of sound down renormalization...$-\Delta c$ 7251.209802759608
residual of the fit... 0.07959107085871811
starting bubble....... 919
time for bubble... 29.526771068572998
effective speed of sound down renormalization...$-\Delta c$ 7506.808737237627
residual of the fit... 0.023958459479780137
starting bubble....... 919
time for bubble... 29.3960063457489
effective speed of sound down renormalization...$-\Delta c$ 8520.551300385185
residual of the fit... 0.02328725236921675
starting bubble....... 919
time for bubble... 29.45932960510254
effective speed of sound down renormalization...$-\Delta c$ 6418.908435399476
residual of the fit... 0.011350886403045414
starting bubble....... 919
time for bubble... 29.439016342163086
effective speed of sound down renormalization...$-\Delta c$ 4498.363704522946
residual of the fit... 0.02901264666752659
starting bubble....... 919
time for bubble... 29.41324758529663
effective speed of sound down renormalization...$-\Delta c$ 2401.376221386254
residual of the fit... 0.008250037593386833
starting bubble....... 919
time for bubble... 29.402601718902588
effective speed of sound down renormalization...$-\Delta c$ 602.4102147121646
residual of the fit... 0.008355757935774333
time for sweep delta 206.126060962677
