starting sampling in reciprocal space....
finished sampling in reciprocal space....t= 0.007889270782470703  s
91 numer of sampling lattice points
taking 0 umklapps
hbvf is .. 2.3382685902179845
q is... 0.0687209191928595
hvkd is... 0.16068796683957162
kappa is.. 0.3
alpha is.. 0.6534403419568459
the twist angle is .. 0.016406094968746697
starting sampling in reciprocal space....
finished sampling in reciprocal space....t= 0.0042722225189208984  s
starting sampling in reciprocal space....
finished sampling in reciprocal space....t= 0.004094600677490234  s
starting dispersion ..........
time to diag over MBZ 8.587441205978394
number of bands in density of states calculation, 2
sum of the hist, normed? 7.9999999999999885
CHEMICAL POTENTIAL AND FILLING 0.0 0.0
starting sampling in reciprocal space....
finished sampling in reciprocal space....t= 0.004040956497192383  s
(1680,)
the bandwidth is ... 0.026980980000201455
155.60user 3.95system 0:21.07elapsed 757%CPU (0avgtext+0avgdata 1374128maxresident)k
0inputs+216outputs (0major+2447301minor)pagefaults 0swaps
