starting sampling in reciprocal space....
finished sampling in reciprocal space....t= 0.007794380187988281  s
91 numer of sampling lattice points
taking 0 umklapps
hbvf is .. 2.3382685902179845
q is... 0.07018303255952259
hvkd is... 0.16410678060017778
kappa is.. 0.75
alpha is.. 0.6398273100964498
the twist angle is .. 0.016755160819145562
starting sampling in reciprocal space....
finished sampling in reciprocal space....t= 0.005638837814331055  s
starting sampling in reciprocal space....
finished sampling in reciprocal space....t= 0.004106760025024414  s
starting dispersion ..........
time to diag over MBZ 8.480056762695312
number of bands in density of states calculation, 2
sum of the hist, normed? 8.000000000000012
CHEMICAL POTENTIAL AND FILLING 0.0 0.0
starting sampling in reciprocal space....
finished sampling in reciprocal space....t= 0.00402069091796875  s
(1680,)
the bandwidth is ... 0.022869334550215812
152.23user 3.75system 0:20.54elapsed 759%CPU (0avgtext+0avgdata 1373360maxresident)k
0inputs+184outputs (0major+2447316minor)pagefaults 0swaps
