starting sampling in reciprocal space....
finished sampling in reciprocal space....t= 0.05159735679626465  s
919 numer of sampling lattice points
taking 0 umklapps
hbvf is .. 2.3382685902179845
q is... 0.07603146420181812
hvkd is... 0.1777819846113944
kappa is.. 0.75
alpha is.. 0.590611024112003
the twist angle is .. 0.01815142422074103
phonon params 252186844670159.72
phonon params upsilon 3.1523355583769964e+16
area ratio 0.00032946515523654533 0.0003294651552365451
correct factor by which the interaction is reduced 77.91305849141908
c tilde 1627.5890723821215
starting sampling in reciprocal space....
finished sampling in reciprocal space....t= 0.5632762908935547  s
starting sampling in reciprocal space....
finished sampling in reciprocal space....t= 0.56435227394104  s
starting dispersion ..........
time to diag over MBZ 2878.991993665695
saving  ..........
number of bands in density of states calculation, 2
sum of the hist, normed? 8.000000000000133
CHEMICAL POTENTIAL AND FILLING 0.0 0.0
starting sampling in reciprocal space....
finished sampling in reciprocal space....t= 0.05333089828491211  s
starting sampling in reciprocal space....
finished sampling in reciprocal space....t= 0.05333352088928223  s
starting dispersion ..........
time to diag over MBZ 265.32372403144836
starting sampling in reciprocal space....
finished sampling in reciprocal space....t= 0.05253291130065918  s
(6433, 564, 2) (919, 564, 2) (6433,)
starting sampling in reciprocal space....
finished sampling in reciprocal space....t= 0.0522918701171875  s
(6433, 564, 2) (919, 564, 2) (6433,)
calculating tensor that stores the overlaps........
finsihed the overlaps.......... 14.969934940338135
calculating tensor that stores the overlaps........
finsihed the overlaps.......... 2.4641308784484863
calculating tensor that stores the overlaps........
finsihed the overlaps.......... 14.606026649475098
calculating tensor that stores the overlaps........
finsihed the overlaps.......... 1.875459909439087
testing symmetry of the form factors...
plus valley form factor passed the C3 symmetry test with average difference...  4.560817505415253e-15
minus valley form factor passed the C3 symmetry test with average difference...  4.988573061223762e-15
finished testing symmetry of the form factors...
starting bubble....... 919
time for bubble... 29.549112558364868
effective speed of sound down renormalization...$-\Delta c$ 6281.813635191722
residual of the fit... 0.05537956567838491
starting bubble....... 919
time for bubble... 29.889114141464233
effective speed of sound down renormalization...$-\Delta c$ 6323.224918532125
residual of the fit... 0.018722591048189352
starting bubble....... 919
time for bubble... 29.961530447006226
effective speed of sound down renormalization...$-\Delta c$ 6636.201983617018
residual of the fit... 0.012540979117369101
starting bubble....... 919
time for bubble... 29.95456314086914
effective speed of sound down renormalization...$-\Delta c$ 7038.209658221367
residual of the fit... 0.03125435973472606
starting bubble....... 919
time for bubble... 30.007548332214355
effective speed of sound down renormalization...$-\Delta c$ 7635.997453242855
residual of the fit... 0.02420887491440939
starting bubble....... 919
time for bubble... 29.91240644454956
effective speed of sound down renormalization...$-\Delta c$ 7511.683944578464
residual of the fit... 0.029509053005968913
starting bubble....... 919
time for bubble... 29.966259717941284
effective speed of sound down renormalization...$-\Delta c$ 7019.388026855316
residual of the fit... 0.05925536499307021
starting bubble....... 919
time for bubble... 29.885992527008057
effective speed of sound down renormalization...$-\Delta c$ 6300.495725813707
residual of the fit... 0.004406793371047575
starting bubble....... 919
time for bubble... 29.893733739852905
effective speed of sound down renormalization...$-\Delta c$ 5822.273436238575
residual of the fit... 0.027874235418108
starting bubble....... 919
time for bubble... 29.929094076156616
effective speed of sound down renormalization...$-\Delta c$ 5163.4562303674975
residual of the fit... 0.011795854129914764
starting bubble....... 919
time for bubble... 29.938300371170044
effective speed of sound down renormalization...$-\Delta c$ 4705.529288874467
residual of the fit... 0.0029201614521
starting bubble....... 919
time for bubble... 29.96141242980957
effective speed of sound down renormalization...$-\Delta c$ 4198.971843453008
residual of the fit... 0.01996758932011392
starting bubble....... 919
time for bubble... 29.980083227157593
effective speed of sound down renormalization...$-\Delta c$ 3818.9430137929176
residual of the fit... 0.013769614837173287
starting bubble....... 919
time for bubble... 29.986509084701538
effective speed of sound down renormalization...$-\Delta c$ 3238.37714526402
residual of the fit... 0.0290116533771059
starting bubble....... 919
time for bubble... 29.955098628997803
effective speed of sound down renormalization...$-\Delta c$ 2845.204173148484
residual of the fit... 0.03883191769713506
starting bubble....... 919
time for bubble... 29.850261449813843
effective speed of sound down renormalization...$-\Delta c$ 2234.9337475734546
residual of the fit... 0.03938098553861929
starting bubble....... 919
time for bubble... 29.953450202941895
effective speed of sound down renormalization...$-\Delta c$ 2068.706347967526
residual of the fit... 0.10947679302681666
starting bubble....... 919
time for bubble... 29.921165704727173
effective speed of sound down renormalization...$-\Delta c$ 1367.3961563176867
residual of the fit... 0.06839132412693254
starting bubble....... 919
time for bubble... 29.860764980316162
effective speed of sound down renormalization...$-\Delta c$ 1068.8314228981574
residual of the fit... 0.08646247645415023
starting bubble....... 919
time for bubble... 29.820677518844604
effective speed of sound down renormalization...$-\Delta c$ 410.96671998992167
residual of the fit... 0.21751114691844337
time for sweep delta 598.2180225849152
