starting sampling in reciprocal space....
finished sampling in reciprocal space....t= 0.007451534271240234  s
91 numer of sampling lattice points
taking 0 umklapps
hbvf is .. 2.3382685902179845
q is... 0.07676251561000431
hvkd is... 0.17949137915699082
kappa is.. 0.75
alpha is.. 0.5849863123964439
the twist angle is .. 0.01832595714594046
starting sampling in reciprocal space....
finished sampling in reciprocal space....t= 0.004345893859863281  s
starting sampling in reciprocal space....
finished sampling in reciprocal space....t= 0.004309415817260742  s
starting dispersion ..........
time to diag over MBZ 8.88573694229126
number of bands in density of states calculation, 2
sum of the hist, normed? 8.000000000000005
CHEMICAL POTENTIAL AND FILLING 0.0 0.0
starting sampling in reciprocal space....
finished sampling in reciprocal space....t= 0.00421905517578125  s
(240,)
the bandwidth is ... 0.0033426769845892714
155.86user 4.09system 0:21.16elapsed 755%CPU (0avgtext+0avgdata 1373592maxresident)k
0inputs+192outputs (0major+2446870minor)pagefaults 0swaps
