starting sampling in reciprocal space....
finished sampling in reciprocal space....t= 0.05154609680175781  s
919 numer of sampling lattice points
taking 0 umklapps
hbvf is .. 2.3382685902179845
q is... 0.08407299662136936
hvkd is... 0.1965852472852507
kappa is.. 0.3
alpha is.. 0.5341194288483003
the twist angle is .. 0.020071286397934786
phonon params 377029316227960.75
phonon params upsilon 4.7128664528495096e+16
area ratio 0.00040284301340037375 0.00040284301340037256
correct factor by which the interaction is reduced 70.46072051199857
c tilde 1799.7324136773293
starting sampling in reciprocal space....
finished sampling in reciprocal space....t= 0.5670828819274902  s
starting sampling in reciprocal space....
finished sampling in reciprocal space....t= 0.5675532817840576  s
starting dispersion ..........
time to diag over MBZ 2986.205540418625
saving  ..........
number of bands in density of states calculation, 2
sum of the hist, normed? 8.000000000000032
CHEMICAL POTENTIAL AND FILLING 0.0 0.0
starting sampling in reciprocal space....
finished sampling in reciprocal space....t= 0.05379962921142578  s
starting sampling in reciprocal space....
finished sampling in reciprocal space....t= 0.05369067192077637  s
starting dispersion ..........
time to diag over MBZ 262.3502609729767
starting sampling in reciprocal space....
finished sampling in reciprocal space....t= 0.05277371406555176  s
(6433, 564, 2) (919, 564, 2) (6433,)
starting sampling in reciprocal space....
finished sampling in reciprocal space....t= 0.05219459533691406  s
(6433, 564, 2) (919, 564, 2) (6433,)
calculating tensor that stores the overlaps........
finsihed the overlaps.......... 15.01785397529602
calculating tensor that stores the overlaps........
finsihed the overlaps.......... 2.6661622524261475
calculating tensor that stores the overlaps........
finsihed the overlaps.......... 15.065116167068481
calculating tensor that stores the overlaps........
finsihed the overlaps.......... 2.3070015907287598
testing symmetry of the form factors...
plus valley form factor passed the C3 symmetry test with average difference...  4.65402004578804e-15
minus valley form factor passed the C3 symmetry test with average difference...  4.853028377032024e-15
finished testing symmetry of the form factors...
starting bubble....... 919
time for bubble... 29.22290802001953
effective speed of sound down renormalization...$-\Delta c$ 1979.3554784283278
residual of the fit... 0.06955787268426401
starting bubble....... 919
time for bubble... 29.34395956993103
effective speed of sound down renormalization...$-\Delta c$ 1993.2148955696023
residual of the fit... 0.00030879970132944245
starting bubble....... 919
time for bubble... 29.4000461101532
effective speed of sound down renormalization...$-\Delta c$ 1970.6287095769242
residual of the fit... 0.021701218889808555
starting bubble....... 919
time for bubble... 29.488261461257935
effective speed of sound down renormalization...$-\Delta c$ 2018.5440792594973
residual of the fit... 0.019366101296511406
starting bubble....... 919
time for bubble... 29.70490050315857
effective speed of sound down renormalization...$-\Delta c$ 2031.409793509117
residual of the fit... 0.002449574194123303
starting bubble....... 919
time for bubble... 29.836257934570312
effective speed of sound down renormalization...$-\Delta c$ 2082.9173786848723
residual of the fit... 0.0059153466111757196
starting bubble....... 919
time for bubble... 29.796435117721558
effective speed of sound down renormalization...$-\Delta c$ 2194.040241403707
residual of the fit... 0.03183241358620969
starting bubble....... 919
time for bubble... 29.821494102478027
effective speed of sound down renormalization...$-\Delta c$ 2380.946411643441
residual of the fit... 0.031089234685324665
starting bubble....... 919
time for bubble... 29.80616307258606
effective speed of sound down renormalization...$-\Delta c$ 2429.1637941075055
residual of the fit... 0.022355335546399676
starting bubble....... 919
time for bubble... 29.663055419921875
effective speed of sound down renormalization...$-\Delta c$ 2090.92641394081
residual of the fit... 0.04694829321348006
starting bubble....... 919
time for bubble... 29.862227201461792
effective speed of sound down renormalization...$-\Delta c$ 1761.7792764349965
residual of the fit... 0.030263863550468333
starting bubble....... 919
time for bubble... 29.64209747314453
effective speed of sound down renormalization...$-\Delta c$ 1607.1617923164797
residual of the fit... 0.03200519556107488
starting bubble....... 919
time for bubble... 29.81505513191223
effective speed of sound down renormalization...$-\Delta c$ 1411.818086196919
residual of the fit... 0.02965571812801594
starting bubble....... 919
time for bubble... 29.676089763641357
effective speed of sound down renormalization...$-\Delta c$ 1183.716954511433
residual of the fit... 0.017412838018599427
starting bubble....... 919
time for bubble... 29.687077283859253
effective speed of sound down renormalization...$-\Delta c$ 997.9252098240974
residual of the fit... 0.06135258807389163
starting bubble....... 919
time for bubble... 29.763948917388916
effective speed of sound down renormalization...$-\Delta c$ 775.8497493464903
residual of the fit... 0.11939695606525252
starting bubble....... 919
time for bubble... 29.72009539604187
effective speed of sound down renormalization...$-\Delta c$ 718.7853878833185
residual of the fit... 0.1479748893809779
starting bubble....... 919
time for bubble... 29.87808585166931
effective speed of sound down renormalization...$-\Delta c$ 539.1286956139693
residual of the fit... 0.16466197188311568
starting bubble....... 919
time for bubble... 29.78247570991516
effective speed of sound down renormalization...$-\Delta c$ 295.27784966196054
residual of the fit... 0.3078267164219912
starting bubble....... 919
time for bubble... 29.80399513244629
effective speed of sound down renormalization...$-\Delta c$ 147.07697185896743
residual of the fit... 0.11571486264460024
time for sweep delta 593.7557244300842
