starting sampling in reciprocal space....
finished sampling in reciprocal space....t= 0.005175590515136719  s
91 numer of sampling lattice points
taking 0 umklapps
hbvf is .. 2.7
q is... 0.061410321849931414
hvkd is... 0.16580786899481484
kappa is.. 0.75
alpha is.. 0.6332630690964587
the twist angle is .. 0.014660765716752368
starting sampling in reciprocal space....
finished sampling in reciprocal space....t= 0.017970800399780273  s
starting sampling in reciprocal space....
finished sampling in reciprocal space....t= 0.021900415420532227  s
starting dispersion ..........
time to diag over MBZ 80.6589777469635
number of bands in density of states calculation, 2
sum of the hist, normed? 7.999999999999995
CHEMICAL POTENTIAL AND FILLING 0.0 0.0
starting sampling in reciprocal space....
finished sampling in reciprocal space....t= 0.00506281852722168  s
(1680,)
the bandwidth is ... 0.02087543980068931
395.91user 25.31system 2:55.60elapsed 239%CPU (0avgtext+0avgdata 1373316maxresident)k
0inputs+200outputs (0major+2446904minor)pagefaults 0swaps
