starting sampling in reciprocal space....
finished sampling in reciprocal space....t= 0.009545326232910156  s
91 numer of sampling lattice points
taking 0 umklapps
hbvf is .. 2.3382685902179845
q is... 0.07968671534127658
hvkd is... 0.18632894354014862
kappa is.. 0.75
alpha is.. 0.5635195370351868
the twist angle is .. 0.01902408884673819
starting sampling in reciprocal space....
finished sampling in reciprocal space....t= 0.004218578338623047  s
starting sampling in reciprocal space....
finished sampling in reciprocal space....t= 0.0042726993560791016  s
starting dispersion ..........
time to diag over MBZ 8.472522258758545
number of bands in density of states calculation, 2
sum of the hist, normed? 8.000000000000016
CHEMICAL POTENTIAL AND FILLING 0.0 0.0
starting sampling in reciprocal space....
finished sampling in reciprocal space....t= 0.004084587097167969  s
(1680,)
the bandwidth is ... 0.006256827684803911
152.64user 3.59system 0:20.59elapsed 758%CPU (0avgtext+0avgdata 1372868maxresident)k
0inputs+160outputs (0major+2446675minor)pagefaults 0swaps
