starting sampling in reciprocal space....
finished sampling in reciprocal space....t= 0.006756782531738281  s
91 numer of sampling lattice points
taking 0 umklapps
hbvf is .. 2.3382685902179845
q is... 0.07749356643361043
hvkd is... 0.18120077233568196
kappa is.. 0.3
alpha is.. 0.5794677287880602
the twist angle is .. 0.018500490071139894
starting sampling in reciprocal space....
finished sampling in reciprocal space....t= 0.0042188167572021484  s
starting sampling in reciprocal space....
finished sampling in reciprocal space....t= 0.0042002201080322266  s
starting dispersion ..........
time to diag over MBZ 8.434241771697998
number of bands in density of states calculation, 2
sum of the hist, normed? 8.00000000000001
CHEMICAL POTENTIAL AND FILLING 0.0 0.0
starting sampling in reciprocal space....
finished sampling in reciprocal space....t= 0.0041158199310302734  s
(1680,)
the bandwidth is ... 0.0023125217494067243
157.35user 4.08system 0:21.34elapsed 756%CPU (0avgtext+0avgdata 1373196maxresident)k
0inputs+160outputs (0major+2446547minor)pagefaults 0swaps
