starting sampling in reciprocal space....
finished sampling in reciprocal space....t= 0.00787806510925293  s
91 numer of sampling lattice points
taking 0 umklapps
hbvf is .. 2.3382685902179845
q is... 0.07530041221461896
hvkd is... 0.17607258871191017
kappa is.. 0.75
alpha is.. 0.5963449550446545
the twist angle is .. 0.017976891295541593
starting sampling in reciprocal space....
finished sampling in reciprocal space....t= 0.00421142578125  s
starting sampling in reciprocal space....
finished sampling in reciprocal space....t= 0.004164457321166992  s
starting dispersion ..........
time to diag over MBZ 8.675143480300903
number of bands in density of states calculation, 2
sum of the hist, normed? 7.999999999999992
CHEMICAL POTENTIAL AND FILLING 0.0 0.0
starting sampling in reciprocal space....
finished sampling in reciprocal space....t= 0.004079341888427734  s
(1680,)
the bandwidth is ... 0.007949720065848253
156.15user 3.76system 0:21.06elapsed 759%CPU (0avgtext+0avgdata 1371876maxresident)k
0inputs+176outputs (0major+2447354minor)pagefaults 0swaps
