starting sampling in reciprocal space....
finished sampling in reciprocal space....t= 0.0048656463623046875  s
91 numer of sampling lattice points
taking 0 umklapps
hbvf is .. 2.7
q is... 0.08136812581299324
hvkd is... 0.21969393969508177
kappa is.. 1
alpha is.. 0.47793762607075957
the twist angle is .. 0.019425514574696892
starting sampling in reciprocal space....
finished sampling in reciprocal space....t= 0.054486989974975586  s
starting sampling in reciprocal space....
finished sampling in reciprocal space....t= 0.023723363876342773  s
starting dispersion ..........
time to diag over MBZ 254.87748456001282
number of bands in density of states calculation, 2
sum of the hist, normed? 8.000000000000004
CHEMICAL POTENTIAL AND FILLING 0.0 0.0
starting sampling in reciprocal space....
finished sampling in reciprocal space....t= 0.06804728507995605  s
(1680,)
the bandwidth is ... 0.052195414951177084
443.56user 30.26system 9:42.73elapsed 81%CPU (0avgtext+0avgdata 1373224maxresident)k
0inputs+192outputs (0major+2447886minor)pagefaults 0swaps
