starting sampling in reciprocal space....
finished sampling in reciprocal space....t= 0.007192134857177734  s
91 numer of sampling lattice points
taking 0 umklapps
hbvf is .. 2.3382685902179845
q is... 0.08334195130950957
hvkd is... 0.19487586699450285
kappa is.. 0.75
alpha is.. 0.5388045303883723
the twist angle is .. 0.019896753472735354
starting sampling in reciprocal space....
finished sampling in reciprocal space....t= 0.004407405853271484  s
starting sampling in reciprocal space....
finished sampling in reciprocal space....t= 0.00426173210144043  s
starting dispersion ..........
time to diag over MBZ 9.170788526535034
number of bands in density of states calculation, 2
sum of the hist, normed? 7.99999999999999
CHEMICAL POTENTIAL AND FILLING 0.0 0.0
starting sampling in reciprocal space....
finished sampling in reciprocal space....t= 0.004149198532104492  s
(1680,)
the bandwidth is ... 0.01888302474808859
164.26user 4.36system 0:22.34elapsed 754%CPU (0avgtext+0avgdata 1373760maxresident)k
0inputs+224outputs (0major+2448108minor)pagefaults 0swaps
