starting sampling in reciprocal space....
finished sampling in reciprocal space....t= 0.008017301559448242  s
91 numer of sampling lattice points
taking 0 umklapps
hbvf is .. 2.3382685902179845
q is... 0.07603146420181812
hvkd is... 0.1777819846113944
kappa is.. 0.3
alpha is.. 0.590611024112003
the twist angle is .. 0.01815142422074103
starting sampling in reciprocal space....
finished sampling in reciprocal space....t= 0.004263162612915039  s
starting sampling in reciprocal space....
finished sampling in reciprocal space....t= 0.0041866302490234375  s
starting dispersion ..........
time to diag over MBZ 8.64295220375061
number of bands in density of states calculation, 2
sum of the hist, normed? 7.999999999999991
CHEMICAL POTENTIAL AND FILLING 0.0 0.0
starting sampling in reciprocal space....
finished sampling in reciprocal space....t= 0.004032611846923828  s
(4200,)
the bandwidth is ... 0.00281985247086812
278.84user 7.45system 0:36.88elapsed 776%CPU (0avgtext+0avgdata 3162992maxresident)k
0inputs+160outputs (0major+4596960minor)pagefaults 0swaps
