starting sampling in reciprocal space....
finished sampling in reciprocal space....t= 0.008113384246826172  s
91 numer of sampling lattice points
taking 0 umklapps
hbvf is .. 2.3382685902179845
q is... 0.07676251561000431
hvkd is... 0.17949137915699082
kappa is.. 0.3
alpha is.. 0.5849863123964439
the twist angle is .. 0.01832595714594046
starting sampling in reciprocal space....
finished sampling in reciprocal space....t= 0.004247426986694336  s
starting sampling in reciprocal space....
finished sampling in reciprocal space....t= 0.00428009033203125  s
starting dispersion ..........
time to diag over MBZ 8.617826700210571
number of bands in density of states calculation, 2
sum of the hist, normed? 8.000000000000002
CHEMICAL POTENTIAL AND FILLING 0.0 0.0
starting sampling in reciprocal space....
finished sampling in reciprocal space....t= 0.004034757614135742  s
(4200,)
the bandwidth is ... 0.0002645885219768042
275.68user 7.00system 0:36.41elapsed 776%CPU (0avgtext+0avgdata 3162224maxresident)k
0inputs+152outputs (0major+4596918minor)pagefaults 0swaps
