starting sampling in reciprocal space....
starting sampling in reciprocal space....
finished sampling in reciprocal space....t= 0.03867530822753906  s
919 numer of sampling lattice points
taking 0 umklapps
hbvf is .. 2.1354
q is... 0.07829772165774282
hvkd is... 0.16719695482794403
kappa is.. 0.8174358974358973
alpha is.. 0.583144591959426
the twist angle is .. 0.01869247628885927
phonon params 567251308986592.2 81.50729469745023 10188.411837181278
finished sampling in reciprocal space....t= 0.03778338432312012  s
919 numer of sampling lattice points
taking 0 umklapps
hbvf is .. 2.1354
q is... 0.07829772165774282
hvkd is... 0.16719695482794403
kappa is.. 0.8174358974358973
alpha is.. 0.583144591959426
the twist angle is .. 0.01869247628885927
phonon params 567251308986592.2 81.50729469745023 10188.411837181278
starting sampling in reciprocal space....
starting sampling in reciprocal space....
finished sampling in reciprocal space....t= 0.09289932250976562  s
starting sampling in reciprocal space....
finished sampling in reciprocal space....t= 0.09288549423217773  s
starting sampling in reciprocal space....
finished sampling in reciprocal space....t= 0.09319734573364258  s
starting dispersion ..........
finished sampling in reciprocal space....t= 0.09244847297668457  s
starting dispersion ..........
time to diag over MBZ 128.84253597259521
saving  ..........
number of bands in density of states calculation, 2
sum of the hist, normed? 7.999999999999967
CHEMICAL POTENTIAL AND FILLING 0.0 0.0
starting sampling in reciprocal space....
finished sampling in reciprocal space....t= 0.02773571014404297  s
starting sampling in reciprocal space....
finished sampling in reciprocal space....t= 0.02730536460876465  s
starting dispersion ..........
time to diag over MBZ 140.92225766181946
saving  ..........
number of bands in density of states calculation, 2
sum of the hist, normed? 7.999999999999967
CHEMICAL POTENTIAL AND FILLING 0.0 0.0
starting sampling in reciprocal space....
finished sampling in reciprocal space....t= 0.027938365936279297  s
starting sampling in reciprocal space....
finished sampling in reciprocal space....t= 0.027396202087402344  s
starting dispersion ..........
time to diag over MBZ 59.086886405944824
starting sampling in reciprocal space....
finished sampling in reciprocal space....t= 0.02763962745666504  s
(6433, 564, 2) (919, 564, 2) (6433,)
starting sampling in reciprocal space....
finished sampling in reciprocal space....t= 0.046582937240600586  s
(6433, 564, 2) (919, 564, 2) (6433,)
calculating tensor that stores the overlaps........
finsihed the overlaps.......... 4.5202391147613525
time to diag over MBZ 60.19128656387329
starting sampling in reciprocal space....
finished sampling in reciprocal space....t= 0.027453184127807617  s
calculating tensor that stores the overlaps........
(6433, 564, 2) (919, 564, 2) (6433,)
starting sampling in reciprocal space....
finished sampling in reciprocal space....t= 0.046408653259277344  s
finsihed the overlaps.......... 3.9810068607330322
calculating tensor that stores the overlaps........
(6433, 564, 2) (919, 564, 2) (6433,)
calculating tensor that stores the overlaps........
finsihed the overlaps.......... 3.9594180583953857
calculating tensor that stores the overlaps........
finsihed the overlaps.......... 1.674914836883545
finsihed the overlaps.......... 4.270860433578491
calculating tensor that stores the overlaps........
finsihed the overlaps.......... 1.7068305015563965
calculating tensor that stores the overlaps........
calculating tensor that stores the overlaps........
finsihed the overlaps.......... 4.040563106536865
calculating tensor that stores the overlaps........
finsihed the overlaps.......... 1.6968843936920166
finsihed the overlaps.......... 4.460808515548706
calculating tensor that stores the overlaps........
finsihed the overlaps.......... 1.7250473499298096
testing symmetry of the form factors...
plus valley form factor passed the C3 symmetry test with average difference...  9.05060215214345e-15
minus valley form factor passed the C3 symmetry test with average difference...  1.3099072557965694e-14
finished testing symmetry of the form factors...
starting bubble....... 919
testing symmetry of the form factors...
plus valley form factor passed the C3 symmetry test with average difference...  8.62584853482136e-15
minus valley form factor passed the C3 symmetry test with average difference...  1.1761685500783293e-14
finished testing symmetry of the form factors...
starting bubble....... 919
time for bubble... 23.321778059005737
effective speed of sound down renormalization...$-\Delta c$ 21323.85373163619
residual of the fit... 0.0301356080441121
starting bubble....... 919
time for bubble... 23.191991806030273
effective speed of sound down renormalization...$-\Delta c$ 21928.749759597486
residual of the fit... 0.029317559076176926
starting bubble....... 919
time for bubble... 23.219398021697998
effective speed of sound down renormalization...$-\Delta c$ 21472.381644800294
residual of the fit... 0.02191444684437133
starting bubble....... 919
time for bubble... 23.137281894683838
effective speed of sound down renormalization...$-\Delta c$ 21860.75022157389
residual of the fit... 0.01708485980913048
starting bubble....... 919
time for bubble... 23.226851224899292
effective speed of sound down renormalization...$-\Delta c$ 18651.811243979013
residual of the fit... 0.009879278064833026
starting bubble....... 919
time for bubble... 23.161322355270386
effective speed of sound down renormalization...$-\Delta c$ 18583.100480590638
residual of the fit... 0.008200004420429771
starting bubble....... 919
time for bubble... 23.371059894561768
effective speed of sound down renormalization...$-\Delta c$ 15360.26451941923
residual of the fit... 0.005051512167744123
starting bubble....... 919
time for bubble... 23.231939792633057
effective speed of sound down renormalization...$-\Delta c$ 15417.889897329043
residual of the fit... 0.01483333113376095
starting bubble....... 919
time for bubble... 23.41142964363098
effective speed of sound down renormalization...$-\Delta c$ 13157.19479193662
residual of the fit... 0.03836510790602251
starting bubble....... 919
time for bubble... 23.24152135848999
effective speed of sound down renormalization...$-\Delta c$ 12915.38071596738
residual of the fit... 0.03137051854372836
starting bubble....... 919
time for bubble... 23.335545539855957
effective speed of sound down renormalization...$-\Delta c$ 5760.062318786902
residual of the fit... 0.04352032985228601
starting bubble....... 919
time for bubble... 23.231754779815674
effective speed of sound down renormalization...$-\Delta c$ 5867.657871014781
residual of the fit... 0.04329180635976012
starting bubble....... 919
time for bubble... 23.355358600616455
effective speed of sound down renormalization...$-\Delta c$ 1037.071246949063
residual of the fit... 0.053551039553340334
time for sweep delta 163.25269031524658
6843.70user 176.68system 6:38.02elapsed 1763%CPU (0avgtext+0avgdata 24913212maxresident)k
0inputs+1256outputs (66major+27272442minor)pagefaults 0swaps
time for bubble... 23.215068578720093
effective speed of sound down renormalization...$-\Delta c$ 961.9479014603354
residual of the fit... 0.09671288130929295
time for sweep delta 162.42272067070007
6973.45user 189.99system 6:42.05elapsed 1781%CPU (0avgtext+0avgdata 19739720maxresident)k
0inputs+1216outputs (62major+28855353minor)pagefaults 0swaps
