starting sampling in reciprocal space....
finished sampling in reciprocal space....t= 0.0514674186706543  s
919 numer of sampling lattice points
taking 0 umklapps
hbvf is .. 2.7
q is... 0.06908644773251756
hvkd is... 0.1865334088777974
kappa is.. 0.5
alpha is.. 0.5629018449386086
the twist angle is .. 0.016493361431346415
phonon params 343835297297344.44 104.69091678831359 13086.364598539198
starting sampling in reciprocal space....
finished sampling in reciprocal space....t= 0.36249613761901855  s
starting sampling in reciprocal space....
finished sampling in reciprocal space....t= 0.36214470863342285  s
starting dispersion ..........
time to diag over MBZ 6558.887869358063
saving  ..........
number of bands in density of states calculation, 2
sum of the hist, normed? 7.999999999999961
CHEMICAL POTENTIAL AND FILLING 0.0 0.0
starting sampling in reciprocal space....
finished sampling in reciprocal space....t= 0.05252575874328613  s
starting sampling in reciprocal space....
finished sampling in reciprocal space....t= 0.05337095260620117  s
starting dispersion ..........
time to diag over MBZ 430.9359529018402
starting sampling in reciprocal space....
finished sampling in reciprocal space....t= 0.05184602737426758  s
(6433, 564, 2) (919, 564, 2) (6433,)
starting sampling in reciprocal space....
finished sampling in reciprocal space....t= 0.05200457572937012  s
(6433, 564, 2) (919, 564, 2) (6433,)
calculating tensor that stores the overlaps........
finsihed the overlaps.......... 19.85291600227356
calculating tensor that stores the overlaps........
finsihed the overlaps.......... 20.390456438064575
calculating tensor that stores the overlaps........
finsihed the overlaps.......... 19.506511688232422
calculating tensor that stores the overlaps........
finsihed the overlaps.......... 3.4692938327789307
calculating tensor that stores the overlaps........
finsihed the overlaps.......... 19.710925102233887
calculating tensor that stores the overlaps........
finsihed the overlaps.......... 3.122983694076538
testing symmetry of the form factors...
plus valley form factor passed the C3 symmetry test with average difference...  6.846050274423272e-15
minus valley form factor passed the C3 symmetry test with average difference...  6.764102059102251e-15
finished testing symmetry of the form factors...
starting bubble....... 919
time for bubble... 29.39361000061035
effective speed of sound down renormalization...$-\Delta c$ 3891.621292293803
residual of the fit... 0.08083374678581658
starting bubble....... 919
time for bubble... 29.706024646759033
effective speed of sound down renormalization...$-\Delta c$ 4121.600242323644
residual of the fit... 0.009417149420889307
starting bubble....... 919
time for bubble... 29.764527082443237
effective speed of sound down renormalization...$-\Delta c$ 4712.177034465498
residual of the fit... 0.005405857563931491
starting bubble....... 919
time for bubble... 29.54215955734253
effective speed of sound down renormalization...$-\Delta c$ 4162.888350456851
residual of the fit... 0.022604395600393793
starting bubble....... 919
time for bubble... 29.627413034439087
effective speed of sound down renormalization...$-\Delta c$ 2554.473687381373
residual of the fit... 0.061547232173727436
starting bubble....... 919
time for bubble... 29.63970923423767
effective speed of sound down renormalization...$-\Delta c$ 1521.7971979527822
residual of the fit... 0.018984653426682933
starting bubble....... 919
time for bubble... 29.486291885375977
effective speed of sound down renormalization...$-\Delta c$ 366.67123858078264
residual of the fit... 0.012934353247773592
time for sweep delta 207.1819519996643
