starting sampling in reciprocal space....
finished sampling in reciprocal space....t= 0.0049591064453125  s
91 numer of sampling lattice points
taking 0 umklapps
hbvf is .. 2.7
q is... 0.08290332381738826
hvkd is... 0.2238389743069483
kappa is.. 1
alpha is.. 0.4690872102371881
the twist angle is .. 0.0197920337176157
starting sampling in reciprocal space....
finished sampling in reciprocal space....t= 0.04635500907897949  s
starting sampling in reciprocal space....
finished sampling in reciprocal space....t= 0.04319047927856445  s
starting dispersion ..........
time to diag over MBZ 255.94883370399475
number of bands in density of states calculation, 2
sum of the hist, normed? 7.999999999999991
CHEMICAL POTENTIAL AND FILLING 0.0 0.0
starting sampling in reciprocal space....
finished sampling in reciprocal space....t= 0.029708385467529297  s
(1680,)
the bandwidth is ... 0.05897426378326054
440.70user 30.12system 9:38.91elapsed 81%CPU (0avgtext+0avgdata 1373396maxresident)k
0inputs+192outputs (0major+2447456minor)pagefaults 0swaps
