starting sampling in reciprocal space....
finished sampling in reciprocal space....t= 0.007960319519042969  s
91 numer of sampling lattice points
taking 0 umklapps
hbvf is .. 2.3382685902179845
q is... 0.07968671534127658
hvkd is... 0.18632894354014862
kappa is.. 0.75
alpha is.. 0.5635195370351868
the twist angle is .. 0.01902408884673819
starting sampling in reciprocal space....
finished sampling in reciprocal space....t= 0.0042781829833984375  s
starting sampling in reciprocal space....
finished sampling in reciprocal space....t= 0.004149675369262695  s
starting dispersion ..........
time to diag over MBZ 8.968215942382812
number of bands in density of states calculation, 2
sum of the hist, normed? 8.000000000000016
CHEMICAL POTENTIAL AND FILLING 0.0 0.0
starting sampling in reciprocal space....
finished sampling in reciprocal space....t= 0.003977060317993164  s
(240,)
the bandwidth is ... 0.006256827684803911
156.98user 4.01system 0:21.25elapsed 757%CPU (0avgtext+0avgdata 1373540maxresident)k
0inputs+216outputs (0major+2448403minor)pagefaults 0swaps
