starting sampling in reciprocal space....
finished sampling in reciprocal space....t= 0.004998922348022461  s
91 numer of sampling lattice points
taking 0 umklapps
hbvf is .. 2.7
q is... 0.06601600397918202
hvkd is... 0.17824321074379146
kappa is.. 0.75
alpha is.. 0.5890827457710467
the twist angle is .. 0.015760323145508796
starting sampling in reciprocal space....
finished sampling in reciprocal space....t= 0.004944562911987305  s
starting sampling in reciprocal space....
finished sampling in reciprocal space....t= 0.01654219627380371  s
starting dispersion ..........
time to diag over MBZ 79.63626146316528
number of bands in density of states calculation, 2
sum of the hist, normed? 7.999999999999973
CHEMICAL POTENTIAL AND FILLING 0.0 0.0
starting sampling in reciprocal space....
finished sampling in reciprocal space....t= 0.016968965530395508  s
(1680,)
the bandwidth is ... 0.005040499699351907
408.22user 25.48system 2:58.70elapsed 242%CPU (0avgtext+0avgdata 1373400maxresident)k
0inputs+168outputs (0major+2447356minor)pagefaults 0swaps
