starting sampling in reciprocal space....
finished sampling in reciprocal space....t= 0.007960319519042969  s
91 numer of sampling lattice points
taking 0 umklapps
hbvf is .. 2.3382685902179845
q is... 0.07456935965397508
hvkd is... 0.17436319147155818
kappa is.. 0.75
alpha is.. 0.6021913175243033
the twist angle is .. 0.01780235837034216
starting sampling in reciprocal space....
finished sampling in reciprocal space....t= 0.004213094711303711  s
starting sampling in reciprocal space....
finished sampling in reciprocal space....t= 0.004347801208496094  s
starting dispersion ..........
time to diag over MBZ 8.52913498878479
number of bands in density of states calculation, 2
sum of the hist, normed? 8.000000000000021
CHEMICAL POTENTIAL AND FILLING 0.0 0.0
starting sampling in reciprocal space....
finished sampling in reciprocal space....t= 0.004168033599853516  s
(1680,)
the bandwidth is ... 0.01020043078261224
151.23user 3.72system 0:20.44elapsed 757%CPU (0avgtext+0avgdata 1371104maxresident)k
0inputs+176outputs (0major+2447619minor)pagefaults 0swaps
