starting sampling in reciprocal space....
finished sampling in reciprocal space....t= 0.051543235778808594  s
919 numer of sampling lattice points
taking 0 umklapps
hbvf is .. 2.7
q is... 0.08443851903755235
hvkd is... 0.22798400140139136
kappa is.. 0.85
alpha is.. 0.4605586328627321
the twist angle is .. 0.02015855286053451
phonon params 767258021359744.0 70.0831338140005 8760.391726750064
starting sampling in reciprocal space....
finished sampling in reciprocal space....t= 0.3627603054046631  s
starting sampling in reciprocal space....
finished sampling in reciprocal space....t= 0.36336803436279297  s
starting dispersion ..........
time to diag over MBZ 1932.091633796692
saving  ..........
number of bands in density of states calculation, 2
sum of the hist, normed? 8.000000000000103
CHEMICAL POTENTIAL AND FILLING 0.0 0.0
starting sampling in reciprocal space....
finished sampling in reciprocal space....t= 0.05273628234863281  s
starting sampling in reciprocal space....
finished sampling in reciprocal space....t= 0.0527186393737793  s
starting dispersion ..........
time to diag over MBZ 259.11582803726196
starting sampling in reciprocal space....
finished sampling in reciprocal space....t= 0.05134105682373047  s
(6433, 564, 2) (919, 564, 2) (6433,)
starting sampling in reciprocal space....
finished sampling in reciprocal space....t= 0.05108904838562012  s
(6433, 564, 2) (919, 564, 2) (6433,)
calculating tensor that stores the overlaps........
finsihed the overlaps.......... 15.754498481750488
calculating tensor that stores the overlaps........
finsihed the overlaps.......... 15.002105712890625
calculating tensor that stores the overlaps........
finsihed the overlaps.......... 15.501067399978638
calculating tensor that stores the overlaps........
finsihed the overlaps.......... 3.2717583179473877
calculating tensor that stores the overlaps........
finsihed the overlaps.......... 14.975107192993164
calculating tensor that stores the overlaps........
finsihed the overlaps.......... 2.7402119636535645
testing symmetry of the form factors...
plus valley form factor passed the C3 symmetry test with average difference...  3.5188430209114807e-15
minus valley form factor passed the C3 symmetry test with average difference...  3.3368631033589723e-15
finished testing symmetry of the form factors...
starting bubble....... 919
time for bubble... 29.359973192214966
effective speed of sound down renormalization...$-\Delta c$ 1827.3446926993256
residual of the fit... 0.07278636459939172
starting bubble....... 919
time for bubble... 29.87185549736023
effective speed of sound down renormalization...$-\Delta c$ 1957.4367625910324
residual of the fit... 0.02990643663442152
starting bubble....... 919
time for bubble... 29.820903778076172
effective speed of sound down renormalization...$-\Delta c$ 2421.506489434054
residual of the fit... 0.016246992375383792
starting bubble....... 919
time for bubble... 29.581505060195923
effective speed of sound down renormalization...$-\Delta c$ 1825.354846287795
residual of the fit... 0.010601503827749725
starting bubble....... 919
time for bubble... 29.61993432044983
effective speed of sound down renormalization...$-\Delta c$ 1278.3664158509043
residual of the fit... 0.00887173659494714
starting bubble....... 919
time for bubble... 29.528388261795044
effective speed of sound down renormalization...$-\Delta c$ 833.0467462475875
residual of the fit... 0.004157955876305052
starting bubble....... 919
time for bubble... 29.537527799606323
effective speed of sound down renormalization...$-\Delta c$ 253.44517515255112
residual of the fit... 0.01799517643827913
time for sweep delta 207.33843779563904
