starting sampling in reciprocal space....
finished sampling in reciprocal space....t= 0.00773167610168457  s
91 numer of sampling lattice points
taking 0 umklapps
hbvf is .. 2.3382685902179845
q is... 0.07018303255952259
hvkd is... 0.16410678060017778
kappa is.. 0.3
alpha is.. 0.6398273100964498
the twist angle is .. 0.016755160819145562
starting sampling in reciprocal space....
finished sampling in reciprocal space....t= 0.004148721694946289  s
starting sampling in reciprocal space....
finished sampling in reciprocal space....t= 0.004068613052368164  s
starting dispersion ..........
time to diag over MBZ 8.314836978912354
number of bands in density of states calculation, 2
sum of the hist, normed? 7.999999999999994
CHEMICAL POTENTIAL AND FILLING 0.0 0.0
starting sampling in reciprocal space....
finished sampling in reciprocal space....t= 0.004029989242553711  s
(1680,)
the bandwidth is ... 0.02237415064418439
150.81user 3.67system 0:20.35elapsed 759%CPU (0avgtext+0avgdata 1372304maxresident)k
0inputs+168outputs (0major+2447009minor)pagefaults 0swaps
