starting sampling in reciprocal space....
finished sampling in reciprocal space....t= 0.006767988204956055  s
91 numer of sampling lattice points
taking 0 umklapps
hbvf is .. 2.3382685902179845
q is... 0.07676251561000431
hvkd is... 0.17949137915699082
kappa is.. 0.3
alpha is.. 0.5849863123964439
the twist angle is .. 0.01832595714594046
starting sampling in reciprocal space....
finished sampling in reciprocal space....t= 0.00410008430480957  s
starting sampling in reciprocal space....
finished sampling in reciprocal space....t= 0.004040718078613281  s
starting dispersion ..........
time to diag over MBZ 8.291969299316406
number of bands in density of states calculation, 2
sum of the hist, normed? 8.000000000000002
CHEMICAL POTENTIAL AND FILLING 0.0 0.0
starting sampling in reciprocal space....
finished sampling in reciprocal space....t= 0.003957509994506836  s
(1680,)
the bandwidth is ... 0.0002645885219768042
151.27user 4.11system 0:20.45elapsed 759%CPU (0avgtext+0avgdata 1373512maxresident)k
0inputs+152outputs (0major+2447308minor)pagefaults 0swaps
