starting sampling in reciprocal space....
finished sampling in reciprocal space....t= 0.006711244583129883  s
91 numer of sampling lattice points
taking 0 umklapps
hbvf is .. 2.3382685902179845
q is... 0.06652774523173477
hvkd is... 0.1555597370533897
kappa is.. 0.3
alpha is.. 0.6749818557739199
the twist angle is .. 0.0158824961931484
starting sampling in reciprocal space....
finished sampling in reciprocal space....t= 0.004091501235961914  s
starting sampling in reciprocal space....
finished sampling in reciprocal space....t= 0.004544258117675781  s
starting dispersion ..........
time to diag over MBZ 8.292776107788086
number of bands in density of states calculation, 2
sum of the hist, normed? 7.999999999999995
CHEMICAL POTENTIAL AND FILLING 0.0 0.0
starting sampling in reciprocal space....
finished sampling in reciprocal space....t= 0.004011869430541992  s
(1680,)
the bandwidth is ... 0.033643931262116095
150.77user 3.62system 0:20.34elapsed 758%CPU (0avgtext+0avgdata 1373280maxresident)k
272inputs+184outputs (0major+2446045minor)pagefaults 0swaps
