starting sampling in reciprocal space....
finished sampling in reciprocal space....t= 0.023213863372802734  s
397 numer of sampling lattice points
taking 0 umklapps
hbvf is .. 2.1354
q is... 0.07983292507592546
hvkd is... 0.17047522820713124
kappa is.. 0.8174358974358973
alpha is.. 0.5719306026183189
the twist angle is .. 0.01905899543177808
phonon params... 2.1462128406352687 0.008962230291496903 4.044606275858795 16.358839926716357 11.152049051511025 5387.572926168037 5387.572926168036
phonon params2 2.109746731642721e+20 0.028478526185195915
starting sampling in reciprocal space....
finished sampling in reciprocal space....t= 0.6948530673980713  s
starting sampling in reciprocal space....
finished sampling in reciprocal space....t= 0.46782541275024414  s
Loading  ..........
Traceback (most recent call last):
  File "Bubble_norm.py", line 1604, in <module>
    sys.exit(main())  # next section explains the use of sys.exit
  File "Bubble_norm.py", line 1570, in main
    [fillings,mu_values]=disp.mu_filling_array(Nfils, True, False, False)
  File "/home/jfm343/Documents/Moire_phonon/BM_bandstructure/temp/temp_theta_var_kappa_p_full_beta_1.0_2021-12-08-00-31-01/theta_var_kappa_p_full_beta_1.0_1.04/Hamiltonian.py", line 1399, in mu_filling_array
    with open('dispersions/Edisp_'+str(self.lq.Npoints)+'_theta_'+str(self.lq.theta)+'.npy', 'rb') as f:
FileNotFoundError: [Errno 2] No such file or directory: 'dispersions/Edisp_100_theta_0.01905899543177808.npy'
Command exited with non-zero status 1
101.33user 7.85system 0:10.53elapsed 1036%CPU (0avgtext+0avgdata 154416maxresident)k
0inputs+160outputs (26major+62467minor)pagefaults 0swaps
starting sampling in reciprocal space....
finished sampling in reciprocal space....t= 0.029056072235107422  s
397 numer of sampling lattice points
taking 0 umklapps
hbvf is .. 2.1354
q is... 0.07983292507592546
hvkd is... 0.17047522820713124
kappa is.. 0.8174358974358973
alpha is.. 0.5719306026183189
the twist angle is .. 0.01905899543177808
phonon params... 2.1462128406352687 0.008962230291496903 4.044606275858795 16.358839926716357 11.152049051511025 5387.572926168037 5387.572926168036
phonon params2 2.109746731642721e+20 0.028478526185195915
starting sampling in reciprocal space....
finished sampling in reciprocal space....t= 0.6065239906311035  s
starting sampling in reciprocal space....
finished sampling in reciprocal space....t= 0.5055785179138184  s
Loading  ..........
Traceback (most recent call last):
  File "Bubble_norm.py", line 1604, in <module>
    sys.exit(main())  # next section explains the use of sys.exit
  File "Bubble_norm.py", line 1570, in main
    [fillings,mu_values]=disp.mu_filling_array(Nfils, True, False, False)
  File "/home/jfm343/Documents/Moire_phonon/BM_bandstructure/temp/temp_theta_var_kappa_p_full_beta_1.0_2021-12-08-00-31-01/theta_var_kappa_p_full_beta_1.0_1.04/Hamiltonian.py", line 1399, in mu_filling_array
    with open('dispersions/Edisp_'+str(self.lq.Npoints)+'_theta_'+str(self.lq.theta)+'.npy', 'rb') as f:
FileNotFoundError: [Errno 2] No such file or directory: 'dispersions/Edisp_100_theta_0.01905899543177808.npy'
Command exited with non-zero status 1
81.63user 4.92system 0:07.35elapsed 1176%CPU (0avgtext+0avgdata 155064maxresident)k
0inputs+0outputs (19major+57341minor)pagefaults 0swaps
