starting sampling in reciprocal space....
finished sampling in reciprocal space....t= 0.00800633430480957  s
91 numer of sampling lattice points
taking 0 umklapps
hbvf is .. 2.7
q is... 0.0721568822050364
hvkd is... 0.19482358195359828
kappa is.. 0.75
alpha is.. 0.5389491300134712
the twist angle is .. 0.01722639971718403
starting sampling in reciprocal space....
finished sampling in reciprocal space....t= 0.004199028015136719  s
starting sampling in reciprocal space....
finished sampling in reciprocal space....t= 0.004225015640258789  s
starting dispersion ..........
time to diag over MBZ 62.42577075958252
number of bands in density of states calculation, 2
sum of the hist, normed? 8.000000000000004
CHEMICAL POTENTIAL AND FILLING 0.0 0.0
starting sampling in reciprocal space....
finished sampling in reciprocal space....t= 0.018242597579956055  s
(1680,)
the bandwidth is ... 0.018803901153210935
381.75user 24.04system 2:50.63elapsed 237%CPU (0avgtext+0avgdata 1373164maxresident)k
30736inputs+296outputs (106major+2448102minor)pagefaults 0swaps
