starting sampling in reciprocal space....
finished sampling in reciprocal space....t= 0.05116987228393555  s
919 numer of sampling lattice points
taking 0 umklapps
hbvf is .. 2.3382685902179845
q is... 0.08187985878730153
hvkd is... 0.1914571019738312
kappa is.. 0.75
alpha is.. 0.5484257252277412
the twist angle is .. 0.019547687622336492
phonon params 339201177549277.3
phonon params upsilon 4.240014719365966e+16
area ratio 0.0003820999240645599 0.00038209992406455925
correct factor by which the interaction is reduced 72.34799870543021
c tilde 1752.7843874827852
starting sampling in reciprocal space....
finished sampling in reciprocal space....t= 0.5705997943878174  s
starting sampling in reciprocal space....
finished sampling in reciprocal space....t= 0.5737924575805664  s
starting dispersion with 9919 points..........
time to diag over MBZ 4438.749922513962
saving  ..........
number of bands in density of states calculation, 2
sum of the hist, normed? 7.9999999999999964
CHEMICAL POTENTIALS AND FILLINGS [0.         0.00067299 0.00093561 0.00109948 0.00121347 0.00128454
 0.00134003 0.00141051 0.0015031  0.00162399 0.00174389 0.00189754
 0.00206275 0.00224129 0.00246123 0.00272285 0.00303773 0.00346303
 0.00411541 0.00547268] [0.         0.20526316 0.41052632 0.61578947 0.82105263 1.02631579
 1.23157895 1.43684211 1.64210526 1.84736842 2.05263158 2.25789474
 2.46315789 2.66842105 2.87368421 3.07894737 3.28421053 3.48947368
 3.69473684 3.9       ]
CHEMICAL POTENTIAL AND FILLING 0.0 0.0
starting sampling in reciprocal space....
finished sampling in reciprocal space....t= 0.05203580856323242  s
starting sampling in reciprocal space....
finished sampling in reciprocal space....t= 0.051898956298828125  s
starting dispersion with 919 points..........
time to diag over MBZ 659.1346600055695
starting sampling in reciprocal space....
finished sampling in reciprocal space....t= 0.05217099189758301  s
(6433, 564, 2) (919, 564, 2) (6433,)
starting sampling in reciprocal space....
finished sampling in reciprocal space....t= 0.051308393478393555  s
(6433, 564, 2) (919, 564, 2) (6433,)
calculating tensor that stores the overlaps........
finsihed the overlaps.......... 16.20357584953308
calculating tensor that stores the overlaps........
finsihed the overlaps.......... 15.385699272155762
calculating tensor that stores the overlaps........
finsihed the overlaps.......... 15.1232328414917
calculating tensor that stores the overlaps........
finsihed the overlaps.......... 3.1199684143066406
calculating tensor that stores the overlaps........
finsihed the overlaps.......... 15.33086633682251
calculating tensor that stores the overlaps........
finsihed the overlaps.......... 3.8106579780578613
testing symmetry of the form factors...
failed C3 symmetry test, plus valley... 9.711311830844739e-05
failed C3 symmetry test, minus valley... 9.711311830844739e-05
finished testing symmetry of the form factors...
starting bubble....... 919
time for bubble... 29.033702611923218
effective speed of sound down renormalization...$-\Delta c$ 2860.6047612898333
residual of the fit... 0.07069191113378576
starting bubble....... 919
time for bubble... 29.108501195907593
effective speed of sound down renormalization...$-\Delta c$ 0.0
residual of the fit... nan
starting bubble....... 919
time for bubble... 29.16056799888611
effective speed of sound down renormalization...$-\Delta c$ 0.0
residual of the fit... nan
starting bubble....... 919
time for bubble... 29.074386835098267
effective speed of sound down renormalization...$-\Delta c$ 0.0
residual of the fit... nan
starting bubble....... 919
time for bubble... 29.140429973602295
effective speed of sound down renormalization...$-\Delta c$ 0.0
residual of the fit... nan
starting bubble....... 919
time for bubble... 29.164852380752563
effective speed of sound down renormalization...$-\Delta c$ 0.0
residual of the fit... nan
starting bubble....... 919
time for bubble... 29.20597767829895
effective speed of sound down renormalization...$-\Delta c$ 0.0
residual of the fit... nan
starting bubble....... 919
time for bubble... 29.277182817459106
effective speed of sound down renormalization...$-\Delta c$ 0.0
residual of the fit... nan
starting bubble....... 919
time for bubble... 29.333953857421875
effective speed of sound down renormalization...$-\Delta c$ 0.0
residual of the fit... nan
starting bubble....... 919
time for bubble... 29.085445642471313
effective speed of sound down renormalization...$-\Delta c$ 0.0
residual of the fit... nan
starting bubble....... 919
time for bubble... 29.12547755241394
effective speed of sound down renormalization...$-\Delta c$ 0.0
residual of the fit... nan
starting bubble....... 919
time for bubble... 29.398470401763916
effective speed of sound down renormalization...$-\Delta c$ 0.0
residual of the fit... nan
starting bubble....... 919
time for bubble... 29.11236834526062
effective speed of sound down renormalization...$-\Delta c$ 0.0
residual of the fit... nan
starting bubble....... 919
time for bubble... 29.195313930511475
effective speed of sound down renormalization...$-\Delta c$ 0.0
residual of the fit... nan
starting bubble....... 919
time for bubble... 29.309380531311035
effective speed of sound down renormalization...$-\Delta c$ 0.0
residual of the fit... nan
starting bubble....... 919
time for bubble... 29.490612745285034
effective speed of sound down renormalization...$-\Delta c$ 0.0
residual of the fit... nan
starting bubble....... 919
time for bubble... 29.148733377456665
effective speed of sound down renormalization...$-\Delta c$ 0.0
residual of the fit... nan
starting bubble....... 919
time for bubble... 29.144938707351685
effective speed of sound down renormalization...$-\Delta c$ 0.0
residual of the fit... nan
starting bubble....... 919
time for bubble... 29.18872857093811
effective speed of sound down renormalization...$-\Delta c$ 0.0
residual of the fit... nan
starting bubble....... 919
time for bubble... 29.255759239196777
effective speed of sound down renormalization...$-\Delta c$ 0.0
residual of the fit... nan
time for sweep delta 584.0217032432556
