starting sampling in reciprocal space....
finished sampling in reciprocal space....t= 0.007930994033813477  s
91 numer of sampling lattice points
taking 0 umklapps
hbvf is .. 2.3382685902179845
q is... 0.07676251561000431
hvkd is... 0.17949137915699082
kappa is.. 0.75
alpha is.. 0.5849863123964439
the twist angle is .. 0.01832595714594046
starting sampling in reciprocal space....
finished sampling in reciprocal space....t= 0.004210233688354492  s
starting sampling in reciprocal space....
finished sampling in reciprocal space....t= 0.004176616668701172  s
starting dispersion ..........
time to diag over MBZ 8.653890609741211
number of bands in density of states calculation, 2
sum of the hist, normed? 8.000000000000005
CHEMICAL POTENTIAL AND FILLING 0.0 0.0
starting sampling in reciprocal space....
finished sampling in reciprocal space....t= 0.004030466079711914  s
(4200,)
the bandwidth is ... 0.0033426769845892714
275.77user 6.82system 0:36.38elapsed 776%CPU (0avgtext+0avgdata 3162304maxresident)k
0inputs+144outputs (0major+4597802minor)pagefaults 0swaps
