starting sampling in reciprocal space....
finished sampling in reciprocal space....t= 0.006245851516723633  s
91 numer of sampling lattice points
taking 0 umklapps
hbvf is .. 2.3382685902179845
q is... 0.06652774523173477
hvkd is... 0.1555597370533897
kappa is.. 0.75
alpha is.. 0.6749818557739199
the twist angle is .. 0.0158824961931484
starting sampling in reciprocal space....
finished sampling in reciprocal space....t= 0.004121303558349609  s
starting sampling in reciprocal space....
finished sampling in reciprocal space....t= 0.004057168960571289  s
starting dispersion ..........
time to diag over MBZ 9.267954349517822
number of bands in density of states calculation, 2
sum of the hist, normed? 7.999999999999994
CHEMICAL POTENTIAL AND FILLING 0.0 0.0
starting sampling in reciprocal space....
finished sampling in reciprocal space....t= 0.0043179988861083984  s
(1680,)
the bandwidth is ... 0.02742032974804828
163.90user 4.10system 0:22.24elapsed 755%CPU (0avgtext+0avgdata 1373980maxresident)k
0inputs+240outputs (0major+2447354minor)pagefaults 0swaps
