starting sampling in reciprocal space....
finished sampling in reciprocal space....t= 0.05163455009460449  s
919 numer of sampling lattice points
taking 0 umklapps
hbvf is .. 2.3382685902179845
q is... 0.07530041221461896
hvkd is... 0.17607258871191017
kappa is.. 0.3
alpha is.. 0.5963449550446545
the twist angle is .. 0.017976891295541593
phonon params 242626607560645.16
phonon params upsilon 3.0328325945080644e+16
area ratio 0.00032315991758235623 0.000323159917582357
correct factor by which the interaction is reduced 78.66947528335587
c tilde 1611.9396009665759
starting sampling in reciprocal space....
finished sampling in reciprocal space....t= 0.5733048915863037  s
starting sampling in reciprocal space....
finished sampling in reciprocal space....t= 0.5636117458343506  s
starting dispersion ..........
time to diag over MBZ 2883.183846473694
saving  ..........
number of bands in density of states calculation, 2
sum of the hist, normed? 8.000000000000062
CHEMICAL POTENTIAL AND FILLING 0.0 0.0
starting sampling in reciprocal space....
finished sampling in reciprocal space....t= 0.051805973052978516  s
starting sampling in reciprocal space....
finished sampling in reciprocal space....t= 0.05186653137207031  s
starting dispersion ..........
time to diag over MBZ 290.11446475982666
starting sampling in reciprocal space....
finished sampling in reciprocal space....t= 0.05164217948913574  s
(6433, 564, 2) (919, 564, 2) (6433,)
starting sampling in reciprocal space....
finished sampling in reciprocal space....t= 0.051671504974365234  s
(6433, 564, 2) (919, 564, 2) (6433,)
calculating tensor that stores the overlaps........
finsihed the overlaps.......... 15.16146969795227
calculating tensor that stores the overlaps........
finsihed the overlaps.......... 15.156147480010986
calculating tensor that stores the overlaps........
finsihed the overlaps.......... 14.98057508468628
calculating tensor that stores the overlaps........
finsihed the overlaps.......... 2.689502716064453
calculating tensor that stores the overlaps........
finsihed the overlaps.......... 14.985429763793945
calculating tensor that stores the overlaps........
finsihed the overlaps.......... 2.4303653240203857
testing symmetry of the form factors...
plus valley form factor passed the C3 symmetry test with average difference...  4.526736872100877e-15
minus valley form factor passed the C3 symmetry test with average difference...  5.20663447060625e-15
finished testing symmetry of the form factors...
starting bubble....... 919
time for bubble... 29.231333255767822
effective speed of sound down renormalization...$-\Delta c$ 3918.1972484438506
residual of the fit... 0.08697856163820496
starting bubble....... 919
time for bubble... 29.547398328781128
effective speed of sound down renormalization...$-\Delta c$ 3934.4499851173705
residual of the fit... 0.041750069706905875
starting bubble....... 919
time for bubble... 29.692925453186035
effective speed of sound down renormalization...$-\Delta c$ 3987.132402350779
residual of the fit... 0.016447945422495294
starting bubble....... 919
time for bubble... 29.997018098831177
effective speed of sound down renormalization...$-\Delta c$ 3871.6214515911242
residual of the fit... 0.06992747576279149
starting bubble....... 919
time for bubble... 29.834386110305786
effective speed of sound down renormalization...$-\Delta c$ 4136.264997318562
residual of the fit... 0.003675748505069266
starting bubble....... 919
time for bubble... 29.664657592773438
effective speed of sound down renormalization...$-\Delta c$ 4080.605981004759
residual of the fit... 0.05426102078107736
starting bubble....... 919
time for bubble... 29.6249680519104
effective speed of sound down renormalization...$-\Delta c$ 4434.02494933639
residual of the fit... 0.01917585071670194
starting bubble....... 919
time for bubble... 29.468204259872437
effective speed of sound down renormalization...$-\Delta c$ 4854.118545340971
residual of the fit... 0.03564773315682482
starting bubble....... 919
time for bubble... 29.603187084197998
effective speed of sound down renormalization...$-\Delta c$ 4833.614331461559
residual of the fit... 0.026488905259217828
starting bubble....... 919
time for bubble... 29.56812620162964
effective speed of sound down renormalization...$-\Delta c$ 4136.292684771384
residual of the fit... 0.0574340105718778
starting bubble....... 919
time for bubble... 29.603906869888306
effective speed of sound down renormalization...$-\Delta c$ 3483.382496015589
residual of the fit... 0.0034577142495490778
starting bubble....... 919
time for bubble... 29.709418296813965
effective speed of sound down renormalization...$-\Delta c$ 3089.8194425843844
residual of the fit... 0.01244185655138499
starting bubble....... 919
time for bubble... 29.702611207962036
effective speed of sound down renormalization...$-\Delta c$ 2734.387077354238
residual of the fit... 0.01245726212643941
starting bubble....... 919
time for bubble... 29.525996208190918
effective speed of sound down renormalization...$-\Delta c$ 2376.071590174604
residual of the fit... 0.017954761860395848
starting bubble....... 919
time for bubble... 29.657719373703003
effective speed of sound down renormalization...$-\Delta c$ 1985.1757471668107
residual of the fit... 0.015671826767396122
starting bubble....... 919
time for bubble... 29.630085706710815
effective speed of sound down renormalization...$-\Delta c$ 1617.9509151196771
residual of the fit... 0.008268072425619359
starting bubble....... 919
time for bubble... 29.63328766822815
effective speed of sound down renormalization...$-\Delta c$ 1302.5908371775413
residual of the fit... 0.007343221063724655
starting bubble....... 919
time for bubble... 29.486052751541138
effective speed of sound down renormalization...$-\Delta c$ 960.5960953249592
residual of the fit... 0.0082419446239249
starting bubble....... 919
time for bubble... 29.579934120178223
effective speed of sound down renormalization...$-\Delta c$ 645.6540421491927
residual of the fit... 0.0040669930996737064
starting bubble....... 919
time for bubble... 29.576388120651245
effective speed of sound down renormalization...$-\Delta c$ 272.3230210470565
residual of the fit... 0.08863710248676213
time for sweep delta 592.3732326030731
