starting sampling in reciprocal space....
finished sampling in reciprocal space....t= 0.008109807968139648  s
91 numer of sampling lattice points
taking 0 umklapps
hbvf is .. 2.3382685902179845
q is... 0.0687209191928595
hvkd is... 0.16068796683957162
kappa is.. 0.75
alpha is.. 0.6534403419568459
the twist angle is .. 0.016406094968746697
starting sampling in reciprocal space....
finished sampling in reciprocal space....t= 0.004149198532104492  s
starting sampling in reciprocal space....
finished sampling in reciprocal space....t= 0.0041277408599853516  s
starting dispersion ..........
time to diag over MBZ 8.598932981491089
number of bands in density of states calculation, 2
sum of the hist, normed? 8.0
CHEMICAL POTENTIAL AND FILLING 0.0 0.0
starting sampling in reciprocal space....
finished sampling in reciprocal space....t= 0.004065990447998047  s
(4200,)
the bandwidth is ... 0.026733068266046173
270.58user 6.71system 0:35.72elapsed 776%CPU (0avgtext+0avgdata 3163408maxresident)k
0inputs+192outputs (0major+4598102minor)pagefaults 0swaps
