starting sampling in reciprocal space....
finished sampling in reciprocal space....t= 0.051233530044555664  s
919 numer of sampling lattice points
taking 0 umklapps
hbvf is .. 2.7
q is... 0.06908644773251756
hvkd is... 0.1865334088777974
kappa is.. 0.85
alpha is.. 0.5629018449386086
the twist angle is .. 0.016493361431346415
phonon params 343835297297344.44 104.69091678831359 13086.364598539198
starting sampling in reciprocal space....
finished sampling in reciprocal space....t= 0.36466121673583984  s
starting sampling in reciprocal space....
finished sampling in reciprocal space....t= 0.362839937210083  s
starting dispersion ..........
time to diag over MBZ 1900.0296740531921
saving  ..........
number of bands in density of states calculation, 2
sum of the hist, normed? 8.000000000000075
CHEMICAL POTENTIAL AND FILLING 0.0 0.0
starting sampling in reciprocal space....
finished sampling in reciprocal space....t= 0.052703142166137695  s
starting sampling in reciprocal space....
finished sampling in reciprocal space....t= 0.0533292293548584  s
starting dispersion ..........
time to diag over MBZ 330.8599121570587
starting sampling in reciprocal space....
finished sampling in reciprocal space....t= 0.05186891555786133  s
(6433, 564, 2) (919, 564, 2) (6433,)
starting sampling in reciprocal space....
finished sampling in reciprocal space....t= 0.05240511894226074  s
(6433, 564, 2) (919, 564, 2) (6433,)
calculating tensor that stores the overlaps........
finsihed the overlaps.......... 14.985161066055298
calculating tensor that stores the overlaps........
finsihed the overlaps.......... 14.95897102355957
calculating tensor that stores the overlaps........
finsihed the overlaps.......... 15.04960584640503
calculating tensor that stores the overlaps........
finsihed the overlaps.......... 2.5417826175689697
calculating tensor that stores the overlaps........
finsihed the overlaps.......... 14.895595073699951
calculating tensor that stores the overlaps........
finsihed the overlaps.......... 2.591068983078003
testing symmetry of the form factors...
plus valley form factor passed the C3 symmetry test with average difference...  1.2165519944485353e-14
minus valley form factor passed the C3 symmetry test with average difference...  1.203136741983979e-14
finished testing symmetry of the form factors...
starting bubble....... 919
time for bubble... 29.48332977294922
effective speed of sound down renormalization...$-\Delta c$ 5246.883588033949
residual of the fit... 0.06692086677149016
starting bubble....... 919
time for bubble... 29.650474071502686
effective speed of sound down renormalization...$-\Delta c$ 7103.230199987487
residual of the fit... 0.08052895232041389
starting bubble....... 919
time for bubble... 29.547725915908813
effective speed of sound down renormalization...$-\Delta c$ 6039.5430007889745
residual of the fit... 0.05999843498465784
starting bubble....... 919
time for bubble... 29.553091526031494
effective speed of sound down renormalization...$-\Delta c$ 4868.408386231646
residual of the fit... 0.012934440168561134
starting bubble....... 919
time for bubble... 29.615649223327637
effective speed of sound down renormalization...$-\Delta c$ 3698.9043137496933
residual of the fit... 0.007107836664663626
starting bubble....... 919
time for bubble... 29.605908632278442
effective speed of sound down renormalization...$-\Delta c$ 2667.9062645434315
residual of the fit... 0.030958656979238997
starting bubble....... 919
time for bubble... 29.574707508087158
effective speed of sound down renormalization...$-\Delta c$ 794.567970145702
residual of the fit... 0.07019750795560327
time for sweep delta 207.05264616012573
