starting sampling in reciprocal space....
finished sampling in reciprocal space....t= 0.007264137268066406  s
91 numer of sampling lattice points
taking 0 umklapps
hbvf is .. 2.3382685902179845
q is... 0.08480404129297625
hvkd is... 0.19829462607891532
kappa is.. 0.3
alpha is.. 0.5295151062652255
the twist angle is .. 0.020245819323134222
starting sampling in reciprocal space....
finished sampling in reciprocal space....t= 0.0041162967681884766  s
starting sampling in reciprocal space....
finished sampling in reciprocal space....t= 0.004163026809692383  s
starting dispersion ..........
time to diag over MBZ 8.904825210571289
number of bands in density of states calculation, 2
sum of the hist, normed? 8.000000000000002
CHEMICAL POTENTIAL AND FILLING 0.0 0.0
starting sampling in reciprocal space....
finished sampling in reciprocal space....t= 0.004006624221801758  s
(1680,)
the bandwidth is ... 0.02913404730000814
159.04user 4.20system 0:21.50elapsed 758%CPU (0avgtext+0avgdata 1374168maxresident)k
0inputs+208outputs (0major+2447024minor)pagefaults 0swaps
