starting sampling in reciprocal space....
finished sampling in reciprocal space....t= 0.05175185203552246  s
919 numer of sampling lattice points
taking 0 umklapps
hbvf is .. 2.7
q is... 0.08597371142192678
hvkd is... 0.2321290208392023
kappa is.. 0.75
alpha is.. 0.45233465260138395
the twist angle is .. 0.02052507200345332
phonon params 824596919822312.0 67.60259669152454 8450.324586440567
starting sampling in reciprocal space....
finished sampling in reciprocal space....t= 0.3640592098236084  s
starting sampling in reciprocal space....
finished sampling in reciprocal space....t= 0.37119340896606445  s
starting dispersion ..........
time to diag over MBZ 1937.41339468956
saving  ..........
number of bands in density of states calculation, 2
sum of the hist, normed? 8.000000000000012
CHEMICAL POTENTIAL AND FILLING 0.0 0.0
starting sampling in reciprocal space....
finished sampling in reciprocal space....t= 0.05282449722290039  s
starting sampling in reciprocal space....
finished sampling in reciprocal space....t= 0.05343747138977051  s
starting dispersion ..........
time to diag over MBZ 263.7154700756073
starting sampling in reciprocal space....
finished sampling in reciprocal space....t= 0.05293560028076172  s
(6433, 564, 2) (919, 564, 2) (6433,)
starting sampling in reciprocal space....
finished sampling in reciprocal space....t= 0.05084800720214844  s
(6433, 564, 2) (919, 564, 2) (6433,)
calculating tensor that stores the overlaps........
finsihed the overlaps.......... 14.898648023605347
calculating tensor that stores the overlaps........
finsihed the overlaps.......... 15.499878168106079
calculating tensor that stores the overlaps........
finsihed the overlaps.......... 15.209747076034546
calculating tensor that stores the overlaps........
finsihed the overlaps.......... 2.998260974884033
calculating tensor that stores the overlaps........
finsihed the overlaps.......... 14.921947956085205
calculating tensor that stores the overlaps........
finsihed the overlaps.......... 2.579119920730591
testing symmetry of the form factors...
plus valley form factor passed the C3 symmetry test with average difference...  3.611827359513902e-15
minus valley form factor passed the C3 symmetry test with average difference...  3.8067983476499555e-15
finished testing symmetry of the form factors...
starting bubble....... 919
time for bubble... 30.038224935531616
effective speed of sound down renormalization...$-\Delta c$ 1682.3023419093545
residual of the fit... 0.0764096050157715
starting bubble....... 919
time for bubble... 30.665478467941284
effective speed of sound down renormalization...$-\Delta c$ 1767.2108966510066
residual of the fit... 0.011951340982417874
starting bubble....... 919
time for bubble... 30.539849281311035
effective speed of sound down renormalization...$-\Delta c$ 2152.395988819261
residual of the fit... 0.020827392114904673
starting bubble....... 919
time for bubble... 30.46268129348755
effective speed of sound down renormalization...$-\Delta c$ 1664.3614926381576
residual of the fit... 0.02506467063143649
starting bubble....... 919
time for bubble... 30.309694290161133
effective speed of sound down renormalization...$-\Delta c$ 1190.940706865579
residual of the fit... 0.06066472616135753
starting bubble....... 919
time for bubble... 30.0982723236084
effective speed of sound down renormalization...$-\Delta c$ 697.7230770976566
residual of the fit... 0.016871353746000815
starting bubble....... 919
time for bubble... 30.33132004737854
effective speed of sound down renormalization...$-\Delta c$ 214.81633329391636
residual of the fit... 0.027056843990776614
time for sweep delta 212.4641740322113
