starting sampling in reciprocal space....
finished sampling in reciprocal space....t= 0.10666203498840332  s
919 numer of sampling lattice points
taking 0 umklapps
hbvf is .. 2.1354
q is... 0.07676251561000431
hvkd is... 0.16391867583360323
kappa is.. 0.6539487179487179
alpha is.. 0.5948071475331707
the twist angle is .. 0.01832595714594046
phonon params 524053712277273.6 84.80009352223715 10600.011690279644
starting sampling in reciprocal space....
finished sampling in reciprocal space....t= 0.17652249336242676  s
919 numer of sampling lattice points
taking 0 umklapps
hbvf is .. 2.1354
q is... 0.07676251561000431
hvkd is... 0.16391867583360323
kappa is.. 0.6539487179487179
alpha is.. 0.5948071475331707
the twist angle is .. 0.01832595714594046
phonon params 524053712277273.6 84.80009352223715 10600.011690279644
starting sampling in reciprocal space....
starting sampling in reciprocal space....
finished sampling in reciprocal space....t= 2.6254327297210693  s
starting sampling in reciprocal space....
finished sampling in reciprocal space....t= 2.3886654376983643  s
starting sampling in reciprocal space....
finished sampling in reciprocal space....t= 2.0078001022338867  s
Loading  ..........
number of bands in density of states calculation, 2
sum of the hist, normed? 7.99999999999991
finished sampling in reciprocal space....t= 1.9752860069274902  s
Loading  ..........
number of bands in density of states calculation, 2
sum of the hist, normed? 7.99999999999991
CHEMICAL POTENTIAL AND FILLING 0.0 0.0
starting sampling in reciprocal space....
finished sampling in reciprocal space....t= 0.19246697425842285  s
starting sampling in reciprocal space....
finished sampling in reciprocal space....t= 0.24887895584106445  s
starting dispersion ..........
CHEMICAL POTENTIAL AND FILLING 0.0 0.0
starting sampling in reciprocal space....
finished sampling in reciprocal space....t= 0.3330862522125244  s
starting sampling in reciprocal space....
finished sampling in reciprocal space....t= 0.33815622329711914  s
starting dispersion ..........
time to diag over MBZ 1478.7046353816986
starting sampling in reciprocal space....
finished sampling in reciprocal space....t= 0.0516514778137207  s
time to diag over MBZ 1511.1172006130219
(6433, 564, 2) (919, 564, 2) (6433,)
starting sampling in reciprocal space....
finished sampling in reciprocal space....t= 0.16922259330749512  s
starting sampling in reciprocal space....
finished sampling in reciprocal space....t= 0.07082247734069824  s
(6433, 564, 2) (919, 564, 2) (6433,)
starting sampling in reciprocal space....
finished sampling in reciprocal space....t= 0.18587231636047363  s
(6433, 564, 2) (919, 564, 2) (6433,)
calculating tensor that stores the overlaps........
(6433, 564, 2) (919, 564, 2) (6433,)
calculating tensor that stores the overlaps........
finsihed the overlaps.......... 31.1227605342865
calculating tensor that stores the overlaps........
finsihed the overlaps.......... 29.180400371551514
calculating tensor that stores the overlaps........
finsihed the overlaps.......... 31.925528287887573
finsihed the overlaps.......... 10.082332849502563
calculating tensor that stores the overlaps........
calculating tensor that stores the overlaps........
finsihed the overlaps.......... 24.370896100997925
calculating tensor that stores the overlaps........
finsihed the overlaps.......... 9.173092603683472
finsihed the overlaps.......... 30.302685976028442
calculating tensor that stores the overlaps........
calculating tensor that stores the overlaps........
finsihed the overlaps.......... 11.900246620178223
testing symmetry of the form factors...
plus valley form factor passed the C3 symmetry test with average difference...  1.519465992662604e-15
minus valley form factor passed the C3 symmetry test with average difference...  1.590431204583457e-15
finished testing symmetry of the form factors...
starting bubble....... 919
finsihed the overlaps.......... 17.59779953956604
calculating tensor that stores the overlaps........
finsihed the overlaps.......... 7.31335711479187
testing symmetry of the form factors...
plus valley form factor passed the C3 symmetry test with average difference...  1.7553857467291568e-15
minus valley form factor passed the C3 symmetry test with average difference...  1.6953361884897313e-15
finished testing symmetry of the form factors...
starting bubble....... 919
time for bubble... 35.47416973114014
effective speed of sound down renormalization...$-\Delta c$ 6834.80372865129
residual of the fit... 0.05776803032633999
starting bubble....... 919
time for bubble... 23.7128849029541
effective speed of sound down renormalization...$-\Delta c$ 6680.7228549704
residual of the fit... 0.07295252591473167
starting bubble....... 919
time for bubble... 23.5528564453125
effective speed of sound down renormalization...$-\Delta c$ 6989.383382977329
residual of the fit... 0.00779504890197658
starting bubble....... 919
time for bubble... 23.445436716079712
effective speed of sound down renormalization...$-\Delta c$ 7013.454431204447
residual of the fit... 0.013197984184716719
starting bubble....... 919
time for bubble... 23.54554510116577
effective speed of sound down renormalization...$-\Delta c$ 7001.504891275825
residual of the fit... 0.01880705971611049
starting bubble....... 919
time for bubble... 23.369853258132935
effective speed of sound down renormalization...$-\Delta c$ 6901.592330445106
residual of the fit... 0.007735806430916063
starting bubble....... 919
time for bubble... 23.43691921234131
effective speed of sound down renormalization...$-\Delta c$ 6854.323764094328
residual of the fit... 0.007406476393114748
starting bubble....... 919
time for bubble... 23.55993962287903
effective speed of sound down renormalization...$-\Delta c$ 6902.874789064003
residual of the fit... 0.006790701321234408
starting bubble....... 919
time for bubble... 23.73200297355652
effective speed of sound down renormalization...$-\Delta c$ 7982.795101283536
residual of the fit... 0.005836684563291741
starting bubble....... 919
time for bubble... 23.64834213256836
effective speed of sound down renormalization...$-\Delta c$ 7828.771181381569
residual of the fit... 0.014734884787341208
starting bubble....... 919
time for bubble... 23.734241724014282
effective speed of sound down renormalization...$-\Delta c$ 4344.606729819517
residual of the fit... 0.00932221240966443
starting bubble....... 919
time for bubble... 23.6614670753479
effective speed of sound down renormalization...$-\Delta c$ 4254.66209330836
residual of the fit... 0.026806729589736365
starting bubble....... 919
time for bubble... 23.582817554473877
effective speed of sound down renormalization...$-\Delta c$ 781.8938866153588
residual of the fit... 0.3051931002792043
time for sweep delta 177.07632207870483
8543.58user 615.77system 31:12.58elapsed 489%CPU (0avgtext+0avgdata 17037476maxresident)k
0inputs+1016outputs (29major+13592488minor)pagefaults 0swaps
time for bubble... 23.38775086402893
effective speed of sound down renormalization...$-\Delta c$ 934.1708637941688
residual of the fit... 0.004546091567893319
time for sweep delta 164.80058073997498
8919.62user 643.87system 31:22.04elapsed 508%CPU (0avgtext+0avgdata 22210832maxresident)k
0inputs+1176outputs (15major+13533615minor)pagefaults 0swaps
