starting sampling in reciprocal space....
finished sampling in reciprocal space....t= 0.007936477661132812  s
91 numer of sampling lattice points
taking 0 umklapps
hbvf is .. 2.3382685902179845
q is... 0.07749356643361043
hvkd is... 0.18120077233568196
kappa is.. 0.75
alpha is.. 0.5794677287880602
the twist angle is .. 0.018500490071139894
starting sampling in reciprocal space....
finished sampling in reciprocal space....t= 0.004191875457763672  s
starting sampling in reciprocal space....
finished sampling in reciprocal space....t= 0.004139423370361328  s
starting dispersion ..........
time to diag over MBZ 8.717863321304321
number of bands in density of states calculation, 2
sum of the hist, normed? 7.999999999999995
CHEMICAL POTENTIAL AND FILLING 0.0 0.0
starting sampling in reciprocal space....
finished sampling in reciprocal space....t= 0.004105567932128906  s
(1680,)
the bandwidth is ... 0.0009890785268491294
154.21user 3.69system 0:20.81elapsed 758%CPU (0avgtext+0avgdata 1373036maxresident)k
0inputs+152outputs (0major+2448139minor)pagefaults 0swaps
