starting sampling in reciprocal space....
finished sampling in reciprocal space....t= 0.052098751068115234  s
919 numer of sampling lattice points
taking 0 umklapps
hbvf is .. 2.7
q is... 0.08290332381738826
hvkd is... 0.2238389743069483
kappa is.. 0.75
alpha is.. 0.4690872102371881
the twist angle is .. 0.0197920337176157
phonon params 356481324703806.3
phonon params upsilon 4.456016558797579e+16
area ratio 0.0003917118114994384 0.00039171181149943865
correct factor by which the interaction is reduced 71.45484215558085
c tilde 1774.69348151934
starting sampling in reciprocal space....
finished sampling in reciprocal space....t= 0.36200642585754395  s
starting sampling in reciprocal space....
finished sampling in reciprocal space....t= 0.3633542060852051  s
starting dispersion ..........
time to diag over MBZ 1927.692868232727
saving  ..........
number of bands in density of states calculation, 2
sum of the hist, normed? 7.999999999999886
CHEMICAL POTENTIAL AND FILLING 0.0 0.0
starting sampling in reciprocal space....
finished sampling in reciprocal space....t= 0.05263805389404297  s
starting sampling in reciprocal space....
finished sampling in reciprocal space....t= 0.05285143852233887  s
starting dispersion ..........
time to diag over MBZ 348.220920085907
starting sampling in reciprocal space....
finished sampling in reciprocal space....t= 0.05273938179016113  s
(6433, 564, 2) (919, 564, 2) (6433,)
starting sampling in reciprocal space....
finished sampling in reciprocal space....t= 0.05234265327453613  s
(6433, 564, 2) (919, 564, 2) (6433,)
calculating tensor that stores the overlaps........
finsihed the overlaps.......... 15.155151128768921
calculating tensor that stores the overlaps........
finsihed the overlaps.......... 15.248063802719116
calculating tensor that stores the overlaps........
finsihed the overlaps.......... 15.514139652252197
calculating tensor that stores the overlaps........
finsihed the overlaps.......... 3.102717876434326
calculating tensor that stores the overlaps........
finsihed the overlaps.......... 15.962340354919434
calculating tensor that stores the overlaps........
finsihed the overlaps.......... 3.160411834716797
testing symmetry of the form factors...
plus valley form factor passed the C3 symmetry test with average difference...  2.1463033748665653e-15
minus valley form factor passed the C3 symmetry test with average difference...  2.966106305102538e-15
finished testing symmetry of the form factors...
starting bubble....... 919
time for bubble... 29.42763876914978
effective speed of sound down renormalization...$-\Delta c$ 1285.9515836552132
residual of the fit... 0.07519268692717451
starting bubble....... 919
time for bubble... 29.554800987243652
effective speed of sound down renormalization...$-\Delta c$ 1365.5610527822923
residual of the fit... 0.0009417817720983401
starting bubble....... 919
time for bubble... 29.502848625183105
effective speed of sound down renormalization...$-\Delta c$ 1609.3373355260894
residual of the fit... 0.00401635205795876
starting bubble....... 919
time for bubble... 29.429935693740845
effective speed of sound down renormalization...$-\Delta c$ 1315.6557822621319
residual of the fit... 0.03436610331338379
starting bubble....... 919
time for bubble... 29.457801342010498
effective speed of sound down renormalization...$-\Delta c$ 918.0382981082014
residual of the fit... 0.0587884321957087
starting bubble....... 919
time for bubble... 29.354658842086792
effective speed of sound down renormalization...$-\Delta c$ 543.8036471666352
residual of the fit... 0.007523527045273865
starting bubble....... 919
time for bubble... 29.401430368423462
effective speed of sound down renormalization...$-\Delta c$ 163.19931009994102
residual of the fit... 0.030170796588627036
time for sweep delta 206.14839911460876
