starting sampling in reciprocal space....
finished sampling in reciprocal space....t= 0.05153393745422363  s
919 numer of sampling lattice points
taking 0 umklapps
hbvf is .. 2.7
q is... 0.07522730698426787
hvkd is... 0.20311372885752327
kappa is.. 0.75
alpha is.. 0.5169517619050438
the twist angle is .. 0.01795943800302165
phonon params 241685764877781.2
phonon params upsilon 3.021072060972265e+16
area ratio 0.00032253274406397346 0.0003225327440639736
correct factor by which the interaction is reduced 78.7459255823597
c tilde 1610.3746531478978
starting sampling in reciprocal space....
finished sampling in reciprocal space....t= 0.36336493492126465  s
starting sampling in reciprocal space....
finished sampling in reciprocal space....t= 0.3607816696166992  s
starting dispersion ..........
time to diag over MBZ 1939.7699835300446
saving  ..........
number of bands in density of states calculation, 2
sum of the hist, normed? 7.999999999999886
CHEMICAL POTENTIAL AND FILLING 0.0 0.0
starting sampling in reciprocal space....
finished sampling in reciprocal space....t= 0.052778005599975586  s
starting sampling in reciprocal space....
finished sampling in reciprocal space....t= 0.05278182029724121  s
starting dispersion ..........
time to diag over MBZ 274.40440225601196
starting sampling in reciprocal space....
finished sampling in reciprocal space....t= 0.05232572555541992  s
(6433, 564, 2) (919, 564, 2) (6433,)
starting sampling in reciprocal space....
finished sampling in reciprocal space....t= 0.05166935920715332  s
(6433, 564, 2) (919, 564, 2) (6433,)
calculating tensor that stores the overlaps........
finsihed the overlaps.......... 15.012620210647583
calculating tensor that stores the overlaps........
finsihed the overlaps.......... 15.041370630264282
calculating tensor that stores the overlaps........
finsihed the overlaps.......... 15.043377161026001
calculating tensor that stores the overlaps........
finsihed the overlaps.......... 2.3711137771606445
calculating tensor that stores the overlaps........
finsihed the overlaps.......... 15.166946649551392
calculating tensor that stores the overlaps........
finsihed the overlaps.......... 2.7245054244995117
testing symmetry of the form factors...
plus valley form factor passed the C3 symmetry test with average difference...  4.165982510665832e-15
minus valley form factor passed the C3 symmetry test with average difference...  4.8748777255514726e-15
finished testing symmetry of the form factors...
starting bubble....... 919
time for bubble... 29.239357233047485
effective speed of sound down renormalization...$-\Delta c$ 1732.2289344839876
residual of the fit... 0.07437178000384076
starting bubble....... 919
time for bubble... 29.7458918094635
effective speed of sound down renormalization...$-\Delta c$ 1873.81666884852
residual of the fit... 0.007221268718483231
starting bubble....... 919
time for bubble... 29.3323073387146
effective speed of sound down renormalization...$-\Delta c$ 2261.130156081508
residual of the fit... 0.011699269003516756
starting bubble....... 919
time for bubble... 29.382906436920166
effective speed of sound down renormalization...$-\Delta c$ 1717.1792374227762
residual of the fit... 0.005933588680740899
starting bubble....... 919
time for bubble... 29.396233320236206
effective speed of sound down renormalization...$-\Delta c$ 1208.6590436307995
residual of the fit... 0.01707266600266149
starting bubble....... 919
time for bubble... 29.331525325775146
effective speed of sound down renormalization...$-\Delta c$ 709.9394419913434
residual of the fit... 0.034439442095872026
starting bubble....... 919
time for bubble... 29.34806990623474
effective speed of sound down renormalization...$-\Delta c$ 203.8419995469775
residual of the fit... 0.033112643686999114
time for sweep delta 205.79557394981384
