starting sampling in reciprocal space....
finished sampling in reciprocal space....t= 0.007947683334350586  s
91 numer of sampling lattice points
taking 0 umklapps
hbvf is .. 2.3382685902179845
q is... 0.07456935965397508
hvkd is... 0.17436319147155818
kappa is.. 0.3
alpha is.. 0.6021913175243033
the twist angle is .. 0.01780235837034216
starting sampling in reciprocal space....
finished sampling in reciprocal space....t= 0.004164457321166992  s
starting sampling in reciprocal space....
finished sampling in reciprocal space....t= 0.004174709320068359  s
starting dispersion ..........
time to diag over MBZ 8.255079746246338
number of bands in density of states calculation, 2
sum of the hist, normed? 7.999999999999996
CHEMICAL POTENTIAL AND FILLING 0.0 0.0
starting sampling in reciprocal space....
finished sampling in reciprocal space....t= 0.004073619842529297  s
(1680,)
the bandwidth is ... 0.007861675584589542
149.61user 3.74system 0:20.24elapsed 757%CPU (0avgtext+0avgdata 1372440maxresident)k
0inputs+176outputs (0major+2449571minor)pagefaults 0swaps
