starting sampling in reciprocal space....
finished sampling in reciprocal space....t= 0.05052614212036133  s
919 numer of sampling lattice points
taking 0 umklapps
hbvf is .. 2.3382685902179845
q is... 0.08187985878730153
hvkd is... 0.1914571019738312
kappa is.. 0.3
alpha is.. 0.5484257252277412
the twist angle is .. 0.019547687622336492
phonon params 339201177549277.3
phonon params upsilon 4.240014719365966e+16
area ratio 0.0003820999240645599 0.00038209992406455925
correct factor by which the interaction is reduced 72.34799870543021
c tilde 1752.7843874827852
starting sampling in reciprocal space....
finished sampling in reciprocal space....t= 0.5574970245361328  s
starting sampling in reciprocal space....
finished sampling in reciprocal space....t= 0.5624098777770996  s
starting dispersion ..........
time to diag over MBZ 3042.3904445171356
saving  ..........
number of bands in density of states calculation, 2
sum of the hist, normed? 8.000000000000064
CHEMICAL POTENTIAL AND FILLING 0.0 0.0
starting sampling in reciprocal space....
finished sampling in reciprocal space....t= 0.052065372467041016  s
starting sampling in reciprocal space....
finished sampling in reciprocal space....t= 0.05163168907165527  s
starting dispersion ..........
time to diag over MBZ 354.58278918266296
starting sampling in reciprocal space....
finished sampling in reciprocal space....t= 0.05187702178955078  s
(6433, 564, 2) (919, 564, 2) (6433,)
starting sampling in reciprocal space....
finished sampling in reciprocal space....t= 0.051924705505371094  s
(6433, 564, 2) (919, 564, 2) (6433,)
calculating tensor that stores the overlaps........
finsihed the overlaps.......... 15.171670198440552
calculating tensor that stores the overlaps........
finsihed the overlaps.......... 2.548731803894043
calculating tensor that stores the overlaps........
finsihed the overlaps.......... 15.368560791015625
calculating tensor that stores the overlaps........
finsihed the overlaps.......... 2.40863299369812
testing symmetry of the form factors...
plus valley form factor passed the C3 symmetry test with average difference...  2.5666486118480702e-15
minus valley form factor passed the C3 symmetry test with average difference...  2.7715565095308935e-15
finished testing symmetry of the form factors...
starting bubble....... 919
time for bubble... 29.374367713928223
effective speed of sound down renormalization...$-\Delta c$ 2320.7600099110387
residual of the fit... 0.06760867025463038
starting bubble....... 919
time for bubble... 29.546157360076904
effective speed of sound down renormalization...$-\Delta c$ 2338.1271457521902
residual of the fit... 0.0005506757914586598
starting bubble....... 919
time for bubble... 29.564650774002075
effective speed of sound down renormalization...$-\Delta c$ 2309.6949333436946
residual of the fit... 0.023660555934077374
starting bubble....... 919
time for bubble... 29.645169258117676
effective speed of sound down renormalization...$-\Delta c$ 2375.6136638229978
residual of the fit... 0.027019209169137078
starting bubble....... 919
time for bubble... 29.906519889831543
effective speed of sound down renormalization...$-\Delta c$ 2384.0886643596978
residual of the fit... 0.0018436044931394112
starting bubble....... 919
time for bubble... 29.803287982940674
effective speed of sound down renormalization...$-\Delta c$ 2442.216715684113
residual of the fit... 0.0076542499077531774
starting bubble....... 919
time for bubble... 29.646962642669678
effective speed of sound down renormalization...$-\Delta c$ 2576.8582577642965
residual of the fit... 0.032499981413751315
starting bubble....... 919
time for bubble... 29.551429510116577
effective speed of sound down renormalization...$-\Delta c$ 2782.9802612773183
residual of the fit... 0.055645226223400464
starting bubble....... 919
time for bubble... 29.4994535446167
effective speed of sound down renormalization...$-\Delta c$ 2876.349041471672
residual of the fit... 0.03557917103533732
starting bubble....... 919
time for bubble... 29.50478768348694
effective speed of sound down renormalization...$-\Delta c$ 2439.4735901624867
residual of the fit... 0.04765990823850015
starting bubble....... 919
time for bubble... 29.585660219192505
effective speed of sound down renormalization...$-\Delta c$ 2031.0718363366182
residual of the fit... 0.037043139394526366
starting bubble....... 919
time for bubble... 29.556787729263306
effective speed of sound down renormalization...$-\Delta c$ 1926.3221564727505
residual of the fit... 0.039387132324727264
starting bubble....... 919
time for bubble... 29.595432996749878
effective speed of sound down renormalization...$-\Delta c$ 1626.0438851211422
residual of the fit... 0.013673229759985854
starting bubble....... 919
time for bubble... 29.472767114639282
effective speed of sound down renormalization...$-\Delta c$ 1433.790316898026
residual of the fit... 0.025218675792668437
starting bubble....... 919
time for bubble... 29.486685276031494
effective speed of sound down renormalization...$-\Delta c$ 1160.4204682349746
residual of the fit... 0.057389994648659313
starting bubble....... 919
time for bubble... 29.49826169013977
effective speed of sound down renormalization...$-\Delta c$ 888.8527797788112
residual of the fit... 0.15256714221656945
starting bubble....... 919
time for bubble... 29.623391151428223
effective speed of sound down renormalization...$-\Delta c$ 790.5277113712366
residual of the fit... 0.07832748298522418
starting bubble....... 919
time for bubble... 29.51632785797119
effective speed of sound down renormalization...$-\Delta c$ 609.3301174628517
residual of the fit... 0.13395128109340176
starting bubble....... 919
time for bubble... 29.456764936447144
effective speed of sound down renormalization...$-\Delta c$ 343.1730836074609
residual of the fit... 0.3103366724084326
starting bubble....... 919
time for bubble... 29.589203119277954
effective speed of sound down renormalization...$-\Delta c$ 171.36409001107126
residual of the fit... 0.11543136643419347
time for sweep delta 591.4615182876587
