starting sampling in reciprocal space....
finished sampling in reciprocal space....t= 0.009303808212280273  s
91 numer of sampling lattice points
taking 0 umklapps
hbvf is .. 2.3382685902179845
q is... 0.08334195130950957
hvkd is... 0.19487586699450285
kappa is.. 0.3
alpha is.. 0.5388045303883723
the twist angle is .. 0.019896753472735354
starting sampling in reciprocal space....
finished sampling in reciprocal space....t= 0.004221677780151367  s
starting sampling in reciprocal space....
finished sampling in reciprocal space....t= 0.004157543182373047  s
starting dispersion ..........
time to diag over MBZ 8.352532386779785
number of bands in density of states calculation, 2
sum of the hist, normed? 8.0
CHEMICAL POTENTIAL AND FILLING 0.0 0.0
starting sampling in reciprocal space....
finished sampling in reciprocal space....t= 0.004217863082885742  s
(1680,)
the bandwidth is ... 0.02363182723598342
152.13user 3.88system 0:20.57elapsed 758%CPU (0avgtext+0avgdata 1371932maxresident)k
0inputs+152outputs (0major+2445966minor)pagefaults 0swaps
