starting sampling in reciprocal space....
finished sampling in reciprocal space....t= 0.04125499725341797  s
1261 numer of sampling lattice points
taking $0 umklapps
hbvf is .. 2.1354
q is... 0.0782977216577428
hvkd is... 0.167196954827944
kappa is.. 0.8174358974358973
alpha is.. 0.5831445919594261
the twist angle is .. 0.01869247628885927
phonon params... 201982875012.66858
starting sampling in reciprocal space....
finished sampling in reciprocal space....t= 0.06334447860717773  s
starting dispersion ..........
time to diag over MBZ 114.47643613815308
starting sampling in reciprocal space....
finished sampling in reciprocal space....t= 0.037900686264038086  s
(8827, 564, 2) (1261, 564, 2) (8827,)
starting sampling in reciprocal space....
finished sampling in reciprocal space....t= 0.06324052810668945  s
(8827, 564, 2) (1261, 564, 2) (8827,)
calculating tensor that stores the overlaps........
finsihed the overlaps.......... 6.679763078689575
calculating tensor that stores the overlaps........
finsihed the overlaps.......... 7.39278507232666
calculating tensor that stores the overlaps........
finsihed the overlaps.......... 7.19572639465332
calculating tensor that stores the overlaps........
finsihed the overlaps.......... 2.968514919281006
calculating tensor that stores the overlaps........
finsihed the overlaps.......... 7.612255096435547
calculating tensor that stores the overlaps........
finsihed the overlaps.......... 3.1699676513671875
testing symmetry of the form factors...
finished testing symmetry of the form factors...
starting bubble....... 1261
time for bubble... 61.975557804107666
the filling is ..  0.0
7.936923660768156e-11
[ 3.82272184e+18 -1.59511949e+16  8.70602163e+16  4.30632096e+20
 -4.90533030e+18  4.34022942e+20] 0.12358311992774738 106885.24088793546 3.131884079314058e-06
parameters of the fit... 106885.24088793546
residual of the fit... 0.12358311992774738
saving data from the run ...
starting bubble....... 1261
time for bubble... 62.29149389266968
the filling is ..  6.25e-05
7.936923660768156e-11
[ 1.31790343e+18 -1.05485824e+07 -1.16842903e+06  1.92440239e+20
  4.56185080e+09  1.92440239e+20] 0.0589969010636867 71475.25304490986 2.1639175122087552e-06
parameters of the fit... 71475.25304490986
residual of the fit... 0.0589969010636867
saving data from the run ...
starting bubble....... 1261
time for bubble... 57.83099913597107
the filling is ..  0.0001
7.936923660768156e-11
[1.24491561e+18 1.71051266e+04 2.02094300e+05 1.11008603e+20
 4.12802667e+09 1.11008603e+20] 0.08593426953094971 54344.80077276865 2.611615854430017e-06
parameters of the fit... 54344.80077276865
residual of the fit... 0.08593426953094971
saving data from the run ...
starting bubble....... 1261
time for bubble... 60.92800164222717
the filling is ..  0.0001266
7.936923660768156e-11
[ 5.54890617e+17  3.49706508e+02  5.94992481e+03  4.69927087e+19
 -3.06996299e+08  4.69927087e+19] 0.08474230286296876 35363.80466323556 2.5934401644554628e-06
parameters of the fit... 35363.80466323556
residual of the fit... 0.08474230286296876
saving data from the run ...
starting bubble....... 1261
time for bubble... 60.40854287147522
the filling is ..  0.0001429
7.936923660768156e-11
[7.66678562e+17 1.61115405e+03 5.46183629e+03 3.17543184e+19
 1.33108556e+08 3.17543184e+19] 0.22553209738518712 29158.997211038808 4.230875843131254e-06
parameters of the fit... 29158.997211038808
residual of the fit... 0.22553209738518712
saving data from the run ...
starting bubble....... 1261
time for bubble... 59.35209918022156
the filling is ..  0.00015079999999999998
7.936923660768156e-11
[4.85428153e+17 2.12411762e+01 5.10252309e+03 3.96550288e+19
 6.16830626e+07 3.96550288e+19] 0.09878568670965056 32489.2464177057 2.800097237938454e-06
parameters of the fit... 32489.2464177057
residual of the fit... 0.09878568670965056
saving data from the run ...
starting bubble....... 1261
time for bubble... 57.892149209976196
the filling is ..  0.0001587
7.936923660768156e-11
[4.25989416e+17 5.15412277e+02 4.44905187e+03 3.67936401e+19
 1.02501385e+08 3.67936401e+19] 0.09491129341745302 31289.978995627385 2.744637845689467e-06
parameters of the fit... 31289.978995627385
residual of the fit... 0.09491129341745302
saving data from the run ...
starting bubble....... 1261
time for bubble... 56.763943672180176
the filling is ..  0.0001666
7.936923660768156e-11
[4.25989416e+17 4.16187471e+02 4.64750148e+03 3.67936401e+19
 1.02496495e+08 3.67936401e+19] 0.094911293417453 31289.978995627385 2.7446378456894665e-06
parameters of the fit... 31289.978995627385
residual of the fit... 0.094911293417453
saving data from the run ...
starting bubble....... 1261
time for bubble... 59.71753168106079
the filling is ..  0.00017460000000000002
7.936923660768156e-11
[ 3.77763912e+17 -1.23090262e+02  4.26806150e+03  3.30867979e+19
  1.08061638e+08  3.30867979e+19] 0.09512404532723569 29670.7786082992 2.747712295830332e-06
parameters of the fit... 29670.7786082992
residual of the fit... 0.09512404532723569
saving data from the run ...
starting bubble....... 1261
time for bubble... 58.51944327354431
the filling is ..  0.00018429999999999998
7.936923660768156e-11
[ 3.00835187e+17  2.49296648e+01  3.36431857e+03  2.91663737e+19
 -5.80838915e+07  2.91663737e+19] 0.06959254039922506 27849.903309941605 2.350214204083477e-06
parameters of the fit... 27849.903309941605
residual of the fit... 0.06959254039922506
saving data from the run ...
starting bubble....... 1261
time for bubble... 59.67528319358826
the filling is ..  0.0001945
7.936923660768156e-11
[2.81576808e+17 2.90815646e+01 3.26187467e+03 2.69252664e+19
 4.07732566e+07 2.69252664e+19] 0.11677371155375411 26759.497434791338 3.0443784820332487e-06
parameters of the fit... 26759.497434791338
residual of the fit... 0.11677371155375411
saving data from the run ...
starting bubble....... 1261
time for bubble... 57.14297580718994
the filling is ..  0.0002075
7.936923660768156e-11
[ 2.55093271e+17  9.57348701e+01  2.87512379e+03  2.52052996e+19
 -6.49984404e+07  2.52052996e+19] 0.07717269749629355 25888.53458963844 2.4749016318303154e-06
parameters of the fit... 25888.53458963844
residual of the fit... 0.07717269749629355
saving data from the run ...
starting bubble....... 1261
time for bubble... 59.31966495513916
the filling is ..  0.0002222
7.936923660768156e-11
[2.39231752e+17 5.47629221e+01 2.47910618e+03 2.09673997e+19
 6.88723058e+07 2.09673997e+19] 0.10376494317739825 23619.626934806005 2.869798656113274e-06
parameters of the fit... 23619.626934806005
residual of the fit... 0.10376494317739825
saving data from the run ...
starting bubble....... 1261
time for bubble... 61.12597107887268
the filling is ..  0.0002524
7.936923660768156e-11
[ 1.88162958e+17  1.15419143e+02  2.18549866e+03  1.72296332e+19
 -1.16636349e+07  1.72296332e+19] 0.07540840992685158 21408.48750404522 2.4464480230925255e-06
parameters of the fit... 21408.48750404522
residual of the fit... 0.07540840992685158
saving data from the run ...
starting bubble....... 1261
time for bubble... 61.17271327972412
the filling is ..  0.000289
7.936923660768156e-11
[ 1.47484660e+17  1.88444220e+02  1.80807627e+03  1.50638050e+19
 -7.50669371e+07  1.50638050e+19] 0.10813733302244628 20012.126088507677 2.929637788325068e-06
parameters of the fit... 20012.126088507677
residual of the fit... 0.10813733302244628
saving data from the run ...
starting bubble....... 1261
time for bubble... 61.44721460342407
the filling is ..  0.0003171
7.936923660768156e-11
[ 1.36588347e+17  1.02266971e+02  1.50368609e+03  1.14294667e+19
 -1.05947002e+08  1.14294667e+19] 0.1125999069836779 17441.029212020636 2.9894763185866633e-06
parameters of the fit... 17441.029212020636
residual of the fit... 0.1125999069836779
saving data from the run ...
starting bubble....... 1261
time for bubble... 62.16020727157593
the filling is ..  0.00034920000000000003
7.936923660768156e-11
[1.02416192e+17 4.71854747e+01 1.15162070e+03 9.89522211e+18
 4.23888143e+07 9.89522211e+18] 0.12368895385686444 16221.801914781146 3.1332248314511487e-06
parameters of the fit... 16221.801914781146
residual of the fit... 0.12368895385686444
saving data from the run ...
starting bubble....... 1261
time for bubble... 61.36040139198303
the filling is ..  0.00040889999999999996
7.936923660768156e-11
[9.14120011e+16 8.33835639e+01 1.02222084e+03 7.85250116e+18
 2.80515938e+08 7.85250116e+18] 0.2388692262823597 14455.387381912595 4.354178239243133e-06
parameters of the fit... 14455.387381912595
residual of the fit... 0.2388692262823597
saving data from the run ...
starting bubble....... 1261
time for bubble... 61.49521088600159
the filling is ..  0.000483
7.936923660768156e-11
[ 5.19857786e+16 -2.29318853e+01  6.88798883e+02  6.02546180e+18
 -1.15965993e+07  6.02546180e+18] 0.075164277640475 12653.05416379746 2.4424846645357528e-06
parameters of the fit... 12653.05416379746
residual of the fit... 0.075164277640475
saving data from the run ...
starting bubble....... 1261
time for bubble... 62.119858503341675
the filling is ..  0.0005454
7.936923660768156e-11
[ 3.04332958e+16  9.22910672e+00  4.08688136e+02  3.53135144e+18
 -4.90066557e+06  3.53135144e+18] 0.08302876721577239 9686.561165350995 2.5670858712541646e-06
parameters of the fit... 9686.561165350995
residual of the fit... 0.08302876721577239
saving data from the run ...
starting bubble....... 1261
time for bubble... 61.2158317565918
the filling is ..  0.000619
7.936923660768156e-11
[ 2.41033872e+16 -1.81520695e+00  3.28630085e+02  2.90526284e+18
  4.29561144e+06  2.90526284e+18] 0.06167128836218468 8785.31023480576 2.21242018566067e-06
parameters of the fit... 8785.31023480576
residual of the fit... 0.06167128836218468
saving data from the run ...
starting bubble....... 1261
time for bubble... 60.499263525009155
the filling is ..  0.0006860000000000001
7.936923660768156e-11
[ 1.57629130e+16 -6.56008425e+00  2.38785854e+02  2.05714238e+18
 -2.31402609e+06  2.05714238e+18] 0.10168189198283296 7391.422181723172 2.8408474340418543e-06
parameters of the fit... 7391.422181723172
residual of the fit... 0.10168189198283296
saving data from the run ...
starting bubble....... 1261
starting bubble....... 1261
time for bubble... 58.644322872161865
the filling is ..  0.0007619
7.936923660768156e-11
[ 1.41293000e+16 -3.87795183e+00  2.20896797e+02  1.94962067e+18
 -3.03363970e+06  1.94962067e+18] 0.10378161169172871 7194.919970258827 2.8700291451285552e-06
parameters of the fit... 7194.919970258827
residual of the fit... 0.10378161169172871
saving data from the run ...
time for bubble... 60.32357454299927
the filling is ..  0.0008663999999999999
7.936923660768156e-11
[ 6.51348548e+15 -3.38463296e+00  8.24662093e+01  7.45696824e+17
  4.16404206e+05  7.45696824e+17] 0.07560224999612918 4451.362069116806 2.449590346979647e-06
parameters of the fit... 4451.362069116806
residual of the fit... 0.07560224999612918
saving data from the run ...
starting bubble....... 1261
time for bubble... 59.43070602416992
the filling is ..  0.001
7.936923660768156e-11
[ 5.35412529e+15 -6.07919150e+00  8.21117652e+01  6.60380350e+17
 -5.99249083e+04  6.60380350e+17] 0.07193248923138207 4188.331437953191 2.3893988276520663e-06
parameters of the fit... 4188.331437953191
residual of the fit... 0.07193248923138207
saving data from the run ...
starting bubble....... 1261
time for bubble... 57.34536075592041
the filling is ..  0.0011642
7.936923660768156e-11
[2.23553310e+15 2.12818829e+00 1.97343333e+01 1.60393461e+17
 1.34893503e+05 1.60393461e+17] 0.12165135870588079 2067.125445147005 3.107310005901084e-06
parameters of the fit... 2067.125445147005
residual of the fit... 0.12165135870588079
saving data from the run ...
starting bubble....... 1261
time for bubble... 58.646058559417725
the filling is ..  0.0014127
7.936923660768156e-11
[ 1.47777784e+14  1.41915495e-01  1.14094877e+00  9.07537481e+15
 -2.19165690e+04  9.07537481e+15] 0.42331048280606776 491.9925729988966 5.796363503813982e-06
parameters of the fit... 491.9925729988966
residual of the fit... 0.42331048280606776
saving data from the run ...
time for sweep ieps 2028.4959437847137
starting bubble....... 1261
time for bubble... 57.97613978385925
the filling is ..  0.0
7.936923660768156e-11
[ 3.98080525e+18 -9.10047004e+15  2.98926345e+16  4.40112340e+20
 -5.54345573e+18  4.44688006e+20] 0.08843793183135196 108092.20748686083 2.649386935994172e-06
parameters of the fit... 108092.20748686083
residual of the fit... 0.08843793183135196
saving data from the run ...
starting bubble....... 1261
time for bubble... 58.25830030441284
the filling is ..  6.25e-05
7.936923660768156e-11
[ 1.56421423e+18  6.23218487e+06 -1.04625308e+07  1.81545552e+20
  2.19960886e+09  1.81545552e+20] 0.06643089866916808 69453.11877850693 2.2962076810545946e-06
parameters of the fit... 69453.11877850693
residual of the fit... 0.06643089866916808
saving data from the run ...
starting bubble....... 1261
time for bubble... 60.08992648124695
the filling is ..  0.0001
7.936923660768156e-11
[ 1.36110976e+18 -5.28628206e+05  2.36419532e+07  1.07642965e+20
  2.92346223e+09  1.07642965e+20] 0.10914801381726644 53533.65019253379 2.943296541961261e-06
parameters of the fit... 53533.65019253379
residual of the fit... 0.10914801381726644
saving data from the run ...
starting bubble....... 1261
time for bubble... 60.80406999588013
the filling is ..  0.0001266
7.936923660768156e-11
[ 7.35306479e+17 -4.42455008e+06 -9.42815730e+06  4.43397407e+19
  3.41468384e+08  4.43397407e+19] 0.11011856301034306 34391.81941590968 2.956353544903892e-06
parameters of the fit... 34391.81941590968
residual of the fit... 0.11011856301034306
saving data from the run ...
starting bubble....... 1261
time for bubble... 61.45047950744629
the filling is ..  0.0001429
7.936923660768156e-11
[ 5.20447285e+17 -5.53132336e+05 -2.69084456e+06  4.78774790e+19
  9.69849329e+07  4.78774790e+19] 0.09400401592117025 35686.84496705391 2.7314880526408358e-06
parameters of the fit... 35686.84496705391
residual of the fit... 0.09400401592117025
saving data from the run ...
starting bubble....... 1261
time for bubble... 61.830060958862305
the filling is ..  0.00015079999999999998
7.936923660768156e-11
[ 5.09903564e+17  9.65566568e+05 -4.61086858e+05  4.18336755e+19
 -3.68537856e+07  4.18336755e+19] 0.09094828444076083 33369.358291918936 2.6867258711750758e-06
parameters of the fit... 33369.358291918936
residual of the fit... 0.09094828444076083
saving data from the run ...
starting bubble....... 1261
time for bubble... 62.0581328868866
the filling is ..  0.0001587
7.936923660768156e-11
[ 4.45621317e+17  2.04774110e+05 -1.96716045e+05  3.78873497e+19
  8.76303529e+07  3.78873497e+19] 0.09105405906183403 31753.080332245914 2.688287774359084e-06
parameters of the fit... 31753.080332245914
residual of the fit... 0.09105405906183403
saving data from the run ...
starting bubble....... 1261
time for bubble... 63.725186824798584
the filling is ..  0.0001666
7.936923660768156e-11
[ 4.44613229e+17  2.33978158e+05 -1.35427758e+05  3.75234349e+19
  8.53466557e+07  3.75234349e+19] 0.09334244408151599 31600.90026519034 2.7218593883309123e-06
parameters of the fit... 31600.90026519034
residual of the fit... 0.09334244408151599
saving data from the run ...
starting bubble....... 1261
time for bubble... 65.1047773361206
the filling is ..  0.00017460000000000002
7.936923660768156e-11
[4.01730624e+17 1.05615456e+05 1.99461900e+05 3.34105066e+19
 6.85197469e+07 3.34105066e+19] 0.0951188838805362 29820.0655668807 2.7476377491534186e-06
parameters of the fit... 29820.0655668807
residual of the fit... 0.0951188838805362
saving data from the run ...
starting bubble....... 1261
time for bubble... 61.677972078323364
the filling is ..  0.00018429999999999998
7.936923660768156e-11
[ 3.13776495e+17 -2.21216688e+05  5.78519320e+05  3.03989690e+19
 -3.31098743e+07  3.03989690e+19] 0.08300434106768345 28432.34695321605 2.566708239295161e-06
parameters of the fit... 28432.34695321605
residual of the fit... 0.08300434106768345
saving data from the run ...
starting bubble....... 1261
time for bubble... 61.39988350868225
the filling is ..  0.0001945
7.936923660768156e-11
[ 2.98389268e+17 -2.60330216e+05 -9.42451167e+04  2.58705860e+19
  2.99366555e+07  2.58705860e+19] 0.08995326235190217 26237.188134006246 2.671988353874503e-06
parameters of the fit... 26237.188134006246
residual of the fit... 0.08995326235190217
saving data from the run ...
starting bubble....... 1261
time for bubble... 60.745420932769775
the filling is ..  0.0002075
7.936923660768156e-11
[ 2.73643820e+17  1.27092498e+05 -3.47797246e+05  2.54063470e+19
 -1.97229009e+07  2.54063470e+19] 0.08541198221986762 25995.78052131088 2.60366738005064e-06
parameters of the fit... 25995.78052131088
residual of the fit... 0.08541198221986762
saving data from the run ...
starting bubble....... 1261
time for bubble... 59.69401812553406
the filling is ..  0.0002222
7.936923660768156e-11
[ 2.47514041e+17 -1.42815160e+03 -5.28851240e+04  2.12322540e+19
  7.25937030e+07  2.12322540e+19] 0.10308045870160377 23769.800800358433 2.860317694997522e-06
parameters of the fit... 23769.800800358433
residual of the fit... 0.10308045870160377
saving data from the run ...
starting bubble....... 1261
time for bubble... 58.70320010185242
the filling is ..  0.0002524
7.936923660768156e-11
[ 1.90713797e+17 -1.74108209e+05 -1.09028490e+04  1.78510934e+19
  9.19044668e+06  1.78510934e+19] 0.084935174725206 21789.875759745897 2.5963897972145187e-06
parameters of the fit... 21789.875759745897
residual of the fit... 0.084935174725206
saving data from the run ...
starting bubble....... 1261
time for bubble... 58.061137676239014
the filling is ..  0.000289
7.936923660768156e-11
[1.47027176e+17 2.98273772e+06 2.58631573e+04 1.49983535e+19
 1.01834688e+08 1.49983535e+19] 0.08947490618478045 19968.663657365796 2.664874293363563e-06
parameters of the fit... 19968.663657365796
residual of the fit... 0.08947490618478045
saving data from the run ...
starting bubble....... 1261
time for bubble... 59.600849866867065
the filling is ..  0.0003171
7.936923660768156e-11
[1.28084652e+17 5.22218831e+04 1.38469965e+05 1.19859874e+19
 3.07538192e+07 1.19859874e+19] 0.08102210998762244 17854.98679355928 2.535875197650942e-06
parameters of the fit... 17854.98679355928
residual of the fit... 0.08102210998762244
saving data from the run ...
starting bubble....... 1261
time for bubble... 58.885438680648804
the filling is ..  0.00034920000000000003
7.936923660768156e-11
[ 1.04901265e+17  7.53094212e+03 -2.10505820e+03  9.99860417e+18
  4.45575959e+07  9.99860417e+18] 0.12357062297975376 16306.895751433482 3.131725724427139e-06
parameters of the fit... 16306.895751433482
residual of the fit... 0.12357062297975376
saving data from the run ...
starting bubble....... 1261
time for bubble... 56.67501378059387
the filling is ..  0.00040889999999999996
7.936923660768156e-11
[ 8.01252451e+16  8.77137631e+05 -9.44454994e+05  7.28810618e+18
  3.82194218e+07  7.28810618e+18] 0.11663031975180908 13923.974095014593 3.042508741813389e-06
parameters of the fit... 13923.974095014593
residual of the fit... 0.11663031975180908
saving data from the run ...
starting bubble....... 1261
time for bubble... 57.054322719573975
the filling is ..  0.000483
7.936923660768156e-11
[ 5.26014234e+16 -4.30606460e+04 -1.66342724e+05  6.16550193e+18
 -3.80829449e+07  6.16550193e+18] 0.06989632995227053 12798.94069785257 2.355338266574536e-06
parameters of the fit... 12798.94069785257
residual of the fit... 0.06989632995227053
saving data from the run ...
starting bubble....... 1261
time for bubble... 58.73111319541931
the filling is ..  0.0005454
7.936923660768156e-11
[ 3.13444991e+16  6.00474526e+03 -6.30108396e+03  3.56928836e+18
 -4.49784042e+06  3.56928836e+18] 0.08305956902734125 9738.849804238565 2.5675619927594946e-06
parameters of the fit... 9738.849804238565
residual of the fit... 0.08305956902734125
saving data from the run ...
starting bubble....... 1261
time for bubble... 59.98358654975891
the filling is ..  0.000619
7.936923660768156e-11
[2.46738487e+16 1.24556580e+02 1.04047762e+02 2.93915228e+18
 4.25985068e+06 2.93915228e+18] 0.06219516730613487 8836.61784304049 2.2217972341721374e-06
parameters of the fit... 8836.61784304049
residual of the fit... 0.06219516730613487
saving data from the run ...
starting bubble....... 1261
time for bubble... 58.369348764419556
the filling is ..  0.0006860000000000001
7.936923660768156e-11
[ 1.62178514e+16 -1.31524992e+02  8.45730506e+01  2.08466145e+18
 -2.27001579e+06  2.08466145e+18] 0.10186392999932072 7440.91363103191 2.8433892385504307e-06
parameters of the fit... 7440.91363103191
residual of the fit... 0.10186392999932072
saving data from the run ...
starting bubble....... 1261
time for bubble... 60.27603507041931
the filling is ..  0.0007619
7.936923660768156e-11
[ 1.44844775e+16 -2.82339838e+01 -5.40736952e+00  1.97221282e+18
 -3.06084216e+06  1.97221282e+18] 0.10391187369524979 7236.662134330179 2.8718297459399995e-06
parameters of the fit... 7236.662134330179
residual of the fit... 0.10391187369524979
saving data from the run ...
starting bubble....... 1261
time for bubble... 61.69316577911377
the filling is ..  0.0008663999999999999
7.936923660768156e-11
[ 6.80405912e+15  4.92350851e+02 -2.23532889e+02  7.63526466e+17
  4.49946917e+05  7.63526466e+17] 0.07711443937533247 4504.46183228814 2.47396729660064e-06
parameters of the fit... 4504.46183228814
residual of the fit... 0.07711443937533247
saving data from the run ...
starting bubble....... 1261
time for bubble... 62.146493673324585
the filling is ..  0.001
7.936923660768156e-11
[ 5.55228855e+15 -7.29012518e+01 -2.77035775e+01  6.73659624e+17
 -6.93237208e+04  6.73659624e+17] 0.07258475168148952 4230.373921163109 2.400207559841014e-06
parameters of the fit... 4230.373921163109
residual of the fit... 0.07258475168148952
saving data from the run ...
starting bubble....... 1261
time for bubble... 62.403743743896484
the filling is ..  0.0011642
7.936923660768156e-11
[2.35525595e+15 2.91732285e+03 1.41895037e+03 1.74066158e+17
 2.72712916e+04 1.74066158e+17] 0.10970706203480968 2153.2119816991503 2.950824590546583e-06
parameters of the fit... 2153.2119816991503
residual of the fit... 0.10970706203480968
saving data from the run ...
starting bubble....... 1261
time for bubble... 62.41831946372986
the filling is ..  0.0014127
7.936923660768156e-11
[ 4.34154169e+14  4.43592951e+03 -8.25940004e+03  8.26260739e+15
 -9.85203265e+04  8.26260739e+15] 0.28864010429500686 473.64757761715214 4.7863498338771975e-06
parameters of the fit... 473.64757761715214
residual of the fit... 0.28864010429500686
saving data from the run ...
time for sweep delta 2071.677872657776
9182.05user 4965.56system 1:11:41elapsed 328%CPU (0avgtext+0avgdata 101004128maxresident)k
0inputs+6888outputs (147major+2551600308minor)pagefaults 0swaps
starting sampling in reciprocal space....
finished sampling in reciprocal space....t= 0.042324066162109375  s
1261 numer of sampling lattice points
taking $0 umklapps
hbvf is .. 2.1354
q is... 0.0782977216577428
hvkd is... 0.167196954827944
kappa is.. 0.8174358974358973
alpha is.. 0.5831445919594261
the twist angle is .. 0.01869247628885927
phonon params... 201982875012.66858
starting sampling in reciprocal space....
finished sampling in reciprocal space....t= 0.0639643669128418  s
starting dispersion ..........
time to diag over MBZ 117.28180503845215
starting sampling in reciprocal space....
finished sampling in reciprocal space....t= 0.038910627365112305  s
(8827, 564, 2) (1261, 564, 2) (8827,)
starting sampling in reciprocal space....
finished sampling in reciprocal space....t= 0.0640110969543457  s
(8827, 564, 2) (1261, 564, 2) (8827,)
calculating tensor that stores the overlaps........
finsihed the overlaps.......... 7.609152555465698
calculating tensor that stores the overlaps........
finsihed the overlaps.......... 3.2073495388031006
calculating tensor that stores the overlaps........
finsihed the overlaps.......... 7.381243705749512
calculating tensor that stores the overlaps........
finsihed the overlaps.......... 2.972684621810913
testing symmetry of the form factors...
finished testing symmetry of the form factors...
starting bubble....... 1261
starting bubble....... 1261
time for bubble... 61.1058235168457
the filling is ..  0.0
7.936923660768156e-11
[ 4.88513890e+18  4.52066941e+16 -7.00056066e+16  3.55865364e+20
 -2.04697179e+18  3.56800523e+20] 0.15066441557890475 97285.69806057999 3.4580514236257613e-06
parameters of the fit... 97285.69806057999
residual of the fit... 0.15066441557890475
saving data from the run ...
starting bubble....... 1261
time for bubble... 57.924132347106934
the filling is ..  6.25e-05
7.936923660768156e-11
[ 1.54391260e+18 -1.05795973e+06  1.01434831e+06  1.79298467e+20
 -3.11480437e+09  1.79298467e+20] 0.07355880620680177 69021.86136929075 2.4162587391267195e-06
parameters of the fit... 69021.86136929075
residual of the fit... 0.07355880620680177
saving data from the run ...
starting bubble....... 1261
time for bubble... 58.92959189414978
the filling is ..  0.0001
7.936923660768156e-11
[ 1.27270139e+18  1.84985948e+05  1.57311008e+05  1.05472197e+20
 -1.84629440e+09  1.05472197e+20] 0.10814045389236818 52983.50186477781 2.929680063052184e-06
parameters of the fit... 52983.50186477781
residual of the fit... 0.10814045389236818
saving data from the run ...
starting bubble....... 1261
time for bubble... 57.63750123977661
the filling is ..  0.0001266
7.936923660768156e-11
[ 5.30196732e+17  2.34530412e+02  6.17580241e+03  5.10537343e+19
 -2.72437570e+08  5.10537343e+19] 0.08053544434968885 36847.14630320835 2.5282477603856836e-06
parameters of the fit... 36847.14630320835
residual of the fit... 0.08053544434968885
saving data from the run ...
starting bubble....... 1261
time for bubble... 57.88207745552063
the filling is ..  0.0001429
7.936923660768156e-11
[ 5.17978694e+17  7.62055708e+01  5.32348154e+03  4.21203405e+19
 -3.83776591e+08  4.21203405e+19] 0.09642528856835382 33484.39962350132 2.7664420368671465e-06
parameters of the fit... 33484.39962350132
residual of the fit... 0.09642528856835382
saving data from the run ...
starting bubble....... 1261
time for bubble... 57.9773325920105
the filling is ..  0.00015079999999999998
7.936923660768156e-11
[ 4.78974147e+17  3.60204008e+02  5.21460620e+03  4.01321573e+19
 -2.67199918e+08  4.01321573e+19] 0.0969616130665808 32681.62887672724 2.7741249447968125e-06
parameters of the fit... 32681.62887672724
residual of the fit... 0.0969616130665808
saving data from the run ...
starting bubble....... 1261
time for bubble... 57.15218544006348
the filling is ..  0.0001587
7.936923660768156e-11
[ 4.19954181e+17  5.77006541e+02  4.41002347e+03  3.65938625e+19
 -2.70828269e+08  3.65938625e+19] 0.09332352800544474 31204.127139442106 2.7215835786041444e-06
parameters of the fit... 31204.127139442106
residual of the fit... 0.09332352800544474
saving data from the run ...
starting bubble....... 1261
time for bubble... 59.872081995010376
the filling is ..  0.0001666
7.936923660768156e-11
[ 4.19954181e+17  5.77006541e+02  4.41002347e+03  3.65938625e+19
 -2.70828269e+08  3.65938625e+19] 0.09332352800544474 31204.127139442106 2.7215835786041444e-06
parameters of the fit... 31204.127139442106
residual of the fit... 0.09332352800544474
saving data from the run ...
starting bubble....... 1261
time for bubble... 55.56960487365723
the filling is ..  0.00017460000000000002
7.936923660768156e-11
[ 4.26240310e+17  1.01767565e+02  4.01100066e+03  3.12389129e+19
 -1.71367157e+08  3.12389129e+19] 0.08636602474269771 28846.281416988546 2.6181683392532372e-06
parameters of the fit... 28846.281416988546
residual of the fit... 0.08636602474269771
saving data from the run ...
starting bubble....... 1261
time for bubble... 56.92741513252258
the filling is ..  0.00018429999999999998
7.936923660768156e-11
[3.42999073e+17 1.89802982e+02 3.25633384e+03 2.70013271e+19
 2.65379102e+07 2.70013271e+19] 0.0783495383273384 26812.226730329246 2.493700672816434e-06
parameters of the fit... 26812.226730329246
residual of the fit... 0.0783495383273384
saving data from the run ...
starting bubble....... 1261
time for bubble... 59.2874321937561
the filling is ..  0.0001945
7.936923660768156e-11
[ 2.99552000e+17  6.59008961e+01  3.22774678e+03  2.62454409e+19
 -6.96612906e+07  2.62454409e+19] 0.1015523481709681 26425.796846749647 2.8390372223779008e-06
parameters of the fit... 26425.796846749647
residual of the fit... 0.1015523481709681
saving data from the run ...
starting bubble....... 1261
time for bubble... 56.69262957572937
the filling is ..  0.0002075
7.936923660768156e-11
[ 2.74970668e+17 -6.22427923e+01  3.06757832e+03  2.41610259e+19
 -2.90973190e+07  2.41610259e+19] 0.099355058071514 25354.51498192009 2.8081551082958253e-06
parameters of the fit... 25354.51498192009
residual of the fit... 0.099355058071514
saving data from the run ...
starting bubble....... 1261
time for bubble... 56.37830710411072
the filling is ..  0.0002222
7.936923660768156e-11
[ 2.35515719e+17  8.00167715e+01  2.60058978e+03  2.14300761e+19
 -3.58969821e+07  2.14300761e+19] 0.0901832239448246 23876.31416534768 2.675401584682254e-06
parameters of the fit... 23876.31416534768
residual of the fit... 0.0901832239448246
saving data from the run ...
starting bubble....... 1261
time for bubble... 57.752774715423584
the filling is ..  0.0002524
7.936923660768156e-11
[1.82773475e+17 5.61654804e+01 2.13081738e+03 1.74280723e+19
 8.37869884e+06 1.74280723e+19] 0.08582025805577898 21529.09727722865 2.6098828263662354e-06
parameters of the fit... 21529.09727722865
residual of the fit... 0.08582025805577898
saving data from the run ...
time for bubble... 56.63236427307129
the filling is ..  0.000289
7.936923660768156e-11
[ 1.38581479e+17  2.73502341e+02  1.76661386e+03  1.37175004e+19
 -2.11491905e+07  1.37175004e+19] 0.10000203453807784 19098.403854167896 2.8172832907789453e-06
parameters of the fit... 19098.403854167896
residual of the fit... 0.10000203453807784
saving data from the run ...
starting bubble....... 1261
starting bubble....... 1261
time for bubble... 55.573192834854126
the filling is ..  0.0003171
7.936923660768156e-11
[1.55650224e+17 1.28731200e+02 1.42770732e+03 1.07949021e+19
 3.75644229e+06 1.07949021e+19] 0.12440824289940912 16960.34649322467 3.142321954642637e-06
parameters of the fit... 16960.34649322467
residual of the fit... 0.12440824289940912
saving data from the run ...
time for bubble... 58.425679445266724
the filling is ..  0.00034920000000000003
7.936923660768156e-11
[ 1.03175402e+17 -4.56408733e+01  1.11826887e+03  9.75010888e+18
  3.08321400e+07  9.75010888e+18] 0.09355329720945628 16103.345148271384 2.7249318856892717e-06
parameters of the fit... 16103.345148271384
residual of the fit... 0.09355329720945628
saving data from the run ...
starting bubble....... 1261
starting bubble....... 1261
time for bubble... 57.36321210861206
the filling is ..  0.00040889999999999996
7.936923660768156e-11
[ 7.11575499e+16 -6.93829556e+00  9.02127935e+02  7.31979910e+18
  2.58827760e+07  7.31979910e+18] 0.0962894807158449 13949.799600192675 2.764493186420738e-06
parameters of the fit... 13949.799600192675
residual of the fit... 0.0962894807158449
saving data from the run ...
starting bubble....... 1261
time for bubble... 57.353708028793335
the filling is ..  0.000483
7.936923660768156e-11
[ 5.00633157e+16 -6.64307976e+01  6.38971119e+02  5.48867084e+18
 -4.21060696e+06  5.48867084e+18] 0.09524644107775274 12077.780680553544 2.749479463087469e-06
parameters of the fit... 12077.780680553544
residual of the fit... 0.09524644107775274
saving data from the run ...
starting bubble....... 1261
time for bubble... 59.03481459617615
the filling is ..  0.0005454
7.936923660768156e-11
[3.45198942e+16 3.24208753e-02 4.09776816e+02 3.50296035e+18
 8.49531807e+06 3.50296035e+18] 0.16639963296621985 9650.512896257094 3.634145269568523e-06
parameters of the fit... 9650.512896257094
residual of the fit... 0.16639963296621985
saving data from the run ...
starting bubble....... 1261
time for bubble... 58.93425488471985
the filling is ..  0.000619
7.936923660768156e-11
[ 2.47667653e+16 -9.38217025e+00  3.14489264e+02  2.92942251e+18
  1.25966607e+07  2.92942251e+18] 0.11107476093000554 8822.110250005193 2.9691613262662695e-06
parameters of the fit... 8822.110250005193
residual of the fit... 0.11107476093000554
saving data from the run ...
time for bubble... 59.8043909072876
the filling is ..  0.0006860000000000001
7.936923660768156e-11
[ 1.09732831e+16 -6.26755836e+00  1.89608522e+02  1.74673451e+18
 -2.79462472e+06  1.74673451e+18] 0.1925089173719231 6808.633124407372 3.908872703476129e-06
parameters of the fit... 6808.633124407372
residual of the fit... 0.1925089173719231
saving data from the run ...
starting bubble....... 1261
starting bubble....... 1261
time for bubble... 58.79761290550232
the filling is ..  0.0007619
7.936923660768156e-11
[ 9.88224210e+15 -1.14854707e+01  1.72684876e+02  1.70345984e+18
 -7.02675229e+06  1.70345984e+18] 0.13786939751513738 6722.9576896539775 3.307958408495706e-06
parameters of the fit... 6722.9576896539775
residual of the fit... 0.13786939751513738
saving data from the run ...
starting bubble....... 1261
time for bubble... 60.19036793708801
the filling is ..  0.0008663999999999999
7.936923660768156e-11
[ 3.55496171e+15 -8.92478138e+00  6.91789507e+01  7.31524478e+17
 -7.35377606e+05  7.31524478e+17] 0.21821047451387707 4404.60428261917 4.161634148020027e-06
parameters of the fit... 4404.60428261917
residual of the fit... 0.21821047451387707
saving data from the run ...
starting bubble....... 1261
time for bubble... 62.027809619903564
the filling is ..  0.001
7.936923660768156e-11
[ 3.46279680e+15 -5.85955690e+00  6.29975830e+01  6.67612355e+17
 -1.89587286e+06  6.67612355e+17] 0.12062734801393797 4208.139048501731 3.094204344556996e-06
parameters of the fit... 4208.139048501731
residual of the fit... 0.12062734801393797
saving data from the run ...
starting bubble....... 1261
time for bubble... 60.234206676483154
the filling is ..  0.0011642
7.936923660768156e-11
[ 8.19146030e+14 -4.37359330e+00  2.16298227e+01  2.23957568e+17
 -1.95382860e+05  2.23957568e+17] 0.24164262000836825 2436.380421104653 4.379382408735765e-06
parameters of the fit... 2436.380421104653
residual of the fit... 0.24164262000836825
saving data from the run ...
time for bubble... 57.77292585372925
the filling is ..  0.0014127
7.936923660768156e-11
[ 1.37555559e+13 -6.19557232e-01  1.41519824e+00  1.92281264e+16
 -4.43342152e+04  1.92281264e+16] 0.35645568318716786 713.3647036206281 5.31898631874863e-06
parameters of the fit... 713.3647036206281
residual of the fit... 0.35645568318716786
saving data from the run ...
time for sweep ieps 1461.7665584087372
starting bubble....... 1261
starting bubble....... 1261
time for bubble... 61.71088886260986
the filling is ..  0.0
7.936923660768156e-11
[ 4.47180977e+18  3.30071956e+14 -3.27963342e+16  3.86945943e+20
  2.94420908e+18  3.85000366e+20] 0.11454890754150251 101533.91566609926 3.015237858911458e-06
parameters of the fit... 101533.91566609926
residual of the fit... 0.11454890754150251
saving data from the run ...
starting bubble....... 1261
time for bubble... 61.93494892120361
the filling is ..  6.25e-05
7.936923660768156e-11
[ 1.71927823e+18  1.46276073e+07 -1.03611252e+06  1.69749618e+20
  7.30545429e+08  1.69749618e+20] 0.0788684352366706 67184.14114078766 2.501944743030293e-06
parameters of the fit... 67184.14114078766
residual of the fit... 0.0788684352366706
saving data from the run ...
starting bubble....... 1261
time for bubble... 62.09037160873413
the filling is ..  0.0001
7.936923660768156e-11
[ 1.29288553e+18 -2.91465892e+06  2.82613722e+07  1.09813942e+20
 -6.86328442e+08  1.09813942e+20] 0.0887920144725702 54059.09247758269 2.654685368465745e-06
parameters of the fit... 54059.09247758269
residual of the fit... 0.0887920144725702
saving data from the run ...
starting bubble....... 1261
time for bubble... 61.51307010650635
the filling is ..  0.0001266
7.936923660768156e-11
[ 7.10145191e+17 -7.85782505e+06 -1.04613164e+07  4.76920173e+19
 -1.25234076e+08  4.76920173e+19] 0.09956749969542622 35653.241286888064 2.8111557128272964e-06
parameters of the fit... 35653.241286888064
residual of the fit... 0.09956749969542622
saving data from the run ...
starting bubble....... 1261
time for bubble... 61.58452820777893
the filling is ..  0.0001429
7.936923660768156e-11
[ 5.35393942e+17  3.27542882e+05 -1.24489088e+06  4.40130502e+19
 -2.25530998e+08  4.40130502e+19] 0.09007247875577751 34227.323873009685 2.673758380670863e-06
parameters of the fit... 34227.323873009685
residual of the fit... 0.09007247875577751
saving data from the run ...
starting bubble....... 1261
time for bubble... 61.37854218482971
the filling is ..  0.00015079999999999998
7.936923660768156e-11
[ 5.03749527e+17  7.64456353e+04 -4.37172813e+05  4.08890094e+19
 -2.22469651e+08  4.08890094e+19] 0.09591797311849048 32991.516946175034 2.759154998069284e-06
parameters of the fit... 32991.516946175034
residual of the fit... 0.09591797311849048
saving data from the run ...
starting bubble....... 1261
time for bubble... 61.52693510055542
the filling is ..  0.0001587
7.936923660768156e-11
[ 4.41552781e+17  3.57301158e+04 -2.00962983e+05  3.70797359e+19
 -2.47864105e+08  3.70797359e+19] 0.09261691283336 31413.973469537177 2.711260531292404e-06
parameters of the fit... 31413.973469537177
residual of the fit... 0.09261691283336
saving data from the run ...
starting bubble....... 1261
time for bubble... 59.07215642929077
the filling is ..  0.0001666
7.936923660768156e-11
[ 4.45651508e+17  1.45570495e+05 -1.14255093e+05  3.66954350e+19
 -2.57502613e+08  3.66954350e+19] 0.09222826939710457 31252.595474340415 2.705565991746605e-06
parameters of the fit... 31252.595474340415
residual of the fit... 0.09222826939710457
saving data from the run ...
time for bubble... 59.87506079673767
the filling is ..  0.00017460000000000002
7.936923660768156e-11
[ 4.15538135e+17  2.97645925e+05  4.96160434e+05  3.29448554e+19
 -2.05862383e+08  3.29448554e+19] 0.09195535177447062 29615.865650276704 2.701559933136881e-06
parameters of the fit... 29615.865650276704
residual of the fit... 0.09195535177447062
saving data from the run ...
starting bubble....... 1261
starting bubble....... 1261
time for bubble... 59.542821407318115
the filling is ..  0.00018429999999999998
7.936923660768156e-11
[ 3.58499215e+17  1.11484664e+05 -4.25311777e+05  2.72969946e+19
 -1.05014819e+08  2.72969946e+19] 0.10083794038018586 26961.506666282174 2.8290334655260368e-06
parameters of the fit... 26961.506666282174
residual of the fit... 0.10083794038018586
saving data from the run ...
starting bubble....... 1261
time for bubble... 59.03914761543274
the filling is ..  0.0001945
7.936923660768156e-11
[ 3.14519097e+17 -1.35626999e+05  1.07667329e+05  2.62132358e+19
  6.76703772e+06  2.62132358e+19] 0.10011333596232053 26413.418846807697 2.818850661098905e-06
parameters of the fit... 26413.418846807697
residual of the fit... 0.10011333596232053
saving data from the run ...
starting bubble....... 1261
time for bubble... 58.8914053440094
the filling is ..  0.0002075
7.936923660768156e-11
[ 2.85058646e+17  4.94625772e+04 -6.00807221e+04  2.44021448e+19
 -7.14784353e+06  2.44021448e+19] 0.09976951676587899 25482.621837365736 2.8140061091662723e-06
parameters of the fit... 25482.621837365736
residual of the fit... 0.09976951676587899
saving data from the run ...
starting bubble....... 1261
time for bubble... 57.79199194908142
the filling is ..  0.0002222
7.936923660768156e-11
[ 2.43181560e+17 -1.47606004e+04 -2.32035462e+04  2.16123798e+19
 -2.80898518e+07  2.16123798e+19] 0.09039950904262503 23979.2177543709 2.6786078515569155e-06
parameters of the fit... 23979.2177543709
residual of the fit... 0.09039950904262503
saving data from the run ...
starting bubble....... 1261
time for bubble... 59.88641357421875
the filling is ..  0.0002524
7.936923660768156e-11
[ 1.86953487e+17 -9.05283746e+03 -3.79112398e+03  1.76235765e+19
  1.25915642e+07  1.76235765e+19] 0.08698261283518781 21650.165450255776 2.627497588746825e-06
parameters of the fit... 21650.165450255776
residual of the fit... 0.08698261283518781
saving data from the run ...
starting bubble....... 1261
time for bubble... 56.376280546188354
the filling is ..  0.000289
7.936923660768156e-11
[1.41279521e+17 1.18621677e+06 1.25921046e+04 1.37124124e+19
 4.13446360e+07 1.37124124e+19] 0.09220894529977312 19095.813946802788 2.7052825354928195e-06
parameters of the fit... 19095.813946802788
residual of the fit... 0.09220894529977312
saving data from the run ...
starting bubble....... 1261
time for bubble... 58.796685218811035
the filling is ..  0.0003171
7.936923660768156e-11
[1.54588742e+17 4.00242593e+04 5.19242897e+03 1.10868302e+19
 4.21087588e+07 1.10868302e+19] 0.11044055210029258 17186.11889372517 2.9606726112035934e-06
parameters of the fit... 17186.11889372517
residual of the fit... 0.11044055210029258
saving data from the run ...
starting bubble....... 1261
time for bubble... 57.74144458770752
the filling is ..  0.00034920000000000003
7.936923660768156e-11
[ 1.04842981e+17 -4.16501936e+05  3.82569243e+05  1.00588041e+19
  1.62004624e+08  1.00588041e+19] 0.09864274259456751 16355.633634801872 2.798070616803453e-06
parameters of the fit... 16355.633634801872
residual of the fit... 0.09864274259456751
saving data from the run ...
starting bubble....... 1261
time for bubble... 56.30536866188049
the filling is ..  0.00040889999999999996
7.936923660768156e-11
[ 7.29274788e+16 -1.83791867e+05  1.27753763e+05  7.14146395e+18
 -1.19475189e+07  7.14146395e+18] 0.09072551453510319 13780.501212703944 2.683433403215041e-06
parameters of the fit... 13780.501212703944
residual of the fit... 0.09072551453510319
saving data from the run ...
starting bubble....... 1261
time for bubble... 58.28558611869812
the filling is ..  0.000483
7.936923660768156e-11
[ 5.07447372e+16 -8.41661190e+04 -3.48601444e+05  5.68954593e+18
 -5.93960942e+07  5.68954593e+18] 0.09147462526640647 12296.187789082274 2.6944890380865202e-06
parameters of the fit... 12296.187789082274
residual of the fit... 0.09147462526640647
saving data from the run ...
starting bubble....... 1261
time for bubble... 56.10229825973511
the filling is ..  0.0005454
7.936923660768156e-11
[ 3.63471470e+16 -3.51249067e+03  9.40197317e+01  3.49900768e+18
  1.20189833e+07  3.49900768e+18] 0.1666896740706734 9646.34630177247 3.637311119683412e-06
parameters of the fit... 9646.34630177247
residual of the fit... 0.1666896740706734
saving data from the run ...
starting bubble....... 1261
time for bubble... 58.11336898803711
the filling is ..  0.000619
7.936923660768156e-11
[2.56254561e+16 5.65590161e+02 8.15380406e+02 2.94790392e+18
 1.22629056e+07 2.94790392e+18] 0.11106489968927792 8850.420333005275 2.9690295219560746e-06
parameters of the fit... 8850.420333005275
residual of the fit... 0.11106489968927792
saving data from the run ...
starting bubble....... 1261
time for bubble... 57.50647830963135
the filling is ..  0.0006860000000000001
7.936923660768156e-11
[ 1.16827434e+16 -2.86031864e+03  1.91440872e+03  1.76113513e+18
 -2.70079597e+06  1.76113513e+18] 0.18753029530197754 6837.24057594862 3.857996420284893e-06
parameters of the fit... 6837.24057594862
residual of the fit... 0.18753029530197754
saving data from the run ...
starting bubble....... 1261
time for bubble... 59.62340044975281
the filling is ..  0.0007619
7.936923660768156e-11
[ 1.07259495e+16 -1.81047032e+03  1.35426268e+03  1.70389621e+18
 -7.85930357e+06  1.70389621e+18] 0.13206142524970035 6724.646123827987 3.237532163143884e-06
parameters of the fit... 6724.646123827987
residual of the fit... 0.13206142524970035
saving data from the run ...
starting bubble....... 1261
time for bubble... 60.37084746360779
the filling is ..  0.0008663999999999999
7.936923660768156e-11
[ 4.36714652e+15 -4.50125725e+03  2.81509186e+02  7.40074397e+17
  1.01766794e+06  7.40074397e+17] 0.18723471044396767 4431.419954795983 3.854954738307315e-06
parameters of the fit... 4431.419954795983
residual of the fit... 0.18723471044396767
saving data from the run ...
starting bubble....... 1261
time for bubble... 58.26816153526306
the filling is ..  0.001
7.936923660768156e-11
[ 3.74777964e+15 -1.14501436e+02 -3.53087817e+00  6.75093244e+17
 -1.98038151e+06  6.75093244e+17] 0.1169076199690868 4232.035154744763 3.0461235284484715e-06
parameters of the fit... 4232.035154744763
residual of the fit... 0.1169076199690868
saving data from the run ...
starting bubble....... 1261
time for bubble... 60.02565884590149
the filling is ..  0.0011642
7.936923660768156e-11
[ 1.39025089e+15  6.15847150e+03 -4.86601422e+03  2.15153472e+17
  8.05668871e+04  2.15153472e+17] 0.20600326751850126 2389.681877882871 4.043553150588161e-06
parameters of the fit... 2389.681877882871
residual of the fit... 0.20600326751850126
saving data from the run ...
time for bubble... 59.11135721206665
the filling is ..  0.0014127
7.936923660768156e-11
Bubble.py:640: RuntimeWarning: invalid value encountered in sqrt
  print(popt, res/nn, np.sqrt(np.mean(popt)*scaling_fac),np.sqrt(res*scaling_fac/nn))
[ 7.28048997e+14  1.17903205e+04 -9.35579525e+03 -3.96990057e+15
  9.17374054e+04 -3.96990057e+15] 0.45725449898494547 nan 6.024279253144148e-06
Bubble.py:641: RuntimeWarning: invalid value encountered in sqrt
  return popt, res/nn, np.sqrt(np.mean(popt)*scaling_fac),np.sqrt(res*scaling_fac/nn)
parameters of the fit... nan
residual of the fit... 0.45725449898494547
saving data from the run ...
time for sweep delta 1456.809864282608
8437.41user 3520.04system 51:39.99elapsed 385%CPU (0avgtext+0avgdata 71788392maxresident)k
0inputs+6720outputs (196major+1838748185minor)pagefaults 0swaps
