starting sampling in reciprocal space....
finished sampling in reciprocal space....t= 0.0067522525787353516  s
91 numer of sampling lattice points
taking 0 umklapps
hbvf is .. 2.3382685902179845
q is... 0.07530041221461896
hvkd is... 0.17607258871191017
kappa is.. 0.75
alpha is.. 0.5963449550446545
the twist angle is .. 0.017976891295541593
starting sampling in reciprocal space....
finished sampling in reciprocal space....t= 0.004190206527709961  s
starting sampling in reciprocal space....
finished sampling in reciprocal space....t= 0.004133701324462891  s
starting dispersion ..........
time to diag over MBZ 8.98950481414795
number of bands in density of states calculation, 2
sum of the hist, normed? 7.999999999999992
CHEMICAL POTENTIAL AND FILLING 0.0 0.0
starting sampling in reciprocal space....
finished sampling in reciprocal space....t= 0.003948688507080078  s
(240,)
the bandwidth is ... 0.007949720065848253
157.52user 3.85system 0:21.30elapsed 757%CPU (0avgtext+0avgdata 1373448maxresident)k
0inputs+216outputs (0major+2446728minor)pagefaults 0swaps
