starting sampling in reciprocal space....
finished sampling in reciprocal space....t= 0.05082845687866211  s
919 numer of sampling lattice points
taking 0 umklapps
hbvf is .. 2.7
q is... 0.06755122699017235
hvkd is... 0.18238831287346535
kappa is.. 0.75
alpha is.. 0.5756947818956214
the twist angle is .. 0.016126842288427607
phonon params 157138274099976.62
phonon params upsilon 1.9642284262497076e+16
area ratio 0.0002600694056590502 0.00026006940565905017
correct factor by which the interaction is reduced 87.69409796814375
c tilde 1446.0544727031522
starting sampling in reciprocal space....
finished sampling in reciprocal space....t= 0.3618640899658203  s
starting sampling in reciprocal space....
finished sampling in reciprocal space....t= 0.36539459228515625  s
starting dispersion ..........
time to diag over MBZ 1847.7921967506409
saving  ..........
number of bands in density of states calculation, 2
sum of the hist, normed? 8.000000000000002
CHEMICAL POTENTIAL AND FILLING 0.0 0.0
starting sampling in reciprocal space....
finished sampling in reciprocal space....t= 0.05177903175354004  s
starting sampling in reciprocal space....
finished sampling in reciprocal space....t= 0.052336692810058594  s
starting dispersion ..........
time to diag over MBZ 247.93417954444885
starting sampling in reciprocal space....
finished sampling in reciprocal space....t= 0.05168461799621582  s
(6433, 564, 2) (919, 564, 2) (6433,)
starting sampling in reciprocal space....
finished sampling in reciprocal space....t= 0.05135369300842285  s
(6433, 564, 2) (919, 564, 2) (6433,)
calculating tensor that stores the overlaps........
finsihed the overlaps.......... 15.125678062438965
calculating tensor that stores the overlaps........
finsihed the overlaps.......... 15.245894193649292
calculating tensor that stores the overlaps........
finsihed the overlaps.......... 15.105978965759277
calculating tensor that stores the overlaps........
finsihed the overlaps.......... 2.8367018699645996
calculating tensor that stores the overlaps........
finsihed the overlaps.......... 15.470715045928955
calculating tensor that stores the overlaps........
finsihed the overlaps.......... 2.9651405811309814
testing symmetry of the form factors...
plus valley form factor passed the C3 symmetry test with average difference...  3.3062914345793767e-15
minus valley form factor passed the C3 symmetry test with average difference...  2.5511018434484822e-15
finished testing symmetry of the form factors...
starting bubble....... 919
time for bubble... 29.26729655265808
effective speed of sound down renormalization...$-\Delta c$ 6134.67146645404
residual of the fit... 0.06486079038680341
starting bubble....... 919
time for bubble... 29.558693408966064
effective speed of sound down renormalization...$-\Delta c$ 8772.872394435097
residual of the fit... 0.06886177595447056
starting bubble....... 919
time for bubble... 29.601980924606323
effective speed of sound down renormalization...$-\Delta c$ 8019.383324288344
residual of the fit... 0.06326664394829129
starting bubble....... 919
time for bubble... 29.520674467086792
effective speed of sound down renormalization...$-\Delta c$ 6215.140639366964
residual of the fit... 0.04870590931970658
starting bubble....... 919
time for bubble... 29.353527545928955
effective speed of sound down renormalization...$-\Delta c$ 4977.969957889991
residual of the fit... 0.02398719639732875
starting bubble....... 919
time for bubble... 29.331684589385986
effective speed of sound down renormalization...$-\Delta c$ 3681.138729883027
residual of the fit... 0.04207966973195788
starting bubble....... 919
time for bubble... 29.29790163040161
effective speed of sound down renormalization...$-\Delta c$ 2607.505526022044
residual of the fit... 0.031510418284757334
time for sweep delta 205.9515438079834
