starting sampling in reciprocal space....
finished sampling in reciprocal space....t= 0.006888151168823242  s
91 numer of sampling lattice points
taking 0 umklapps
hbvf is .. 2.3382685902179845
q is... 0.06725880373283684
hvkd is... 0.15726914818412852
kappa is.. 0.75
alpha is.. 0.6676452515471596
the twist angle is .. 0.016057029118347832
starting sampling in reciprocal space....
finished sampling in reciprocal space....t= 0.004083871841430664  s
starting sampling in reciprocal space....
finished sampling in reciprocal space....t= 0.0041425228118896484  s
starting dispersion ..........
time to diag over MBZ 9.137810945510864
number of bands in density of states calculation, 2
sum of the hist, normed? 8.0
CHEMICAL POTENTIAL AND FILLING 0.0 0.0
starting sampling in reciprocal space....
finished sampling in reciprocal space....t= 0.004033088684082031  s
(1680,)
the bandwidth is ... 0.029928191820134963
162.36user 4.30system 0:22.02elapsed 756%CPU (0avgtext+0avgdata 1374160maxresident)k
0inputs+240outputs (0major+2446616minor)pagefaults 0swaps
