starting sampling in reciprocal space....
finished sampling in reciprocal space....t= 0.0068511962890625  s
91 numer of sampling lattice points
taking 0 umklapps
hbvf is .. 2.3382685902179845
q is... 0.08772821346553646
hvkd is... 0.20513212602240233
kappa is.. 0.3
alpha is.. 0.511865216024393
the twist angle is .. 0.020943951023931952
starting sampling in reciprocal space....
finished sampling in reciprocal space....t= 0.004204511642456055  s
starting sampling in reciprocal space....
finished sampling in reciprocal space....t= 0.004157543182373047  s
starting dispersion ..........
time to diag over MBZ 8.43542766571045
number of bands in density of states calculation, 2
sum of the hist, normed? 7.99999999999999
CHEMICAL POTENTIAL AND FILLING 0.0 0.0
starting sampling in reciprocal space....
finished sampling in reciprocal space....t= 0.004079580307006836  s
(1680,)
the bandwidth is ... 0.04031555491896721
153.80user 3.55system 0:20.75elapsed 758%CPU (0avgtext+0avgdata 1372352maxresident)k
0inputs+168outputs (0major+2447448minor)pagefaults 0swaps
