starting sampling in reciprocal space....
finished sampling in reciprocal space....t= 0.006766319274902344  s
91 numer of sampling lattice points
taking 0 umklapps
hbvf is .. 2.3382685902179845
q is... 0.08041776377089012
hvkd is... 0.18803833112104215
kappa is.. 0.3
alpha is.. 0.5583967873678396
the twist angle is .. 0.019198621771937627
starting sampling in reciprocal space....
finished sampling in reciprocal space....t= 0.004167079925537109  s
starting sampling in reciprocal space....
finished sampling in reciprocal space....t= 0.004218578338623047  s
starting dispersion ..........
time to diag over MBZ 8.366118669509888
number of bands in density of states calculation, 2
sum of the hist, normed? 7.999999999999993
CHEMICAL POTENTIAL AND FILLING 0.0 0.0
starting sampling in reciprocal space....
finished sampling in reciprocal space....t= 0.004094839096069336  s
(1680,)
the bandwidth is ... 0.012824852792918218
151.02user 3.64system 0:20.37elapsed 759%CPU (0avgtext+0avgdata 1373316maxresident)k
0inputs+160outputs (0major+2447201minor)pagefaults 0swaps
