starting sampling in reciprocal space....
finished sampling in reciprocal space....t= 0.007845640182495117  s
91 numer of sampling lattice points
taking 0 umklapps
hbvf is .. 2.3382685902179845
q is... 0.06579668622399441
hvkd is... 0.1538503247379945
kappa is.. 0.75
alpha is.. 0.6824814973826925
the twist angle is .. 0.015707963267948967
starting sampling in reciprocal space....
finished sampling in reciprocal space....t= 0.004326820373535156  s
starting sampling in reciprocal space....
finished sampling in reciprocal space....t= 0.004065752029418945  s
starting dispersion ..........
time to diag over MBZ 9.73340106010437
number of bands in density of states calculation, 2
sum of the hist, normed? 8.000000000000009
CHEMICAL POTENTIAL AND FILLING 0.0 0.0
starting sampling in reciprocal space....
finished sampling in reciprocal space....t= 0.004001617431640625  s
(1680,)
the bandwidth is ... 0.02494695974009223
174.39user 4.46system 0:23.55elapsed 759%CPU (0avgtext+0avgdata 1374220maxresident)k
0inputs+256outputs (0major+2446976minor)pagefaults 0swaps
