starting sampling in reciprocal space....
finished sampling in reciprocal space....t= 0.051450252532958984  s
919 numer of sampling lattice points
taking 0 umklapps
hbvf is .. 2.3382685902179845
q is... 0.06798986172173412
hvkd is... 0.15897855811719494
kappa is.. 0.3
alpha is.. 0.6604664254320175
the twist angle is .. 0.016231562043547268
phonon params 161259624021125.78
phonon params upsilon 2.0157453002640724e+16
area ratio 0.00026345782200166566 0.00026345782200166664
correct factor by which the interaction is reduced 87.12834189587429
c tilde 1455.4442313162765
starting sampling in reciprocal space....
finished sampling in reciprocal space....t= 0.5779612064361572  s
starting sampling in reciprocal space....
finished sampling in reciprocal space....t= 0.5650460720062256  s
starting dispersion ..........
time to diag over MBZ 6743.001359939575
saving  ..........
number of bands in density of states calculation, 2
sum of the hist, normed? 8.000000000000009
CHEMICAL POTENTIAL AND FILLING 0.0 0.0
starting sampling in reciprocal space....
finished sampling in reciprocal space....t= 0.053055524826049805  s
starting sampling in reciprocal space....
finished sampling in reciprocal space....t= 0.05213594436645508  s
starting dispersion ..........
time to diag over MBZ 1254.7592251300812
starting sampling in reciprocal space....
finished sampling in reciprocal space....t= 0.05137920379638672  s
(6433, 564, 2) (919, 564, 2) (6433,)
starting sampling in reciprocal space....
finished sampling in reciprocal space....t= 0.052227020263671875  s
(6433, 564, 2) (919, 564, 2) (6433,)
calculating tensor that stores the overlaps........
finsihed the overlaps.......... 20.72125792503357
calculating tensor that stores the overlaps........
finsihed the overlaps.......... 4.314941167831421
calculating tensor that stores the overlaps........
finsihed the overlaps.......... 25.044566869735718
calculating tensor that stores the overlaps........
finsihed the overlaps.......... 3.7577617168426514
testing symmetry of the form factors...
plus valley form factor passed the C3 symmetry test with average difference...  1.768849819181251e-15
minus valley form factor passed the C3 symmetry test with average difference...  2.63639150446726e-15
finished testing symmetry of the form factors...
starting bubble....... 919
time for bubble... 29.50253415107727
effective speed of sound down renormalization...$-\Delta c$ 1542.6512995579703
residual of the fit... 0.06802155127942185
starting bubble....... 919
time for bubble... 29.7219181060791
effective speed of sound down renormalization...$-\Delta c$ 1553.7646871787963
residual of the fit... 0.0018983728817978341
starting bubble....... 919
time for bubble... 29.876964807510376
effective speed of sound down renormalization...$-\Delta c$ 1535.1866193157496
residual of the fit... 0.021270350501089386
starting bubble....... 919
time for bubble... 30.012539863586426
effective speed of sound down renormalization...$-\Delta c$ 1579.1932865353338
residual of the fit... 0.02860310031412611
starting bubble....... 919
time for bubble... 30.231412649154663
effective speed of sound down renormalization...$-\Delta c$ 1588.0405470735113
residual of the fit... 0.011731329492391305
starting bubble....... 919
time for bubble... 30.16793966293335
effective speed of sound down renormalization...$-\Delta c$ 1620.986380679488
residual of the fit... 0.010192411507385033
starting bubble....... 919
time for bubble... 29.864757537841797
effective speed of sound down renormalization...$-\Delta c$ 1716.4546087016088
residual of the fit... 0.01625039492872157
starting bubble....... 919
time for bubble... 29.690442085266113
effective speed of sound down renormalization...$-\Delta c$ 1824.4283218626629
residual of the fit... 0.08865003081178856
starting bubble....... 919
time for bubble... 29.699010610580444
effective speed of sound down renormalization...$-\Delta c$ 1858.4030885066843
residual of the fit... 0.0689766777435022
starting bubble....... 919
time for bubble... 29.417171001434326
effective speed of sound down renormalization...$-\Delta c$ 1573.4179340087228
residual of the fit... 0.06478271057810013
starting bubble....... 919
time for bubble... 29.62259006500244
effective speed of sound down renormalization...$-\Delta c$ 1341.645772062274
residual of the fit... 0.03563137008576662
starting bubble....... 919
time for bubble... 29.64129090309143
effective speed of sound down renormalization...$-\Delta c$ 1160.7265481846412
residual of the fit... 0.05685371163005709
starting bubble....... 919
time for bubble... 29.54485321044922
effective speed of sound down renormalization...$-\Delta c$ 1099.7317355250448
residual of the fit... 0.07271862251124284
starting bubble....... 919
time for bubble... 29.452934741973877
effective speed of sound down renormalization...$-\Delta c$ 944.9022273907228
residual of the fit... 0.01739213917851363
starting bubble....... 919
time for bubble... 29.60832667350769
effective speed of sound down renormalization...$-\Delta c$ 763.4515015905532
residual of the fit... 0.028533730249791493
starting bubble....... 919
time for bubble... 29.589987754821777
effective speed of sound down renormalization...$-\Delta c$ 598.1474752991303
residual of the fit... 0.08532320195028632
starting bubble....... 919
time for bubble... 29.668225049972534
effective speed of sound down renormalization...$-\Delta c$ 460.7141869669323
residual of the fit... 0.12618506322666884
starting bubble....... 919
time for bubble... 29.538302898406982
effective speed of sound down renormalization...$-\Delta c$ 339.85427231414633
residual of the fit... 0.0893798933793534
starting bubble....... 919
time for bubble... 29.43391227722168
effective speed of sound down renormalization...$-\Delta c$ 226.3445795968375
residual of the fit... 0.3075868463749585
starting bubble....... 919
time for bubble... 29.528130054473877
effective speed of sound down renormalization...$-\Delta c$ 94.81595548544826
residual of the fit... 0.17067108562812924
time for sweep delta 593.8633596897125
