starting sampling in reciprocal space....
finished sampling in reciprocal space....t= 0.007968664169311523  s
91 numer of sampling lattice points
taking 0 umklapps
hbvf is .. 2.7
q is... 0.08290332381738826
hvkd is... 0.2238389743069483
kappa is.. 0.75
alpha is.. 0.4690872102371881
the twist angle is .. 0.0197920337176157
starting sampling in reciprocal space....
finished sampling in reciprocal space....t= 0.0041582584381103516  s
starting sampling in reciprocal space....
finished sampling in reciprocal space....t= 0.004216194152832031  s
starting dispersion ..........
time to diag over MBZ 45.07419395446777
number of bands in density of states calculation, 2
sum of the hist, normed? 8.000000000000012
CHEMICAL POTENTIAL AND FILLING 0.0 0.0
starting sampling in reciprocal space....
finished sampling in reciprocal space....t= 0.00514531135559082  s
(1680,)
the bandwidth is ... 0.06545987583282942
381.77user 22.45system 2:03.00elapsed 328%CPU (0avgtext+0avgdata 1373276maxresident)k
0inputs+192outputs (0major+2446725minor)pagefaults 0swaps
