starting sampling in reciprocal space....
finished sampling in reciprocal space....t= 0.05124020576477051  s
919 numer of sampling lattice points
taking 0 umklapps
hbvf is .. 2.7
q is... 0.0706216661546583
hvkd is... 0.19067849861757744
kappa is.. 0.75
alpha is.. 0.5506651287966493
the twist angle is .. 0.016859880574265226
phonon params 187715808960861.78
phonon params upsilon 2.3464476120107724e+16
area ratio 0.0002842488396063886 0.0002842488396063887
correct factor by which the interaction is reduced 83.88139561266557
c tilde 1511.782698300207
starting sampling in reciprocal space....
finished sampling in reciprocal space....t= 0.36524486541748047  s
starting sampling in reciprocal space....
finished sampling in reciprocal space....t= 0.359114408493042  s
starting dispersion ..........
time to diag over MBZ 12479.893954992294
saving  ..........
number of bands in density of states calculation, 2
sum of the hist, normed? 8.000000000000007
CHEMICAL POTENTIAL AND FILLING 0.0 0.0
starting sampling in reciprocal space....
finished sampling in reciprocal space....t= 0.05171036720275879  s
starting sampling in reciprocal space....
finished sampling in reciprocal space....t= 0.05212998390197754  s
starting dispersion ..........
time to diag over MBZ 1525.487190246582
starting sampling in reciprocal space....
finished sampling in reciprocal space....t= 0.05145573616027832  s
(6433, 564, 2) (919, 564, 2) (6433,)
starting sampling in reciprocal space....
finished sampling in reciprocal space....t= 0.05242037773132324  s
(6433, 564, 2) (919, 564, 2) (6433,)
calculating tensor that stores the overlaps........
finsihed the overlaps.......... 18.12527298927307
calculating tensor that stores the overlaps........
finsihed the overlaps.......... 16.211121082305908
calculating tensor that stores the overlaps........
finsihed the overlaps.......... 17.9788818359375
calculating tensor that stores the overlaps........
finsihed the overlaps.......... 3.2407572269439697
calculating tensor that stores the overlaps........
finsihed the overlaps.......... 17.66190266609192
calculating tensor that stores the overlaps........
finsihed the overlaps.......... 2.9335386753082275
testing symmetry of the form factors...
plus valley form factor passed the C3 symmetry test with average difference...  7.306237997597287e-15
minus valley form factor passed the C3 symmetry test with average difference...  1.1149020714933821e-14
finished testing symmetry of the form factors...
starting bubble....... 919
time for bubble... 29.2885684967041
effective speed of sound down renormalization...$-\Delta c$ 2579.334212267417
residual of the fit... 0.07102428028549888
starting bubble....... 919
time for bubble... 29.451911687850952
effective speed of sound down renormalization...$-\Delta c$ 2919.3297380904414
residual of the fit... 0.013767237626888782
starting bubble....... 919
time for bubble... 29.51732349395752
effective speed of sound down renormalization...$-\Delta c$ 3601.864774012795
residual of the fit... 0.03847241085492687
starting bubble....... 919
time for bubble... 29.5325288772583
effective speed of sound down renormalization...$-\Delta c$ 2542.6595838147337
residual of the fit... 0.021313244106985665
starting bubble....... 919
time for bubble... 29.574979782104492
effective speed of sound down renormalization...$-\Delta c$ 1886.1268215308705
residual of the fit... 0.029973994927702915
starting bubble....... 919
time for bubble... 29.684921979904175
effective speed of sound down renormalization...$-\Delta c$ 1098.210825021649
residual of the fit... 0.04175659814576301
starting bubble....... 919
time for bubble... 29.360974073410034
effective speed of sound down renormalization...$-\Delta c$ 299.15902630498414
residual of the fit... 0.0232335802716111
time for sweep delta 206.4373836517334
