starting sampling in reciprocal space....
finished sampling in reciprocal space....t= 0.006270647048950195  s
91 numer of sampling lattice points
taking 0 umklapps
hbvf is .. 2.3382685902179845
q is... 0.08626612869316475
hvkd is... 0.20171337912292955
kappa is.. 0.3
alpha is.. 0.5205405831608729
the twist angle is .. 0.020594885173533087
starting sampling in reciprocal space....
finished sampling in reciprocal space....t= 0.004263162612915039  s
starting sampling in reciprocal space....
finished sampling in reciprocal space....t= 0.004126548767089844  s
starting dispersion ..........
time to diag over MBZ 8.299153327941895
number of bands in density of states calculation, 2
sum of the hist, normed? 8.0
CHEMICAL POTENTIAL AND FILLING 0.0 0.0
starting sampling in reciprocal space....
finished sampling in reciprocal space....t= 0.0040988922119140625  s
(1680,)
the bandwidth is ... 0.03469654328645112
152.44user 4.03system 0:20.65elapsed 757%CPU (0avgtext+0avgdata 1373588maxresident)k
0inputs+176outputs (0major+2447680minor)pagefaults 0swaps
