starting sampling in reciprocal space....
finished sampling in reciprocal space....t= 0.009530067443847656  s
91 numer of sampling lattice points
taking 0 umklapps
hbvf is .. 2.3382685902179845
q is... 0.07237619858704214
hvkd is... 0.1692349918354599
kappa is.. 0.75
alpha is.. 0.6204390644110238
the twist angle is .. 0.017278759594743863
starting sampling in reciprocal space....
finished sampling in reciprocal space....t= 0.00417780876159668  s
starting sampling in reciprocal space....
finished sampling in reciprocal space....t= 0.004209756851196289  s
starting dispersion ..........
time to diag over MBZ 8.40899133682251
number of bands in density of states calculation, 2
sum of the hist, normed? 7.999999999999983
CHEMICAL POTENTIAL AND FILLING 0.0 0.0
starting sampling in reciprocal space....
finished sampling in reciprocal space....t= 0.0040514469146728516  s
(1680,)
the bandwidth is ... 0.016723621569897547
151.40user 3.59system 0:20.46elapsed 757%CPU (0avgtext+0avgdata 1372032maxresident)k
0inputs+184outputs (0major+2447564minor)pagefaults 0swaps
