starting sampling in reciprocal space....
finished sampling in reciprocal space....t= 0.007884740829467773  s
91 numer of sampling lattice points
taking 0 umklapps
hbvf is .. 2.3382685902179845
q is... 0.07968671534127658
hvkd is... 0.18632894354014862
kappa is.. 0.75
alpha is.. 0.5635195370351868
the twist angle is .. 0.01902408884673819
starting sampling in reciprocal space....
finished sampling in reciprocal space....t= 0.004228353500366211  s
starting sampling in reciprocal space....
finished sampling in reciprocal space....t= 0.004301309585571289  s
starting dispersion ..........
time to diag over MBZ 8.857096195220947
number of bands in density of states calculation, 2
sum of the hist, normed? 8.000000000000016
CHEMICAL POTENTIAL AND FILLING 0.0 0.0
starting sampling in reciprocal space....
finished sampling in reciprocal space....t= 0.003968715667724609  s
(4200,)
the bandwidth is ... 0.006256827684803911
274.43user 6.80system 0:36.25elapsed 775%CPU (0avgtext+0avgdata 3163144maxresident)k
0inputs+168outputs (0major+4599304minor)pagefaults 0swaps
