starting sampling in reciprocal space....
finished sampling in reciprocal space....t= 0.00796818733215332  s
91 numer of sampling lattice points
taking 0 umklapps
hbvf is .. 2.3382685902179845
q is... 0.08187985878730153
hvkd is... 0.1914571019738312
kappa is.. 0.75
alpha is.. 0.5484257252277412
the twist angle is .. 0.019547687622336492
starting sampling in reciprocal space....
finished sampling in reciprocal space....t= 0.004248142242431641  s
starting sampling in reciprocal space....
finished sampling in reciprocal space....t= 0.004158735275268555  s
starting dispersion ..........
time to diag over MBZ 8.828730344772339
number of bands in density of states calculation, 2
sum of the hist, normed? 8.000000000000007
CHEMICAL POTENTIAL AND FILLING 0.0 0.0
starting sampling in reciprocal space....
finished sampling in reciprocal space....t= 0.0040738582611083984  s
(240,)
the bandwidth is ... 0.013756318216675827
156.96user 4.61system 0:21.35elapsed 756%CPU (0avgtext+0avgdata 1372924maxresident)k
0inputs+216outputs (0major+2447794minor)pagefaults 0swaps
