starting sampling in reciprocal space....
finished sampling in reciprocal space....t= 0.007921457290649414  s
91 numer of sampling lattice points
taking 0 umklapps
hbvf is .. 2.3382685902179845
q is... 0.07676251561000431
hvkd is... 0.17949137915699082
kappa is.. 0.75
alpha is.. 0.5849863123964439
the twist angle is .. 0.01832595714594046
starting sampling in reciprocal space....
finished sampling in reciprocal space....t= 0.004224300384521484  s
starting sampling in reciprocal space....
finished sampling in reciprocal space....t= 0.004179239273071289  s
starting dispersion ..........
time to diag over MBZ 8.36375379562378
number of bands in density of states calculation, 2
sum of the hist, normed? 8.000000000000005
CHEMICAL POTENTIAL AND FILLING 0.0 0.0
starting sampling in reciprocal space....
finished sampling in reciprocal space....t= 0.004212856292724609  s
(1680,)
the bandwidth is ... 0.0033426769845892714
150.55user 3.89system 0:20.39elapsed 757%CPU (0avgtext+0avgdata 1373024maxresident)k
0inputs+136outputs (0major+2446783minor)pagefaults 0swaps
