starting sampling in reciprocal space....
finished sampling in reciprocal space....t= 0.0373990535736084  s
919 numer of sampling lattice points
taking 0 umklapps
hbvf is .. 2.1354
q is... 0.07829772165774282
hvkd is... 0.16719695482794403
kappa is.. 0.8174358974358973
alpha is.. 0.583144591959426
the twist angle is .. 0.01869247628885927
phonon params 567251308986592.2 81.50729469745023 10188.411837181278
starting sampling in reciprocal space....
finished sampling in reciprocal space....t= 0.4357481002807617  s
starting sampling in reciprocal space....
finished sampling in reciprocal space....t= 0.3664062023162842  s
starting dispersion ..........
time to diag over MBZ 702.5030109882355
saving  ..........
number of bands in density of states calculation, 2
sum of the hist, normed? 7.999999999999842
CHEMICAL POTENTIAL AND FILLING 0.0 0.0
starting sampling in reciprocal space....
finished sampling in reciprocal space....t= 0.028295040130615234  s
starting sampling in reciprocal space....
finished sampling in reciprocal space....t= 0.028129100799560547  s
starting dispersion ..........
time to diag over MBZ 59.79625940322876
starting sampling in reciprocal space....
finished sampling in reciprocal space....t= 0.02834606170654297  s
(6433, 564, 2) (919, 564, 2) (6433,)
starting sampling in reciprocal space....
finished sampling in reciprocal space....t= 0.029909849166870117  s
(6433, 564, 2) (919, 564, 2) (6433,)
calculating tensor that stores the overlaps........
finsihed the overlaps.......... 4.842958688735962
calculating tensor that stores the overlaps........
finsihed the overlaps.......... 4.193032741546631
calculating tensor that stores the overlaps........
finsihed the overlaps.......... 4.2268595695495605
calculating tensor that stores the overlaps........
finsihed the overlaps.......... 1.5421674251556396
calculating tensor that stores the overlaps........
finsihed the overlaps.......... 4.572726726531982
calculating tensor that stores the overlaps........
finsihed the overlaps.......... 0.9017317295074463
testing symmetry of the form factors...
plus valley form factor passed the C3 symmetry test with average difference...  9.05060215214345e-15
minus valley form factor passed the C3 symmetry test with average difference...  1.3099072557965694e-14
finished testing symmetry of the form factors...
starting bubble....... 919
time for bubble... 23.535364389419556
effective speed of sound down renormalization...$-\Delta c$ 21323.85373163619
residual of the fit... 0.0301356080441121
starting bubble....... 919
time for bubble... 23.471700429916382
effective speed of sound down renormalization...$-\Delta c$ 21145.73121352043
residual of the fit... 0.012730063157838386
starting bubble....... 919
time for bubble... 23.477360486984253
effective speed of sound down renormalization...$-\Delta c$ 16771.86995704967
residual of the fit... 0.010443626340490167
starting bubble....... 919
time for bubble... 23.629627466201782
effective speed of sound down renormalization...$-\Delta c$ 14516.889576424082
residual of the fit... 0.004257377632828309
starting bubble....... 919
time for bubble... 23.672184228897095
effective speed of sound down renormalization...$-\Delta c$ 12228.392258141206
residual of the fit... 0.02237222839805215
starting bubble....... 919
time for bubble... 23.633891582489014
effective speed of sound down renormalization...$-\Delta c$ 5458.704189207147
residual of the fit... 0.017866663290741835
starting bubble....... 919
time for bubble... 23.632350206375122
effective speed of sound down renormalization...$-\Delta c$ 1037.3399264824648
residual of the fit... 0.0534318700405356
time for sweep delta 165.0637559890747
24690.65user 749.59system 16:24.93elapsed 2582%CPU (0avgtext+0avgdata 99131296maxresident)k
0inputs+1856outputs (109major+142922271minor)pagefaults 0swaps
starting sampling in reciprocal space....
finished sampling in reciprocal space....t= 0.03832054138183594  s
919 numer of sampling lattice points
taking 0 umklapps
hbvf is .. 2.1354
q is... 0.07829772165774282
hvkd is... 0.16719695482794403
kappa is.. 0.8174358974358973
alpha is.. 0.583144591959426
the twist angle is .. 0.01869247628885927
phonon params 567251308986592.2 81.50729469745023 10188.411837181278
starting sampling in reciprocal space....
finished sampling in reciprocal space....t= 0.4420502185821533  s
starting sampling in reciprocal space....
finished sampling in reciprocal space....t= 0.3272855281829834  s
starting dispersion ..........
time to diag over MBZ 722.7805500030518
saving  ..........
number of bands in density of states calculation, 2
sum of the hist, normed? 7.999999999999842
CHEMICAL POTENTIAL AND FILLING 0.0 0.0
starting sampling in reciprocal space....
finished sampling in reciprocal space....t= 0.029070615768432617  s
starting sampling in reciprocal space....
finished sampling in reciprocal space....t= 0.028460979461669922  s
starting dispersion ..........
time to diag over MBZ 59.439149379730225
starting sampling in reciprocal space....
finished sampling in reciprocal space....t= 0.02867746353149414  s
(6433, 564, 2) (919, 564, 2) (6433,)
starting sampling in reciprocal space....
finished sampling in reciprocal space....t= 0.030300140380859375  s
(6433, 564, 2) (919, 564, 2) (6433,)
calculating tensor that stores the overlaps........
finsihed the overlaps.......... 4.94262957572937
calculating tensor that stores the overlaps........
finsihed the overlaps.......... 1.4394474029541016
calculating tensor that stores the overlaps........
finsihed the overlaps.......... 4.314204216003418
calculating tensor that stores the overlaps........
finsihed the overlaps.......... 1.4385879039764404
testing symmetry of the form factors...
plus valley form factor passed the C3 symmetry test with average difference...  8.62584853482136e-15
minus valley form factor passed the C3 symmetry test with average difference...  1.1761685500783293e-14
finished testing symmetry of the form factors...
starting bubble....... 919
time for bubble... 23.43942165374756
effective speed of sound down renormalization...$-\Delta c$ 21928.749759597486
residual of the fit... 0.029317559076176926
starting bubble....... 919
time for bubble... 23.464770317077637
effective speed of sound down renormalization...$-\Delta c$ 21126.89257995481
residual of the fit... 0.010425704803470217
starting bubble....... 919
time for bubble... 23.371792316436768
effective speed of sound down renormalization...$-\Delta c$ 16579.44886653235
residual of the fit... 0.006282882252734564
starting bubble....... 919
time for bubble... 23.511961936950684
effective speed of sound down renormalization...$-\Delta c$ 14662.007085579879
residual of the fit... 0.009941316845695256
starting bubble....... 919
time for bubble... 23.548244953155518
effective speed of sound down renormalization...$-\Delta c$ 12283.501419521155
residual of the fit... 0.014137428880039899
starting bubble....... 919
time for bubble... 23.491742610931396
effective speed of sound down renormalization...$-\Delta c$ 5562.1816221042745
residual of the fit... 0.06254776393091217
starting bubble....... 919
time for bubble... 23.504523277282715
effective speed of sound down renormalization...$-\Delta c$ 960.7621183522714
residual of the fit... 0.09896776744854054
time for sweep delta 164.34509325027466
25034.39user 779.48system 16:33.52elapsed 2598%CPU (0avgtext+0avgdata 99132160maxresident)k
0inputs+1728outputs (150major+142154802minor)pagefaults 0swaps
