starting sampling in reciprocal space....
finished sampling in reciprocal space....t= 0.007419109344482422  s
91 numer of sampling lattice points
taking 0 umklapps
hbvf is .. 2.3382685902179845
q is... 0.07822461666706933
hvkd is... 0.18291016413445044
kappa is.. 0.75
alpha is.. 0.5740522977324454
the twist angle is .. 0.018675022996339326
starting sampling in reciprocal space....
finished sampling in reciprocal space....t= 0.004166126251220703  s
starting sampling in reciprocal space....
finished sampling in reciprocal space....t= 0.004196643829345703  s
starting dispersion ..........
time to diag over MBZ 8.897691011428833
number of bands in density of states calculation, 2
sum of the hist, normed? 8.000000000000009
CHEMICAL POTENTIAL AND FILLING 0.0 0.0
starting sampling in reciprocal space....
finished sampling in reciprocal space....t= 0.004044532775878906  s
(240,)
the bandwidth is ... 0.0013961791294456523
156.44user 4.00system 0:21.24elapsed 755%CPU (0avgtext+0avgdata 1374220maxresident)k
0inputs+216outputs (0major+2447707minor)pagefaults 0swaps
