starting sampling in reciprocal space....
finished sampling in reciprocal space....t= 0.008719205856323242  s
91 numer of sampling lattice points
taking 0 umklapps
hbvf is .. 2.3382685902179845
q is... 0.07895566630481395
hvkd is... 0.18461955454027892
kappa is.. 0.75
alpha is.. 0.5687371538809117
the twist angle is .. 0.01884955592153876
starting sampling in reciprocal space....
finished sampling in reciprocal space....t= 0.004311561584472656  s
starting sampling in reciprocal space....
finished sampling in reciprocal space....t= 0.004197359085083008  s
starting dispersion ..........
time to diag over MBZ 8.845054388046265
number of bands in density of states calculation, 2
sum of the hist, normed? 7.999999999999997
CHEMICAL POTENTIAL AND FILLING 0.0 0.0
starting sampling in reciprocal space....
finished sampling in reciprocal space....t= 0.004031658172607422  s
(4200,)
the bandwidth is ... 0.0038118716050895836
281.83user 7.00system 0:37.21elapsed 776%CPU (0avgtext+0avgdata 3162052maxresident)k
0inputs+168outputs (0major+4598155minor)pagefaults 0swaps
