starting sampling in reciprocal space....
finished sampling in reciprocal space....t= 0.03695082664489746  s
919 numer of sampling lattice points
taking 0 umklapps
hbvf is .. 2.1354
q is... 0.07676251561000431
hvkd is... 0.16391867583360323
kappa is.. 0.8174358974358973
alpha is.. 0.5948071475331707
the twist angle is .. 0.01832595714594046
phonon params 524053712277273.6 84.80009352223715 10600.011690279644
starting sampling in reciprocal space....
finished sampling in reciprocal space....t= 0.43077921867370605  s
starting sampling in reciprocal space....
finished sampling in reciprocal space....t= 0.33083581924438477  s
starting dispersion ..........
time to diag over MBZ 713.5458998680115
saving  ..........
number of bands in density of states calculation, 2
sum of the hist, normed? 7.99999999999991
CHEMICAL POTENTIAL AND FILLING 0.0 0.0
starting sampling in reciprocal space....
finished sampling in reciprocal space....t= 0.028076887130737305  s
starting sampling in reciprocal space....
finished sampling in reciprocal space....t= 0.027614593505859375  s
starting dispersion ..........
time to diag over MBZ 58.90090727806091
starting sampling in reciprocal space....
finished sampling in reciprocal space....t= 0.027812480926513672  s
(6433, 564, 2) (919, 564, 2) (6433,)
starting sampling in reciprocal space....
finished sampling in reciprocal space....t= 0.028923511505126953  s
(6433, 564, 2) (919, 564, 2) (6433,)
calculating tensor that stores the overlaps........
finsihed the overlaps.......... 4.7249555587768555
calculating tensor that stores the overlaps........
finsihed the overlaps.......... 5.6063361167907715
calculating tensor that stores the overlaps........
finsihed the overlaps.......... 4.278716802597046
calculating tensor that stores the overlaps........
finsihed the overlaps.......... 1.4717292785644531
calculating tensor that stores the overlaps........
finsihed the overlaps.......... 4.31271505355835
calculating tensor that stores the overlaps........
finsihed the overlaps.......... 0.9975206851959229
testing symmetry of the form factors...
plus valley form factor passed the C3 symmetry test with average difference...  3.1905102874504877e-15
minus valley form factor passed the C3 symmetry test with average difference...  1.5480679424542698e-14
finished testing symmetry of the form factors...
starting bubble....... 919
time for bubble... 23.497750759124756
effective speed of sound down renormalization...$-\Delta c$ 8854.656045043786
residual of the fit... 0.06854522656049018
starting bubble....... 919
time for bubble... 23.199270486831665
effective speed of sound down renormalization...$-\Delta c$ 10580.730210231724
residual of the fit... 0.025657628217174173
starting bubble....... 919
time for bubble... 23.404741525650024
effective speed of sound down renormalization...$-\Delta c$ 9699.72417738907
residual of the fit... 0.05606965861494149
starting bubble....... 919
time for bubble... 23.43725275993347
effective speed of sound down renormalization...$-\Delta c$ 7027.909103829409
residual of the fit... 0.016456183093396987
starting bubble....... 919
time for bubble... 23.508474111557007
effective speed of sound down renormalization...$-\Delta c$ 4925.086046009912
residual of the fit... 0.021762308055156922
starting bubble....... 919
time for bubble... 23.543088912963867
effective speed of sound down renormalization...$-\Delta c$ 2943.597380658498
residual of the fit... 0.0493483588565898
starting bubble....... 919
time for bubble... 23.31440567970276
effective speed of sound down renormalization...$-\Delta c$ 721.1945720183637
residual of the fit... 0.07782448801611394
time for sweep delta 163.9178740978241
25029.22user 760.48system 16:35.66elapsed 2590%CPU (0avgtext+0avgdata 99131160maxresident)k
0inputs+1872outputs (209major+142389547minor)pagefaults 0swaps
starting sampling in reciprocal space....
finished sampling in reciprocal space....t= 0.03572678565979004  s
919 numer of sampling lattice points
taking 0 umklapps
hbvf is .. 2.1354
q is... 0.07676251561000431
hvkd is... 0.16391867583360323
kappa is.. 0.8174358974358973
alpha is.. 0.5948071475331707
the twist angle is .. 0.01832595714594046
phonon params 524053712277273.6 84.80009352223715 10600.011690279644
starting sampling in reciprocal space....
finished sampling in reciprocal space....t= 0.3461010456085205  s
starting sampling in reciprocal space....
finished sampling in reciprocal space....t= 0.3465135097503662  s
starting dispersion ..........
time to diag over MBZ 701.6624834537506
saving  ..........
number of bands in density of states calculation, 2
sum of the hist, normed? 7.99999999999991
CHEMICAL POTENTIAL AND FILLING 0.0 0.0
starting sampling in reciprocal space....
finished sampling in reciprocal space....t= 0.026953697204589844  s
starting sampling in reciprocal space....
finished sampling in reciprocal space....t= 0.026903629302978516  s
starting dispersion ..........
time to diag over MBZ 58.654672384262085
starting sampling in reciprocal space....
finished sampling in reciprocal space....t= 0.027108430862426758  s
(6433, 564, 2) (919, 564, 2) (6433,)
starting sampling in reciprocal space....
finished sampling in reciprocal space....t= 0.028481245040893555  s
(6433, 564, 2) (919, 564, 2) (6433,)
calculating tensor that stores the overlaps........
finsihed the overlaps.......... 4.490230083465576
calculating tensor that stores the overlaps........
finsihed the overlaps.......... 1.457413911819458
calculating tensor that stores the overlaps........
finsihed the overlaps.......... 4.396811008453369
calculating tensor that stores the overlaps........
finsihed the overlaps.......... 1.8252463340759277
testing symmetry of the form factors...
plus valley form factor passed the C3 symmetry test with average difference...  2.947177786628432e-15
minus valley form factor passed the C3 symmetry test with average difference...  1.1364902753179145e-14
finished testing symmetry of the form factors...
starting bubble....... 919
time for bubble... 23.273909330368042
effective speed of sound down renormalization...$-\Delta c$ 9056.195551409819
residual of the fit... 0.058251305958282346
starting bubble....... 919
time for bubble... 23.171969413757324
effective speed of sound down renormalization...$-\Delta c$ 10645.128507949055
residual of the fit... 0.019639972987208477
starting bubble....... 919
time for bubble... 23.26039981842041
effective speed of sound down renormalization...$-\Delta c$ 9531.134906271416
residual of the fit... 0.03423722407784365
starting bubble....... 919
time for bubble... 23.2424213886261
effective speed of sound down renormalization...$-\Delta c$ 7045.74956551014
residual of the fit... 0.0023337144552677005
starting bubble....... 919
time for bubble... 23.38846182823181
effective speed of sound down renormalization...$-\Delta c$ 5061.074963339899
residual of the fit... 0.020920713360878997
starting bubble....... 919
time for bubble... 23.35631275177002
effective speed of sound down renormalization...$-\Delta c$ 3109.669887817644
residual of the fit... 0.07778304734028675
starting bubble....... 919
time for bubble... 23.36976194381714
effective speed of sound down renormalization...$-\Delta c$ 620.6339173181476
residual of the fit... 0.2033363239975262
time for sweep delta 163.07612800598145
24352.51user 749.05system 16:08.71elapsed 2591%CPU (0avgtext+0avgdata 99131224maxresident)k
0inputs+1736outputs (142major+139863930minor)pagefaults 0swaps
