starting sampling in reciprocal space....
finished sampling in reciprocal space....t= 0.05143570899963379  s
919 numer of sampling lattice points
taking 0 umklapps
hbvf is .. 2.7
q is... 0.06601600397918202
hvkd is... 0.17824321074379146
kappa is.. 0.75
alpha is.. 0.5890827457710467
the twist angle is .. 0.015760323145508796
phonon params 286665835177893.8 114.6558619796735 14331.982747459188
starting sampling in reciprocal space....
finished sampling in reciprocal space....t= 0.3658874034881592  s
starting sampling in reciprocal space....
finished sampling in reciprocal space....t= 0.36155128479003906  s
starting dispersion ..........
time to diag over MBZ 1920.8908336162567
saving  ..........
number of bands in density of states calculation, 2
sum of the hist, normed? 8.000000000000055
CHEMICAL POTENTIAL AND FILLING 0.0 0.0
starting sampling in reciprocal space....
finished sampling in reciprocal space....t= 0.051961660385131836  s
starting sampling in reciprocal space....
finished sampling in reciprocal space....t= 0.052608489990234375  s
starting dispersion ..........
time to diag over MBZ 270.0498878955841
starting sampling in reciprocal space....
finished sampling in reciprocal space....t= 0.052873849868774414  s
(6433, 564, 2) (919, 564, 2) (6433,)
starting sampling in reciprocal space....
finished sampling in reciprocal space....t= 0.05240440368652344  s
(6433, 564, 2) (919, 564, 2) (6433,)
calculating tensor that stores the overlaps........
finsihed the overlaps.......... 15.23347520828247
calculating tensor that stores the overlaps........
finsihed the overlaps.......... 14.991195678710938
calculating tensor that stores the overlaps........
finsihed the overlaps.......... 15.32177996635437
calculating tensor that stores the overlaps........
finsihed the overlaps.......... 2.977738618850708
calculating tensor that stores the overlaps........
finsihed the overlaps.......... 15.064476251602173
calculating tensor that stores the overlaps........
finsihed the overlaps.......... 2.716355085372925
testing symmetry of the form factors...
plus valley form factor passed the C3 symmetry test with average difference...  3.339829764825769e-15
minus valley form factor passed the C3 symmetry test with average difference...  2.928392431337779e-15
finished testing symmetry of the form factors...
starting bubble....... 919
time for bubble... 29.292253732681274
effective speed of sound down renormalization...$-\Delta c$ 8369.085295411367
residual of the fit... 0.06799774942700948
starting bubble....... 919
time for bubble... 29.41627788543701
effective speed of sound down renormalization...$-\Delta c$ 9582.664350536572
residual of the fit... 0.020043620376003803
starting bubble....... 919
time for bubble... 29.44570231437683
effective speed of sound down renormalization...$-\Delta c$ 9360.955773845622
residual of the fit... 0.06118828333423362
starting bubble....... 919
time for bubble... 29.430740118026733
effective speed of sound down renormalization...$-\Delta c$ 6485.662416078446
residual of the fit... 0.018007658387928834
starting bubble....... 919
time for bubble... 29.393813371658325
effective speed of sound down renormalization...$-\Delta c$ 4474.083523134674
residual of the fit... 0.016884753691337417
starting bubble....... 919
time for bubble... 29.401437759399414
effective speed of sound down renormalization...$-\Delta c$ 2660.032371787068
residual of the fit... 0.01627241898382024
starting bubble....... 919
time for bubble... 29.341550588607788
effective speed of sound down renormalization...$-\Delta c$ 610.8720272461418
residual of the fit... 0.0036392558854787056
time for sweep delta 205.7397038936615
