starting sampling in reciprocal space....
finished sampling in reciprocal space....t= 0.019373416900634766  s
91 numer of sampling lattice points
taking 0 umklapps
hbvf is .. 2.7
q is... 0.08136812581299324
hvkd is... 0.21969393969508177
kappa is.. 0.75
alpha is.. 0.47793762607075957
the twist angle is .. 0.019425514574696892
starting sampling in reciprocal space....
finished sampling in reciprocal space....t= 0.023386001586914062  s
starting sampling in reciprocal space....
finished sampling in reciprocal space....t= 0.015880107879638672  s
starting dispersion ..........
time to diag over MBZ 78.69079661369324
number of bands in density of states calculation, 2
sum of the hist, normed? 7.999999999999994
CHEMICAL POTENTIAL AND FILLING 0.0 0.0
starting sampling in reciprocal space....
finished sampling in reciprocal space....t= 0.011454105377197266  s
(1680,)
the bandwidth is ... 0.058511388506317874
402.37user 25.17system 2:57.91elapsed 240%CPU (0avgtext+0avgdata 1373424maxresident)k
0inputs+192outputs (0major+2447721minor)pagefaults 0swaps
