starting sampling in reciprocal space....
finished sampling in reciprocal space....t= 0.006850719451904297  s
91 numer of sampling lattice points
taking 0 umklapps
hbvf is .. 2.3382685902179845
q is... 0.08114881158808747
hvkd is... 0.18974771726994213
kappa is.. 0.75
alpha is.. 0.5533663409010771
the twist angle is .. 0.01937315469713706
starting sampling in reciprocal space....
finished sampling in reciprocal space....t= 0.004775524139404297  s
starting sampling in reciprocal space....
finished sampling in reciprocal space....t= 0.004163503646850586  s
starting dispersion ..........
time to diag over MBZ 9.161289691925049
number of bands in density of states calculation, 2
sum of the hist, normed? 7.999999999999984
CHEMICAL POTENTIAL AND FILLING 0.0 0.0
starting sampling in reciprocal space....
finished sampling in reciprocal space....t= 0.0040438175201416016  s
(1680,)
the bandwidth is ... 0.011230098829931829
163.03user 4.36system 0:22.15elapsed 755%CPU (0avgtext+0avgdata 1373940maxresident)k
0inputs+216outputs (0major+2447323minor)pagefaults 0swaps
