starting sampling in reciprocal space....
finished sampling in reciprocal space....t= 0.052239179611206055  s
919 numer of sampling lattice points
taking 0 umklapps
hbvf is .. 2.3382685902179845
q is... 0.08041776377089012
hvkd is... 0.18803833112104215
kappa is.. 0.75
alpha is.. 0.5583967873678396
the twist angle is .. 0.019198621771937627
phonon params 315614523823549.94
phonon params upsilon 3.945181547794374e+16
area ratio 0.00036857575671151094 0.0003685757567115115
correct factor by which the interaction is reduced 73.6633753510168
c tilde 1721.4856364133773
starting sampling in reciprocal space....
finished sampling in reciprocal space....t= 0.6459357738494873  s
starting sampling in reciprocal space....
finished sampling in reciprocal space....t= 0.6027019023895264  s
starting dispersion with 9919 points..........
time to diag over MBZ 10880.329236507416
saving  ..........
number of bands in density of states calculation, 2
sum of the hist, normed? 7.999999999999787
CHEMICAL POTENTIALS AND FILLINGS [0.         0.00045183 0.00061662 0.00072336 0.00079179 0.00083301
 0.00086866 0.00092119 0.00098509 0.00105814 0.00114749 0.00124207
 0.00134909 0.0014655  0.00160173 0.00176112 0.00195081 0.00219122
 0.00257269 0.00342956] [0.         0.20526316 0.41052632 0.61578947 0.82105263 1.02631579
 1.23157895 1.43684211 1.64210526 1.84736842 2.05263158 2.25789474
 2.46315789 2.66842105 2.87368421 3.07894737 3.28421053 3.48947368
 3.69473684 3.9       ]
CHEMICAL POTENTIAL AND FILLING 0.0 0.0
starting sampling in reciprocal space....
finished sampling in reciprocal space....t= 0.05255746841430664  s
starting sampling in reciprocal space....
finished sampling in reciprocal space....t= 0.05248379707336426  s
starting dispersion with 919 points..........
time to diag over MBZ 664.5202701091766
starting sampling in reciprocal space....
finished sampling in reciprocal space....t= 0.05199551582336426  s
(6433, 564, 2) (919, 564, 2) (6433,)
starting sampling in reciprocal space....
finished sampling in reciprocal space....t= 0.05985546112060547  s
(6433, 564, 2) (919, 564, 2) (6433,)
calculating tensor that stores the overlaps........
finsihed the overlaps.......... 20.62068271636963
calculating tensor that stores the overlaps........
finsihed the overlaps.......... 21.846165657043457
calculating tensor that stores the overlaps........
finsihed the overlaps.......... 21.241730451583862
calculating tensor that stores the overlaps........
finsihed the overlaps.......... 4.570630311965942
calculating tensor that stores the overlaps........
finsihed the overlaps.......... 24.77461552619934
calculating tensor that stores the overlaps........
finsihed the overlaps.......... 7.818516492843628
testing symmetry of the form factors...
failed C3 symmetry test, plus valley... 8.94160661069068e-05
failed C3 symmetry test, minus valley... 8.94160661069068e-05
finished testing symmetry of the form factors...
starting bubble....... 919
time for bubble... 29.089043855667114
effective speed of sound down renormalization...$-\Delta c$ 3449.2825769995625
residual of the fit... 0.07181397118227581
starting bubble....... 919
time for bubble... 28.96056032180786
effective speed of sound down renormalization...$-\Delta c$ 0.0
residual of the fit... nan
starting bubble....... 919
time for bubble... 29.228633642196655
effective speed of sound down renormalization...$-\Delta c$ 0.0
residual of the fit... nan
starting bubble....... 919
time for bubble... 29.04968810081482
effective speed of sound down renormalization...$-\Delta c$ 0.0
residual of the fit... nan
starting bubble....... 919
time for bubble... 29.187314748764038
effective speed of sound down renormalization...$-\Delta c$ 0.0
residual of the fit... nan
starting bubble....... 919
time for bubble... 29.187370538711548
effective speed of sound down renormalization...$-\Delta c$ 0.0
residual of the fit... nan
starting bubble....... 919
time for bubble... 29.2718448638916
effective speed of sound down renormalization...$-\Delta c$ 0.0
residual of the fit... nan
starting bubble....... 919
time for bubble... 29.100188970565796
effective speed of sound down renormalization...$-\Delta c$ 0.0
residual of the fit... nan
starting bubble....... 919
time for bubble... 29.112757444381714
effective speed of sound down renormalization...$-\Delta c$ 0.0
residual of the fit... nan
starting bubble....... 919
time for bubble... 29.169665336608887
effective speed of sound down renormalization...$-\Delta c$ 0.0
residual of the fit... nan
starting bubble....... 919
time for bubble... 29.177438735961914
effective speed of sound down renormalization...$-\Delta c$ 0.0
residual of the fit... nan
starting bubble....... 919
time for bubble... 29.27628803253174
effective speed of sound down renormalization...$-\Delta c$ 0.0
residual of the fit... nan
starting bubble....... 919
time for bubble... 29.24727964401245
effective speed of sound down renormalization...$-\Delta c$ 0.0
residual of the fit... nan
starting bubble....... 919
time for bubble... 29.216559886932373
effective speed of sound down renormalization...$-\Delta c$ 0.0
residual of the fit... nan
starting bubble....... 919
time for bubble... 29.104931831359863
effective speed of sound down renormalization...$-\Delta c$ 0.0
residual of the fit... nan
starting bubble....... 919
time for bubble... 29.652137279510498
effective speed of sound down renormalization...$-\Delta c$ 0.0
residual of the fit... nan
starting bubble....... 919
time for bubble... 30.125596523284912
effective speed of sound down renormalization...$-\Delta c$ 0.0
residual of the fit... nan
starting bubble....... 919
time for bubble... 30.170413494110107
effective speed of sound down renormalization...$-\Delta c$ 0.0
residual of the fit... nan
starting bubble....... 919
time for bubble... 29.491545915603638
effective speed of sound down renormalization...$-\Delta c$ 0.0
residual of the fit... nan
starting bubble....... 919
time for bubble... 29.220786809921265
effective speed of sound down renormalization...$-\Delta c$ 0.0
residual of the fit... nan
time for sweep delta 586.1019608974457
