starting sampling in reciprocal space....
finished sampling in reciprocal space....t= 0.006231546401977539  s
91 numer of sampling lattice points
taking 0 umklapps
hbvf is .. 2.3382685902179845
q is... 0.07310725283461868
hvkd is... 0.17094439302031356
kappa is.. 0.75
alpha is.. 0.6142348289102568
the twist angle is .. 0.017453292519943295
starting sampling in reciprocal space....
finished sampling in reciprocal space....t= 0.004195690155029297  s
starting sampling in reciprocal space....
finished sampling in reciprocal space....t= 0.004156827926635742  s
starting dispersion ..........
time to diag over MBZ 8.592278003692627
number of bands in density of states calculation, 2
sum of the hist, normed? 8.000000000000014
CHEMICAL POTENTIAL AND FILLING 0.0 0.0
starting sampling in reciprocal space....
finished sampling in reciprocal space....t= 0.004199028015136719  s
(1680,)
the bandwidth is ... 0.014588936437283295
155.95user 3.69system 0:21.03elapsed 758%CPU (0avgtext+0avgdata 1373556maxresident)k
0inputs+184outputs (0major+2448099minor)pagefaults 0swaps
