starting sampling in reciprocal space....
finished sampling in reciprocal space....t= 0.008112907409667969  s
91 numer of sampling lattice points
taking 0 umklapps
hbvf is .. 2.3382685902179845
q is... 0.06652774523173477
hvkd is... 0.1555597370533897
kappa is.. 0.3
alpha is.. 0.6749818557739199
the twist angle is .. 0.0158824961931484
starting sampling in reciprocal space....
finished sampling in reciprocal space....t= 0.004230022430419922  s
starting sampling in reciprocal space....
finished sampling in reciprocal space....t= 0.004134654998779297  s
starting dispersion ..........
time to diag over MBZ 8.74186396598816
number of bands in density of states calculation, 2
sum of the hist, normed? 7.999999999999995
CHEMICAL POTENTIAL AND FILLING 0.0 0.0
starting sampling in reciprocal space....
finished sampling in reciprocal space....t= 0.004065036773681641  s
(1680,)
the bandwidth is ... 0.033643931262116095
155.70user 4.13system 0:21.09elapsed 757%CPU (0avgtext+0avgdata 1373528maxresident)k
0inputs+232outputs (0major+2446366minor)pagefaults 0swaps
