starting sampling in reciprocal space....
finished sampling in reciprocal space....t= 0.05198836326599121  s
919 numer of sampling lattice points
taking 0 umklapps
hbvf is .. 2.7
q is... 0.08290332381738826
hvkd is... 0.2238389743069483
kappa is.. 0.75
alpha is.. 0.4690872102371881
the twist angle is .. 0.0197920337176157
phonon params 356481324703806.3
phonon params upsilon 4.456016558797579e+16
area ratio 0.0003917118114994384 0.00039171181149943865
correct factor by which the interaction is reduced 71.45484215558085
c tilde 1774.69348151934
starting sampling in reciprocal space....
finished sampling in reciprocal space....t= 0.362682580947876  s
starting sampling in reciprocal space....
finished sampling in reciprocal space....t= 0.3645501136779785  s
starting dispersion ..........
time to diag over MBZ 1853.9387855529785
saving  ..........
number of bands in density of states calculation, 2
sum of the hist, normed? 7.999999999999886
CHEMICAL POTENTIAL AND FILLING 0.0 0.0
starting sampling in reciprocal space....
finished sampling in reciprocal space....t= 0.052246809005737305  s
starting sampling in reciprocal space....
finished sampling in reciprocal space....t= 0.05306410789489746  s
starting dispersion ..........
time to diag over MBZ 274.85319113731384
starting sampling in reciprocal space....
finished sampling in reciprocal space....t= 0.05253028869628906  s
(6433, 564, 2) (919, 564, 2) (6433,)
starting sampling in reciprocal space....
finished sampling in reciprocal space....t= 0.05234336853027344  s
(6433, 564, 2) (919, 564, 2) (6433,)
calculating tensor that stores the overlaps........
finsihed the overlaps.......... 15.25276517868042
calculating tensor that stores the overlaps........
finsihed the overlaps.......... 15.193747758865356
calculating tensor that stores the overlaps........
finsihed the overlaps.......... 15.12418270111084
calculating tensor that stores the overlaps........
finsihed the overlaps.......... 2.876574993133545
calculating tensor that stores the overlaps........
finsihed the overlaps.......... 14.675228834152222
calculating tensor that stores the overlaps........
finsihed the overlaps.......... 2.8282885551452637
testing symmetry of the form factors...
plus valley form factor passed the C3 symmetry test with average difference...  1.8744469235444736e-15
minus valley form factor passed the C3 symmetry test with average difference...  2.3719723364687866e-15
finished testing symmetry of the form factors...
starting bubble....... 919
time for bubble... 29.521640300750732
effective speed of sound down renormalization...$-\Delta c$ 1280.3650452679965
residual of the fit... 0.07606089546482846
starting bubble....... 919
time for bubble... 29.558763027191162
effective speed of sound down renormalization...$-\Delta c$ 1361.1617437219684
residual of the fit... 0.000697340490570684
starting bubble....... 919
time for bubble... 29.628966808319092
effective speed of sound down renormalization...$-\Delta c$ 1607.1610757525407
residual of the fit... 0.004046366198179014
starting bubble....... 919
time for bubble... 29.59206223487854
effective speed of sound down renormalization...$-\Delta c$ 1314.662743627349
residual of the fit... 0.03511759731990801
starting bubble....... 919
time for bubble... 29.52468967437744
effective speed of sound down renormalization...$-\Delta c$ 916.8822754806924
residual of the fit... 0.060598995988232526
starting bubble....... 919
time for bubble... 29.540039777755737
effective speed of sound down renormalization...$-\Delta c$ 541.9000459696398
residual of the fit... 0.008336717362221987
starting bubble....... 919
time for bubble... 29.57320809364319
effective speed of sound down renormalization...$-\Delta c$ 162.40407059180967
residual of the fit... 0.030221536094422727
time for sweep delta 206.95879435539246
