starting sampling in reciprocal space....
finished sampling in reciprocal space....t= 0.05158066749572754  s
919 numer of sampling lattice points
taking 0 umklapps
hbvf is .. 2.7
q is... 0.06755122699017235
hvkd is... 0.18238831287346535
kappa is.. 0.75
alpha is.. 0.5756947818956214
the twist angle is .. 0.016126842288427607
phonon params 314276548199953.2 109.50356160897735 13687.94520112217
starting sampling in reciprocal space....
finished sampling in reciprocal space....t= 0.36423707008361816  s
starting sampling in reciprocal space....
finished sampling in reciprocal space....t= 0.36284422874450684  s
starting dispersion ..........
time to diag over MBZ 1842.0687701702118
saving  ..........
number of bands in density of states calculation, 2
sum of the hist, normed? 8.000000000000002
CHEMICAL POTENTIAL AND FILLING 0.0 0.0
starting sampling in reciprocal space....
finished sampling in reciprocal space....t= 0.05178475379943848  s
starting sampling in reciprocal space....
finished sampling in reciprocal space....t= 0.05193209648132324  s
starting dispersion ..........
time to diag over MBZ 250.69002151489258
starting sampling in reciprocal space....
finished sampling in reciprocal space....t= 0.05185127258300781  s
(6433, 564, 2) (919, 564, 2) (6433,)
starting sampling in reciprocal space....
finished sampling in reciprocal space....t= 0.05129241943359375  s
(6433, 564, 2) (919, 564, 2) (6433,)
calculating tensor that stores the overlaps........
finsihed the overlaps.......... 15.035922765731812
calculating tensor that stores the overlaps........
finsihed the overlaps.......... 14.928339004516602
calculating tensor that stores the overlaps........
finsihed the overlaps.......... 15.088275671005249
calculating tensor that stores the overlaps........
finsihed the overlaps.......... 2.84991192817688
calculating tensor that stores the overlaps........
finsihed the overlaps.......... 15.025914192199707
calculating tensor that stores the overlaps........
finsihed the overlaps.......... 2.827793836593628
testing symmetry of the form factors...
plus valley form factor passed the C3 symmetry test with average difference...  2.5629143908631843e-15
minus valley form factor passed the C3 symmetry test with average difference...  2.304107615377017e-15
finished testing symmetry of the form factors...
starting bubble....... 919
time for bubble... 29.285846948623657
effective speed of sound down renormalization...$-\Delta c$ 8663.910107870344
residual of the fit... 0.06505239476490553
starting bubble....... 919
time for bubble... 29.495055675506592
effective speed of sound down renormalization...$-\Delta c$ 12386.185203454248
residual of the fit... 0.0682326278052253
starting bubble....... 919
time for bubble... 29.51026964187622
effective speed of sound down renormalization...$-\Delta c$ 11340.97650852615
residual of the fit... 0.06398152987894508
starting bubble....... 919
time for bubble... 29.45908546447754
effective speed of sound down renormalization...$-\Delta c$ 8776.304983493867
residual of the fit... 0.047754966163204154
starting bubble....... 919
time for bubble... 29.36443066596985
effective speed of sound down renormalization...$-\Delta c$ 7027.416956329289
residual of the fit... 0.022870614619311332
starting bubble....... 919
time for bubble... 29.426435947418213
effective speed of sound down renormalization...$-\Delta c$ 5207.3768512091
residual of the fit... 0.040812709876342335
starting bubble....... 919
time for bubble... 29.37877082824707
effective speed of sound down renormalization...$-\Delta c$ 3687.7884281005117
residual of the fit... 0.03093316291550792
time for sweep delta 205.93798065185547
