starting sampling in reciprocal space....
finished sampling in reciprocal space....t= 0.0070989131927490234  s
91 numer of sampling lattice points
taking 0 umklapps
hbvf is .. 2.3382685902179845
q is... 0.08772821346553646
hvkd is... 0.20513212602240233
kappa is.. 0.3
alpha is.. 0.511865216024393
the twist angle is .. 0.020943951023931952
starting sampling in reciprocal space....
finished sampling in reciprocal space....t= 0.0041506290435791016  s
starting sampling in reciprocal space....
finished sampling in reciprocal space....t= 0.004293680191040039  s
starting dispersion ..........
time to diag over MBZ 8.691637992858887
number of bands in density of states calculation, 2
sum of the hist, normed? 7.99999999999999
CHEMICAL POTENTIAL AND FILLING 0.0 0.0
starting sampling in reciprocal space....
finished sampling in reciprocal space....t= 0.004189729690551758  s
(1680,)
the bandwidth is ... 0.04031555491896721
157.32user 4.01system 0:21.31elapsed 756%CPU (0avgtext+0avgdata 1374008maxresident)k
0inputs+208outputs (0major+2446303minor)pagefaults 0swaps
