starting sampling in reciprocal space....
finished sampling in reciprocal space....t= 0.008827447891235352  s
91 numer of sampling lattice points
taking 0 umklapps
hbvf is .. 2.3382685902179845
q is... 0.07383830652545242
hvkd is... 0.17265379290335303
kappa is.. 0.75
alpha is.. 0.6081534511018601
the twist angle is .. 0.017627825445142728
starting sampling in reciprocal space....
finished sampling in reciprocal space....t= 0.0041408538818359375  s
starting sampling in reciprocal space....
finished sampling in reciprocal space....t= 0.004167318344116211  s
starting dispersion ..........
time to diag over MBZ 8.91861081123352
number of bands in density of states calculation, 2
sum of the hist, normed? 8.000000000000005
CHEMICAL POTENTIAL AND FILLING 0.0 0.0
starting sampling in reciprocal space....
finished sampling in reciprocal space....t= 0.004030942916870117  s
(1680,)
the bandwidth is ... 0.01241401027608267
159.20user 4.10system 0:21.66elapsed 753%CPU (0avgtext+0avgdata 1374356maxresident)k
0inputs+232outputs (0major+2447782minor)pagefaults 0swaps
