starting sampling in reciprocal space....
finished sampling in reciprocal space....t= 0.007912158966064453  s
91 numer of sampling lattice points
taking 0 umklapps
hbvf is .. 2.3382685902179845
q is... 0.08407299662136936
hvkd is... 0.1965852472852507
kappa is.. 0.75
alpha is.. 0.5341194288483003
the twist angle is .. 0.020071286397934786
starting sampling in reciprocal space....
finished sampling in reciprocal space....t= 0.00485539436340332  s
starting sampling in reciprocal space....
finished sampling in reciprocal space....t= 0.004851341247558594  s
starting dispersion ..........
time to diag over MBZ 8.478739738464355
number of bands in density of states calculation, 2
sum of the hist, normed? 8.000000000000016
CHEMICAL POTENTIAL AND FILLING 0.0 0.0
starting sampling in reciprocal space....
finished sampling in reciprocal space....t= 0.0039844512939453125  s
(1680,)
the bandwidth is ... 0.021481679419788277
151.90user 3.59system 0:20.50elapsed 758%CPU (0avgtext+0avgdata 1371832maxresident)k
0inputs+168outputs (0major+2447070minor)pagefaults 0swaps
