starting sampling in reciprocal space....
finished sampling in reciprocal space....t= 0.008066177368164062  s
91 numer of sampling lattice points
taking 0 umklapps
hbvf is .. 2.3382685902179845
q is... 0.08334195130950957
hvkd is... 0.19487586699450285
kappa is.. 0.3
alpha is.. 0.5388045303883723
the twist angle is .. 0.019896753472735354
starting sampling in reciprocal space....
finished sampling in reciprocal space....t= 0.004181385040283203  s
starting sampling in reciprocal space....
finished sampling in reciprocal space....t= 0.004113674163818359  s
starting dispersion ..........
time to diag over MBZ 9.008663177490234
number of bands in density of states calculation, 2
sum of the hist, normed? 8.0
CHEMICAL POTENTIAL AND FILLING 0.0 0.0
starting sampling in reciprocal space....
finished sampling in reciprocal space....t= 0.004132509231567383  s
(1680,)
the bandwidth is ... 0.02363182723598342
160.40user 4.06system 0:21.68elapsed 758%CPU (0avgtext+0avgdata 1372952maxresident)k
0inputs+200outputs (0major+2447081minor)pagefaults 0swaps
