starting sampling in reciprocal space....
finished sampling in reciprocal space....t= 0.007889509201049805  s
91 numer of sampling lattice points
taking 0 umklapps
hbvf is .. 2.3382685902179845
q is... 0.07822461666706933
hvkd is... 0.18291016413445044
kappa is.. 0.75
alpha is.. 0.5740522977324454
the twist angle is .. 0.018675022996339326
starting sampling in reciprocal space....
finished sampling in reciprocal space....t= 0.004162311553955078  s
starting sampling in reciprocal space....
finished sampling in reciprocal space....t= 0.004162788391113281  s
starting dispersion ..........
time to diag over MBZ 8.294995546340942
number of bands in density of states calculation, 2
sum of the hist, normed? 8.000000000000009
CHEMICAL POTENTIAL AND FILLING 0.0 0.0
starting sampling in reciprocal space....
finished sampling in reciprocal space....t= 0.0040857791900634766  s
(1680,)
the bandwidth is ... 0.0013961791294456523
151.82user 4.00system 0:20.56elapsed 757%CPU (0avgtext+0avgdata 1373012maxresident)k
0inputs+160outputs (0major+2446803minor)pagefaults 0swaps
