starting sampling in reciprocal space....
finished sampling in reciprocal space....t= 0.05219435691833496  s
919 numer of sampling lattice points
taking 0 umklapps
hbvf is .. 2.3382685902179845
q is... 0.07383830652545242
hvkd is... 0.17265379290335303
kappa is.. 0.75
alpha is.. 0.6081534511018601
the twist angle is .. 0.017627825445142728
phonon params 224324093692885.3
phonon params upsilon 2.8040511711610664e+16
area ratio 0.00031073218338356076 0.0003107321833835602
correct factor by which the interaction is reduced 80.22724512922734
c tilde 1580.640621427806
starting sampling in reciprocal space....
finished sampling in reciprocal space....t= 0.5730724334716797  s
starting sampling in reciprocal space....
finished sampling in reciprocal space....t= 0.5716361999511719  s
starting dispersion ..........
time to diag over MBZ 2981.2578728199005
saving  ..........
number of bands in density of states calculation, 2
sum of the hist, normed? 7.999999999999967
CHEMICAL POTENTIAL AND FILLING 0.0 0.0
starting sampling in reciprocal space....
finished sampling in reciprocal space....t= 0.052080392837524414  s
starting sampling in reciprocal space....
finished sampling in reciprocal space....t= 0.05220842361450195  s
starting dispersion ..........
time to diag over MBZ 254.23621344566345
starting sampling in reciprocal space....
finished sampling in reciprocal space....t= 0.051898956298828125  s
(6433, 564, 2) (919, 564, 2) (6433,)
starting sampling in reciprocal space....
finished sampling in reciprocal space....t= 0.05145692825317383  s
(6433, 564, 2) (919, 564, 2) (6433,)
calculating tensor that stores the overlaps........
finsihed the overlaps.......... 15.307961463928223
calculating tensor that stores the overlaps........
finsihed the overlaps.......... 15.04556655883789
calculating tensor that stores the overlaps........
finsihed the overlaps.......... 15.648862361907959
calculating tensor that stores the overlaps........
finsihed the overlaps.......... 2.7799301147460938
calculating tensor that stores the overlaps........
finsihed the overlaps.......... 15.374982357025146
calculating tensor that stores the overlaps........
finsihed the overlaps.......... 2.3650522232055664
testing symmetry of the form factors...
plus valley form factor passed the C3 symmetry test with average difference...  6.719959331144327e-15
minus valley form factor passed the C3 symmetry test with average difference...  6.221354957565881e-15
finished testing symmetry of the form factors...
starting bubble....... 919
time for bubble... 29.358346223831177
effective speed of sound down renormalization...$-\Delta c$ 3554.728151557435
residual of the fit... 0.0686272196123253
starting bubble....... 919
time for bubble... 29.766915559768677
effective speed of sound down renormalization...$-\Delta c$ 3700.8454900312763
residual of the fit... 0.008304449898131118
starting bubble....... 919
time for bubble... 29.911280393600464
effective speed of sound down renormalization...$-\Delta c$ 3852.3493040268345
residual of the fit... 0.025285852871174106
starting bubble....... 919
time for bubble... 29.94511842727661
effective speed of sound down renormalization...$-\Delta c$ 4188.388262727009
residual of the fit... 0.049112486915980635
starting bubble....... 919
time for bubble... 30.451315879821777
effective speed of sound down renormalization...$-\Delta c$ 4608.152266322589
residual of the fit... 0.02845760711047676
starting bubble....... 919
time for bubble... 30.290573120117188
effective speed of sound down renormalization...$-\Delta c$ 4695.145273210775
residual of the fit... 0.023937422024652478
starting bubble....... 919
time for bubble... 30.177433013916016
effective speed of sound down renormalization...$-\Delta c$ 4374.149759039708
residual of the fit... 0.05740873906082944
starting bubble....... 919
time for bubble... 30.094486951828003
effective speed of sound down renormalization...$-\Delta c$ 3993.970799093701
residual of the fit... 0.04016699116335407
starting bubble....... 919
time for bubble... 30.178115606307983
effective speed of sound down renormalization...$-\Delta c$ 3533.5894061314775
residual of the fit... 0.03781943711122539
starting bubble....... 919
time for bubble... 29.961805820465088
effective speed of sound down renormalization...$-\Delta c$ 3248.843625548769
residual of the fit... 0.012599329941868385
starting bubble....... 919
time for bubble... 29.827390432357788
effective speed of sound down renormalization...$-\Delta c$ 2936.048789860454
residual of the fit... 0.016105015547539254
starting bubble....... 919
time for bubble... 29.694142818450928
effective speed of sound down renormalization...$-\Delta c$ 2769.962168465
residual of the fit... 0.009417430614709076
starting bubble....... 919
time for bubble... 29.74313235282898
effective speed of sound down renormalization...$-\Delta c$ 2379.1627955519684
residual of the fit... 0.031200755773355557
starting bubble....... 919
time for bubble... 29.905137062072754
effective speed of sound down renormalization...$-\Delta c$ 2203.9543026462793
residual of the fit... 0.002767128555366305
starting bubble....... 919
time for bubble... 29.996893882751465
effective speed of sound down renormalization...$-\Delta c$ 1881.589425804596
residual of the fit... 0.036918357903777316
starting bubble....... 919
time for bubble... 29.961331844329834
effective speed of sound down renormalization...$-\Delta c$ 1572.0233566910026
residual of the fit... 0.09281596335248515
starting bubble....... 919
time for bubble... 30.111644506454468
effective speed of sound down renormalization...$-\Delta c$ 1384.5996454388408
residual of the fit... 0.039600819118780974
starting bubble....... 919
time for bubble... 30.39161443710327
effective speed of sound down renormalization...$-\Delta c$ 941.3597099495714
residual of the fit... 0.07123369579204668
starting bubble....... 919
time for bubble... 29.864945888519287
effective speed of sound down renormalization...$-\Delta c$ 675.4671067651362
residual of the fit... 0.0037206146780520847
starting bubble....... 919
time for bubble... 30.034517288208008
effective speed of sound down renormalization...$-\Delta c$ 316.0456063630603
residual of the fit... 0.03372991825859584
time for sweep delta 599.701735496521
