starting sampling in reciprocal space....
finished sampling in reciprocal space....t= 0.0513455867767334  s
919 numer of sampling lattice points
taking 0 umklapps
hbvf is .. 2.3382685902179845
q is... 0.07310725283461868
hvkd is... 0.17094439302031356
kappa is.. 0.75
alpha is.. 0.6142348289102568
the twist angle is .. 0.017453292519943295
phonon params 215571264817451.22
phonon params upsilon 2.69464081021814e+16
area ratio 0.0003046096872175207 0.00030460968721752167
correct factor by which the interaction is reduced 81.0294969084016
c tilde 1564.9911135429263
starting sampling in reciprocal space....
finished sampling in reciprocal space....t= 0.5622379779815674  s
starting sampling in reciprocal space....
finished sampling in reciprocal space....t= 0.5733966827392578  s
starting dispersion with 9919 points..........
time to diag over MBZ 8942.58043718338
saving  ..........
number of bands in density of states calculation, 2
sum of the hist, normed? 7.99999999999998
CHEMICAL POTENTIALS AND FILLINGS [0.         0.00038761 0.00052206 0.00057298 0.00060252 0.00063359
 0.00068273 0.00074777 0.00082341 0.00091263 0.00101433 0.00113603
 0.00127459 0.00142942 0.00162357 0.00185855 0.00217693 0.00259987
 0.00328133 0.00483658] [0.         0.20526316 0.41052632 0.61578947 0.82105263 1.02631579
 1.23157895 1.43684211 1.64210526 1.84736842 2.05263158 2.25789474
 2.46315789 2.66842105 2.87368421 3.07894737 3.28421053 3.48947368
 3.69473684 3.9       ]
CHEMICAL POTENTIAL AND FILLING 0.0 0.0
starting sampling in reciprocal space....
finished sampling in reciprocal space....t= 0.0539093017578125  s
starting sampling in reciprocal space....
finished sampling in reciprocal space....t= 0.053015947341918945  s
starting dispersion with 919 points..........
time to diag over MBZ 1421.5647940635681
starting sampling in reciprocal space....
finished sampling in reciprocal space....t= 0.05276656150817871  s
(6433, 564, 2) (919, 564, 2) (6433,)
starting sampling in reciprocal space....
finished sampling in reciprocal space....t= 0.05186104774475098  s
(6433, 564, 2) (919, 564, 2) (6433,)
calculating tensor that stores the overlaps........
finsihed the overlaps.......... 20.806127309799194
calculating tensor that stores the overlaps........
finsihed the overlaps.......... 3.009129762649536
calculating tensor that stores the overlaps........
finsihed the overlaps.......... 21.82146191596985
calculating tensor that stores the overlaps........
finsihed the overlaps.......... 2.4464776515960693
testing symmetry of the form factors...
failed C3 symmetry test, plus valley... 7.485435725270986e-05
failed C3 symmetry test, minus valley... 7.485435725270986e-05
finished testing symmetry of the form factors...
starting bubble....... 919
time for bubble... 29.24489951133728
effective speed of sound down renormalization...$-\Delta c$ 3286.244895864306
residual of the fit... 0.0586120972709521
starting bubble....... 919
time for bubble... 29.07521414756775
effective speed of sound down renormalization...$-\Delta c$ 0.0
residual of the fit... nan
starting bubble....... 919
time for bubble... 29.213539600372314
effective speed of sound down renormalization...$-\Delta c$ 0.0
residual of the fit... nan
starting bubble....... 919
time for bubble... 29.337111711502075
effective speed of sound down renormalization...$-\Delta c$ 0.0
residual of the fit... nan
starting bubble....... 919
time for bubble... 29.52146863937378
effective speed of sound down renormalization...$-\Delta c$ 0.0
residual of the fit... nan
starting bubble....... 919
time for bubble... 29.443727254867554
effective speed of sound down renormalization...$-\Delta c$ 0.0
residual of the fit... nan
starting bubble....... 919
time for bubble... 29.487631797790527
effective speed of sound down renormalization...$-\Delta c$ 0.0
residual of the fit... nan
starting bubble....... 919
time for bubble... 29.44724702835083
effective speed of sound down renormalization...$-\Delta c$ 0.0
residual of the fit... nan
starting bubble....... 919
time for bubble... 29.412636518478394
effective speed of sound down renormalization...$-\Delta c$ 0.0
residual of the fit... nan
starting bubble....... 919
time for bubble... 29.366915702819824
effective speed of sound down renormalization...$-\Delta c$ 0.0
residual of the fit... nan
starting bubble....... 919
time for bubble... 29.292038202285767
effective speed of sound down renormalization...$-\Delta c$ 0.0
residual of the fit... nan
starting bubble....... 919
time for bubble... 29.30536961555481
effective speed of sound down renormalization...$-\Delta c$ 0.0
residual of the fit... nan
starting bubble....... 919
time for bubble... 29.360096216201782
effective speed of sound down renormalization...$-\Delta c$ 0.0
residual of the fit... nan
starting bubble....... 919
time for bubble... 29.35828948020935
effective speed of sound down renormalization...$-\Delta c$ 0.0
residual of the fit... nan
starting bubble....... 919
time for bubble... 29.496272087097168
effective speed of sound down renormalization...$-\Delta c$ 0.0
residual of the fit... nan
starting bubble....... 919
time for bubble... 29.582372665405273
effective speed of sound down renormalization...$-\Delta c$ 0.0
residual of the fit... nan
starting bubble....... 919
time for bubble... 29.26004981994629
effective speed of sound down renormalization...$-\Delta c$ 0.0
residual of the fit... nan
starting bubble....... 919
time for bubble... 29.200199365615845
effective speed of sound down renormalization...$-\Delta c$ 0.0
residual of the fit... nan
starting bubble....... 919
time for bubble... 29.203336238861084
effective speed of sound down renormalization...$-\Delta c$ 0.0
residual of the fit... nan
starting bubble....... 919
time for bubble... 29.333600759506226
effective speed of sound down renormalization...$-\Delta c$ 0.0
residual of the fit... nan
time for sweep delta 587.0400207042694
