starting sampling in reciprocal space....
finished sampling in reciprocal space....t= 0.05210542678833008  s
919 numer of sampling lattice points
taking 0 umklapps
hbvf is .. 2.3382685902179845
q is... 0.07749356643361043
hvkd is... 0.18120077233568196
kappa is.. 0.75
alpha is.. 0.5794677287880602
the twist angle is .. 0.018500490071139894
phonon params 272152047269086.62
phonon params upsilon 3.4019005908635828e+16
area ratio 0.000342258370694157 0.00034225837069415746
correct factor by which the interaction is reduced 76.4430415345447
c tilde 1658.8879779096287
starting sampling in reciprocal space....
finished sampling in reciprocal space....t= 0.5667047500610352  s
starting sampling in reciprocal space....
finished sampling in reciprocal space....t= 0.563683032989502  s
starting dispersion ..........
time to diag over MBZ 2962.0766434669495
saving  ..........
number of bands in density of states calculation, 2
sum of the hist, normed? 8.00000000000002
CHEMICAL POTENTIAL AND FILLING 0.0 0.0
starting sampling in reciprocal space....
finished sampling in reciprocal space....t= 0.053127288818359375  s
starting sampling in reciprocal space....
finished sampling in reciprocal space....t= 0.05275678634643555  s
starting dispersion ..........
time to diag over MBZ 356.9222855567932
starting sampling in reciprocal space....
finished sampling in reciprocal space....t= 0.05291604995727539  s
(6433, 564, 2) (919, 564, 2) (6433,)
starting sampling in reciprocal space....
finished sampling in reciprocal space....t= 0.05222201347351074  s
(6433, 564, 2) (919, 564, 2) (6433,)
calculating tensor that stores the overlaps........
finsihed the overlaps.......... 15.763262033462524
calculating tensor that stores the overlaps........
finsihed the overlaps.......... 2.761091709136963
calculating tensor that stores the overlaps........
finsihed the overlaps.......... 15.69937515258789
calculating tensor that stores the overlaps........
finsihed the overlaps.......... 2.3700339794158936
testing symmetry of the form factors...
plus valley form factor passed the C3 symmetry test with average difference...  1.3924134880490307e-15
minus valley form factor passed the C3 symmetry test with average difference...  2.9228405025995455e-15
finished testing symmetry of the form factors...
starting bubble....... 919
time for bubble... 29.49085807800293
effective speed of sound down renormalization...$-\Delta c$ 12535.795558670607
residual of the fit... 0.039270301903440955
starting bubble....... 919
time for bubble... 30.000255823135376
effective speed of sound down renormalization...$-\Delta c$ 12624.641402044428
residual of the fit... 0.0261949284107761
starting bubble....... 919
time for bubble... 30.195141792297363
effective speed of sound down renormalization...$-\Delta c$ 12616.645419004306
residual of the fit... 0.017496016710172754
starting bubble....... 919
time for bubble... 29.722811460494995
effective speed of sound down renormalization...$-\Delta c$ 12218.849900654808
residual of the fit... 0.009208289783717136
starting bubble....... 919
time for bubble... 29.75488567352295
effective speed of sound down renormalization...$-\Delta c$ 12412.045952669145
residual of the fit... 0.002811889435895628
starting bubble....... 919
time for bubble... 29.686654329299927
effective speed of sound down renormalization...$-\Delta c$ 12459.425833127472
residual of the fit... 0.03962214124863112
starting bubble....... 919
time for bubble... 29.730894327163696
effective speed of sound down renormalization...$-\Delta c$ 12015.272401720216
residual of the fit... 0.06029016245641693
starting bubble....... 919
time for bubble... 29.701313018798828
effective speed of sound down renormalization...$-\Delta c$ 11262.735116556321
residual of the fit... 0.03336024135980785
starting bubble....... 919
time for bubble... 29.508715629577637
effective speed of sound down renormalization...$-\Delta c$ 10772.522257677825
residual of the fit... 0.027823907138532694
starting bubble....... 919
time for bubble... 29.527400493621826
effective speed of sound down renormalization...$-\Delta c$ 9884.8996449952
residual of the fit... 0.06323308639441139
starting bubble....... 919
time for bubble... 29.706895112991333
effective speed of sound down renormalization...$-\Delta c$ 8898.181554950128
residual of the fit... 0.012122864845452693
starting bubble....... 919
time for bubble... 29.607271671295166
effective speed of sound down renormalization...$-\Delta c$ 8278.02691035443
residual of the fit... 0.011255959262594763
starting bubble....... 919
time for bubble... 29.699575424194336
effective speed of sound down renormalization...$-\Delta c$ 7881.652063698371
residual of the fit... 0.020925946644087135
starting bubble....... 919
time for bubble... 29.624454736709595
effective speed of sound down renormalization...$-\Delta c$ 7584.725664703713
residual of the fit... 0.08761474239348306
starting bubble....... 919
time for bubble... 29.547220468521118
effective speed of sound down renormalization...$-\Delta c$ 6604.443216108924
residual of the fit... 0.012211204000735337
starting bubble....... 919
time for bubble... 29.75136709213257
effective speed of sound down renormalization...$-\Delta c$ 5944.9196455788515
residual of the fit... 0.036898849989129706
starting bubble....... 919
time for bubble... 29.610214948654175
effective speed of sound down renormalization...$-\Delta c$ 5591.392957435228
residual of the fit... 0.0035102978160625746
starting bubble....... 919
time for bubble... 29.64105248451233
effective speed of sound down renormalization...$-\Delta c$ 5219.604705838543
residual of the fit... 0.03690106381230071
starting bubble....... 919
time for bubble... 29.71355128288269
effective speed of sound down renormalization...$-\Delta c$ 4083.4791226325124
residual of the fit... 0.031948131930077076
starting bubble....... 919
time for bubble... 29.66656494140625
effective speed of sound down renormalization...$-\Delta c$ 970.7056231500645
residual of the fit... 0.25772437643622814
time for sweep delta 593.9222469329834
