starting sampling in reciprocal space....
finished sampling in reciprocal space....t= 0.00780034065246582  s
91 numer of sampling lattice points
taking 0 umklapps
hbvf is .. 2.3382685902179845
q is... 0.08626612869316475
hvkd is... 0.20171337912292955
kappa is.. 0.75
alpha is.. 0.5205405831608729
the twist angle is .. 0.020594885173533087
starting sampling in reciprocal space....
finished sampling in reciprocal space....t= 0.004178762435913086  s
starting sampling in reciprocal space....
finished sampling in reciprocal space....t= 0.004111289978027344  s
starting dispersion ..........
time to diag over MBZ 8.713429689407349
number of bands in density of states calculation, 2
sum of the hist, normed? 7.999999999999987
CHEMICAL POTENTIAL AND FILLING 0.0 0.0
starting sampling in reciprocal space....
finished sampling in reciprocal space....t= 0.004065990447998047  s
(4200,)
the bandwidth is ... 0.02940867603829984
280.79user 7.15system 0:37.11elapsed 775%CPU (0avgtext+0avgdata 3162528maxresident)k
0inputs+176outputs (0major+4599461minor)pagefaults 0swaps
