starting sampling in reciprocal space....
finished sampling in reciprocal space....t= 0.05041909217834473  s
919 numer of sampling lattice points
taking 0 umklapps
hbvf is .. 2.3382685902179845
q is... 0.07749356643361043
hvkd is... 0.18120077233568196
kappa is.. 0.75
alpha is.. 0.5794677287880602
the twist angle is .. 0.018500490071139894
phonon params 272152047269086.62
phonon params upsilon 3.4019005908635828e+16
area ratio 0.000342258370694157 0.00034225837069415746
correct factor by which the interaction is reduced 76.4430415345447
c tilde 1658.8879779096287
starting sampling in reciprocal space....
finished sampling in reciprocal space....t= 0.41845226287841797  s
starting sampling in reciprocal space....
finished sampling in reciprocal space....t= 0.32033300399780273  s
Loading  ..........
Traceback (most recent call last):
  File "Bubble_ep.py", line 772, in <module>
    sys.exit(main())  # next section explains the use of sys.exit
  File "Bubble_ep.py", line 746, in main
    [fillings,mu_values]=disp.mu_filling_array(Nfils, True, False, False) #read write calculate kappa
  File "/home/jfm343/Documents/Moire_phonon/BM_bandstructure/Mods/Hamiltonian.py", line 1081, in mu_filling_array
    with open('dispersions/Edisp_'+str(self.lq.Npoints)+'_theta_'+str(self.lq.theta)+'_kappa_'+str(self.hpl.kappa)+'.npy', 'rb') as f:
FileNotFoundError: [Errno 2] No such file or directory: 'dispersions/Edisp_100_theta_0.018500490071139894_kappa_0.75.npy'
Command exited with non-zero status 1
12.85user 0.47system 0:01.65elapsed 805%CPU (0avgtext+0avgdata 174976maxresident)k
15272inputs+128outputs (591major+46217minor)pagefaults 0swaps
starting sampling in reciprocal space....
finished sampling in reciprocal space....t= 0.03273892402648926  s
919 numer of sampling lattice points
taking 0 umklapps
hbvf is .. 2.3382685902179845
q is... 0.07749356643361043
hvkd is... 0.18120077233568196
kappa is.. 0.75
alpha is.. 0.5794677287880602
the twist angle is .. 0.018500490071139894
phonon params 272152047269086.62
phonon params upsilon 3.4019005908635828e+16
area ratio 0.000342258370694157 0.00034225837069415746
correct factor by which the interaction is reduced 76.4430415345447
c tilde 1658.8879779096287
starting sampling in reciprocal space....
finished sampling in reciprocal space....t= 0.42746686935424805  s
starting sampling in reciprocal space....
finished sampling in reciprocal space....t= 0.35631489753723145  s
Loading  ..........
number of bands in density of states calculation, 2
sum of the hist, normed? 7.999999999999932
CHEMICAL POTENTIAL AND FILLING 0.0 0.0
starting sampling in reciprocal space....
finished sampling in reciprocal space....t= 0.03297114372253418  s
starting sampling in reciprocal space....
finished sampling in reciprocal space....t= 0.03303885459899902  s
starting dispersion with 919 points..........
time to diag over MBZ 79.11260199546814
starting sampling in reciprocal space....
finished sampling in reciprocal space....t= 0.027482271194458008  s
(6433, 564, 2) (919, 564, 2) (6433,)
starting sampling in reciprocal space....
finished sampling in reciprocal space....t= 0.02902364730834961  s
(6433, 564, 2) (919, 564, 2) (6433,)
calculating tensor that stores the overlaps........
finsihed the overlaps.......... 4.587828159332275
calculating tensor that stores the overlaps........
finsihed the overlaps.......... 1.651073694229126
calculating tensor that stores the overlaps........
finsihed the overlaps.......... 4.6838133335113525
calculating tensor that stores the overlaps........
finsihed the overlaps.......... 1.657205581665039
testing symmetry of the form factors...
plus valley form factor passed the C3 symmetry test with average difference...  1.4823199145896306e-15
minus valley form factor passed the C3 symmetry test with average difference...  1.7254671547039215e-15
finished testing symmetry of the form factors...
starting bubble....... 919
time for bubble... 24.20706057548523
effective speed of sound down renormalization...$-\Delta c$ 12531.812529016714
residual of the fit... 0.037551373640068365
time for sweep delta 24.21243667602539
3081.36user 106.21system 2:23.63elapsed 2219%CPU (0avgtext+0avgdata 17044844maxresident)k
2832inputs+832outputs (335major+12604508minor)pagefaults 0swaps
starting sampling in reciprocal space....
finished sampling in reciprocal space....t= 0.03373312950134277  s
919 numer of sampling lattice points
taking 0 umklapps
hbvf is .. 2.3382685902179845
q is... 0.07749356643361043
hvkd is... 0.18120077233568196
kappa is.. 0.75
alpha is.. 0.5794677287880602
the twist angle is .. 0.018500490071139894
phonon params 272152047269086.62
phonon params upsilon 3.4019005908635828e+16
area ratio 0.000342258370694157 0.00034225837069415746
correct factor by which the interaction is reduced 76.4430415345447
c tilde 1658.8879779096287
starting sampling in reciprocal space....
finished sampling in reciprocal space....t= 0.42525529861450195  s
starting sampling in reciprocal space....
finished sampling in reciprocal space....t= 0.3546173572540283  s
Loading  ..........
number of bands in density of states calculation, 2
sum of the hist, normed? 7.999999999999932
CHEMICAL POTENTIAL AND FILLING 0.0 0.0
starting sampling in reciprocal space....
finished sampling in reciprocal space....t= 0.028170108795166016  s
starting sampling in reciprocal space....
finished sampling in reciprocal space....t= 0.028082609176635742  s
starting dispersion with 919 points..........
time to diag over MBZ 75.7344958782196
starting sampling in reciprocal space....
finished sampling in reciprocal space....t= 0.02760624885559082  s
(6433, 564, 2) (919, 564, 2) (6433,)
starting sampling in reciprocal space....
finished sampling in reciprocal space....t= 0.0398101806640625  s
(6433, 564, 2) (919, 564, 2) (6433,)
calculating tensor that stores the overlaps........
finsihed the overlaps.......... 4.902270078659058
calculating tensor that stores the overlaps........
finsihed the overlaps.......... 1.618574857711792
calculating tensor that stores the overlaps........
finsihed the overlaps.......... 4.5415613651275635
calculating tensor that stores the overlaps........
finsihed the overlaps.......... 1.628220796585083
testing symmetry of the form factors...
plus valley form factor passed the C3 symmetry test with average difference...  1.4823199145896306e-15
minus valley form factor passed the C3 symmetry test with average difference...  1.7254671547039215e-15
finished testing symmetry of the form factors...
starting bubble....... 919
time for bubble... 25.900278091430664
effective speed of sound down renormalization...$-\Delta c$ 106135.94154739719
residual of the fit... 0.5397820267423163
time for sweep delta 25.903772830963135
2952.90user 100.57system 2:20.53elapsed 2172%CPU (0avgtext+0avgdata 18939964maxresident)k
0inputs+824outputs (249major+15372806minor)pagefaults 0swaps
starting sampling in reciprocal space....
finished sampling in reciprocal space....t= 0.03664398193359375  s
919 numer of sampling lattice points
taking 0 umklapps
hbvf is .. 2.3382685902179845
q is... 0.07676251561000431
hvkd is... 0.17949137915699082
kappa is.. 0.75
alpha is.. 0.5849863123964439
the twist angle is .. 0.01832595714594046
phonon params 262026856138636.84
phonon params upsilon 3.2753357017329604e+16
area ratio 0.0003358313063384534 0.0003358313063384533
correct factor by which the interaction is reduced 77.17104983428196
c tilde 1643.2385314028643
starting sampling in reciprocal space....
finished sampling in reciprocal space....t= 0.42947959899902344  s
starting sampling in reciprocal space....
finished sampling in reciprocal space....t= 0.3115234375  s
Loading  ..........
number of bands in density of states calculation, 2
sum of the hist, normed? 7.99999999999991
CHEMICAL POTENTIAL AND FILLING 0.0 0.0
starting sampling in reciprocal space....
finished sampling in reciprocal space....t= 0.027635574340820312  s
starting sampling in reciprocal space....
finished sampling in reciprocal space....t= 0.02753758430480957  s
starting dispersion with 919 points..........
time to diag over MBZ 72.60931444168091
starting sampling in reciprocal space....
finished sampling in reciprocal space....t= 0.02839207649230957  s
(6433, 564, 2) (919, 564, 2) (6433,)
starting sampling in reciprocal space....
finished sampling in reciprocal space....t= 0.028884172439575195  s
(6433, 564, 2) (919, 564, 2) (6433,)
calculating tensor that stores the overlaps........
finsihed the overlaps.......... 4.582892656326294
calculating tensor that stores the overlaps........
finsihed the overlaps.......... 1.6337201595306396
calculating tensor that stores the overlaps........
finsihed the overlaps.......... 4.5182647705078125
calculating tensor that stores the overlaps........
finsihed the overlaps.......... 1.6352744102478027
testing symmetry of the form factors...
plus valley form factor passed the C3 symmetry test with average difference...  2.2974971106034542e-15
minus valley form factor passed the C3 symmetry test with average difference...  6.022696469626251e-15
finished testing symmetry of the form factors...
starting bubble....... 919
time for bubble... 23.683688640594482
effective speed of sound down renormalization...$-\Delta c$ 12445.620441953613
residual of the fit... 0.0464674549446045
time for sweep delta 23.687652587890625
2858.49user 97.60system 2:15.09elapsed 2188%CPU (0avgtext+0avgdata 17039632maxresident)k
0inputs+840outputs (207major+12600078minor)pagefaults 0swaps
starting sampling in reciprocal space....
finished sampling in reciprocal space....t= 0.03067469596862793  s
919 numer of sampling lattice points
taking 0 umklapps
hbvf is .. 2.3382685902179845
q is... 0.07676251561000431
hvkd is... 0.17949137915699082
kappa is.. 0.75
alpha is.. 0.5849863123964439
the twist angle is .. 0.01832595714594046
phonon params 262026856138636.84
phonon params upsilon 3.2753357017329604e+16
area ratio 0.0003358313063384534 0.0003358313063384533
correct factor by which the interaction is reduced 77.17104983428196
c tilde 1643.2385314028643
starting sampling in reciprocal space....
finished sampling in reciprocal space....t= 0.3289928436279297  s
starting sampling in reciprocal space....
finished sampling in reciprocal space....t= 0.30403614044189453  s
Loading  ..........
number of bands in density of states calculation, 2
sum of the hist, normed? 7.99999999999991
CHEMICAL POTENTIAL AND FILLING 0.0 0.0
starting sampling in reciprocal space....
finished sampling in reciprocal space....t= 0.02705550193786621  s
starting sampling in reciprocal space....
finished sampling in reciprocal space....t= 0.02713799476623535  s
starting dispersion with 919 points..........
time to diag over MBZ 73.78272032737732
starting sampling in reciprocal space....
finished sampling in reciprocal space....t= 0.026968955993652344  s
(6433, 564, 2) (919, 564, 2) (6433,)
starting sampling in reciprocal space....
finished sampling in reciprocal space....t= 0.028519153594970703  s
(6433, 564, 2) (919, 564, 2) (6433,)
calculating tensor that stores the overlaps........
finsihed the overlaps.......... 4.6730921268463135
calculating tensor that stores the overlaps........
finsihed the overlaps.......... 1.732933521270752
calculating tensor that stores the overlaps........
finsihed the overlaps.......... 4.373732566833496
calculating tensor that stores the overlaps........
finsihed the overlaps.......... 1.636049747467041
testing symmetry of the form factors...
plus valley form factor passed the C3 symmetry test with average difference...  2.2974971106034542e-15
minus valley form factor passed the C3 symmetry test with average difference...  6.022696469626251e-15
finished testing symmetry of the form factors...
starting bubble....... 919
time for bubble... 23.741238832473755
effective speed of sound down renormalization...$-\Delta c$ 94709.3384782512
residual of the fit... 0.6498705557005796
time for sweep delta 23.74508833885193
2890.48user 101.52system 2:17.46elapsed 2176%CPU (0avgtext+0avgdata 17040388maxresident)k
0inputs+832outputs (269major+12525671minor)pagefaults 0swaps
starting sampling in reciprocal space....
finished sampling in reciprocal space....t= 0.03641653060913086  s
919 numer of sampling lattice points
taking 0 umklapps
hbvf is .. 2.3382685902179845
q is... 0.07676251561000431
hvkd is... 0.17949137915699082
kappa is.. 0.75
alpha is.. 0.5849863123964439
the twist angle is .. 0.01832595714594046
phonon params 262026856138636.84
phonon params upsilon 3.2753357017329604e+16
area ratio 0.0003358313063384534 0.0003358313063384533
correct factor by which the interaction is reduced 77.17104983428196
c tilde 1643.2385314028643
starting sampling in reciprocal space....
finished sampling in reciprocal space....t= 0.3791468143463135  s
starting sampling in reciprocal space....
finished sampling in reciprocal space....t= 0.2972300052642822  s
Loading  ..........
number of bands in density of states calculation, 2
sum of the hist, normed? 7.99999999999991
CHEMICAL POTENTIAL AND FILLING 0.0 0.0
starting sampling in reciprocal space....
finished sampling in reciprocal space....t= 0.027373075485229492  s
starting sampling in reciprocal space....
finished sampling in reciprocal space....t= 0.02729511260986328  s
starting dispersion with 919 points..........
time to diag over MBZ 74.15793538093567
starting sampling in reciprocal space....
finished sampling in reciprocal space....t= 0.027713775634765625  s
(6433, 564, 2) (919, 564, 2) (6433,)
starting sampling in reciprocal space....
finished sampling in reciprocal space....t= 0.03555011749267578  s
(6433, 564, 2) (919, 564, 2) (6433,)
calculating tensor that stores the overlaps........
finsihed the overlaps.......... 5.531664609909058
calculating tensor that stores the overlaps........
finsihed the overlaps.......... 4.966504335403442
calculating tensor that stores the overlaps........
finsihed the overlaps.......... 4.732608318328857
calculating tensor that stores the overlaps........
finsihed the overlaps.......... 1.6798985004425049
calculating tensor that stores the overlaps........
finsihed the overlaps.......... 4.781098127365112
calculating tensor that stores the overlaps........
finsihed the overlaps.......... 1.656130313873291
testing symmetry of the form factors...
plus valley form factor passed the C3 symmetry test with average difference...  2.4514301121807906e-15
minus valley form factor passed the C3 symmetry test with average difference...  7.365855675159612e-15
finished testing symmetry of the form factors...
starting bubble....... 919
time for bubble... 23.811649322509766
effective speed of sound down renormalization...$-\Delta c$ 12165.869877648636
residual of the fit... 0.0880931264640871
time for sweep delta 23.815392017364502
3275.23user 117.95system 2:35.82elapsed 2177%CPU (0avgtext+0avgdata 22212328maxresident)k
0inputs+872outputs (289major+12814190minor)pagefaults 0swaps
