starting sampling in reciprocal space....
finished sampling in reciprocal space....t= 0.00935053825378418  s
91 numer of sampling lattice points
taking 0 umklapps
hbvf is .. 2.3382685902179845
q is... 0.08041776377089012
hvkd is... 0.18803833112104215
kappa is.. 0.75
alpha is.. 0.5583967873678396
the twist angle is .. 0.019198621771937627
starting sampling in reciprocal space....
finished sampling in reciprocal space....t= 0.005127429962158203  s
starting sampling in reciprocal space....
finished sampling in reciprocal space....t= 0.00448155403137207  s
starting dispersion ..........
time to diag over MBZ 9.127284526824951
number of bands in density of states calculation, 2
sum of the hist, normed? 7.999999999999995
CHEMICAL POTENTIAL AND FILLING 0.0 0.0
starting sampling in reciprocal space....
finished sampling in reciprocal space....t= 0.003966093063354492  s
(240,)
the bandwidth is ... 0.008729927181679087
158.32user 3.99system 0:21.41elapsed 757%CPU (0avgtext+0avgdata 1374420maxresident)k
0inputs+224outputs (0major+2446843minor)pagefaults 0swaps
