starting sampling in reciprocal space....
finished sampling in reciprocal space....t= 0.051457881927490234  s
919 numer of sampling lattice points
taking 0 umklapps
hbvf is .. 2.7
q is... 0.08750890091895454
hvkd is... 0.23627403248117726
kappa is.. 0.3
alpha is.. 0.4443992380261458
the twist angle is .. 0.020891591146372124
phonon params 885090998853806.2 65.25146549981847 8156.433187477308
starting sampling in reciprocal space....
finished sampling in reciprocal space....t= 0.3628685474395752  s
starting sampling in reciprocal space....
finished sampling in reciprocal space....t= 0.3634955883026123  s
starting dispersion ..........
time to diag over MBZ 1906.4770424365997
saving  ..........
number of bands in density of states calculation, 2
sum of the hist, normed? 8.000000000000046
CHEMICAL POTENTIAL AND FILLING 0.0 0.0
starting sampling in reciprocal space....
finished sampling in reciprocal space....t= 0.05257368087768555  s
starting sampling in reciprocal space....
finished sampling in reciprocal space....t= 0.05207061767578125  s
starting dispersion ..........
time to diag over MBZ 269.547837972641
starting sampling in reciprocal space....
finished sampling in reciprocal space....t= 0.0520627498626709  s
(6433, 564, 2) (919, 564, 2) (6433,)
starting sampling in reciprocal space....
finished sampling in reciprocal space....t= 0.05170083045959473  s
(6433, 564, 2) (919, 564, 2) (6433,)
calculating tensor that stores the overlaps........
finsihed the overlaps.......... 14.843695402145386
calculating tensor that stores the overlaps........
finsihed the overlaps.......... 14.913975715637207
calculating tensor that stores the overlaps........
finsihed the overlaps.......... 15.025254487991333
calculating tensor that stores the overlaps........
finsihed the overlaps.......... 2.963189125061035
calculating tensor that stores the overlaps........
finsihed the overlaps.......... 15.507130861282349
calculating tensor that stores the overlaps........
finsihed the overlaps.......... 2.921909809112549
testing symmetry of the form factors...
plus valley form factor passed the C3 symmetry test with average difference...  2.193132196708228e-15
minus valley form factor passed the C3 symmetry test with average difference...  2.2542217038950018e-15
finished testing symmetry of the form factors...
starting bubble....... 919
time for bubble... 29.285537242889404
effective speed of sound down renormalization...$-\Delta c$ 1498.351884227917
residual of the fit... 0.0892015021552954
starting bubble....... 919
time for bubble... 29.348392248153687
effective speed of sound down renormalization...$-\Delta c$ 1574.8919988374646
residual of the fit... 0.011039554956655808
starting bubble....... 919
time for bubble... 29.684449195861816
effective speed of sound down renormalization...$-\Delta c$ 1686.4752940372948
residual of the fit... 0.06328705123042548
starting bubble....... 919
time for bubble... 29.46744656562805
effective speed of sound down renormalization...$-\Delta c$ 1536.233099201749
residual of the fit... 0.05958771579412925
starting bubble....... 919
time for bubble... 29.568355560302734
effective speed of sound down renormalization...$-\Delta c$ 1036.6127180436217
residual of the fit... 0.015257000115613241
starting bubble....... 919
time for bubble... 29.518145084381104
effective speed of sound down renormalization...$-\Delta c$ 592.6035049046643
residual of the fit... 0.01226190080990613
starting bubble....... 919
time for bubble... 29.47118330001831
effective speed of sound down renormalization...$-\Delta c$ 136.32372008220042
residual of the fit... 0.00483009348977637
time for sweep delta 206.36250853538513
