starting sampling in reciprocal space....
finished sampling in reciprocal space....t= 0.05149507522583008  s
919 numer of sampling lattice points
taking 0 umklapps
hbvf is .. 2.7
q is... 0.08290332381738826
hvkd is... 0.2238389743069483
kappa is.. 0.75
alpha is.. 0.4690872102371881
the twist angle is .. 0.0197920337176157
phonon params 712962649407612.5 72.70275071916421 9087.843839895526
starting sampling in reciprocal space....
finished sampling in reciprocal space....t= 0.36264657974243164  s
starting sampling in reciprocal space....
finished sampling in reciprocal space....t= 0.36342763900756836  s
starting dispersion ..........
time to diag over MBZ 1951.1427927017212
saving  ..........
number of bands in density of states calculation, 2
sum of the hist, normed? 8.000000000000036
CHEMICAL POTENTIAL AND FILLING 0.0 0.0
starting sampling in reciprocal space....
finished sampling in reciprocal space....t= 0.051413536071777344  s
starting sampling in reciprocal space....
finished sampling in reciprocal space....t= 0.051406145095825195  s
starting dispersion ..........
time to diag over MBZ 277.0339632034302
starting sampling in reciprocal space....
finished sampling in reciprocal space....t= 0.05186724662780762  s
(6433, 564, 2) (919, 564, 2) (6433,)
starting sampling in reciprocal space....
finished sampling in reciprocal space....t= 0.05151820182800293  s
(6433, 564, 2) (919, 564, 2) (6433,)
calculating tensor that stores the overlaps........
finsihed the overlaps.......... 15.147653102874756
calculating tensor that stores the overlaps........
finsihed the overlaps.......... 15.238509178161621
calculating tensor that stores the overlaps........
finsihed the overlaps.......... 15.157598972320557
calculating tensor that stores the overlaps........
finsihed the overlaps.......... 2.547330856323242
calculating tensor that stores the overlaps........
finsihed the overlaps.......... 15.280783414840698
calculating tensor that stores the overlaps........
finsihed the overlaps.......... 2.546835422515869
testing symmetry of the form factors...
plus valley form factor passed the C3 symmetry test with average difference...  2.004801003265775e-15
minus valley form factor passed the C3 symmetry test with average difference...  1.6881157894467114e-15
finished testing symmetry of the form factors...
starting bubble....... 919
time for bubble... 29.320833206176758
effective speed of sound down renormalization...$-\Delta c$ 1810.2647333181758
residual of the fit... 0.07668239438170717
starting bubble....... 919
time for bubble... 29.747776985168457
effective speed of sound down renormalization...$-\Delta c$ 1923.4809513198963
residual of the fit... 0.0017910759978885136
starting bubble....... 919
time for bubble... 29.548733234405518
effective speed of sound down renormalization...$-\Delta c$ 2280.492120223501
residual of the fit... 0.008173662652873726
starting bubble....... 919
time for bubble... 29.507148027420044
effective speed of sound down renormalization...$-\Delta c$ 1826.7953207924313
residual of the fit... 0.031173545643966075
starting bubble....... 919
time for bubble... 29.59948420524597
effective speed of sound down renormalization...$-\Delta c$ 1281.8481469021558
residual of the fit... 0.06032909076888015
starting bubble....... 919
time for bubble... 29.715095281600952
effective speed of sound down renormalization...$-\Delta c$ 755.3699829436472
residual of the fit... 0.007826430400511208
starting bubble....... 919
time for bubble... 29.585396766662598
effective speed of sound down renormalization...$-\Delta c$ 224.95710610548724
residual of the fit... 0.029464750696502225
time for sweep delta 207.04753828048706
