starting sampling in reciprocal space....
finished sampling in reciprocal space....t= 0.05166983604431152  s
919 numer of sampling lattice points
taking 0 umklapps
hbvf is .. 2.7
q is... 0.07829772165774311
hvkd is... 0.2114038484759064
kappa is.. 0.75
alpha is.. 0.4966796998114573
the twist angle is .. 0.01869247628885927
phonon params 567251308986598.4 81.50729469744994 10188.411837181242
starting sampling in reciprocal space....
finished sampling in reciprocal space....t= 0.3624074459075928  s
starting sampling in reciprocal space....
finished sampling in reciprocal space....t= 0.36606335639953613  s
starting dispersion ..........
time to diag over MBZ 1881.4007325172424
saving  ..........
number of bands in density of states calculation, 2
sum of the hist, normed? 7.999999999999877
CHEMICAL POTENTIAL AND FILLING 0.0 0.0
starting sampling in reciprocal space....
finished sampling in reciprocal space....t= 0.05339336395263672  s
starting sampling in reciprocal space....
finished sampling in reciprocal space....t= 0.052890777587890625  s
starting dispersion ..........
time to diag over MBZ 282.99082493782043
starting sampling in reciprocal space....
finished sampling in reciprocal space....t= 0.05292057991027832  s
(6433, 564, 2) (919, 564, 2) (6433,)
starting sampling in reciprocal space....
finished sampling in reciprocal space....t= 0.05278825759887695  s
(6433, 564, 2) (919, 564, 2) (6433,)
calculating tensor that stores the overlaps........
finsihed the overlaps.......... 15.035468101501465
calculating tensor that stores the overlaps........
finsihed the overlaps.......... 15.109401941299438
calculating tensor that stores the overlaps........
finsihed the overlaps.......... 15.076017379760742
calculating tensor that stores the overlaps........
finsihed the overlaps.......... 2.899557590484619
calculating tensor that stores the overlaps........
finsihed the overlaps.......... 15.230081558227539
calculating tensor that stores the overlaps........
finsihed the overlaps.......... 2.413832664489746
testing symmetry of the form factors...
plus valley form factor passed the C3 symmetry test with average difference...  8.378310033635749e-15
minus valley form factor passed the C3 symmetry test with average difference...  8.363053941386517e-15
finished testing symmetry of the form factors...
starting bubble....... 919
time for bubble... 29.502496004104614
effective speed of sound down renormalization...$-\Delta c$ 2109.4751484177573
residual of the fit... 0.07477855061949605
starting bubble....... 919
time for bubble... 29.673473596572876
effective speed of sound down renormalization...$-\Delta c$ 2237.342696014982
residual of the fit... 0.016166499096078778
starting bubble....... 919
time for bubble... 29.711864948272705
effective speed of sound down renormalization...$-\Delta c$ 2698.043051313473
residual of the fit... 0.014187929795874838
starting bubble....... 919
time for bubble... 29.673693656921387
effective speed of sound down renormalization...$-\Delta c$ 2106.0418744888784
residual of the fit... 0.03838975196172221
starting bubble....... 919
time for bubble... 29.602009296417236
effective speed of sound down renormalization...$-\Delta c$ 1473.372564823809
residual of the fit... 0.01840369462521566
starting bubble....... 919
time for bubble... 29.60602855682373
effective speed of sound down renormalization...$-\Delta c$ 849.7820468005489
residual of the fit... 0.005766674122919675
starting bubble....... 919
time for bubble... 29.61465072631836
effective speed of sound down renormalization...$-\Delta c$ 250.31950387909248
residual of the fit... 0.032754525505525205
time for sweep delta 207.4046151638031
