starting sampling in reciprocal space....
finished sampling in reciprocal space....t= 0.004980564117431641  s
91 numer of sampling lattice points
taking 0 umklapps
hbvf is .. 2.7
q is... 0.08597371142192678
hvkd is... 0.2321290208392023
kappa is.. 0.75
alpha is.. 0.45233465260138395
the twist angle is .. 0.02052507200345332
starting sampling in reciprocal space....
finished sampling in reciprocal space....t= 0.004843473434448242  s
starting sampling in reciprocal space....
finished sampling in reciprocal space....t= 0.0047512054443359375  s
starting dispersion ..........
time to diag over MBZ 56.97209572792053
number of bands in density of states calculation, 2
sum of the hist, normed? 7.9999999999999964
CHEMICAL POTENTIAL AND FILLING 0.0 0.0
starting sampling in reciprocal space....
finished sampling in reciprocal space....t= 0.008935689926147461  s
(1680,)
the bandwidth is ... 0.07957640812539957
381.80user 22.16system 2:05.58elapsed 321%CPU (0avgtext+0avgdata 1373596maxresident)k
0inputs+200outputs (0major+2448162minor)pagefaults 0swaps
