starting sampling in reciprocal space....
finished sampling in reciprocal space....t= 0.008231163024902344  s
91 numer of sampling lattice points
taking 0 umklapps
hbvf is .. 2.3382685902179845
q is... 0.0687209191928595
hvkd is... 0.16068796683957162
kappa is.. 0.75
alpha is.. 0.6534403419568459
the twist angle is .. 0.016406094968746697
starting sampling in reciprocal space....
finished sampling in reciprocal space....t= 0.004228353500366211  s
starting sampling in reciprocal space....
finished sampling in reciprocal space....t= 0.004930734634399414  s
starting dispersion ..........
time to diag over MBZ 9.007256507873535
number of bands in density of states calculation, 2
sum of the hist, normed? 8.0
CHEMICAL POTENTIAL AND FILLING 0.0 0.0
starting sampling in reciprocal space....
finished sampling in reciprocal space....t= 0.004343271255493164  s
(1680,)
the bandwidth is ... 0.026733068266046173
162.23user 4.38system 0:22.07elapsed 754%CPU (0avgtext+0avgdata 1374324maxresident)k
0inputs+232outputs (0major+2447205minor)pagefaults 0swaps
