starting sampling in reciprocal space....
finished sampling in reciprocal space....t= 0.008139371871948242  s
91 numer of sampling lattice points
taking 0 umklapps
hbvf is .. 2.3382685902179845
q is... 0.08699717141061096
hvkd is... 0.20342275334724164
kappa is.. 0.3
alpha is.. 0.5161664478150363
the twist angle is .. 0.02076941809873252
starting sampling in reciprocal space....
finished sampling in reciprocal space....t= 0.004236936569213867  s
starting sampling in reciprocal space....
finished sampling in reciprocal space....t= 0.00420069694519043  s
starting dispersion ..........
time to diag over MBZ 8.692633628845215
number of bands in density of states calculation, 2
sum of the hist, normed? 8.000000000000002
CHEMICAL POTENTIAL AND FILLING 0.0 0.0
starting sampling in reciprocal space....
finished sampling in reciprocal space....t= 0.004099369049072266  s
(1680,)
the bandwidth is ... 0.0374992081734728
157.63user 4.15system 0:21.34elapsed 758%CPU (0avgtext+0avgdata 1374344maxresident)k
0inputs+216outputs (0major+2447721minor)pagefaults 0swaps
