starting sampling in reciprocal space....
finished sampling in reciprocal space....t= 0.008248090744018555  s
91 numer of sampling lattice points
taking 0 umklapps
hbvf is .. 2.3382685902179845
q is... 0.06798986172173412
hvkd is... 0.15897855811719494
kappa is.. 0.75
alpha is.. 0.6604664254320175
the twist angle is .. 0.016231562043547268
starting sampling in reciprocal space....
finished sampling in reciprocal space....t= 0.00421905517578125  s
starting sampling in reciprocal space....
finished sampling in reciprocal space....t= 0.004296779632568359  s
starting dispersion ..........
time to diag over MBZ 8.739306211471558
number of bands in density of states calculation, 2
sum of the hist, normed? 7.999999999999983
CHEMICAL POTENTIAL AND FILLING 0.0 0.0
starting sampling in reciprocal space....
finished sampling in reciprocal space....t= 0.004464387893676758  s
(1680,)
the bandwidth is ... 0.028589100562741047
158.11user 3.87system 0:21.52elapsed 752%CPU (0avgtext+0avgdata 1373464maxresident)k
0inputs+240outputs (0major+2446920minor)pagefaults 0swaps
