starting sampling in reciprocal space....
finished sampling in reciprocal space....t= 0.008331775665283203  s
91 numer of sampling lattice points
taking 0 umklapps
hbvf is .. 2.3382685902179845
q is... 0.08626612869316475
hvkd is... 0.20171337912292955
kappa is.. 0.75
alpha is.. 0.5205405831608729
the twist angle is .. 0.020594885173533087
starting sampling in reciprocal space....
finished sampling in reciprocal space....t= 0.004176616668701172  s
starting sampling in reciprocal space....
finished sampling in reciprocal space....t= 0.0041599273681640625  s
starting dispersion ..........
time to diag over MBZ 8.389405012130737
number of bands in density of states calculation, 2
sum of the hist, normed? 7.999999999999987
CHEMICAL POTENTIAL AND FILLING 0.0 0.0
starting sampling in reciprocal space....
finished sampling in reciprocal space....t= 0.0041141510009765625  s
(1680,)
the bandwidth is ... 0.02940867603829984
151.96user 4.00system 0:20.58elapsed 757%CPU (0avgtext+0avgdata 1373672maxresident)k
0inputs+168outputs (0major+2447647minor)pagefaults 0swaps
