starting sampling in reciprocal space....
finished sampling in reciprocal space....t= 0.008092164993286133  s
91 numer of sampling lattice points
taking 0 umklapps
hbvf is .. 2.3382685902179845
q is... 0.08480404129297625
hvkd is... 0.19829462607891532
kappa is.. 0.75
alpha is.. 0.5295151062652255
the twist angle is .. 0.020245819323134222
starting sampling in reciprocal space....
finished sampling in reciprocal space....t= 0.005461454391479492  s
starting sampling in reciprocal space....
finished sampling in reciprocal space....t= 0.0044672489166259766  s
starting dispersion ..........
time to diag over MBZ 9.217527866363525
number of bands in density of states calculation, 2
sum of the hist, normed? 8.000000000000004
CHEMICAL POTENTIAL AND FILLING 0.0 0.0
starting sampling in reciprocal space....
finished sampling in reciprocal space....t= 0.0044100284576416016  s
(1680,)
the bandwidth is ... 0.02410271313105219
167.03user 4.61system 0:22.77elapsed 753%CPU (0avgtext+0avgdata 1374092maxresident)k
0inputs+232outputs (0major+2448386minor)pagefaults 0swaps
