starting sampling in reciprocal space....
finished sampling in reciprocal space....t= 0.05143451690673828  s
919 numer of sampling lattice points
taking 0 umklapps
hbvf is .. 2.3382685902179845
q is... 0.07164514378828872
hvkd is... 0.16752558936180664
kappa is.. 0.75
alpha is.. 0.6267699185539379
the twist angle is .. 0.017104226669544427
phonon params 198836470635881.38
phonon params upsilon 2.4854558829485172e+16
area ratio 0.00029254743768467365 0.000292547437684674
correct factor by which the interaction is reduced 82.68311855231156
c tilde 1533.692062138087
starting sampling in reciprocal space....
finished sampling in reciprocal space....t= 0.5680582523345947  s
starting sampling in reciprocal space....
finished sampling in reciprocal space....t= 0.5614674091339111  s
starting dispersion with 9919 points..........
time to diag over MBZ 14317.359688043594
saving  ..........
number of bands in density of states calculation, 2
sum of the hist, normed? 8.000000000000151
CHEMICAL POTENTIALS AND FILLINGS [0.         0.00049034 0.00065815 0.00070044 0.00073183 0.00077378
 0.0008453  0.00092937 0.00102898 0.00114453 0.00126915 0.00143204
 0.00160191 0.0017968  0.00203249 0.00233567 0.00268651 0.00320017
 0.00399001 0.00600873] [0.         0.20526316 0.41052632 0.61578947 0.82105263 1.02631579
 1.23157895 1.43684211 1.64210526 1.84736842 2.05263158 2.25789474
 2.46315789 2.66842105 2.87368421 3.07894737 3.28421053 3.48947368
 3.69473684 3.9       ]
CHEMICAL POTENTIAL AND FILLING 0.0 0.0
starting sampling in reciprocal space....
finished sampling in reciprocal space....t= 0.0524899959564209  s
starting sampling in reciprocal space....
finished sampling in reciprocal space....t= 0.0534358024597168  s
starting dispersion with 919 points..........
time to diag over MBZ 684.5672039985657
starting sampling in reciprocal space....
finished sampling in reciprocal space....t= 0.05227184295654297  s
(6433, 564, 2) (919, 564, 2) (6433,)
starting sampling in reciprocal space....
finished sampling in reciprocal space....t= 0.05285191535949707  s
(6433, 564, 2) (919, 564, 2) (6433,)
calculating tensor that stores the overlaps........
finsihed the overlaps.......... 16.354047775268555
calculating tensor that stores the overlaps........
finsihed the overlaps.......... 3.184239625930786
calculating tensor that stores the overlaps........
finsihed the overlaps.......... 16.40573000907898
calculating tensor that stores the overlaps........
finsihed the overlaps.......... 2.5964863300323486
testing symmetry of the form factors...
failed C3 symmetry test, plus valley... 7.108687449124209e-05
failed C3 symmetry test, minus valley... 7.108687449124209e-05
finished testing symmetry of the form factors...
starting bubble....... 919
time for bubble... 29.092175722122192
effective speed of sound down renormalization...$-\Delta c$ 2849.1352462822547
residual of the fit... 0.057432905783295504
starting bubble....... 919
time for bubble... 29.24061942100525
effective speed of sound down renormalization...$-\Delta c$ 0.0
residual of the fit... nan
starting bubble....... 919
time for bubble... 29.21449851989746
effective speed of sound down renormalization...$-\Delta c$ 0.0
residual of the fit... nan
starting bubble....... 919
time for bubble... 29.157026052474976
effective speed of sound down renormalization...$-\Delta c$ 0.0
residual of the fit... nan
starting bubble....... 919
time for bubble... 29.142304182052612
effective speed of sound down renormalization...$-\Delta c$ 0.0
residual of the fit... nan
starting bubble....... 919
time for bubble... 29.133980751037598
effective speed of sound down renormalization...$-\Delta c$ 0.0
residual of the fit... nan
starting bubble....... 919
time for bubble... 29.2140212059021
effective speed of sound down renormalization...$-\Delta c$ 0.0
residual of the fit... nan
starting bubble....... 919
time for bubble... 29.189135789871216
effective speed of sound down renormalization...$-\Delta c$ 0.0
residual of the fit... nan
starting bubble....... 919
time for bubble... 29.31630039215088
effective speed of sound down renormalization...$-\Delta c$ 0.0
residual of the fit... nan
starting bubble....... 919
time for bubble... 29.16787314414978
effective speed of sound down renormalization...$-\Delta c$ 0.0
residual of the fit... nan
starting bubble....... 919
time for bubble... 29.135953187942505
effective speed of sound down renormalization...$-\Delta c$ 0.0
residual of the fit... nan
starting bubble....... 919
time for bubble... 29.347578763961792
effective speed of sound down renormalization...$-\Delta c$ 0.0
residual of the fit... nan
starting bubble....... 919
time for bubble... 29.044338703155518
effective speed of sound down renormalization...$-\Delta c$ 0.0
residual of the fit... nan
starting bubble....... 919
time for bubble... 29.125226259231567
effective speed of sound down renormalization...$-\Delta c$ 0.0
residual of the fit... nan
starting bubble....... 919
time for bubble... 29.43788766860962
effective speed of sound down renormalization...$-\Delta c$ 0.0
residual of the fit... nan
starting bubble....... 919
time for bubble... 29.430041313171387
effective speed of sound down renormalization...$-\Delta c$ 0.0
residual of the fit... nan
starting bubble....... 919
time for bubble... 28.992838382720947
effective speed of sound down renormalization...$-\Delta c$ 0.0
residual of the fit... nan
starting bubble....... 919
time for bubble... 29.062079906463623
effective speed of sound down renormalization...$-\Delta c$ 0.0
residual of the fit... nan
starting bubble....... 919
time for bubble... 29.09381866455078
effective speed of sound down renormalization...$-\Delta c$ 0.0
residual of the fit... nan
starting bubble....... 919
time for bubble... 29.245988368988037
effective speed of sound down renormalization...$-\Delta c$ 0.0
residual of the fit... nan
time for sweep delta 583.8448095321655
