starting sampling in reciprocal space....
finished sampling in reciprocal space....t= 0.05602288246154785  s
919 numer of sampling lattice points
taking 0 umklapps
hbvf is .. 2.7
q is... 0.06908644773251756
hvkd is... 0.1865334088777974
kappa is.. 0.3
alpha is.. 0.5629018449386086
the twist angle is .. 0.016493361431346415
phonon params 343835297297344.44 104.69091678831359 13086.364598539198
starting sampling in reciprocal space....
finished sampling in reciprocal space....t= 0.3717918395996094  s
starting sampling in reciprocal space....
finished sampling in reciprocal space....t= 0.37424254417419434  s
starting dispersion ..........
time to diag over MBZ 11231.398312091827
saving  ..........
number of bands in density of states calculation, 2
sum of the hist, normed? 8.00000000000001
CHEMICAL POTENTIAL AND FILLING 0.0 0.0
starting sampling in reciprocal space....
finished sampling in reciprocal space....t= 0.054975271224975586  s
starting sampling in reciprocal space....
finished sampling in reciprocal space....t= 0.05482196807861328  s
starting dispersion ..........
time to diag over MBZ 1150.6251339912415
starting sampling in reciprocal space....
finished sampling in reciprocal space....t= 0.05339550971984863  s
(6433, 564, 2) (919, 564, 2) (6433,)
starting sampling in reciprocal space....
finished sampling in reciprocal space....t= 0.08648014068603516  s
(6433, 564, 2) (919, 564, 2) (6433,)
calculating tensor that stores the overlaps........
finsihed the overlaps.......... 23.403729677200317
calculating tensor that stores the overlaps........
finsihed the overlaps.......... 23.408894777297974
calculating tensor that stores the overlaps........
finsihed the overlaps.......... 36.21314358711243
calculating tensor that stores the overlaps........
finsihed the overlaps.......... 5.136303901672363
calculating tensor that stores the overlaps........
finsihed the overlaps.......... 41.18506383895874
calculating tensor that stores the overlaps........
finsihed the overlaps.......... 6.343847990036011
testing symmetry of the form factors...
plus valley form factor passed the C3 symmetry test with average difference...  6.7546500627507866e-15
minus valley form factor passed the C3 symmetry test with average difference...  6.893445960062474e-15
finished testing symmetry of the form factors...
starting bubble....... 919
time for bubble... 29.70365333557129
effective speed of sound down renormalization...$-\Delta c$ 3549.5429057357437
residual of the fit... 0.08778086376578043
starting bubble....... 919
time for bubble... 29.851475477218628
effective speed of sound down renormalization...$-\Delta c$ 3692.9470902541557
residual of the fit... 0.009268403363112169
starting bubble....... 919
time for bubble... 29.985729694366455
effective speed of sound down renormalization...$-\Delta c$ 4076.4953690920142
residual of the fit... 0.05524369919236713
starting bubble....... 919
time for bubble... 29.844547986984253
effective speed of sound down renormalization...$-\Delta c$ 3712.092147747986
residual of the fit... 0.05764889962498526
starting bubble....... 919
time for bubble... 29.822465419769287
effective speed of sound down renormalization...$-\Delta c$ 2298.4101766318227
residual of the fit... 0.01595437968571338
starting bubble....... 919
time for bubble... 29.98305654525757
effective speed of sound down renormalization...$-\Delta c$ 1300.67998991811
residual of the fit... 0.0018444004981948406
starting bubble....... 919
time for bubble... 29.917954206466675
effective speed of sound down renormalization...$-\Delta c$ 250.3528814207114
residual of the fit... 0.09739430762559081
time for sweep delta 209.1396083831787
