starting sampling in reciprocal space....
finished sampling in reciprocal space....t= 0.05108022689819336  s
919 numer of sampling lattice points
taking 0 umklapps
hbvf is .. 2.3382685902179845
q is... 0.07676251561000431
hvkd is... 0.17949137915699082
kappa is.. 0.3
alpha is.. 0.5849863123964439
the twist angle is .. 0.01832595714594046
phonon params 262026856138636.84
phonon params upsilon 3.2753357017329604e+16
area ratio 0.0003358313063384534 0.0003358313063384533
correct factor by which the interaction is reduced 77.17104983428196
c tilde 1643.2385314028643
starting sampling in reciprocal space....
finished sampling in reciprocal space....t= 0.566133975982666  s
starting sampling in reciprocal space....
finished sampling in reciprocal space....t= 0.5707082748413086  s
starting dispersion ..........
time to diag over MBZ 2818.1495702266693
saving  ..........
number of bands in density of states calculation, 2
sum of the hist, normed? 7.9999999999998765
CHEMICAL POTENTIAL AND FILLING 0.0 0.0
starting sampling in reciprocal space....
finished sampling in reciprocal space....t= 0.054067134857177734  s
starting sampling in reciprocal space....
finished sampling in reciprocal space....t= 0.052677154541015625  s
starting dispersion ..........
time to diag over MBZ 277.2143232822418
starting sampling in reciprocal space....
finished sampling in reciprocal space....t= 0.052609920501708984  s
(6433, 564, 2) (919, 564, 2) (6433,)
starting sampling in reciprocal space....
finished sampling in reciprocal space....t= 0.05222153663635254  s
(6433, 564, 2) (919, 564, 2) (6433,)
calculating tensor that stores the overlaps........
finsihed the overlaps.......... 14.87226152420044
calculating tensor that stores the overlaps........
finsihed the overlaps.......... 14.453691720962524
calculating tensor that stores the overlaps........
finsihed the overlaps.......... 14.508673429489136
calculating tensor that stores the overlaps........
finsihed the overlaps.......... 2.596752405166626
calculating tensor that stores the overlaps........
finsihed the overlaps.......... 14.65372896194458
calculating tensor that stores the overlaps........
finsihed the overlaps.......... 2.195664644241333
testing symmetry of the form factors...
plus valley form factor passed the C3 symmetry test with average difference...  2.160352904957512e-15
minus valley form factor passed the C3 symmetry test with average difference...  2.016270121810612e-15
finished testing symmetry of the form factors...
starting bubble....... 919
time for bubble... 29.521180152893066
effective speed of sound down renormalization...$-\Delta c$ 26534.240511790922
residual of the fit... 0.08363332417681582
starting bubble....... 919
time for bubble... 29.71871018409729
effective speed of sound down renormalization...$-\Delta c$ 28056.57604533963
residual of the fit... 0.034546898507065965
starting bubble....... 919
time for bubble... 29.82887363433838
effective speed of sound down renormalization...$-\Delta c$ 30429.86716040088
residual of the fit... 0.024234601346387847
starting bubble....... 919
time for bubble... 29.697197437286377
effective speed of sound down renormalization...$-\Delta c$ 31182.878234767
residual of the fit... 0.04566928755759104
starting bubble....... 919
time for bubble... 29.8620502948761
effective speed of sound down renormalization...$-\Delta c$ 29963.61008040159
residual of the fit... 0.04464794813843417
starting bubble....... 919
time for bubble... 29.787304401397705
effective speed of sound down renormalization...$-\Delta c$ 25326.01497523543
residual of the fit... 0.021761867862854747
starting bubble....... 919
time for bubble... 29.610471963882446
effective speed of sound down renormalization...$-\Delta c$ 21119.204417760182
residual of the fit... 0.02502971955095759
starting bubble....... 919
time for bubble... 29.741400718688965
effective speed of sound down renormalization...$-\Delta c$ 19861.950122174985
residual of the fit... 0.04978794915257262
starting bubble....... 919
time for bubble... 29.557782649993896
effective speed of sound down renormalization...$-\Delta c$ 16636.23108418064
residual of the fit... 0.008399816779229427
starting bubble....... 919
time for bubble... 29.75167441368103
effective speed of sound down renormalization...$-\Delta c$ 16156.53607374788
residual of the fit... 0.03972161646637864
starting bubble....... 919
time for bubble... 29.804424047470093
effective speed of sound down renormalization...$-\Delta c$ 14216.665903442818
residual of the fit... 0.022421639554565664
starting bubble....... 919
time for bubble... 29.814711332321167
effective speed of sound down renormalization...$-\Delta c$ 12190.749115480941
residual of the fit... 0.07103337905398645
starting bubble....... 919
time for bubble... 29.71522092819214
effective speed of sound down renormalization...$-\Delta c$ 11335.637863230035
residual of the fit... 0.03531216407594965
starting bubble....... 919
time for bubble... 29.63508176803589
effective speed of sound down renormalization...$-\Delta c$ 10776.755591442581
residual of the fit... 0.06647556025143689
starting bubble....... 919
time for bubble... 29.693907260894775
effective speed of sound down renormalization...$-\Delta c$ 8634.456749351386
residual of the fit... 0.011326890424554934
starting bubble....... 919
time for bubble... 29.649804830551147
effective speed of sound down renormalization...$-\Delta c$ 7175.3729898355505
residual of the fit... 0.0029114654688003937
starting bubble....... 919
time for bubble... 29.759389400482178
effective speed of sound down renormalization...$-\Delta c$ 6127.726627550574
residual of the fit... 0.12093535721795483
starting bubble....... 919
time for bubble... 29.7476749420166
effective speed of sound down renormalization...$-\Delta c$ 4568.212245790339
residual of the fit... 0.020343756772924323
starting bubble....... 919
time for bubble... 29.65462350845337
effective speed of sound down renormalization...$-\Delta c$ 3407.200040014922
residual of the fit... 0.0778658201072039
starting bubble....... 919
time for bubble... 29.770188093185425
effective speed of sound down renormalization...$-\Delta c$ 1433.244521024287
residual of the fit... 0.025942792202506212
time for sweep delta 594.358149766922
