starting sampling in reciprocal space....
finished sampling in reciprocal space....t= 0.05120086669921875  s
919 numer of sampling lattice points
taking 0 umklapps
hbvf is .. 2.7
q is... 0.06601600397918202
hvkd is... 0.17824321074379146
kappa is.. 0.75
alpha is.. 0.5890827457710467
the twist angle is .. 0.015760323145508796
phonon params 286665835177893.8 114.6558619796735 14331.982747459188
starting sampling in reciprocal space....
finished sampling in reciprocal space....t= 0.36939287185668945  s
starting sampling in reciprocal space....
finished sampling in reciprocal space....t= 0.36266016960144043  s
starting dispersion ..........
time to diag over MBZ 5428.200031518936
saving  ..........
number of bands in density of states calculation, 2
sum of the hist, normed? 7.999999999999777
CHEMICAL POTENTIAL AND FILLING 0.0 0.0
starting sampling in reciprocal space....
finished sampling in reciprocal space....t= 0.051750898361206055  s
starting sampling in reciprocal space....
finished sampling in reciprocal space....t= 0.0520634651184082  s
starting dispersion ..........
time to diag over MBZ 407.15831995010376
starting sampling in reciprocal space....
finished sampling in reciprocal space....t= 0.05233144760131836  s
(6433, 564, 2) (919, 564, 2) (6433,)
starting sampling in reciprocal space....
finished sampling in reciprocal space....t= 0.05407309532165527  s
(6433, 564, 2) (919, 564, 2) (6433,)
calculating tensor that stores the overlaps........
finsihed the overlaps.......... 18.3664710521698
calculating tensor that stores the overlaps........
finsihed the overlaps.......... 18.815590620040894
calculating tensor that stores the overlaps........
finsihed the overlaps.......... 21.351423501968384
calculating tensor that stores the overlaps........
finsihed the overlaps.......... 3.801945447921753
calculating tensor that stores the overlaps........
finsihed the overlaps.......... 19.23511052131653
calculating tensor that stores the overlaps........
finsihed the overlaps.......... 3.753385066986084
testing symmetry of the form factors...
plus valley form factor passed the C3 symmetry test with average difference...  2.760341846701421e-15
minus valley form factor passed the C3 symmetry test with average difference...  4.315685617465965e-15
finished testing symmetry of the form factors...
starting bubble....... 919
time for bubble... 29.491920948028564
effective speed of sound down renormalization...$-\Delta c$ 8331.526339294478
residual of the fit... 0.06830505882954695
starting bubble....... 919
time for bubble... 29.530319213867188
effective speed of sound down renormalization...$-\Delta c$ 9985.342539350373
residual of the fit... 0.030307866115708786
starting bubble....... 919
time for bubble... 29.54686737060547
effective speed of sound down renormalization...$-\Delta c$ 8789.547939239346
residual of the fit... 0.033289607964950334
starting bubble....... 919
time for bubble... 29.501101970672607
effective speed of sound down renormalization...$-\Delta c$ 6111.516089291006
residual of the fit... 0.01796092338859086
starting bubble....... 919
time for bubble... 29.48513960838318
effective speed of sound down renormalization...$-\Delta c$ 4176.860148554582
residual of the fit... 0.0033395299226416895
starting bubble....... 919
time for bubble... 29.549116611480713
effective speed of sound down renormalization...$-\Delta c$ 2392.1680944848654
residual of the fit... 0.019297387920069284
starting bubble....... 919
time for bubble... 29.49140214920044
effective speed of sound down renormalization...$-\Delta c$ 555.3469385964253
residual of the fit... 0.0012807227793509334
time for sweep delta 206.6174395084381
