starting sampling in reciprocal space....
finished sampling in reciprocal space....t= 0.008122444152832031  s
91 numer of sampling lattice points
taking 0 umklapps
hbvf is .. 2.3382685902179845
q is... 0.07164514378828872
hvkd is... 0.16752558936180664
kappa is.. 0.75
alpha is.. 0.6267699185539379
the twist angle is .. 0.017104226669544427
starting sampling in reciprocal space....
finished sampling in reciprocal space....t= 0.0043065547943115234  s
starting sampling in reciprocal space....
finished sampling in reciprocal space....t= 0.004360198974609375  s
starting dispersion ..........
time to diag over MBZ 9.010600090026855
number of bands in density of states calculation, 2
sum of the hist, normed? 8.000000000000007
CHEMICAL POTENTIAL AND FILLING 0.0 0.0
starting sampling in reciprocal space....
finished sampling in reciprocal space....t= 0.004111528396606445  s
(240,)
the bandwidth is ... 0.018816410634258318
159.53user 3.99system 0:21.61elapsed 756%CPU (0avgtext+0avgdata 1374156maxresident)k
0inputs+208outputs (0major+2447036minor)pagefaults 0swaps
