starting sampling in reciprocal space....
finished sampling in reciprocal space....t= 0.05148029327392578  s
919 numer of sampling lattice points
taking 0 umklapps
hbvf is .. 2.7
q is... 0.07676251561000431
hvkd is... 0.20725879214701165
kappa is.. 0.75
alpha is.. 0.5066130074015002
the twist angle is .. 0.01832595714594046
phonon params 524053712277273.6 84.80009352223715 10600.011690279644
starting sampling in reciprocal space....
finished sampling in reciprocal space....t= 0.37645745277404785  s
starting sampling in reciprocal space....
finished sampling in reciprocal space....t= 0.3706240653991699  s
starting dispersion ..........
time to diag over MBZ 3992.240510702133
saving  ..........
number of bands in density of states calculation, 2
sum of the hist, normed? 7.999999999999978
CHEMICAL POTENTIAL AND FILLING 0.0 0.0
starting sampling in reciprocal space....
finished sampling in reciprocal space....t= 0.05243372917175293  s
starting sampling in reciprocal space....
finished sampling in reciprocal space....t= 0.05238604545593262  s
starting dispersion ..........
time to diag over MBZ 1231.0248663425446
starting sampling in reciprocal space....
finished sampling in reciprocal space....t= 0.05191850662231445  s
(6433, 564, 2) (919, 564, 2) (6433,)
starting sampling in reciprocal space....
finished sampling in reciprocal space....t= 0.05446815490722656  s
(6433, 564, 2) (919, 564, 2) (6433,)
calculating tensor that stores the overlaps........
finsihed the overlaps.......... 19.981027603149414
calculating tensor that stores the overlaps........
finsihed the overlaps.......... 22.245460271835327
calculating tensor that stores the overlaps........
finsihed the overlaps.......... 20.13688898086548
calculating tensor that stores the overlaps........
finsihed the overlaps.......... 3.856858491897583
calculating tensor that stores the overlaps........
finsihed the overlaps.......... 20.110010385513306
calculating tensor that stores the overlaps........
finsihed the overlaps.......... 4.464092493057251
testing symmetry of the form factors...
plus valley form factor passed the C3 symmetry test with average difference...  3.2116900749247635e-15
minus valley form factor passed the C3 symmetry test with average difference...  2.5807262731632765e-15
finished testing symmetry of the form factors...
starting bubble....... 919
time for bubble... 29.683022260665894
effective speed of sound down renormalization...$-\Delta c$ 2258.8180867631568
residual of the fit... 0.07285855966829971
starting bubble....... 919
time for bubble... 29.833716869354248
effective speed of sound down renormalization...$-\Delta c$ 2425.0677442421597
residual of the fit... 0.004413372640013525
starting bubble....... 919
time for bubble... 29.740583181381226
effective speed of sound down renormalization...$-\Delta c$ 2881.517959076003
residual of the fit... 0.028541263363465623
starting bubble....... 919
time for bubble... 29.800161838531494
effective speed of sound down renormalization...$-\Delta c$ 2239.42751115977
residual of the fit... 0.02987503051533572
starting bubble....... 919
time for bubble... 29.848629236221313
effective speed of sound down renormalization...$-\Delta c$ 1550.519780180652
residual of the fit... 0.01591121298441424
starting bubble....... 919
time for bubble... 29.70900249481201
effective speed of sound down renormalization...$-\Delta c$ 906.0542135277699
residual of the fit... 0.017620380460901752
starting bubble....... 919
time for bubble... 29.67528986930847
effective speed of sound down renormalization...$-\Delta c$ 263.56034039899345
residual of the fit... 0.03371806453531734
time for sweep delta 208.3115038871765
