starting sampling in reciprocal space....
finished sampling in reciprocal space....t= 0.008353710174560547  s
91 numer of sampling lattice points
taking 0 umklapps
hbvf is .. 2.3382685902179845
q is... 0.06579668622399441
hvkd is... 0.1538503247379945
kappa is.. 0.75
alpha is.. 0.6824814973826925
the twist angle is .. 0.015707963267948967
starting sampling in reciprocal space....
finished sampling in reciprocal space....t= 0.004067659378051758  s
starting sampling in reciprocal space....
finished sampling in reciprocal space....t= 0.004124164581298828  s
starting dispersion ..........
time to diag over MBZ 8.528250694274902
number of bands in density of states calculation, 2
sum of the hist, normed? 8.000000000000009
CHEMICAL POTENTIAL AND FILLING 0.0 0.0
starting sampling in reciprocal space....
finished sampling in reciprocal space....t= 0.0039556026458740234  s
(4200,)
the bandwidth is ... 0.02494695974009223
274.01user 7.24system 0:36.20elapsed 776%CPU (0avgtext+0avgdata 3162720maxresident)k
0inputs+200outputs (0major+4597871minor)pagefaults 0swaps
