starting sampling in reciprocal space....
finished sampling in reciprocal space....t= 0.05159163475036621  s
919 numer of sampling lattice points
taking 0 umklapps
hbvf is .. 2.3382685902179845
q is... 0.08114881158808747
hvkd is... 0.18974771726994213
kappa is.. 0.75
alpha is.. 0.5533663409010771
the twist angle is .. 0.01937315469713706
phonon params 327248502150003.9
phonon params upsilon 4.090606276875048e+16
area ratio 0.0003753073843623919 0.0003753073843623924
correct factor by which the interaction is reduced 72.99976181553953
c tilde 1737.1350185625997
starting sampling in reciprocal space....
finished sampling in reciprocal space....t= 0.568730354309082  s
starting sampling in reciprocal space....
finished sampling in reciprocal space....t= 0.5740926265716553  s
starting dispersion with 9919 points..........
time to diag over MBZ 4007.0369572639465
saving  ..........
number of bands in density of states calculation, 2
sum of the hist, normed? 7.999999999999911
CHEMICAL POTENTIALS AND FILLINGS [0.         0.00056667 0.00077366 0.00090819 0.00099967 0.00105231
 0.00109545 0.00115897 0.00124157 0.00133022 0.00144586 0.00156663
 0.00169884 0.0018465  0.0020239  0.00222972 0.00248327 0.00282023
 0.00333951 0.00443487] [0.         0.20526316 0.41052632 0.61578947 0.82105263 1.02631579
 1.23157895 1.43684211 1.64210526 1.84736842 2.05263158 2.25789474
 2.46315789 2.66842105 2.87368421 3.07894737 3.28421053 3.48947368
 3.69473684 3.9       ]
CHEMICAL POTENTIAL AND FILLING 0.0 0.0
starting sampling in reciprocal space....
finished sampling in reciprocal space....t= 0.052111148834228516  s
starting sampling in reciprocal space....
finished sampling in reciprocal space....t= 0.05268383026123047  s
starting dispersion with 919 points..........
time to diag over MBZ 377.4300184249878
starting sampling in reciprocal space....
finished sampling in reciprocal space....t= 0.05226898193359375  s
(6433, 564, 2) (919, 564, 2) (6433,)
starting sampling in reciprocal space....
finished sampling in reciprocal space....t= 0.051480770111083984  s
(6433, 564, 2) (919, 564, 2) (6433,)
calculating tensor that stores the overlaps........
finsihed the overlaps.......... 16.690059900283813
calculating tensor that stores the overlaps........
finsihed the overlaps.......... 3.2956511974334717
calculating tensor that stores the overlaps........
finsihed the overlaps.......... 15.234945058822632
calculating tensor that stores the overlaps........
finsihed the overlaps.......... 2.743506908416748
testing symmetry of the form factors...
failed C3 symmetry test, plus valley... 6.588246397328829e-05
failed C3 symmetry test, minus valley... 6.588246397328829e-05
finished testing symmetry of the form factors...
starting bubble....... 919
time for bubble... 29.286853551864624
effective speed of sound down renormalization...$-\Delta c$ 3185.4199580402847
residual of the fit... 0.05848601008658579
starting bubble....... 919
time for bubble... 29.101379871368408
effective speed of sound down renormalization...$-\Delta c$ 0.0
residual of the fit... nan
starting bubble....... 919
time for bubble... 29.17850089073181
effective speed of sound down renormalization...$-\Delta c$ 0.0
residual of the fit... nan
starting bubble....... 919
time for bubble... 29.212161779403687
effective speed of sound down renormalization...$-\Delta c$ 0.0
residual of the fit... nan
starting bubble....... 919
time for bubble... 29.19659399986267
effective speed of sound down renormalization...$-\Delta c$ 0.0
residual of the fit... nan
starting bubble....... 919
time for bubble... 29.173663854599
effective speed of sound down renormalization...$-\Delta c$ 0.0
residual of the fit... nan
starting bubble....... 919
time for bubble... 29.21873712539673
effective speed of sound down renormalization...$-\Delta c$ 0.0
residual of the fit... nan
starting bubble....... 919
time for bubble... 29.32790446281433
effective speed of sound down renormalization...$-\Delta c$ 0.0
residual of the fit... nan
starting bubble....... 919
time for bubble... 29.107857704162598
effective speed of sound down renormalization...$-\Delta c$ 0.0
residual of the fit... nan
starting bubble....... 919
time for bubble... 29.121456384658813
effective speed of sound down renormalization...$-\Delta c$ 0.0
residual of the fit... nan
starting bubble....... 919
time for bubble... 29.060518741607666
effective speed of sound down renormalization...$-\Delta c$ 0.0
residual of the fit... nan
starting bubble....... 919
time for bubble... 29.042882442474365
effective speed of sound down renormalization...$-\Delta c$ 0.0
residual of the fit... nan
starting bubble....... 919
time for bubble... 29.07181191444397
effective speed of sound down renormalization...$-\Delta c$ 0.0
residual of the fit... nan
starting bubble....... 919
time for bubble... 29.067076683044434
effective speed of sound down renormalization...$-\Delta c$ 0.0
residual of the fit... nan
starting bubble....... 919
time for bubble... 29.296897649765015
effective speed of sound down renormalization...$-\Delta c$ 0.0
residual of the fit... nan
starting bubble....... 919
time for bubble... 29.166423082351685
effective speed of sound down renormalization...$-\Delta c$ 0.0
residual of the fit... nan
starting bubble....... 919
time for bubble... 29.07221031188965
effective speed of sound down renormalization...$-\Delta c$ 0.0
residual of the fit... nan
starting bubble....... 919
time for bubble... 29.13603377342224
effective speed of sound down renormalization...$-\Delta c$ 0.0
residual of the fit... nan
starting bubble....... 919
time for bubble... 29.11488914489746
effective speed of sound down renormalization...$-\Delta c$ 0.0
residual of the fit... nan
starting bubble....... 919
time for bubble... 29.307291746139526
effective speed of sound down renormalization...$-\Delta c$ 0.0
residual of the fit... nan
time for sweep delta 583.305917263031
