starting sampling in reciprocal space....
finished sampling in reciprocal space....t= 0.051175594329833984  s
919 numer of sampling lattice points
taking 0 umklapps
hbvf is .. 2.7
q is... 0.07522730698426787
hvkd is... 0.20311372885752327
kappa is.. 0.75
alpha is.. 0.5169517619050438
the twist angle is .. 0.01795943800302165
phonon params 483371529755562.3 88.29654262807894 11037.067828509867
starting sampling in reciprocal space....
finished sampling in reciprocal space....t= 0.36182570457458496  s
starting sampling in reciprocal space....
finished sampling in reciprocal space....t= 0.3621253967285156  s
starting dispersion ..........
time to diag over MBZ 1811.8719761371613
saving  ..........
number of bands in density of states calculation, 2
sum of the hist, normed? 7.999999999999886
CHEMICAL POTENTIAL AND FILLING 0.0 0.0
starting sampling in reciprocal space....
finished sampling in reciprocal space....t= 0.05255770683288574  s
starting sampling in reciprocal space....
finished sampling in reciprocal space....t= 0.0526735782623291  s
starting dispersion ..........
time to diag over MBZ 260.1871027946472
starting sampling in reciprocal space....
finished sampling in reciprocal space....t= 0.05223822593688965  s
(6433, 564, 2) (919, 564, 2) (6433,)
starting sampling in reciprocal space....
finished sampling in reciprocal space....t= 0.05262017250061035  s
(6433, 564, 2) (919, 564, 2) (6433,)
calculating tensor that stores the overlaps........
finsihed the overlaps.......... 15.116424798965454
calculating tensor that stores the overlaps........
finsihed the overlaps.......... 17.13878583908081
calculating tensor that stores the overlaps........
finsihed the overlaps.......... 15.165404319763184
calculating tensor that stores the overlaps........
finsihed the overlaps.......... 2.786930799484253
calculating tensor that stores the overlaps........
finsihed the overlaps.......... 15.531322479248047
calculating tensor that stores the overlaps........
finsihed the overlaps.......... 3.2009658813476562
testing symmetry of the form factors...
plus valley form factor passed the C3 symmetry test with average difference...  4.165982510665832e-15
minus valley form factor passed the C3 symmetry test with average difference...  4.8748777255514726e-15
finished testing symmetry of the form factors...
starting bubble....... 919
time for bubble... 29.520689010620117
effective speed of sound down renormalization...$-\Delta c$ 2449.741652282351
residual of the fit... 0.07437178000384076
starting bubble....... 919
time for bubble... 29.598644256591797
effective speed of sound down renormalization...$-\Delta c$ 2649.9769464863516
residual of the fit... 0.007221268718483231
starting bubble....... 919
time for bubble... 29.49791955947876
effective speed of sound down renormalization...$-\Delta c$ 3197.720933021262
residual of the fit... 0.011699269003516756
starting bubble....... 919
time for bubble... 29.531928300857544
effective speed of sound down renormalization...$-\Delta c$ 2428.458166588779
residual of the fit... 0.005933588680740899
starting bubble....... 919
time for bubble... 29.504563570022583
effective speed of sound down renormalization...$-\Delta c$ 1709.302011787571
residual of the fit... 0.01707266600266149
starting bubble....... 919
time for bubble... 29.545015573501587
effective speed of sound down renormalization...$-\Delta c$ 1004.0059873277451
residual of the fit... 0.034439442095872026
starting bubble....... 919
time for bubble... 29.548882246017456
effective speed of sound down renormalization...$-\Delta c$ 288.27612034058586
residual of the fit... 0.033112643686999114
time for sweep delta 206.76688408851624
