starting sampling in reciprocal space....
finished sampling in reciprocal space....t= 0.05147242546081543  s
919 numer of sampling lattice points
taking 0 umklapps
hbvf is .. 2.7
q is... 0.07983292507592547
hvkd is... 0.2155488977049988
kappa is.. 0.85
alpha is.. 0.48712844796684357
the twist angle is .. 0.01905899543177808
phonon params 613065921046756.4 78.40263238071779 9800.329047589723
starting sampling in reciprocal space....
finished sampling in reciprocal space....t= 0.3613247871398926  s
starting sampling in reciprocal space....
finished sampling in reciprocal space....t= 0.3663012981414795  s
starting dispersion ..........
time to diag over MBZ 2142.7739005088806
saving  ..........
number of bands in density of states calculation, 2
sum of the hist, normed? 7.999999999999973
CHEMICAL POTENTIAL AND FILLING 0.0 0.0
starting sampling in reciprocal space....
finished sampling in reciprocal space....t= 0.05272674560546875  s
starting sampling in reciprocal space....
finished sampling in reciprocal space....t= 0.05268120765686035  s
starting dispersion ..........
time to diag over MBZ 510.869713306427
starting sampling in reciprocal space....
finished sampling in reciprocal space....t= 0.052005767822265625  s
(6433, 564, 2) (919, 564, 2) (6433,)
starting sampling in reciprocal space....
finished sampling in reciprocal space....t= 0.05373406410217285  s
(6433, 564, 2) (919, 564, 2) (6433,)
calculating tensor that stores the overlaps........
finsihed the overlaps.......... 17.873206853866577
calculating tensor that stores the overlaps........
finsihed the overlaps.......... 16.288334846496582
calculating tensor that stores the overlaps........
finsihed the overlaps.......... 16.825376272201538
calculating tensor that stores the overlaps........
finsihed the overlaps.......... 3.8439629077911377
calculating tensor that stores the overlaps........
finsihed the overlaps.......... 16.247529983520508
calculating tensor that stores the overlaps........
finsihed the overlaps.......... 3.4465858936309814
testing symmetry of the form factors...
plus valley form factor passed the C3 symmetry test with average difference...  2.4581372606090648e-15
minus valley form factor passed the C3 symmetry test with average difference...  4.187187142684295e-15
finished testing symmetry of the form factors...
starting bubble....... 919
time for bubble... 29.421046018600464
effective speed of sound down renormalization...$-\Delta c$ 2119.730199929757
residual of the fit... 0.07065567203577199
starting bubble....... 919
time for bubble... 29.36091136932373
effective speed of sound down renormalization...$-\Delta c$ 2458.269076279524
residual of the fit... 0.010208488791083246
starting bubble....... 919
time for bubble... 29.391995191574097
effective speed of sound down renormalization...$-\Delta c$ 2899.546244981215
residual of the fit... 0.05393560173542689
starting bubble....... 919
time for bubble... 29.432636260986328
effective speed of sound down renormalization...$-\Delta c$ 2037.6119392610303
residual of the fit... 0.011124749947946686
starting bubble....... 919
time for bubble... 29.407140493392944
effective speed of sound down renormalization...$-\Delta c$ 1588.4420632794822
residual of the fit... 0.03121354900045983
starting bubble....... 919
time for bubble... 29.322176694869995
effective speed of sound down renormalization...$-\Delta c$ 960.4857452074266
residual of the fit... 0.02996317655961116
starting bubble....... 919
time for bubble... 29.33662486076355
effective speed of sound down renormalization...$-\Delta c$ 279.0697962262429
residual of the fit... 0.014696508108236578
time for sweep delta 205.6916196346283
