starting sampling in reciprocal space....
finished sampling in reciprocal space....t= 0.007464408874511719  s
91 numer of sampling lattice points
taking 0 umklapps
hbvf is .. 2.3382685902179845
q is... 0.08407299662136936
hvkd is... 0.1965852472852507
kappa is.. 0.75
alpha is.. 0.5341194288483003
the twist angle is .. 0.020071286397934786
starting sampling in reciprocal space....
finished sampling in reciprocal space....t= 0.004210948944091797  s
starting sampling in reciprocal space....
finished sampling in reciprocal space....t= 0.004107475280761719  s
starting dispersion ..........
time to diag over MBZ 9.022101163864136
number of bands in density of states calculation, 2
sum of the hist, normed? 8.000000000000016
CHEMICAL POTENTIAL AND FILLING 0.0 0.0
starting sampling in reciprocal space....
finished sampling in reciprocal space....t= 0.004066944122314453  s
(240,)
the bandwidth is ... 0.021481679419788277
157.92user 4.01system 0:21.39elapsed 756%CPU (0avgtext+0avgdata 1374084maxresident)k
0inputs+232outputs (0major+2447435minor)pagefaults 0swaps
