starting sampling in reciprocal space....
finished sampling in reciprocal space....t= 0.051846981048583984  s
919 numer of sampling lattice points
taking 0 umklapps
hbvf is .. 2.7
q is... 0.06448077875110592
hvkd is... 0.17409810262798597
kappa is.. 0.75
alpha is.. 0.6031082384876113
the twist angle is .. 0.015393804002589986
phonon params 260915633949810.6 120.18054822711242 15022.568528389053
starting sampling in reciprocal space....
finished sampling in reciprocal space....t= 0.36200737953186035  s
starting sampling in reciprocal space....
finished sampling in reciprocal space....t= 0.3643007278442383  s
starting dispersion ..........
time to diag over MBZ 4778.40110373497
saving  ..........
number of bands in density of states calculation, 2
sum of the hist, normed? 7.9999999999998455
CHEMICAL POTENTIAL AND FILLING 0.0 0.0
starting sampling in reciprocal space....
finished sampling in reciprocal space....t= 0.05274653434753418  s
starting sampling in reciprocal space....
finished sampling in reciprocal space....t= 0.05285787582397461  s
starting dispersion ..........
time to diag over MBZ 508.99273657798767
starting sampling in reciprocal space....
finished sampling in reciprocal space....t= 0.05264902114868164  s
(6433, 564, 2) (919, 564, 2) (6433,)
starting sampling in reciprocal space....
finished sampling in reciprocal space....t= 0.05276775360107422  s
(6433, 564, 2) (919, 564, 2) (6433,)
calculating tensor that stores the overlaps........
finsihed the overlaps.......... 17.02617049217224
calculating tensor that stores the overlaps........
finsihed the overlaps.......... 17.399983644485474
calculating tensor that stores the overlaps........
finsihed the overlaps.......... 18.170072555541992
calculating tensor that stores the overlaps........
finsihed the overlaps.......... 3.652646064758301
calculating tensor that stores the overlaps........
finsihed the overlaps.......... 22.399258136749268
calculating tensor that stores the overlaps........
finsihed the overlaps.......... 3.384564161300659
testing symmetry of the form factors...
plus valley form factor passed the C3 symmetry test with average difference...  5.308112262825511e-15
minus valley form factor passed the C3 symmetry test with average difference...  5.5192103358800074e-15
finished testing symmetry of the form factors...
starting bubble....... 919
time for bubble... 29.464369297027588
effective speed of sound down renormalization...$-\Delta c$ 4811.172578087515
residual of the fit... 0.0691045085130967
starting bubble....... 919
time for bubble... 29.478939056396484
effective speed of sound down renormalization...$-\Delta c$ 5686.9376705898685
residual of the fit... 0.038243832000162535
starting bubble....... 919
time for bubble... 29.545528888702393
effective speed of sound down renormalization...$-\Delta c$ 5832.799705542367
residual of the fit... 0.07714071044235615
starting bubble....... 919
time for bubble... 29.487951278686523
effective speed of sound down renormalization...$-\Delta c$ 4229.55198924246
residual of the fit... 0.01921123276018863
starting bubble....... 919
time for bubble... 29.486613035202026
effective speed of sound down renormalization...$-\Delta c$ 3052.8600464234846
residual of the fit... 0.059341180568305486
starting bubble....... 919
time for bubble... 29.56204342842102
effective speed of sound down renormalization...$-\Delta c$ 1814.9979723476654
residual of the fit... 0.041887805909061715
starting bubble....... 919
time for bubble... 29.44386911392212
effective speed of sound down renormalization...$-\Delta c$ 417.581156389045
residual of the fit... 0.021459127820978974
time for sweep delta 206.4917356967926
