starting sampling in reciprocal space....
finished sampling in reciprocal space....t= 0.006734609603881836  s
91 numer of sampling lattice points
taking 0 umklapps
hbvf is .. 2.3382685902179845
q is... 0.07822461666706933
hvkd is... 0.18291016413445044
kappa is.. 0.75
alpha is.. 0.5740522977324454
the twist angle is .. 0.018675022996339326
starting sampling in reciprocal space....
finished sampling in reciprocal space....t= 0.0042302608489990234  s
starting sampling in reciprocal space....
finished sampling in reciprocal space....t= 0.004038095474243164  s
starting dispersion ..........
time to diag over MBZ 8.948734760284424
number of bands in density of states calculation, 2
sum of the hist, normed? 8.000000000000009
CHEMICAL POTENTIAL AND FILLING 0.0 0.0
starting sampling in reciprocal space....
finished sampling in reciprocal space....t= 0.00397491455078125  s
(1680,)
the bandwidth is ... 0.0013961791294456523
161.97user 4.19system 0:21.97elapsed 756%CPU (0avgtext+0avgdata 1374316maxresident)k
0inputs+224outputs (0major+2447557minor)pagefaults 0swaps
