starting sampling in reciprocal space....
finished sampling in reciprocal space....t= 0.008950471878051758  s
91 numer of sampling lattice points
taking 0 umklapps
hbvf is .. 2.3382685902179845
q is... 0.06652774523173477
hvkd is... 0.1555597370533897
kappa is.. 0.75
alpha is.. 0.6749818557739199
the twist angle is .. 0.0158824961931484
starting sampling in reciprocal space....
finished sampling in reciprocal space....t= 0.004196882247924805  s
starting sampling in reciprocal space....
finished sampling in reciprocal space....t= 0.004225969314575195  s
starting dispersion ..........
time to diag over MBZ 8.839346408843994
number of bands in density of states calculation, 2
sum of the hist, normed? 7.999999999999994
CHEMICAL POTENTIAL AND FILLING 0.0 0.0
starting sampling in reciprocal space....
finished sampling in reciprocal space....t= 0.004046201705932617  s
(4200,)
the bandwidth is ... 0.02742032974804828
277.21user 7.00system 0:36.60elapsed 776%CPU (0avgtext+0avgdata 3162184maxresident)k
0inputs+208outputs (0major+4598501minor)pagefaults 0swaps
