starting sampling in reciprocal space....
finished sampling in reciprocal space....t= 0.008055925369262695  s
91 numer of sampling lattice points
taking 0 umklapps
hbvf is .. 2.3382685902179845
q is... 0.07968671534127658
hvkd is... 0.18632894354014862
kappa is.. 0.3
alpha is.. 0.5635195370351868
the twist angle is .. 0.01902408884673819
starting sampling in reciprocal space....
finished sampling in reciprocal space....t= 0.004187107086181641  s
starting sampling in reciprocal space....
finished sampling in reciprocal space....t= 0.004299163818359375  s
starting dispersion ..........
time to diag over MBZ 8.836093187332153
number of bands in density of states calculation, 2
sum of the hist, normed? 8.000000000000007
CHEMICAL POTENTIAL AND FILLING 0.0 0.0
starting sampling in reciprocal space....
finished sampling in reciprocal space....t= 0.004134178161621094  s
(4200,)
the bandwidth is ... 0.010167570036903297
281.24user 6.99system 0:37.12elapsed 776%CPU (0avgtext+0avgdata 3162728maxresident)k
0inputs+168outputs (0major+4597034minor)pagefaults 0swaps
