starting sampling in reciprocal space....
finished sampling in reciprocal space....t= 0.051149845123291016  s
919 numer of sampling lattice points
taking 0 umklapps
hbvf is .. 2.3382685902179845
q is... 0.07968671534127658
hvkd is... 0.18632894354014862
kappa is.. 0.3
alpha is.. 0.5635195370351868
the twist angle is .. 0.01902408884673819
phonon params 304293527101770.4
phonon params upsilon 3.80366908877213e+16
area ratio 0.0003619050413169733 0.0003619050413169735
correct factor by which the interaction is reduced 74.33916547035814
c tilde 1705.836241154292
starting sampling in reciprocal space....
finished sampling in reciprocal space....t= 0.5694003105163574  s
starting sampling in reciprocal space....
finished sampling in reciprocal space....t= 0.5637643337249756  s
starting dispersion ..........
time to diag over MBZ 3019.8389427661896
saving  ..........
number of bands in density of states calculation, 2
sum of the hist, normed? 8.00000000000008
CHEMICAL POTENTIAL AND FILLING 0.0 0.0
starting sampling in reciprocal space....
finished sampling in reciprocal space....t= 0.05217289924621582  s
starting sampling in reciprocal space....
finished sampling in reciprocal space....t= 0.052255868911743164  s
starting dispersion ..........
time to diag over MBZ 256.95825719833374
starting sampling in reciprocal space....
finished sampling in reciprocal space....t= 0.05202746391296387  s
(6433, 564, 2) (919, 564, 2) (6433,)
starting sampling in reciprocal space....
finished sampling in reciprocal space....t= 0.05168604850769043  s
(6433, 564, 2) (919, 564, 2) (6433,)
calculating tensor that stores the overlaps........
finsihed the overlaps.......... 15.014447212219238
calculating tensor that stores the overlaps........
finsihed the overlaps.......... 14.984752416610718
calculating tensor that stores the overlaps........
finsihed the overlaps.......... 15.214525938034058
calculating tensor that stores the overlaps........
finsihed the overlaps.......... 2.736117124557495
calculating tensor that stores the overlaps........
finsihed the overlaps.......... 15.754576444625854
calculating tensor that stores the overlaps........
finsihed the overlaps.......... 2.2915170192718506
testing symmetry of the form factors...
plus valley form factor passed the C3 symmetry test with average difference...  3.0840315035562274e-15
minus valley form factor passed the C3 symmetry test with average difference...  3.653386783004702e-15
finished testing symmetry of the form factors...
starting bubble....... 919
time for bubble... 29.572210550308228
effective speed of sound down renormalization...$-\Delta c$ 2944.0449038474226
residual of the fit... 0.08662124114203366
starting bubble....... 919
time for bubble... 29.754069328308105
effective speed of sound down renormalization...$-\Delta c$ 2958.228575657437
residual of the fit... 0.04153674751271696
starting bubble....... 919
time for bubble... 29.601743936538696
effective speed of sound down renormalization...$-\Delta c$ 2999.239290650274
residual of the fit... 0.015633490376568863
starting bubble....... 919
time for bubble... 29.541082620620728
effective speed of sound down renormalization...$-\Delta c$ 3014.609571180077
residual of the fit... 0.02872781614595303
starting bubble....... 919
time for bubble... 29.62778639793396
effective speed of sound down renormalization...$-\Delta c$ 3146.9811040521663
residual of the fit... 0.021709970047144818
starting bubble....... 919
time for bubble... 29.67278480529785
effective speed of sound down renormalization...$-\Delta c$ 3036.5631314345223
residual of the fit... 0.07351660536211518
starting bubble....... 919
time for bubble... 29.684438705444336
effective speed of sound down renormalization...$-\Delta c$ 3405.929896031773
residual of the fit... 0.015956250082188546
starting bubble....... 919
time for bubble... 29.474374532699585
effective speed of sound down renormalization...$-\Delta c$ 3558.235093144587
residual of the fit... 0.054643729915034335
starting bubble....... 919
time for bubble... 29.585569620132446
effective speed of sound down renormalization...$-\Delta c$ 3754.440462546157
residual of the fit... 0.027516378965872425
starting bubble....... 919
time for bubble... 29.724050283432007
effective speed of sound down renormalization...$-\Delta c$ 3315.0759141854405
residual of the fit... 0.06543990887030242
starting bubble....... 919
time for bubble... 29.621160984039307
effective speed of sound down renormalization...$-\Delta c$ 2696.082971515472
residual of the fit... 0.04971147362977944
starting bubble....... 919
time for bubble... 29.57709789276123
effective speed of sound down renormalization...$-\Delta c$ 2393.604434985464
residual of the fit... 0.01674603528489581
starting bubble....... 919
time for bubble... 29.644128799438477
effective speed of sound down renormalization...$-\Delta c$ 2098.5477427440906
residual of the fit... 0.022631904034752192
starting bubble....... 919
time for bubble... 29.715502977371216
effective speed of sound down renormalization...$-\Delta c$ 1841.1892229836485
residual of the fit... 0.00042145866533672917
starting bubble....... 919
time for bubble... 29.643338918685913
effective speed of sound down renormalization...$-\Delta c$ 1564.8348709561435
residual of the fit... 0.016664041519241626
starting bubble....... 919
time for bubble... 29.630475282669067
effective speed of sound down renormalization...$-\Delta c$ 1262.7338726813352
residual of the fit... 0.015147643987103561
starting bubble....... 919
time for bubble... 29.573437452316284
effective speed of sound down renormalization...$-\Delta c$ 967.9771755847622
residual of the fit... 0.005972366206603318
starting bubble....... 919
time for bubble... 29.656272411346436
effective speed of sound down renormalization...$-\Delta c$ 720.0301529434166
residual of the fit... 0.0077727631239360795
starting bubble....... 919
time for bubble... 29.56347107887268
effective speed of sound down renormalization...$-\Delta c$ 493.74824579375746
residual of the fit... 0.0037759401809579593
starting bubble....... 919
time for bubble... 29.66438388824463
effective speed of sound down renormalization...$-\Delta c$ 207.88628978989084
residual of the fit... 0.09559350345732863
time for sweep delta 592.5633556842804
