starting sampling in reciprocal space....
finished sampling in reciprocal space....t= 0.05179452896118164  s
919 numer of sampling lattice points
taking 0 umklapps
hbvf is .. 2.7
q is... 0.07983292507592547
hvkd is... 0.2155488977049988
kappa is.. 0.75
alpha is.. 0.48712844796684357
the twist angle is .. 0.01905899543177808
phonon params 613065921046756.4 78.40263238071779 9800.329047589723
starting sampling in reciprocal space....
finished sampling in reciprocal space....t= 0.3629133701324463  s
starting sampling in reciprocal space....
finished sampling in reciprocal space....t= 0.363847017288208  s
starting dispersion ..........
time to diag over MBZ 2009.7953221797943
saving  ..........
number of bands in density of states calculation, 2
sum of the hist, normed? 7.999999999999965
CHEMICAL POTENTIAL AND FILLING 0.0 0.0
starting sampling in reciprocal space....
finished sampling in reciprocal space....t= 0.05176258087158203  s
starting sampling in reciprocal space....
finished sampling in reciprocal space....t= 0.05245685577392578  s
starting dispersion ..........
time to diag over MBZ 268.10199213027954
starting sampling in reciprocal space....
finished sampling in reciprocal space....t= 0.052286386489868164  s
(6433, 564, 2) (919, 564, 2) (6433,)
starting sampling in reciprocal space....
finished sampling in reciprocal space....t= 0.05238819122314453  s
(6433, 564, 2) (919, 564, 2) (6433,)
calculating tensor that stores the overlaps........
finsihed the overlaps.......... 14.843952655792236
calculating tensor that stores the overlaps........
finsihed the overlaps.......... 14.916682004928589
calculating tensor that stores the overlaps........
finsihed the overlaps.......... 15.147467136383057
calculating tensor that stores the overlaps........
finsihed the overlaps.......... 2.811502456665039
calculating tensor that stores the overlaps........
finsihed the overlaps.......... 14.998735189437866
calculating tensor that stores the overlaps........
finsihed the overlaps.......... 2.842710256576538
testing symmetry of the form factors...
plus valley form factor passed the C3 symmetry test with average difference...  1.5492978520954636e-15
minus valley form factor passed the C3 symmetry test with average difference...  2.9811538268450443e-15
finished testing symmetry of the form factors...
starting bubble....... 919
time for bubble... 29.596996784210205
effective speed of sound down renormalization...$-\Delta c$ 1990.6391180748635
residual of the fit... 0.0749000827810586
starting bubble....... 919
time for bubble... 29.69935417175293
effective speed of sound down renormalization...$-\Delta c$ 2114.0513415956293
residual of the fit... 0.009102092891904091
starting bubble....... 919
time for bubble... 29.54163908958435
effective speed of sound down renormalization...$-\Delta c$ 2548.028825587257
residual of the fit... 0.01185648286346134
starting bubble....... 919
time for bubble... 29.602579593658447
effective speed of sound down renormalization...$-\Delta c$ 1998.840575568328
residual of the fit... 0.04822259529494375
starting bubble....... 919
time for bubble... 29.520675659179688
effective speed of sound down renormalization...$-\Delta c$ 1413.657663419277
residual of the fit... 0.03932171764362885
starting bubble....... 919
time for bubble... 29.56941294670105
effective speed of sound down renormalization...$-\Delta c$ 817.638909514078
residual of the fit... 0.0021947650651590422
starting bubble....... 919
time for bubble... 29.520514965057373
effective speed of sound down renormalization...$-\Delta c$ 245.1439787831322
residual of the fit... 0.032783871812433925
time for sweep delta 207.0709388256073
