starting sampling in reciprocal space....
finished sampling in reciprocal space....t= 0.008066415786743164  s
91 numer of sampling lattice points
taking 0 umklapps
hbvf is .. 2.3382685902179845
q is... 0.0709140884439267
hvkd is... 0.16581618561237396
kappa is.. 0.3
alpha is.. 0.6332313073794674
the twist angle is .. 0.016929693744344998
starting sampling in reciprocal space....
finished sampling in reciprocal space....t= 0.00415492057800293  s
starting sampling in reciprocal space....
finished sampling in reciprocal space....t= 0.004112958908081055  s
starting dispersion ..........
time to diag over MBZ 8.325652360916138
number of bands in density of states calculation, 2
sum of the hist, normed? 7.999999999999984
CHEMICAL POTENTIAL AND FILLING 0.0 0.0
starting sampling in reciprocal space....
finished sampling in reciprocal space....t= 0.003953456878662109  s
(1680,)
the bandwidth is ... 0.020024836213661294
150.68user 3.85system 0:20.36elapsed 758%CPU (0avgtext+0avgdata 1373564maxresident)k
0inputs+176outputs (0major+2447162minor)pagefaults 0swaps
