starting sampling in reciprocal space....
finished sampling in reciprocal space....t= 0.007308483123779297  s
91 numer of sampling lattice points
taking 0 umklapps
hbvf is .. 2.3382685902179845
q is... 0.07676251561000431
hvkd is... 0.17949137915699082
kappa is.. 0.3
alpha is.. 0.5849863123964439
the twist angle is .. 0.01832595714594046
starting sampling in reciprocal space....
finished sampling in reciprocal space....t= 0.004162788391113281  s
starting sampling in reciprocal space....
finished sampling in reciprocal space....t= 0.004152536392211914  s
starting dispersion ..........
time to diag over MBZ 8.674087047576904
number of bands in density of states calculation, 2
sum of the hist, normed? 8.000000000000002
CHEMICAL POTENTIAL AND FILLING 0.0 0.0
starting sampling in reciprocal space....
finished sampling in reciprocal space....t= 0.004082918167114258  s
(1680,)
the bandwidth is ... 0.0002645885219768042
156.05user 3.79system 0:21.10elapsed 757%CPU (0avgtext+0avgdata 1372968maxresident)k
0inputs+192outputs (0major+2447550minor)pagefaults 0swaps
