starting sampling in reciprocal space....
finished sampling in reciprocal space....t= 0.07080864906311035  s
1261 numer of sampling lattice points
taking $0 umklapps
hbvf is .. 2.1354
q is... 0.07676251561000431
hvkd is... 0.16391867583360323
kappa is.. 0.8174358974358973
alpha is.. 0.5948071475331707
the twist angle is .. 0.01832595714594046
phonon params... 190333297126.4597
starting sampling in reciprocal space....
finished sampling in reciprocal space....t= 0.03778696060180664  s
starting dispersion ..........
time to diag over MBZ 114.10196161270142
starting sampling in reciprocal space....
finished sampling in reciprocal space....t= 0.0373845100402832  s
(8827, 564, 2) (1261, 564, 2) (8827,)
starting sampling in reciprocal space....
finished sampling in reciprocal space....t= 0.06287837028503418  s
(8827, 564, 2) (1261, 564, 2) (8827,)
calculating tensor that stores the overlaps........
finsihed the overlaps.......... 7.397098064422607
calculating tensor that stores the overlaps........
finsihed the overlaps.......... 7.206380844116211
calculating tensor that stores the overlaps........
finsihed the overlaps.......... 8.078468322753906
calculating tensor that stores the overlaps........
finsihed the overlaps.......... 6.210201978683472
calculating tensor that stores the overlaps........
finsihed the overlaps.......... 7.038264274597168
calculating tensor that stores the overlaps........
finsihed the overlaps.......... 2.847839832305908
testing symmetry of the form factors...
finished testing symmetry of the form factors...
starting bubble....... 1261
time for bubble... 58.89117932319641
the filling is ..  0.0
8.257566040074326e-11
[6.46079125e+17 4.12009710e+15 6.47363212e+14 6.50057815e+19
 2.22469751e+17 6.47850208e+19] 0.1161107079324458 42406.12356390326 3.0964364012715536e-06
parameters of the fit... 42406.12356390326
residual of the fit... 0.1161107079324458
saving data from the run ...
starting bubble....... 1261
time for bubble... 57.42100191116333
the filling is ..  6.25e-05
8.257566040074326e-11
[ 6.13066376e+17  2.73163155e+05 -1.11023671e+06  7.26714156e+19
  1.48306035e+07  7.26714156e+19] 0.10118007534307914 44818.90343872681 2.8905036828988334e-06
parameters of the fit... 44818.90343872681
residual of the fit... 0.10118007534307914
saving data from the run ...
starting bubble....... 1261
time for bubble... 58.2408971786499
the filling is ..  0.0001
8.257566040074326e-11
[ 8.17065159e+17 -1.17030994e+06 -2.38990869e+06  8.40658329e+19
 -2.44659357e+06  8.40658329e+19] 0.11819827549051391 48220.07368553625 3.124147988949655e-06
parameters of the fit... 48220.07368553625
residual of the fit... 0.11819827549051391
saving data from the run ...
starting bubble....... 1261
time for bubble... 59.7274432182312
the filling is ..  0.0001266
8.257566040074326e-11
[ 1.10683672e+18  7.91236406e+04 -1.93446717e+05  1.12122298e+20
  9.86995093e+07  1.12122298e+20] 0.09700151848247561 55690.42916100144 2.8301880588691148e-06
parameters of the fit... 55690.42916100144
residual of the fit... 0.09700151848247561
saving data from the run ...
starting bubble....... 1261
time for bubble... 56.7404043674469
the filling is ..  0.0001429
8.257566040074326e-11
[ 6.46899370e+17 -1.57529500e+05 -8.25596658e+04  1.16485722e+20
  1.95769191e+08  1.16485722e+20] 0.0769395427733117 56702.71731672887 2.5205819874460438e-06
parameters of the fit... 56702.71731672887
residual of the fit... 0.0769395427733117
saving data from the run ...
starting bubble....... 1261
time for bubble... 56.29663968086243
the filling is ..  0.00015079999999999998
8.257566040074326e-11
[ 5.94170466e+17 -2.41075232e+05 -4.34862361e+05  1.07779118e+20
  1.41624097e+07  1.07779118e+20] 0.059194837894024306 54541.92230915155 2.21089412487663e-06
parameters of the fit... 54541.92230915155
residual of the fit... 0.059194837894024306
saving data from the run ...
starting bubble....... 1261
time for bubble... 56.51765727996826
the filling is ..  0.0001587
8.257566040074326e-11
[ 5.25945770e+17  4.17152799e+05 -7.18579256e+05  1.05351860e+20
  1.02159301e+08  1.05351860e+20] 0.09040134689045526 53917.26554760022 2.7322062368342585e-06
parameters of the fit... 53917.26554760022
residual of the fit... 0.09040134689045526
saving data from the run ...
starting bubble....... 1261
time for bubble... 57.65294051170349
the filling is ..  0.0001666
8.257566040074326e-11
[ 5.22496597e+17 -1.53237087e+04 -1.03220775e+05  8.80859833e+19
  3.75796552e+07  8.80859833e+19] 0.05946554009356611 49313.05100300749 2.2159436464660146e-06
parameters of the fit... 49313.05100300749
residual of the fit... 0.05946554009356611
saving data from the run ...
starting bubble....... 1261
time for bubble... 56.79991912841797
the filling is ..  0.00017460000000000002
8.257566040074326e-11
[ 4.98051623e+17  4.89330260e+04 -1.86610621e+04  7.90479286e+19
  7.45012646e+07  7.90479286e+19] 0.06276903919020747 46719.0124813024 2.276663098451661e-06
parameters of the fit... 46719.0124813024
residual of the fit... 0.06276903919020747
saving data from the run ...
starting bubble....... 1261
time for bubble... 58.942180156707764
the filling is ..  0.00018429999999999998
8.257566040074326e-11
[ 4.79251383e+17  4.68876071e+04 -1.87013080e+04  7.52171099e+19
  5.50615874e+07  7.52171099e+19] 0.06386811386526918 45573.71234500697 2.2965085849990785e-06
parameters of the fit... 45573.71234500697
residual of the fit... 0.06386811386526918
saving data from the run ...
starting bubble....... 1261
time for bubble... 59.147379636764526
the filling is ..  0.0001945
8.257566040074326e-11
[ 4.48321499e+17 -4.13869100e+04  8.15926609e+04  7.19400801e+19
  5.39872770e+07  7.19400801e+19] 0.06229076925439938 44568.33645938714 2.2679729733954816e-06
parameters of the fit... 44568.33645938714
residual of the fit... 0.06229076925439938
saving data from the run ...
starting bubble....... 1261
time for bubble... 59.21080279350281
the filling is ..  0.0002075
8.257566040074326e-11
[4.84830995e+17 8.38635735e+04 5.71782822e+05 6.20141239e+19
 4.01212555e+07 6.20141239e+19] 0.08163640130995903 41395.95333681853 2.5963781987433897e-06
parameters of the fit... 41395.95333681853
residual of the fit... 0.08163640130995903
saving data from the run ...
starting bubble....... 1261
time for bubble... 60.60958671569824
the filling is ..  0.0002222
8.257566040074326e-11
[ 3.90914888e+17  4.99852041e+03 -6.92138571e+03  5.65842151e+19
  4.02651457e+06  5.65842151e+19] 0.06736824819258731 39533.188416927245 2.3585965285618643e-06
parameters of the fit... 39533.188416927245
residual of the fit... 0.06736824819258731
saving data from the run ...
starting bubble....... 1261
time for bubble... 60.98344707489014
the filling is ..  0.0002524
8.257566040074326e-11
[3.77806374e+17 7.48957582e+04 6.59628172e+04 4.97516317e+19
 6.35293324e+06 4.97516317e+19] 0.08597351761160453 37075.925012388674 2.6644549149409856e-06
parameters of the fit... 37075.925012388674
residual of the fit... 0.08597351761160453
saving data from the run ...
starting bubble....... 1261
time for bubble... 61.19581317901611
the filling is ..  0.000289
8.257566040074326e-11
[ 3.15408497e+17  5.59841752e+04 -5.46365658e+04  4.10940588e+19
  1.74100381e+07  4.10940588e+19] 0.07621179780323059 33696.6446180146 2.508633001044529e-06
parameters of the fit... 33696.6446180146
residual of the fit... 0.07621179780323059
saving data from the run ...
starting bubble....... 1261
time for bubble... 61.171263456344604
the filling is ..  0.0003171
8.257566040074326e-11
[ 2.98881242e+17 -2.94325092e+05  2.81977520e+05  3.71999090e+19
 -4.73324048e+06  3.71999090e+19] 0.08384081695863277 32063.204308521228 2.631199503818921e-06
parameters of the fit... 32063.204308521228
residual of the fit... 0.08384081695863277
saving data from the run ...
starting bubble....... 1261
time for bubble... 60.35340905189514
the filling is ..  0.00034920000000000003
8.257566040074326e-11
[ 2.71530274e+17 -9.35062142e+03  6.72798232e+04  3.18367696e+19
  8.40018962e+05  3.18367696e+19] 0.08946517480624767 29665.654485366613 2.718022423103577e-06
parameters of the fit... 29665.654485366613
residual of the fit... 0.08946517480624767
saving data from the run ...
starting bubble....... 1261
time for bubble... 58.3085036277771
the filling is ..  0.00040889999999999996
8.257566040074326e-11
[ 1.88272021e+17 -3.50358098e+04  2.85455886e+04  2.52666986e+19
 -5.67528588e+06  2.52666986e+19] 0.07172607022877968 26420.873459772614 2.4336860144832924e-06
parameters of the fit... 26420.873459772614
residual of the fit... 0.07172607022877968
saving data from the run ...
starting bubble....... 1261
time for bubble... 57.0269832611084
the filling is ..  0.000483
8.257566040074326e-11
[ 1.42183591e+17 -2.81216533e+03  1.41515652e+04  1.81561235e+19
 -1.40720555e+06  1.81561235e+19] 0.07887960481069202 22398.84179824256 2.5521628982869686e-06
parameters of the fit... 22398.84179824256
residual of the fit... 0.07887960481069202
saving data from the run ...
starting bubble....... 1261
time for bubble... 58.05146861076355
the filling is ..  0.0005454
8.257566040074326e-11
[1.24656904e+17 4.97231064e+03 4.87725978e+03 1.69279904e+19
 5.83763637e+06 1.69279904e+19] 0.071877049220077 21625.500392854938 2.436246048124981e-06
parameters of the fit... 21625.500392854938
residual of the fit... 0.071877049220077
saving data from the run ...
starting bubble....... 1261
time for bubble... 55.589980602264404
the filling is ..  0.000619
8.257566040074326e-11
[8.25326133e+16 4.18994090e+03 3.08157057e+03 1.43868959e+19
 2.20849361e+07 1.43868959e+19] 0.0778672779558919 19928.330132612842 2.5357330105545442e-06
parameters of the fit... 19928.330132612842
residual of the fit... 0.0778672779558919
saving data from the run ...
starting bubble....... 1261
time for bubble... 58.163108348846436
the filling is ..  0.0006860000000000001
8.257566040074326e-11
[ 9.32155147e+16  2.96315401e+03  1.58358283e+02  9.73330274e+18
 -1.28100711e+06  9.73330274e+18] 0.10657059400784687 16407.138369010667 2.9665025163477355e-06
parameters of the fit... 16407.138369010667
residual of the fit... 0.10657059400784687
saving data from the run ...
starting bubble....... 1261
time for bubble... 55.67888045310974
the filling is ..  0.0007619
8.257566040074326e-11
[6.18869250e+16 2.24529074e+03 1.66504873e+02 8.34804690e+18
 1.42911789e+06 8.34804690e+18] 0.08164811916712357 15186.624190400607 2.5965645304332054e-06
parameters of the fit... 15186.624190400607
residual of the fit... 0.08164811916712357
saving data from the run ...
starting bubble....... 1261
time for bubble... 56.018550395965576
the filling is ..  0.0008663999999999999
8.257566040074326e-11
[ 4.95354387e+16  1.74791207e+03  8.34130305e+01  6.26786805e+18
 -5.08766315e+03  6.26786805e+18] 0.07996697981503903 13160.78206888764 2.5696937888549587e-06
parameters of the fit... 13160.78206888764
residual of the fit... 0.07996697981503903
saving data from the run ...
starting bubble....... 1261
time for bubble... 55.90922808647156
the filling is ..  0.001
8.257566040074326e-11
[ 3.39209420e+16  1.30426459e+03  5.48522872e+01  4.73595636e+18
 -9.82952805e+05  4.73595636e+18] 0.07164994117143414 11437.879268878023 2.4323941312841505e-06
parameters of the fit... 11437.879268878023
residual of the fit... 0.07164994117143414
saving data from the run ...
starting bubble....... 1261
time for bubble... 56.10913681983948
the filling is ..  0.0011642
8.257566040074326e-11
[2.26803242e+16 7.83868727e+02 5.97795420e+01 2.83552687e+18
 7.74272863e+05 2.83552687e+18] 0.07750129619669047 8852.15464266571 2.529766929057957e-06
parameters of the fit... 8852.15464266571
residual of the fit... 0.07750129619669047
saving data from the run ...
starting bubble....... 1261
time for bubble... 56.16347575187683
the filling is ..  0.0014127
8.257566040074326e-11
[ 1.25345612e+16  4.08167601e+02  2.78996371e+01  1.36757509e+18
 -1.90161008e+05  1.36757509e+18] 0.08135577501402493 6149.4157220881925 2.59191181354563e-06
parameters of the fit... 6149.4157220881925
residual of the fit... 0.08135577501402493
saving data from the run ...
time for sweep ieps 2497.726143360138
starting bubble....... 1261
time for bubble... 55.549410581588745
the filling is ..  0.0
8.257566040074326e-11
[ 6.86340661e+17  3.89334798e+15 -7.19540598e+14  6.49695153e+19
  2.39868860e+17  6.47254514e+19] 0.11558733578827766 42399.669750325505 3.089449884150817e-06
parameters of the fit... 42399.669750325505
residual of the fit... 0.11558733578827766
saving data from the run ...
starting bubble....... 1261
time for bubble... 57.11552381515503
the filling is ..  6.25e-05
8.257566040074326e-11
[ 6.58074375e+17  8.65398933e+05 -2.50127784e+05  7.38994503e+19
  9.26135492e+06  7.38994503e+19] 0.09978626731175805 45201.27716212156 2.870525548082358e-06
parameters of the fit... 45201.27716212156
residual of the fit... 0.09978626731175805
saving data from the run ...
starting bubble....... 1261
time for bubble... 56.348105907440186
the filling is ..  0.0001
8.257566040074326e-11
[8.77656302e+17 1.43209552e+06 3.05589483e+05 8.85973159e+19
 8.27685981e+06 8.85973159e+19] 0.10789880387821717 49504.9438421639 2.98493132026418e-06
parameters of the fit... 49504.9438421639
residual of the fit... 0.10789880387821717
saving data from the run ...
starting bubble....... 1261
time for bubble... 56.21186709403992
the filling is ..  0.0001266
8.257566040074326e-11
[ 8.82639784e+17 -1.90104157e+06 -1.91316810e+06  1.10889483e+20
 -9.52939913e+06  1.10889483e+20] 0.08030989772565467 55357.06691104516 2.575197631525022e-06
parameters of the fit... 55357.06691104516
residual of the fit... 0.08030989772565467
saving data from the run ...
starting bubble....... 1261
time for bubble... 57.412503242492676
the filling is ..  0.0001429
8.257566040074326e-11
[ 6.69030510e+17 -1.97695532e+06  1.40235929e+06  1.12904118e+20
  2.41367060e+07  1.12904118e+20] 0.0750349074993265 55829.36780143483 2.489188028226387e-06
parameters of the fit... 55829.36780143483
residual of the fit... 0.0750349074993265
saving data from the run ...
starting bubble....... 1261
time for bubble... 60.331055641174316
the filling is ..  0.00015079999999999998
8.257566040074326e-11
[ 6.27333228e+17 -1.63774452e+06  2.23567754e+06  1.08225776e+20
  3.64741574e+07  1.08225776e+20] 0.07695749593134359 54658.68678843152 2.520876047987725e-06
parameters of the fit... 54658.68678843152
residual of the fit... 0.07695749593134359
saving data from the run ...
starting bubble....... 1261
time for bubble... 60.04911160469055
the filling is ..  0.0001587
8.257566040074326e-11
[ 6.14889371e+17 -2.31244939e+05 -5.92772512e+05  1.01240899e+20
  4.37998551e+07  1.01240899e+20] 0.07177133967905798 52869.088489019705 2.4344538960194506e-06
parameters of the fit... 52869.088489019705
residual of the fit... 0.07177133967905798
saving data from the run ...
starting bubble....... 1261
time for bubble... 60.08274483680725
the filling is ..  0.0001666
8.257566040074326e-11
[ 5.80805506e+17  7.71019178e+05 -5.38087943e+05  9.17280220e+19
  3.00208972e+07  9.17280220e+19] 0.06792854470211997 50327.2033639212 2.3683843520085517e-06
parameters of the fit... 50327.2033639212
residual of the fit... 0.06792854470211997
saving data from the run ...
starting bubble....... 1261
time for bubble... 61.177507638931274
the filling is ..  0.00017460000000000002
8.257566040074326e-11
[ 5.29270716e+17 -6.43472352e+04  4.31876416e+05  8.45796224e+19
  3.34585073e+07  8.45796224e+19] 0.062056065607425936 48325.53022831997 2.263696225071961e-06
parameters of the fit... 48325.53022831997
residual of the fit... 0.062056065607425936
saving data from the run ...
starting bubble....... 1261
time for bubble... 61.31389665603638
the filling is ..  0.00018429999999999998
8.257566040074326e-11
[ 4.98162645e+17 -4.82050868e+05  5.92844127e+05  7.84916756e+19
  5.12739151e+07  7.84916756e+19] 0.06494687557479038 46554.878025707185 2.3158219149047748e-06
parameters of the fit... 46554.878025707185
residual of the fit... 0.06494687557479038
saving data from the run ...
starting bubble....... 1261
time for bubble... 59.81675910949707
the filling is ..  0.0001945
8.257566040074326e-11
[ 4.98626101e+17 -2.78092572e+05 -5.80262432e+05  7.25239998e+19
  3.08393517e+07  7.25239998e+19] 0.06851162380064521 44756.02145859634 2.37852739745952e-06
parameters of the fit... 44756.02145859634
residual of the fit... 0.06851162380064521
saving data from the run ...
starting bubble....... 1261
time for bubble... 61.437963247299194
the filling is ..  0.0002075
8.257566040074326e-11
[ 4.88723721e+17 -6.59401618e+04 -3.35621238e+05  6.41869358e+19
  3.90599419e+07  6.41869358e+19] 0.07253938256679912 42112.773020578265 2.4474450801837415e-06
parameters of the fit... 42112.773020578265
residual of the fit... 0.07253938256679912
saving data from the run ...
starting bubble....... 1261
time for bubble... 61.48978590965271
the filling is ..  0.0002222
8.257566040074326e-11
[ 4.25392715e+17 -1.96325167e+05 -2.17892838e+05  5.72750269e+19
 -5.25971309e+07  5.72750269e+19] 0.07015163507477759 39778.91698677995 2.406827288047837e-06
parameters of the fit... 39778.91698677995
residual of the fit... 0.07015163507477759
saving data from the run ...
starting bubble....... 1261
time for bubble... 61.00758624076843
the filling is ..  0.0002524
8.257566040074326e-11
[ 3.75203630e+17  2.95812762e+05 -2.26020083e+05  5.09447707e+19
 -1.88598878e+07  5.09447707e+19] 0.06933768306991316 37515.7274999795 2.3928236395847302e-06
parameters of the fit... 37515.7274999795
residual of the fit... 0.06933768306991316
saving data from the run ...
starting bubble....... 1261
time for bubble... 59.134516954422
the filling is ..  0.000289
8.257566040074326e-11
[ 3.18816424e+17  3.47575155e+04 -2.78514793e+04  4.27560512e+19
  5.30357810e+07  4.27560512e+19] 0.07327298836512604 34369.42633840277 2.459789707228295e-06
parameters of the fit... 34369.42633840277
residual of the fit... 0.07327298836512604
saving data from the run ...
starting bubble....... 1261
time for bubble... 58.90733098983765
the filling is ..  0.0003171
8.257566040074326e-11
[ 2.84857501e+17 -5.36072265e+04  6.49261196e+04  3.77825248e+19
 -2.00053252e+06  3.77825248e+19] 0.07105856646577254 32309.328292282968 2.4223352478633664e-06
parameters of the fit... 32309.328292282968
residual of the fit... 0.07105856646577254
saving data from the run ...
starting bubble....... 1261
time for bubble... 58.831085205078125
the filling is ..  0.00034920000000000003
8.257566040074326e-11
[ 2.65128409e+17 -9.53726532e+04 -3.52499946e+05  3.28452539e+19
  3.38339440e+06  3.28452539e+19] 0.07757125418959165 30128.420163173607 2.5309084422039953e-06
parameters of the fit... 30128.420163173607
residual of the fit... 0.07757125418959165
saving data from the run ...
starting bubble....... 1261
time for bubble... 57.819454193115234
the filling is ..  0.00040889999999999996
8.257566040074326e-11
[ 1.98396394e+17 -2.35163616e+04 -4.00246235e+04  2.54258771e+19
 -7.55255589e+06  2.54258771e+19] 0.07474205207704084 26506.28823049749 2.4843257254169373e-06
parameters of the fit... 26506.28823049749
residual of the fit... 0.07474205207704084
saving data from the run ...
starting bubble....... 1261
time for bubble... 55.95890402793884
the filling is ..  0.000483
8.257566040074326e-11
[ 1.58583721e+17  1.30033630e+05  2.10803507e+05  1.80277775e+19
 -1.20196788e+07  1.80277775e+19] 0.08891173600980522 22324.89798716222 2.7096024281038375e-06
parameters of the fit... 22324.89798716222
residual of the fit... 0.08891173600980522
saving data from the run ...
starting bubble....... 1261
time for bubble... 57.708038330078125
the filling is ..  0.0005454
8.257566040074326e-11
[ 1.25915108e+17 -3.12828739e+04 -1.80057706e+04  1.66939604e+19
  6.10403567e+06  1.66939604e+19] 0.07475398600698457 21476.448851800687 2.484524051426082e-06
parameters of the fit... 21476.448851800687
residual of the fit... 0.07475398600698457
saving data from the run ...
starting bubble....... 1261
time for bubble... 55.71771478652954
the filling is ..  0.000619
8.257566040074326e-11
[8.97705811e+16 4.66022054e+05 3.71129064e+05 1.34590805e+19
 1.43664154e+07 1.34590805e+19] 0.07121237135495458 19279.513227581436 2.4249553796592518e-06
parameters of the fit... 19279.513227581436
residual of the fit... 0.07121237135495458
saving data from the run ...
starting bubble....... 1261
time for bubble... 58.29982948303223
the filling is ..  0.0006860000000000001
8.257566040074326e-11
[ 9.49140631e+16  6.37115716e+04 -8.59768719e+03  9.74959822e+18
 -1.75449304e+06  9.74959822e+18] 0.10462749206781201 16421.513404250738 2.9393339812911878e-06
parameters of the fit... 16421.513404250738
residual of the fit... 0.10462749206781201
saving data from the run ...
starting bubble....... 1261
time for bubble... 56.04010629653931
the filling is ..  0.0007619
8.257566040074326e-11
[ 6.16856452e+16 -1.35718427e+04  7.24593239e+04  8.40218764e+18
  3.77704433e+04  8.40218764e+18] 0.07416128045730425 15235.518362950117 2.4746548668302483e-06
parameters of the fit... 15235.518362950117
residual of the fit... 0.07416128045730425
saving data from the run ...
starting bubble....... 1261
time for bubble... 55.81329393386841
the filling is ..  0.0008663999999999999
8.257566040074326e-11
[5.18277753e+16 3.77416812e+03 2.17711185e+04 6.34012240e+18
 1.31915647e+06 6.34012240e+18] 0.07852485566506578 13237.316581686544 2.5464174470058625e-06
parameters of the fit... 13237.316581686544
residual of the fit... 0.07852485566506578
saving data from the run ...
starting bubble....... 1261
time for bubble... 56.18327593803406
the filling is ..  0.001
8.257566040074326e-11
[ 3.50046945e+16  5.65028667e+02 -8.82210975e+03  4.72860964e+18
 -1.06047593e+06  4.72860964e+18] 0.0735246720722406 11429.68841906102 2.4640106233767244e-06
parameters of the fit... 11429.68841906102
residual of the fit... 0.0735246720722406
saving data from the run ...
starting bubble....... 1261
time for bubble... 56.01272892951965
the filling is ..  0.0011642
8.257566040074326e-11
[ 2.33520019e+16  3.55768891e+03 -1.35059219e+03  2.84292034e+18
  9.16065494e+05  2.84292034e+18] 0.08004386416258323 8864.163396483062 2.5709288096430628e-06
parameters of the fit... 8864.163396483062
residual of the fit... 0.08004386416258323
saving data from the run ...
starting bubble....... 1261
time for bubble... 57.38986563682556
the filling is ..  0.0014127
8.257566040074326e-11
[ 1.25981393e+16  2.69886258e+02 -6.34530778e+00  1.38390545e+18
 -1.67785716e+05  1.38390545e+18] 0.0832016619737453 6185.926404921741 2.6211509273449757e-06
parameters of the fit... 6185.926404921741
residual of the fit... 0.0832016619737453
saving data from the run ...
time for sweep delta 2490.3007493019104
9435.76user 5726.63system 1:26:53elapsed 290%CPU (0avgtext+0avgdata 100997644maxresident)k
1984inputs+7032outputs (189major+2791461349minor)pagefaults 0swaps
starting sampling in reciprocal space....
finished sampling in reciprocal space....t= 0.05050349235534668  s
1261 numer of sampling lattice points
taking $0 umklapps
hbvf is .. 2.1354
q is... 0.07676251561000431
hvkd is... 0.16391867583360323
kappa is.. 0.8174358974358973
alpha is.. 0.5948071475331707
the twist angle is .. 0.01832595714594046
phonon params... 190333297126.4597
starting sampling in reciprocal space....
finished sampling in reciprocal space....t= 0.044721126556396484  s
starting dispersion ..........
time to diag over MBZ 96.75239896774292
starting sampling in reciprocal space....
finished sampling in reciprocal space....t= 0.03719735145568848  s
(8827, 564, 2) (1261, 564, 2) (8827,)
starting sampling in reciprocal space....
finished sampling in reciprocal space....t= 0.03907608985900879  s
(8827, 564, 2) (1261, 564, 2) (8827,)
calculating tensor that stores the overlaps........
finsihed the overlaps.......... 7.796316385269165
calculating tensor that stores the overlaps........
finsihed the overlaps.......... 3.4844350814819336
calculating tensor that stores the overlaps........
finsihed the overlaps.......... 7.053637504577637
calculating tensor that stores the overlaps........
finsihed the overlaps.......... 2.9508252143859863
testing symmetry of the form factors...
finished testing symmetry of the form factors...
starting bubble....... 1261
starting bubble....... 1261
time for bubble... 60.01223158836365
the filling is ..  0.0
8.257566040074326e-11
[ 5.73155016e+17 -7.91939705e+14 -2.31665914e+15  7.36544367e+19
  1.30539206e+17  7.34501558e+19] 0.08596844339950846 45101.94044844521 2.6643762848626186e-06
parameters of the fit... 45101.94044844521
residual of the fit... 0.08596844339950846
saving data from the run ...
starting bubble....... 1261
time for bubble... 59.580270767211914
the filling is ..  6.25e-05
8.257566040074326e-11
[ 5.71929779e+17 -9.70463942e+03 -9.34311292e+05  7.85857277e+19
  8.90291099e+07  7.85857277e+19] 0.07236507307570592 46593.56930093515 2.4445027509034353e-06
parameters of the fit... 46593.56930093515
residual of the fit... 0.07236507307570592
saving data from the run ...
starting bubble....... 1261
time for bubble... 60.00642418861389
the filling is ..  0.0001
8.257566040074326e-11
[ 7.26658469e+17 -1.34221093e+05 -1.61913837e+06  9.15121462e+19
 -7.98377217e+07  9.15121462e+19] 0.07615108047176389 50288.0968571306 2.5076334979789306e-06
parameters of the fit... 50288.0968571306
residual of the fit... 0.07615108047176389
saving data from the run ...
starting bubble....... 1261
time for bubble... 60.24807071685791
the filling is ..  0.0001266
8.257566040074326e-11
[ 1.01608465e+18 -2.45550395e+04 -6.29770661e+04  1.16477068e+20
  1.01857241e+07  1.16477068e+20] 0.10772822776888416 56745.40428341896 2.982570963416847e-06
parameters of the fit... 56745.40428341896
residual of the fit... 0.10772822776888416
saving data from the run ...
starting bubble....... 1261
time for bubble... 61.27439284324646
the filling is ..  0.0001429
8.257566040074326e-11
[ 7.03841269e+17 -3.06408765e+05  3.71344279e+05  1.11400227e+20
  6.31653547e+07  1.11400227e+20] 0.10736637970216319 55461.72059123598 2.9775576751329405e-06
parameters of the fit... 55461.72059123598
residual of the fit... 0.10736637970216319
saving data from the run ...
starting bubble....... 1261
time for bubble... 61.23037362098694
the filling is ..  0.00015079999999999998
8.257566040074326e-11
[ 6.22633705e+17 -2.42958788e+05  2.05233040e+05  1.00941309e+20
 -3.44154060e+07  1.00941309e+20] 0.11432788240149055 52792.05265386128 3.0725722760452026e-06
parameters of the fit... 52792.05265386128
residual of the fit... 0.11432788240149055
saving data from the run ...
starting bubble....... 1261
time for bubble... 60.840882301330566
the filling is ..  0.0001587
8.257566040074326e-11
[ 6.08947248e+17  1.54981569e+05 -5.34216955e+05  9.21925130e+19
  1.47140034e+08  9.21925130e+19] 0.07381353388708967 50457.90243537423 2.468846148960901e-06
parameters of the fit... 50457.90243537423
residual of the fit... 0.07381353388708967
saving data from the run ...
starting bubble....... 1261
time for bubble... 60.55693197250366
the filling is ..  0.0001666
8.257566040074326e-11
[ 5.82097247e+17 -8.51403398e+04 -5.30043330e+04  8.21367089e+19
  1.56946383e+08  8.21367089e+19] 0.08111738612821703 47632.36473197772 2.5881116145791726e-06
parameters of the fit... 47632.36473197772
residual of the fit... 0.08111738612821703
saving data from the run ...
starting bubble....... 1261
time for bubble... 60.82943367958069
the filling is ..  0.00017460000000000002
8.257566040074326e-11
[5.36671405e+17 3.70628452e+04 5.67593203e+04 7.63887859e+19
 1.13667231e+08 7.63887859e+19] 0.08724430084854588 45934.78146069751 2.684074469676615e-06
parameters of the fit... 45934.78146069751
residual of the fit... 0.08724430084854588
saving data from the run ...
starting bubble....... 1261
time for bubble... 61.95932149887085
the filling is ..  0.00018429999999999998
8.257566040074326e-11
[5.09348763e+17 3.61206622e+04 5.67140602e+04 7.24420515e+19
 4.72608673e+07 7.24420515e+19] 0.0711280649620514 44732.46451556935 2.423519535153031e-06
parameters of the fit... 44732.46451556935
residual of the fit... 0.0711280649620514
saving data from the run ...
starting bubble....... 1261
time for bubble... 61.015437602996826
the filling is ..  0.0001945
8.257566040074326e-11
[ 4.74260751e+17 -2.65509240e+04  1.28230141e+05  6.79018710e+19
  1.87465897e+07  6.79018710e+19] 0.08396944039250245 43307.516823803075 2.633217042685949e-06
parameters of the fit... 43307.516823803075
residual of the fit... 0.08396944039250245
saving data from the run ...
time for bubble... 61.084399700164795
the filling is ..  0.0002075
8.257566040074326e-11
[4.77480534e+17 7.29780656e+04 3.73697992e+05 5.89017492e+19
 1.11701372e+07 5.89017492e+19] 0.09135416124690277 40346.68499607444 2.7465669835849595e-06
parameters of the fit... 40346.68499607444
residual of the fit... 0.09135416124690277
saving data from the run ...
starting bubble....... 1261
starting bubble....... 1261
time for bubble... 61.725117921829224
the filling is ..  0.0002222
8.257566040074326e-11
[ 4.05297904e+17 -5.82333864e+04  1.77083166e+04  5.49032684e+19
  2.28039872e+07  5.49032684e+19] 0.08423503545720468 38946.148787590064 2.6373781833022545e-06
parameters of the fit... 38946.148787590064
residual of the fit... 0.08423503545720468
saving data from the run ...
starting bubble....... 1261
time for bubble... 59.51836681365967
the filling is ..  0.0002524
8.257566040074326e-11
[ 3.95559122e+17 -1.68101016e+04 -1.18245293e+04  4.57851900e+19
 -9.86054127e+06  4.57851900e+19] 0.08979682614798538 35576.556322479606 2.72305567718705e-06
parameters of the fit... 35576.556322479606
residual of the fit... 0.08979682614798538
saving data from the run ...
starting bubble....... 1261
time for bubble... 58.54143524169922
the filling is ..  0.000289
8.257566040074326e-11
[ 3.19839615e+17  1.13590053e+04 -6.86021522e+04  4.13624575e+19
  3.47868581e+07  4.13624575e+19] 0.07603594248375166 33806.990050578665 2.5057370502087254e-06
parameters of the fit... 33806.990050578665
residual of the fit... 0.07603594248375166
saving data from the run ...
time for bubble... 58.60093593597412
the filling is ..  0.0003171
8.257566040074326e-11
[ 2.81934443e+17 -9.90527336e+04  9.70613610e+04  3.76603033e+19
  3.57230219e+07  3.76603033e+19] 0.08923342938313832 32256.60075961965 2.7144998362747667e-06
parameters of the fit... 32256.60075961965
residual of the fit... 0.08923342938313832
saving data from the run ...
starting bubble....... 1261
time for bubble... 57.9512722492218
the filling is ..  0.00034920000000000003
8.257566040074326e-11
[ 2.64083125e+17 -1.58360162e+04  5.44040915e+04  3.14252001e+19
  1.73405077e+07  3.14252001e+19] 0.08489060137760787 29472.36034139211 2.647621096488736e-06
parameters of the fit... 29472.36034139211
residual of the fit... 0.08489060137760787
saving data from the run ...
starting bubble....... 1261
time for bubble... 57.39165449142456
the filling is ..  0.00040889999999999996
8.257566040074326e-11
[ 1.94558226e+17 -7.32417086e+04 -1.56878718e+04  2.68593651e+19
 -5.47951554e+06  2.68593651e+19] 0.0728736210021543 27239.448695809057 2.4530771247652133e-06
parameters of the fit... 27239.448695809057
residual of the fit... 0.0728736210021543
saving data from the run ...
starting bubble....... 1261
starting bubble....... 1261
time for bubble... 58.615448236465454
the filling is ..  0.000483
8.257566040074326e-11
[1.41148729e+17 2.02913278e+03 6.57889193e+03 1.78759851e+19
 1.76467474e+06 1.78759851e+19] 0.08630734650029635 22225.72833424502 2.6696228450284412e-06
parameters of the fit... 22225.72833424502
residual of the fit... 0.08630734650029635
saving data from the run ...
starting bubble....... 1261
time for bubble... 56.936723470687866
the filling is ..  0.0005454
8.257566040074326e-11
[1.29257080e+17 1.58380323e+03 1.25744352e+03 1.58121743e+19
 2.80513928e+06 1.58121743e+19] 0.0823253784408046 20904.843757176226 2.607311353193276e-06
parameters of the fit... 20904.843757176226
residual of the fit... 0.0823253784408046
saving data from the run ...
starting bubble....... 1261
time for bubble... 58.5017991065979
the filling is ..  0.000619
8.257566040074326e-11
[1.07015794e+17 4.14934817e+03 5.07788593e+01 1.26080906e+19
 7.11208263e+06 1.26080906e+19] 0.09109613250097315 18668.51053587813 2.7426854178380484e-06
parameters of the fit... 18668.51053587813
residual of the fit... 0.09109613250097315
saving data from the run ...
starting bubble....... 1261
time for bubble... 56.86764597892761
the filling is ..  0.0006860000000000001
8.257566040074326e-11
[9.13203818e+16 2.94336115e+03 1.77816881e+02 1.01202619e+19
 2.15211149e+06 1.01202619e+19] 0.09029324226426112 16727.798537800096 2.7305721213137124e-06
parameters of the fit... 16727.798537800096
residual of the fit... 0.09029324226426112
saving data from the run ...
starting bubble....... 1261
time for bubble... 56.202970027923584
the filling is ..  0.0007619
8.257566040074326e-11
[6.42797677e+16 2.28760319e+03 7.94249767e+01 8.07848335e+18
 1.14137477e+06 8.07848335e+18] 0.08015683862258698 14941.44203255371 2.572742483206573e-06
parameters of the fit... 14941.44203255371
residual of the fit... 0.08015683862258698
saving data from the run ...
starting bubble....... 1261
time for bubble... 57.79523515701294
the filling is ..  0.0008663999999999999
8.257566040074326e-11
[5.09437828e+16 1.80706720e+03 5.87532686e+01 6.32598909e+18
 5.84972063e+05 6.32598909e+18] 0.07932566574502772 13222.154201377854 2.5593689135457363e-06
parameters of the fit... 13222.154201377854
residual of the fit... 0.07932566574502772
saving data from the run ...
starting bubble....... 1261
time for bubble... 59.12569046020508
the filling is ..  0.001
8.257566040074326e-11
[3.35502659e+16 1.23415398e+03 4.33758667e+01 4.40553519e+18
 1.94521528e+05 4.40553519e+18] 0.09495405784853432 11032.908279841455 2.800159644479775e-06
parameters of the fit... 11032.908279841455
residual of the fit... 0.09495405784853432
saving data from the run ...
starting bubble....... 1261
time for bubble... 57.54808521270752
the filling is ..  0.0011642
8.257566040074326e-11
[2.11812379e+16 8.08928300e+02 4.40795245e+01 3.10745297e+18
 1.24075259e+06 3.10745297e+18] 0.07681483861631601 9264.16948835762 2.5185384704861686e-06
parameters of the fit... 9264.16948835762
residual of the fit... 0.07681483861631601
saving data from the run ...
time for bubble... 55.460827589035034
the filling is ..  0.0014127
8.257566040074326e-11
[1.09427801e+16 4.06706012e+02 1.72463764e+01 1.47282777e+18
 2.17901816e+05 1.47282777e+18] 0.08301704903421786 6378.9113381032985 2.618241327403077e-06
parameters of the fit... 6378.9113381032985
residual of the fit... 0.08301704903421786
saving data from the run ...
time for sweep ieps 1494.1313571929932
starting bubble....... 1261
starting bubble....... 1261
time for bubble... 56.406116008758545
the filling is ..  0.0
8.257566040074326e-11
[ 6.13385304e+17 -5.24138100e+14 -7.89670808e+14  7.35713928e+19
  1.11687499e+17  7.33923806e+19] 0.08560884843833022 45083.98739840699 2.658798073555466e-06
parameters of the fit... 45083.98739840699
residual of the fit... 0.08560884843833022
saving data from the run ...
starting bubble....... 1261
time for bubble... 55.979339599609375
the filling is ..  6.25e-05
8.257566040074326e-11
[ 6.19807650e+17  5.40711929e+05 -5.76873354e+04  7.95112605e+19
  6.54774197e+07  7.95112605e+19] 0.07839686202323391 46873.18124201207 2.5443413007917177e-06
parameters of the fit... 46873.18124201207
residual of the fit... 0.07839686202323391
saving data from the run ...
starting bubble....... 1261
time for bubble... 56.57526135444641
the filling is ..  0.0001
8.257566040074326e-11
[7.95700006e+17 1.05201761e+06 9.50343190e+04 9.65108198e+19
 4.71888939e+07 9.65108198e+19] 0.0788680142373495 51647.192255348455 2.5519753839221013e-06
parameters of the fit... 51647.192255348455
residual of the fit... 0.0788680142373495
saving data from the run ...
starting bubble....... 1261
time for bubble... 56.21539330482483
the filling is ..  0.0001266
8.257566040074326e-11
[ 8.71254863e+17 -2.24310595e+06 -1.86181742e+06  1.13153006e+20
 -3.58452927e+07  1.13153006e+20] 0.07474793177296782 55915.58059499777 2.4844234401048705e-06
parameters of the fit... 55915.58059499777
residual of the fit... 0.07474793177296782
saving data from the run ...
starting bubble....... 1261
time for bubble... 56.2246835231781
the filling is ..  0.0001429
8.257566040074326e-11
[ 7.21554646e+17 -1.51953152e+05  2.62892701e+06  1.06142068e+20
 -6.54093025e+07  1.06142068e+20] 0.08339005890112881 54143.46012851354 2.6241168389798484e-06
parameters of the fit... 54143.46012851354
residual of the fit... 0.08339005890112881
saving data from the run ...
starting bubble....... 1261
time for bubble... 56.33000564575195
the filling is ..  0.00015079999999999998
8.257566040074326e-11
[ 6.96773545e+17 -2.43523127e+05  1.40377630e+06  9.94026903e+19
 -2.84792331e+07  9.94026903e+19] 0.08607255751377728 52399.14460362482 2.665989174599386e-06
parameters of the fit... 52399.14460362482
residual of the fit... 0.08607255751377728
saving data from the run ...
starting bubble....... 1261
time for bubble... 56.14386439323425
the filling is ..  0.0001587
8.257566040074326e-11
[ 6.70805245e+17  6.29561833e+05 -1.27684940e+06  9.38212849e+19
  4.56728826e+07  9.38212849e+19] 0.0854799912624948 50908.58031797948 2.656796328202497e-06
parameters of the fit... 50908.58031797948
residual of the fit... 0.0854799912624948
saving data from the run ...
starting bubble....... 1261
time for bubble... 58.2681565284729
the filling is ..  0.0001666
8.257566040074326e-11
[ 6.21228974e+17 -3.14811996e+05 -8.70491754e+05  8.73169607e+19
  7.81405251e+07  8.73169607e+19] 0.08070813167370935 49111.793864056424 2.581574572362126e-06
parameters of the fit... 49111.793864056424
residual of the fit... 0.08070813167370935
saving data from the run ...
starting bubble....... 1261
time for bubble... 56.423487186431885
the filling is ..  0.00017460000000000002
8.257566040074326e-11
[ 5.70821953e+17 -6.30425552e+05 -2.74897588e+05  7.95389985e+19
  4.46516647e+07  7.95389985e+19] 0.08291602392753708 46874.13405529415 2.616647747332492e-06
parameters of the fit... 46874.13405529415
residual of the fit... 0.08291602392753708
saving data from the run ...
starting bubble....... 1261
time for bubble... 56.23554253578186
the filling is ..  0.00018429999999999998
8.257566040074326e-11
[ 5.23347535e+17 -2.94992073e+05 -1.05286072e+06  7.57665705e+19
  1.87098547e+07  7.57665705e+19] 0.08011234727585712 45745.974241085285 2.572028379034257e-06
parameters of the fit... 45745.974241085285
residual of the fit... 0.08011234727585712
saving data from the run ...
starting bubble....... 1261
time for bubble... 56.13800525665283
the filling is ..  0.0001945
8.257566040074326e-11
[5.19216839e+17 4.17254159e+05 4.96565145e+05 6.83756917e+19
 3.62838977e+07 6.83756917e+19] 0.0823851458372179 43464.94844966425 2.608257622383152e-06
parameters of the fit... 43464.94844966425
residual of the fit... 0.0823851458372179
saving data from the run ...
starting bubble....... 1261
time for bubble... 56.1814751625061
the filling is ..  0.0002075
8.257566040074326e-11
[4.91931915e+17 5.35460553e+05 5.57062183e+05 6.23636905e+19
 8.79829076e+07 6.23636905e+19] 0.08291970284040451 41513.18558271943 2.6167057958967777e-06
parameters of the fit... 41513.18558271943
residual of the fit... 0.08291970284040451
saving data from the run ...
starting bubble....... 1261
time for bubble... 56.20811223983765
the filling is ..  0.0002222
8.257566040074326e-11
[ 4.37751981e+17  9.95093862e+03  2.59864840e+04  5.54682293e+19
 -6.73827334e+07  5.54682293e+19] 0.08371705271273512 39150.98762681636 2.629256722832127e-06
parameters of the fit... 39150.98762681636
residual of the fit... 0.08371705271273512
saving data from the run ...
starting bubble....... 1261
time for bubble... 56.07429766654968
the filling is ..  0.0002524
8.257566040074326e-11
[ 3.90258042e+17 -1.76125503e+05  1.08803248e+06  4.86008524e+19
 -4.21455404e+07  4.86008524e+19] 0.08101699708446775 36648.6033815071 2.586509624558744e-06
parameters of the fit... 36648.6033815071
residual of the fit... 0.08101699708446775
saving data from the run ...
starting bubble....... 1261
time for bubble... 55.96562314033508
the filling is ..  0.000289
8.257566040074326e-11
[ 3.36123712e+17 -4.18280999e+05  2.37594009e+04  4.14962538e+19
  3.48202536e+07  4.14962538e+19] 0.07717386210179565 33864.7229514587 2.5244172849851247e-06
parameters of the fit... 33864.7229514587
residual of the fit... 0.07717386210179565
saving data from the run ...
starting bubble....... 1261
time for bubble... 56.59102725982666
the filling is ..  0.0003171
8.257566040074326e-11
[ 2.95726715e+17 -1.34203949e+05  9.48575408e+04  3.66493232e+19
  1.90955230e+07  3.66493232e+19] 0.08115681777506689 31825.314777891334 2.5887405864240102e-06
parameters of the fit... 31825.314777891334
residual of the fit... 0.08115681777506689
saving data from the run ...
starting bubble....... 1261
time for bubble... 57.9667546749115
the filling is ..  0.00034920000000000003
8.257566040074326e-11
[ 2.62334192e+17 -1.28583239e+05  4.82842339e+04  3.21244655e+19
  1.15441172e+07  3.21244655e+19] 0.08081449118166807 29796.70096446411 2.583275049094905e-06
parameters of the fit... 29796.70096446411
residual of the fit... 0.08081449118166807
saving data from the run ...
starting bubble....... 1261
time for bubble... 56.29889130592346
the filling is ..  0.00040889999999999996
8.257566040074326e-11
[ 2.07969536e+17 -1.19385694e+04 -1.43963176e+05  2.60708144e+19
  1.62915477e+05  2.60708144e+19] 0.07531923821951357 26841.51839724128 2.4938997246996994e-06
parameters of the fit... 26841.51839724128
residual of the fit... 0.07531923821951357
saving data from the run ...
starting bubble....... 1261
time for bubble... 57.68836307525635
the filling is ..  0.000483
8.257566040074326e-11
[ 1.48180044e+17 -2.18533725e+05  1.10256383e+05  1.80005296e+19
 -5.24822353e+06  1.80005296e+19] 0.086356213692793 22304.884767827552 2.6703785078879903e-06
parameters of the fit... 22304.884767827552
residual of the fit... 0.086356213692793
saving data from the run ...
time for bubble... 59.98735785484314
the filling is ..  0.0005454
8.257566040074326e-11
[1.26151531e+17 2.30539773e+04 4.37189729e+04 1.61547604e+19
 2.67506180e+06 1.61547604e+19] 0.07781370703310313 21128.168673545973 2.5348605970523214e-06
parameters of the fit... 21128.168673545973
residual of the fit... 0.07781370703310313
saving data from the run ...
starting bubble....... 1261
starting bubble....... 1261
time for bubble... 58.552858114242554
the filling is ..  0.000619
8.257566040074326e-11
[1.14756434e+17 2.60004968e+04 7.92765759e+04 1.21543388e+19
 6.25251962e+06 1.21543388e+19] 0.08488962774266634 18333.85392835793 2.6476059132778675e-06
parameters of the fit... 18333.85392835793
residual of the fit... 0.08488962774266634
saving data from the run ...
starting bubble....... 1261
time for bubble... 60.209805488586426
the filling is ..  0.0006860000000000001
8.257566040074326e-11
[ 8.90351190e+16 -1.14613672e+05 -3.45728596e+05  1.06537350e+19
 -2.54063730e+07  1.06537350e+19] 0.08307946407265172 17160.17935400382 2.619225383875744e-06
parameters of the fit... 17160.17935400382
residual of the fit... 0.08307946407265172
saving data from the run ...
starting bubble....... 1261
time for bubble... 60.03416204452515
the filling is ..  0.0007619
8.257566040074326e-11
[ 6.36913292e+16 -3.00812362e+04 -5.14636886e+04  8.23201825e+18
  4.06144580e+06  8.23201825e+18] 0.07740103291929785 15081.932020903025 2.5281300221726514e-06
parameters of the fit... 15081.932020903025
residual of the fit... 0.07740103291929785
saving data from the run ...
starting bubble....... 1261
time for bubble... 59.82199716567993
the filling is ..  0.0008663999999999999
8.257566040074326e-11
[ 5.09636463e+16  3.05695200e+04 -1.25515365e+04  6.38153947e+18
  1.12871531e+06  6.38153947e+18] 0.08048743062360454 13279.859622173635 2.5780424235654372e-06
parameters of the fit... 13279.859622173635
residual of the fit... 0.08048743062360454
saving data from the run ...
starting bubble....... 1261
time for bubble... 60.45940899848938
the filling is ..  0.001
8.257566040074326e-11
[ 3.43098483e+16 -2.70316704e+03  3.43302192e+03  4.40996690e+18
  1.00867296e+05  4.40996690e+18] 0.09506592546018067 11038.908588797358 2.8018086259561433e-06
parameters of the fit... 11038.908588797358
residual of the fit... 0.09506592546018067
saving data from the run ...
starting bubble....... 1261
time for bubble... 61.74388241767883
the filling is ..  0.0011642
8.257566040074326e-11
[2.18342168e+16 5.65146530e+03 1.17128925e+03 3.10945294e+18
 1.53213829e+06 3.10945294e+18] 0.07732770570727393 9267.624964867979 2.5269322044828327e-06
parameters of the fit... 9267.624964867979
residual of the fit... 0.07732770570727393
saving data from the run ...
time for bubble... 61.540069580078125
the filling is ..  0.0014127
8.257566040074326e-11
[1.10495272e+16 1.74983795e+03 2.98303074e+03 1.49022445e+18
 2.27009109e+05 1.49022445e+18] 0.08185279083507363 6416.449678940102 2.599816966413234e-06
parameters of the fit... 6416.449678940102
residual of the fit... 0.08185279083507363
saving data from the run ...
time for sweep delta 1385.685929775238
7911.46user 3415.10system 50:41.19elapsed 372%CPU (0avgtext+0avgdata 71786632maxresident)k
27504inputs+6704outputs (369major+1763504651minor)pagefaults 0swaps
