parameters: L  30  nu  0  th  1.06  kap  0.7  HF  0  phLT  T

 

lattice sampling...
starting sampling in reciprocal space....
finished sampling in reciprocal space....t= 0.12025690078735352  s
919 1bz numer of sampling lattice points
919 X numer of sampling lattice points
6433 Q numer of sampling lattice points
starting sampling in reciprocal space....
finished sampling in reciprocal space....t= 0.1164863109588623  s
919 1bz numer of sampling lattice points
919 X numer of sampling lattice points
6433 Q numer of sampling lattice points
taking 0 umklapps

 

parameters of the hamiltonian...
hbvf is .. 2.3382685902179845
q is... 0.07749356643361043
hvkd is... 0.18120077233568196
kappa is.. 0.7
alpha is.. 0.5794677287880602
the twist angle is .. 0.018500490071139894

 

0.11842047632025746 la energia de coulomb en ev

 

phonon params 272152047269086.62
phonon params upsilon 3.4019005908635828e+16
area ratio 0.000342258370694157 0.00034225837069415746
correct factor by which the interaction is reduced 76.4430415345447
c tilde 1658.8879779096287

 

starting sampling in reciprocal space....
finished sampling in reciprocal space....t= 0.15189695358276367  s
919 1bz numer of sampling lattice points
919 X numer of sampling lattice points
6433 Q numer of sampling lattice points
starting sampling in reciprocal space....
finished sampling in reciprocal space....t= 0.11078429222106934  s
starting dispersion with 919 points..........
time to diag over MBZ 49.68336820602417
saving  ..........
number of bands in density of states calculation, 2
sum of the hist, normed? 7.999999999999981
CHEMICAL POTENTIALS AND FILLINGS [0.00000000e+00 1.70878092e-05 2.60104422e-05 3.44004170e-05
 4.23296391e-05 4.94792023e-05 5.64203837e-05 6.39293285e-05
 7.23488800e-05 8.18380122e-05 9.45391000e-05 1.05422216e-04
 1.14161256e-04 1.26693120e-04 1.38920210e-04 1.52474739e-04
 1.66043088e-04 1.78774303e-04 1.97602619e-04 2.10871117e-04] [0.         0.20526316 0.41052632 0.61578947 0.82105263 1.02631579
 1.23157895 1.43684211 1.64210526 1.84736842 2.05263158 2.25789474
 2.46315789 2.66842105 2.87368421 3.07894737 3.28421053 3.48947368
 3.69473684 3.9       ]
CHEMICAL POTENTIAL AND FILLING 0.0 0.0
starting dispersion with 919 points..........
time to diag over MBZ 87.95433139801025
truncating wavefunction and calculating form factors with only 2 bands
shapes of the wavefunctions in the form factor umklapp class with no translation,  (6433, 168, 2) (6433, 168, 168) (6433,)
truncating wavefunction and calculating form factors with only 2 bands
shapes of the wavefunctions in the form factor umklapp class with no translation,  (6433, 168, 2) (6433, 168, 168) (6433,)
calculating tensor that stores the overlaps, layer 0, sublattice 0........
finsihed the overlaps.......... 2.397995710372925
calculating tensor that stores the overlaps, layer 0, sublattice 0........
finsihed the overlaps.......... 2.871507406234741


calculating refernce states...
starting dispersion with 919 points..........
time to diag over MBZ 86.16914415359497
qq 0.07749356643361043
calculating tensor that stores the overlaps, layer 3, sublattice 1........
finsihed the overlaps.......... 1.6348822116851807
calculating tensor that stores the overlaps, layer 3, sublattice 2........
finsihed the overlaps.......... 1.5839147567749023
calculating tensor that stores the overlaps, layer 3, sublattice 1........
finsihed the overlaps.......... 1.4071934223175049
calculating tensor that stores the overlaps, layer 3, sublattice 2........
finsihed the overlaps.......... 1.130908727645874
starting bubble....... 919
time for bubble... 23.474884271621704
effective speed of sound down renormalization...$-\Delta c$ 12174.386733665533
residual of the fit... 0.04858530153539616
starting bubble....... 919
time for bubble... 23.50587821006775
Bubble_ep_HF.py:389: RuntimeWarning: invalid value encountered in double_scalars
  return popt, res/nn, effective_c_downrenorm ,np.sqrt(res*scaling_fac/nn)
effective speed of sound down renormalization...$-\Delta c$ 0.0
residual of the fit... nan
starting bubble....... 919
time for bubble... 23.388895511627197
effective speed of sound down renormalization...$-\Delta c$ 0.0
residual of the fit... nan
starting bubble....... 919
time for bubble... 23.422911405563354
effective speed of sound down renormalization...$-\Delta c$ 0.0
residual of the fit... nan
starting bubble....... 919
time for bubble... 23.356106996536255
effective speed of sound down renormalization...$-\Delta c$ 0.0
residual of the fit... nan
starting bubble....... 919
time for bubble... 23.372422456741333
effective speed of sound down renormalization...$-\Delta c$ 0.0
residual of the fit... nan
starting bubble....... 919
time for bubble... 23.441241979599
effective speed of sound down renormalization...$-\Delta c$ 0.0
residual of the fit... nan
starting bubble....... 919
time for bubble... 23.443267345428467
effective speed of sound down renormalization...$-\Delta c$ 0.0
residual of the fit... nan
starting bubble....... 919
time for bubble... 23.43661141395569
effective speed of sound down renormalization...$-\Delta c$ 0.0
residual of the fit... nan
starting bubble....... 919
time for bubble... 23.429313898086548
effective speed of sound down renormalization...$-\Delta c$ 0.0
residual of the fit... nan
starting bubble....... 919
time for bubble... 23.354072332382202
effective speed of sound down renormalization...$-\Delta c$ 0.0
residual of the fit... nan
starting bubble....... 919
time for bubble... 23.424386262893677
effective speed of sound down renormalization...$-\Delta c$ 0.0
residual of the fit... nan
starting bubble....... 919
time for bubble... 23.435831785202026
effective speed of sound down renormalization...$-\Delta c$ 0.0
residual of the fit... nan
starting bubble....... 919
time for bubble... 23.462395191192627
effective speed of sound down renormalization...$-\Delta c$ 0.0
residual of the fit... nan
starting bubble....... 919
time for bubble... 23.4718279838562
effective speed of sound down renormalization...$-\Delta c$ 0.0
residual of the fit... nan
starting bubble....... 919
time for bubble... 23.526310205459595
effective speed of sound down renormalization...$-\Delta c$ 0.0
residual of the fit... nan
starting bubble....... 919
time for bubble... 23.440970420837402
effective speed of sound down renormalization...$-\Delta c$ 0.0
residual of the fit... nan
starting bubble....... 919
time for bubble... 23.371095418930054
effective speed of sound down renormalization...$-\Delta c$ 0.0
residual of the fit... nan
starting bubble....... 919
time for bubble... 23.471376657485962
effective speed of sound down renormalization...$-\Delta c$ 0.0
residual of the fit... nan
starting bubble....... 919
time for bubble... 23.447654724121094
effective speed of sound down renormalization...$-\Delta c$ 0.0
residual of the fit... nan
time for sweep delta 468.7087848186493
3620.56user 227.56system 12:31.55elapsed 512%CPU (0avgtext+0avgdata 46305960maxresident)k
0inputs+4416outputs (74major+1128660minor)pagefaults 0swaps
