starting sampling in reciprocal space....
finished sampling in reciprocal space....t= 0.05190420150756836  s
919 numer of sampling lattice points
taking 0 umklapps
hbvf is .. 2.3382685902179845
q is... 0.07822461666706933
hvkd is... 0.18291016413445044
kappa is.. 0.3
alpha is.. 0.5740522977324454
the twist angle is .. 0.018675022996339326
phonon params 282567875060811.94
phonon params upsilon 3.5320984382601492e+16
area ratio 0.00034874634810787747 0.00034874634810787823
correct factor by which the interaction is reduced 75.72864105882249
c tilde 1674.5374117832393
starting sampling in reciprocal space....
finished sampling in reciprocal space....t= 0.5715253353118896  s
starting sampling in reciprocal space....
finished sampling in reciprocal space....t= 0.5680441856384277  s
starting dispersion ..........
time to diag over MBZ 3134.9155786037445
saving  ..........
number of bands in density of states calculation, 2
sum of the hist, normed? 8.000000000000101
CHEMICAL POTENTIAL AND FILLING 0.0 0.0
starting sampling in reciprocal space....
finished sampling in reciprocal space....t= 0.05141019821166992  s
starting sampling in reciprocal space....
finished sampling in reciprocal space....t= 0.05183553695678711  s
starting dispersion ..........
time to diag over MBZ 357.05765676498413
starting sampling in reciprocal space....
finished sampling in reciprocal space....t= 0.052608489990234375  s
(6433, 564, 2) (919, 564, 2) (6433,)
starting sampling in reciprocal space....
finished sampling in reciprocal space....t= 0.051941871643066406  s
(6433, 564, 2) (919, 564, 2) (6433,)
calculating tensor that stores the overlaps........
finsihed the overlaps.......... 15.087602853775024
calculating tensor that stores the overlaps........
finsihed the overlaps.......... 2.940117359161377
calculating tensor that stores the overlaps........
finsihed the overlaps.......... 17.71957802772522
calculating tensor that stores the overlaps........
finsihed the overlaps.......... 3.7978436946868896
testing symmetry of the form factors...
plus valley form factor passed the C3 symmetry test with average difference...  2.6337081323994028e-15
minus valley form factor passed the C3 symmetry test with average difference...  2.7148207235814672e-15
finished testing symmetry of the form factors...
starting bubble....... 919
time for bubble... 29.238807678222656
effective speed of sound down renormalization...$-\Delta c$ 4237.457794477879
residual of the fit... 0.06864145862219694
starting bubble....... 919
time for bubble... 29.462177515029907
effective speed of sound down renormalization...$-\Delta c$ 4269.236171074473
residual of the fit... 0.0011022077463896857
starting bubble....... 919
time for bubble... 29.45938229560852
effective speed of sound down renormalization...$-\Delta c$ 4225.595232716975
residual of the fit... 0.01847961278857087
starting bubble....... 919
time for bubble... 29.368184089660645
effective speed of sound down renormalization...$-\Delta c$ 4348.3806759206645
residual of the fit... 0.02763371458865011
starting bubble....... 919
time for bubble... 29.43941903114319
effective speed of sound down renormalization...$-\Delta c$ 4375.6542806462785
residual of the fit... 0.006367904243102606
starting bubble....... 919
time for bubble... 29.3906352519989
effective speed of sound down renormalization...$-\Delta c$ 4476.997516583982
residual of the fit... 0.0042874043840996695
starting bubble....... 919
time for bubble... 29.352567434310913
effective speed of sound down renormalization...$-\Delta c$ 4758.413963860668
residual of the fit... 0.007826179460576394
starting bubble....... 919
time for bubble... 29.376474380493164
effective speed of sound down renormalization...$-\Delta c$ 5040.445345010664
residual of the fit... 0.08336413060003948
starting bubble....... 919
time for bubble... 29.410819053649902
effective speed of sound down renormalization...$-\Delta c$ 5375.341978639666
residual of the fit... 0.08602722069387342
starting bubble....... 919
time for bubble... 29.342074871063232
effective speed of sound down renormalization...$-\Delta c$ 4408.565558427767
residual of the fit... 0.04733544692841357
starting bubble....... 919
time for bubble... 29.44891119003296
effective speed of sound down renormalization...$-\Delta c$ 3716.0376527605395
residual of the fit... 0.04143562791627492
starting bubble....... 919
time for bubble... 29.393269538879395
effective speed of sound down renormalization...$-\Delta c$ 3221.416304043515
residual of the fit... 0.051483498224643286
starting bubble....... 919
time for bubble... 29.412196397781372
effective speed of sound down renormalization...$-\Delta c$ 2971.908012950134
residual of the fit... 0.05038144892884048
starting bubble....... 919
time for bubble... 29.355680465698242
effective speed of sound down renormalization...$-\Delta c$ 2724.1110329930457
residual of the fit... 0.0402449963387101
starting bubble....... 919
time for bubble... 29.395418643951416
effective speed of sound down renormalization...$-\Delta c$ 2124.369740158032
residual of the fit... 0.021818329124973296
starting bubble....... 919
time for bubble... 29.475280284881592
effective speed of sound down renormalization...$-\Delta c$ 1703.9932700967477
residual of the fit... 0.08306976596771598
starting bubble....... 919
time for bubble... 29.393439531326294
effective speed of sound down renormalization...$-\Delta c$ 1289.3998227007296
residual of the fit... 0.12396915184920677
starting bubble....... 919
time for bubble... 29.401548862457275
effective speed of sound down renormalization...$-\Delta c$ 966.3530416122744
residual of the fit... 0.042276918311724636
starting bubble....... 919
time for bubble... 29.435630321502686
effective speed of sound down renormalization...$-\Delta c$ 623.3119512583477
residual of the fit... 0.3076775008111749
starting bubble....... 919
time for bubble... 29.76663112640381
effective speed of sound down renormalization...$-\Delta c$ 285.779742948352
residual of the fit... 0.07926192961801741
time for sweep delta 588.3580107688904
