starting sampling in reciprocal space....
finished sampling in reciprocal space....t= 0.05201840400695801  s
919 numer of sampling lattice points
taking 0 umklapps
hbvf is .. 2.7
q is... 0.08290332381738826
hvkd is... 0.2238389743069483
kappa is.. 0.3
alpha is.. 0.4690872102371881
the twist angle is .. 0.0197920337176157
phonon params 356481324703806.3
phonon params upsilon 4.456016558797579e+16
area ratio 0.0003917118114994384 0.00039171181149943865
correct factor by which the interaction is reduced 71.45484215558085
c tilde 1774.69348151934
starting sampling in reciprocal space....
finished sampling in reciprocal space....t= 0.5616180896759033  s
starting sampling in reciprocal space....
finished sampling in reciprocal space....t= 0.5584383010864258  s
starting dispersion ..........
time to diag over MBZ 2892.7213859558105
saving  ..........
number of bands in density of states calculation, 2
sum of the hist, normed? 7.999999999999955
CHEMICAL POTENTIAL AND FILLING 0.0 0.0
starting sampling in reciprocal space....
finished sampling in reciprocal space....t= 0.05246853828430176  s
starting sampling in reciprocal space....
finished sampling in reciprocal space....t= 0.0528566837310791  s
starting dispersion ..........
time to diag over MBZ 254.65386486053467
starting sampling in reciprocal space....
finished sampling in reciprocal space....t= 0.05152630805969238  s
(6433, 564, 2) (919, 564, 2) (6433,)
starting sampling in reciprocal space....
finished sampling in reciprocal space....t= 0.051615238189697266  s
(6433, 564, 2) (919, 564, 2) (6433,)
calculating tensor that stores the overlaps........
finsihed the overlaps.......... 15.585922002792358
calculating tensor that stores the overlaps........
finsihed the overlaps.......... 15.578333616256714
calculating tensor that stores the overlaps........
finsihed the overlaps.......... 15.26897644996643
calculating tensor that stores the overlaps........
finsihed the overlaps.......... 2.320870876312256
calculating tensor that stores the overlaps........
finsihed the overlaps.......... 14.590063095092773
calculating tensor that stores the overlaps........
finsihed the overlaps.......... 2.6181063652038574
testing symmetry of the form factors...
plus valley form factor passed the C3 symmetry test with average difference...  1.3563906340597502e-15
minus valley form factor passed the C3 symmetry test with average difference...  2.639780059772751e-15
finished testing symmetry of the form factors...
starting bubble....... 919
time for bubble... 29.424428939819336
effective speed of sound down renormalization...$-\Delta c$ 1146.3970568787888
residual of the fit... 0.0895935012571094
starting bubble....... 919
time for bubble... 29.562026023864746
effective speed of sound down renormalization...$-\Delta c$ 1150.9862222164945
residual of the fit... 0.04452855943576154
starting bubble....... 919
time for bubble... 29.824920415878296
effective speed of sound down renormalization...$-\Delta c$ 1168.9193190619721
residual of the fit... 0.017241330234785298
starting bubble....... 919
time for bubble... 29.875730752944946
effective speed of sound down renormalization...$-\Delta c$ 1131.662768148514
residual of the fit... 0.07345066471592525
starting bubble....... 919
time for bubble... 29.843200206756592
effective speed of sound down renormalization...$-\Delta c$ 1213.9324735380992
residual of the fit... 0.014730531242975247
starting bubble....... 919
time for bubble... 29.865447759628296
effective speed of sound down renormalization...$-\Delta c$ 1204.7050422731095
residual of the fit... 0.04445635677683605
starting bubble....... 919
time for bubble... 29.80876326560974
effective speed of sound down renormalization...$-\Delta c$ 1307.2887510203698
residual of the fit... 0.030495594631590565
starting bubble....... 919
time for bubble... 29.662122011184692
effective speed of sound down renormalization...$-\Delta c$ 1421.0752813673123
residual of the fit... 0.015014208245041061
starting bubble....... 919
time for bubble... 29.62245535850525
effective speed of sound down renormalization...$-\Delta c$ 1465.8081445029804
residual of the fit... 0.023749429171534123
starting bubble....... 919
time for bubble... 29.68255877494812
effective speed of sound down renormalization...$-\Delta c$ 1295.1846048196612
residual of the fit... 0.0821720123750754
starting bubble....... 919
time for bubble... 29.680060148239136
effective speed of sound down renormalization...$-\Delta c$ 1092.7497930564357
residual of the fit... 0.010154244430922481
starting bubble....... 919
time for bubble... 29.56084942817688
effective speed of sound down renormalization...$-\Delta c$ 948.8376509592457
residual of the fit... 0.01173850207930065
starting bubble....... 919
time for bubble... 29.65258550643921
effective speed of sound down renormalization...$-\Delta c$ 846.3748809614558
residual of the fit... 0.004991948241066654
starting bubble....... 919
time for bubble... 29.468327522277832
effective speed of sound down renormalization...$-\Delta c$ 725.803713030914
residual of the fit... 0.024665678449076692
starting bubble....... 919
time for bubble... 29.682212352752686
effective speed of sound down renormalization...$-\Delta c$ 609.9593600868998
residual of the fit... 0.017874924803951323
starting bubble....... 919
time for bubble... 29.55216407775879
effective speed of sound down renormalization...$-\Delta c$ 499.86448051500685
residual of the fit... 0.012376315092125513
starting bubble....... 919
time for bubble... 29.51183009147644
effective speed of sound down renormalization...$-\Delta c$ 401.7389198747103
residual of the fit... 0.012120028601394696
starting bubble....... 919
time for bubble... 29.55931782722473
effective speed of sound down renormalization...$-\Delta c$ 298.70501279880267
residual of the fit... 0.01053352889714956
starting bubble....... 919
time for bubble... 29.50702714920044
effective speed of sound down renormalization...$-\Delta c$ 202.14668741130174
residual of the fit... 0.0051808508639108524
starting bubble....... 919
time for bubble... 29.548040628433228
effective speed of sound down renormalization...$-\Delta c$ 85.03857243503532
residual of the fit... 0.08740146756940924
time for sweep delta 592.9346961975098
