starting sampling in reciprocal space....
finished sampling in reciprocal space....t= 0.051209449768066406  s
919 numer of sampling lattice points
taking 0 umklapps
hbvf is .. 2.3382685902179845
q is... 0.07968671534127658
hvkd is... 0.18632894354014862
kappa is.. 0.3
alpha is.. 0.5635195370351868
the twist angle is .. 0.01902408884673819
phonon params 304293527101770.4
phonon params upsilon 3.80366908877213e+16
area ratio 0.0003619050413169733 0.0003619050413169735
correct factor by which the interaction is reduced 74.33916547035814
c tilde 1705.836241154292
starting sampling in reciprocal space....
finished sampling in reciprocal space....t= 0.5592257976531982  s
starting sampling in reciprocal space....
finished sampling in reciprocal space....t= 0.5672256946563721  s
starting dispersion ..........
time to diag over MBZ 2919.0010573863983
saving  ..........
number of bands in density of states calculation, 2
sum of the hist, normed? 8.00000000000008
CHEMICAL POTENTIAL AND FILLING 0.0 0.0
starting sampling in reciprocal space....
finished sampling in reciprocal space....t= 0.051944732666015625  s
starting sampling in reciprocal space....
finished sampling in reciprocal space....t= 0.052437543869018555  s
starting dispersion ..........
time to diag over MBZ 254.8704390525818
starting sampling in reciprocal space....
finished sampling in reciprocal space....t= 0.05197286605834961  s
(6433, 564, 2) (919, 564, 2) (6433,)
starting sampling in reciprocal space....
finished sampling in reciprocal space....t= 0.05214715003967285  s
(6433, 564, 2) (919, 564, 2) (6433,)
calculating tensor that stores the overlaps........
finsihed the overlaps.......... 15.009551286697388
calculating tensor that stores the overlaps........
finsihed the overlaps.......... 2.490253448486328
calculating tensor that stores the overlaps........
finsihed the overlaps.......... 14.688121795654297
calculating tensor that stores the overlaps........
finsihed the overlaps.......... 1.916623592376709
testing symmetry of the form factors...
plus valley form factor passed the C3 symmetry test with average difference...  2.6632259233258715e-15
minus valley form factor passed the C3 symmetry test with average difference...  3.1596421965086754e-15
finished testing symmetry of the form factors...
starting bubble....... 919
time for bubble... 29.440352201461792
effective speed of sound down renormalization...$-\Delta c$ 3017.0911411179404
residual of the fit... 0.0676945771456536
starting bubble....... 919
time for bubble... 29.929131984710693
effective speed of sound down renormalization...$-\Delta c$ 3040.119310216882
residual of the fit... 0.0011247046714469595
starting bubble....... 919
time for bubble... 29.786678791046143
effective speed of sound down renormalization...$-\Delta c$ 3001.0571310573255
residual of the fit... 0.025227768804318942
starting bubble....... 919
time for bubble... 29.621930599212646
effective speed of sound down renormalization...$-\Delta c$ 3092.7892659801646
residual of the fit... 0.0292634782216512
starting bubble....... 919
time for bubble... 29.540128469467163
effective speed of sound down renormalization...$-\Delta c$ 3104.516442895534
residual of the fit... 0.0019353719613611723
starting bubble....... 919
time for bubble... 29.498836517333984
effective speed of sound down renormalization...$-\Delta c$ 3178.2975231527694
residual of the fit... 0.009083007191307963
starting bubble....... 919
time for bubble... 29.54436206817627
effective speed of sound down renormalization...$-\Delta c$ 3355.3313749808394
residual of the fit... 0.02175790713195023
starting bubble....... 919
time for bubble... 29.471991777420044
effective speed of sound down renormalization...$-\Delta c$ 3619.610658556854
residual of the fit... 0.055679661135567195
starting bubble....... 919
time for bubble... 29.404768466949463
effective speed of sound down renormalization...$-\Delta c$ 3754.5451931977714
residual of the fit... 0.02283357268352105
starting bubble....... 919
time for bubble... 29.44923162460327
effective speed of sound down renormalization...$-\Delta c$ 3209.3549740652643
residual of the fit... 0.0603509078003288
starting bubble....... 919
time for bubble... 29.549060583114624
effective speed of sound down renormalization...$-\Delta c$ 2610.1240582852042
residual of the fit... 0.04489031612732372
starting bubble....... 919
time for bubble... 29.59161877632141
effective speed of sound down renormalization...$-\Delta c$ 2337.9456842516174
residual of the fit... 0.05077145217954558
starting bubble....... 919
time for bubble... 29.569970846176147
effective speed of sound down renormalization...$-\Delta c$ 2167.761446691306
residual of the fit... 0.05555741991295529
starting bubble....... 919
time for bubble... 29.529467344284058
effective speed of sound down renormalization...$-\Delta c$ 1857.9925766797169
residual of the fit... 0.03671055311380805
starting bubble....... 919
time for bubble... 29.524524211883545
effective speed of sound down renormalization...$-\Delta c$ 1504.5964154918663
residual of the fit... 0.04435249605951158
starting bubble....... 919
time for bubble... 29.606614589691162
effective speed of sound down renormalization...$-\Delta c$ 1183.4972655326585
residual of the fit... 0.08626521256522614
starting bubble....... 919
time for bubble... 29.616843223571777
effective speed of sound down renormalization...$-\Delta c$ 954.2018624141349
residual of the fit... 0.03166150441002113
starting bubble....... 919
time for bubble... 29.567771434783936
effective speed of sound down renormalization...$-\Delta c$ 743.9891403488758
residual of the fit... 0.06623707889267075
starting bubble....... 919
time for bubble... 30.022553205490112
effective speed of sound down renormalization...$-\Delta c$ 444.79239761951027
residual of the fit... 0.30568990942991403
starting bubble....... 919
time for bubble... 29.574658393859863
effective speed of sound down renormalization...$-\Delta c$ 211.112066985889
residual of the fit... 0.08407501565908053
time for sweep delta 591.8819177150726
