starting sampling in reciprocal space....
finished sampling in reciprocal space....t= 0.00801849365234375  s
91 numer of sampling lattice points
taking 0 umklapps
hbvf is .. 2.3382685902179845
q is... 0.06725880373283684
hvkd is... 0.15726914818412852
kappa is.. 0.3
alpha is.. 0.6676452515471596
the twist angle is .. 0.016057029118347832
starting sampling in reciprocal space....
finished sampling in reciprocal space....t= 0.004267215728759766  s
starting sampling in reciprocal space....
finished sampling in reciprocal space....t= 0.004125118255615234  s
starting dispersion ..........
time to diag over MBZ 8.53388500213623
number of bands in density of states calculation, 2
sum of the hist, normed? 8.0
CHEMICAL POTENTIAL AND FILLING 0.0 0.0
starting sampling in reciprocal space....
finished sampling in reciprocal space....t= 0.004056692123413086  s
(1680,)
the bandwidth is ... 0.03145758337276082
154.46user 3.86system 0:20.90elapsed 757%CPU (0avgtext+0avgdata 1374392maxresident)k
0inputs+224outputs (0major+2447448minor)pagefaults 0swaps
