starting sampling in reciprocal space....
finished sampling in reciprocal space....t= 0.06569242477416992  s
1261 numer of sampling lattice points
taking $0 umklapps
hbvf is .. 2.1354
q is... 0.07983292507592546
hvkd is... 0.17047522820713124
kappa is.. 0.8174358974358973
alpha is.. 0.5719306026183189
the twist angle is .. 0.01905899543177808
phonon params... 214098340523.3649
starting sampling in reciprocal space....
finished sampling in reciprocal space....t= 0.036455631256103516  s
starting dispersion ..........
time to diag over MBZ 109.84314250946045
starting sampling in reciprocal space....
finished sampling in reciprocal space....t= 0.0363621711730957  s
(8827, 564, 2) (1261, 564, 2) (8827,)
starting sampling in reciprocal space....
finished sampling in reciprocal space....t= 0.03682351112365723  s
(8827, 564, 2) (1261, 564, 2) (8827,)
calculating tensor that stores the overlaps........
finsihed the overlaps.......... 7.668588161468506
calculating tensor that stores the overlaps........
finsihed the overlaps.......... 6.836926221847534
calculating tensor that stores the overlaps........
finsihed the overlaps.......... 8.013697385787964
calculating tensor that stores the overlaps........
finsihed the overlaps.......... 3.152747631072998
calculating tensor that stores the overlaps........
finsihed the overlaps.......... 7.3340795040130615
calculating tensor that stores the overlaps........
finsihed the overlaps.......... 3.008429527282715
testing symmetry of the form factors...
finished testing symmetry of the form factors...
starting bubble....... 1261
time for bubble... 62.15334439277649
the filling is ..  0.0
7.634601422104267e-11
[ 6.70889237e+17  6.23624340e+15 -9.00701831e+14  6.60888775e+19
  4.83162827e+16  6.61095427e+19] 0.0930515828324693 41126.10340947074 2.6653550356787796e-06
parameters of the fit... 41126.10340947074
residual of the fit... 0.0930515828324693
saving data from the run ...
starting bubble....... 1261
time for bubble... 61.66647934913635
the filling is ..  6.25e-05
7.634601422104267e-11
[ 8.06786943e+17 -5.31407232e+05  1.32238721e+05  6.14693815e+19
 -9.87636779e+06  6.14693815e+19] 0.09198789395495091 39680.97678962502 2.6500771800173003e-06
parameters of the fit... 39680.97678962502
residual of the fit... 0.09198789395495091
saving data from the run ...
starting bubble....... 1261
time for bubble... 60.122302293777466
the filling is ..  0.0001
7.634601422104267e-11
[ 6.83241651e+17  2.15204605e+05  7.28924970e+04  6.85139667e+19
 -8.01824823e+06  6.85139667e+19] 0.08762617248231556 41860.28215060042 2.586485841923439e-06
parameters of the fit... 41860.28215060042
residual of the fit... 0.08762617248231556
saving data from the run ...
starting bubble....... 1261
time for bubble... 60.02937889099121
the filling is ..  0.0001266
7.634601422104267e-11
[ 6.86543501e+17 -6.28480129e+04 -2.04266988e+04  6.90310097e+19
 -1.02970546e+07  6.90310097e+19] 0.08649785671612908 42017.654548610844 2.5697794844965397e-06
parameters of the fit... 42017.654548610844
residual of the fit... 0.08649785671612908
saving data from the run ...
starting bubble....... 1261
time for bubble... 59.95671224594116
the filling is ..  0.0001429
7.634601422104267e-11
[ 6.80817614e+17 -1.77689609e+06  7.67564339e+05  7.30257739e+19
  9.54869595e+07  7.30257739e+19] 0.06987405078103387 43209.627136010065 2.309676443706059e-06
parameters of the fit... 43209.627136010065
residual of the fit... 0.06987405078103387
saving data from the run ...
starting bubble....... 1261
time for bubble... 59.64487814903259
the filling is ..  0.00015079999999999998
7.634601422104267e-11
[ 6.67684108e+17  8.91634604e+04 -4.44912773e+03  7.15034401e+19
 -9.90585253e+06  7.15034401e+19] 0.08187234104948492 42757.0273430066 2.5001253796707936e-06
parameters of the fit... 42757.0273430066
residual of the fit... 0.08187234104948492
saving data from the run ...
starting bubble....... 1261
time for bubble... 59.692447662353516
the filling is ..  0.0001587
7.634601422104267e-11
[ 6.67684108e+17  8.91634604e+04 -4.44912773e+03  7.15034401e+19
 -9.90585253e+06  7.15034401e+19] 0.08187234104948492 42757.0273430066 2.5001253796707936e-06
parameters of the fit... 42757.0273430066
residual of the fit... 0.08187234104948492
saving data from the run ...
starting bubble....... 1261
time for bubble... 58.08618497848511
the filling is ..  0.0001666
7.634601422104267e-11
[ 6.67684108e+17  8.91634604e+04 -4.64757734e+03  7.15034401e+19
 -9.90585253e+06  7.15034401e+19] 0.0818723410494849 42757.0273430066 2.5001253796707936e-06
parameters of the fit... 42757.0273430066
residual of the fit... 0.0818723410494849
saving data from the run ...
starting bubble....... 1261
time for bubble... 59.60087442398071
the filling is ..  0.00017460000000000002
7.634601422104267e-11
[ 1.42544701e+18 -8.26110423e+04 -7.42751313e+04  8.69127773e+19
 -2.47057841e+08  8.69127773e+19] 0.12551329170876607 47222.373700151446 3.095551575039145e-06
parameters of the fit... 47222.373700151446
residual of the fit... 0.12551329170876607
saving data from the run ...
starting bubble....... 1261
time for bubble... 56.847018241882324
the filling is ..  0.00018429999999999998
7.634601422104267e-11
[ 1.48795008e+18  9.82221597e+03 -7.81668223e+04  1.14272151e+20
 -1.78468112e+08  1.14272151e+20] 0.1220067634120769 54101.82621198757 3.0520042749841966e-06
parameters of the fit... 54101.82621198757
residual of the fit... 0.1220067634120769
saving data from the run ...
starting bubble....... 1261
time for bubble... 58.519582986831665
the filling is ..  0.0001945
7.634601422104267e-11
[ 1.47326220e+18  5.38983583e+04 -1.37579857e+05  1.13307336e+20
 -6.40970259e+07  1.13307336e+20] 0.12713291383431513 53872.69655900116 3.11546003786876e-06
parameters of the fit... 53872.69655900116
residual of the fit... 0.12713291383431513
saving data from the run ...
starting bubble....... 1261
time for bubble... 57.37254214286804
the filling is ..  0.0002075
7.634601422104267e-11
[ 1.45959411e+18  3.26263489e+05 -1.40890268e+05  1.50942857e+20
  7.45440283e+08  1.50942857e+20] 0.13940984722786576 62127.832208109365 3.262420294660396e-06
parameters of the fit... 62127.832208109365
residual of the fit... 0.13940984722786576
saving data from the run ...
starting bubble....... 1261
time for bubble... 58.67828011512756
the filling is ..  0.0002222
7.634601422104267e-11
[ 8.66048244e+17 -4.27310349e+04 -8.23485928e+04  1.46313524e+20
 -1.47210937e+08  1.46313524e+20] 0.06546229555509007 61110.593889881464 2.235572711273558e-06
parameters of the fit... 61110.593889881464
residual of the fit... 0.06546229555509007
saving data from the run ...
starting bubble....... 1261
time for bubble... 58.41519784927368
the filling is ..  0.0002524
7.634601422104267e-11
[ 8.00454386e+17  2.26972443e+04 -1.55304911e+05  9.65696038e+19
 -2.31577871e+07  9.65696038e+19] 0.10280759160682877 49676.48704059836 2.801597731803425e-06
parameters of the fit... 49676.48704059836
residual of the fit... 0.10280759160682877
saving data from the run ...
starting bubble....... 1261
time for bubble... 60.51369667053223
the filling is ..  0.000289
7.634601422104267e-11
[ 7.34369356e+17  1.36923746e+05 -2.83062643e+05  7.34508869e+19
 -1.91389437e+08  7.34508869e+19] 0.09903741680635464 43342.494695939735 2.749747630585993e-06
parameters of the fit... 43342.494695939735
residual of the fit... 0.09903741680635464
saving data from the run ...
starting bubble....... 1261
time for bubble... 60.541059732437134
the filling is ..  0.0003171
7.634601422104267e-11
[ 5.50404813e+17 -4.40170617e+04 -2.65226315e+03  6.04506292e+19
  3.92497873e+07  6.04506292e+19] 0.08728699547132823 39311.47078405654 2.5814751979374337e-06
parameters of the fit... 39311.47078405654
residual of the fit... 0.08728699547132823
saving data from the run ...
starting bubble....... 1261
time for bubble... 62.17872095108032
the filling is ..  0.00034920000000000003
7.634601422104267e-11
[ 5.49038091e+17 -2.27573857e+04  1.18820931e+04  4.82002225e+19
  1.42707410e+07  4.82002225e+19] 0.10741823855103547 35122.89523910588 2.8637308476909468e-06
parameters of the fit... 35122.89523910588
residual of the fit... 0.10741823855103547
saving data from the run ...
starting bubble....... 1261
time for bubble... 61.522278785705566
the filling is ..  0.00040889999999999996
7.634601422104267e-11
[ 3.80874263e+17  3.13799676e+04  4.47437920e+04  3.98803403e+19
 -2.27774613e+07  3.98803403e+19] 0.09916785641803633 31933.49411851936 2.7515578453599186e-06
parameters of the fit... 31933.49411851936
residual of the fit... 0.09916785641803633
saving data from the run ...
starting bubble....... 1261
time for bubble... 71.8107841014862
the filling is ..  0.000483
7.634601422104267e-11
[ 2.62057004e+17  3.39719742e+04 -1.28460281e+04  2.52883196e+19
 -3.94330301e+06  2.52883196e+19] 0.09082833396238968 25434.005521179264 2.633321339367115e-06
parameters of the fit... 25434.005521179264
residual of the fit... 0.09082833396238968
saving data from the run ...
starting bubble....... 1261
time for bubble... 66.5917317867279
the filling is ..  0.0005454
7.634601422104267e-11
[ 1.77154087e+17  3.04932655e+05 -7.43596525e+05  1.56309589e+19
 -1.76897593e+07  1.56309589e+19] 0.07911008531691636 20001.03258794264 2.4575881873562943e-06
parameters of the fit... 20001.03258794264
residual of the fit... 0.07911008531691636
saving data from the run ...
starting bubble....... 1261
time for bubble... 65.03821110725403
the filling is ..  0.000619
7.634601422104267e-11
Bubble.py:640: RuntimeWarning: invalid value encountered in sqrt
  print(popt, res/nn, np.sqrt(np.mean(popt)*scaling_fac),np.sqrt(res*scaling_fac/nn))
[ 2.79876410e+16  3.08914078e+02 -3.75105276e+02 -2.00181554e+16
 -9.24196289e+05 -2.00181554e+16] 0.231413657979017 nan 4.203273774453615e-06
Bubble.py:641: RuntimeWarning: invalid value encountered in sqrt
  return popt, res/nn, np.sqrt(np.mean(popt)*scaling_fac),np.sqrt(res*scaling_fac/nn)
parameters of the fit... nan
residual of the fit... 0.231413657979017
saving data from the run ...
starting bubble....... 1261
time for bubble... 62.36150574684143
the filling is ..  0.0006860000000000001
7.634601422104267e-11
[ 4.27217057e+14  3.89094412e+00 -2.45473716e+00  1.77802723e+16
  7.78496291e+03  1.77802723e+16] 0.4967845229077036 676.6981318026974 6.158532150659395e-06
parameters of the fit... 676.6981318026974
residual of the fit... 0.4967845229077036
saving data from the run ...
starting bubble....... 1261
time for bubble... 60.588618993759155
the filling is ..  0.0007619
7.634601422104267e-11
Bubble.py:640: RuntimeWarning: invalid value encountered in double_scalars
  print(popt, res/nn, np.sqrt(np.mean(popt)*scaling_fac),np.sqrt(res*scaling_fac/nn))
[0. 0. 0. 0. 0. 0.] nan 0.0 nan
Bubble.py:641: RuntimeWarning: invalid value encountered in double_scalars
  return popt, res/nn, np.sqrt(np.mean(popt)*scaling_fac),np.sqrt(res*scaling_fac/nn)
parameters of the fit... 0.0
residual of the fit... nan
saving data from the run ...
starting bubble....... 1261
time for bubble... 58.03929901123047
the filling is ..  0.0008663999999999999
7.634601422104267e-11
Bubble.py:640: RuntimeWarning: invalid value encountered in double_scalars
  print(popt, res/nn, np.sqrt(np.mean(popt)*scaling_fac),np.sqrt(res*scaling_fac/nn))
[0. 0. 0. 0. 0. 0.] nan 0.0 nan
Bubble.py:641: RuntimeWarning: invalid value encountered in double_scalars
  return popt, res/nn, np.sqrt(np.mean(popt)*scaling_fac),np.sqrt(res*scaling_fac/nn)
parameters of the fit... 0.0
residual of the fit... nan
saving data from the run ...
starting bubble....... 1261
time for bubble... 58.560755014419556
the filling is ..  0.001
7.634601422104267e-11
Bubble.py:640: RuntimeWarning: invalid value encountered in double_scalars
  print(popt, res/nn, np.sqrt(np.mean(popt)*scaling_fac),np.sqrt(res*scaling_fac/nn))
[0. 0. 0. 0. 0. 0.] nan 0.0 nan
Bubble.py:641: RuntimeWarning: invalid value encountered in double_scalars
  return popt, res/nn, np.sqrt(np.mean(popt)*scaling_fac),np.sqrt(res*scaling_fac/nn)
parameters of the fit... 0.0
residual of the fit... nan
saving data from the run ...
starting bubble....... 1261
time for bubble... 58.44357872009277
the filling is ..  0.0011642
7.634601422104267e-11
Bubble.py:640: RuntimeWarning: invalid value encountered in double_scalars
  print(popt, res/nn, np.sqrt(np.mean(popt)*scaling_fac),np.sqrt(res*scaling_fac/nn))
[0. 0. 0. 0. 0. 0.] nan 0.0 nan
Bubble.py:641: RuntimeWarning: invalid value encountered in double_scalars
  return popt, res/nn, np.sqrt(np.mean(popt)*scaling_fac),np.sqrt(res*scaling_fac/nn)
parameters of the fit... 0.0
residual of the fit... nan
saving data from the run ...
starting bubble....... 1261
time for bubble... 58.086817502975464
the filling is ..  0.0014127
7.634601422104267e-11
Bubble.py:640: RuntimeWarning: invalid value encountered in double_scalars
  print(popt, res/nn, np.sqrt(np.mean(popt)*scaling_fac),np.sqrt(res*scaling_fac/nn))
[0. 0. 0. 0. 0. 0.] nan 0.0 nan
Bubble.py:641: RuntimeWarning: invalid value encountered in double_scalars
  return popt, res/nn, np.sqrt(np.mean(popt)*scaling_fac),np.sqrt(res*scaling_fac/nn)
parameters of the fit... 0.0
residual of the fit... nan
saving data from the run ...
time for sweep ieps 2062.008188724518
starting bubble....... 1261
time for bubble... 59.404417276382446
the filling is ..  0.0
7.634601422104267e-11
[ 6.74500863e+17  6.23610863e+15 -9.01340592e+14  6.61302238e+19
  4.83218391e+16  6.61508885e+19] 0.09305004929736028 41139.45309592841 2.665333072417965e-06
parameters of the fit... 41139.45309592841
residual of the fit... 0.09305004929736028
saving data from the run ...
starting bubble....... 1261
time for bubble... 57.168964862823486
the filling is ..  6.25e-05
7.634601422104267e-11
[ 7.26164528e+17 -6.02056581e+05 -5.92043293e+05  6.51074026e+19
 -6.60983951e+06  6.51074026e+19] 0.0889121281915866 40818.339712372566 2.6053956711674408e-06
parameters of the fit... 40818.339712372566
residual of the fit... 0.0889121281915866
saving data from the run ...
starting bubble....... 1261
time for bubble... 58.26152276992798
the filling is ..  0.0001
7.634601422104267e-11
[ 7.07716678e+17 -1.59085417e+06 -2.31161321e+06  6.91044296e+19
 -1.94122830e+07  6.91044296e+19] 0.08176546680193093 42043.08677068189 2.4984930440668454e-06
parameters of the fit... 42043.08677068189
residual of the fit... 0.08176546680193093
saving data from the run ...
starting bubble....... 1261
time for bubble... 57.11102294921875
the filling is ..  0.0001266
7.634601422104267e-11
[ 7.04246549e+17 -2.02685267e+05 -4.57135527e+05  6.97956312e+19
 -1.14804398e+07  6.97956312e+19] 0.08424475152828169 42251.238472035824 2.5360897062656125e-06
parameters of the fit... 42251.238472035824
residual of the fit... 0.08424475152828169
saving data from the run ...
starting bubble....... 1261
time for bubble... 57.664639949798584
the filling is ..  0.0001429
7.634601422104267e-11
[7.10968652e+17 2.75468140e+06 2.75508168e+06 7.35974850e+19
 2.74061715e+07 7.35974850e+19] 0.0729333016693169 43382.079435451975 2.3596963547103393e-06
parameters of the fit... 43382.079435451975
residual of the fit... 0.0729333016693169
saving data from the run ...
starting bubble....... 1261
time for bubble... 58.42304229736328
the filling is ..  0.00015079999999999998
7.634601422104267e-11
[ 7.17634414e+17 -8.92167377e+04  1.38164363e+06  7.27604811e+19
 -1.62336334e+07  7.27604811e+19] 0.07786823147097663 43136.86354857565 2.4382225302975576e-06
parameters of the fit... 43136.86354857565
residual of the fit... 0.07786823147097663
saving data from the run ...
starting bubble....... 1261
time for bubble... 59.10469079017639
the filling is ..  0.0001587
7.634601422104267e-11
[ 7.45899771e+17  1.94579234e+05 -4.22559284e+05  7.26099411e+19
  9.57668743e+06  7.26099411e+19] 0.08504562396521499 43096.60789440371 2.548115856213322e-06
parameters of the fit... 43096.60789440371
residual of the fit... 0.08504562396521499
saving data from the run ...
starting bubble....... 1261
time for bubble... 60.69082450866699
the filling is ..  0.0001666
7.634601422104267e-11
[ 8.94957223e+17  1.61612499e+06 -1.55333534e+06  7.31552721e+19
  1.15380482e+08  7.31552721e+19] 0.10116939702256636 43279.23540933581 2.7791869717273725e-06
parameters of the fit... 43279.23540933581
residual of the fit... 0.10116939702256636
saving data from the run ...
starting bubble....... 1261
time for bubble... 61.013928174972534
the filling is ..  0.00017460000000000002
7.634601422104267e-11
[ 1.20217864e+18  5.22598460e+06 -1.26594738e+07  8.95070637e+19
 -1.79212064e+08  8.95070637e+19] 0.11062906463163284 47886.66596270854 2.906215432762563e-06
parameters of the fit... 47886.66596270854
residual of the fit... 0.11062906463163284
saving data from the run ...
starting bubble....... 1261
time for bubble... 61.21547031402588
the filling is ..  0.00018429999999999998
7.634601422104267e-11
[ 1.42868697e+18 -3.76147178e+06  1.43141406e+06  1.09230805e+20
 -1.97158446e+08  1.09230805e+20] 0.10545629538377317 52895.72731019406 2.8374579868375184e-06
parameters of the fit... 52895.72731019406
residual of the fit... 0.10545629538377317
saving data from the run ...
starting bubble....... 1261
time for bubble... 60.935922384262085
the filling is ..  0.0001945
7.634601422104267e-11
[1.50884850e+18 1.44378837e+06 2.47359587e+06 1.17490329e+20
 1.92705512e+07 1.17490329e+20] 0.10189819670527188 54855.9191304595 2.789179301292638e-06
parameters of the fit... 54855.9191304595
residual of the fit... 0.10189819670527188
saving data from the run ...
starting bubble....... 1261
time for bubble... 63.87624406814575
the filling is ..  0.0002075
7.634601422104267e-11
[ 1.61672941e+18 -2.81394009e+06  7.77768932e+06  1.35718045e+20
  2.82498524e+08  1.35718045e+20] 0.09636917553337543 58944.17476053728 2.7124532154013713e-06
parameters of the fit... 58944.17476053728
residual of the fit... 0.09636917553337543
saving data from the run ...
starting bubble....... 1261
time for bubble... 62.19505000114441
the filling is ..  0.0002222
7.634601422104267e-11
[ 1.18793230e+18 -2.95211942e+06 -6.41381854e+06  1.30289461e+20
  1.39519232e+08  1.30289461e+20] 0.09318302996022876 57713.16430729003 2.6672369468240856e-06
parameters of the fit... 57713.16430729003
residual of the fit... 0.09318302996022876
saving data from the run ...
starting bubble....... 1261
time for bubble... 62.55063724517822
the filling is ..  0.0002524
7.634601422104267e-11
[ 8.07913616e+17  2.76349144e+05 -1.15128565e+06  9.85057840e+19
 -1.86490306e+07  9.85057840e+19] 0.1021071463347011 50170.92279045201 2.7920375438269405e-06
parameters of the fit... 50170.92279045201
residual of the fit... 0.1021071463347011
saving data from the run ...
starting bubble....... 1261
time for bubble... 62.227965116500854
the filling is ..  0.000289
7.634601422104267e-11
[ 7.17812666e+17  3.40375410e+04 -1.84351084e+06  7.20380242e+19
 -3.69874878e+07  7.20380242e+19] 0.09662211634075757 42923.25355232792 2.7160105795483783e-06
parameters of the fit... 42923.25355232792
residual of the fit... 0.09662211634075757
saving data from the run ...
starting bubble....... 1261
time for bubble... 62.326858043670654
the filling is ..  0.0003171
7.634601422104267e-11
[ 5.22269153e+17 -1.47192032e+06 -1.65157172e+06  6.49536675e+19
  1.51552356e+08  6.49536675e+19] 0.06647733485827298 40738.55751414684 2.2528381105766844e-06
parameters of the fit... 40738.55751414684
residual of the fit... 0.06647733485827298
saving data from the run ...
starting bubble....... 1261
time for bubble... 62.15500092506409
the filling is ..  0.00034920000000000003
7.634601422104267e-11
[ 5.18406960e+17 -6.37133915e+05 -2.08895981e+06  5.07068878e+19
  2.05888014e+07  5.07068878e+19] 0.09738687012574801 36014.15430201772 2.726737862641584e-06
parameters of the fit... 36014.15430201772
residual of the fit... 0.09738687012574801
saving data from the run ...
starting bubble....... 1261
time for bubble... 63.328625440597534
the filling is ..  0.00040889999999999996
7.634601422104267e-11
[ 3.89033957e+17 -7.16323666e+05 -8.91027665e+05  3.91653508e+19
  1.20879261e+06  3.91653508e+19] 0.08325609549543173 31648.954820981242 2.5211646218925724e-06
parameters of the fit... 31648.954820981242
residual of the fit... 0.08325609549543173
saving data from the run ...
starting bubble....... 1261
time for bubble... 58.93638253211975
the filling is ..  0.000483
7.634601422104267e-11
[ 2.54499662e+17  9.64387297e+05 -2.69405683e+05  2.66412853e+19
  1.32236104e+07  2.66412853e+19] 0.0803234821508383 26100.261583766136 2.4763638082017693e-06
parameters of the fit... 26100.261583766136
residual of the fit... 0.0803234821508383
saving data from the run ...
starting bubble....... 1261
time for bubble... 59.53704881668091
the filling is ..  0.0005454
7.634601422104267e-11
[ 1.69241336e+17  1.26587425e+05 -1.61506600e+06  1.64776089e+19
 -2.80838055e+07  1.64776089e+19] 0.08087665195311615 20530.142172883294 2.484876258521322e-06
parameters of the fit... 20530.142172883294
residual of the fit... 0.08087665195311615
saving data from the run ...
starting bubble....... 1261
time for bubble... 59.0292227268219
the filling is ..  0.000619
7.634601422104267e-11
Bubble.py:640: RuntimeWarning: invalid value encountered in sqrt
  print(popt, res/nn, np.sqrt(np.mean(popt)*scaling_fac),np.sqrt(res*scaling_fac/nn))
[ 3.71166251e+16 -3.72306663e+05  8.30311544e+04 -5.37847826e+16
  2.36636239e+06 -5.37847826e+16] 0.22746437063757993 nan 4.1672530611275816e-06
Bubble.py:641: RuntimeWarning: invalid value encountered in sqrt
  return popt, res/nn, np.sqrt(np.mean(popt)*scaling_fac),np.sqrt(res*scaling_fac/nn)
parameters of the fit... nan
residual of the fit... 0.22746437063757993
saving data from the run ...
starting bubble....... 1261
time for bubble... 60.311821937561035
the filling is ..  0.0006860000000000001
7.634601422104267e-11
[ 1.32816439e+15 -4.49163331e+03 -1.25707727e+03  2.09836145e+16
  2.39803092e+04  2.09836145e+16] 0.24549680088792214 742.2298298313066 4.329284265535099e-06
parameters of the fit... 742.2298298313066
residual of the fit... 0.24549680088792214
saving data from the run ...
starting bubble....... 1261
time for bubble... 57.79288625717163
the filling is ..  0.0007619
7.634601422104267e-11
[ 3.98540949e+14 -1.88866692e+02  1.57665871e+02  6.68321611e+15
  1.76883326e+03  6.68321611e+15] 0.1797516598261353 418.50942582620337 3.7045003411178343e-06
parameters of the fit... 418.50942582620337
residual of the fit... 0.1797516598261353
saving data from the run ...
starting bubble....... 1261
time for bubble... 59.7262818813324
the filling is ..  0.0008663999999999999
7.634601422104267e-11
[ 2.34139072e+14 -5.78570158e+01  6.30698026e+01  5.19236150e+15
  3.04854184e+02  5.19236150e+15] 0.19257939051946768 367.58395765154796 3.834405936684196e-06
parameters of the fit... 367.58395765154796
residual of the fit... 0.19257939051946768
saving data from the run ...
starting bubble....... 1261
time for bubble... 57.986948013305664
the filling is ..  0.001
7.634601422104267e-11
[ 1.50441489e+14 -2.23287142e+01  3.01777960e+01  3.75650152e+15
 -1.22672474e+01  3.75650152e+15] 0.1994208711053949 312.2695002814875 3.901921150072768e-06
parameters of the fit... 312.2695002814875
residual of the fit... 0.1994208711053949
saving data from the run ...
starting bubble....... 1261
time for bubble... 57.87714624404907
the filling is ..  0.0011642
7.634601422104267e-11
[ 1.00860882e+14 -9.51723293e+00  1.60754704e+01  2.67293527e+15
 -8.51816884e+01  2.67293527e+15] 0.2029383886106873 263.260401855853 3.936183062672139e-06
parameters of the fit... 263.260401855853
residual of the fit... 0.2029383886106873
saving data from the run ...
starting bubble....... 1261
time for bubble... 58.7320659160614
the filling is ..  0.0014127
7.634601422104267e-11
[ 6.36594758e+13 -3.46765589e+00  7.92251992e+00  1.75318152e+15
 -8.76358043e+01  1.75318152e+15] 0.20514347909980324 213.13414778102054 3.9575101986865115e-06
parameters of the fit... 213.13414778102054
residual of the fit... 0.20514347909980324
saving data from the run ...
time for sweep delta 2011.7600281238556
8988.11user 4939.38system 1:11:12elapsed 325%CPU (0avgtext+0avgdata 101005868maxresident)k
0inputs+7064outputs (173major+2566298086minor)pagefaults 0swaps
starting sampling in reciprocal space....
finished sampling in reciprocal space....t= 0.03979086875915527  s
1261 numer of sampling lattice points
taking $0 umklapps
hbvf is .. 2.1354
q is... 0.07983292507592546
hvkd is... 0.17047522820713124
kappa is.. 0.8174358974358973
alpha is.. 0.5719306026183189
the twist angle is .. 0.01905899543177808
phonon params... 214098340523.3649
starting sampling in reciprocal space....
finished sampling in reciprocal space....t= 0.06267309188842773  s
starting dispersion ..........
time to diag over MBZ 100.96760606765747
starting sampling in reciprocal space....
finished sampling in reciprocal space....t= 0.036217451095581055  s
(8827, 564, 2) (1261, 564, 2) (8827,)
starting sampling in reciprocal space....
finished sampling in reciprocal space....t= 0.03818631172180176  s
(8827, 564, 2) (1261, 564, 2) (8827,)
calculating tensor that stores the overlaps........
finsihed the overlaps.......... 7.489898443222046
calculating tensor that stores the overlaps........
finsihed the overlaps.......... 3.085157871246338
calculating tensor that stores the overlaps........
finsihed the overlaps.......... 6.974247217178345
calculating tensor that stores the overlaps........
finsihed the overlaps.......... 3.0541250705718994
testing symmetry of the form factors...
finished testing symmetry of the form factors...
starting bubble....... 1261
starting bubble....... 1261
time for bubble... 59.90669560432434
the filling is ..  0.0
7.634601422104267e-11
[ 7.73870177e+17 -3.81706005e+15 -1.08618730e+15  5.65655515e+19
  1.01709354e+16  5.65722792e+19] 0.12564344144599038 38072.53274044586 3.0971561096296586e-06
parameters of the fit... 38072.53274044586
residual of the fit... 0.12564344144599038
saving data from the run ...
starting bubble....... 1261
time for bubble... 61.42385244369507
the filling is ..  6.25e-05
7.634601422104267e-11
[ 7.71932023e+17  7.20153705e+04  5.28320152e+04  5.79947467e+19
 -1.88592487e+06  5.79947467e+19] 0.1225271801025423 38544.92931015788 3.0585064712328056e-06
parameters of the fit... 38544.92931015788
residual of the fit... 0.1225271801025423
saving data from the run ...
starting bubble....... 1261
time for bubble... 61.0711727142334
the filling is ..  0.0001
7.634601422104267e-11
[ 7.80017859e+17  1.83427912e+05  1.39974188e+05  6.01167057e+19
 -6.46308754e+06  6.01167057e+19] 0.1207610448922238 39240.48291253378 3.0363834492187728e-06
parameters of the fit... 39240.48291253378
residual of the fit... 0.1207610448922238
saving data from the run ...
starting bubble....... 1261
time for bubble... 61.98344278335571
the filling is ..  0.0001266
7.634601422104267e-11
[ 7.26970311e+17 -6.96563857e+04 -2.11397637e+04  6.55899314e+19
 -1.60087266e+07  6.55899314e+19] 0.1042205205643712 40968.60780485264 2.8207838175110038e-06
parameters of the fit... 40968.60780485264
residual of the fit... 0.1042205205643712
saving data from the run ...
starting bubble....... 1261
time for bubble... 61.31250500679016
the filling is ..  0.0001429
7.634601422104267e-11
[ 7.61353127e+17 -2.86362778e+05 -2.51703427e+05  6.89748051e+19
  1.39087744e+08  6.89748051e+19] 0.08903430683095245 42011.96095758494 2.607185159415528e-06
parameters of the fit... 42011.96095758494
residual of the fit... 0.08903430683095245
saving data from the run ...
starting bubble....... 1261
time for bubble... 61.336803674697876
the filling is ..  0.00015079999999999998
7.634601422104267e-11
[ 7.22402746e+17  1.78206454e+05 -3.92817256e+04  6.70618343e+19
 -7.80756823e+05  6.70618343e+19] 0.09917065108823189 41422.538321269414 2.7515966162016214e-06
parameters of the fit... 41422.538321269414
residual of the fit... 0.09917065108823189
saving data from the run ...
starting bubble....... 1261
time for bubble... 61.45991635322571
the filling is ..  0.0001587
7.634601422104267e-11
[ 7.22402746e+17  1.78404904e+05 -3.92817256e+04  6.70618343e+19
 -7.80756823e+05  6.70618343e+19] 0.09917065108823189 41422.538321269414 2.7515966162016214e-06
parameters of the fit... 41422.538321269414
residual of the fit... 0.09917065108823189
saving data from the run ...
starting bubble....... 1261
time for bubble... 61.724631547927856
the filling is ..  0.0001666
7.634601422104267e-11
[ 7.22402746e+17  1.78801803e+05 -3.94801752e+04  6.70618343e+19
 -7.80756823e+05  6.70618343e+19] 0.09917065108823189 41422.53832126941 2.7515966162016214e-06
parameters of the fit... 41422.53832126941
residual of the fit... 0.09917065108823189
saving data from the run ...
starting bubble....... 1261
time for bubble... 60.86711263656616
the filling is ..  0.00017460000000000002
7.634601422104267e-11
[ 1.32028577e+18 -1.50935404e+05 -8.40692211e+04  8.21831740e+19
  8.06703483e+08  8.21831740e+19] 0.1125413468653149 45915.70919464267 2.9312255573794774e-06
parameters of the fit... 45915.70919464267
residual of the fit... 0.1125413468653149
saving data from the run ...
starting bubble....... 1261
time for bubble... 60.8601279258728
the filling is ..  0.00018429999999999998
7.634601422104267e-11
[ 1.56510464e+18  2.03960710e+04 -4.95528736e+04  9.19717973e+19
 -5.19273358e+08  9.19717973e+19] 0.17719895592459858 48584.71946324221 3.6781019573923336e-06
parameters of the fit... 48584.71946324221
residual of the fit... 0.17719895592459858
saving data from the run ...
starting bubble....... 1261
time for bubble... 60.340760707855225
the filling is ..  0.0001945
7.634601422104267e-11
[ 1.76688018e+18  2.67379060e+05 -2.25289113e+05  9.68258547e+19
 -2.58197011e+08  9.68258547e+19] 0.1817587406992402 49865.53656971728 3.725124884111001e-06
parameters of the fit... 49865.53656971728
residual of the fit... 0.1817587406992402
saving data from the run ...
time for bubble... 57.754422426223755
the filling is ..  0.0002075
7.634601422104267e-11
[ 1.31839388e+18  1.00759235e+06 -4.14021928e+05  1.42337007e+20
  2.68355751e+08  1.42337007e+20] 0.10140013950015361 60324.65004223577 2.782354487173487e-06
parameters of the fit... 60324.65004223577
residual of the fit... 0.10140013950015361
saving data from the run ...
starting bubble....... 1261
starting bubble....... 1261
time for bubble... 61.126803159713745
the filling is ..  0.0002222
7.634601422104267e-11
[ 9.73739638e+17 -4.19296711e+05  1.48607302e+06  1.24671060e+20
  1.00280185e+08  1.24671060e+20] 0.1081304622890638 56436.71708291423 2.8732089745872615e-06
parameters of the fit... 56436.71708291423
residual of the fit... 0.1081304622890638
saving data from the run ...
starting bubble....... 1261
time for bubble... 57.2841420173645
the filling is ..  0.0002524
7.634601422104267e-11
[ 5.84521730e+17  1.14489788e+05 -1.58451398e+05  1.16933586e+20
  1.82541817e+08  1.16933586e+20] 0.08342023100037523 54619.06315462132 2.523648577412733e-06
parameters of the fit... 54619.06315462132
residual of the fit... 0.08342023100037523
saving data from the run ...
starting bubble....... 1261
time for bubble... 58.82850003242493
the filling is ..  0.000289
7.634601422104267e-11
[ 6.02749895e+17  1.33964981e+06 -1.27530644e+06  8.36482053e+19
 -9.50533690e+07  8.36482053e+19] 0.07476100928965045 46221.26440738704 2.3890803834126544e-06
parameters of the fit... 46221.26440738704
residual of the fit... 0.07476100928965045
saving data from the run ...
starting bubble....... 1261
time for bubble... 56.444554805755615
the filling is ..  0.0003171
7.634601422104267e-11
[ 4.86677191e+17 -7.91514744e+04  8.25198397e+04  6.63726718e+19
 -2.43219550e+05  6.63726718e+19] 0.06567930273779665 41173.88685118812 2.2392751016451707e-06
parameters of the fit... 41173.88685118812
residual of the fit... 0.06567930273779665
saving data from the run ...
starting bubble....... 1261
time for bubble... 59.11750030517578
the filling is ..  0.00034920000000000003
7.634601422104267e-11
[ 4.89600372e+17  3.91270868e+04 -6.70841350e+04  5.41830098e+19
  2.38270793e+06  5.41830098e+19] 0.07295387389409726 37217.13923720305 2.360029129862363e-06
parameters of the fit... 37217.13923720305
residual of the fit... 0.07295387389409726
saving data from the run ...
starting bubble....... 1261
time for bubble... 55.54439663887024
the filling is ..  0.00040889999999999996
7.634601422104267e-11
[ 3.29826823e+17  1.36723669e+04 -3.70379654e+04  4.30324213e+19
  1.77081361e+07  4.30324213e+19] 0.08182562871099046 33155.916172010584 2.499412053506791e-06
parameters of the fit... 33155.916172010584
residual of the fit... 0.08182562871099046
saving data from the run ...
starting bubble....... 1261
time for bubble... 58.9170708656311
the filling is ..  0.000483
7.634601422104267e-11
[ 2.28932614e+17 -7.71762334e+03  2.20779983e+04  2.86379112e+19
  1.93338431e+07  2.86379112e+19] 0.07266794497163569 27050.13506997175 2.355399745312554e-06
parameters of the fit... 27050.13506997175
residual of the fit... 0.07266794497163569
saving data from the run ...
starting bubble....... 1261
time for bubble... 56.03709077835083
the filling is ..  0.0005454
7.634601422104267e-11
[ 1.59339413e+17  4.47727246e+04 -2.07572589e+05  1.50033062e+19
 -6.93265790e+06  1.50033062e+19] 0.08709406509391962 19591.87838325409 2.5786207034437623e-06
parameters of the fit... 19591.87838325409
residual of the fit... 0.08709406509391962
saving data from the run ...
starting bubble....... 1261
time for bubble... 57.40545630455017
the filling is ..  0.000619
7.634601422104267e-11
[ 2.09751971e+16  2.77974265e+04 -3.28143479e+04  5.37776125e+17
 -7.30708757e+06  5.37776125e+17] 0.29490279090156585 3735.3156958885806 4.744960765696184e-06
parameters of the fit... 3735.3156958885806
residual of the fit... 0.29490279090156585
saving data from the run ...
starting bubble....... 1261
time for bubble... 58.18461728096008
the filling is ..  0.0006860000000000001
7.634601422104267e-11
[ 1.73775427e+12  6.09412121e+00 -3.63408204e+00  5.17278010e+16
 -3.96318795e+04  5.17278010e+16] 0.4089084600715113 1147.3560574848273 5.587354571505577e-06
parameters of the fit... 1147.3560574848273
residual of the fit... 0.4089084600715113
saving data from the run ...
starting bubble....... 1261
time for bubble... 55.84820747375488
the filling is ..  0.0007619
7.634601422104267e-11
Bubble.py:640: RuntimeWarning: invalid value encountered in double_scalars
  print(popt, res/nn, np.sqrt(np.mean(popt)*scaling_fac),np.sqrt(res*scaling_fac/nn))
[0. 0. 0. 0. 0. 0.] nan 0.0 nan
Bubble.py:641: RuntimeWarning: invalid value encountered in double_scalars
  return popt, res/nn, np.sqrt(np.mean(popt)*scaling_fac),np.sqrt(res*scaling_fac/nn)
parameters of the fit... 0.0
residual of the fit... nan
saving data from the run ...
time for bubble... 57.797313928604126
the filling is ..  0.0008663999999999999
7.634601422104267e-11
Bubble.py:640: RuntimeWarning: invalid value encountered in double_scalars
  print(popt, res/nn, np.sqrt(np.mean(popt)*scaling_fac),np.sqrt(res*scaling_fac/nn))
[0. 0. 0. 0. 0. 0.] nan 0.0 nan
Bubble.py:641: RuntimeWarning: invalid value encountered in double_scalars
  return popt, res/nn, np.sqrt(np.mean(popt)*scaling_fac),np.sqrt(res*scaling_fac/nn)
parameters of the fit... 0.0
residual of the fit... nan
saving data from the run ...
starting bubble....... 1261
starting bubble....... 1261
time for bubble... 58.44627785682678
the filling is ..  0.001
7.634601422104267e-11
Bubble.py:640: RuntimeWarning: invalid value encountered in double_scalars
  print(popt, res/nn, np.sqrt(np.mean(popt)*scaling_fac),np.sqrt(res*scaling_fac/nn))
[0. 0. 0. 0. 0. 0.] nan 0.0 nan
Bubble.py:641: RuntimeWarning: invalid value encountered in double_scalars
  return popt, res/nn, np.sqrt(np.mean(popt)*scaling_fac),np.sqrt(res*scaling_fac/nn)
parameters of the fit... 0.0
residual of the fit... nan
saving data from the run ...
starting bubble....... 1261
time for bubble... 58.17877554893494
the filling is ..  0.0011642
7.634601422104267e-11
Bubble.py:640: RuntimeWarning: invalid value encountered in double_scalars
  print(popt, res/nn, np.sqrt(np.mean(popt)*scaling_fac),np.sqrt(res*scaling_fac/nn))
[0. 0. 0. 0. 0. 0.] nan 0.0 nan
Bubble.py:641: RuntimeWarning: invalid value encountered in double_scalars
  return popt, res/nn, np.sqrt(np.mean(popt)*scaling_fac),np.sqrt(res*scaling_fac/nn)
parameters of the fit... 0.0
residual of the fit... nan
saving data from the run ...
time for bubble... 57.882532358169556
the filling is ..  0.0014127
7.634601422104267e-11
Bubble.py:640: RuntimeWarning: invalid value encountered in double_scalars
  print(popt, res/nn, np.sqrt(np.mean(popt)*scaling_fac),np.sqrt(res*scaling_fac/nn))
[0. 0. 0. 0. 0. 0.] nan 0.0 nan
Bubble.py:641: RuntimeWarning: invalid value encountered in double_scalars
  return popt, res/nn, np.sqrt(np.mean(popt)*scaling_fac),np.sqrt(res*scaling_fac/nn)
parameters of the fit... 0.0
residual of the fit... nan
saving data from the run ...
time for sweep ieps 1429.9048082828522
starting bubble....... 1261
starting bubble....... 1261
time for bubble... 61.65154528617859
the filling is ..  0.0
7.634601422104267e-11
[ 7.78274241e+17 -3.81625451e+15 -1.08576046e+15  5.65837384e+19
  1.01766849e+16  5.65904711e+19] 0.1256240805899456 38079.34839802301 3.0969174743969845e-06
parameters of the fit... 38079.34839802301
residual of the fit... 0.1256240805899456
saving data from the run ...
starting bubble....... 1261
time for bubble... 57.85340595245361
the filling is ..  6.25e-05
7.634601422104267e-11
[ 8.16452482e+17 -6.36013787e+05 -6.45385413e+05  5.65582520e+19
 -1.45553083e+06  5.65582520e+19] 0.12437340289631654 38075.20435020684 3.081462897106122e-06
parameters of the fit... 38075.20435020684
residual of the fit... 0.12437340289631654
saving data from the run ...
starting bubble....... 1261
time for bubble... 60.21707892417908
the filling is ..  0.0001
7.634601422104267e-11
[ 7.79956296e+17 -3.58669634e+06 -1.75580611e+06  6.28981190e+19
 -8.63429820e+06  6.28981190e+19] 0.10790679995873313 40132.25620264406 2.870235893475769e-06
parameters of the fit... 40132.25620264406
residual of the fit... 0.10790679995873313
saving data from the run ...
starting bubble....... 1261
time for bubble... 59.35311460494995
the filling is ..  0.0001266
7.634601422104267e-11
[ 7.40565400e+17 -4.86646755e+05 -1.09667207e+06  6.67917176e+19
 -1.48057157e+07  6.67917176e+19] 0.09892607841075253 41342.27469492229 2.7482015554138845e-06
parameters of the fit... 41342.27469492229
residual of the fit... 0.09892607841075253
saving data from the run ...
starting bubble....... 1261
time for bubble... 60.48454666137695
the filling is ..  0.0001429
7.634601422104267e-11
[7.39219103e+17 5.01109709e+06 7.07575843e+06 7.15538075e+19
 6.86751867e+06 7.15538075e+19] 0.077903770506362 42782.65309998237 2.438778868809462e-06
parameters of the fit... 42782.65309998237
residual of the fit... 0.077903770506362
saving data from the run ...
starting bubble....... 1261
time for bubble... 60.92724418640137
the filling is ..  0.00015079999999999998
7.634601422104267e-11
[7.75990197e+17 6.01702000e+05 1.33329605e+06 6.84147649e+19
 1.83789951e+07 6.84147649e+19] 0.09228160355770229 41844.22098842777 2.65430454499045e-06
parameters of the fit... 41844.22098842777
residual of the fit... 0.09228160355770229
saving data from the run ...
starting bubble....... 1261
time for bubble... 61.70979070663452
the filling is ..  0.0001587
7.634601422104267e-11
[ 8.14299897e+17  9.12006448e+05 -1.52007112e+06  6.71339890e+19
  3.08489602e+07  6.71339890e+19] 0.10041421334053761 41458.80185050581 2.7687948569172647e-06
parameters of the fit... 41458.80185050581
residual of the fit... 0.10041421334053761
saving data from the run ...
starting bubble....... 1261
time for bubble... 61.296348094940186
the filling is ..  0.0001666
7.634601422104267e-11
[ 9.80864237e+17  4.07107148e+06 -9.95468253e+06  6.51977937e+19
  1.71871713e+08  6.51977937e+19] 0.11050332865312446 40886.159948699664 2.904563426889485e-06
parameters of the fit... 40886.159948699664
residual of the fit... 0.11050332865312446
saving data from the run ...
starting bubble....... 1261
time for bubble... 61.200700759887695
the filling is ..  0.00017460000000000002
7.634601422104267e-11
[ 1.45862093e+18 -8.23179277e+06  4.79072698e+06  6.74696794e+19
 -8.66214919e+07  6.74696794e+19] 0.15333307107568114 41660.2170328791 3.421457120131728e-06
parameters of the fit... 41660.2170328791
residual of the fit... 0.15333307107568114
saving data from the run ...
time for bubble... 61.38607096672058
the filling is ..  0.00018429999999999998
7.634601422104267e-11
[ 1.70651753e+18  5.10949381e+06  3.58555944e+06  8.53573409e+19
 -1.53616183e+08  8.53573409e+19] 0.16910437649792992 46839.56898783168 3.593110787736931e-06
parameters of the fit... 46839.56898783168
residual of the fit... 0.16910437649792992
saving data from the run ...
starting bubble....... 1261
starting bubble....... 1261
time for bubble... 60.81333017349243
the filling is ..  0.0001945
7.634601422104267e-11
[ 1.66840861e+18  5.95185213e+06  1.80051332e+06  1.01904577e+20
 -3.12164960e+08  1.01904577e+20] 0.16005469482505522 51132.82212211906 3.495645578038241e-06
parameters of the fit... 51132.82212211906
residual of the fit... 0.16005469482505522
saving data from the run ...
starting bubble....... 1261
time for bubble... 60.75049948692322
the filling is ..  0.0002075
7.634601422104267e-11
[1.64203240e+18 7.04393380e+05 3.13196016e+06 1.28837177e+20
 3.27820536e+08 1.28837177e+20] 0.0988699459616473 57442.39513021478 2.747421755104528e-06
parameters of the fit... 57442.39513021478
residual of the fit... 0.0988699459616473
saving data from the run ...
starting bubble....... 1261
time for bubble... 63.0583062171936
the filling is ..  0.0002222
7.634601422104267e-11
[1.12370782e+18 2.90067729e+06 1.26244081e+07 1.25695973e+20
 2.67259916e+08 1.25695973e+20] 0.08889138412173765 56684.15952862991 2.6050917212809127e-06
parameters of the fit... 56684.15952862991
residual of the fit... 0.08889138412173765
saving data from the run ...
starting bubble....... 1261
time for bubble... 60.92187857627869
the filling is ..  0.0002524
7.634601422104267e-11
[ 6.40848031e+17 -1.75647987e+06 -1.43130009e+05  1.16097492e+20
 -2.94270782e+07  1.16097492e+20] 0.07266469097242724 54430.51809381284 2.355347008478496e-06
parameters of the fit... 54430.51809381284
residual of the fit... 0.07266469097242724
saving data from the run ...
starting bubble....... 1261
time for bubble... 59.56829595565796
the filling is ..  0.000289
7.634601422104267e-11
[ 5.62246470e+17  2.37648585e+06 -1.04241391e+06  8.42823771e+19
 -6.11450427e+07  8.42823771e+19] 0.0718147285248942 46389.96371013712 2.3415311839140414e-06
parameters of the fit... 46389.96371013712
residual of the fit... 0.0718147285248942
saving data from the run ...
starting bubble....... 1261
time for bubble... 56.64532709121704
the filling is ..  0.0003171
7.634601422104267e-11
[ 5.29046178e+17 -2.37473882e+05  2.54736286e+06  6.54655388e+19
  1.17524092e+07  6.54655388e+19] 0.06554860093465542 40899.17782539263 2.237045913504382e-06
parameters of the fit... 40899.17782539263
residual of the fit... 0.06554860093465542
saving data from the run ...
starting bubble....... 1261
time for bubble... 59.40501022338867
the filling is ..  0.00034920000000000003
7.634601422104267e-11
[4.85678281e+17 1.91126110e+05 7.45152867e+05 5.46550063e+19
 1.12143386e+07 5.46550063e+19] 0.06571005345101454 37377.496296251746 2.2397992488695564e-06
parameters of the fit... 37377.496296251746
residual of the fit... 0.06571005345101454
saving data from the run ...
time for bubble... 57.60089039802551
the filling is ..  0.00040889999999999996
7.634601422104267e-11
[ 3.59978805e+17 -1.15199293e+05  2.24124676e+06  4.15832370e+19
  3.73208886e+06  4.15832370e+19] 0.07458451660207284 32600.899163023 2.3862586961960864e-06
parameters of the fit... 32600.899163023
residual of the fit... 0.07458451660207284
saving data from the run ...
starting bubble....... 1261
starting bubble....... 1261
time for bubble... 59.44426965713501
the filling is ..  0.000483
7.634601422104267e-11
[ 2.43188662e+17 -8.26994871e+05 -2.96285877e+05  2.85843688e+19
 -1.03151891e+07  2.85843688e+19] 0.06720117441863775 27028.29302169499 2.26506993663244e-06
parameters of the fit... 27028.29302169499
residual of the fit... 0.06720117441863775
saving data from the run ...
starting bubble....... 1261
time for bubble... 56.45781230926514
the filling is ..  0.0005454
7.634601422104267e-11
[ 1.49456759e+17  1.72173634e+05  8.05712776e+05  1.69850417e+19
 -1.94991530e+07  1.69850417e+19] 0.08550222936046012 20836.23006833235 2.5549470481175418e-06
parameters of the fit... 20836.23006833235
residual of the fit... 0.08550222936046012
saving data from the run ...
starting bubble....... 1261
time for bubble... 61.32142376899719
the filling is ..  0.000619
7.634601422104267e-11
[ 2.70573265e+16 -5.79165026e+05 -6.20436568e+04  7.63742797e+17
  3.06312444e+06  7.63742797e+17] 0.2610627072832042 4447.530324904825 4.4644257371836084e-06
parameters of the fit... 4447.530324904825
residual of the fit... 0.2610627072832042
saving data from the run ...
starting bubble....... 1261
time for bubble... 56.24157357215881
the filling is ..  0.0006860000000000001
7.634601422104267e-11
[ 1.27250014e+15 -2.42402562e+03 -1.25737227e+03  4.54518417e+16
 -1.62440408e+04  4.54518417e+16] 0.18426160682689313 1082.996169566233 3.7506851714317687e-06
parameters of the fit... 1082.996169566233
residual of the fit... 0.18426160682689313
saving data from the run ...
starting bubble....... 1261
time for bubble... 58.03943705558777
the filling is ..  0.0007619
7.634601422104267e-11
[ 5.72783880e+14 -6.47619676e+01 -4.92620188e+00  1.84840989e+15
  5.16926423e+03  1.84840989e+15] 0.19343475067439958 233.08339775547364 3.842911946145989e-06
parameters of the fit... 233.08339775547364
residual of the fit... 0.19343475067439958
saving data from the run ...
starting bubble....... 1261
time for bubble... 57.908594608306885
the filling is ..  0.0008663999999999999
7.634601422104267e-11
[ 3.50342354e+14 -3.32758038e+01  3.46086744e+01  1.49651982e+15
  2.03495325e+03  1.49651982e+15] 0.20213368475385243 206.2578843944327 3.928371312741372e-06
parameters of the fit... 206.2578843944327
residual of the fit... 0.20213368475385243
saving data from the run ...
time for bubble... 56.77574324607849
the filling is ..  0.001
7.634601422104267e-11
[ 2.29241115e+14 -2.11854641e+01  2.61826443e+01  1.10100782e+15
  1.07845368e+03  1.10100782e+15] 0.20683451416456244 175.88668809396057 3.973787961103377e-06
parameters of the fit... 175.88668809396057
residual of the fit... 0.20683451416456244
saving data from the run ...
starting bubble....... 1261
starting bubble....... 1261
time for bubble... 58.688766956329346
the filling is ..  0.0011642
7.634601422104267e-11
[ 1.54986436e+14 -1.29490427e+01  1.61184384e+01  7.94618985e+14
  6.56293945e+02  7.94618985e+14] 0.20943719092055224 148.97683336944928 3.998711637069584e-06
parameters of the fit... 148.97683336944928
residual of the fit... 0.20943719092055224
saving data from the run ...
time for bubble... 56.577643156051636
the filling is ..  0.0014127
7.634601422104267e-11
[ 9.82774574e+13 -6.93123856e+00  8.32229966e+00  5.28269875e+14
  3.90561684e+02  5.28269875e+14] 0.21121571637263473 121.21997289256807 4.015654129266225e-06
parameters of the fit... 121.21997289256807
residual of the fit... 0.21121571637263473
saving data from the run ...
time for sweep delta 1504.2302577495575
8032.69user 3612.50system 51:39.43elapsed 375%CPU (0avgtext+0avgdata 71788784maxresident)k
176inputs+6680outputs (214major+1829663336minor)pagefaults 0swaps
