starting sampling in reciprocal space....
finished sampling in reciprocal space....t= 0.05277299880981445  s
919 numer of sampling lattice points
taking 0 umklapps
hbvf is .. 2.3382685902179845
q is... 0.08553508531876375
hvkd is... 0.20000400336248073
kappa is.. 0.3
alpha is.. 0.5249894913838371
the twist angle is .. 0.020420352248333655
phonon params 403948670356629.3
phonon params upsilon 5.0493583794578664e+16
area ratio 0.0004169762960378008 0.00041697629603780164
correct factor by which the interaction is reduced 69.25630453828481
c tilde 1831.0310294769179
starting sampling in reciprocal space....
finished sampling in reciprocal space....t= 0.5700163841247559  s
starting sampling in reciprocal space....
finished sampling in reciprocal space....t= 0.5668301582336426  s
starting dispersion ..........
time to diag over MBZ 2868.970408678055
saving  ..........
number of bands in density of states calculation, 2
sum of the hist, normed? 8.000000000000034
CHEMICAL POTENTIAL AND FILLING 0.0 0.0
starting sampling in reciprocal space....
finished sampling in reciprocal space....t= 0.053008079528808594  s
starting sampling in reciprocal space....
finished sampling in reciprocal space....t= 0.05229496955871582  s
starting dispersion ..........
time to diag over MBZ 259.18816351890564
starting sampling in reciprocal space....
finished sampling in reciprocal space....t= 0.05150651931762695  s
(6433, 564, 2) (919, 564, 2) (6433,)
starting sampling in reciprocal space....
finished sampling in reciprocal space....t= 0.05151963233947754  s
(6433, 564, 2) (919, 564, 2) (6433,)
calculating tensor that stores the overlaps........
finsihed the overlaps.......... 15.514345645904541
calculating tensor that stores the overlaps........
finsihed the overlaps.......... 14.835465908050537
calculating tensor that stores the overlaps........
finsihed the overlaps.......... 14.58619999885559
calculating tensor that stores the overlaps........
finsihed the overlaps.......... 2.4882237911224365
calculating tensor that stores the overlaps........
finsihed the overlaps.......... 14.53311014175415
calculating tensor that stores the overlaps........
finsihed the overlaps.......... 1.9646925926208496
testing symmetry of the form factors...
plus valley form factor passed the C3 symmetry test with average difference...  1.3548642890498414e-15
minus valley form factor passed the C3 symmetry test with average difference...  1.3905556884342612e-15
finished testing symmetry of the form factors...
starting bubble....... 919
time for bubble... 29.528109788894653
effective speed of sound down renormalization...$-\Delta c$ 1785.4211844401914
residual of the fit... 0.08910837641940733
starting bubble....... 919
time for bubble... 29.826197624206543
effective speed of sound down renormalization...$-\Delta c$ 1793.8198869501855
residual of the fit... 0.042920701858468295
starting bubble....... 919
time for bubble... 29.86031937599182
effective speed of sound down renormalization...$-\Delta c$ 1823.2684329089554
residual of the fit... 0.01328419559551985
starting bubble....... 919
time for bubble... 29.479417324066162
effective speed of sound down renormalization...$-\Delta c$ 1772.6200315670283
residual of the fit... 0.06617323109593415
starting bubble....... 919
time for bubble... 29.6135311126709
effective speed of sound down renormalization...$-\Delta c$ 1885.1018553064157
residual of the fit... 0.003339790749328174
starting bubble....... 919
time for bubble... 29.592652559280396
effective speed of sound down renormalization...$-\Delta c$ 1851.0195271082825
residual of the fit... 0.06522936764849879
starting bubble....... 919
time for bubble... 29.634533405303955
effective speed of sound down renormalization...$-\Delta c$ 2047.6882018495119
residual of the fit... 0.02670203461509961
starting bubble....... 919
time for bubble... 29.498088121414185
effective speed of sound down renormalization...$-\Delta c$ 2169.3862215414124
residual of the fit... 0.03894112568617167
starting bubble....... 919
time for bubble... 29.490817308425903
effective speed of sound down renormalization...$-\Delta c$ 2257.158645412299
residual of the fit... 0.017079817140911013
starting bubble....... 919
time for bubble... 29.46343231201172
effective speed of sound down renormalization...$-\Delta c$ 1968.447261987028
residual of the fit... 0.05531821845972241
starting bubble....... 919
time for bubble... 29.583127975463867
effective speed of sound down renormalization...$-\Delta c$ 1653.0341522828
residual of the fit... 0.04073262571942838
starting bubble....... 919
time for bubble... 29.481022596359253
effective speed of sound down renormalization...$-\Delta c$ 1452.0973572832095
residual of the fit... 0.0230584526464083
starting bubble....... 919
time for bubble... 29.417675018310547
effective speed of sound down renormalization...$-\Delta c$ 1297.609516067317
residual of the fit... 0.017208295379386222
starting bubble....... 919
time for bubble... 29.76959538459778
effective speed of sound down renormalization...$-\Delta c$ 1091.7841378762587
residual of the fit... 0.0160717895976412
starting bubble....... 919
time for bubble... 29.435129642486572
effective speed of sound down renormalization...$-\Delta c$ 952.8729114112406
residual of the fit... 0.004075811845540779
starting bubble....... 919
time for bubble... 29.419310569763184
effective speed of sound down renormalization...$-\Delta c$ 761.1627741222109
residual of the fit... 0.009331562068246613
starting bubble....... 919
time for bubble... 29.511141538619995
effective speed of sound down renormalization...$-\Delta c$ 611.3856362682404
residual of the fit... 0.007111306689421275
starting bubble....... 919
time for bubble... 29.533409118652344
effective speed of sound down renormalization...$-\Delta c$ 451.5370682354119
residual of the fit... 0.00799033923540646
starting bubble....... 919
time for bubble... 29.668206214904785
effective speed of sound down renormalization...$-\Delta c$ 303.396582575672
residual of the fit... 0.005331842640874256
starting bubble....... 919
time for bubble... 29.441259622573853
effective speed of sound down renormalization...$-\Delta c$ 127.89384764418675
residual of the fit... 0.0837706552551172
time for sweep delta 591.2886161804199
