starting sampling in reciprocal space....
finished sampling in reciprocal space....t= 0.004910469055175781  s
91 numer of sampling lattice points
taking 0 umklapps
hbvf is .. 2.7
q is... 0.08904408747707689
hvkd is... 0.24041903618810762
kappa is.. 0.75
alpha is.. 0.4367374633256842
the twist angle is .. 0.021258110289290935
starting sampling in reciprocal space....
finished sampling in reciprocal space....t= 0.005545616149902344  s
starting sampling in reciprocal space....
finished sampling in reciprocal space....t= 0.008883237838745117  s
starting dispersion ..........
time to diag over MBZ 58.624088287353516
number of bands in density of states calculation, 2
sum of the hist, normed? 8.00000000000001
CHEMICAL POTENTIAL AND FILLING 0.0 0.0
starting sampling in reciprocal space....
finished sampling in reciprocal space....t= 0.0049402713775634766  s
(1680,)
the bandwidth is ... 0.093950161647892
390.43user 22.56system 2:08.07elapsed 322%CPU (0avgtext+0avgdata 1373468maxresident)k
0inputs+192outputs (0major+2447569minor)pagefaults 0swaps
