starting sampling in reciprocal space....
finished sampling in reciprocal space....t= 0.05171680450439453  s
919 numer of sampling lattice points
taking 0 umklapps
hbvf is .. 2.3382685902179845
q is... 0.07383830652545242
hvkd is... 0.17265379290335303
kappa is.. 0.75
alpha is.. 0.6081534511018601
the twist angle is .. 0.017627825445142728
phonon params 224324093692885.3
phonon params upsilon 2.8040511711610664e+16
area ratio 0.00031073218338356076 0.0003107321833835602
correct factor by which the interaction is reduced 80.22724512922734
c tilde 1580.640621427806
starting sampling in reciprocal space....
finished sampling in reciprocal space....t= 0.5654239654541016  s
starting sampling in reciprocal space....
finished sampling in reciprocal space....t= 0.5692787170410156  s
starting dispersion with 9919 points..........
time to diag over MBZ 4354.1458604335785
saving  ..........
number of bands in density of states calculation, 2
sum of the hist, normed? 7.999999999999967
CHEMICAL POTENTIALS AND FILLINGS [0.         0.00032567 0.00044116 0.00049128 0.00051468 0.00054075
 0.00058377 0.00063679 0.00070125 0.00077658 0.00086587 0.00096307
 0.00108502 0.00122056 0.00139239 0.00160234 0.0018702  0.00224543
 0.00286138 0.00420081] [0.         0.20526316 0.41052632 0.61578947 0.82105263 1.02631579
 1.23157895 1.43684211 1.64210526 1.84736842 2.05263158 2.25789474
 2.46315789 2.66842105 2.87368421 3.07894737 3.28421053 3.48947368
 3.69473684 3.9       ]
CHEMICAL POTENTIAL AND FILLING 0.0 0.0
starting sampling in reciprocal space....
finished sampling in reciprocal space....t= 0.053449392318725586  s
starting sampling in reciprocal space....
finished sampling in reciprocal space....t= 0.052707672119140625  s
starting dispersion with 919 points..........
time to diag over MBZ 507.6522710323334
starting sampling in reciprocal space....
finished sampling in reciprocal space....t= 0.05158209800720215  s
(6433, 564, 2) (919, 564, 2) (6433,)
starting sampling in reciprocal space....
finished sampling in reciprocal space....t= 0.0522308349609375  s
(6433, 564, 2) (919, 564, 2) (6433,)
calculating tensor that stores the overlaps........
finsihed the overlaps.......... 14.828201293945312
calculating tensor that stores the overlaps........
finsihed the overlaps.......... 14.626130819320679
calculating tensor that stores the overlaps........
finsihed the overlaps.......... 14.583583116531372
calculating tensor that stores the overlaps........
finsihed the overlaps.......... 2.4416701793670654
calculating tensor that stores the overlaps........
finsihed the overlaps.......... 15.20651388168335
calculating tensor that stores the overlaps........
finsihed the overlaps.......... 2.792509078979492
testing symmetry of the form factors...
failed C3 symmetry test, plus valley... 0.00012832947175318117
failed C3 symmetry test, minus valley... 0.00012832947175318117
finished testing symmetry of the form factors...
starting bubble....... 919
time for bubble... 28.920982122421265
effective speed of sound down renormalization...$-\Delta c$ 3532.6746520341167
residual of the fit... 0.07028720202735456
starting bubble....... 919
time for bubble... 29.186450958251953
effective speed of sound down renormalization...$-\Delta c$ 0.0
residual of the fit... nan
starting bubble....... 919
time for bubble... 29.21609091758728
effective speed of sound down renormalization...$-\Delta c$ 0.0
residual of the fit... nan
starting bubble....... 919
time for bubble... 29.33204746246338
effective speed of sound down renormalization...$-\Delta c$ 0.0
residual of the fit... nan
starting bubble....... 919
time for bubble... 29.471928119659424
effective speed of sound down renormalization...$-\Delta c$ 0.0
residual of the fit... nan
starting bubble....... 919
time for bubble... 29.37802290916443
effective speed of sound down renormalization...$-\Delta c$ 0.0
residual of the fit... nan
starting bubble....... 919
time for bubble... 29.43502640724182
effective speed of sound down renormalization...$-\Delta c$ 0.0
residual of the fit... nan
starting bubble....... 919
time for bubble... 29.421347856521606
effective speed of sound down renormalization...$-\Delta c$ 0.0
residual of the fit... nan
starting bubble....... 919
time for bubble... 29.328447818756104
effective speed of sound down renormalization...$-\Delta c$ 0.0
residual of the fit... nan
starting bubble....... 919
time for bubble... 29.39909291267395
effective speed of sound down renormalization...$-\Delta c$ 0.0
residual of the fit... nan
starting bubble....... 919
time for bubble... 29.32574963569641
effective speed of sound down renormalization...$-\Delta c$ 0.0
residual of the fit... nan
starting bubble....... 919
time for bubble... 29.384650707244873
effective speed of sound down renormalization...$-\Delta c$ 0.0
residual of the fit... nan
starting bubble....... 919
time for bubble... 29.44526767730713
effective speed of sound down renormalization...$-\Delta c$ 0.0
residual of the fit... nan
starting bubble....... 919
time for bubble... 29.30167007446289
effective speed of sound down renormalization...$-\Delta c$ 0.0
residual of the fit... nan
starting bubble....... 919
time for bubble... 29.31841540336609
effective speed of sound down renormalization...$-\Delta c$ 0.0
residual of the fit... nan
starting bubble....... 919
time for bubble... 29.35616183280945
effective speed of sound down renormalization...$-\Delta c$ 0.0
residual of the fit... nan
starting bubble....... 919
time for bubble... 29.29090118408203
effective speed of sound down renormalization...$-\Delta c$ 0.0
residual of the fit... nan
starting bubble....... 919
time for bubble... 29.25633430480957
effective speed of sound down renormalization...$-\Delta c$ 0.0
residual of the fit... nan
starting bubble....... 919
time for bubble... 29.289916276931763
effective speed of sound down renormalization...$-\Delta c$ 0.0
residual of the fit... nan
starting bubble....... 919
time for bubble... 29.23234224319458
effective speed of sound down renormalization...$-\Delta c$ 0.0
residual of the fit... nan
time for sweep delta 586.3715107440948
