starting sampling in reciprocal space....
finished sampling in reciprocal space....t= 0.009268522262573242  s
91 numer of sampling lattice points
taking 0 umklapps
hbvf is .. 2.3382685902179845
q is... 0.07383830652545242
hvkd is... 0.17265379290335303
kappa is.. 0.3
alpha is.. 0.6081534511018601
the twist angle is .. 0.017627825445142728
starting sampling in reciprocal space....
finished sampling in reciprocal space....t= 0.004105329513549805  s
starting sampling in reciprocal space....
finished sampling in reciprocal space....t= 0.004173755645751953  s
starting dispersion ..........
time to diag over MBZ 8.770580530166626
number of bands in density of states calculation, 2
sum of the hist, normed? 7.999999999999985
CHEMICAL POTENTIAL AND FILLING 0.0 0.0
starting sampling in reciprocal space....
finished sampling in reciprocal space....t= 0.004038095474243164  s
(1680,)
the bandwidth is ... 0.010346567083396738
157.00user 4.27system 0:21.29elapsed 757%CPU (0avgtext+0avgdata 1374416maxresident)k
0inputs+216outputs (0major+2447462minor)pagefaults 0swaps
