starting sampling in reciprocal space....
finished sampling in reciprocal space....t= 0.006159782409667969  s
91 numer of sampling lattice points
taking 0 umklapps
hbvf is .. 2.3382685902179845
q is... 0.08187985878730153
hvkd is... 0.1914571019738312
kappa is.. 0.75
alpha is.. 0.5484257252277412
the twist angle is .. 0.019547687622336492
starting sampling in reciprocal space....
finished sampling in reciprocal space....t= 0.00415492057800293  s
starting sampling in reciprocal space....
finished sampling in reciprocal space....t= 0.004078388214111328  s
starting dispersion ..........
time to diag over MBZ 8.758918285369873
number of bands in density of states calculation, 2
sum of the hist, normed? 8.000000000000007
CHEMICAL POTENTIAL AND FILLING 0.0 0.0
starting sampling in reciprocal space....
finished sampling in reciprocal space....t= 0.004008293151855469  s
(4200,)
the bandwidth is ... 0.013756318216675827
274.86user 7.56system 0:36.41elapsed 775%CPU (0avgtext+0avgdata 3162024maxresident)k
0inputs+160outputs (0major+4598215minor)pagefaults 0swaps
