starting sampling in reciprocal space....
finished sampling in reciprocal space....t= 0.051332950592041016  s
919 numer of sampling lattice points
taking 0 umklapps
hbvf is .. 2.7
q is... 0.08750890091895454
hvkd is... 0.23627403248117726
kappa is.. 0.85
alpha is.. 0.4443992380261458
the twist angle is .. 0.020891591146372124
phonon params 885090998853806.2 65.25146549981847 8156.433187477308
starting sampling in reciprocal space....
finished sampling in reciprocal space....t= 0.36476874351501465  s
starting sampling in reciprocal space....
finished sampling in reciprocal space....t= 0.3620455265045166  s
starting dispersion ..........
time to diag over MBZ 1971.0682661533356
saving  ..........
number of bands in density of states calculation, 2
sum of the hist, normed? 8.000000000000078
CHEMICAL POTENTIAL AND FILLING 0.0 0.0
starting sampling in reciprocal space....
finished sampling in reciprocal space....t= 0.05309176445007324  s
starting sampling in reciprocal space....
finished sampling in reciprocal space....t= 0.0531771183013916  s
starting dispersion ..........
time to diag over MBZ 331.7700283527374
starting sampling in reciprocal space....
finished sampling in reciprocal space....t= 0.051499366760253906  s
(6433, 564, 2) (919, 564, 2) (6433,)
starting sampling in reciprocal space....
finished sampling in reciprocal space....t= 0.05259132385253906  s
(6433, 564, 2) (919, 564, 2) (6433,)
calculating tensor that stores the overlaps........
finsihed the overlaps.......... 14.949903011322021
calculating tensor that stores the overlaps........
finsihed the overlaps.......... 14.959014415740967
calculating tensor that stores the overlaps........
finsihed the overlaps.......... 14.968727350234985
calculating tensor that stores the overlaps........
finsihed the overlaps.......... 2.552457332611084
calculating tensor that stores the overlaps........
finsihed the overlaps.......... 14.967795372009277
calculating tensor that stores the overlaps........
finsihed the overlaps.......... 2.8768763542175293
testing symmetry of the form factors...
plus valley form factor passed the C3 symmetry test with average difference...  3.931441226418185e-15
minus valley form factor passed the C3 symmetry test with average difference...  7.956649879126173e-15
finished testing symmetry of the form factors...
starting bubble....... 919
time for bubble... 29.804052352905273
effective speed of sound down renormalization...$-\Delta c$ 1698.5412757841632
residual of the fit... 0.07303871555125602
starting bubble....... 919
time for bubble... 29.847283601760864
effective speed of sound down renormalization...$-\Delta c$ 1825.0214088732398
residual of the fit... 0.0035851198244893447
starting bubble....... 919
time for bubble... 29.682368516921997
effective speed of sound down renormalization...$-\Delta c$ 2174.793414932773
residual of the fit... 0.01857330725486606
starting bubble....... 919
time for bubble... 29.64656162261963
effective speed of sound down renormalization...$-\Delta c$ 1720.4274900884848
residual of the fit... 0.026970793529538892
starting bubble....... 919
time for bubble... 29.516669034957886
effective speed of sound down renormalization...$-\Delta c$ 1231.5680982909075
residual of the fit... 0.020542580058343595
starting bubble....... 919
time for bubble... 29.60409903526306
effective speed of sound down renormalization...$-\Delta c$ 735.525266661364
residual of the fit... 0.030429255856896622
starting bubble....... 919
time for bubble... 29.535876750946045
effective speed of sound down renormalization...$-\Delta c$ 243.05826752145813
residual of the fit... 0.019482055434029994
time for sweep delta 207.65718269348145
