starting sampling in reciprocal space....
finished sampling in reciprocal space....t= 0.0516970157623291  s
919 numer of sampling lattice points
taking 0 umklapps
hbvf is .. 2.3382685902179845
q is... 0.0687209191928595
hvkd is... 0.16068796683957162
kappa is.. 0.3
alpha is.. 0.6534403419568459
the twist angle is .. 0.016406094968746697
phonon params 168308035443383.3
phonon params upsilon 2.103850443042291e+16
area ratio 0.00026915391492105006 0.00026915391492104946
correct factor by which the interaction is reduced 86.20146510147414
c tilde 1471.0938201250392
starting sampling in reciprocal space....
finished sampling in reciprocal space....t= 0.5678839683532715  s
starting sampling in reciprocal space....
finished sampling in reciprocal space....t= 0.5627274513244629  s
starting dispersion ..........
time to diag over MBZ 2874.91881608963
saving  ..........
number of bands in density of states calculation, 2
sum of the hist, normed? 8.000000000000057
CHEMICAL POTENTIAL AND FILLING 0.0 0.0
starting sampling in reciprocal space....
finished sampling in reciprocal space....t= 0.05224251747131348  s
starting sampling in reciprocal space....
finished sampling in reciprocal space....t= 0.05221152305603027  s
starting dispersion ..........
time to diag over MBZ 254.14571118354797
starting sampling in reciprocal space....
finished sampling in reciprocal space....t= 0.05104780197143555  s
(6433, 564, 2) (919, 564, 2) (6433,)
starting sampling in reciprocal space....
finished sampling in reciprocal space....t= 0.052163124084472656  s
(6433, 564, 2) (919, 564, 2) (6433,)
calculating tensor that stores the overlaps........
finsihed the overlaps.......... 14.612427949905396
calculating tensor that stores the overlaps........
finsihed the overlaps.......... 2.564995527267456
calculating tensor that stores the overlaps........
finsihed the overlaps.......... 15.079692602157593
calculating tensor that stores the overlaps........
finsihed the overlaps.......... 1.8972220420837402
testing symmetry of the form factors...
plus valley form factor passed the C3 symmetry test with average difference...  4.613691128113745e-15
minus valley form factor passed the C3 symmetry test with average difference...  4.4180581327072974e-15
finished testing symmetry of the form factors...
starting bubble....... 919
time for bubble... 29.253753662109375
effective speed of sound down renormalization...$-\Delta c$ 1622.5162765628427
residual of the fit... 0.06695749156110625
starting bubble....... 919
time for bubble... 29.413712978363037
effective speed of sound down renormalization...$-\Delta c$ 1634.1975488283824
residual of the fit... 0.0012317005202361789
starting bubble....... 919
time for bubble... 29.709323406219482
effective speed of sound down renormalization...$-\Delta c$ 1614.1181661233406
residual of the fit... 0.022846978626755065
starting bubble....... 919
time for bubble... 29.912185668945312
effective speed of sound down renormalization...$-\Delta c$ 1660.4348910552105
residual of the fit... 0.027287846253667113
starting bubble....... 919
time for bubble... 30.05460262298584
effective speed of sound down renormalization...$-\Delta c$ 1669.5632988173502
residual of the fit... 0.010727700164340968
starting bubble....... 919
time for bubble... 29.94191884994507
effective speed of sound down renormalization...$-\Delta c$ 1704.2658797282056
residual of the fit... 0.011061490864034376
starting bubble....... 919
time for bubble... 29.9603533744812
effective speed of sound down renormalization...$-\Delta c$ 1800.6869204050674
residual of the fit... 0.020526984023769422
starting bubble....... 919
time for bubble... 29.9581880569458
effective speed of sound down renormalization...$-\Delta c$ 1930.1499740678785
residual of the fit... 0.06723783630575991
starting bubble....... 919
time for bubble... 29.99895429611206
effective speed of sound down renormalization...$-\Delta c$ 1969.5944897694153
residual of the fit... 0.06560836550298499
starting bubble....... 919
time for bubble... 30.114173412322998
effective speed of sound down renormalization...$-\Delta c$ 1662.5860378020323
residual of the fit... 0.06688236957223517
starting bubble....... 919
time for bubble... 29.95383644104004
effective speed of sound down renormalization...$-\Delta c$ 1403.0873967748048
residual of the fit... 0.04196537708074901
starting bubble....... 919
time for bubble... 30.02621030807495
effective speed of sound down renormalization...$-\Delta c$ 1226.01604046997
residual of the fit... 0.05101097477671594
starting bubble....... 919
time for bubble... 29.988796710968018
effective speed of sound down renormalization...$-\Delta c$ 1155.7808256229705
residual of the fit... 0.07419635298514933
starting bubble....... 919
time for bubble... 30.026407957077026
effective speed of sound down renormalization...$-\Delta c$ 1022.3054683634973
residual of the fit... 0.031081804220372836
starting bubble....... 919
time for bubble... 29.90479826927185
effective speed of sound down renormalization...$-\Delta c$ 800.4775770626753
residual of the fit... 0.03354343512533282
starting bubble....... 919
time for bubble... 30.095868825912476
effective speed of sound down renormalization...$-\Delta c$ 632.527500212679
residual of the fit... 0.08378646477242666
starting bubble....... 919
time for bubble... 30.646644115447998
effective speed of sound down renormalization...$-\Delta c$ 483.8192328196737
residual of the fit... 0.11511897817318972
starting bubble....... 919
time for bubble... 30.699689626693726
effective speed of sound down renormalization...$-\Delta c$ 359.66317502728424
residual of the fit... 0.07756825111117958
starting bubble....... 919
time for bubble... 29.94672441482544
effective speed of sound down renormalization...$-\Delta c$ 237.2420363918728
residual of the fit... 0.3085565602714629
starting bubble....... 919
time for bubble... 30.066131591796875
effective speed of sound down renormalization...$-\Delta c$ 99.20420532015534
residual of the fit... 0.17990460626396518
time for sweep delta 599.7108173370361
