starting sampling in reciprocal space....
finished sampling in reciprocal space....t= 0.0061914920806884766  s
91 numer of sampling lattice points
taking 0 umklapps
hbvf is .. 2.7
q is... 0.07676251561000431
hvkd is... 0.20725879214701165
kappa is.. 0.75
alpha is.. 0.5066130074015002
the twist angle is .. 0.01832595714594046
phonon params 524053712277273.6 84.80009352223715 10600.011690279644
starting sampling in reciprocal space....
finished sampling in reciprocal space....t= 0.05387473106384277  s
starting sampling in reciprocal space....
finished sampling in reciprocal space....t= 0.05379533767700195  s
starting dispersion ..........
time to diag over MBZ 130.4839630126953
saving  ..........
number of bands in density of states calculation, 2
sum of the hist, normed? 7.99999999999997
CHEMICAL POTENTIAL AND FILLING 0.0 0.0
starting sampling in reciprocal space....
finished sampling in reciprocal space....t= 0.006311655044555664  s
starting sampling in reciprocal space....
finished sampling in reciprocal space....t= 0.006261587142944336  s
starting dispersion ..........
time to diag over MBZ 12.553490161895752
starting sampling in reciprocal space....
finished sampling in reciprocal space....t= 0.00652003288269043  s
(637, 564, 2) (91, 564, 2) (637,)
starting sampling in reciprocal space....
finished sampling in reciprocal space....t= 0.006308317184448242  s
(637, 564, 2) (91, 564, 2) (637,)
calculating tensor that stores the overlaps........
finsihed the overlaps.......... 0.9805943965911865
calculating tensor that stores the overlaps........
finsihed the overlaps.......... 0.9816267490386963
calculating tensor that stores the overlaps........
finsihed the overlaps.......... 0.9820075035095215
calculating tensor that stores the overlaps........
finsihed the overlaps.......... 0.09871435165405273
calculating tensor that stores the overlaps........
finsihed the overlaps.......... 0.9777436256408691
calculating tensor that stores the overlaps........
finsihed the overlaps.......... 0.09532284736633301
testing symmetry of the form factors...
plus valley form factor passed the C3 symmetry test with average difference...  2.8979604125436285e-15
minus valley form factor passed the C3 symmetry test with average difference...  2.339360390383756e-15
finished testing symmetry of the form factors...
starting bubble....... 91
time for bubble... 0.16767430305480957
effective speed of sound down renormalization...$-\Delta c$ 0.0
residual of the fit... nan
starting bubble....... 91
time for bubble... 0.1676158905029297
effective speed of sound down renormalization...$-\Delta c$ 0.0
residual of the fit... nan
starting bubble....... 91
time for bubble... 0.16656994819641113
effective speed of sound down renormalization...$-\Delta c$ 0.0
residual of the fit... nan
starting bubble....... 91
time for bubble... 0.1658475399017334
effective speed of sound down renormalization...$-\Delta c$ 0.0
residual of the fit... nan
starting bubble....... 91
time for bubble... 0.16582059860229492
effective speed of sound down renormalization...$-\Delta c$ 0.0
residual of the fit... nan
starting bubble....... 91
time for bubble... 0.16713523864746094
effective speed of sound down renormalization...$-\Delta c$ 0.0
residual of the fit... nan
starting bubble....... 91
time for bubble... 0.16721367835998535
effective speed of sound down renormalization...$-\Delta c$ 0.0
residual of the fit... nan
time for sweep delta 1.1850407123565674
