starting sampling in reciprocal space....
finished sampling in reciprocal space....t= 0.05138421058654785  s
919 numer of sampling lattice points
taking 0 umklapps
hbvf is .. 2.7
q is... 0.06755122699017235
hvkd is... 0.18238831287346535
kappa is.. 0.5
alpha is.. 0.5756947818956214
the twist angle is .. 0.016126842288427607
phonon params 314276548199953.2 109.50356160897735 13687.94520112217
starting sampling in reciprocal space....
finished sampling in reciprocal space....t= 0.3605661392211914  s
starting sampling in reciprocal space....
finished sampling in reciprocal space....t= 0.36093950271606445  s
starting dispersion ..........
time to diag over MBZ 1885.0529968738556
saving  ..........
number of bands in density of states calculation, 2
sum of the hist, normed? 8.000000000000044
CHEMICAL POTENTIAL AND FILLING 0.0 0.0
starting sampling in reciprocal space....
finished sampling in reciprocal space....t= 0.05350017547607422  s
starting sampling in reciprocal space....
finished sampling in reciprocal space....t= 0.05262136459350586  s
starting dispersion ..........
time to diag over MBZ 293.1530797481537
starting sampling in reciprocal space....
finished sampling in reciprocal space....t= 0.052103281021118164  s
(6433, 564, 2) (919, 564, 2) (6433,)
starting sampling in reciprocal space....
finished sampling in reciprocal space....t= 0.05197763442993164  s
(6433, 564, 2) (919, 564, 2) (6433,)
calculating tensor that stores the overlaps........
finsihed the overlaps.......... 15.300815343856812
calculating tensor that stores the overlaps........
finsihed the overlaps.......... 15.158299446105957
calculating tensor that stores the overlaps........
finsihed the overlaps.......... 15.296399116516113
calculating tensor that stores the overlaps........
finsihed the overlaps.......... 2.5976738929748535
calculating tensor that stores the overlaps........
finsihed the overlaps.......... 15.069350481033325
calculating tensor that stores the overlaps........
finsihed the overlaps.......... 2.7834632396698
testing symmetry of the form factors...
plus valley form factor passed the C3 symmetry test with average difference...  1.7811873662542113e-15
minus valley form factor passed the C3 symmetry test with average difference...  1.6403875740514698e-15
finished testing symmetry of the form factors...
starting bubble....... 919
time for bubble... 29.419673442840576
effective speed of sound down renormalization...$-\Delta c$ 6403.664482405728
residual of the fit... 0.07986689904567959
starting bubble....... 919
time for bubble... 29.40522289276123
effective speed of sound down renormalization...$-\Delta c$ 6736.666401064884
residual of the fit... 0.007812842183389419
starting bubble....... 919
time for bubble... 29.402168035507202
effective speed of sound down renormalization...$-\Delta c$ 7912.98594377048
residual of the fit... 0.02650052240173177
starting bubble....... 919
time for bubble... 29.34380555152893
effective speed of sound down renormalization...$-\Delta c$ 6528.004562051723
residual of the fit... 0.0198131811734353
starting bubble....... 919
time for bubble... 29.356424808502197
effective speed of sound down renormalization...$-\Delta c$ 4441.139430362594
residual of the fit... 0.022985478607698794
starting bubble....... 919
time for bubble... 29.385875940322876
effective speed of sound down renormalization...$-\Delta c$ 2734.207835895163
residual of the fit... 0.03660946465949583
starting bubble....... 919
time for bubble... 29.379881381988525
effective speed of sound down renormalization...$-\Delta c$ 626.0011582237752
residual of the fit... 0.02439908198172377
time for sweep delta 205.71194458007812
