starting sampling in reciprocal space....
finished sampling in reciprocal space....t= 0.006791353225708008  s
91 numer of sampling lattice points
taking 0 umklapps
hbvf is .. 2.3382685902179845
q is... 0.07895566630481395
hvkd is... 0.18461955454027892
kappa is.. 0.3
alpha is.. 0.5687371538809117
the twist angle is .. 0.01884955592153876
starting sampling in reciprocal space....
finished sampling in reciprocal space....t= 0.004180431365966797  s
starting sampling in reciprocal space....
finished sampling in reciprocal space....t= 0.004198551177978516  s
starting dispersion ..........
time to diag over MBZ 8.905366897583008
number of bands in density of states calculation, 2
sum of the hist, normed? 8.000000000000002
CHEMICAL POTENTIAL AND FILLING 0.0 0.0
starting sampling in reciprocal space....
finished sampling in reciprocal space....t= 0.00407862663269043  s
(4200,)
the bandwidth is ... 0.007529307029984963
280.49user 7.06system 0:37.02elapsed 776%CPU (0avgtext+0avgdata 3162144maxresident)k
0inputs+176outputs (0major+4598259minor)pagefaults 0swaps
