starting sampling in reciprocal space....
finished sampling in reciprocal space....t= 0.05230522155761719  s
919 numer of sampling lattice points
taking 0 umklapps
hbvf is .. 2.3382685902179845
q is... 0.07895566630481395
hvkd is... 0.18461955454027892
kappa is.. 0.75
alpha is.. 0.5687371538809117
the twist angle is .. 0.01884955592153876
phonon params 293279848208579.25
phonon params upsilon 3.665998102607241e+16
area ratio 0.00035529523838198043 0.0003552952383819804
correct factor by which the interaction is reduced 75.02747041200399
c tilde 1690.1868329045212
starting sampling in reciprocal space....
finished sampling in reciprocal space....t= 0.5652594566345215  s
starting sampling in reciprocal space....
finished sampling in reciprocal space....t= 0.5780887603759766  s
starting dispersion with 9919 points..........
time to diag over MBZ 3796.5320665836334
saving  ..........
number of bands in density of states calculation, 2
sum of the hist, normed? 7.999999999999927
CHEMICAL POTENTIALS AND FILLINGS [0.         0.00024382 0.00032981 0.00037898 0.00040514 0.00042157
 0.00044457 0.00047518 0.00051154 0.0005501  0.00059617 0.00064513
 0.00069774 0.00075402 0.00081669 0.00088068 0.00095449 0.00103489
 0.00115413 0.00147242] [0.         0.20526316 0.41052632 0.61578947 0.82105263 1.02631579
 1.23157895 1.43684211 1.64210526 1.84736842 2.05263158 2.25789474
 2.46315789 2.66842105 2.87368421 3.07894737 3.28421053 3.48947368
 3.69473684 3.9       ]
CHEMICAL POTENTIAL AND FILLING 0.0 0.0
starting sampling in reciprocal space....
finished sampling in reciprocal space....t= 0.05228829383850098  s
starting sampling in reciprocal space....
finished sampling in reciprocal space....t= 0.052824974060058594  s
starting dispersion with 919 points..........
time to diag over MBZ 367.80017256736755
starting sampling in reciprocal space....
finished sampling in reciprocal space....t= 0.05249834060668945  s
(6433, 564, 2) (919, 564, 2) (6433,)
starting sampling in reciprocal space....
finished sampling in reciprocal space....t= 0.05294156074523926  s
(6433, 564, 2) (919, 564, 2) (6433,)
calculating tensor that stores the overlaps........
finsihed the overlaps.......... 14.806241512298584
calculating tensor that stores the overlaps........
finsihed the overlaps.......... 2.3812286853790283
calculating tensor that stores the overlaps........
finsihed the overlaps.......... 16.02297282218933
calculating tensor that stores the overlaps........
finsihed the overlaps.......... 3.08872389793396
testing symmetry of the form factors...
failed C3 symmetry test, plus valley... 6.614008700515597e-05
failed C3 symmetry test, minus valley... 6.614008700515597e-05
finished testing symmetry of the form factors...
starting bubble....... 919
time for bubble... 29.069220542907715
effective speed of sound down renormalization...$-\Delta c$ 4778.714184766487
residual of the fit... 0.05672132656003217
starting bubble....... 919
time for bubble... 29.22413969039917
effective speed of sound down renormalization...$-\Delta c$ 0.0
residual of the fit... nan
starting bubble....... 919
time for bubble... 29.148571968078613
effective speed of sound down renormalization...$-\Delta c$ 0.0
residual of the fit... nan
starting bubble....... 919
time for bubble... 29.258405447006226
effective speed of sound down renormalization...$-\Delta c$ 0.0
residual of the fit... nan
starting bubble....... 919
time for bubble... 29.21877121925354
effective speed of sound down renormalization...$-\Delta c$ 0.0
residual of the fit... nan
starting bubble....... 919
time for bubble... 29.215646028518677
effective speed of sound down renormalization...$-\Delta c$ 0.0
residual of the fit... nan
starting bubble....... 919
time for bubble... 29.341862201690674
effective speed of sound down renormalization...$-\Delta c$ 0.0
residual of the fit... nan
starting bubble....... 919
time for bubble... 29.359164714813232
effective speed of sound down renormalization...$-\Delta c$ 0.0
residual of the fit... nan
starting bubble....... 919
time for bubble... 29.31119704246521
effective speed of sound down renormalization...$-\Delta c$ 0.0
residual of the fit... nan
starting bubble....... 919
time for bubble... 29.192724466323853
effective speed of sound down renormalization...$-\Delta c$ 0.0
residual of the fit... nan
starting bubble....... 919
time for bubble... 29.21142077445984
effective speed of sound down renormalization...$-\Delta c$ 0.0
residual of the fit... nan
starting bubble....... 919
time for bubble... 29.211660623550415
effective speed of sound down renormalization...$-\Delta c$ 0.0
residual of the fit... nan
starting bubble....... 919
time for bubble... 28.959067821502686
effective speed of sound down renormalization...$-\Delta c$ 0.0
residual of the fit... nan
starting bubble....... 919
time for bubble... 29.02675461769104
effective speed of sound down renormalization...$-\Delta c$ 0.0
residual of the fit... nan
starting bubble....... 919
time for bubble... 29.145658254623413
effective speed of sound down renormalization...$-\Delta c$ 0.0
residual of the fit... nan
starting bubble....... 919
time for bubble... 29.63915753364563
effective speed of sound down renormalization...$-\Delta c$ 0.0
residual of the fit... nan
starting bubble....... 919
time for bubble... 29.27025604248047
effective speed of sound down renormalization...$-\Delta c$ 0.0
residual of the fit... nan
starting bubble....... 919
time for bubble... 29.222843885421753
effective speed of sound down renormalization...$-\Delta c$ 0.0
residual of the fit... nan
starting bubble....... 919
time for bubble... 29.210309505462646
effective speed of sound down renormalization...$-\Delta c$ 0.0
residual of the fit... nan
starting bubble....... 919
time for bubble... 29.320067167282104
effective speed of sound down renormalization...$-\Delta c$ 0.0
residual of the fit... nan
time for sweep delta 584.6195290088654
