starting sampling in reciprocal space....
finished sampling in reciprocal space....t= 0.05202960968017578  s
919 numer of sampling lattice points
taking 0 umklapps
hbvf is .. 2.3382685902179845
q is... 0.07749356643361043
hvkd is... 0.18120077233568196
kappa is.. 0.75
alpha is.. 0.5794677287880602
the twist angle is .. 0.018500490071139894
phonon params 272152047269086.62
phonon params upsilon 3.4019005908635828e+16
area ratio 0.000342258370694157 0.00034225837069415746
correct factor by which the interaction is reduced 76.4430415345447
c tilde 1658.8879779096287
starting sampling in reciprocal space....
finished sampling in reciprocal space....t= 0.5634744167327881  s
starting sampling in reciprocal space....
finished sampling in reciprocal space....t= 0.5588867664337158  s
starting dispersion with 9919 points..........
time to diag over MBZ 6646.9575271606445
saving  ..........
number of bands in density of states calculation, 2
sum of the hist, normed? 8.00000000000002
CHEMICAL POTENTIALS AND FILLINGS [0.00000000e+00 1.18086928e-05 2.59584108e-05 3.77338053e-05
 4.66371259e-05 5.35266668e-05 6.15222105e-05 6.98636882e-05
 8.04570758e-05 9.11252705e-05 1.02677510e-04 1.14604789e-04
 1.27452695e-04 1.41457656e-04 1.56076352e-04 1.70846893e-04
 1.86331245e-04 2.02136793e-04 2.19702307e-04 3.50449237e-04] [0.         0.20526316 0.41052632 0.61578947 0.82105263 1.02631579
 1.23157895 1.43684211 1.64210526 1.84736842 2.05263158 2.25789474
 2.46315789 2.66842105 2.87368421 3.07894737 3.28421053 3.48947368
 3.69473684 3.9       ]
CHEMICAL POTENTIAL AND FILLING 0.0 0.0
starting sampling in reciprocal space....
finished sampling in reciprocal space....t= 0.053154945373535156  s
starting sampling in reciprocal space....
finished sampling in reciprocal space....t= 0.05319571495056152  s
starting dispersion with 919 points..........
time to diag over MBZ 652.5273158550262
starting sampling in reciprocal space....
finished sampling in reciprocal space....t= 0.05228567123413086  s
(6433, 564, 2) (919, 564, 2) (6433,)
starting sampling in reciprocal space....
finished sampling in reciprocal space....t= 0.05173683166503906  s
(6433, 564, 2) (919, 564, 2) (6433,)
calculating tensor that stores the overlaps........
finsihed the overlaps.......... 17.92894220352173
calculating tensor that stores the overlaps........
finsihed the overlaps.......... 16.923791646957397
calculating tensor that stores the overlaps........
finsihed the overlaps.......... 17.191093921661377
calculating tensor that stores the overlaps........
finsihed the overlaps.......... 3.102159023284912
calculating tensor that stores the overlaps........
finsihed the overlaps.......... 17.646061897277832
calculating tensor that stores the overlaps........
finsihed the overlaps.......... 3.563986301422119
testing symmetry of the form factors...
failed C3 symmetry test, plus valley... 0.00011223963119394971
failed C3 symmetry test, minus valley... 0.00011223963119394971
finished testing symmetry of the form factors...
starting bubble....... 919
time for bubble... 29.02396297454834
effective speed of sound down renormalization...$-\Delta c$ 12439.95030211253
residual of the fit... 0.07173470701627294
starting bubble....... 919
time for bubble... 29.368029832839966
effective speed of sound down renormalization...$-\Delta c$ 0.0
residual of the fit... nan
starting bubble....... 919
time for bubble... 29.250114917755127
effective speed of sound down renormalization...$-\Delta c$ 0.0
residual of the fit... nan
starting bubble....... 919
time for bubble... 29.166061878204346
effective speed of sound down renormalization...$-\Delta c$ 0.0
residual of the fit... nan
starting bubble....... 919
time for bubble... 29.144625186920166
effective speed of sound down renormalization...$-\Delta c$ 0.0
residual of the fit... nan
starting bubble....... 919
time for bubble... 29.157258987426758
effective speed of sound down renormalization...$-\Delta c$ 0.0
residual of the fit... nan
starting bubble....... 919
time for bubble... 29.25840425491333
effective speed of sound down renormalization...$-\Delta c$ 0.0
residual of the fit... nan
starting bubble....... 919
time for bubble... 29.237801551818848
effective speed of sound down renormalization...$-\Delta c$ 0.0
residual of the fit... nan
starting bubble....... 919
time for bubble... 29.22417426109314
effective speed of sound down renormalization...$-\Delta c$ 0.0
residual of the fit... nan
starting bubble....... 919
time for bubble... 29.22035574913025
effective speed of sound down renormalization...$-\Delta c$ 0.0
residual of the fit... nan
starting bubble....... 919
time for bubble... 29.184929370880127
effective speed of sound down renormalization...$-\Delta c$ 0.0
residual of the fit... nan
starting bubble....... 919
time for bubble... 29.039350986480713
effective speed of sound down renormalization...$-\Delta c$ 0.0
residual of the fit... nan
starting bubble....... 919
time for bubble... 29.05238628387451
effective speed of sound down renormalization...$-\Delta c$ 0.0
residual of the fit... nan
starting bubble....... 919
time for bubble... 28.980865240097046
effective speed of sound down renormalization...$-\Delta c$ 0.0
residual of the fit... nan
starting bubble....... 919
time for bubble... 29.04131007194519
effective speed of sound down renormalization...$-\Delta c$ 0.0
residual of the fit... nan
starting bubble....... 919
time for bubble... 29.00519824028015
effective speed of sound down renormalization...$-\Delta c$ 0.0
residual of the fit... nan
starting bubble....... 919
time for bubble... 29.039039134979248
effective speed of sound down renormalization...$-\Delta c$ 0.0
residual of the fit... nan
starting bubble....... 919
time for bubble... 29.08509135246277
effective speed of sound down renormalization...$-\Delta c$ 0.0
residual of the fit... nan
starting bubble....... 919
time for bubble... 29.138381719589233
effective speed of sound down renormalization...$-\Delta c$ 0.0
residual of the fit... nan
starting bubble....... 919
time for bubble... 29.0758318901062
effective speed of sound down renormalization...$-\Delta c$ 0.0
residual of the fit... nan
time for sweep delta 582.764078617096
