starting sampling in reciprocal space....
finished sampling in reciprocal space....t= 0.05173897743225098  s
919 numer of sampling lattice points
taking 0 umklapps
hbvf is .. 2.3382685902179845
q is... 0.07310725283461868
hvkd is... 0.17094439302031356
kappa is.. 0.75
alpha is.. 0.6142348289102568
the twist angle is .. 0.017453292519943295
phonon params 215571264817451.22
phonon params upsilon 2.69464081021814e+16
area ratio 0.0003046096872175207 0.00030460968721752167
correct factor by which the interaction is reduced 81.0294969084016
c tilde 1564.9911135429263
starting sampling in reciprocal space....
finished sampling in reciprocal space....t= 0.5642967224121094  s
starting sampling in reciprocal space....
finished sampling in reciprocal space....t= 0.5600175857543945  s
starting dispersion with 9919 points..........
time to diag over MBZ 5577.923622846603
saving  ..........
number of bands in density of states calculation, 2
sum of the hist, normed? 7.99999999999998
CHEMICAL POTENTIALS AND FILLINGS [0.         0.00038761 0.00052206 0.00057298 0.00060252 0.00063359
 0.00068273 0.00074777 0.00082341 0.00091263 0.00101433 0.00113603
 0.00127459 0.00142942 0.00162357 0.00185855 0.00217693 0.00259987
 0.00328133 0.00483658] [0.         0.20526316 0.41052632 0.61578947 0.82105263 1.02631579
 1.23157895 1.43684211 1.64210526 1.84736842 2.05263158 2.25789474
 2.46315789 2.66842105 2.87368421 3.07894737 3.28421053 3.48947368
 3.69473684 3.9       ]
CHEMICAL POTENTIAL AND FILLING 0.0 0.0
starting sampling in reciprocal space....
finished sampling in reciprocal space....t= 0.05307912826538086  s
starting sampling in reciprocal space....
finished sampling in reciprocal space....t= 0.05307412147521973  s
starting dispersion with 919 points..........
time to diag over MBZ 389.4980933666229
starting sampling in reciprocal space....
finished sampling in reciprocal space....t= 0.051934242248535156  s
(6433, 564, 2) (919, 564, 2) (6433,)
starting sampling in reciprocal space....
finished sampling in reciprocal space....t= 0.05309438705444336  s
(6433, 564, 2) (919, 564, 2) (6433,)
calculating tensor that stores the overlaps........
finsihed the overlaps.......... 18.867827892303467
calculating tensor that stores the overlaps........
finsihed the overlaps.......... 17.112416744232178
calculating tensor that stores the overlaps........
finsihed the overlaps.......... 16.59769082069397
calculating tensor that stores the overlaps........
finsihed the overlaps.......... 3.610886812210083
calculating tensor that stores the overlaps........
finsihed the overlaps.......... 17.702044248580933
calculating tensor that stores the overlaps........
finsihed the overlaps.......... 3.001781940460205
testing symmetry of the form factors...
failed C3 symmetry test, plus valley... 0.00012365959035785147
failed C3 symmetry test, minus valley... 0.00012365959035785147
finished testing symmetry of the form factors...
starting bubble....... 919
time for bubble... 29.174060344696045
effective speed of sound down renormalization...$-\Delta c$ 3211.554125198669
residual of the fit... 0.07050367703817045
starting bubble....... 919
time for bubble... 29.067440271377563
effective speed of sound down renormalization...$-\Delta c$ 0.0
residual of the fit... nan
starting bubble....... 919
time for bubble... 29.138636589050293
effective speed of sound down renormalization...$-\Delta c$ 0.0
residual of the fit... nan
starting bubble....... 919
time for bubble... 29.390769720077515
effective speed of sound down renormalization...$-\Delta c$ 0.0
residual of the fit... nan
starting bubble....... 919
time for bubble... 29.315887689590454
effective speed of sound down renormalization...$-\Delta c$ 0.0
residual of the fit... nan
starting bubble....... 919
time for bubble... 29.20354986190796
effective speed of sound down renormalization...$-\Delta c$ 0.0
residual of the fit... nan
starting bubble....... 919
time for bubble... 29.318035125732422
effective speed of sound down renormalization...$-\Delta c$ 0.0
residual of the fit... nan
starting bubble....... 919
time for bubble... 29.244783639907837
effective speed of sound down renormalization...$-\Delta c$ 0.0
residual of the fit... nan
starting bubble....... 919
time for bubble... 29.213518857955933
effective speed of sound down renormalization...$-\Delta c$ 0.0
residual of the fit... nan
starting bubble....... 919
time for bubble... 29.105278730392456
effective speed of sound down renormalization...$-\Delta c$ 0.0
residual of the fit... nan
starting bubble....... 919
time for bubble... 29.141940593719482
effective speed of sound down renormalization...$-\Delta c$ 0.0
residual of the fit... nan
starting bubble....... 919
time for bubble... 29.06339144706726
effective speed of sound down renormalization...$-\Delta c$ 0.0
residual of the fit... nan
starting bubble....... 919
time for bubble... 29.131703853607178
effective speed of sound down renormalization...$-\Delta c$ 0.0
residual of the fit... nan
starting bubble....... 919
time for bubble... 29.11203098297119
effective speed of sound down renormalization...$-\Delta c$ 0.0
residual of the fit... nan
starting bubble....... 919
time for bubble... 29.28659415245056
effective speed of sound down renormalization...$-\Delta c$ 0.0
residual of the fit... nan
starting bubble....... 919
time for bubble... 29.61877131462097
effective speed of sound down renormalization...$-\Delta c$ 0.0
residual of the fit... nan
starting bubble....... 919
time for bubble... 29.173494338989258
effective speed of sound down renormalization...$-\Delta c$ 0.0
residual of the fit... nan
starting bubble....... 919
time for bubble... 29.266958713531494
effective speed of sound down renormalization...$-\Delta c$ 0.0
residual of the fit... nan
starting bubble....... 919
time for bubble... 29.174865007400513
effective speed of sound down renormalization...$-\Delta c$ 0.0
residual of the fit... nan
starting bubble....... 919
time for bubble... 29.320920944213867
effective speed of sound down renormalization...$-\Delta c$ 0.0
residual of the fit... nan
time for sweep delta 584.5215992927551
