starting sampling in reciprocal space....
finished sampling in reciprocal space....t= 0.036665916442871094  s
919 numer of sampling lattice points
taking 0 umklapps
hbvf is .. 2.1354
q is... 0.08290332381738826
hvkd is... 0.1770317576796509
kappa is.. 0.8174358974358973
alpha is.. 0.5507486412490568
the twist angle is .. 0.0197920337176157
phonon params 712962649407612.5 72.70275071916421 9087.843839895526
starting sampling in reciprocal space....
finished sampling in reciprocal space....t= 0.42981743812561035  s
starting sampling in reciprocal space....
finished sampling in reciprocal space....t= 0.3544166088104248  s
starting dispersion ..........
time to diag over MBZ 722.5856490135193
saving  ..........
number of bands in density of states calculation, 2
sum of the hist, normed? 8.0
CHEMICAL POTENTIAL AND FILLING 0.0 0.0
starting sampling in reciprocal space....
finished sampling in reciprocal space....t= 0.0274045467376709  s
starting sampling in reciprocal space....
finished sampling in reciprocal space....t= 0.027303218841552734  s
starting dispersion ..........
time to diag over MBZ 58.0630841255188
starting sampling in reciprocal space....
finished sampling in reciprocal space....t= 0.028469562530517578  s
(6433, 564, 2) (919, 564, 2) (6433,)
starting sampling in reciprocal space....
finished sampling in reciprocal space....t= 0.0289156436920166  s
(6433, 564, 2) (919, 564, 2) (6433,)
calculating tensor that stores the overlaps........
finsihed the overlaps.......... 4.7561140060424805
calculating tensor that stores the overlaps........
finsihed the overlaps.......... 4.191057443618774
calculating tensor that stores the overlaps........
finsihed the overlaps.......... 4.396093130111694
calculating tensor that stores the overlaps........
finsihed the overlaps.......... 1.746140480041504
calculating tensor that stores the overlaps........
finsihed the overlaps.......... 4.2372612953186035
calculating tensor that stores the overlaps........
finsihed the overlaps.......... 0.9776360988616943
testing symmetry of the form factors...
plus valley form factor passed the C3 symmetry test with average difference...  1.968965987358179e-15
minus valley form factor passed the C3 symmetry test with average difference...  2.1355384659257345e-15
finished testing symmetry of the form factors...
starting bubble....... 919
time for bubble... 23.437108039855957
effective speed of sound down renormalization...$-\Delta c$ 4744.859092482178
residual of the fit... 0.06828474578047372
starting bubble....... 919
time for bubble... 23.345858335494995
effective speed of sound down renormalization...$-\Delta c$ 5794.0564421393965
residual of the fit... 0.05032023665661448
starting bubble....... 919
time for bubble... 23.196155309677124
effective speed of sound down renormalization...$-\Delta c$ 6090.161627120803
residual of the fit... 0.08070553311682414
starting bubble....... 919
time for bubble... 23.40537166595459
effective speed of sound down renormalization...$-\Delta c$ 4372.02815148452
residual of the fit... 0.022056719358748516
starting bubble....... 919
time for bubble... 23.450933933258057
effective speed of sound down renormalization...$-\Delta c$ 3378.24932937353
residual of the fit... 0.06392594448040678
starting bubble....... 919
time for bubble... 23.398078203201294
effective speed of sound down renormalization...$-\Delta c$ 2186.61596036543
residual of the fit... 0.03382270268858421
starting bubble....... 919
time for bubble... 23.414234161376953
effective speed of sound down renormalization...$-\Delta c$ 623.6267679077132
residual of the fit... 0.023577795245991646
time for sweep delta 163.66174173355103
25281.29user 763.59system 16:44.10elapsed 2593%CPU (0avgtext+0avgdata 99132136maxresident)k
0inputs+1776outputs (61major+145760372minor)pagefaults 0swaps
starting sampling in reciprocal space....
finished sampling in reciprocal space....t= 0.036620140075683594  s
919 numer of sampling lattice points
taking 0 umklapps
hbvf is .. 2.1354
q is... 0.08290332381738826
hvkd is... 0.1770317576796509
kappa is.. 0.8174358974358973
alpha is.. 0.5507486412490568
the twist angle is .. 0.0197920337176157
phonon params 712962649407612.5 72.70275071916421 9087.843839895526
starting sampling in reciprocal space....
finished sampling in reciprocal space....t= 0.42693161964416504  s
starting sampling in reciprocal space....
finished sampling in reciprocal space....t= 0.351825475692749  s
starting dispersion ..........
time to diag over MBZ 714.2922735214233
saving  ..........
number of bands in density of states calculation, 2
sum of the hist, normed? 8.0
CHEMICAL POTENTIAL AND FILLING 0.0 0.0
starting sampling in reciprocal space....
finished sampling in reciprocal space....t= 0.02767491340637207  s
starting sampling in reciprocal space....
finished sampling in reciprocal space....t= 0.027100086212158203  s
starting dispersion ..........
time to diag over MBZ 63.35870409011841
starting sampling in reciprocal space....
finished sampling in reciprocal space....t= 0.027080297470092773  s
(6433, 564, 2) (919, 564, 2) (6433,)
starting sampling in reciprocal space....
finished sampling in reciprocal space....t= 0.02715468406677246  s
(6433, 564, 2) (919, 564, 2) (6433,)
calculating tensor that stores the overlaps........
finsihed the overlaps.......... 5.4009644985198975
calculating tensor that stores the overlaps........
finsihed the overlaps.......... 1.6304657459259033
calculating tensor that stores the overlaps........
finsihed the overlaps.......... 4.60534405708313
calculating tensor that stores the overlaps........
finsihed the overlaps.......... 0.9994475841522217
testing symmetry of the form factors...
plus valley form factor passed the C3 symmetry test with average difference...  1.7325467037416039e-15
minus valley form factor passed the C3 symmetry test with average difference...  1.6061800564392925e-15
finished testing symmetry of the form factors...
starting bubble....... 919
time for bubble... 23.159841537475586
effective speed of sound down renormalization...$-\Delta c$ 4852.176270952664
residual of the fit... 0.05388327209689871
starting bubble....... 919
time for bubble... 23.158101320266724
effective speed of sound down renormalization...$-\Delta c$ 5857.688688060778
residual of the fit... 0.04679531878263646
starting bubble....... 919
time for bubble... 23.09262251853943
effective speed of sound down renormalization...$-\Delta c$ 6012.056201330464
residual of the fit... 0.0202631347063297
starting bubble....... 919
time for bubble... 23.309558153152466
effective speed of sound down renormalization...$-\Delta c$ 4442.2956623735945
residual of the fit... 0.0024417941305211227
starting bubble....... 919
time for bubble... 23.36838173866272
effective speed of sound down renormalization...$-\Delta c$ 3415.076182504242
residual of the fit... 0.03958574931905124
starting bubble....... 919
time for bubble... 23.28300452232361
effective speed of sound down renormalization...$-\Delta c$ 2225.2566492814994
residual of the fit... 0.028915806189168274
starting bubble....... 919
time for bubble... 23.30701470375061
effective speed of sound down renormalization...$-\Delta c$ 508.27046983152803
residual of the fit... 0.3396439473177984
time for sweep delta 162.6914303302765
24930.44user 759.23system 16:26.89elapsed 2603%CPU (0avgtext+0avgdata 99131560maxresident)k
0inputs+1712outputs (124major+140300361minor)pagefaults 0swaps
