starting sampling in reciprocal space....
finished sampling in reciprocal space....t= 0.008997917175292969  s
91 numer of sampling lattice points
taking 0 umklapps
hbvf is .. 2.3382685902179845
q is... 0.08772821346553646
hvkd is... 0.20513212602240233
kappa is.. 0.75
alpha is.. 0.511865216024393
the twist angle is .. 0.020943951023931952
starting sampling in reciprocal space....
finished sampling in reciprocal space....t= 0.005217313766479492  s
starting sampling in reciprocal space....
finished sampling in reciprocal space....t= 0.004155874252319336  s
starting dispersion ..........
time to diag over MBZ 9.052725076675415
number of bands in density of states calculation, 2
sum of the hist, normed? 8.000000000000002
CHEMICAL POTENTIAL AND FILLING 0.0 0.0
starting sampling in reciprocal space....
finished sampling in reciprocal space....t= 0.0041391849517822266  s
(1680,)
the bandwidth is ... 0.034794776570457375
164.51user 4.43system 0:22.43elapsed 752%CPU (0avgtext+0avgdata 1373604maxresident)k
0inputs+232outputs (0major+2447744minor)pagefaults 0swaps
