starting sampling in reciprocal space....
finished sampling in reciprocal space....t= 0.051172733306884766  s
919 numer of sampling lattice points
taking 0 umklapps
hbvf is .. 2.7
q is... 0.08597371142192678
hvkd is... 0.2321290208392023
kappa is.. 0.85
alpha is.. 0.45233465260138395
the twist angle is .. 0.02052507200345332
phonon params 824596919822312.0 67.60259669152454 8450.324586440567
starting sampling in reciprocal space....
finished sampling in reciprocal space....t= 0.3618950843811035  s
starting sampling in reciprocal space....
finished sampling in reciprocal space....t= 0.36515021324157715  s
starting dispersion ..........
time to diag over MBZ 1997.7382431030273
saving  ..........
number of bands in density of states calculation, 2
sum of the hist, normed? 7.999999999999961
CHEMICAL POTENTIAL AND FILLING 0.0 0.0
starting sampling in reciprocal space....
finished sampling in reciprocal space....t= 0.05212664604187012  s
starting sampling in reciprocal space....
finished sampling in reciprocal space....t= 0.051735639572143555  s
starting dispersion ..........
time to diag over MBZ 457.3587565422058
starting sampling in reciprocal space....
finished sampling in reciprocal space....t= 0.05186891555786133  s
(6433, 564, 2) (919, 564, 2) (6433,)
starting sampling in reciprocal space....
finished sampling in reciprocal space....t= 0.05180239677429199  s
(6433, 564, 2) (919, 564, 2) (6433,)
calculating tensor that stores the overlaps........
finsihed the overlaps.......... 14.935903787612915
calculating tensor that stores the overlaps........
finsihed the overlaps.......... 14.908754587173462
calculating tensor that stores the overlaps........
finsihed the overlaps.......... 15.609079122543335
calculating tensor that stores the overlaps........
finsihed the overlaps.......... 2.9957199096679688
calculating tensor that stores the overlaps........
finsihed the overlaps.......... 15.128660202026367
calculating tensor that stores the overlaps........
finsihed the overlaps.......... 2.997779607772827
testing symmetry of the form factors...
plus valley form factor passed the C3 symmetry test with average difference...  6.261561383452731e-15
minus valley form factor passed the C3 symmetry test with average difference...  4.6676496031710584e-15
finished testing symmetry of the form factors...
starting bubble....... 919
time for bubble... 29.396608352661133
effective speed of sound down renormalization...$-\Delta c$ 1757.845149547611
residual of the fit... 0.07370923756088227
starting bubble....... 919
time for bubble... 29.39245867729187
effective speed of sound down renormalization...$-\Delta c$ 1892.1535480290272
residual of the fit... 0.005823180741591964
starting bubble....... 919
time for bubble... 29.433529376983643
effective speed of sound down renormalization...$-\Delta c$ 2271.03109694806
residual of the fit... 0.006305419650208799
starting bubble....... 919
time for bubble... 29.490432024002075
effective speed of sound down renormalization...$-\Delta c$ 1750.33295027267
residual of the fit... 0.02238893006551414
starting bubble....... 919
time for bubble... 29.611438512802124
effective speed of sound down renormalization...$-\Delta c$ 1247.0865002127034
residual of the fit... 0.006878858544415441
starting bubble....... 919
time for bubble... 29.513501167297363
effective speed of sound down renormalization...$-\Delta c$ 767.9180165886166
residual of the fit... 0.04321681927658043
starting bubble....... 919
time for bubble... 29.520796060562134
effective speed of sound down renormalization...$-\Delta c$ 247.71229119454676
residual of the fit... 0.019018625638667224
time for sweep delta 206.37707233428955
