starting sampling in reciprocal space....
finished sampling in reciprocal space....t= 0.051660776138305664  s
919 numer of sampling lattice points
taking 0 umklapps
hbvf is .. 2.7
q is... 0.07829772165774311
hvkd is... 0.2114038484759064
kappa is.. 0.3
alpha is.. 0.4966796998114573
the twist angle is .. 0.01869247628885927
phonon params 283625654493299.25
phonon params upsilon 3.5453206811662404e+16
area ratio 0.000349398496059849 0.00034939849605984837
correct factor by which the interaction is reduced 75.65793476646677
c tilde 1676.1023544711923
starting sampling in reciprocal space....
finished sampling in reciprocal space....t= 0.5615687370300293  s
starting sampling in reciprocal space....
finished sampling in reciprocal space....t= 0.5693695545196533  s
starting dispersion ..........
time to diag over MBZ 2795.0714886188507
saving  ..........
number of bands in density of states calculation, 2
sum of the hist, normed? 7.999999999999969
CHEMICAL POTENTIAL AND FILLING 0.0 0.0
starting sampling in reciprocal space....
finished sampling in reciprocal space....t= 0.052278995513916016  s
starting sampling in reciprocal space....
finished sampling in reciprocal space....t= 0.051876068115234375  s
starting dispersion ..........
time to diag over MBZ 270.9496102333069
starting sampling in reciprocal space....
finished sampling in reciprocal space....t= 0.052086830139160156  s
(6433, 564, 2) (919, 564, 2) (6433,)
starting sampling in reciprocal space....
finished sampling in reciprocal space....t= 0.051612138748168945  s
(6433, 564, 2) (919, 564, 2) (6433,)
calculating tensor that stores the overlaps........
finsihed the overlaps.......... 15.043994903564453
calculating tensor that stores the overlaps........
finsihed the overlaps.......... 14.935850858688354
calculating tensor that stores the overlaps........
finsihed the overlaps.......... 15.12011456489563
calculating tensor that stores the overlaps........
finsihed the overlaps.......... 2.7537121772766113
calculating tensor that stores the overlaps........
finsihed the overlaps.......... 15.11915636062622
calculating tensor that stores the overlaps........
finsihed the overlaps.......... 2.99580717086792
testing symmetry of the form factors...
plus valley form factor passed the C3 symmetry test with average difference...  6.3574674061119515e-15
minus valley form factor passed the C3 symmetry test with average difference...  5.8394104404360735e-15
finished testing symmetry of the form factors...
starting bubble....... 919
time for bubble... 29.210397481918335
effective speed of sound down renormalization...$-\Delta c$ 1291.4469932431307
residual of the fit... 0.08778476370085782
starting bubble....... 919
time for bubble... 29.37072443962097
effective speed of sound down renormalization...$-\Delta c$ 1296.2373054579105
residual of the fit... 0.04431589552214161
starting bubble....... 919
time for bubble... 29.326924562454224
effective speed of sound down renormalization...$-\Delta c$ 1281.3588125192684
residual of the fit... 0.06441835266282407
starting bubble....... 919
time for bubble... 29.385695934295654
effective speed of sound down renormalization...$-\Delta c$ 1278.3244509368851
residual of the fit... 0.0698445470815258
starting bubble....... 919
time for bubble... 29.315152645111084
effective speed of sound down renormalization...$-\Delta c$ 1366.543381051325
residual of the fit... 0.012425979380308299
starting bubble....... 919
time for bubble... 29.306102991104126
effective speed of sound down renormalization...$-\Delta c$ 1342.1649087820988
residual of the fit... 0.060090918333834405
starting bubble....... 919
time for bubble... 29.347391605377197
effective speed of sound down renormalization...$-\Delta c$ 1460.5510194224826
residual of the fit... 0.03656242076770366
starting bubble....... 919
time for bubble... 29.330021142959595
effective speed of sound down renormalization...$-\Delta c$ 1575.7028191809632
residual of the fit... 0.030587157281223992
starting bubble....... 919
time for bubble... 29.37428092956543
effective speed of sound down renormalization...$-\Delta c$ 1650.1251553082059
residual of the fit... 0.02355236157861173
starting bubble....... 919
time for bubble... 29.38010311126709
effective speed of sound down renormalization...$-\Delta c$ 1451.2286158007582
residual of the fit... 0.07463939129889197
starting bubble....... 919
time for bubble... 29.433055877685547
effective speed of sound down renormalization...$-\Delta c$ 1195.6639579843286
residual of the fit... 0.02728150381259686
starting bubble....... 919
time for bubble... 29.379956007003784
effective speed of sound down renormalization...$-\Delta c$ 1075.9259507156041
residual of the fit... 0.024309928714893753
starting bubble....... 919
time for bubble... 29.437152862548828
effective speed of sound down renormalization...$-\Delta c$ 945.5374420365551
residual of the fit... 0.01102130051404462
starting bubble....... 919
time for bubble... 29.390527963638306
effective speed of sound down renormalization...$-\Delta c$ 811.9822730189977
residual of the fit... 0.021726263487531476
starting bubble....... 919
time for bubble... 29.389395236968994
effective speed of sound down renormalization...$-\Delta c$ 680.3482679283404
residual of the fit... 0.015208682507094414
starting bubble....... 919
time for bubble... 29.4944908618927
effective speed of sound down renormalization...$-\Delta c$ 555.8090711051653
residual of the fit... 0.011212919252017218
starting bubble....... 919
time for bubble... 29.629619359970093
effective speed of sound down renormalization...$-\Delta c$ 446.89553960355636
residual of the fit... 0.00819519418013141
starting bubble....... 919
time for bubble... 29.959524154663086
effective speed of sound down renormalization...$-\Delta c$ 330.62012164360584
residual of the fit... 0.01007753684714618
starting bubble....... 919
time for bubble... 29.54501748085022
effective speed of sound down renormalization...$-\Delta c$ 222.97741649780914
residual of the fit... 0.004522348335023749
starting bubble....... 919
time for bubble... 29.688429355621338
effective speed of sound down renormalization...$-\Delta c$ 93.77910321471605
residual of the fit... 0.08976339510574909
time for sweep delta 588.7337877750397
