starting sampling in reciprocal space....
finished sampling in reciprocal space....t= 0.05122709274291992  s
919 numer of sampling lattice points
taking 0 umklapps
hbvf is .. 2.3382685902179845
q is... 0.07237619858704214
hvkd is... 0.1692349918354599
kappa is.. 0.75
alpha is.. 0.6204390644110238
the twist angle is .. 0.017278759594743863
phonon params 207077106068237.16
phonon params upsilon 2.5884638258529644e+16
area ratio 0.00029854810525634486 0.00029854810525634426
correct factor by which the interaction is reduced 81.8479560020036
c tilde 1549.3415937399657
starting sampling in reciprocal space....
finished sampling in reciprocal space....t= 0.56595778465271  s
starting sampling in reciprocal space....
finished sampling in reciprocal space....t= 0.5681006908416748  s
starting dispersion with 9919 points..........
time to diag over MBZ 3707.8658261299133
saving  ..........
number of bands in density of states calculation, 2
sum of the hist, normed? 7.999999999999931
CHEMICAL POTENTIALS AND FILLINGS [0.         0.00044109 0.00059404 0.00063349 0.00066639 0.0007106
 0.00077124 0.00084387 0.00093287 0.00103735 0.00115033 0.00129048
 0.00144685 0.00162001 0.00183902 0.0021044  0.00244847 0.00290974
 0.00364051 0.00546074] [0.         0.20526316 0.41052632 0.61578947 0.82105263 1.02631579
 1.23157895 1.43684211 1.64210526 1.84736842 2.05263158 2.25789474
 2.46315789 2.66842105 2.87368421 3.07894737 3.28421053 3.48947368
 3.69473684 3.9       ]
CHEMICAL POTENTIAL AND FILLING 0.0 0.0
starting sampling in reciprocal space....
finished sampling in reciprocal space....t= 0.05305051803588867  s
starting sampling in reciprocal space....
finished sampling in reciprocal space....t= 0.052297353744506836  s
starting dispersion with 919 points..........
time to diag over MBZ 305.8402943611145
starting sampling in reciprocal space....
finished sampling in reciprocal space....t= 0.05148482322692871  s
(6433, 564, 2) (919, 564, 2) (6433,)
starting sampling in reciprocal space....
finished sampling in reciprocal space....t= 0.05266618728637695  s
(6433, 564, 2) (919, 564, 2) (6433,)
calculating tensor that stores the overlaps........
finsihed the overlaps.......... 14.826825141906738
calculating tensor that stores the overlaps........
finsihed the overlaps.......... 15.243125677108765
calculating tensor that stores the overlaps........
finsihed the overlaps.......... 14.599294185638428
calculating tensor that stores the overlaps........
finsihed the overlaps.......... 3.2499430179595947
calculating tensor that stores the overlaps........
finsihed the overlaps.......... 18.748400926589966
calculating tensor that stores the overlaps........
finsihed the overlaps.......... 1.8495581150054932
testing symmetry of the form factors...
failed C3 symmetry test, plus valley... 0.00012503300590830115
failed C3 symmetry test, minus valley... 0.00012503300590830115
finished testing symmetry of the form factors...
starting bubble....... 919
time for bubble... 29.183918714523315
effective speed of sound down renormalization...$-\Delta c$ 2971.3580574872185
residual of the fit... 0.07068185224473683
starting bubble....... 919
time for bubble... 29.421254873275757
effective speed of sound down renormalization...$-\Delta c$ 0.0
residual of the fit... nan
starting bubble....... 919
time for bubble... 29.548591136932373
effective speed of sound down renormalization...$-\Delta c$ 0.0
residual of the fit... nan
starting bubble....... 919
time for bubble... 29.633083820343018
effective speed of sound down renormalization...$-\Delta c$ 0.0
residual of the fit... nan
starting bubble....... 919
time for bubble... 29.616025924682617
effective speed of sound down renormalization...$-\Delta c$ 0.0
residual of the fit... nan
starting bubble....... 919
time for bubble... 29.57173752784729
effective speed of sound down renormalization...$-\Delta c$ 0.0
residual of the fit... nan
starting bubble....... 919
time for bubble... 29.557347774505615
effective speed of sound down renormalization...$-\Delta c$ 0.0
residual of the fit... nan
starting bubble....... 919
time for bubble... 29.6154727935791
effective speed of sound down renormalization...$-\Delta c$ 0.0
residual of the fit... nan
starting bubble....... 919
time for bubble... 29.605451583862305
effective speed of sound down renormalization...$-\Delta c$ 0.0
residual of the fit... nan
starting bubble....... 919
time for bubble... 29.314167022705078
effective speed of sound down renormalization...$-\Delta c$ 0.0
residual of the fit... nan
starting bubble....... 919
time for bubble... 29.163306951522827
effective speed of sound down renormalization...$-\Delta c$ 0.0
residual of the fit... nan
starting bubble....... 919
time for bubble... 29.35534167289734
effective speed of sound down renormalization...$-\Delta c$ 0.0
residual of the fit... nan
starting bubble....... 919
time for bubble... 29.553852558135986
effective speed of sound down renormalization...$-\Delta c$ 0.0
residual of the fit... nan
starting bubble....... 919
time for bubble... 29.26098895072937
effective speed of sound down renormalization...$-\Delta c$ 0.0
residual of the fit... nan
starting bubble....... 919
time for bubble... 29.307172060012817
effective speed of sound down renormalization...$-\Delta c$ 0.0
residual of the fit... nan
starting bubble....... 919
time for bubble... 29.263700008392334
effective speed of sound down renormalization...$-\Delta c$ 0.0
residual of the fit... nan
starting bubble....... 919
time for bubble... 29.203598976135254
effective speed of sound down renormalization...$-\Delta c$ 0.0
residual of the fit... nan
starting bubble....... 919
time for bubble... 29.219400882720947
effective speed of sound down renormalization...$-\Delta c$ 0.0
residual of the fit... nan
starting bubble....... 919
time for bubble... 29.170130729675293
effective speed of sound down renormalization...$-\Delta c$ 0.0
residual of the fit... nan
starting bubble....... 919
time for bubble... 29.26608109474182
effective speed of sound down renormalization...$-\Delta c$ 0.0
residual of the fit... nan
time for sweep delta 587.8713045120239
