starting sampling in reciprocal space....
finished sampling in reciprocal space....t= 0.050562143325805664  s
919 numer of sampling lattice points
taking 0 umklapps
hbvf is .. 2.3382685902179845
q is... 0.07676251561000431
hvkd is... 0.17949137915699082
kappa is.. 0.75
alpha is.. 0.5849863123964439
the twist angle is .. 0.01832595714594046
phonon params 262026856138636.84
phonon params upsilon 3.2753357017329604e+16
area ratio 0.0003358313063384534 0.0003358313063384533
correct factor by which the interaction is reduced 77.17104983428196
c tilde 1643.2385314028643
starting sampling in reciprocal space....
finished sampling in reciprocal space....t= 0.5486855506896973  s
starting sampling in reciprocal space....
finished sampling in reciprocal space....t= 0.5521755218505859  s
starting dispersion with 9919 points..........
time to diag over MBZ 4472.516691446304
saving  ..........
number of bands in density of states calculation, 2
sum of the hist, normed? 7.999999999999962
CHEMICAL POTENTIALS AND FILLINGS [0.00000000e+00 1.03376182e-05 1.88718036e-05 2.51758736e-05
 3.07558069e-05 3.75594866e-05 4.75167510e-05 5.88545959e-05
 7.29467141e-05 9.09100360e-05 1.15164718e-04 1.42148139e-04
 1.77329880e-04 2.21111811e-04 2.76750265e-04 3.47860148e-04
 4.44384623e-04 5.82617515e-04 7.89779471e-04 1.21568108e-03] [0.         0.20526316 0.41052632 0.61578947 0.82105263 1.02631579
 1.23157895 1.43684211 1.64210526 1.84736842 2.05263158 2.25789474
 2.46315789 2.66842105 2.87368421 3.07894737 3.28421053 3.48947368
 3.69473684 3.9       ]
CHEMICAL POTENTIAL AND FILLING 0.0 0.0
starting sampling in reciprocal space....
finished sampling in reciprocal space....t= 0.052245140075683594  s
starting sampling in reciprocal space....
finished sampling in reciprocal space....t= 0.05214667320251465  s
starting dispersion with 919 points..........
time to diag over MBZ 336.7569830417633
starting sampling in reciprocal space....
finished sampling in reciprocal space....t= 0.051882028579711914  s
(6433, 564, 2) (919, 564, 2) (6433,)
starting sampling in reciprocal space....
finished sampling in reciprocal space....t= 0.05150341987609863  s
(6433, 564, 2) (919, 564, 2) (6433,)
calculating tensor that stores the overlaps........
finsihed the overlaps.......... 15.647624492645264
calculating tensor that stores the overlaps........
finsihed the overlaps.......... 2.8252742290496826
calculating tensor that stores the overlaps........
finsihed the overlaps.......... 16.027508974075317
calculating tensor that stores the overlaps........
finsihed the overlaps.......... 3.0296497344970703
testing symmetry of the form factors...
failed C3 symmetry test, plus valley... 7.611993037364627e-05
failed C3 symmetry test, minus valley... 7.611993037364627e-05
finished testing symmetry of the form factors...
starting bubble....... 919
time for bubble... 28.813173294067383
effective speed of sound down renormalization...$-\Delta c$ 11735.783106205594
residual of the fit... 0.07139957958232572
starting bubble....... 919
time for bubble... 28.86736822128296
effective speed of sound down renormalization...$-\Delta c$ 0.0
residual of the fit... nan
starting bubble....... 919
time for bubble... 28.921562910079956
effective speed of sound down renormalization...$-\Delta c$ 0.0
residual of the fit... nan
starting bubble....... 919
time for bubble... 28.988657236099243
effective speed of sound down renormalization...$-\Delta c$ 0.0
residual of the fit... nan
starting bubble....... 919
time for bubble... 28.986411809921265
effective speed of sound down renormalization...$-\Delta c$ 0.0
residual of the fit... nan
starting bubble....... 919
time for bubble... 29.056663751602173
effective speed of sound down renormalization...$-\Delta c$ 0.0
residual of the fit... nan
starting bubble....... 919
time for bubble... 29.042967319488525
effective speed of sound down renormalization...$-\Delta c$ 0.0
residual of the fit... nan
starting bubble....... 919
time for bubble... 29.03507423400879
effective speed of sound down renormalization...$-\Delta c$ 0.0
residual of the fit... nan
starting bubble....... 919
time for bubble... 29.049378395080566
effective speed of sound down renormalization...$-\Delta c$ 0.0
residual of the fit... nan
starting bubble....... 919
time for bubble... 29.308794021606445
effective speed of sound down renormalization...$-\Delta c$ 0.0
residual of the fit... nan
starting bubble....... 919
time for bubble... 29.288328409194946
effective speed of sound down renormalization...$-\Delta c$ 0.0
residual of the fit... nan
starting bubble....... 919
time for bubble... 29.25979471206665
effective speed of sound down renormalization...$-\Delta c$ 0.0
residual of the fit... nan
starting bubble....... 919
time for bubble... 29.01853656768799
effective speed of sound down renormalization...$-\Delta c$ 0.0
residual of the fit... nan
starting bubble....... 919
time for bubble... 29.242717504501343
effective speed of sound down renormalization...$-\Delta c$ 0.0
residual of the fit... nan
starting bubble....... 919
time for bubble... 29.540939807891846
effective speed of sound down renormalization...$-\Delta c$ 0.0
residual of the fit... nan
starting bubble....... 919
time for bubble... 29.59102153778076
effective speed of sound down renormalization...$-\Delta c$ 0.0
residual of the fit... nan
starting bubble....... 919
time for bubble... 29.07995581626892
effective speed of sound down renormalization...$-\Delta c$ 0.0
residual of the fit... nan
starting bubble....... 919
time for bubble... 28.86753535270691
effective speed of sound down renormalization...$-\Delta c$ 0.0
residual of the fit... nan
starting bubble....... 919
time for bubble... 28.955970764160156
effective speed of sound down renormalization...$-\Delta c$ 0.0
residual of the fit... nan
starting bubble....... 919
time for bubble... 29.163573503494263
effective speed of sound down renormalization...$-\Delta c$ 0.0
residual of the fit... nan
time for sweep delta 582.1586270332336
