starting sampling in reciprocal space....
finished sampling in reciprocal space....t= 0.051363229751586914  s
919 numer of sampling lattice points
taking 0 umklapps
hbvf is .. 2.7
q is... 0.06755122699017235
hvkd is... 0.18238831287346535
kappa is.. 0.75
alpha is.. 0.5756947818956214
the twist angle is .. 0.016126842288427607
phonon params 314276548199953.2 109.50356160897735 13687.94520112217
starting sampling in reciprocal space....
finished sampling in reciprocal space....t= 0.37524843215942383  s
starting sampling in reciprocal space....
finished sampling in reciprocal space....t= 0.3635261058807373  s
starting dispersion ..........
time to diag over MBZ 6388.170441627502
saving  ..........
number of bands in density of states calculation, 2
sum of the hist, normed? 7.999999999999962
CHEMICAL POTENTIAL AND FILLING 0.0 0.0
starting sampling in reciprocal space....
finished sampling in reciprocal space....t= 0.05197262763977051  s
starting sampling in reciprocal space....
finished sampling in reciprocal space....t= 0.05237317085266113  s
starting dispersion ..........
time to diag over MBZ 382.84121203422546
starting sampling in reciprocal space....
finished sampling in reciprocal space....t= 0.05191540718078613  s
(6433, 564, 2) (919, 564, 2) (6433,)
starting sampling in reciprocal space....
finished sampling in reciprocal space....t= 0.05431079864501953  s
(6433, 564, 2) (919, 564, 2) (6433,)
calculating tensor that stores the overlaps........
finsihed the overlaps.......... 19.956581115722656
calculating tensor that stores the overlaps........
finsihed the overlaps.......... 19.0860857963562
calculating tensor that stores the overlaps........
finsihed the overlaps.......... 21.45095181465149
calculating tensor that stores the overlaps........
finsihed the overlaps.......... 3.963840961456299
calculating tensor that stores the overlaps........
finsihed the overlaps.......... 19.900025129318237
calculating tensor that stores the overlaps........
finsihed the overlaps.......... 4.1072094440460205
testing symmetry of the form factors...
plus valley form factor passed the C3 symmetry test with average difference...  1.8828242771611205e-15
minus valley form factor passed the C3 symmetry test with average difference...  2.2216667099711398e-15
finished testing symmetry of the form factors...
starting bubble....... 919
time for bubble... 29.776330947875977
effective speed of sound down renormalization...$-\Delta c$ 8851.367938127862
residual of the fit... 0.06308693221896343
starting bubble....... 919
time for bubble... 29.679399967193604
effective speed of sound down renormalization...$-\Delta c$ 11480.392495196898
residual of the fit... 0.06767034049280886
starting bubble....... 919
time for bubble... 29.62001323699951
effective speed of sound down renormalization...$-\Delta c$ 9670.736605758506
residual of the fit... 0.017711046712046572
starting bubble....... 919
time for bubble... 29.614021062850952
effective speed of sound down renormalization...$-\Delta c$ 7660.508951156896
residual of the fit... 0.041877697210964245
starting bubble....... 919
time for bubble... 29.66293692588806
effective speed of sound down renormalization...$-\Delta c$ 5875.224928871337
residual of the fit... 0.003756646575717386
starting bubble....... 919
time for bubble... 29.718189001083374
effective speed of sound down renormalization...$-\Delta c$ 4474.459249149474
residual of the fit... 0.05180172922105978
starting bubble....... 919
time for bubble... 29.547428607940674
effective speed of sound down renormalization...$-\Delta c$ 1135.3497898472824
residual of the fit... 0.024495878105236946
time for sweep delta 207.63964176177979
