starting sampling in reciprocal space....
finished sampling in reciprocal space....t= 0.05124664306640625  s
919 numer of sampling lattice points
taking 0 umklapps
hbvf is .. 2.3382685902179845
q is... 0.07530041221461896
hvkd is... 0.17607258871191017
kappa is.. 0.75
alpha is.. 0.5963449550446545
the twist angle is .. 0.017976891295541593
phonon params 242626607560645.16
phonon params upsilon 3.0328325945080644e+16
area ratio 0.00032315991758235623 0.000323159917582357
correct factor by which the interaction is reduced 78.66947528335587
c tilde 1611.9396009665759
starting sampling in reciprocal space....
finished sampling in reciprocal space....t= 0.5670042037963867  s
starting sampling in reciprocal space....
finished sampling in reciprocal space....t= 0.5748248100280762  s
starting dispersion ..........
time to diag over MBZ 3036.560448884964
saving  ..........
number of bands in density of states calculation, 2
sum of the hist, normed? 8.000000000000083
CHEMICAL POTENTIAL AND FILLING 0.0 0.0
starting sampling in reciprocal space....
finished sampling in reciprocal space....t= 0.05266165733337402  s
starting sampling in reciprocal space....
finished sampling in reciprocal space....t= 0.05236554145812988  s
starting dispersion ..........
time to diag over MBZ 260.2945237159729
starting sampling in reciprocal space....
finished sampling in reciprocal space....t= 0.0522153377532959  s
(6433, 564, 2) (919, 564, 2) (6433,)
starting sampling in reciprocal space....
finished sampling in reciprocal space....t= 0.05178976058959961  s
(6433, 564, 2) (919, 564, 2) (6433,)
calculating tensor that stores the overlaps........
finsihed the overlaps.......... 15.603928089141846
calculating tensor that stores the overlaps........
finsihed the overlaps.......... 15.06073522567749
calculating tensor that stores the overlaps........
finsihed the overlaps.......... 15.445064544677734
calculating tensor that stores the overlaps........
finsihed the overlaps.......... 2.697756052017212
calculating tensor that stores the overlaps........
finsihed the overlaps.......... 16.006948709487915
calculating tensor that stores the overlaps........
finsihed the overlaps.......... 2.1958324909210205
testing symmetry of the form factors...
plus valley form factor passed the C3 symmetry test with average difference...  6.579431493794093e-15
minus valley form factor passed the C3 symmetry test with average difference...  6.168818576565143e-15
finished testing symmetry of the form factors...
starting bubble....... 919
time for bubble... 29.415772199630737
effective speed of sound down renormalization...$-\Delta c$ 4738.916139245352
residual of the fit... 0.07015651879763836
starting bubble....... 919
time for bubble... 29.48953866958618
effective speed of sound down renormalization...$-\Delta c$ 4942.242491507614
residual of the fit... 0.009872477945584492
starting bubble....... 919
time for bubble... 29.80463147163391
effective speed of sound down renormalization...$-\Delta c$ 5055.334855434958
residual of the fit... 0.015419445371068364
starting bubble....... 919
time for bubble... 29.888078212738037
effective speed of sound down renormalization...$-\Delta c$ 5412.112938291234
residual of the fit... 0.021133474983792557
starting bubble....... 919
time for bubble... 29.797204971313477
effective speed of sound down renormalization...$-\Delta c$ 5791.72602596894
residual of the fit... 0.05281764709280263
starting bubble....... 919
time for bubble... 29.69775152206421
effective speed of sound down renormalization...$-\Delta c$ 6055.531177873324
residual of the fit... 0.01693349921869051
starting bubble....... 919
time for bubble... 29.732612133026123
effective speed of sound down renormalization...$-\Delta c$ 5719.6682679564865
residual of the fit... 0.041326050664812104
starting bubble....... 919
time for bubble... 29.551576137542725
effective speed of sound down renormalization...$-\Delta c$ 5298.0768640566375
residual of the fit... 0.04969849908450731
starting bubble....... 919
time for bubble... 29.649702072143555
effective speed of sound down renormalization...$-\Delta c$ 4595.53915871998
residual of the fit... 0.029784556298212552
starting bubble....... 919
time for bubble... 29.672150135040283
effective speed of sound down renormalization...$-\Delta c$ 4251.51851653207
residual of the fit... 0.002953544334954225
starting bubble....... 919
time for bubble... 29.5284104347229
effective speed of sound down renormalization...$-\Delta c$ 3929.818234978563
residual of the fit... 0.019087296358708445
starting bubble....... 919
time for bubble... 29.631659984588623
effective speed of sound down renormalization...$-\Delta c$ 3412.558001985764
residual of the fit... 0.05554456828848364
starting bubble....... 919
time for bubble... 29.717716693878174
effective speed of sound down renormalization...$-\Delta c$ 3204.7609903325488
residual of the fit... 0.06967219595373655
starting bubble....... 919
time for bubble... 29.57384490966797
effective speed of sound down renormalization...$-\Delta c$ 2699.8737677902745
residual of the fit... 0.005447492777751602
starting bubble....... 919
time for bubble... 29.79527974128723
effective speed of sound down renormalization...$-\Delta c$ 2248.404980161339
residual of the fit... 0.012138995135572386
starting bubble....... 919
time for bubble... 29.68954610824585
effective speed of sound down renormalization...$-\Delta c$ 2050.9330772334647
residual of the fit... 0.06276532599094681
starting bubble....... 919
time for bubble... 29.59508442878723
effective speed of sound down renormalization...$-\Delta c$ 1539.6482305951336
residual of the fit... 0.01625019035508478
starting bubble....... 919
time for bubble... 29.705496072769165
effective speed of sound down renormalization...$-\Delta c$ 1202.664927270682
residual of the fit... 0.045651219682464904
starting bubble....... 919
time for bubble... 29.722261428833008
effective speed of sound down renormalization...$-\Delta c$ 846.7043734120969
residual of the fit... 0.02809395546425626
starting bubble....... 919
time for bubble... 29.620914220809937
effective speed of sound down renormalization...$-\Delta c$ 397.5026923734773
residual of the fit... 0.01085987129088028
time for sweep delta 593.3180201053619
