starting sampling in reciprocal space....
finished sampling in reciprocal space....t= 0.009369850158691406  s
91 numer of sampling lattice points
taking 0 umklapps
hbvf is .. 2.3382685902179845
q is... 0.08407299662136936
hvkd is... 0.1965852472852507
kappa is.. 0.3
alpha is.. 0.5341194288483003
the twist angle is .. 0.020071286397934786
starting sampling in reciprocal space....
finished sampling in reciprocal space....t= 0.004197597503662109  s
starting sampling in reciprocal space....
finished sampling in reciprocal space....t= 0.004256725311279297  s
starting dispersion ..........
time to diag over MBZ 8.941395044326782
number of bands in density of states calculation, 2
sum of the hist, normed? 8.000000000000014
CHEMICAL POTENTIAL AND FILLING 0.0 0.0
starting sampling in reciprocal space....
finished sampling in reciprocal space....t= 0.00403285026550293  s
(1680,)
the bandwidth is ... 0.02637515584880859
158.26user 3.93system 0:21.41elapsed 757%CPU (0avgtext+0avgdata 1373760maxresident)k
0inputs+216outputs (0major+2447649minor)pagefaults 0swaps
