starting sampling in reciprocal space....
finished sampling in reciprocal space....t= 0.007390260696411133  s
91 numer of sampling lattice points
taking 0 umklapps
hbvf is .. 2.7
q is... 0.0629455513575022
hvkd is... 0.16995298866525593
kappa is.. 1
alpha is.. 0.6178179084971014
the twist angle is .. 0.015027284859671178
starting sampling in reciprocal space....
finished sampling in reciprocal space....t= 0.0047762393951416016  s
starting sampling in reciprocal space....
finished sampling in reciprocal space....t= 0.004792451858520508  s
starting dispersion ..........
time to diag over MBZ 230.77181315422058
number of bands in density of states calculation, 2
sum of the hist, normed? 7.999999999999969
CHEMICAL POTENTIAL AND FILLING 0.0 0.0
starting sampling in reciprocal space....
finished sampling in reciprocal space....t= 0.07154631614685059  s
(1680,)
the bandwidth is ... 0.016940243327553207
446.75user 30.27system 9:34.55elapsed 83%CPU (0avgtext+0avgdata 1373808maxresident)k
0inputs+184outputs (0major+2446370minor)pagefaults 0swaps
