starting sampling in reciprocal space....
finished sampling in reciprocal space....t= 0.05135703086853027  s
919 numer of sampling lattice points
taking 0 umklapps
hbvf is .. 2.7
q is... 0.08443851903755235
hvkd is... 0.22798400140139136
kappa is.. 0.75
alpha is.. 0.4605586328627321
the twist angle is .. 0.02015855286053451
phonon params 767258021359744.0 70.0831338140005 8760.391726750064
starting sampling in reciprocal space....
finished sampling in reciprocal space....t= 0.368471622467041  s
starting sampling in reciprocal space....
finished sampling in reciprocal space....t= 0.3656132221221924  s
starting dispersion ..........
time to diag over MBZ 5803.055448770523
saving  ..........
number of bands in density of states calculation, 2
sum of the hist, normed? 7.999999999999936
CHEMICAL POTENTIAL AND FILLING 0.0 0.0
starting sampling in reciprocal space....
finished sampling in reciprocal space....t= 0.05159568786621094  s
starting sampling in reciprocal space....
finished sampling in reciprocal space....t= 0.05179238319396973  s
starting dispersion ..........
time to diag over MBZ 805.198956489563
starting sampling in reciprocal space....
finished sampling in reciprocal space....t= 0.051712751388549805  s
(6433, 564, 2) (919, 564, 2) (6433,)
starting sampling in reciprocal space....
finished sampling in reciprocal space....t= 0.05115008354187012  s
(6433, 564, 2) (919, 564, 2) (6433,)
calculating tensor that stores the overlaps........
finsihed the overlaps.......... 26.299346685409546
calculating tensor that stores the overlaps........
finsihed the overlaps.......... 21.823654890060425
calculating tensor that stores the overlaps........
finsihed the overlaps.......... 28.588249683380127
calculating tensor that stores the overlaps........
finsihed the overlaps.......... 3.687894344329834
calculating tensor that stores the overlaps........
finsihed the overlaps.......... 21.345027446746826
calculating tensor that stores the overlaps........
finsihed the overlaps.......... 3.9282891750335693
testing symmetry of the form factors...
plus valley form factor passed the C3 symmetry test with average difference...  1.02543394006437e-15
minus valley form factor passed the C3 symmetry test with average difference...  2.6510771656501628e-15
finished testing symmetry of the form factors...
starting bubble....... 919
time for bubble... 29.22852659225464
effective speed of sound down renormalization...$-\Delta c$ 1741.8626457847427
residual of the fit... 0.07574977436651985
starting bubble....... 919
time for bubble... 29.39234709739685
effective speed of sound down renormalization...$-\Delta c$ 1829.3489973547569
residual of the fit... 0.014810004465236153
starting bubble....... 919
time for bubble... 29.4485821723938
effective speed of sound down renormalization...$-\Delta c$ 2227.9158927567155
residual of the fit... 0.02600659474548382
starting bubble....... 919
time for bubble... 29.274046421051025
effective speed of sound down renormalization...$-\Delta c$ 1768.4052532602152
residual of the fit... 0.03466280168011887
starting bubble....... 919
time for bubble... 29.424932718276978
effective speed of sound down renormalization...$-\Delta c$ 1263.3616236896528
residual of the fit... 0.08167995388337235
starting bubble....... 919
time for bubble... 29.30858826637268
effective speed of sound down renormalization...$-\Delta c$ 741.1093538610568
residual of the fit... 0.003125705085928485
starting bubble....... 919
time for bubble... 29.398775100708008
effective speed of sound down renormalization...$-\Delta c$ 223.99279400011494
residual of the fit... 0.028792736264857576
time for sweep delta 205.49848890304565
