starting sampling in reciprocal space....
finished sampling in reciprocal space....t= 0.05160260200500488  s
919 numer of sampling lattice points
taking 0 umklapps
hbvf is .. 2.7
q is... 0.08750890091895454
hvkd is... 0.23627403248117726
kappa is.. 0.5
alpha is.. 0.4443992380261458
the twist angle is .. 0.020891591146372124
phonon params 885090998853806.2 65.25146549981847 8156.433187477308
starting sampling in reciprocal space....
finished sampling in reciprocal space....t= 0.36635518074035645  s
starting sampling in reciprocal space....
finished sampling in reciprocal space....t= 0.36478209495544434  s
starting dispersion ..........
time to diag over MBZ 5894.286129236221
saving  ..........
number of bands in density of states calculation, 2
sum of the hist, normed? 8.000000000000016
CHEMICAL POTENTIAL AND FILLING 0.0 0.0
starting sampling in reciprocal space....
finished sampling in reciprocal space....t= 0.05234122276306152  s
starting sampling in reciprocal space....
finished sampling in reciprocal space....t= 0.052329301834106445  s
starting dispersion ..........
time to diag over MBZ 723.8789935112
starting sampling in reciprocal space....
finished sampling in reciprocal space....t= 0.05115985870361328  s
(6433, 564, 2) (919, 564, 2) (6433,)
starting sampling in reciprocal space....
finished sampling in reciprocal space....t= 0.06228446960449219  s
(6433, 564, 2) (919, 564, 2) (6433,)
calculating tensor that stores the overlaps........
finsihed the overlaps.......... 22.959404945373535
calculating tensor that stores the overlaps........
finsihed the overlaps.......... 20.93085503578186
calculating tensor that stores the overlaps........
finsihed the overlaps.......... 20.228991746902466
calculating tensor that stores the overlaps........
finsihed the overlaps.......... 4.120457172393799
calculating tensor that stores the overlaps........
finsihed the overlaps.......... 24.69045853614807
calculating tensor that stores the overlaps........
finsihed the overlaps.......... 5.048819303512573
testing symmetry of the form factors...
plus valley form factor passed the C3 symmetry test with average difference...  2.1374162006380136e-15
minus valley form factor passed the C3 symmetry test with average difference...  2.160272097909008e-15
finished testing symmetry of the form factors...
starting bubble....... 919
time for bubble... 34.45349097251892
effective speed of sound down renormalization...$-\Delta c$ 1535.528046065001
residual of the fit... 0.08337572360755452
starting bubble....... 919
time for bubble... 30.63015913963318
effective speed of sound down renormalization...$-\Delta c$ 1586.4564368644144
residual of the fit... 0.01097787339061589
starting bubble....... 919
time for bubble... 29.600638151168823
effective speed of sound down renormalization...$-\Delta c$ 1847.2377435046249
residual of the fit... 0.044772271181099124
starting bubble....... 919
time for bubble... 29.550025939941406
effective speed of sound down renormalization...$-\Delta c$ 1624.8137825987974
residual of the fit... 0.04224569134817888
starting bubble....... 919
time for bubble... 29.535767793655396
effective speed of sound down renormalization...$-\Delta c$ 1055.302361256709
residual of the fit... 0.006054814411466477
starting bubble....... 919
time for bubble... 29.452731370925903
effective speed of sound down renormalization...$-\Delta c$ 597.4209162471082
residual of the fit... 0.003736852974568165
starting bubble....... 919
time for bubble... 29.746206283569336
effective speed of sound down renormalization...$-\Delta c$ 157.61953563750956
residual of the fit... 0.021228645190033535
time for sweep delta 212.9940493106842
