starting sampling in reciprocal space....
finished sampling in reciprocal space....t= 0.007509946823120117  s
91 numer of sampling lattice points
taking 0 umklapps
hbvf is .. 2.3382685902179845
q is... 0.07383830652545242
hvkd is... 0.17265379290335303
kappa is.. 0.75
alpha is.. 0.6081534511018601
the twist angle is .. 0.017627825445142728
starting sampling in reciprocal space....
finished sampling in reciprocal space....t= 0.004225254058837891  s
starting sampling in reciprocal space....
finished sampling in reciprocal space....t= 0.004248142242431641  s
starting dispersion ..........
time to diag over MBZ 8.866341590881348
number of bands in density of states calculation, 2
sum of the hist, normed? 8.000000000000005
CHEMICAL POTENTIAL AND FILLING 0.0 0.0
starting sampling in reciprocal space....
finished sampling in reciprocal space....t= 0.0041463375091552734  s
(4200,)
the bandwidth is ... 0.01241401027608267
279.04user 6.77system 0:36.81elapsed 776%CPU (0avgtext+0avgdata 3162820maxresident)k
0inputs+176outputs (0major+4597580minor)pagefaults 0swaps
