starting sampling in reciprocal space....
finished sampling in reciprocal space....t= 0.00670933723449707  s
91 numer of sampling lattice points
taking 0 umklapps
hbvf is .. 2.3382685902179845
q is... 0.07164514378828872
hvkd is... 0.16752558936180664
kappa is.. 0.75
alpha is.. 0.6267699185539379
the twist angle is .. 0.017104226669544427
starting sampling in reciprocal space....
finished sampling in reciprocal space....t= 0.004259824752807617  s
starting sampling in reciprocal space....
finished sampling in reciprocal space....t= 0.0042035579681396484  s
starting dispersion ..........
time to diag over MBZ 8.6948401927948
number of bands in density of states calculation, 2
sum of the hist, normed? 8.000000000000007
CHEMICAL POTENTIAL AND FILLING 0.0 0.0
starting sampling in reciprocal space....
finished sampling in reciprocal space....t= 0.004087209701538086  s
(4200,)
the bandwidth is ... 0.018816410634258318
278.11user 7.16system 0:36.77elapsed 775%CPU (0avgtext+0avgdata 3163068maxresident)k
0inputs+176outputs (0major+4597518minor)pagefaults 0swaps
