starting sampling in reciprocal space....
finished sampling in reciprocal space....t= 0.05115342140197754  s
919 numer of sampling lattice points
taking 0 umklapps
hbvf is .. 2.3382685902179845
q is... 0.07603146420181812
hvkd is... 0.1777819846113944
kappa is.. 0.75
alpha is.. 0.590611024112003
the twist angle is .. 0.01815142422074103
phonon params 252186844670159.72
phonon params upsilon 3.1523355583769964e+16
area ratio 0.00032946515523654533 0.0003294651552365451
correct factor by which the interaction is reduced 77.91305849141908
c tilde 1627.5890723821215
starting sampling in reciprocal space....
finished sampling in reciprocal space....t= 0.5646204948425293  s
starting sampling in reciprocal space....
finished sampling in reciprocal space....t= 0.5643510818481445  s
starting dispersion ..........
time to diag over MBZ 3096.449868440628
saving  ..........
number of bands in density of states calculation, 2
sum of the hist, normed? 8.000000000000133
CHEMICAL POTENTIAL AND FILLING 0.0 0.0
starting sampling in reciprocal space....
finished sampling in reciprocal space....t= 0.05201292037963867  s
starting sampling in reciprocal space....
finished sampling in reciprocal space....t= 0.05249452590942383  s
starting dispersion ..........
time to diag over MBZ 334.2671220302582
starting sampling in reciprocal space....
finished sampling in reciprocal space....t= 0.051888227462768555  s
(6433, 564, 2) (919, 564, 2) (6433,)
starting sampling in reciprocal space....
finished sampling in reciprocal space....t= 0.05267953872680664  s
(6433, 564, 2) (919, 564, 2) (6433,)
calculating tensor that stores the overlaps........
finsihed the overlaps.......... 14.991306066513062
calculating tensor that stores the overlaps........
finsihed the overlaps.......... 15.276143074035645
calculating tensor that stores the overlaps........
finsihed the overlaps.......... 15.32970929145813
calculating tensor that stores the overlaps........
finsihed the overlaps.......... 2.8327224254608154
calculating tensor that stores the overlaps........
finsihed the overlaps.......... 15.144535064697266
calculating tensor that stores the overlaps........
finsihed the overlaps.......... 2.5752837657928467
testing symmetry of the form factors...
plus valley form factor passed the C3 symmetry test with average difference...  7.384208074292811e-15
minus valley form factor passed the C3 symmetry test with average difference...  7.572482008347531e-15
finished testing symmetry of the form factors...
starting bubble....... 919
time for bubble... 29.32716393470764
effective speed of sound down renormalization...$-\Delta c$ 6155.323488301461
residual of the fit... 0.06925659350048718
starting bubble....... 919
time for bubble... 29.46423029899597
effective speed of sound down renormalization...$-\Delta c$ 6343.486312589632
residual of the fit... 0.013758382815149482
starting bubble....... 919
time for bubble... 29.57002282142639
effective speed of sound down renormalization...$-\Delta c$ 6544.991172046602
residual of the fit... 0.017647664608993377
starting bubble....... 919
time for bubble... 29.5540668964386
effective speed of sound down renormalization...$-\Delta c$ 6950.208564901745
residual of the fit... 0.018797936949162333
starting bubble....... 919
time for bubble... 29.46194314956665
effective speed of sound down renormalization...$-\Delta c$ 7562.263988576023
residual of the fit... 0.03504825454756739
starting bubble....... 919
time for bubble... 29.413574934005737
effective speed of sound down renormalization...$-\Delta c$ 7529.880192262088
residual of the fit... 0.010518409175821301
starting bubble....... 919
time for bubble... 29.48206615447998
effective speed of sound down renormalization...$-\Delta c$ 7110.057448798017
residual of the fit... 0.05618410967252328
starting bubble....... 919
time for bubble... 29.4611234664917
effective speed of sound down renormalization...$-\Delta c$ 6345.495001242258
residual of the fit... 0.040091403175335376
starting bubble....... 919
time for bubble... 29.386011123657227
effective speed of sound down renormalization...$-\Delta c$ 5859.706585049776
residual of the fit... 0.015429044068238697
starting bubble....... 919
time for bubble... 29.444369077682495
effective speed of sound down renormalization...$-\Delta c$ 5127.585079546162
residual of the fit... 0.05056432427066513
starting bubble....... 919
time for bubble... 29.511101245880127
effective speed of sound down renormalization...$-\Delta c$ 4721.342179236481
residual of the fit... 0.0097880822886999
starting bubble....... 919
time for bubble... 29.36460590362549
effective speed of sound down renormalization...$-\Delta c$ 4260.818838319371
residual of the fit... 0.06443773191662257
starting bubble....... 919
time for bubble... 29.465707063674927
effective speed of sound down renormalization...$-\Delta c$ 3787.244435803232
residual of the fit... 0.04767983360800416
starting bubble....... 919
time for bubble... 29.43631601333618
effective speed of sound down renormalization...$-\Delta c$ 3292.40194123696
residual of the fit... 0.005394664282892039
starting bubble....... 919
time for bubble... 29.525946378707886
effective speed of sound down renormalization...$-\Delta c$ 2810.628175631029
residual of the fit... 0.07598161482220145
starting bubble....... 919
time for bubble... 29.49726915359497
effective speed of sound down renormalization...$-\Delta c$ 2302.2539243507313
residual of the fit... 0.049480573097727076
starting bubble....... 919
time for bubble... 29.54411482810974
effective speed of sound down renormalization...$-\Delta c$ 1877.3746506438822
residual of the fit... 0.03525305834497804
starting bubble....... 919
time for bubble... 29.477818489074707
effective speed of sound down renormalization...$-\Delta c$ 1424.1862611858828
residual of the fit... 0.02165597099728683
starting bubble....... 919
time for bubble... 29.568593978881836
effective speed of sound down renormalization...$-\Delta c$ 1017.5364084896836
residual of the fit... 0.05642741095319794
starting bubble....... 919
time for bubble... 29.409553050994873
effective speed of sound down renormalization...$-\Delta c$ 473.2479861060165
residual of the fit... 0.0018738112242865368
time for sweep delta 589.405839920044
