starting sampling in reciprocal space....
finished sampling in reciprocal space....t= 0.006462574005126953  s
91 numer of sampling lattice points
taking 0 umklapps
hbvf is .. 2.3382685902179845
q is... 0.07164514378828872
hvkd is... 0.16752558936180664
kappa is.. 0.3
alpha is.. 0.6267699185539379
the twist angle is .. 0.017104226669544427
starting sampling in reciprocal space....
finished sampling in reciprocal space....t= 0.004162311553955078  s
starting sampling in reciprocal space....
finished sampling in reciprocal space....t= 0.004166603088378906  s
starting dispersion ..........
time to diag over MBZ 8.901816368103027
number of bands in density of states calculation, 2
sum of the hist, normed? 7.999999999999995
CHEMICAL POTENTIAL AND FILLING 0.0 0.0
starting sampling in reciprocal space....
finished sampling in reciprocal space....t= 0.00407862663269043  s
(4200,)
the bandwidth is ... 0.017646393643587048
277.38user 7.05system 0:36.62elapsed 776%CPU (0avgtext+0avgdata 3163492maxresident)k
0inputs+176outputs (0major+4597105minor)pagefaults 0swaps
