starting sampling in reciprocal space....
finished sampling in reciprocal space....t= 0.007219791412353516  s
91 numer of sampling lattice points
taking 0 umklapps
hbvf is .. 2.3382685902179845
q is... 0.08480404129297625
hvkd is... 0.19829462607891532
kappa is.. 0.3
alpha is.. 0.5295151062652255
the twist angle is .. 0.020245819323134222
starting sampling in reciprocal space....
finished sampling in reciprocal space....t= 0.004201173782348633  s
starting sampling in reciprocal space....
finished sampling in reciprocal space....t= 0.004126787185668945  s
starting dispersion ..........
time to diag over MBZ 8.783297300338745
number of bands in density of states calculation, 2
sum of the hist, normed? 8.000000000000002
CHEMICAL POTENTIAL AND FILLING 0.0 0.0
starting sampling in reciprocal space....
finished sampling in reciprocal space....t= 0.004011392593383789  s
(4200,)
the bandwidth is ... 0.02913404730000814
277.11user 6.78system 0:36.58elapsed 775%CPU (0avgtext+0avgdata 3163012maxresident)k
0inputs+168outputs (0major+4597026minor)pagefaults 0swaps
