starting sampling in reciprocal space....
finished sampling in reciprocal space....t= 0.05302119255065918  s
919 numer of sampling lattice points
taking 0 umklapps
hbvf is .. 2.3382685902179845
q is... 0.07749356643361043
hvkd is... 0.18120077233568196
kappa is.. 0.3
alpha is.. 0.5794677287880602
the twist angle is .. 0.018500490071139894
phonon params 272152047269086.62
phonon params upsilon 3.4019005908635828e+16
area ratio 0.000342258370694157 0.00034225837069415746
correct factor by which the interaction is reduced 76.4430415345447
c tilde 1658.8879779096287
starting sampling in reciprocal space....
finished sampling in reciprocal space....t= 0.5759751796722412  s
starting sampling in reciprocal space....
finished sampling in reciprocal space....t= 0.5818307399749756  s
starting dispersion ..........
time to diag over MBZ 2862.467181444168
saving  ..........
number of bands in density of states calculation, 2
sum of the hist, normed? 7.999999999999964
CHEMICAL POTENTIAL AND FILLING 0.0 0.0
starting sampling in reciprocal space....
finished sampling in reciprocal space....t= 0.05450630187988281  s
starting sampling in reciprocal space....
finished sampling in reciprocal space....t= 0.05550384521484375  s
starting dispersion ..........
time to diag over MBZ 265.2701168060303
starting sampling in reciprocal space....
finished sampling in reciprocal space....t= 0.05424308776855469  s
(6433, 564, 2) (919, 564, 2) (6433,)
starting sampling in reciprocal space....
finished sampling in reciprocal space....t= 0.05232977867126465  s
(6433, 564, 2) (919, 564, 2) (6433,)
calculating tensor that stores the overlaps........
finsihed the overlaps.......... 14.883734226226807
calculating tensor that stores the overlaps........
finsihed the overlaps.......... 14.785971641540527
calculating tensor that stores the overlaps........
finsihed the overlaps.......... 14.739658117294312
calculating tensor that stores the overlaps........
finsihed the overlaps.......... 2.3869102001190186
calculating tensor that stores the overlaps........
finsihed the overlaps.......... 14.7601797580719
calculating tensor that stores the overlaps........
finsihed the overlaps.......... 1.9967379570007324
testing symmetry of the form factors...
plus valley form factor passed the C3 symmetry test with average difference...  1.5346466731722156e-15
minus valley form factor passed the C3 symmetry test with average difference...  3.1663313448613877e-15
finished testing symmetry of the form factors...
starting bubble....... 919
time for bubble... 30.240025520324707
effective speed of sound down renormalization...$-\Delta c$ 5883.458623704619
residual of the fit... 0.08712171964184534
starting bubble....... 919
time for bubble... 30.49737548828125
effective speed of sound down renormalization...$-\Delta c$ 5917.720301212378
residual of the fit... 0.04063037697345626
starting bubble....... 919
time for bubble... 30.483903884887695
effective speed of sound down renormalization...$-\Delta c$ 6018.8018672369435
residual of the fit... 0.012980509624174377
starting bubble....... 919
time for bubble... 29.851328372955322
effective speed of sound down renormalization...$-\Delta c$ 6105.1096802670545
residual of the fit... 0.00798950557008176
starting bubble....... 919
time for bubble... 29.87183380126953
effective speed of sound down renormalization...$-\Delta c$ 6519.42259374668
residual of the fit... 0.06659347876408941
starting bubble....... 919
time for bubble... 29.717745065689087
effective speed of sound down renormalization...$-\Delta c$ 6156.17137985844
residual of the fit... 0.07081572035818161
starting bubble....... 919
time for bubble... 29.630411624908447
effective speed of sound down renormalization...$-\Delta c$ 6954.2493324603065
residual of the fit... 0.0367720264566739
starting bubble....... 919
time for bubble... 29.702580451965332
effective speed of sound down renormalization...$-\Delta c$ 7090.13948002038
residual of the fit... 0.06877502899275237
starting bubble....... 919
time for bubble... 29.70757269859314
effective speed of sound down renormalization...$-\Delta c$ 7674.694513373672
residual of the fit... 0.03249751198093994
starting bubble....... 919
time for bubble... 29.711644649505615
effective speed of sound down renormalization...$-\Delta c$ 6824.511643573582
residual of the fit... 0.04212457353733357
starting bubble....... 919
time for bubble... 29.671217441558838
effective speed of sound down renormalization...$-\Delta c$ 5762.257366477861
residual of the fit... 0.03982337546591782
starting bubble....... 919
time for bubble... 29.656246185302734
effective speed of sound down renormalization...$-\Delta c$ 5029.662907166349
residual of the fit... 0.025618304684212067
starting bubble....... 919
time for bubble... 29.682105541229248
effective speed of sound down renormalization...$-\Delta c$ 4366.938770009737
residual of the fit... 0.023551506351509294
starting bubble....... 919
time for bubble... 29.668062925338745
effective speed of sound down renormalization...$-\Delta c$ 3667.709740210037
residual of the fit... 0.015304940175082521
starting bubble....... 919
time for bubble... 29.58494806289673
effective speed of sound down renormalization...$-\Delta c$ 3156.8940537754743
residual of the fit... 0.024044171143072522
starting bubble....... 919
time for bubble... 29.77890968322754
effective speed of sound down renormalization...$-\Delta c$ 2677.065788719922
residual of the fit... 0.014149885306560112
starting bubble....... 919
time for bubble... 29.711820602416992
effective speed of sound down renormalization...$-\Delta c$ 2098.5726561871993
residual of the fit... 0.0030295502246479745
starting bubble....... 919
time for bubble... 29.734795570373535
effective speed of sound down renormalization...$-\Delta c$ 1470.282515387203
residual of the fit... 0.005186599998462656
starting bubble....... 919
time for bubble... 29.57305359840393
effective speed of sound down renormalization...$-\Delta c$ 1000.3742188242431
residual of the fit... 0.004595787592222468
starting bubble....... 919
time for bubble... 29.65426540374756
effective speed of sound down renormalization...$-\Delta c$ 418.28391061778217
residual of the fit... 0.11370230104686772
time for sweep delta 596.1648781299591
