starting sampling in reciprocal space....
finished sampling in reciprocal space....t= 0.0068051815032958984  s
91 numer of sampling lattice points
taking 0 umklapps
hbvf is .. 2.3382685902179845
q is... 0.06945197614064469
hvkd is... 0.16239737433823836
kappa is.. 0.3
alpha is.. 0.6465621776698671
the twist angle is .. 0.01658062789394613
starting sampling in reciprocal space....
finished sampling in reciprocal space....t= 0.004179477691650391  s
starting sampling in reciprocal space....
finished sampling in reciprocal space....t= 0.00412440299987793  s
starting dispersion ..........
time to diag over MBZ 8.349874496459961
number of bands in density of states calculation, 2
sum of the hist, normed? 7.999999999999997
CHEMICAL POTENTIAL AND FILLING 0.0 0.0
starting sampling in reciprocal space....
finished sampling in reciprocal space....t= 0.00405573844909668  s
(1680,)
the bandwidth is ... 0.02469324462263112
151.47user 3.91system 0:20.48elapsed 758%CPU (0avgtext+0avgdata 1371044maxresident)k
0inputs+168outputs (0major+2446049minor)pagefaults 0swaps
