starting sampling in reciprocal space....
finished sampling in reciprocal space....t= 0.00698089599609375  s
91 numer of sampling lattice points
taking 0 umklapps
hbvf is .. 2.3382685902179845
q is... 0.07164514378828872
hvkd is... 0.16752558936180664
kappa is.. 0.75
alpha is.. 0.6267699185539379
the twist angle is .. 0.017104226669544427
starting sampling in reciprocal space....
finished sampling in reciprocal space....t= 0.004194021224975586  s
starting sampling in reciprocal space....
finished sampling in reciprocal space....t= 0.004317283630371094  s
starting dispersion ..........
time to diag over MBZ 8.911120891571045
number of bands in density of states calculation, 2
sum of the hist, normed? 8.000000000000007
CHEMICAL POTENTIAL AND FILLING 0.0 0.0
starting sampling in reciprocal space....
finished sampling in reciprocal space....t= 0.003986835479736328  s
(1680,)
the bandwidth is ... 0.018816410634258318
165.21user 4.19system 0:22.42elapsed 755%CPU (0avgtext+0avgdata 1374080maxresident)k
0inputs+224outputs (0major+2448445minor)pagefaults 0swaps
