starting sampling in reciprocal space....
finished sampling in reciprocal space....t= 0.05157876014709473  s
919 numer of sampling lattice points
taking 0 umklapps
hbvf is .. 2.7
q is... 0.0706216661546583
hvkd is... 0.19067849861757744
kappa is.. 0.85
alpha is.. 0.5506651287966493
the twist angle is .. 0.016859880574265226
phonon params 375431617921723.5 100.18871572046288 12523.58946505786
starting sampling in reciprocal space....
finished sampling in reciprocal space....t= 0.3620028495788574  s
starting sampling in reciprocal space....
finished sampling in reciprocal space....t= 0.3644275665283203  s
starting dispersion ..........
time to diag over MBZ 2053.865998506546
saving  ..........
number of bands in density of states calculation, 2
sum of the hist, normed? 7.999999999999894
CHEMICAL POTENTIAL AND FILLING 0.0 0.0
starting sampling in reciprocal space....
finished sampling in reciprocal space....t= 0.05251312255859375  s
starting sampling in reciprocal space....
finished sampling in reciprocal space....t= 0.053282737731933594  s
starting dispersion ..........
time to diag over MBZ 270.1977458000183
starting sampling in reciprocal space....
finished sampling in reciprocal space....t= 0.05262470245361328  s
(6433, 564, 2) (919, 564, 2) (6433,)
starting sampling in reciprocal space....
finished sampling in reciprocal space....t= 0.05217313766479492  s
(6433, 564, 2) (919, 564, 2) (6433,)
calculating tensor that stores the overlaps........
finsihed the overlaps.......... 15.150959014892578
calculating tensor that stores the overlaps........
finsihed the overlaps.......... 15.154598951339722
calculating tensor that stores the overlaps........
finsihed the overlaps.......... 15.279175758361816
calculating tensor that stores the overlaps........
finsihed the overlaps.......... 2.9658381938934326
calculating tensor that stores the overlaps........
finsihed the overlaps.......... 15.181543111801147
calculating tensor that stores the overlaps........
finsihed the overlaps.......... 2.8153138160705566
testing symmetry of the form factors...
plus valley form factor passed the C3 symmetry test with average difference...  7.595018639110709e-15
minus valley form factor passed the C3 symmetry test with average difference...  7.681443212227659e-15
finished testing symmetry of the form factors...
starting bubble....... 919
time for bubble... 29.382578372955322
effective speed of sound down renormalization...$-\Delta c$ 4030.1095426885827
residual of the fit... 0.06933373520442955
starting bubble....... 919
time for bubble... 29.544151306152344
effective speed of sound down renormalization...$-\Delta c$ 5120.143139181277
residual of the fit... 0.12276893442342321
starting bubble....... 919
time for bubble... 29.552070140838623
effective speed of sound down renormalization...$-\Delta c$ 4941.745633240646
residual of the fit... 0.03211081081304754
starting bubble....... 919
time for bubble... 29.56693148612976
effective speed of sound down renormalization...$-\Delta c$ 3649.803521559798
residual of the fit... 0.04700145987768542
starting bubble....... 919
time for bubble... 29.51277184486389
effective speed of sound down renormalization...$-\Delta c$ 2909.90815155592
residual of the fit... 0.010670729473868424
starting bubble....... 919
time for bubble... 29.434508323669434
effective speed of sound down renormalization...$-\Delta c$ 1996.8106034425784
residual of the fit... 0.056148600463792886
starting bubble....... 919
time for bubble... 29.490020036697388
effective speed of sound down renormalization...$-\Delta c$ 546.9001441658625
residual of the fit... 0.04609559078602415
time for sweep delta 206.5022418498993
