starting sampling in reciprocal space....
finished sampling in reciprocal space....t= 0.005620002746582031  s
91 numer of sampling lattice points
taking 0 umklapps
hbvf is .. 2.7
q is... 0.07676251561000431
hvkd is... 0.20725879214701165
kappa is.. 1
alpha is.. 0.5066130074015002
the twist angle is .. 0.01832595714594046
starting sampling in reciprocal space....
finished sampling in reciprocal space....t= 0.03422951698303223  s
starting sampling in reciprocal space....
finished sampling in reciprocal space....t= 0.05363917350769043  s
starting dispersion ..........
time to diag over MBZ 252.9023585319519
number of bands in density of states calculation, 2
sum of the hist, normed? 7.999999999999999
CHEMICAL POTENTIAL AND FILLING 0.0 0.0
starting sampling in reciprocal space....
finished sampling in reciprocal space....t= 0.005016803741455078  s
(1680,)
the bandwidth is ... 0.032535391027862834
432.92user 29.30system 9:27.47elapsed 81%CPU (0avgtext+0avgdata 1373068maxresident)k
0inputs+184outputs (0major+2446708minor)pagefaults 0swaps
