starting sampling in reciprocal space....
finished sampling in reciprocal space....t= 0.05144453048706055  s
919 numer of sampling lattice points
taking 0 umklapps
hbvf is .. 2.3382685902179845
q is... 0.07310725283461868
hvkd is... 0.17094439302031356
kappa is.. 0.3
alpha is.. 0.6142348289102568
the twist angle is .. 0.017453292519943295
phonon params 215571264817451.22
phonon params upsilon 2.69464081021814e+16
area ratio 0.0003046096872175207 0.00030460968721752167
correct factor by which the interaction is reduced 81.0294969084016
c tilde 1564.9911135429263
starting sampling in reciprocal space....
finished sampling in reciprocal space....t= 0.5645191669464111  s
starting sampling in reciprocal space....
finished sampling in reciprocal space....t= 0.5591623783111572  s
starting dispersion ..........
time to diag over MBZ 2825.626197576523
saving  ..........
number of bands in density of states calculation, 2
sum of the hist, normed? 8.0000000000001
CHEMICAL POTENTIAL AND FILLING 0.0 0.0
starting sampling in reciprocal space....
finished sampling in reciprocal space....t= 0.05262637138366699  s
starting sampling in reciprocal space....
finished sampling in reciprocal space....t= 0.05277562141418457  s
starting dispersion ..........
time to diag over MBZ 274.1714332103729
starting sampling in reciprocal space....
finished sampling in reciprocal space....t= 0.05172133445739746  s
(6433, 564, 2) (919, 564, 2) (6433,)
starting sampling in reciprocal space....
finished sampling in reciprocal space....t= 0.05112600326538086  s
(6433, 564, 2) (919, 564, 2) (6433,)
calculating tensor that stores the overlaps........
finsihed the overlaps.......... 15.318008184432983
calculating tensor that stores the overlaps........
finsihed the overlaps.......... 14.652902126312256
calculating tensor that stores the overlaps........
finsihed the overlaps.......... 14.770078897476196
calculating tensor that stores the overlaps........
finsihed the overlaps.......... 2.464550256729126
calculating tensor that stores the overlaps........
finsihed the overlaps.......... 14.68508768081665
calculating tensor that stores the overlaps........
finsihed the overlaps.......... 2.229719638824463
testing symmetry of the form factors...
plus valley form factor passed the C3 symmetry test with average difference...  4.037608678368974e-15
minus valley form factor passed the C3 symmetry test with average difference...  4.1511141562080014e-15
finished testing symmetry of the form factors...
starting bubble....... 919
time for bubble... 29.214350700378418
effective speed of sound down renormalization...$-\Delta c$ 2443.718439523363
residual of the fit... 0.08829028618992636
starting bubble....... 919
time for bubble... 29.424423217773438
effective speed of sound down renormalization...$-\Delta c$ 2457.8761444256734
residual of the fit... 0.03986704285016704
starting bubble....... 919
time for bubble... 29.62255883216858
effective speed of sound down renormalization...$-\Delta c$ 2428.106213142053
residual of the fit... 0.0602170181715112
starting bubble....... 919
time for bubble... 29.740241765975952
effective speed of sound down renormalization...$-\Delta c$ 2428.0023276553625
residual of the fit... 0.06879468238352975
starting bubble....... 919
time for bubble... 30.02086067199707
effective speed of sound down renormalization...$-\Delta c$ 2614.975094823959
residual of the fit... 0.023933374060733544
starting bubble....... 919
time for bubble... 30.009840965270996
effective speed of sound down renormalization...$-\Delta c$ 2526.813129880499
residual of the fit... 0.06828038128052666
starting bubble....... 919
time for bubble... 30.103689193725586
effective speed of sound down renormalization...$-\Delta c$ 2755.0471386514173
residual of the fit... 0.015188680333442223
starting bubble....... 919
time for bubble... 29.653545379638672
effective speed of sound down renormalization...$-\Delta c$ 2956.1867879077404
residual of the fit... 0.04663501368329728
starting bubble....... 919
time for bubble... 29.652608633041382
effective speed of sound down renormalization...$-\Delta c$ 3039.5004457915816
residual of the fit... 0.05462742760310346
starting bubble....... 919
time for bubble... 29.63469672203064
effective speed of sound down renormalization...$-\Delta c$ 2653.249293520522
residual of the fit... 0.04694406768110286
starting bubble....... 919
time for bubble... 29.628845691680908
effective speed of sound down renormalization...$-\Delta c$ 2223.4426345454826
residual of the fit... 0.05306887310963871
starting bubble....... 919
time for bubble... 29.550076961517334
effective speed of sound down renormalization...$-\Delta c$ 1950.524068994508
residual of the fit... 0.00983039375641711
starting bubble....... 919
time for bubble... 29.59525775909424
effective speed of sound down renormalization...$-\Delta c$ 1747.6509962842622
residual of the fit... 0.01892582598288915
starting bubble....... 919
time for bubble... 29.592166423797607
effective speed of sound down renormalization...$-\Delta c$ 1474.0117481656462
residual of the fit... 0.010739596992465607
starting bubble....... 919
time for bubble... 29.653428554534912
effective speed of sound down renormalization...$-\Delta c$ 1275.5843117397867
residual of the fit... 0.014019771865646069
starting bubble....... 919
time for bubble... 29.489151000976562
effective speed of sound down renormalization...$-\Delta c$ 1020.255131151273
residual of the fit... 0.009158572510276021
starting bubble....... 919
time for bubble... 29.626516819000244
effective speed of sound down renormalization...$-\Delta c$ 792.0560714893463
residual of the fit... 0.00795282282601562
starting bubble....... 919
time for bubble... 29.542033195495605
effective speed of sound down renormalization...$-\Delta c$ 588.8841239244449
residual of the fit... 0.0076387145055321235
starting bubble....... 919
time for bubble... 29.4503116607666
effective speed of sound down renormalization...$-\Delta c$ 404.68716207756415
residual of the fit... 0.0034599170484916055
starting bubble....... 919
time for bubble... 29.783533334732056
effective speed of sound down renormalization...$-\Delta c$ 170.80023924498957
residual of the fit... 0.08728212626532701
time for sweep delta 593.0259909629822
