starting sampling in reciprocal space....
finished sampling in reciprocal space....t= 0.008028745651245117  s
91 numer of sampling lattice points
taking 0 umklapps
hbvf is .. 2.3382685902179845
q is... 0.08041776377089012
hvkd is... 0.18803833112104215
kappa is.. 0.3
alpha is.. 0.5583967873678396
the twist angle is .. 0.019198621771937627
starting sampling in reciprocal space....
finished sampling in reciprocal space....t= 0.0048828125  s
starting sampling in reciprocal space....
finished sampling in reciprocal space....t= 0.00482177734375  s
starting dispersion ..........
time to diag over MBZ 8.854114055633545
number of bands in density of states calculation, 2
sum of the hist, normed? 7.999999999999993
CHEMICAL POTENTIAL AND FILLING 0.0 0.0
starting sampling in reciprocal space....
finished sampling in reciprocal space....t= 0.004049539566040039  s
(1680,)
the bandwidth is ... 0.012824852792918218
155.34user 3.94system 0:21.03elapsed 757%CPU (0avgtext+0avgdata 1373576maxresident)k
0inputs+208outputs (0major+2447726minor)pagefaults 0swaps
