starting sampling in reciprocal space....
finished sampling in reciprocal space....t= 0.006880044937133789  s
91 numer of sampling lattice points
taking 0 umklapps
hbvf is .. 2.3382685902179845
q is... 0.07603146420181812
hvkd is... 0.1777819846113944
kappa is.. 0.75
alpha is.. 0.590611024112003
the twist angle is .. 0.01815142422074103
starting sampling in reciprocal space....
finished sampling in reciprocal space....t= 0.0050373077392578125  s
starting sampling in reciprocal space....
finished sampling in reciprocal space....t= 0.004140615463256836  s
starting dispersion ..........
time to diag over MBZ 9.3612539768219
number of bands in density of states calculation, 2
sum of the hist, normed? 8.00000000000002
CHEMICAL POTENTIAL AND FILLING 0.0 0.0
starting sampling in reciprocal space....
finished sampling in reciprocal space....t= 0.004049539566040039  s
(1680,)
the bandwidth is ... 0.0056633365500721716
167.01user 4.49system 0:22.70elapsed 755%CPU (0avgtext+0avgdata 1374596maxresident)k
0inputs+224outputs (0major+2448296minor)pagefaults 0swaps
