starting sampling in reciprocal space....
finished sampling in reciprocal space....t= 0.05189061164855957  s
919 numer of sampling lattice points
taking 0 umklapps
hbvf is .. 2.7
q is... 0.08136812581299324
hvkd is... 0.21969393969508177
kappa is.. 0.75
alpha is.. 0.47793762607075957
the twist angle is .. 0.019425514574696892
phonon params 661601160341921.4 75.47204241858059 9434.005302322574
starting sampling in reciprocal space....
finished sampling in reciprocal space....t= 0.36298489570617676  s
starting sampling in reciprocal space....
finished sampling in reciprocal space....t= 0.36284756660461426  s
starting dispersion ..........
time to diag over MBZ 1898.612830400467
saving  ..........
number of bands in density of states calculation, 2
sum of the hist, normed? 8.00000000000007
CHEMICAL POTENTIAL AND FILLING 0.0 0.0
starting sampling in reciprocal space....
finished sampling in reciprocal space....t= 0.05252218246459961  s
starting sampling in reciprocal space....
finished sampling in reciprocal space....t= 0.05238771438598633  s
starting dispersion ..........
time to diag over MBZ 294.5317907333374
starting sampling in reciprocal space....
finished sampling in reciprocal space....t= 0.05155181884765625  s
(6433, 564, 2) (919, 564, 2) (6433,)
starting sampling in reciprocal space....
finished sampling in reciprocal space....t= 0.05203509330749512  s
(6433, 564, 2) (919, 564, 2) (6433,)
calculating tensor that stores the overlaps........
finsihed the overlaps.......... 15.00609040260315
calculating tensor that stores the overlaps........
finsihed the overlaps.......... 14.955703258514404
calculating tensor that stores the overlaps........
finsihed the overlaps.......... 14.983553171157837
calculating tensor that stores the overlaps........
finsihed the overlaps.......... 2.555143356323242
calculating tensor that stores the overlaps........
finsihed the overlaps.......... 14.997009992599487
calculating tensor that stores the overlaps........
finsihed the overlaps.......... 3.029672622680664
testing symmetry of the form factors...
plus valley form factor passed the C3 symmetry test with average difference...  8.109839646884072e-15
minus valley form factor passed the C3 symmetry test with average difference...  7.731918920203367e-15
finished testing symmetry of the form factors...
starting bubble....... 919
time for bubble... 29.698918342590332
effective speed of sound down renormalization...$-\Delta c$ 1892.7754935290477
residual of the fit... 0.07492061703756474
starting bubble....... 919
time for bubble... 29.77918243408203
effective speed of sound down renormalization...$-\Delta c$ 2011.2259980290141
residual of the fit... 0.004336143765065434
starting bubble....... 919
time for bubble... 30.167734146118164
effective speed of sound down renormalization...$-\Delta c$ 2437.1696197889514
residual of the fit... 0.00268503571142929
starting bubble....... 919
time for bubble... 30.111898183822632
effective speed of sound down renormalization...$-\Delta c$ 1978.3335076527865
residual of the fit... 0.03222209635464617
starting bubble....... 919
time for bubble... 30.097824573516846
effective speed of sound down renormalization...$-\Delta c$ 1376.1962622109354
residual of the fit... 0.05299040971305973
starting bubble....... 919
time for bubble... 30.09436297416687
effective speed of sound down renormalization...$-\Delta c$ 780.6559144559947
residual of the fit... 0.007742918808895291
starting bubble....... 919
time for bubble... 30.41523289680481
effective speed of sound down renormalization...$-\Delta c$ 236.61215629947355
residual of the fit... 0.031507891455340824
time for sweep delta 210.38278460502625
