starting sampling in reciprocal space....
finished sampling in reciprocal space....t= 0.05169105529785156  s
919 numer of sampling lattice points
taking 0 umklapps
hbvf is .. 2.7
q is... 0.07983292507592547
hvkd is... 0.2155488977049988
kappa is.. 0.75
alpha is.. 0.48712844796684357
the twist angle is .. 0.01905899543177808
phonon params 306532960523378.2
phonon params upsilon 3.831662006542227e+16
area ratio 0.0003632343114055934 0.0003632343114055933
correct factor by which the interaction is reduced 74.20301726274708
c tilde 1708.9661212491785
starting sampling in reciprocal space....
finished sampling in reciprocal space....t= 0.3646819591522217  s
starting sampling in reciprocal space....
finished sampling in reciprocal space....t= 0.36437106132507324  s
starting dispersion ..........
time to diag over MBZ 1985.447968006134
saving  ..........
number of bands in density of states calculation, 2
sum of the hist, normed? 7.999999999999965
CHEMICAL POTENTIAL AND FILLING 0.0 0.0
starting sampling in reciprocal space....
finished sampling in reciprocal space....t= 0.052607059478759766  s
starting sampling in reciprocal space....
finished sampling in reciprocal space....t= 0.053275346755981445  s
starting dispersion ..........
time to diag over MBZ 276.25965547561646
starting sampling in reciprocal space....
finished sampling in reciprocal space....t= 0.05225324630737305  s
(6433, 564, 2) (919, 564, 2) (6433,)
starting sampling in reciprocal space....
finished sampling in reciprocal space....t= 0.05219769477844238  s
(6433, 564, 2) (919, 564, 2) (6433,)
calculating tensor that stores the overlaps........
finsihed the overlaps.......... 17.9812593460083
calculating tensor that stores the overlaps........
finsihed the overlaps.......... 15.062017917633057
calculating tensor that stores the overlaps........
finsihed the overlaps.......... 18.22855830192566
calculating tensor that stores the overlaps........
finsihed the overlaps.......... 3.0041685104370117
calculating tensor that stores the overlaps........
finsihed the overlaps.......... 15.073760271072388
calculating tensor that stores the overlaps........
finsihed the overlaps.......... 2.913274049758911
testing symmetry of the form factors...
plus valley form factor passed the C3 symmetry test with average difference...  1.6110953371492491e-15
minus valley form factor passed the C3 symmetry test with average difference...  3.1800348407286803e-15
finished testing symmetry of the form factors...
starting bubble....... 919
time for bubble... 29.484596729278564
effective speed of sound down renormalization...$-\Delta c$ 1412.7047835045173
residual of the fit... 0.07421232139138566
starting bubble....... 919
time for bubble... 29.700600147247314
effective speed of sound down renormalization...$-\Delta c$ 1498.839924588438
residual of the fit... 0.00899536441188844
starting bubble....... 919
time for bubble... 29.683894157409668
effective speed of sound down renormalization...$-\Delta c$ 1803.68304511475
residual of the fit... 0.011910084938413949
starting bubble....... 919
time for bubble... 29.763596773147583
effective speed of sound down renormalization...$-\Delta c$ 1415.2694468634927
residual of the fit... 0.04792580121522055
starting bubble....... 919
time for bubble... 29.918025493621826
effective speed of sound down renormalization...$-\Delta c$ 1001.0802892670573
residual of the fit... 0.03881702354165862
starting bubble....... 919
time for bubble... 29.944552421569824
effective speed of sound down renormalization...$-\Delta c$ 579.7642589846756
residual of the fit... 0.0023241921910019175
starting bubble....... 919
time for bubble... 29.950078010559082
effective speed of sound down renormalization...$-\Delta c$ 174.26682529015
residual of the fit... 0.03272491947291091
time for sweep delta 208.4644455909729
