starting sampling in reciprocal space....
finished sampling in reciprocal space....t= 0.0507814884185791  s
919 numer of sampling lattice points
taking 0 umklapps
hbvf is .. 2.7
q is... 0.08290332381738826
hvkd is... 0.2238389743069483
kappa is.. 0.85
alpha is.. 0.4690872102371881
the twist angle is .. 0.0197920337176157
phonon params 712962649407612.5 72.70275071916421 9087.843839895526
starting sampling in reciprocal space....
finished sampling in reciprocal space....t= 0.36229681968688965  s
starting sampling in reciprocal space....
finished sampling in reciprocal space....t= 0.3634319305419922  s
starting dispersion ..........
time to diag over MBZ 2452.8087499141693
saving  ..........
number of bands in density of states calculation, 2
sum of the hist, normed? 7.999999999999909
CHEMICAL POTENTIAL AND FILLING 0.0 0.0
starting sampling in reciprocal space....
finished sampling in reciprocal space....t= 0.052214860916137695  s
starting sampling in reciprocal space....
finished sampling in reciprocal space....t= 0.05222153663635254  s
starting dispersion ..........
time to diag over MBZ 412.6463029384613
starting sampling in reciprocal space....
finished sampling in reciprocal space....t= 0.05225729942321777  s
(6433, 564, 2) (919, 564, 2) (6433,)
starting sampling in reciprocal space....
finished sampling in reciprocal space....t= 0.05170440673828125  s
(6433, 564, 2) (919, 564, 2) (6433,)
calculating tensor that stores the overlaps........
finsihed the overlaps.......... 16.153947830200195
calculating tensor that stores the overlaps........
finsihed the overlaps.......... 15.479623079299927
calculating tensor that stores the overlaps........
finsihed the overlaps.......... 15.98945426940918
calculating tensor that stores the overlaps........
finsihed the overlaps.......... 3.1075942516326904
calculating tensor that stores the overlaps........
finsihed the overlaps.......... 15.604042291641235
calculating tensor that stores the overlaps........
finsihed the overlaps.......... 3.642951011657715
testing symmetry of the form factors...
plus valley form factor passed the C3 symmetry test with average difference...  4.269733181824852e-15
minus valley form factor passed the C3 symmetry test with average difference...  2.0115386317131525e-15
finished testing symmetry of the form factors...
starting bubble....... 919
time for bubble... 29.352134704589844
effective speed of sound down renormalization...$-\Delta c$ 1908.1486521092668
residual of the fit... 0.07397008411166806
starting bubble....... 919
time for bubble... 29.45762872695923
effective speed of sound down renormalization...$-\Delta c$ 2059.4966823828277
residual of the fit... 0.033870440003713226
starting bubble....... 919
time for bubble... 29.49338984489441
effective speed of sound down renormalization...$-\Delta c$ 2658.488181297374
residual of the fit... 0.026041251268972533
starting bubble....... 919
time for bubble... 29.517317533493042
effective speed of sound down renormalization...$-\Delta c$ 1845.0708946412794
residual of the fit... 0.00885815531398495
starting bubble....... 919
time for bubble... 29.544297218322754
effective speed of sound down renormalization...$-\Delta c$ 1310.8736397593582
residual of the fit... 0.017697193204007634
starting bubble....... 919
time for bubble... 29.54014277458191
effective speed of sound down renormalization...$-\Delta c$ 899.8653547800319
residual of the fit... 0.0037606118722568376
starting bubble....... 919
time for bubble... 29.5417160987854
effective speed of sound down renormalization...$-\Delta c$ 260.3841691765062
residual of the fit... 0.01683089493347135
time for sweep delta 206.46611785888672
