starting sampling in reciprocal space....
finished sampling in reciprocal space....t= 0.05176043510437012  s
919 numer of sampling lattice points
taking 0 umklapps
hbvf is .. 2.7
q is... 0.08443851903755235
hvkd is... 0.22798400140139136
kappa is.. 0.75
alpha is.. 0.4605586328627321
the twist angle is .. 0.02015855286053451
phonon params 383629010679872.06
phonon params upsilon 4.795362633498401e+16
area ratio 0.00040635349242197795 0.00040635349242197763
correct factor by which the interaction is reduced 70.15570601031008
c tilde 1807.5570728041234
starting sampling in reciprocal space....
finished sampling in reciprocal space....t= 0.36324548721313477  s
starting sampling in reciprocal space....
finished sampling in reciprocal space....t= 0.36668825149536133  s
starting dispersion ..........
time to diag over MBZ 1893.3922176361084
saving  ..........
number of bands in density of states calculation, 2
sum of the hist, normed? 7.999999999999936
CHEMICAL POTENTIAL AND FILLING 0.0 0.0
starting sampling in reciprocal space....
finished sampling in reciprocal space....t= 0.05230259895324707  s
starting sampling in reciprocal space....
finished sampling in reciprocal space....t= 0.051833152770996094  s
starting dispersion ..........
time to diag over MBZ 287.97565841674805
starting sampling in reciprocal space....
finished sampling in reciprocal space....t= 0.05173850059509277  s
(6433, 564, 2) (919, 564, 2) (6433,)
starting sampling in reciprocal space....
finished sampling in reciprocal space....t= 0.051434993743896484  s
(6433, 564, 2) (919, 564, 2) (6433,)
calculating tensor that stores the overlaps........
finsihed the overlaps.......... 15.090534925460815
calculating tensor that stores the overlaps........
finsihed the overlaps.......... 15.028056859970093
calculating tensor that stores the overlaps........
finsihed the overlaps.......... 15.12298583984375
calculating tensor that stores the overlaps........
finsihed the overlaps.......... 2.985812187194824
calculating tensor that stores the overlaps........
finsihed the overlaps.......... 15.356135129928589
calculating tensor that stores the overlaps........
finsihed the overlaps.......... 2.904893398284912
testing symmetry of the form factors...
plus valley form factor passed the C3 symmetry test with average difference...  1.02543394006437e-15
minus valley form factor passed the C3 symmetry test with average difference...  2.6510771656501628e-15
finished testing symmetry of the form factors...
starting bubble....... 919
time for bubble... 29.329394817352295
effective speed of sound down renormalization...$-\Delta c$ 1231.682888729933
residual of the fit... 0.07574977436651985
starting bubble....... 919
time for bubble... 29.41939401626587
effective speed of sound down renormalization...$-\Delta c$ 1293.5450811863604
residual of the fit... 0.014810004465236153
starting bubble....... 919
time for bubble... 29.41526222229004
effective speed of sound down renormalization...$-\Delta c$ 1575.3744356815546
residual of the fit... 0.02600659474548382
starting bubble....... 919
time for bubble... 29.372541904449463
effective speed of sound down renormalization...$-\Delta c$ 1250.4513464662123
residual of the fit... 0.03466280168011887
starting bubble....... 919
time for bubble... 29.527217149734497
effective speed of sound down renormalization...$-\Delta c$ 893.3315712018009
residual of the fit... 0.08167995388337235
starting bubble....... 919
time for bubble... 29.473602771759033
effective speed of sound down renormalization...$-\Delta c$ 524.043449715934
residual of the fit... 0.003125705085928485
starting bubble....... 919
time for bubble... 29.42077112197876
effective speed of sound down renormalization...$-\Delta c$ 158.3868235744027
residual of the fit... 0.028792736264857576
time for sweep delta 205.97766709327698
