starting sampling in reciprocal space....
finished sampling in reciprocal space....t= 0.022983312606811523  s
91 numer of sampling lattice points
taking 0 umklapps
hbvf is .. 2.7
q is... 0.0721568822050364
hvkd is... 0.19482358195359828
kappa is.. 1
alpha is.. 0.5389491300134712
the twist angle is .. 0.01722639971718403
starting sampling in reciprocal space....
finished sampling in reciprocal space....t= 0.0049207210540771484  s
starting sampling in reciprocal space....
finished sampling in reciprocal space....t= 0.017516374588012695  s
starting dispersion ..........
time to diag over MBZ 237.704918384552
number of bands in density of states calculation, 2
sum of the hist, normed? 7.9999999999999885
CHEMICAL POTENTIAL AND FILLING 0.0 0.0
starting sampling in reciprocal space....
finished sampling in reciprocal space....t= 0.005020618438720703  s
(1680,)
the bandwidth is ... 0.0141434805128755
417.33user 27.69system 9:16.48elapsed 79%CPU (0avgtext+0avgdata 1373460maxresident)k
0inputs+200outputs (0major+2447346minor)pagefaults 0swaps
