starting sampling in reciprocal space....
finished sampling in reciprocal space....t= 0.008133411407470703  s
91 numer of sampling lattice points
taking 0 umklapps
hbvf is .. 2.3382685902179845
q is... 0.08187985878730153
hvkd is... 0.1914571019738312
kappa is.. 0.3
alpha is.. 0.5484257252277412
the twist angle is .. 0.019547687622336492
starting sampling in reciprocal space....
finished sampling in reciprocal space....t= 0.004197835922241211  s
starting sampling in reciprocal space....
finished sampling in reciprocal space....t= 0.0051043033599853516  s
starting dispersion ..........
time to diag over MBZ 8.784040212631226
number of bands in density of states calculation, 2
sum of the hist, normed? 8.000000000000005
CHEMICAL POTENTIAL AND FILLING 0.0 0.0
starting sampling in reciprocal space....
finished sampling in reciprocal space....t= 0.004158496856689453  s
(1680,)
the bandwidth is ... 0.01819395683114167
155.32user 4.03system 0:21.08elapsed 755%CPU (0avgtext+0avgdata 1374136maxresident)k
0inputs+216outputs (0major+2447563minor)pagefaults 0swaps
