starting sampling in reciprocal space....
finished sampling in reciprocal space....t= 0.008403301239013672  s
91 numer of sampling lattice points
taking 0 umklapps
hbvf is .. 2.3382685902179845
q is... 0.07968671534127658
hvkd is... 0.18632894354014862
kappa is.. 0.75
alpha is.. 0.5635195370351868
the twist angle is .. 0.01902408884673819
starting sampling in reciprocal space....
finished sampling in reciprocal space....t= 0.0044705867767333984  s
starting sampling in reciprocal space....
finished sampling in reciprocal space....t= 0.004150867462158203  s
starting dispersion ..........
time to diag over MBZ 9.230830669403076
number of bands in density of states calculation, 2
sum of the hist, normed? 8.000000000000016
CHEMICAL POTENTIAL AND FILLING 0.0 0.0
starting sampling in reciprocal space....
finished sampling in reciprocal space....t= 0.004041910171508789  s
(1680,)
the bandwidth is ... 0.006256827684803911
167.21user 4.41system 0:22.67elapsed 756%CPU (0avgtext+0avgdata 1374088maxresident)k
0inputs+208outputs (0major+2447406minor)pagefaults 0swaps
