starting sampling in reciprocal space....
finished sampling in reciprocal space....t= 0.008083820343017578  s
91 numer of sampling lattice points
taking 0 umklapps
hbvf is .. 2.3382685902179845
q is... 0.08187985878730153
hvkd is... 0.1914571019738312
kappa is.. 0.3
alpha is.. 0.5484257252277412
the twist angle is .. 0.019547687622336492
starting sampling in reciprocal space....
finished sampling in reciprocal space....t= 0.004178285598754883  s
starting sampling in reciprocal space....
finished sampling in reciprocal space....t= 0.004256010055541992  s
starting dispersion ..........
time to diag over MBZ 8.409794807434082
number of bands in density of states calculation, 2
sum of the hist, normed? 8.000000000000005
CHEMICAL POTENTIAL AND FILLING 0.0 0.0
starting sampling in reciprocal space....
finished sampling in reciprocal space....t= 0.0040132999420166016  s
(1680,)
the bandwidth is ... 0.01819395683114167
151.07user 3.47system 0:20.40elapsed 757%CPU (0avgtext+0avgdata 1372620maxresident)k
0inputs+176outputs (0major+2447589minor)pagefaults 0swaps
